[2025-02-17T22:15:39.421-0700] {processor.py:157} INFO - Started process (PID=148402) to work on /home/jparep/miniconda3/envs/dbt-env/lib/python3.11/site-packages/airflow/example_dags/example_external_task_marker_dag.py
[2025-02-17T22:15:39.422-0700] {processor.py:829} INFO - Processing file /home/jparep/miniconda3/envs/dbt-env/lib/python3.11/site-packages/airflow/example_dags/example_external_task_marker_dag.py for tasks to queue
[2025-02-17T22:15:39.423-0700] {logging_mixin.py:154} INFO - [2025-02-17T22:15:39.422-0700] {dagbag.py:536} INFO - Filling up the DagBag from /home/jparep/miniconda3/envs/dbt-env/lib/python3.11/site-packages/airflow/example_dags/example_external_task_marker_dag.py
[2025-02-17T22:15:39.433-0700] {processor.py:839} INFO - DAG(s) dict_keys(['example_external_task_marker_child', 'example_external_task_marker_parent']) retrieved from /home/jparep/miniconda3/envs/dbt-env/lib/python3.11/site-packages/airflow/example_dags/example_external_task_marker_dag.py
[2025-02-17T22:15:39.574-0700] {logging_mixin.py:154} INFO - [2025-02-17T22:15:39.574-0700] {manager.py:499} INFO - Created Permission View: %s
[2025-02-17T22:15:39.599-0700] {logging_mixin.py:154} INFO - [2025-02-17T22:15:39.599-0700] {manager.py:499} INFO - Created Permission View: %s
[2025-02-17T22:15:39.628-0700] {logging_mixin.py:154} INFO - [2025-02-17T22:15:39.628-0700] {manager.py:499} INFO - Created Permission View: %s
[2025-02-17T22:15:39.682-0700] {logging_mixin.py:154} INFO - [2025-02-17T22:15:39.682-0700] {manager.py:499} INFO - Created Permission View: %s
[2025-02-17T22:15:39.695-0700] {logging_mixin.py:154} INFO - [2025-02-17T22:15:39.694-0700] {manager.py:499} INFO - Created Permission View: %s
[2025-02-17T22:15:39.707-0700] {logging_mixin.py:154} INFO - [2025-02-17T22:15:39.707-0700] {manager.py:499} INFO - Created Permission View: %s
[2025-02-17T22:15:39.707-0700] {logging_mixin.py:154} INFO - [2025-02-17T22:15:39.707-0700] {dag.py:2941} INFO - Sync 2 DAGs
[2025-02-17T22:15:39.845-0700] {logging_mixin.py:154} INFO - [2025-02-17T22:15:39.845-0700] {dag.py:2963} INFO - Creating ORM DAG for example_external_task_marker_parent
[2025-02-17T22:15:39.845-0700] {logging_mixin.py:154} INFO - [2025-02-17T22:15:39.845-0700] {dag.py:2963} INFO - Creating ORM DAG for example_external_task_marker_child
[2025-02-17T22:15:39.846-0700] {logging_mixin.py:154} INFO - [2025-02-17T22:15:39.846-0700] {dag.py:3722} INFO - Setting next_dagrun for example_external_task_marker_child to None, run_after=None
[2025-02-17T22:15:39.847-0700] {logging_mixin.py:154} INFO - [2025-02-17T22:15:39.846-0700] {dag.py:3722} INFO - Setting next_dagrun for example_external_task_marker_parent to None, run_after=None
[2025-02-17T22:15:39.874-0700] {processor.py:179} INFO - Processing /home/jparep/miniconda3/envs/dbt-env/lib/python3.11/site-packages/airflow/example_dags/example_external_task_marker_dag.py took 0.456 seconds
[2025-02-17T22:16:39.532-0700] {processor.py:157} INFO - Started process (PID=148788) to work on /home/jparep/miniconda3/envs/dbt-env/lib/python3.11/site-packages/airflow/example_dags/example_external_task_marker_dag.py
[2025-02-17T22:16:39.534-0700] {processor.py:829} INFO - Processing file /home/jparep/miniconda3/envs/dbt-env/lib/python3.11/site-packages/airflow/example_dags/example_external_task_marker_dag.py for tasks to queue
[2025-02-17T22:16:39.537-0700] {logging_mixin.py:154} INFO - [2025-02-17T22:16:39.535-0700] {dagbag.py:536} INFO - Filling up the DagBag from /home/jparep/miniconda3/envs/dbt-env/lib/python3.11/site-packages/airflow/example_dags/example_external_task_marker_dag.py
[2025-02-17T22:16:39.545-0700] {processor.py:839} INFO - DAG(s) dict_keys(['example_external_task_marker_child', 'example_external_task_marker_parent']) retrieved from /home/jparep/miniconda3/envs/dbt-env/lib/python3.11/site-packages/airflow/example_dags/example_external_task_marker_dag.py
[2025-02-17T22:16:39.572-0700] {logging_mixin.py:154} INFO - [2025-02-17T22:16:39.572-0700] {dag.py:2941} INFO - Sync 2 DAGs
[2025-02-17T22:16:39.583-0700] {logging_mixin.py:154} INFO - [2025-02-17T22:16:39.583-0700] {dag.py:3722} INFO - Setting next_dagrun for example_external_task_marker_child to None, run_after=None
[2025-02-17T22:16:39.586-0700] {logging_mixin.py:154} INFO - [2025-02-17T22:16:39.586-0700] {dag.py:3722} INFO - Setting next_dagrun for example_external_task_marker_parent to None, run_after=None
[2025-02-17T22:16:39.699-0700] {processor.py:179} INFO - Processing /home/jparep/miniconda3/envs/dbt-env/lib/python3.11/site-packages/airflow/example_dags/example_external_task_marker_dag.py took 0.172 seconds
[2025-02-17T22:17:25.898-0700] {processor.py:157} INFO - Started process (PID=149203) to work on /home/jparep/miniconda3/envs/dbt-env/lib/python3.11/site-packages/airflow/example_dags/example_external_task_marker_dag.py
[2025-02-17T22:17:25.901-0700] {processor.py:829} INFO - Processing file /home/jparep/miniconda3/envs/dbt-env/lib/python3.11/site-packages/airflow/example_dags/example_external_task_marker_dag.py for tasks to queue
[2025-02-17T22:17:25.902-0700] {logging_mixin.py:154} INFO - [2025-02-17T22:17:25.902-0700] {dagbag.py:536} INFO - Filling up the DagBag from /home/jparep/miniconda3/envs/dbt-env/lib/python3.11/site-packages/airflow/example_dags/example_external_task_marker_dag.py
[2025-02-17T22:17:25.916-0700] {processor.py:839} INFO - DAG(s) dict_keys(['example_external_task_marker_child', 'example_external_task_marker_parent']) retrieved from /home/jparep/miniconda3/envs/dbt-env/lib/python3.11/site-packages/airflow/example_dags/example_external_task_marker_dag.py
[2025-02-17T22:17:26.089-0700] {logging_mixin.py:154} INFO - [2025-02-17T22:17:26.089-0700] {dag.py:2941} INFO - Sync 2 DAGs
[2025-02-17T22:17:26.104-0700] {logging_mixin.py:154} INFO - [2025-02-17T22:17:26.104-0700] {dag.py:3722} INFO - Setting next_dagrun for example_external_task_marker_child to None, run_after=None
[2025-02-17T22:17:26.108-0700] {logging_mixin.py:154} INFO - [2025-02-17T22:17:26.108-0700] {dag.py:3722} INFO - Setting next_dagrun for example_external_task_marker_parent to None, run_after=None
[2025-02-17T22:17:26.126-0700] {processor.py:179} INFO - Processing /home/jparep/miniconda3/envs/dbt-env/lib/python3.11/site-packages/airflow/example_dags/example_external_task_marker_dag.py took 0.233 seconds
[2025-02-17T22:18:10.175-0700] {processor.py:157} INFO - Started process (PID=149497) to work on /home/jparep/miniconda3/envs/dbt-env/lib/python3.11/site-packages/airflow/example_dags/example_external_task_marker_dag.py
[2025-02-17T22:18:10.177-0700] {processor.py:829} INFO - Processing file /home/jparep/miniconda3/envs/dbt-env/lib/python3.11/site-packages/airflow/example_dags/example_external_task_marker_dag.py for tasks to queue
[2025-02-17T22:18:10.178-0700] {logging_mixin.py:154} INFO - [2025-02-17T22:18:10.178-0700] {dagbag.py:536} INFO - Filling up the DagBag from /home/jparep/miniconda3/envs/dbt-env/lib/python3.11/site-packages/airflow/example_dags/example_external_task_marker_dag.py
[2025-02-17T22:18:10.187-0700] {processor.py:839} INFO - DAG(s) dict_keys(['example_external_task_marker_parent', 'example_external_task_marker_child']) retrieved from /home/jparep/miniconda3/envs/dbt-env/lib/python3.11/site-packages/airflow/example_dags/example_external_task_marker_dag.py
[2025-02-17T22:18:10.205-0700] {logging_mixin.py:154} INFO - [2025-02-17T22:18:10.205-0700] {dag.py:2941} INFO - Sync 2 DAGs
[2025-02-17T22:18:10.218-0700] {logging_mixin.py:154} INFO - [2025-02-17T22:18:10.218-0700] {dag.py:3722} INFO - Setting next_dagrun for example_external_task_marker_child to None, run_after=None
[2025-02-17T22:18:10.221-0700] {logging_mixin.py:154} INFO - [2025-02-17T22:18:10.221-0700] {dag.py:3722} INFO - Setting next_dagrun for example_external_task_marker_parent to None, run_after=None
[2025-02-17T22:18:10.239-0700] {processor.py:179} INFO - Processing /home/jparep/miniconda3/envs/dbt-env/lib/python3.11/site-packages/airflow/example_dags/example_external_task_marker_dag.py took 0.070 seconds
[2025-02-17T22:18:51.569-0700] {processor.py:157} INFO - Started process (PID=149914) to work on /home/jparep/miniconda3/envs/dbt-env/lib/python3.11/site-packages/airflow/example_dags/example_external_task_marker_dag.py
[2025-02-17T22:18:51.572-0700] {processor.py:829} INFO - Processing file /home/jparep/miniconda3/envs/dbt-env/lib/python3.11/site-packages/airflow/example_dags/example_external_task_marker_dag.py for tasks to queue
[2025-02-17T22:18:51.573-0700] {logging_mixin.py:154} INFO - [2025-02-17T22:18:51.572-0700] {dagbag.py:536} INFO - Filling up the DagBag from /home/jparep/miniconda3/envs/dbt-env/lib/python3.11/site-packages/airflow/example_dags/example_external_task_marker_dag.py
[2025-02-17T22:18:51.581-0700] {processor.py:839} INFO - DAG(s) dict_keys(['example_external_task_marker_parent', 'example_external_task_marker_child']) retrieved from /home/jparep/miniconda3/envs/dbt-env/lib/python3.11/site-packages/airflow/example_dags/example_external_task_marker_dag.py
[2025-02-17T22:18:51.611-0700] {logging_mixin.py:154} INFO - [2025-02-17T22:18:51.610-0700] {dag.py:2941} INFO - Sync 2 DAGs
[2025-02-17T22:18:51.623-0700] {logging_mixin.py:154} INFO - [2025-02-17T22:18:51.623-0700] {dag.py:3722} INFO - Setting next_dagrun for example_external_task_marker_child to None, run_after=None
[2025-02-17T22:18:51.626-0700] {logging_mixin.py:154} INFO - [2025-02-17T22:18:51.626-0700] {dag.py:3722} INFO - Setting next_dagrun for example_external_task_marker_parent to None, run_after=None
[2025-02-17T22:18:51.641-0700] {processor.py:179} INFO - Processing /home/jparep/miniconda3/envs/dbt-env/lib/python3.11/site-packages/airflow/example_dags/example_external_task_marker_dag.py took 0.075 seconds
[2025-02-17T22:19:27.433-0700] {processor.py:157} INFO - Started process (PID=150153) to work on /home/jparep/miniconda3/envs/dbt-env/lib/python3.11/site-packages/airflow/example_dags/example_external_task_marker_dag.py
[2025-02-17T22:19:27.435-0700] {processor.py:829} INFO - Processing file /home/jparep/miniconda3/envs/dbt-env/lib/python3.11/site-packages/airflow/example_dags/example_external_task_marker_dag.py for tasks to queue
[2025-02-17T22:19:27.435-0700] {logging_mixin.py:154} INFO - [2025-02-17T22:19:27.435-0700] {dagbag.py:536} INFO - Filling up the DagBag from /home/jparep/miniconda3/envs/dbt-env/lib/python3.11/site-packages/airflow/example_dags/example_external_task_marker_dag.py
[2025-02-17T22:19:27.440-0700] {processor.py:839} INFO - DAG(s) dict_keys(['example_external_task_marker_child', 'example_external_task_marker_parent']) retrieved from /home/jparep/miniconda3/envs/dbt-env/lib/python3.11/site-packages/airflow/example_dags/example_external_task_marker_dag.py
[2025-02-17T22:19:27.455-0700] {logging_mixin.py:154} INFO - [2025-02-17T22:19:27.455-0700] {dag.py:2941} INFO - Sync 2 DAGs
[2025-02-17T22:19:27.464-0700] {logging_mixin.py:154} INFO - [2025-02-17T22:19:27.463-0700] {dag.py:3722} INFO - Setting next_dagrun for example_external_task_marker_child to None, run_after=None
[2025-02-17T22:19:27.465-0700] {logging_mixin.py:154} INFO - [2025-02-17T22:19:27.465-0700] {dag.py:3722} INFO - Setting next_dagrun for example_external_task_marker_parent to None, run_after=None
[2025-02-17T22:19:27.479-0700] {processor.py:179} INFO - Processing /home/jparep/miniconda3/envs/dbt-env/lib/python3.11/site-packages/airflow/example_dags/example_external_task_marker_dag.py took 0.048 seconds
[2025-02-17T22:20:07.890-0700] {processor.py:157} INFO - Started process (PID=150581) to work on /home/jparep/miniconda3/envs/dbt-env/lib/python3.11/site-packages/airflow/example_dags/example_external_task_marker_dag.py
[2025-02-17T22:20:07.893-0700] {processor.py:829} INFO - Processing file /home/jparep/miniconda3/envs/dbt-env/lib/python3.11/site-packages/airflow/example_dags/example_external_task_marker_dag.py for tasks to queue
[2025-02-17T22:20:07.895-0700] {logging_mixin.py:154} INFO - [2025-02-17T22:20:07.894-0700] {dagbag.py:536} INFO - Filling up the DagBag from /home/jparep/miniconda3/envs/dbt-env/lib/python3.11/site-packages/airflow/example_dags/example_external_task_marker_dag.py
[2025-02-17T22:20:07.905-0700] {processor.py:839} INFO - DAG(s) dict_keys(['example_external_task_marker_child', 'example_external_task_marker_parent']) retrieved from /home/jparep/miniconda3/envs/dbt-env/lib/python3.11/site-packages/airflow/example_dags/example_external_task_marker_dag.py
[2025-02-17T22:20:07.933-0700] {logging_mixin.py:154} INFO - [2025-02-17T22:20:07.933-0700] {dag.py:2941} INFO - Sync 2 DAGs
[2025-02-17T22:20:07.946-0700] {logging_mixin.py:154} INFO - [2025-02-17T22:20:07.946-0700] {dag.py:3722} INFO - Setting next_dagrun for example_external_task_marker_child to None, run_after=None
[2025-02-17T22:20:07.949-0700] {logging_mixin.py:154} INFO - [2025-02-17T22:20:07.948-0700] {dag.py:3722} INFO - Setting next_dagrun for example_external_task_marker_parent to None, run_after=None
[2025-02-17T22:20:07.977-0700] {processor.py:179} INFO - Processing /home/jparep/miniconda3/envs/dbt-env/lib/python3.11/site-packages/airflow/example_dags/example_external_task_marker_dag.py took 0.091 seconds
[2025-02-17T22:20:46.539-0700] {processor.py:157} INFO - Started process (PID=151007) to work on /home/jparep/miniconda3/envs/dbt-env/lib/python3.11/site-packages/airflow/example_dags/example_external_task_marker_dag.py
[2025-02-17T22:20:46.542-0700] {processor.py:829} INFO - Processing file /home/jparep/miniconda3/envs/dbt-env/lib/python3.11/site-packages/airflow/example_dags/example_external_task_marker_dag.py for tasks to queue
[2025-02-17T22:20:46.543-0700] {logging_mixin.py:154} INFO - [2025-02-17T22:20:46.542-0700] {dagbag.py:536} INFO - Filling up the DagBag from /home/jparep/miniconda3/envs/dbt-env/lib/python3.11/site-packages/airflow/example_dags/example_external_task_marker_dag.py
[2025-02-17T22:20:46.551-0700] {processor.py:839} INFO - DAG(s) dict_keys(['example_external_task_marker_parent', 'example_external_task_marker_child']) retrieved from /home/jparep/miniconda3/envs/dbt-env/lib/python3.11/site-packages/airflow/example_dags/example_external_task_marker_dag.py
[2025-02-17T22:20:46.577-0700] {logging_mixin.py:154} INFO - [2025-02-17T22:20:46.577-0700] {dag.py:2941} INFO - Sync 2 DAGs
[2025-02-17T22:20:46.590-0700] {logging_mixin.py:154} INFO - [2025-02-17T22:20:46.590-0700] {dag.py:3722} INFO - Setting next_dagrun for example_external_task_marker_child to None, run_after=None
[2025-02-17T22:20:46.593-0700] {logging_mixin.py:154} INFO - [2025-02-17T22:20:46.593-0700] {dag.py:3722} INFO - Setting next_dagrun for example_external_task_marker_parent to None, run_after=None
[2025-02-17T22:20:46.615-0700] {processor.py:179} INFO - Processing /home/jparep/miniconda3/envs/dbt-env/lib/python3.11/site-packages/airflow/example_dags/example_external_task_marker_dag.py took 0.081 seconds
[2025-02-17T22:21:23.333-0700] {processor.py:157} INFO - Started process (PID=151241) to work on /home/jparep/miniconda3/envs/dbt-env/lib/python3.11/site-packages/airflow/example_dags/example_external_task_marker_dag.py
[2025-02-17T22:21:23.335-0700] {processor.py:829} INFO - Processing file /home/jparep/miniconda3/envs/dbt-env/lib/python3.11/site-packages/airflow/example_dags/example_external_task_marker_dag.py for tasks to queue
[2025-02-17T22:21:23.337-0700] {logging_mixin.py:154} INFO - [2025-02-17T22:21:23.336-0700] {dagbag.py:536} INFO - Filling up the DagBag from /home/jparep/miniconda3/envs/dbt-env/lib/python3.11/site-packages/airflow/example_dags/example_external_task_marker_dag.py
[2025-02-17T22:21:23.345-0700] {processor.py:839} INFO - DAG(s) dict_keys(['example_external_task_marker_parent', 'example_external_task_marker_child']) retrieved from /home/jparep/miniconda3/envs/dbt-env/lib/python3.11/site-packages/airflow/example_dags/example_external_task_marker_dag.py
[2025-02-17T22:21:23.372-0700] {logging_mixin.py:154} INFO - [2025-02-17T22:21:23.372-0700] {dag.py:2941} INFO - Sync 2 DAGs
[2025-02-17T22:21:23.388-0700] {logging_mixin.py:154} INFO - [2025-02-17T22:21:23.387-0700] {dag.py:3722} INFO - Setting next_dagrun for example_external_task_marker_child to None, run_after=None
[2025-02-17T22:21:23.391-0700] {logging_mixin.py:154} INFO - [2025-02-17T22:21:23.391-0700] {dag.py:3722} INFO - Setting next_dagrun for example_external_task_marker_parent to None, run_after=None
[2025-02-17T22:21:23.416-0700] {processor.py:179} INFO - Processing /home/jparep/miniconda3/envs/dbt-env/lib/python3.11/site-packages/airflow/example_dags/example_external_task_marker_dag.py took 0.088 seconds
[2025-02-17T22:21:56.327-0700] {processor.py:157} INFO - Started process (PID=151590) to work on /home/jparep/miniconda3/envs/dbt-env/lib/python3.11/site-packages/airflow/example_dags/example_external_task_marker_dag.py
[2025-02-17T22:21:56.330-0700] {processor.py:829} INFO - Processing file /home/jparep/miniconda3/envs/dbt-env/lib/python3.11/site-packages/airflow/example_dags/example_external_task_marker_dag.py for tasks to queue
[2025-02-17T22:21:56.332-0700] {logging_mixin.py:154} INFO - [2025-02-17T22:21:56.331-0700] {dagbag.py:536} INFO - Filling up the DagBag from /home/jparep/miniconda3/envs/dbt-env/lib/python3.11/site-packages/airflow/example_dags/example_external_task_marker_dag.py
[2025-02-17T22:21:56.342-0700] {processor.py:839} INFO - DAG(s) dict_keys(['example_external_task_marker_parent', 'example_external_task_marker_child']) retrieved from /home/jparep/miniconda3/envs/dbt-env/lib/python3.11/site-packages/airflow/example_dags/example_external_task_marker_dag.py
[2025-02-17T22:21:56.370-0700] {logging_mixin.py:154} INFO - [2025-02-17T22:21:56.370-0700] {dag.py:2941} INFO - Sync 2 DAGs
[2025-02-17T22:21:56.380-0700] {logging_mixin.py:154} INFO - [2025-02-17T22:21:56.380-0700] {dag.py:3722} INFO - Setting next_dagrun for example_external_task_marker_child to None, run_after=None
[2025-02-17T22:21:56.384-0700] {logging_mixin.py:154} INFO - [2025-02-17T22:21:56.383-0700] {dag.py:3722} INFO - Setting next_dagrun for example_external_task_marker_parent to None, run_after=None
[2025-02-17T22:21:56.416-0700] {processor.py:179} INFO - Processing /home/jparep/miniconda3/envs/dbt-env/lib/python3.11/site-packages/airflow/example_dags/example_external_task_marker_dag.py took 0.093 seconds
[2025-02-17T22:22:32.219-0700] {processor.py:157} INFO - Started process (PID=151733) to work on /home/jparep/miniconda3/envs/dbt-env/lib/python3.11/site-packages/airflow/example_dags/example_external_task_marker_dag.py
[2025-02-17T22:22:32.221-0700] {processor.py:829} INFO - Processing file /home/jparep/miniconda3/envs/dbt-env/lib/python3.11/site-packages/airflow/example_dags/example_external_task_marker_dag.py for tasks to queue
[2025-02-17T22:22:32.223-0700] {logging_mixin.py:154} INFO - [2025-02-17T22:22:32.222-0700] {dagbag.py:536} INFO - Filling up the DagBag from /home/jparep/miniconda3/envs/dbt-env/lib/python3.11/site-packages/airflow/example_dags/example_external_task_marker_dag.py
[2025-02-17T22:22:32.232-0700] {processor.py:839} INFO - DAG(s) dict_keys(['example_external_task_marker_child', 'example_external_task_marker_parent']) retrieved from /home/jparep/miniconda3/envs/dbt-env/lib/python3.11/site-packages/airflow/example_dags/example_external_task_marker_dag.py
[2025-02-17T22:22:32.258-0700] {logging_mixin.py:154} INFO - [2025-02-17T22:22:32.258-0700] {dag.py:2941} INFO - Sync 2 DAGs
[2025-02-17T22:22:32.271-0700] {logging_mixin.py:154} INFO - [2025-02-17T22:22:32.271-0700] {dag.py:3722} INFO - Setting next_dagrun for example_external_task_marker_child to None, run_after=None
[2025-02-17T22:22:32.275-0700] {logging_mixin.py:154} INFO - [2025-02-17T22:22:32.275-0700] {dag.py:3722} INFO - Setting next_dagrun for example_external_task_marker_parent to None, run_after=None
[2025-02-17T22:22:32.295-0700] {processor.py:179} INFO - Processing /home/jparep/miniconda3/envs/dbt-env/lib/python3.11/site-packages/airflow/example_dags/example_external_task_marker_dag.py took 0.080 seconds
[2025-02-17T22:23:06.933-0700] {processor.py:157} INFO - Started process (PID=152046) to work on /home/jparep/miniconda3/envs/dbt-env/lib/python3.11/site-packages/airflow/example_dags/example_external_task_marker_dag.py
[2025-02-17T22:23:06.936-0700] {processor.py:829} INFO - Processing file /home/jparep/miniconda3/envs/dbt-env/lib/python3.11/site-packages/airflow/example_dags/example_external_task_marker_dag.py for tasks to queue
[2025-02-17T22:23:06.937-0700] {logging_mixin.py:154} INFO - [2025-02-17T22:23:06.936-0700] {dagbag.py:536} INFO - Filling up the DagBag from /home/jparep/miniconda3/envs/dbt-env/lib/python3.11/site-packages/airflow/example_dags/example_external_task_marker_dag.py
[2025-02-17T22:23:06.945-0700] {processor.py:839} INFO - DAG(s) dict_keys(['example_external_task_marker_parent', 'example_external_task_marker_child']) retrieved from /home/jparep/miniconda3/envs/dbt-env/lib/python3.11/site-packages/airflow/example_dags/example_external_task_marker_dag.py
[2025-02-17T22:23:06.975-0700] {logging_mixin.py:154} INFO - [2025-02-17T22:23:06.975-0700] {dag.py:2941} INFO - Sync 2 DAGs
[2025-02-17T22:23:06.987-0700] {logging_mixin.py:154} INFO - [2025-02-17T22:23:06.986-0700] {dag.py:3722} INFO - Setting next_dagrun for example_external_task_marker_child to None, run_after=None
[2025-02-17T22:23:06.989-0700] {logging_mixin.py:154} INFO - [2025-02-17T22:23:06.989-0700] {dag.py:3722} INFO - Setting next_dagrun for example_external_task_marker_parent to None, run_after=None
[2025-02-17T22:23:07.008-0700] {processor.py:179} INFO - Processing /home/jparep/miniconda3/envs/dbt-env/lib/python3.11/site-packages/airflow/example_dags/example_external_task_marker_dag.py took 0.079 seconds
[2025-02-17T22:23:43.123-0700] {processor.py:157} INFO - Started process (PID=152285) to work on /home/jparep/miniconda3/envs/dbt-env/lib/python3.11/site-packages/airflow/example_dags/example_external_task_marker_dag.py
[2025-02-17T22:23:43.125-0700] {processor.py:829} INFO - Processing file /home/jparep/miniconda3/envs/dbt-env/lib/python3.11/site-packages/airflow/example_dags/example_external_task_marker_dag.py for tasks to queue
[2025-02-17T22:23:43.127-0700] {logging_mixin.py:154} INFO - [2025-02-17T22:23:43.126-0700] {dagbag.py:536} INFO - Filling up the DagBag from /home/jparep/miniconda3/envs/dbt-env/lib/python3.11/site-packages/airflow/example_dags/example_external_task_marker_dag.py
[2025-02-17T22:23:43.136-0700] {processor.py:839} INFO - DAG(s) dict_keys(['example_external_task_marker_child', 'example_external_task_marker_parent']) retrieved from /home/jparep/miniconda3/envs/dbt-env/lib/python3.11/site-packages/airflow/example_dags/example_external_task_marker_dag.py
[2025-02-17T22:23:43.162-0700] {logging_mixin.py:154} INFO - [2025-02-17T22:23:43.162-0700] {dag.py:2941} INFO - Sync 2 DAGs
[2025-02-17T22:23:43.173-0700] {logging_mixin.py:154} INFO - [2025-02-17T22:23:43.173-0700] {dag.py:3722} INFO - Setting next_dagrun for example_external_task_marker_child to None, run_after=None
[2025-02-17T22:23:43.175-0700] {logging_mixin.py:154} INFO - [2025-02-17T22:23:43.175-0700] {dag.py:3722} INFO - Setting next_dagrun for example_external_task_marker_parent to None, run_after=None
[2025-02-17T22:23:43.193-0700] {processor.py:179} INFO - Processing /home/jparep/miniconda3/envs/dbt-env/lib/python3.11/site-packages/airflow/example_dags/example_external_task_marker_dag.py took 0.074 seconds
[2025-02-17T22:24:20.523-0700] {processor.py:157} INFO - Started process (PID=152700) to work on /home/jparep/miniconda3/envs/dbt-env/lib/python3.11/site-packages/airflow/example_dags/example_external_task_marker_dag.py
[2025-02-17T22:24:20.526-0700] {processor.py:829} INFO - Processing file /home/jparep/miniconda3/envs/dbt-env/lib/python3.11/site-packages/airflow/example_dags/example_external_task_marker_dag.py for tasks to queue
[2025-02-17T22:24:20.527-0700] {logging_mixin.py:154} INFO - [2025-02-17T22:24:20.526-0700] {dagbag.py:536} INFO - Filling up the DagBag from /home/jparep/miniconda3/envs/dbt-env/lib/python3.11/site-packages/airflow/example_dags/example_external_task_marker_dag.py
[2025-02-17T22:24:20.535-0700] {processor.py:839} INFO - DAG(s) dict_keys(['example_external_task_marker_parent', 'example_external_task_marker_child']) retrieved from /home/jparep/miniconda3/envs/dbt-env/lib/python3.11/site-packages/airflow/example_dags/example_external_task_marker_dag.py
[2025-02-17T22:24:20.560-0700] {logging_mixin.py:154} INFO - [2025-02-17T22:24:20.560-0700] {dag.py:2941} INFO - Sync 2 DAGs
[2025-02-17T22:24:20.571-0700] {logging_mixin.py:154} INFO - [2025-02-17T22:24:20.571-0700] {dag.py:3722} INFO - Setting next_dagrun for example_external_task_marker_child to None, run_after=None
[2025-02-17T22:24:20.573-0700] {logging_mixin.py:154} INFO - [2025-02-17T22:24:20.573-0700] {dag.py:3722} INFO - Setting next_dagrun for example_external_task_marker_parent to None, run_after=None
[2025-02-17T22:24:20.593-0700] {processor.py:179} INFO - Processing /home/jparep/miniconda3/envs/dbt-env/lib/python3.11/site-packages/airflow/example_dags/example_external_task_marker_dag.py took 0.074 seconds
[2025-02-17T22:24:55.448-0700] {processor.py:157} INFO - Started process (PID=152967) to work on /home/jparep/miniconda3/envs/dbt-env/lib/python3.11/site-packages/airflow/example_dags/example_external_task_marker_dag.py
[2025-02-17T22:24:55.449-0700] {processor.py:829} INFO - Processing file /home/jparep/miniconda3/envs/dbt-env/lib/python3.11/site-packages/airflow/example_dags/example_external_task_marker_dag.py for tasks to queue
[2025-02-17T22:24:55.450-0700] {logging_mixin.py:154} INFO - [2025-02-17T22:24:55.450-0700] {dagbag.py:536} INFO - Filling up the DagBag from /home/jparep/miniconda3/envs/dbt-env/lib/python3.11/site-packages/airflow/example_dags/example_external_task_marker_dag.py
[2025-02-17T22:24:55.456-0700] {processor.py:839} INFO - DAG(s) dict_keys(['example_external_task_marker_parent', 'example_external_task_marker_child']) retrieved from /home/jparep/miniconda3/envs/dbt-env/lib/python3.11/site-packages/airflow/example_dags/example_external_task_marker_dag.py
[2025-02-17T22:24:55.482-0700] {logging_mixin.py:154} INFO - [2025-02-17T22:24:55.482-0700] {dag.py:2941} INFO - Sync 2 DAGs
[2025-02-17T22:24:55.492-0700] {logging_mixin.py:154} INFO - [2025-02-17T22:24:55.492-0700] {dag.py:3722} INFO - Setting next_dagrun for example_external_task_marker_child to None, run_after=None
[2025-02-17T22:24:55.495-0700] {logging_mixin.py:154} INFO - [2025-02-17T22:24:55.495-0700] {dag.py:3722} INFO - Setting next_dagrun for example_external_task_marker_parent to None, run_after=None
[2025-02-17T22:24:55.512-0700] {processor.py:179} INFO - Processing /home/jparep/miniconda3/envs/dbt-env/lib/python3.11/site-packages/airflow/example_dags/example_external_task_marker_dag.py took 0.067 seconds
[2025-02-17T22:25:34.667-0700] {processor.py:157} INFO - Started process (PID=153348) to work on /home/jparep/miniconda3/envs/dbt-env/lib/python3.11/site-packages/airflow/example_dags/example_external_task_marker_dag.py
[2025-02-17T22:25:34.669-0700] {processor.py:829} INFO - Processing file /home/jparep/miniconda3/envs/dbt-env/lib/python3.11/site-packages/airflow/example_dags/example_external_task_marker_dag.py for tasks to queue
[2025-02-17T22:25:34.671-0700] {logging_mixin.py:154} INFO - [2025-02-17T22:25:34.670-0700] {dagbag.py:536} INFO - Filling up the DagBag from /home/jparep/miniconda3/envs/dbt-env/lib/python3.11/site-packages/airflow/example_dags/example_external_task_marker_dag.py
[2025-02-17T22:25:34.680-0700] {processor.py:839} INFO - DAG(s) dict_keys(['example_external_task_marker_child', 'example_external_task_marker_parent']) retrieved from /home/jparep/miniconda3/envs/dbt-env/lib/python3.11/site-packages/airflow/example_dags/example_external_task_marker_dag.py
[2025-02-17T22:25:34.708-0700] {logging_mixin.py:154} INFO - [2025-02-17T22:25:34.707-0700] {dag.py:2941} INFO - Sync 2 DAGs
[2025-02-17T22:25:34.723-0700] {logging_mixin.py:154} INFO - [2025-02-17T22:25:34.723-0700] {dag.py:3722} INFO - Setting next_dagrun for example_external_task_marker_child to None, run_after=None
[2025-02-17T22:25:34.727-0700] {logging_mixin.py:154} INFO - [2025-02-17T22:25:34.727-0700] {dag.py:3722} INFO - Setting next_dagrun for example_external_task_marker_parent to None, run_after=None
[2025-02-17T22:25:34.755-0700] {processor.py:179} INFO - Processing /home/jparep/miniconda3/envs/dbt-env/lib/python3.11/site-packages/airflow/example_dags/example_external_task_marker_dag.py took 0.092 seconds
[2025-02-17T22:26:17.013-0700] {processor.py:157} INFO - Started process (PID=153796) to work on /home/jparep/miniconda3/envs/dbt-env/lib/python3.11/site-packages/airflow/example_dags/example_external_task_marker_dag.py
[2025-02-17T22:26:17.016-0700] {processor.py:829} INFO - Processing file /home/jparep/miniconda3/envs/dbt-env/lib/python3.11/site-packages/airflow/example_dags/example_external_task_marker_dag.py for tasks to queue
[2025-02-17T22:26:17.017-0700] {logging_mixin.py:154} INFO - [2025-02-17T22:26:17.017-0700] {dagbag.py:536} INFO - Filling up the DagBag from /home/jparep/miniconda3/envs/dbt-env/lib/python3.11/site-packages/airflow/example_dags/example_external_task_marker_dag.py
[2025-02-17T22:26:17.025-0700] {processor.py:839} INFO - DAG(s) dict_keys(['example_external_task_marker_child', 'example_external_task_marker_parent']) retrieved from /home/jparep/miniconda3/envs/dbt-env/lib/python3.11/site-packages/airflow/example_dags/example_external_task_marker_dag.py
[2025-02-17T22:26:17.046-0700] {logging_mixin.py:154} INFO - [2025-02-17T22:26:17.046-0700] {dag.py:2941} INFO - Sync 2 DAGs
[2025-02-17T22:26:17.057-0700] {logging_mixin.py:154} INFO - [2025-02-17T22:26:17.057-0700] {dag.py:3722} INFO - Setting next_dagrun for example_external_task_marker_child to None, run_after=None
[2025-02-17T22:26:17.059-0700] {logging_mixin.py:154} INFO - [2025-02-17T22:26:17.059-0700] {dag.py:3722} INFO - Setting next_dagrun for example_external_task_marker_parent to None, run_after=None
[2025-02-17T22:26:17.078-0700] {processor.py:179} INFO - Processing /home/jparep/miniconda3/envs/dbt-env/lib/python3.11/site-packages/airflow/example_dags/example_external_task_marker_dag.py took 0.073 seconds
[2025-02-17T22:26:48.895-0700] {processor.py:157} INFO - Started process (PID=153996) to work on /home/jparep/miniconda3/envs/dbt-env/lib/python3.11/site-packages/airflow/example_dags/example_external_task_marker_dag.py
[2025-02-17T22:26:48.898-0700] {processor.py:829} INFO - Processing file /home/jparep/miniconda3/envs/dbt-env/lib/python3.11/site-packages/airflow/example_dags/example_external_task_marker_dag.py for tasks to queue
[2025-02-17T22:26:48.899-0700] {logging_mixin.py:154} INFO - [2025-02-17T22:26:48.899-0700] {dagbag.py:536} INFO - Filling up the DagBag from /home/jparep/miniconda3/envs/dbt-env/lib/python3.11/site-packages/airflow/example_dags/example_external_task_marker_dag.py
[2025-02-17T22:26:48.909-0700] {processor.py:839} INFO - DAG(s) dict_keys(['example_external_task_marker_child', 'example_external_task_marker_parent']) retrieved from /home/jparep/miniconda3/envs/dbt-env/lib/python3.11/site-packages/airflow/example_dags/example_external_task_marker_dag.py
[2025-02-17T22:26:48.936-0700] {logging_mixin.py:154} INFO - [2025-02-17T22:26:48.936-0700] {dag.py:2941} INFO - Sync 2 DAGs
[2025-02-17T22:26:48.950-0700] {logging_mixin.py:154} INFO - [2025-02-17T22:26:48.950-0700] {dag.py:3722} INFO - Setting next_dagrun for example_external_task_marker_child to None, run_after=None
[2025-02-17T22:26:48.956-0700] {logging_mixin.py:154} INFO - [2025-02-17T22:26:48.954-0700] {dag.py:3722} INFO - Setting next_dagrun for example_external_task_marker_parent to None, run_after=None
[2025-02-17T22:26:48.987-0700] {processor.py:179} INFO - Processing /home/jparep/miniconda3/envs/dbt-env/lib/python3.11/site-packages/airflow/example_dags/example_external_task_marker_dag.py took 0.096 seconds
[2025-02-17T22:27:24.038-0700] {processor.py:157} INFO - Started process (PID=154394) to work on /home/jparep/miniconda3/envs/dbt-env/lib/python3.11/site-packages/airflow/example_dags/example_external_task_marker_dag.py
[2025-02-17T22:27:24.041-0700] {processor.py:829} INFO - Processing file /home/jparep/miniconda3/envs/dbt-env/lib/python3.11/site-packages/airflow/example_dags/example_external_task_marker_dag.py for tasks to queue
[2025-02-17T22:27:24.042-0700] {logging_mixin.py:154} INFO - [2025-02-17T22:27:24.042-0700] {dagbag.py:536} INFO - Filling up the DagBag from /home/jparep/miniconda3/envs/dbt-env/lib/python3.11/site-packages/airflow/example_dags/example_external_task_marker_dag.py
[2025-02-17T22:27:24.052-0700] {processor.py:839} INFO - DAG(s) dict_keys(['example_external_task_marker_child', 'example_external_task_marker_parent']) retrieved from /home/jparep/miniconda3/envs/dbt-env/lib/python3.11/site-packages/airflow/example_dags/example_external_task_marker_dag.py
[2025-02-17T22:27:24.074-0700] {logging_mixin.py:154} INFO - [2025-02-17T22:27:24.074-0700] {dag.py:2941} INFO - Sync 2 DAGs
[2025-02-17T22:27:24.087-0700] {logging_mixin.py:154} INFO - [2025-02-17T22:27:24.087-0700] {dag.py:3722} INFO - Setting next_dagrun for example_external_task_marker_child to None, run_after=None
[2025-02-17T22:27:24.090-0700] {logging_mixin.py:154} INFO - [2025-02-17T22:27:24.090-0700] {dag.py:3722} INFO - Setting next_dagrun for example_external_task_marker_parent to None, run_after=None
[2025-02-17T22:27:24.119-0700] {processor.py:179} INFO - Processing /home/jparep/miniconda3/envs/dbt-env/lib/python3.11/site-packages/airflow/example_dags/example_external_task_marker_dag.py took 0.085 seconds
[2025-02-17T22:28:02.408-0700] {processor.py:157} INFO - Started process (PID=154640) to work on /home/jparep/miniconda3/envs/dbt-env/lib/python3.11/site-packages/airflow/example_dags/example_external_task_marker_dag.py
[2025-02-17T22:28:02.414-0700] {processor.py:829} INFO - Processing file /home/jparep/miniconda3/envs/dbt-env/lib/python3.11/site-packages/airflow/example_dags/example_external_task_marker_dag.py for tasks to queue
[2025-02-17T22:28:02.417-0700] {logging_mixin.py:154} INFO - [2025-02-17T22:28:02.416-0700] {dagbag.py:536} INFO - Filling up the DagBag from /home/jparep/miniconda3/envs/dbt-env/lib/python3.11/site-packages/airflow/example_dags/example_external_task_marker_dag.py
[2025-02-17T22:28:02.427-0700] {processor.py:839} INFO - DAG(s) dict_keys(['example_external_task_marker_child', 'example_external_task_marker_parent']) retrieved from /home/jparep/miniconda3/envs/dbt-env/lib/python3.11/site-packages/airflow/example_dags/example_external_task_marker_dag.py
[2025-02-17T22:28:02.461-0700] {logging_mixin.py:154} INFO - [2025-02-17T22:28:02.460-0700] {dag.py:2941} INFO - Sync 2 DAGs
[2025-02-17T22:28:02.472-0700] {logging_mixin.py:154} INFO - [2025-02-17T22:28:02.472-0700] {dag.py:3722} INFO - Setting next_dagrun for example_external_task_marker_child to None, run_after=None
[2025-02-17T22:28:02.475-0700] {logging_mixin.py:154} INFO - [2025-02-17T22:28:02.474-0700] {dag.py:3722} INFO - Setting next_dagrun for example_external_task_marker_parent to None, run_after=None
[2025-02-17T22:28:02.493-0700] {processor.py:179} INFO - Processing /home/jparep/miniconda3/envs/dbt-env/lib/python3.11/site-packages/airflow/example_dags/example_external_task_marker_dag.py took 0.090 seconds
[2025-02-17T22:28:40.862-0700] {processor.py:157} INFO - Started process (PID=154967) to work on /home/jparep/miniconda3/envs/dbt-env/lib/python3.11/site-packages/airflow/example_dags/example_external_task_marker_dag.py
[2025-02-17T22:28:40.865-0700] {processor.py:829} INFO - Processing file /home/jparep/miniconda3/envs/dbt-env/lib/python3.11/site-packages/airflow/example_dags/example_external_task_marker_dag.py for tasks to queue
[2025-02-17T22:28:40.866-0700] {logging_mixin.py:154} INFO - [2025-02-17T22:28:40.865-0700] {dagbag.py:536} INFO - Filling up the DagBag from /home/jparep/miniconda3/envs/dbt-env/lib/python3.11/site-packages/airflow/example_dags/example_external_task_marker_dag.py
[2025-02-17T22:28:40.878-0700] {processor.py:839} INFO - DAG(s) dict_keys(['example_external_task_marker_parent', 'example_external_task_marker_child']) retrieved from /home/jparep/miniconda3/envs/dbt-env/lib/python3.11/site-packages/airflow/example_dags/example_external_task_marker_dag.py
[2025-02-17T22:28:40.903-0700] {logging_mixin.py:154} INFO - [2025-02-17T22:28:40.903-0700] {dag.py:2941} INFO - Sync 2 DAGs
[2025-02-17T22:28:40.916-0700] {logging_mixin.py:154} INFO - [2025-02-17T22:28:40.916-0700] {dag.py:3722} INFO - Setting next_dagrun for example_external_task_marker_child to None, run_after=None
[2025-02-17T22:28:40.920-0700] {logging_mixin.py:154} INFO - [2025-02-17T22:28:40.920-0700] {dag.py:3722} INFO - Setting next_dagrun for example_external_task_marker_parent to None, run_after=None
[2025-02-17T22:28:40.950-0700] {processor.py:179} INFO - Processing /home/jparep/miniconda3/envs/dbt-env/lib/python3.11/site-packages/airflow/example_dags/example_external_task_marker_dag.py took 0.093 seconds
[2025-02-17T22:29:22.962-0700] {processor.py:157} INFO - Started process (PID=155313) to work on /home/jparep/miniconda3/envs/dbt-env/lib/python3.11/site-packages/airflow/example_dags/example_external_task_marker_dag.py
[2025-02-17T22:29:22.966-0700] {processor.py:829} INFO - Processing file /home/jparep/miniconda3/envs/dbt-env/lib/python3.11/site-packages/airflow/example_dags/example_external_task_marker_dag.py for tasks to queue
[2025-02-17T22:29:22.967-0700] {logging_mixin.py:154} INFO - [2025-02-17T22:29:22.967-0700] {dagbag.py:536} INFO - Filling up the DagBag from /home/jparep/miniconda3/envs/dbt-env/lib/python3.11/site-packages/airflow/example_dags/example_external_task_marker_dag.py
[2025-02-17T22:29:22.981-0700] {processor.py:839} INFO - DAG(s) dict_keys(['example_external_task_marker_child', 'example_external_task_marker_parent']) retrieved from /home/jparep/miniconda3/envs/dbt-env/lib/python3.11/site-packages/airflow/example_dags/example_external_task_marker_dag.py
[2025-02-17T22:29:23.010-0700] {logging_mixin.py:154} INFO - [2025-02-17T22:29:23.009-0700] {dag.py:2941} INFO - Sync 2 DAGs
[2025-02-17T22:29:23.021-0700] {logging_mixin.py:154} INFO - [2025-02-17T22:29:23.021-0700] {dag.py:3722} INFO - Setting next_dagrun for example_external_task_marker_child to None, run_after=None
[2025-02-17T22:29:23.024-0700] {logging_mixin.py:154} INFO - [2025-02-17T22:29:23.024-0700] {dag.py:3722} INFO - Setting next_dagrun for example_external_task_marker_parent to None, run_after=None
[2025-02-17T22:29:23.049-0700] {processor.py:179} INFO - Processing /home/jparep/miniconda3/envs/dbt-env/lib/python3.11/site-packages/airflow/example_dags/example_external_task_marker_dag.py took 0.093 seconds
[2025-02-17T22:30:04.147-0700] {processor.py:157} INFO - Started process (PID=155495) to work on /home/jparep/miniconda3/envs/dbt-env/lib/python3.11/site-packages/airflow/example_dags/example_external_task_marker_dag.py
[2025-02-17T22:30:04.150-0700] {processor.py:829} INFO - Processing file /home/jparep/miniconda3/envs/dbt-env/lib/python3.11/site-packages/airflow/example_dags/example_external_task_marker_dag.py for tasks to queue
[2025-02-17T22:30:04.151-0700] {logging_mixin.py:154} INFO - [2025-02-17T22:30:04.151-0700] {dagbag.py:536} INFO - Filling up the DagBag from /home/jparep/miniconda3/envs/dbt-env/lib/python3.11/site-packages/airflow/example_dags/example_external_task_marker_dag.py
[2025-02-17T22:30:04.162-0700] {processor.py:839} INFO - DAG(s) dict_keys(['example_external_task_marker_child', 'example_external_task_marker_parent']) retrieved from /home/jparep/miniconda3/envs/dbt-env/lib/python3.11/site-packages/airflow/example_dags/example_external_task_marker_dag.py
[2025-02-17T22:30:04.196-0700] {logging_mixin.py:154} INFO - [2025-02-17T22:30:04.196-0700] {dag.py:2941} INFO - Sync 2 DAGs
[2025-02-17T22:30:04.214-0700] {logging_mixin.py:154} INFO - [2025-02-17T22:30:04.214-0700] {dag.py:3722} INFO - Setting next_dagrun for example_external_task_marker_child to None, run_after=None
[2025-02-17T22:30:04.219-0700] {logging_mixin.py:154} INFO - [2025-02-17T22:30:04.219-0700] {dag.py:3722} INFO - Setting next_dagrun for example_external_task_marker_parent to None, run_after=None
[2025-02-17T22:30:04.253-0700] {processor.py:179} INFO - Processing /home/jparep/miniconda3/envs/dbt-env/lib/python3.11/site-packages/airflow/example_dags/example_external_task_marker_dag.py took 0.111 seconds
[2025-02-17T22:30:42.676-0700] {processor.py:157} INFO - Started process (PID=155936) to work on /home/jparep/miniconda3/envs/dbt-env/lib/python3.11/site-packages/airflow/example_dags/example_external_task_marker_dag.py
[2025-02-17T22:30:42.678-0700] {processor.py:829} INFO - Processing file /home/jparep/miniconda3/envs/dbt-env/lib/python3.11/site-packages/airflow/example_dags/example_external_task_marker_dag.py for tasks to queue
[2025-02-17T22:30:42.679-0700] {logging_mixin.py:154} INFO - [2025-02-17T22:30:42.679-0700] {dagbag.py:536} INFO - Filling up the DagBag from /home/jparep/miniconda3/envs/dbt-env/lib/python3.11/site-packages/airflow/example_dags/example_external_task_marker_dag.py
[2025-02-17T22:30:42.687-0700] {processor.py:839} INFO - DAG(s) dict_keys(['example_external_task_marker_child', 'example_external_task_marker_parent']) retrieved from /home/jparep/miniconda3/envs/dbt-env/lib/python3.11/site-packages/airflow/example_dags/example_external_task_marker_dag.py
[2025-02-17T22:30:42.714-0700] {logging_mixin.py:154} INFO - [2025-02-17T22:30:42.714-0700] {dag.py:2941} INFO - Sync 2 DAGs
[2025-02-17T22:30:42.728-0700] {logging_mixin.py:154} INFO - [2025-02-17T22:30:42.728-0700] {dag.py:3722} INFO - Setting next_dagrun for example_external_task_marker_child to None, run_after=None
[2025-02-17T22:30:42.731-0700] {logging_mixin.py:154} INFO - [2025-02-17T22:30:42.731-0700] {dag.py:3722} INFO - Setting next_dagrun for example_external_task_marker_parent to None, run_after=None
[2025-02-17T22:30:42.755-0700] {processor.py:179} INFO - Processing /home/jparep/miniconda3/envs/dbt-env/lib/python3.11/site-packages/airflow/example_dags/example_external_task_marker_dag.py took 0.084 seconds
[2025-02-17T22:31:16.017-0700] {processor.py:157} INFO - Started process (PID=156152) to work on /home/jparep/miniconda3/envs/dbt-env/lib/python3.11/site-packages/airflow/example_dags/example_external_task_marker_dag.py
[2025-02-17T22:31:16.020-0700] {processor.py:829} INFO - Processing file /home/jparep/miniconda3/envs/dbt-env/lib/python3.11/site-packages/airflow/example_dags/example_external_task_marker_dag.py for tasks to queue
[2025-02-17T22:31:16.021-0700] {logging_mixin.py:154} INFO - [2025-02-17T22:31:16.020-0700] {dagbag.py:536} INFO - Filling up the DagBag from /home/jparep/miniconda3/envs/dbt-env/lib/python3.11/site-packages/airflow/example_dags/example_external_task_marker_dag.py
[2025-02-17T22:31:16.030-0700] {processor.py:839} INFO - DAG(s) dict_keys(['example_external_task_marker_child', 'example_external_task_marker_parent']) retrieved from /home/jparep/miniconda3/envs/dbt-env/lib/python3.11/site-packages/airflow/example_dags/example_external_task_marker_dag.py
[2025-02-17T22:31:16.055-0700] {logging_mixin.py:154} INFO - [2025-02-17T22:31:16.055-0700] {dag.py:2941} INFO - Sync 2 DAGs
[2025-02-17T22:31:16.069-0700] {logging_mixin.py:154} INFO - [2025-02-17T22:31:16.069-0700] {dag.py:3722} INFO - Setting next_dagrun for example_external_task_marker_child to None, run_after=None
[2025-02-17T22:31:16.073-0700] {logging_mixin.py:154} INFO - [2025-02-17T22:31:16.073-0700] {dag.py:3722} INFO - Setting next_dagrun for example_external_task_marker_parent to None, run_after=None
[2025-02-17T22:31:16.098-0700] {processor.py:179} INFO - Processing /home/jparep/miniconda3/envs/dbt-env/lib/python3.11/site-packages/airflow/example_dags/example_external_task_marker_dag.py took 0.086 seconds
[2025-02-17T22:31:54.783-0700] {processor.py:157} INFO - Started process (PID=156595) to work on /home/jparep/miniconda3/envs/dbt-env/lib/python3.11/site-packages/airflow/example_dags/example_external_task_marker_dag.py
[2025-02-17T22:31:54.786-0700] {processor.py:829} INFO - Processing file /home/jparep/miniconda3/envs/dbt-env/lib/python3.11/site-packages/airflow/example_dags/example_external_task_marker_dag.py for tasks to queue
[2025-02-17T22:31:54.786-0700] {logging_mixin.py:154} INFO - [2025-02-17T22:31:54.786-0700] {dagbag.py:536} INFO - Filling up the DagBag from /home/jparep/miniconda3/envs/dbt-env/lib/python3.11/site-packages/airflow/example_dags/example_external_task_marker_dag.py
[2025-02-17T22:31:54.793-0700] {processor.py:839} INFO - DAG(s) dict_keys(['example_external_task_marker_child', 'example_external_task_marker_parent']) retrieved from /home/jparep/miniconda3/envs/dbt-env/lib/python3.11/site-packages/airflow/example_dags/example_external_task_marker_dag.py
[2025-02-17T22:31:54.816-0700] {logging_mixin.py:154} INFO - [2025-02-17T22:31:54.816-0700] {dag.py:2941} INFO - Sync 2 DAGs
[2025-02-17T22:31:54.827-0700] {logging_mixin.py:154} INFO - [2025-02-17T22:31:54.826-0700] {dag.py:3722} INFO - Setting next_dagrun for example_external_task_marker_child to None, run_after=None
[2025-02-17T22:31:54.829-0700] {logging_mixin.py:154} INFO - [2025-02-17T22:31:54.829-0700] {dag.py:3722} INFO - Setting next_dagrun for example_external_task_marker_parent to None, run_after=None
[2025-02-17T22:31:54.846-0700] {processor.py:179} INFO - Processing /home/jparep/miniconda3/envs/dbt-env/lib/python3.11/site-packages/airflow/example_dags/example_external_task_marker_dag.py took 0.065 seconds
[2025-02-17T22:32:31.872-0700] {processor.py:157} INFO - Started process (PID=156928) to work on /home/jparep/miniconda3/envs/dbt-env/lib/python3.11/site-packages/airflow/example_dags/example_external_task_marker_dag.py
[2025-02-17T22:32:31.875-0700] {processor.py:829} INFO - Processing file /home/jparep/miniconda3/envs/dbt-env/lib/python3.11/site-packages/airflow/example_dags/example_external_task_marker_dag.py for tasks to queue
[2025-02-17T22:32:31.877-0700] {logging_mixin.py:154} INFO - [2025-02-17T22:32:31.876-0700] {dagbag.py:536} INFO - Filling up the DagBag from /home/jparep/miniconda3/envs/dbt-env/lib/python3.11/site-packages/airflow/example_dags/example_external_task_marker_dag.py
[2025-02-17T22:32:31.886-0700] {processor.py:839} INFO - DAG(s) dict_keys(['example_external_task_marker_child', 'example_external_task_marker_parent']) retrieved from /home/jparep/miniconda3/envs/dbt-env/lib/python3.11/site-packages/airflow/example_dags/example_external_task_marker_dag.py
[2025-02-17T22:32:31.911-0700] {logging_mixin.py:154} INFO - [2025-02-17T22:32:31.911-0700] {dag.py:2941} INFO - Sync 2 DAGs
[2025-02-17T22:32:31.922-0700] {logging_mixin.py:154} INFO - [2025-02-17T22:32:31.922-0700] {dag.py:3722} INFO - Setting next_dagrun for example_external_task_marker_child to None, run_after=None
[2025-02-17T22:32:31.925-0700] {logging_mixin.py:154} INFO - [2025-02-17T22:32:31.924-0700] {dag.py:3722} INFO - Setting next_dagrun for example_external_task_marker_parent to None, run_after=None
[2025-02-17T22:32:31.942-0700] {processor.py:179} INFO - Processing /home/jparep/miniconda3/envs/dbt-env/lib/python3.11/site-packages/airflow/example_dags/example_external_task_marker_dag.py took 0.074 seconds
[2025-02-17T22:33:09.238-0700] {processor.py:157} INFO - Started process (PID=157095) to work on /home/jparep/miniconda3/envs/dbt-env/lib/python3.11/site-packages/airflow/example_dags/example_external_task_marker_dag.py
[2025-02-17T22:33:09.242-0700] {processor.py:829} INFO - Processing file /home/jparep/miniconda3/envs/dbt-env/lib/python3.11/site-packages/airflow/example_dags/example_external_task_marker_dag.py for tasks to queue
[2025-02-17T22:33:09.243-0700] {logging_mixin.py:154} INFO - [2025-02-17T22:33:09.242-0700] {dagbag.py:536} INFO - Filling up the DagBag from /home/jparep/miniconda3/envs/dbt-env/lib/python3.11/site-packages/airflow/example_dags/example_external_task_marker_dag.py
[2025-02-17T22:33:09.253-0700] {processor.py:839} INFO - DAG(s) dict_keys(['example_external_task_marker_child', 'example_external_task_marker_parent']) retrieved from /home/jparep/miniconda3/envs/dbt-env/lib/python3.11/site-packages/airflow/example_dags/example_external_task_marker_dag.py
[2025-02-17T22:33:09.279-0700] {logging_mixin.py:154} INFO - [2025-02-17T22:33:09.279-0700] {dag.py:2941} INFO - Sync 2 DAGs
[2025-02-17T22:33:09.293-0700] {logging_mixin.py:154} INFO - [2025-02-17T22:33:09.293-0700] {dag.py:3722} INFO - Setting next_dagrun for example_external_task_marker_child to None, run_after=None
[2025-02-17T22:33:09.298-0700] {logging_mixin.py:154} INFO - [2025-02-17T22:33:09.298-0700] {dag.py:3722} INFO - Setting next_dagrun for example_external_task_marker_parent to None, run_after=None
[2025-02-17T22:33:09.326-0700] {processor.py:179} INFO - Processing /home/jparep/miniconda3/envs/dbt-env/lib/python3.11/site-packages/airflow/example_dags/example_external_task_marker_dag.py took 0.092 seconds
[2025-02-17T22:33:49.833-0700] {processor.py:157} INFO - Started process (PID=157512) to work on /home/jparep/miniconda3/envs/dbt-env/lib/python3.11/site-packages/airflow/example_dags/example_external_task_marker_dag.py
[2025-02-17T22:33:49.835-0700] {processor.py:829} INFO - Processing file /home/jparep/miniconda3/envs/dbt-env/lib/python3.11/site-packages/airflow/example_dags/example_external_task_marker_dag.py for tasks to queue
[2025-02-17T22:33:49.836-0700] {logging_mixin.py:154} INFO - [2025-02-17T22:33:49.835-0700] {dagbag.py:536} INFO - Filling up the DagBag from /home/jparep/miniconda3/envs/dbt-env/lib/python3.11/site-packages/airflow/example_dags/example_external_task_marker_dag.py
[2025-02-17T22:33:49.842-0700] {processor.py:839} INFO - DAG(s) dict_keys(['example_external_task_marker_parent', 'example_external_task_marker_child']) retrieved from /home/jparep/miniconda3/envs/dbt-env/lib/python3.11/site-packages/airflow/example_dags/example_external_task_marker_dag.py
[2025-02-17T22:33:49.860-0700] {logging_mixin.py:154} INFO - [2025-02-17T22:33:49.859-0700] {dag.py:2941} INFO - Sync 2 DAGs
[2025-02-17T22:33:49.869-0700] {logging_mixin.py:154} INFO - [2025-02-17T22:33:49.869-0700] {dag.py:3722} INFO - Setting next_dagrun for example_external_task_marker_child to None, run_after=None
[2025-02-17T22:33:49.871-0700] {logging_mixin.py:154} INFO - [2025-02-17T22:33:49.871-0700] {dag.py:3722} INFO - Setting next_dagrun for example_external_task_marker_parent to None, run_after=None
[2025-02-17T22:33:49.890-0700] {processor.py:179} INFO - Processing /home/jparep/miniconda3/envs/dbt-env/lib/python3.11/site-packages/airflow/example_dags/example_external_task_marker_dag.py took 0.061 seconds
[2025-02-17T22:34:25.003-0700] {processor.py:157} INFO - Started process (PID=157658) to work on /home/jparep/miniconda3/envs/dbt-env/lib/python3.11/site-packages/airflow/example_dags/example_external_task_marker_dag.py
[2025-02-17T22:34:25.006-0700] {processor.py:829} INFO - Processing file /home/jparep/miniconda3/envs/dbt-env/lib/python3.11/site-packages/airflow/example_dags/example_external_task_marker_dag.py for tasks to queue
[2025-02-17T22:34:25.007-0700] {logging_mixin.py:154} INFO - [2025-02-17T22:34:25.006-0700] {dagbag.py:536} INFO - Filling up the DagBag from /home/jparep/miniconda3/envs/dbt-env/lib/python3.11/site-packages/airflow/example_dags/example_external_task_marker_dag.py
[2025-02-17T22:34:25.018-0700] {processor.py:839} INFO - DAG(s) dict_keys(['example_external_task_marker_parent', 'example_external_task_marker_child']) retrieved from /home/jparep/miniconda3/envs/dbt-env/lib/python3.11/site-packages/airflow/example_dags/example_external_task_marker_dag.py
[2025-02-17T22:34:27.385-0700] {logging_mixin.py:154} INFO - [2025-02-17T22:34:27.385-0700] {dag.py:2941} INFO - Sync 2 DAGs
[2025-02-17T22:34:27.402-0700] {logging_mixin.py:154} INFO - [2025-02-17T22:34:27.401-0700] {dag.py:3722} INFO - Setting next_dagrun for example_external_task_marker_child to None, run_after=None
[2025-02-17T22:34:27.406-0700] {logging_mixin.py:154} INFO - [2025-02-17T22:34:27.405-0700] {dag.py:3722} INFO - Setting next_dagrun for example_external_task_marker_parent to None, run_after=None
[2025-02-17T22:34:27.436-0700] {processor.py:179} INFO - Processing /home/jparep/miniconda3/envs/dbt-env/lib/python3.11/site-packages/airflow/example_dags/example_external_task_marker_dag.py took 0.104 seconds
[2025-02-17T22:35:03.270-0700] {processor.py:157} INFO - Started process (PID=157992) to work on /home/jparep/miniconda3/envs/dbt-env/lib/python3.11/site-packages/airflow/example_dags/example_external_task_marker_dag.py
[2025-02-17T22:35:03.271-0700] {processor.py:829} INFO - Processing file /home/jparep/miniconda3/envs/dbt-env/lib/python3.11/site-packages/airflow/example_dags/example_external_task_marker_dag.py for tasks to queue
[2025-02-17T22:35:03.272-0700] {logging_mixin.py:154} INFO - [2025-02-17T22:35:03.271-0700] {dagbag.py:536} INFO - Filling up the DagBag from /home/jparep/miniconda3/envs/dbt-env/lib/python3.11/site-packages/airflow/example_dags/example_external_task_marker_dag.py
[2025-02-17T22:35:03.279-0700] {processor.py:839} INFO - DAG(s) dict_keys(['example_external_task_marker_child', 'example_external_task_marker_parent']) retrieved from /home/jparep/miniconda3/envs/dbt-env/lib/python3.11/site-packages/airflow/example_dags/example_external_task_marker_dag.py
[2025-02-17T22:35:03.300-0700] {logging_mixin.py:154} INFO - [2025-02-17T22:35:03.300-0700] {dag.py:2941} INFO - Sync 2 DAGs
[2025-02-17T22:35:03.316-0700] {logging_mixin.py:154} INFO - [2025-02-17T22:35:03.316-0700] {dag.py:3722} INFO - Setting next_dagrun for example_external_task_marker_child to None, run_after=None
[2025-02-17T22:35:03.320-0700] {logging_mixin.py:154} INFO - [2025-02-17T22:35:03.320-0700] {dag.py:3722} INFO - Setting next_dagrun for example_external_task_marker_parent to None, run_after=None
[2025-02-17T22:35:03.350-0700] {processor.py:179} INFO - Processing /home/jparep/miniconda3/envs/dbt-env/lib/python3.11/site-packages/airflow/example_dags/example_external_task_marker_dag.py took 0.083 seconds
[2025-02-17T22:35:38.889-0700] {processor.py:157} INFO - Started process (PID=158224) to work on /home/jparep/miniconda3/envs/dbt-env/lib/python3.11/site-packages/airflow/example_dags/example_external_task_marker_dag.py
[2025-02-17T22:35:38.892-0700] {processor.py:829} INFO - Processing file /home/jparep/miniconda3/envs/dbt-env/lib/python3.11/site-packages/airflow/example_dags/example_external_task_marker_dag.py for tasks to queue
[2025-02-17T22:35:38.894-0700] {logging_mixin.py:154} INFO - [2025-02-17T22:35:38.893-0700] {dagbag.py:536} INFO - Filling up the DagBag from /home/jparep/miniconda3/envs/dbt-env/lib/python3.11/site-packages/airflow/example_dags/example_external_task_marker_dag.py
[2025-02-17T22:35:38.903-0700] {processor.py:839} INFO - DAG(s) dict_keys(['example_external_task_marker_child', 'example_external_task_marker_parent']) retrieved from /home/jparep/miniconda3/envs/dbt-env/lib/python3.11/site-packages/airflow/example_dags/example_external_task_marker_dag.py
[2025-02-17T22:35:38.924-0700] {logging_mixin.py:154} INFO - [2025-02-17T22:35:38.924-0700] {dag.py:2941} INFO - Sync 2 DAGs
[2025-02-17T22:35:38.932-0700] {logging_mixin.py:154} INFO - [2025-02-17T22:35:38.932-0700] {dag.py:3722} INFO - Setting next_dagrun for example_external_task_marker_child to None, run_after=None
[2025-02-17T22:35:38.934-0700] {logging_mixin.py:154} INFO - [2025-02-17T22:35:38.934-0700] {dag.py:3722} INFO - Setting next_dagrun for example_external_task_marker_parent to None, run_after=None
[2025-02-17T22:35:38.949-0700] {processor.py:179} INFO - Processing /home/jparep/miniconda3/envs/dbt-env/lib/python3.11/site-packages/airflow/example_dags/example_external_task_marker_dag.py took 0.065 seconds
[2025-02-17T22:36:18.945-0700] {processor.py:157} INFO - Started process (PID=158652) to work on /home/jparep/miniconda3/envs/dbt-env/lib/python3.11/site-packages/airflow/example_dags/example_external_task_marker_dag.py
[2025-02-17T22:36:18.948-0700] {processor.py:829} INFO - Processing file /home/jparep/miniconda3/envs/dbt-env/lib/python3.11/site-packages/airflow/example_dags/example_external_task_marker_dag.py for tasks to queue
[2025-02-17T22:36:18.949-0700] {logging_mixin.py:154} INFO - [2025-02-17T22:36:18.949-0700] {dagbag.py:536} INFO - Filling up the DagBag from /home/jparep/miniconda3/envs/dbt-env/lib/python3.11/site-packages/airflow/example_dags/example_external_task_marker_dag.py
[2025-02-17T22:36:18.959-0700] {processor.py:839} INFO - DAG(s) dict_keys(['example_external_task_marker_child', 'example_external_task_marker_parent']) retrieved from /home/jparep/miniconda3/envs/dbt-env/lib/python3.11/site-packages/airflow/example_dags/example_external_task_marker_dag.py
[2025-02-17T22:36:18.986-0700] {logging_mixin.py:154} INFO - [2025-02-17T22:36:18.986-0700] {dag.py:2941} INFO - Sync 2 DAGs
[2025-02-17T22:36:19.008-0700] {logging_mixin.py:154} INFO - [2025-02-17T22:36:19.008-0700] {dag.py:3722} INFO - Setting next_dagrun for example_external_task_marker_child to None, run_after=None
[2025-02-17T22:36:19.012-0700] {logging_mixin.py:154} INFO - [2025-02-17T22:36:19.012-0700] {dag.py:3722} INFO - Setting next_dagrun for example_external_task_marker_parent to None, run_after=None
[2025-02-17T22:36:19.040-0700] {processor.py:179} INFO - Processing /home/jparep/miniconda3/envs/dbt-env/lib/python3.11/site-packages/airflow/example_dags/example_external_task_marker_dag.py took 0.101 seconds
[2025-02-17T22:36:59.241-0700] {processor.py:157} INFO - Started process (PID=159085) to work on /home/jparep/miniconda3/envs/dbt-env/lib/python3.11/site-packages/airflow/example_dags/example_external_task_marker_dag.py
[2025-02-17T22:36:59.244-0700] {processor.py:829} INFO - Processing file /home/jparep/miniconda3/envs/dbt-env/lib/python3.11/site-packages/airflow/example_dags/example_external_task_marker_dag.py for tasks to queue
[2025-02-17T22:36:59.245-0700] {logging_mixin.py:154} INFO - [2025-02-17T22:36:59.245-0700] {dagbag.py:536} INFO - Filling up the DagBag from /home/jparep/miniconda3/envs/dbt-env/lib/python3.11/site-packages/airflow/example_dags/example_external_task_marker_dag.py
[2025-02-17T22:36:59.256-0700] {processor.py:839} INFO - DAG(s) dict_keys(['example_external_task_marker_parent', 'example_external_task_marker_child']) retrieved from /home/jparep/miniconda3/envs/dbt-env/lib/python3.11/site-packages/airflow/example_dags/example_external_task_marker_dag.py
[2025-02-17T22:36:59.285-0700] {logging_mixin.py:154} INFO - [2025-02-17T22:36:59.285-0700] {dag.py:2941} INFO - Sync 2 DAGs
[2025-02-17T22:36:59.302-0700] {logging_mixin.py:154} INFO - [2025-02-17T22:36:59.301-0700] {dag.py:3722} INFO - Setting next_dagrun for example_external_task_marker_child to None, run_after=None
[2025-02-17T22:36:59.305-0700] {logging_mixin.py:154} INFO - [2025-02-17T22:36:59.305-0700] {dag.py:3722} INFO - Setting next_dagrun for example_external_task_marker_parent to None, run_after=None
[2025-02-17T22:36:59.327-0700] {processor.py:179} INFO - Processing /home/jparep/miniconda3/envs/dbt-env/lib/python3.11/site-packages/airflow/example_dags/example_external_task_marker_dag.py took 0.091 seconds
[2025-02-17T22:37:35.579-0700] {processor.py:157} INFO - Started process (PID=159910) to work on /home/jparep/miniconda3/envs/dbt-env/lib/python3.11/site-packages/airflow/example_dags/example_external_task_marker_dag.py
[2025-02-17T22:37:35.581-0700] {processor.py:829} INFO - Processing file /home/jparep/miniconda3/envs/dbt-env/lib/python3.11/site-packages/airflow/example_dags/example_external_task_marker_dag.py for tasks to queue
[2025-02-17T22:37:35.582-0700] {logging_mixin.py:154} INFO - [2025-02-17T22:37:35.581-0700] {dagbag.py:536} INFO - Filling up the DagBag from /home/jparep/miniconda3/envs/dbt-env/lib/python3.11/site-packages/airflow/example_dags/example_external_task_marker_dag.py
[2025-02-17T22:37:35.587-0700] {processor.py:839} INFO - DAG(s) dict_keys(['example_external_task_marker_parent', 'example_external_task_marker_child']) retrieved from /home/jparep/miniconda3/envs/dbt-env/lib/python3.11/site-packages/airflow/example_dags/example_external_task_marker_dag.py
[2025-02-17T22:37:35.603-0700] {logging_mixin.py:154} INFO - [2025-02-17T22:37:35.602-0700] {dag.py:2941} INFO - Sync 2 DAGs
[2025-02-17T22:37:35.611-0700] {logging_mixin.py:154} INFO - [2025-02-17T22:37:35.611-0700] {dag.py:3722} INFO - Setting next_dagrun for example_external_task_marker_child to None, run_after=None
[2025-02-17T22:37:35.613-0700] {logging_mixin.py:154} INFO - [2025-02-17T22:37:35.613-0700] {dag.py:3722} INFO - Setting next_dagrun for example_external_task_marker_parent to None, run_after=None
[2025-02-17T22:37:35.630-0700] {processor.py:179} INFO - Processing /home/jparep/miniconda3/envs/dbt-env/lib/python3.11/site-packages/airflow/example_dags/example_external_task_marker_dag.py took 0.053 seconds
[2025-02-17T22:38:09.251-0700] {processor.py:157} INFO - Started process (PID=160430) to work on /home/jparep/miniconda3/envs/dbt-env/lib/python3.11/site-packages/airflow/example_dags/example_external_task_marker_dag.py
[2025-02-17T22:38:09.253-0700] {processor.py:829} INFO - Processing file /home/jparep/miniconda3/envs/dbt-env/lib/python3.11/site-packages/airflow/example_dags/example_external_task_marker_dag.py for tasks to queue
[2025-02-17T22:38:09.254-0700] {logging_mixin.py:154} INFO - [2025-02-17T22:38:09.254-0700] {dagbag.py:536} INFO - Filling up the DagBag from /home/jparep/miniconda3/envs/dbt-env/lib/python3.11/site-packages/airflow/example_dags/example_external_task_marker_dag.py
[2025-02-17T22:38:09.261-0700] {processor.py:839} INFO - DAG(s) dict_keys(['example_external_task_marker_child', 'example_external_task_marker_parent']) retrieved from /home/jparep/miniconda3/envs/dbt-env/lib/python3.11/site-packages/airflow/example_dags/example_external_task_marker_dag.py
[2025-02-17T22:38:09.279-0700] {logging_mixin.py:154} INFO - [2025-02-17T22:38:09.279-0700] {dag.py:2941} INFO - Sync 2 DAGs
[2025-02-17T22:38:09.291-0700] {logging_mixin.py:154} INFO - [2025-02-17T22:38:09.290-0700] {dag.py:3722} INFO - Setting next_dagrun for example_external_task_marker_child to None, run_after=None
[2025-02-17T22:38:09.293-0700] {logging_mixin.py:154} INFO - [2025-02-17T22:38:09.293-0700] {dag.py:3722} INFO - Setting next_dagrun for example_external_task_marker_parent to None, run_after=None
[2025-02-17T22:38:09.312-0700] {processor.py:179} INFO - Processing /home/jparep/miniconda3/envs/dbt-env/lib/python3.11/site-packages/airflow/example_dags/example_external_task_marker_dag.py took 0.065 seconds
[2025-02-17T22:38:45.912-0700] {processor.py:157} INFO - Started process (PID=160701) to work on /home/jparep/miniconda3/envs/dbt-env/lib/python3.11/site-packages/airflow/example_dags/example_external_task_marker_dag.py
[2025-02-17T22:38:45.915-0700] {processor.py:829} INFO - Processing file /home/jparep/miniconda3/envs/dbt-env/lib/python3.11/site-packages/airflow/example_dags/example_external_task_marker_dag.py for tasks to queue
[2025-02-17T22:38:45.916-0700] {logging_mixin.py:154} INFO - [2025-02-17T22:38:45.915-0700] {dagbag.py:536} INFO - Filling up the DagBag from /home/jparep/miniconda3/envs/dbt-env/lib/python3.11/site-packages/airflow/example_dags/example_external_task_marker_dag.py
[2025-02-17T22:38:45.921-0700] {processor.py:839} INFO - DAG(s) dict_keys(['example_external_task_marker_child', 'example_external_task_marker_parent']) retrieved from /home/jparep/miniconda3/envs/dbt-env/lib/python3.11/site-packages/airflow/example_dags/example_external_task_marker_dag.py
[2025-02-17T22:38:45.940-0700] {logging_mixin.py:154} INFO - [2025-02-17T22:38:45.940-0700] {dag.py:2941} INFO - Sync 2 DAGs
[2025-02-17T22:38:45.952-0700] {logging_mixin.py:154} INFO - [2025-02-17T22:38:45.952-0700] {dag.py:3722} INFO - Setting next_dagrun for example_external_task_marker_child to None, run_after=None
[2025-02-17T22:38:45.954-0700] {logging_mixin.py:154} INFO - [2025-02-17T22:38:45.954-0700] {dag.py:3722} INFO - Setting next_dagrun for example_external_task_marker_parent to None, run_after=None
[2025-02-17T22:38:45.969-0700] {processor.py:179} INFO - Processing /home/jparep/miniconda3/envs/dbt-env/lib/python3.11/site-packages/airflow/example_dags/example_external_task_marker_dag.py took 0.062 seconds
[2025-02-17T22:39:20.761-0700] {processor.py:157} INFO - Started process (PID=161167) to work on /home/jparep/miniconda3/envs/dbt-env/lib/python3.11/site-packages/airflow/example_dags/example_external_task_marker_dag.py
[2025-02-17T22:39:20.763-0700] {processor.py:829} INFO - Processing file /home/jparep/miniconda3/envs/dbt-env/lib/python3.11/site-packages/airflow/example_dags/example_external_task_marker_dag.py for tasks to queue
[2025-02-17T22:39:20.764-0700] {logging_mixin.py:154} INFO - [2025-02-17T22:39:20.763-0700] {dagbag.py:536} INFO - Filling up the DagBag from /home/jparep/miniconda3/envs/dbt-env/lib/python3.11/site-packages/airflow/example_dags/example_external_task_marker_dag.py
[2025-02-17T22:39:20.769-0700] {processor.py:839} INFO - DAG(s) dict_keys(['example_external_task_marker_child', 'example_external_task_marker_parent']) retrieved from /home/jparep/miniconda3/envs/dbt-env/lib/python3.11/site-packages/airflow/example_dags/example_external_task_marker_dag.py
[2025-02-17T22:39:20.786-0700] {logging_mixin.py:154} INFO - [2025-02-17T22:39:20.785-0700] {dag.py:2941} INFO - Sync 2 DAGs
[2025-02-17T22:39:20.795-0700] {logging_mixin.py:154} INFO - [2025-02-17T22:39:20.795-0700] {dag.py:3722} INFO - Setting next_dagrun for example_external_task_marker_child to None, run_after=None
[2025-02-17T22:39:20.797-0700] {logging_mixin.py:154} INFO - [2025-02-17T22:39:20.797-0700] {dag.py:3722} INFO - Setting next_dagrun for example_external_task_marker_parent to None, run_after=None
[2025-02-17T22:39:20.815-0700] {processor.py:179} INFO - Processing /home/jparep/miniconda3/envs/dbt-env/lib/python3.11/site-packages/airflow/example_dags/example_external_task_marker_dag.py took 0.056 seconds
[2025-02-17T22:39:57.749-0700] {processor.py:157} INFO - Started process (PID=161304) to work on /home/jparep/miniconda3/envs/dbt-env/lib/python3.11/site-packages/airflow/example_dags/example_external_task_marker_dag.py
[2025-02-17T22:39:57.752-0700] {processor.py:829} INFO - Processing file /home/jparep/miniconda3/envs/dbt-env/lib/python3.11/site-packages/airflow/example_dags/example_external_task_marker_dag.py for tasks to queue
[2025-02-17T22:39:57.753-0700] {logging_mixin.py:154} INFO - [2025-02-17T22:39:57.752-0700] {dagbag.py:536} INFO - Filling up the DagBag from /home/jparep/miniconda3/envs/dbt-env/lib/python3.11/site-packages/airflow/example_dags/example_external_task_marker_dag.py
[2025-02-17T22:39:57.760-0700] {processor.py:839} INFO - DAG(s) dict_keys(['example_external_task_marker_parent', 'example_external_task_marker_child']) retrieved from /home/jparep/miniconda3/envs/dbt-env/lib/python3.11/site-packages/airflow/example_dags/example_external_task_marker_dag.py
[2025-02-17T22:39:57.780-0700] {logging_mixin.py:154} INFO - [2025-02-17T22:39:57.780-0700] {dag.py:2941} INFO - Sync 2 DAGs
[2025-02-17T22:39:57.792-0700] {logging_mixin.py:154} INFO - [2025-02-17T22:39:57.791-0700] {dag.py:3722} INFO - Setting next_dagrun for example_external_task_marker_child to None, run_after=None
[2025-02-17T22:39:57.794-0700] {logging_mixin.py:154} INFO - [2025-02-17T22:39:57.794-0700] {dag.py:3722} INFO - Setting next_dagrun for example_external_task_marker_parent to None, run_after=None
[2025-02-17T22:39:57.813-0700] {processor.py:179} INFO - Processing /home/jparep/miniconda3/envs/dbt-env/lib/python3.11/site-packages/airflow/example_dags/example_external_task_marker_dag.py took 0.068 seconds
[2025-02-17T22:40:36.956-0700] {processor.py:157} INFO - Started process (PID=161735) to work on /home/jparep/miniconda3/envs/dbt-env/lib/python3.11/site-packages/airflow/example_dags/example_external_task_marker_dag.py
[2025-02-17T22:40:36.959-0700] {processor.py:829} INFO - Processing file /home/jparep/miniconda3/envs/dbt-env/lib/python3.11/site-packages/airflow/example_dags/example_external_task_marker_dag.py for tasks to queue
[2025-02-17T22:40:36.959-0700] {logging_mixin.py:154} INFO - [2025-02-17T22:40:36.959-0700] {dagbag.py:536} INFO - Filling up the DagBag from /home/jparep/miniconda3/envs/dbt-env/lib/python3.11/site-packages/airflow/example_dags/example_external_task_marker_dag.py
[2025-02-17T22:40:36.965-0700] {processor.py:839} INFO - DAG(s) dict_keys(['example_external_task_marker_parent', 'example_external_task_marker_child']) retrieved from /home/jparep/miniconda3/envs/dbt-env/lib/python3.11/site-packages/airflow/example_dags/example_external_task_marker_dag.py
[2025-02-17T22:40:36.981-0700] {logging_mixin.py:154} INFO - [2025-02-17T22:40:36.981-0700] {dag.py:2941} INFO - Sync 2 DAGs
[2025-02-17T22:40:36.991-0700] {logging_mixin.py:154} INFO - [2025-02-17T22:40:36.991-0700] {dag.py:3722} INFO - Setting next_dagrun for example_external_task_marker_child to None, run_after=None
[2025-02-17T22:40:36.993-0700] {logging_mixin.py:154} INFO - [2025-02-17T22:40:36.993-0700] {dag.py:3722} INFO - Setting next_dagrun for example_external_task_marker_parent to None, run_after=None
[2025-02-17T22:40:37.009-0700] {processor.py:179} INFO - Processing /home/jparep/miniconda3/envs/dbt-env/lib/python3.11/site-packages/airflow/example_dags/example_external_task_marker_dag.py took 0.055 seconds
[2025-02-17T22:41:14.448-0700] {processor.py:157} INFO - Started process (PID=162131) to work on /home/jparep/miniconda3/envs/dbt-env/lib/python3.11/site-packages/airflow/example_dags/example_external_task_marker_dag.py
[2025-02-17T22:41:14.451-0700] {processor.py:829} INFO - Processing file /home/jparep/miniconda3/envs/dbt-env/lib/python3.11/site-packages/airflow/example_dags/example_external_task_marker_dag.py for tasks to queue
[2025-02-17T22:41:14.452-0700] {logging_mixin.py:154} INFO - [2025-02-17T22:41:14.451-0700] {dagbag.py:536} INFO - Filling up the DagBag from /home/jparep/miniconda3/envs/dbt-env/lib/python3.11/site-packages/airflow/example_dags/example_external_task_marker_dag.py
[2025-02-17T22:41:14.461-0700] {processor.py:839} INFO - DAG(s) dict_keys(['example_external_task_marker_parent', 'example_external_task_marker_child']) retrieved from /home/jparep/miniconda3/envs/dbt-env/lib/python3.11/site-packages/airflow/example_dags/example_external_task_marker_dag.py
[2025-02-17T22:41:14.488-0700] {logging_mixin.py:154} INFO - [2025-02-17T22:41:14.488-0700] {dag.py:2941} INFO - Sync 2 DAGs
[2025-02-17T22:41:14.503-0700] {logging_mixin.py:154} INFO - [2025-02-17T22:41:14.503-0700] {dag.py:3722} INFO - Setting next_dagrun for example_external_task_marker_child to None, run_after=None
[2025-02-17T22:41:14.507-0700] {logging_mixin.py:154} INFO - [2025-02-17T22:41:14.507-0700] {dag.py:3722} INFO - Setting next_dagrun for example_external_task_marker_parent to None, run_after=None
[2025-02-17T22:41:14.536-0700] {processor.py:179} INFO - Processing /home/jparep/miniconda3/envs/dbt-env/lib/python3.11/site-packages/airflow/example_dags/example_external_task_marker_dag.py took 0.093 seconds
