[2025-02-17T22:15:58.744-0700] {processor.py:157} INFO - Started process (PID=148464) to work on /home/jparep/miniconda3/envs/dbt-env/lib/python3.11/site-packages/airflow/example_dags/example_bash_operator.py
[2025-02-17T22:15:58.745-0700] {processor.py:829} INFO - Processing file /home/jparep/miniconda3/envs/dbt-env/lib/python3.11/site-packages/airflow/example_dags/example_bash_operator.py for tasks to queue
[2025-02-17T22:15:58.746-0700] {logging_mixin.py:154} INFO - [2025-02-17T22:15:58.746-0700] {dagbag.py:536} INFO - Filling up the DagBag from /home/jparep/miniconda3/envs/dbt-env/lib/python3.11/site-packages/airflow/example_dags/example_bash_operator.py
[2025-02-17T22:15:58.770-0700] {processor.py:839} INFO - DAG(s) dict_keys(['example_bash_operator']) retrieved from /home/jparep/miniconda3/envs/dbt-env/lib/python3.11/site-packages/airflow/example_dags/example_bash_operator.py
[2025-02-17T22:15:59.012-0700] {logging_mixin.py:154} INFO - [2025-02-17T22:15:59.011-0700] {manager.py:499} INFO - Created Permission View: %s
[2025-02-17T22:15:59.023-0700] {logging_mixin.py:154} INFO - [2025-02-17T22:15:59.023-0700] {manager.py:499} INFO - Created Permission View: %s
[2025-02-17T22:15:59.033-0700] {logging_mixin.py:154} INFO - [2025-02-17T22:15:59.033-0700] {manager.py:499} INFO - Created Permission View: %s
[2025-02-17T22:15:59.033-0700] {logging_mixin.py:154} INFO - [2025-02-17T22:15:59.033-0700] {dag.py:2941} INFO - Sync 1 DAGs
[2025-02-17T22:15:59.041-0700] {logging_mixin.py:154} INFO - [2025-02-17T22:15:59.041-0700] {dag.py:2963} INFO - Creating ORM DAG for example_bash_operator
[2025-02-17T22:15:59.050-0700] {logging_mixin.py:154} INFO - [2025-02-17T22:15:59.050-0700] {dag.py:3722} INFO - Setting next_dagrun for example_bash_operator to 2025-02-17T00:00:00+00:00, run_after=2025-02-18T00:00:00+00:00
[2025-02-17T22:15:59.072-0700] {processor.py:179} INFO - Processing /home/jparep/miniconda3/envs/dbt-env/lib/python3.11/site-packages/airflow/example_dags/example_bash_operator.py took 0.332 seconds
[2025-02-17T22:16:53.844-0700] {processor.py:157} INFO - Started process (PID=148843) to work on /home/jparep/miniconda3/envs/dbt-env/lib/python3.11/site-packages/airflow/example_dags/example_bash_operator.py
[2025-02-17T22:16:53.847-0700] {processor.py:829} INFO - Processing file /home/jparep/miniconda3/envs/dbt-env/lib/python3.11/site-packages/airflow/example_dags/example_bash_operator.py for tasks to queue
[2025-02-17T22:16:53.849-0700] {logging_mixin.py:154} INFO - [2025-02-17T22:16:53.848-0700] {dagbag.py:536} INFO - Filling up the DagBag from /home/jparep/miniconda3/envs/dbt-env/lib/python3.11/site-packages/airflow/example_dags/example_bash_operator.py
[2025-02-17T22:16:53.870-0700] {processor.py:839} INFO - DAG(s) dict_keys(['example_bash_operator']) retrieved from /home/jparep/miniconda3/envs/dbt-env/lib/python3.11/site-packages/airflow/example_dags/example_bash_operator.py
[2025-02-17T22:16:53.903-0700] {logging_mixin.py:154} INFO - [2025-02-17T22:16:53.902-0700] {dag.py:2941} INFO - Sync 1 DAGs
[2025-02-17T22:16:54.073-0700] {logging_mixin.py:154} INFO - [2025-02-17T22:16:54.073-0700] {dag.py:3722} INFO - Setting next_dagrun for example_bash_operator to 2025-02-17T00:00:00+00:00, run_after=2025-02-18T00:00:00+00:00
[2025-02-17T22:16:54.103-0700] {processor.py:179} INFO - Processing /home/jparep/miniconda3/envs/dbt-env/lib/python3.11/site-packages/airflow/example_dags/example_bash_operator.py took 0.269 seconds
[2025-02-17T22:17:43.467-0700] {processor.py:157} INFO - Started process (PID=149313) to work on /home/jparep/miniconda3/envs/dbt-env/lib/python3.11/site-packages/airflow/example_dags/example_bash_operator.py
[2025-02-17T22:17:43.471-0700] {processor.py:829} INFO - Processing file /home/jparep/miniconda3/envs/dbt-env/lib/python3.11/site-packages/airflow/example_dags/example_bash_operator.py for tasks to queue
[2025-02-17T22:17:43.473-0700] {logging_mixin.py:154} INFO - [2025-02-17T22:17:43.472-0700] {dagbag.py:536} INFO - Filling up the DagBag from /home/jparep/miniconda3/envs/dbt-env/lib/python3.11/site-packages/airflow/example_dags/example_bash_operator.py
[2025-02-17T22:17:43.701-0700] {processor.py:839} INFO - DAG(s) dict_keys(['example_bash_operator']) retrieved from /home/jparep/miniconda3/envs/dbt-env/lib/python3.11/site-packages/airflow/example_dags/example_bash_operator.py
[2025-02-17T22:17:43.739-0700] {logging_mixin.py:154} INFO - [2025-02-17T22:17:43.739-0700] {dag.py:2941} INFO - Sync 1 DAGs
[2025-02-17T22:17:43.754-0700] {logging_mixin.py:154} INFO - [2025-02-17T22:17:43.754-0700] {dag.py:3722} INFO - Setting next_dagrun for example_bash_operator to 2025-02-17T00:00:00+00:00, run_after=2025-02-18T00:00:00+00:00
[2025-02-17T22:17:43.772-0700] {processor.py:179} INFO - Processing /home/jparep/miniconda3/envs/dbt-env/lib/python3.11/site-packages/airflow/example_dags/example_bash_operator.py took 0.314 seconds
[2025-02-17T22:18:32.134-0700] {processor.py:157} INFO - Started process (PID=149798) to work on /home/jparep/miniconda3/envs/dbt-env/lib/python3.11/site-packages/airflow/example_dags/example_bash_operator.py
[2025-02-17T22:18:32.136-0700] {processor.py:829} INFO - Processing file /home/jparep/miniconda3/envs/dbt-env/lib/python3.11/site-packages/airflow/example_dags/example_bash_operator.py for tasks to queue
[2025-02-17T22:18:32.137-0700] {logging_mixin.py:154} INFO - [2025-02-17T22:18:32.136-0700] {dagbag.py:536} INFO - Filling up the DagBag from /home/jparep/miniconda3/envs/dbt-env/lib/python3.11/site-packages/airflow/example_dags/example_bash_operator.py
[2025-02-17T22:18:32.150-0700] {processor.py:839} INFO - DAG(s) dict_keys(['example_bash_operator']) retrieved from /home/jparep/miniconda3/envs/dbt-env/lib/python3.11/site-packages/airflow/example_dags/example_bash_operator.py
[2025-02-17T22:18:32.171-0700] {logging_mixin.py:154} INFO - [2025-02-17T22:18:32.171-0700] {dag.py:2941} INFO - Sync 1 DAGs
[2025-02-17T22:18:32.189-0700] {logging_mixin.py:154} INFO - [2025-02-17T22:18:32.188-0700] {dag.py:3722} INFO - Setting next_dagrun for example_bash_operator to 2025-02-17T00:00:00+00:00, run_after=2025-02-18T00:00:00+00:00
[2025-02-17T22:18:32.207-0700] {processor.py:179} INFO - Processing /home/jparep/miniconda3/envs/dbt-env/lib/python3.11/site-packages/airflow/example_dags/example_bash_operator.py took 0.076 seconds
[2025-02-17T22:19:11.870-0700] {processor.py:157} INFO - Started process (PID=150056) to work on /home/jparep/miniconda3/envs/dbt-env/lib/python3.11/site-packages/airflow/example_dags/example_bash_operator.py
[2025-02-17T22:19:11.872-0700] {processor.py:829} INFO - Processing file /home/jparep/miniconda3/envs/dbt-env/lib/python3.11/site-packages/airflow/example_dags/example_bash_operator.py for tasks to queue
[2025-02-17T22:19:11.874-0700] {logging_mixin.py:154} INFO - [2025-02-17T22:19:11.873-0700] {dagbag.py:536} INFO - Filling up the DagBag from /home/jparep/miniconda3/envs/dbt-env/lib/python3.11/site-packages/airflow/example_dags/example_bash_operator.py
[2025-02-17T22:19:11.890-0700] {processor.py:839} INFO - DAG(s) dict_keys(['example_bash_operator']) retrieved from /home/jparep/miniconda3/envs/dbt-env/lib/python3.11/site-packages/airflow/example_dags/example_bash_operator.py
[2025-02-17T22:19:11.910-0700] {logging_mixin.py:154} INFO - [2025-02-17T22:19:11.909-0700] {dag.py:2941} INFO - Sync 1 DAGs
[2025-02-17T22:19:11.938-0700] {logging_mixin.py:154} INFO - [2025-02-17T22:19:11.938-0700] {dag.py:3722} INFO - Setting next_dagrun for example_bash_operator to 2025-02-17T00:00:00+00:00, run_after=2025-02-18T00:00:00+00:00
[2025-02-17T22:19:11.956-0700] {processor.py:179} INFO - Processing /home/jparep/miniconda3/envs/dbt-env/lib/python3.11/site-packages/airflow/example_dags/example_bash_operator.py took 0.091 seconds
[2025-02-17T22:19:52.409-0700] {processor.py:157} INFO - Started process (PID=150494) to work on /home/jparep/miniconda3/envs/dbt-env/lib/python3.11/site-packages/airflow/example_dags/example_bash_operator.py
[2025-02-17T22:19:52.411-0700] {processor.py:829} INFO - Processing file /home/jparep/miniconda3/envs/dbt-env/lib/python3.11/site-packages/airflow/example_dags/example_bash_operator.py for tasks to queue
[2025-02-17T22:19:52.412-0700] {logging_mixin.py:154} INFO - [2025-02-17T22:19:52.412-0700] {dagbag.py:536} INFO - Filling up the DagBag from /home/jparep/miniconda3/envs/dbt-env/lib/python3.11/site-packages/airflow/example_dags/example_bash_operator.py
[2025-02-17T22:19:52.429-0700] {processor.py:839} INFO - DAG(s) dict_keys(['example_bash_operator']) retrieved from /home/jparep/miniconda3/envs/dbt-env/lib/python3.11/site-packages/airflow/example_dags/example_bash_operator.py
[2025-02-17T22:19:52.457-0700] {logging_mixin.py:154} INFO - [2025-02-17T22:19:52.456-0700] {dag.py:2941} INFO - Sync 1 DAGs
[2025-02-17T22:19:52.480-0700] {logging_mixin.py:154} INFO - [2025-02-17T22:19:52.480-0700] {dag.py:3722} INFO - Setting next_dagrun for example_bash_operator to 2025-02-17T00:00:00+00:00, run_after=2025-02-18T00:00:00+00:00
[2025-02-17T22:19:52.506-0700] {processor.py:179} INFO - Processing /home/jparep/miniconda3/envs/dbt-env/lib/python3.11/site-packages/airflow/example_dags/example_bash_operator.py took 0.101 seconds
[2025-02-17T22:20:30.430-0700] {processor.py:157} INFO - Started process (PID=150735) to work on /home/jparep/miniconda3/envs/dbt-env/lib/python3.11/site-packages/airflow/example_dags/example_bash_operator.py
[2025-02-17T22:20:30.433-0700] {processor.py:829} INFO - Processing file /home/jparep/miniconda3/envs/dbt-env/lib/python3.11/site-packages/airflow/example_dags/example_bash_operator.py for tasks to queue
[2025-02-17T22:20:30.435-0700] {logging_mixin.py:154} INFO - [2025-02-17T22:20:30.434-0700] {dagbag.py:536} INFO - Filling up the DagBag from /home/jparep/miniconda3/envs/dbt-env/lib/python3.11/site-packages/airflow/example_dags/example_bash_operator.py
[2025-02-17T22:20:30.453-0700] {processor.py:839} INFO - DAG(s) dict_keys(['example_bash_operator']) retrieved from /home/jparep/miniconda3/envs/dbt-env/lib/python3.11/site-packages/airflow/example_dags/example_bash_operator.py
[2025-02-17T22:20:30.487-0700] {logging_mixin.py:154} INFO - [2025-02-17T22:20:30.486-0700] {dag.py:2941} INFO - Sync 1 DAGs
[2025-02-17T22:20:30.512-0700] {logging_mixin.py:154} INFO - [2025-02-17T22:20:30.512-0700] {dag.py:3722} INFO - Setting next_dagrun for example_bash_operator to 2025-02-17T00:00:00+00:00, run_after=2025-02-18T00:00:00+00:00
[2025-02-17T22:20:30.538-0700] {processor.py:179} INFO - Processing /home/jparep/miniconda3/envs/dbt-env/lib/python3.11/site-packages/airflow/example_dags/example_bash_operator.py took 0.112 seconds
[2025-02-17T22:21:12.839-0700] {processor.py:157} INFO - Started process (PID=151170) to work on /home/jparep/miniconda3/envs/dbt-env/lib/python3.11/site-packages/airflow/example_dags/example_bash_operator.py
[2025-02-17T22:21:12.842-0700] {processor.py:829} INFO - Processing file /home/jparep/miniconda3/envs/dbt-env/lib/python3.11/site-packages/airflow/example_dags/example_bash_operator.py for tasks to queue
[2025-02-17T22:21:12.844-0700] {logging_mixin.py:154} INFO - [2025-02-17T22:21:12.843-0700] {dagbag.py:536} INFO - Filling up the DagBag from /home/jparep/miniconda3/envs/dbt-env/lib/python3.11/site-packages/airflow/example_dags/example_bash_operator.py
[2025-02-17T22:21:12.861-0700] {processor.py:839} INFO - DAG(s) dict_keys(['example_bash_operator']) retrieved from /home/jparep/miniconda3/envs/dbt-env/lib/python3.11/site-packages/airflow/example_dags/example_bash_operator.py
[2025-02-17T22:21:12.889-0700] {logging_mixin.py:154} INFO - [2025-02-17T22:21:12.889-0700] {dag.py:2941} INFO - Sync 1 DAGs
[2025-02-17T22:21:12.911-0700] {logging_mixin.py:154} INFO - [2025-02-17T22:21:12.911-0700] {dag.py:3722} INFO - Setting next_dagrun for example_bash_operator to 2025-02-17T00:00:00+00:00, run_after=2025-02-18T00:00:00+00:00
[2025-02-17T22:21:12.935-0700] {processor.py:179} INFO - Processing /home/jparep/miniconda3/envs/dbt-env/lib/python3.11/site-packages/airflow/example_dags/example_bash_operator.py took 0.100 seconds
[2025-02-17T22:22:02.242-0700] {processor.py:157} INFO - Started process (PID=151620) to work on /home/jparep/miniconda3/envs/dbt-env/lib/python3.11/site-packages/airflow/example_dags/example_bash_operator.py
[2025-02-17T22:22:02.246-0700] {processor.py:829} INFO - Processing file /home/jparep/miniconda3/envs/dbt-env/lib/python3.11/site-packages/airflow/example_dags/example_bash_operator.py for tasks to queue
[2025-02-17T22:22:02.247-0700] {logging_mixin.py:154} INFO - [2025-02-17T22:22:02.246-0700] {dagbag.py:536} INFO - Filling up the DagBag from /home/jparep/miniconda3/envs/dbt-env/lib/python3.11/site-packages/airflow/example_dags/example_bash_operator.py
[2025-02-17T22:22:02.263-0700] {processor.py:839} INFO - DAG(s) dict_keys(['example_bash_operator']) retrieved from /home/jparep/miniconda3/envs/dbt-env/lib/python3.11/site-packages/airflow/example_dags/example_bash_operator.py
[2025-02-17T22:22:02.295-0700] {logging_mixin.py:154} INFO - [2025-02-17T22:22:02.295-0700] {dag.py:2941} INFO - Sync 1 DAGs
[2025-02-17T22:22:02.323-0700] {logging_mixin.py:154} INFO - [2025-02-17T22:22:02.322-0700] {dag.py:3722} INFO - Setting next_dagrun for example_bash_operator to 2025-02-17T00:00:00+00:00, run_after=2025-02-18T00:00:00+00:00
[2025-02-17T22:22:02.342-0700] {processor.py:179} INFO - Processing /home/jparep/miniconda3/envs/dbt-env/lib/python3.11/site-packages/airflow/example_dags/example_bash_operator.py took 0.104 seconds
[2025-02-17T22:22:55.639-0700] {processor.py:157} INFO - Started process (PID=151987) to work on /home/jparep/miniconda3/envs/dbt-env/lib/python3.11/site-packages/airflow/example_dags/example_bash_operator.py
[2025-02-17T22:22:55.641-0700] {processor.py:829} INFO - Processing file /home/jparep/miniconda3/envs/dbt-env/lib/python3.11/site-packages/airflow/example_dags/example_bash_operator.py for tasks to queue
[2025-02-17T22:22:55.643-0700] {logging_mixin.py:154} INFO - [2025-02-17T22:22:55.642-0700] {dagbag.py:536} INFO - Filling up the DagBag from /home/jparep/miniconda3/envs/dbt-env/lib/python3.11/site-packages/airflow/example_dags/example_bash_operator.py
[2025-02-17T22:22:55.658-0700] {processor.py:839} INFO - DAG(s) dict_keys(['example_bash_operator']) retrieved from /home/jparep/miniconda3/envs/dbt-env/lib/python3.11/site-packages/airflow/example_dags/example_bash_operator.py
[2025-02-17T22:22:55.684-0700] {logging_mixin.py:154} INFO - [2025-02-17T22:22:55.683-0700] {dag.py:2941} INFO - Sync 1 DAGs
[2025-02-17T22:22:55.700-0700] {logging_mixin.py:154} INFO - [2025-02-17T22:22:55.700-0700] {dag.py:3722} INFO - Setting next_dagrun for example_bash_operator to 2025-02-17T00:00:00+00:00, run_after=2025-02-18T00:00:00+00:00
[2025-02-17T22:22:55.721-0700] {processor.py:179} INFO - Processing /home/jparep/miniconda3/envs/dbt-env/lib/python3.11/site-packages/airflow/example_dags/example_bash_operator.py took 0.087 seconds
[2025-02-17T22:23:50.240-0700] {processor.py:157} INFO - Started process (PID=152328) to work on /home/jparep/miniconda3/envs/dbt-env/lib/python3.11/site-packages/airflow/example_dags/example_bash_operator.py
[2025-02-17T22:23:50.246-0700] {processor.py:829} INFO - Processing file /home/jparep/miniconda3/envs/dbt-env/lib/python3.11/site-packages/airflow/example_dags/example_bash_operator.py for tasks to queue
[2025-02-17T22:23:50.247-0700] {logging_mixin.py:154} INFO - [2025-02-17T22:23:50.246-0700] {dagbag.py:536} INFO - Filling up the DagBag from /home/jparep/miniconda3/envs/dbt-env/lib/python3.11/site-packages/airflow/example_dags/example_bash_operator.py
[2025-02-17T22:23:50.264-0700] {processor.py:839} INFO - DAG(s) dict_keys(['example_bash_operator']) retrieved from /home/jparep/miniconda3/envs/dbt-env/lib/python3.11/site-packages/airflow/example_dags/example_bash_operator.py
[2025-02-17T22:23:50.287-0700] {logging_mixin.py:154} INFO - [2025-02-17T22:23:50.287-0700] {dag.py:2941} INFO - Sync 1 DAGs
[2025-02-17T22:23:50.305-0700] {logging_mixin.py:154} INFO - [2025-02-17T22:23:50.305-0700] {dag.py:3722} INFO - Setting next_dagrun for example_bash_operator to 2025-02-17T00:00:00+00:00, run_after=2025-02-18T00:00:00+00:00
[2025-02-17T22:23:50.326-0700] {processor.py:179} INFO - Processing /home/jparep/miniconda3/envs/dbt-env/lib/python3.11/site-packages/airflow/example_dags/example_bash_operator.py took 0.091 seconds
[2025-02-17T22:24:44.151-0700] {processor.py:157} INFO - Started process (PID=152842) to work on /home/jparep/miniconda3/envs/dbt-env/lib/python3.11/site-packages/airflow/example_dags/example_bash_operator.py
[2025-02-17T22:24:44.154-0700] {processor.py:829} INFO - Processing file /home/jparep/miniconda3/envs/dbt-env/lib/python3.11/site-packages/airflow/example_dags/example_bash_operator.py for tasks to queue
[2025-02-17T22:24:44.156-0700] {logging_mixin.py:154} INFO - [2025-02-17T22:24:44.154-0700] {dagbag.py:536} INFO - Filling up the DagBag from /home/jparep/miniconda3/envs/dbt-env/lib/python3.11/site-packages/airflow/example_dags/example_bash_operator.py
[2025-02-17T22:24:44.173-0700] {processor.py:839} INFO - DAG(s) dict_keys(['example_bash_operator']) retrieved from /home/jparep/miniconda3/envs/dbt-env/lib/python3.11/site-packages/airflow/example_dags/example_bash_operator.py
[2025-02-17T22:24:44.206-0700] {logging_mixin.py:154} INFO - [2025-02-17T22:24:44.205-0700] {dag.py:2941} INFO - Sync 1 DAGs
[2025-02-17T22:24:44.224-0700] {logging_mixin.py:154} INFO - [2025-02-17T22:24:44.224-0700] {dag.py:3722} INFO - Setting next_dagrun for example_bash_operator to 2025-02-17T00:00:00+00:00, run_after=2025-02-18T00:00:00+00:00
[2025-02-17T22:24:44.244-0700] {processor.py:179} INFO - Processing /home/jparep/miniconda3/envs/dbt-env/lib/python3.11/site-packages/airflow/example_dags/example_bash_operator.py took 0.097 seconds
[2025-02-17T22:25:23.710-0700] {processor.py:157} INFO - Started process (PID=153271) to work on /home/jparep/miniconda3/envs/dbt-env/lib/python3.11/site-packages/airflow/example_dags/example_bash_operator.py
[2025-02-17T22:25:23.712-0700] {processor.py:829} INFO - Processing file /home/jparep/miniconda3/envs/dbt-env/lib/python3.11/site-packages/airflow/example_dags/example_bash_operator.py for tasks to queue
[2025-02-17T22:25:23.713-0700] {logging_mixin.py:154} INFO - [2025-02-17T22:25:23.713-0700] {dagbag.py:536} INFO - Filling up the DagBag from /home/jparep/miniconda3/envs/dbt-env/lib/python3.11/site-packages/airflow/example_dags/example_bash_operator.py
[2025-02-17T22:25:23.730-0700] {processor.py:839} INFO - DAG(s) dict_keys(['example_bash_operator']) retrieved from /home/jparep/miniconda3/envs/dbt-env/lib/python3.11/site-packages/airflow/example_dags/example_bash_operator.py
[2025-02-17T22:25:23.758-0700] {logging_mixin.py:154} INFO - [2025-02-17T22:25:23.758-0700] {dag.py:2941} INFO - Sync 1 DAGs
[2025-02-17T22:25:23.775-0700] {logging_mixin.py:154} INFO - [2025-02-17T22:25:23.775-0700] {dag.py:3722} INFO - Setting next_dagrun for example_bash_operator to 2025-02-17T00:00:00+00:00, run_after=2025-02-18T00:00:00+00:00
[2025-02-17T22:25:23.794-0700] {processor.py:179} INFO - Processing /home/jparep/miniconda3/envs/dbt-env/lib/python3.11/site-packages/airflow/example_dags/example_bash_operator.py took 0.088 seconds
[2025-02-17T22:26:06.334-0700] {processor.py:157} INFO - Started process (PID=153722) to work on /home/jparep/miniconda3/envs/dbt-env/lib/python3.11/site-packages/airflow/example_dags/example_bash_operator.py
[2025-02-17T22:26:06.337-0700] {processor.py:829} INFO - Processing file /home/jparep/miniconda3/envs/dbt-env/lib/python3.11/site-packages/airflow/example_dags/example_bash_operator.py for tasks to queue
[2025-02-17T22:26:06.338-0700] {logging_mixin.py:154} INFO - [2025-02-17T22:26:06.337-0700] {dagbag.py:536} INFO - Filling up the DagBag from /home/jparep/miniconda3/envs/dbt-env/lib/python3.11/site-packages/airflow/example_dags/example_bash_operator.py
[2025-02-17T22:26:06.353-0700] {processor.py:839} INFO - DAG(s) dict_keys(['example_bash_operator']) retrieved from /home/jparep/miniconda3/envs/dbt-env/lib/python3.11/site-packages/airflow/example_dags/example_bash_operator.py
[2025-02-17T22:26:06.383-0700] {logging_mixin.py:154} INFO - [2025-02-17T22:26:06.383-0700] {dag.py:2941} INFO - Sync 1 DAGs
[2025-02-17T22:26:06.411-0700] {logging_mixin.py:154} INFO - [2025-02-17T22:26:06.411-0700] {dag.py:3722} INFO - Setting next_dagrun for example_bash_operator to 2025-02-17T00:00:00+00:00, run_after=2025-02-18T00:00:00+00:00
[2025-02-17T22:26:06.440-0700] {processor.py:179} INFO - Processing /home/jparep/miniconda3/envs/dbt-env/lib/python3.11/site-packages/airflow/example_dags/example_bash_operator.py took 0.109 seconds
[2025-02-17T22:26:56.272-0700] {processor.py:157} INFO - Started process (PID=154032) to work on /home/jparep/miniconda3/envs/dbt-env/lib/python3.11/site-packages/airflow/example_dags/example_bash_operator.py
[2025-02-17T22:26:56.276-0700] {processor.py:829} INFO - Processing file /home/jparep/miniconda3/envs/dbt-env/lib/python3.11/site-packages/airflow/example_dags/example_bash_operator.py for tasks to queue
[2025-02-17T22:26:56.277-0700] {logging_mixin.py:154} INFO - [2025-02-17T22:26:56.276-0700] {dagbag.py:536} INFO - Filling up the DagBag from /home/jparep/miniconda3/envs/dbt-env/lib/python3.11/site-packages/airflow/example_dags/example_bash_operator.py
[2025-02-17T22:26:56.297-0700] {processor.py:839} INFO - DAG(s) dict_keys(['example_bash_operator']) retrieved from /home/jparep/miniconda3/envs/dbt-env/lib/python3.11/site-packages/airflow/example_dags/example_bash_operator.py
[2025-02-17T22:26:56.325-0700] {logging_mixin.py:154} INFO - [2025-02-17T22:26:56.325-0700] {dag.py:2941} INFO - Sync 1 DAGs
[2025-02-17T22:26:56.342-0700] {logging_mixin.py:154} INFO - [2025-02-17T22:26:56.342-0700] {dag.py:3722} INFO - Setting next_dagrun for example_bash_operator to 2025-02-17T00:00:00+00:00, run_after=2025-02-18T00:00:00+00:00
[2025-02-17T22:26:56.362-0700] {processor.py:179} INFO - Processing /home/jparep/miniconda3/envs/dbt-env/lib/python3.11/site-packages/airflow/example_dags/example_bash_operator.py took 0.093 seconds
[2025-02-17T22:27:50.186-0700] {processor.py:157} INFO - Started process (PID=154556) to work on /home/jparep/miniconda3/envs/dbt-env/lib/python3.11/site-packages/airflow/example_dags/example_bash_operator.py
[2025-02-17T22:27:50.187-0700] {processor.py:829} INFO - Processing file /home/jparep/miniconda3/envs/dbt-env/lib/python3.11/site-packages/airflow/example_dags/example_bash_operator.py for tasks to queue
[2025-02-17T22:27:50.189-0700] {logging_mixin.py:154} INFO - [2025-02-17T22:27:50.188-0700] {dagbag.py:536} INFO - Filling up the DagBag from /home/jparep/miniconda3/envs/dbt-env/lib/python3.11/site-packages/airflow/example_dags/example_bash_operator.py
[2025-02-17T22:27:50.205-0700] {processor.py:839} INFO - DAG(s) dict_keys(['example_bash_operator']) retrieved from /home/jparep/miniconda3/envs/dbt-env/lib/python3.11/site-packages/airflow/example_dags/example_bash_operator.py
[2025-02-17T22:27:50.237-0700] {logging_mixin.py:154} INFO - [2025-02-17T22:27:50.237-0700] {dag.py:2941} INFO - Sync 1 DAGs
[2025-02-17T22:27:50.260-0700] {logging_mixin.py:154} INFO - [2025-02-17T22:27:50.260-0700] {dag.py:3722} INFO - Setting next_dagrun for example_bash_operator to 2025-02-17T00:00:00+00:00, run_after=2025-02-18T00:00:00+00:00
[2025-02-17T22:27:50.279-0700] {processor.py:179} INFO - Processing /home/jparep/miniconda3/envs/dbt-env/lib/python3.11/site-packages/airflow/example_dags/example_bash_operator.py took 0.098 seconds
[2025-02-17T22:28:46.270-0700] {processor.py:157} INFO - Started process (PID=154984) to work on /home/jparep/miniconda3/envs/dbt-env/lib/python3.11/site-packages/airflow/example_dags/example_bash_operator.py
[2025-02-17T22:28:46.274-0700] {processor.py:829} INFO - Processing file /home/jparep/miniconda3/envs/dbt-env/lib/python3.11/site-packages/airflow/example_dags/example_bash_operator.py for tasks to queue
[2025-02-17T22:28:46.275-0700] {logging_mixin.py:154} INFO - [2025-02-17T22:28:46.274-0700] {dagbag.py:536} INFO - Filling up the DagBag from /home/jparep/miniconda3/envs/dbt-env/lib/python3.11/site-packages/airflow/example_dags/example_bash_operator.py
[2025-02-17T22:28:46.293-0700] {processor.py:839} INFO - DAG(s) dict_keys(['example_bash_operator']) retrieved from /home/jparep/miniconda3/envs/dbt-env/lib/python3.11/site-packages/airflow/example_dags/example_bash_operator.py
[2025-02-17T22:28:46.328-0700] {logging_mixin.py:154} INFO - [2025-02-17T22:28:46.328-0700] {dag.py:2941} INFO - Sync 1 DAGs
[2025-02-17T22:28:46.351-0700] {logging_mixin.py:154} INFO - [2025-02-17T22:28:46.350-0700] {dag.py:3722} INFO - Setting next_dagrun for example_bash_operator to 2025-02-17T00:00:00+00:00, run_after=2025-02-18T00:00:00+00:00
[2025-02-17T22:28:46.369-0700] {processor.py:179} INFO - Processing /home/jparep/miniconda3/envs/dbt-env/lib/python3.11/site-packages/airflow/example_dags/example_bash_operator.py took 0.106 seconds
[2025-02-17T22:29:27.160-0700] {processor.py:157} INFO - Started process (PID=155330) to work on /home/jparep/miniconda3/envs/dbt-env/lib/python3.11/site-packages/airflow/example_dags/example_bash_operator.py
[2025-02-17T22:29:27.163-0700] {processor.py:829} INFO - Processing file /home/jparep/miniconda3/envs/dbt-env/lib/python3.11/site-packages/airflow/example_dags/example_bash_operator.py for tasks to queue
[2025-02-17T22:29:27.164-0700] {logging_mixin.py:154} INFO - [2025-02-17T22:29:27.163-0700] {dagbag.py:536} INFO - Filling up the DagBag from /home/jparep/miniconda3/envs/dbt-env/lib/python3.11/site-packages/airflow/example_dags/example_bash_operator.py
[2025-02-17T22:29:27.184-0700] {processor.py:839} INFO - DAG(s) dict_keys(['example_bash_operator']) retrieved from /home/jparep/miniconda3/envs/dbt-env/lib/python3.11/site-packages/airflow/example_dags/example_bash_operator.py
[2025-02-17T22:29:27.207-0700] {logging_mixin.py:154} INFO - [2025-02-17T22:29:27.207-0700] {dag.py:2941} INFO - Sync 1 DAGs
[2025-02-17T22:29:27.226-0700] {logging_mixin.py:154} INFO - [2025-02-17T22:29:27.226-0700] {dag.py:3722} INFO - Setting next_dagrun for example_bash_operator to 2025-02-17T00:00:00+00:00, run_after=2025-02-18T00:00:00+00:00
[2025-02-17T22:29:27.249-0700] {processor.py:179} INFO - Processing /home/jparep/miniconda3/envs/dbt-env/lib/python3.11/site-packages/airflow/example_dags/example_bash_operator.py took 0.095 seconds
[2025-02-17T22:30:09.177-0700] {processor.py:157} INFO - Started process (PID=155532) to work on /home/jparep/miniconda3/envs/dbt-env/lib/python3.11/site-packages/airflow/example_dags/example_bash_operator.py
[2025-02-17T22:30:09.180-0700] {processor.py:829} INFO - Processing file /home/jparep/miniconda3/envs/dbt-env/lib/python3.11/site-packages/airflow/example_dags/example_bash_operator.py for tasks to queue
[2025-02-17T22:30:09.181-0700] {logging_mixin.py:154} INFO - [2025-02-17T22:30:09.181-0700] {dagbag.py:536} INFO - Filling up the DagBag from /home/jparep/miniconda3/envs/dbt-env/lib/python3.11/site-packages/airflow/example_dags/example_bash_operator.py
[2025-02-17T22:30:09.200-0700] {processor.py:839} INFO - DAG(s) dict_keys(['example_bash_operator']) retrieved from /home/jparep/miniconda3/envs/dbt-env/lib/python3.11/site-packages/airflow/example_dags/example_bash_operator.py
[2025-02-17T22:30:09.235-0700] {logging_mixin.py:154} INFO - [2025-02-17T22:30:09.234-0700] {dag.py:2941} INFO - Sync 1 DAGs
[2025-02-17T22:30:09.272-0700] {logging_mixin.py:154} INFO - [2025-02-17T22:30:09.271-0700] {dag.py:3722} INFO - Setting next_dagrun for example_bash_operator to 2025-02-17T00:00:00+00:00, run_after=2025-02-18T00:00:00+00:00
[2025-02-17T22:30:09.305-0700] {processor.py:179} INFO - Processing /home/jparep/miniconda3/envs/dbt-env/lib/python3.11/site-packages/airflow/example_dags/example_bash_operator.py took 0.134 seconds
[2025-02-17T22:30:46.797-0700] {processor.py:157} INFO - Started process (PID=155966) to work on /home/jparep/miniconda3/envs/dbt-env/lib/python3.11/site-packages/airflow/example_dags/example_bash_operator.py
[2025-02-17T22:30:46.803-0700] {processor.py:829} INFO - Processing file /home/jparep/miniconda3/envs/dbt-env/lib/python3.11/site-packages/airflow/example_dags/example_bash_operator.py for tasks to queue
[2025-02-17T22:30:46.804-0700] {logging_mixin.py:154} INFO - [2025-02-17T22:30:46.804-0700] {dagbag.py:536} INFO - Filling up the DagBag from /home/jparep/miniconda3/envs/dbt-env/lib/python3.11/site-packages/airflow/example_dags/example_bash_operator.py
[2025-02-17T22:30:46.824-0700] {processor.py:839} INFO - DAG(s) dict_keys(['example_bash_operator']) retrieved from /home/jparep/miniconda3/envs/dbt-env/lib/python3.11/site-packages/airflow/example_dags/example_bash_operator.py
[2025-02-17T22:30:46.847-0700] {logging_mixin.py:154} INFO - [2025-02-17T22:30:46.847-0700] {dag.py:2941} INFO - Sync 1 DAGs
[2025-02-17T22:30:46.871-0700] {logging_mixin.py:154} INFO - [2025-02-17T22:30:46.871-0700] {dag.py:3722} INFO - Setting next_dagrun for example_bash_operator to 2025-02-17T00:00:00+00:00, run_after=2025-02-18T00:00:00+00:00
[2025-02-17T22:30:46.901-0700] {processor.py:179} INFO - Processing /home/jparep/miniconda3/envs/dbt-env/lib/python3.11/site-packages/airflow/example_dags/example_bash_operator.py took 0.110 seconds
[2025-02-17T22:31:41.628-0700] {processor.py:157} INFO - Started process (PID=156503) to work on /home/jparep/miniconda3/envs/dbt-env/lib/python3.11/site-packages/airflow/example_dags/example_bash_operator.py
[2025-02-17T22:31:41.631-0700] {processor.py:829} INFO - Processing file /home/jparep/miniconda3/envs/dbt-env/lib/python3.11/site-packages/airflow/example_dags/example_bash_operator.py for tasks to queue
[2025-02-17T22:31:41.632-0700] {logging_mixin.py:154} INFO - [2025-02-17T22:31:41.632-0700] {dagbag.py:536} INFO - Filling up the DagBag from /home/jparep/miniconda3/envs/dbt-env/lib/python3.11/site-packages/airflow/example_dags/example_bash_operator.py
[2025-02-17T22:31:41.653-0700] {processor.py:839} INFO - DAG(s) dict_keys(['example_bash_operator']) retrieved from /home/jparep/miniconda3/envs/dbt-env/lib/python3.11/site-packages/airflow/example_dags/example_bash_operator.py
[2025-02-17T22:31:41.676-0700] {logging_mixin.py:154} INFO - [2025-02-17T22:31:41.676-0700] {dag.py:2941} INFO - Sync 1 DAGs
[2025-02-17T22:31:41.695-0700] {logging_mixin.py:154} INFO - [2025-02-17T22:31:41.695-0700] {dag.py:3722} INFO - Setting next_dagrun for example_bash_operator to 2025-02-17T00:00:00+00:00, run_after=2025-02-18T00:00:00+00:00
[2025-02-17T22:31:41.720-0700] {processor.py:179} INFO - Processing /home/jparep/miniconda3/envs/dbt-env/lib/python3.11/site-packages/airflow/example_dags/example_bash_operator.py took 0.098 seconds
[2025-02-17T22:32:20.149-0700] {processor.py:157} INFO - Started process (PID=156709) to work on /home/jparep/miniconda3/envs/dbt-env/lib/python3.11/site-packages/airflow/example_dags/example_bash_operator.py
[2025-02-17T22:32:20.150-0700] {processor.py:829} INFO - Processing file /home/jparep/miniconda3/envs/dbt-env/lib/python3.11/site-packages/airflow/example_dags/example_bash_operator.py for tasks to queue
[2025-02-17T22:32:20.152-0700] {logging_mixin.py:154} INFO - [2025-02-17T22:32:20.151-0700] {dagbag.py:536} INFO - Filling up the DagBag from /home/jparep/miniconda3/envs/dbt-env/lib/python3.11/site-packages/airflow/example_dags/example_bash_operator.py
[2025-02-17T22:32:20.168-0700] {processor.py:839} INFO - DAG(s) dict_keys(['example_bash_operator']) retrieved from /home/jparep/miniconda3/envs/dbt-env/lib/python3.11/site-packages/airflow/example_dags/example_bash_operator.py
[2025-02-17T22:32:20.194-0700] {logging_mixin.py:154} INFO - [2025-02-17T22:32:20.194-0700] {dag.py:2941} INFO - Sync 1 DAGs
[2025-02-17T22:32:20.215-0700] {logging_mixin.py:154} INFO - [2025-02-17T22:32:20.215-0700] {dag.py:3722} INFO - Setting next_dagrun for example_bash_operator to 2025-02-17T00:00:00+00:00, run_after=2025-02-18T00:00:00+00:00
[2025-02-17T22:32:20.237-0700] {processor.py:179} INFO - Processing /home/jparep/miniconda3/envs/dbt-env/lib/python3.11/site-packages/airflow/example_dags/example_bash_operator.py took 0.093 seconds
[2025-02-17T22:33:14.395-0700] {processor.py:157} INFO - Started process (PID=157133) to work on /home/jparep/miniconda3/envs/dbt-env/lib/python3.11/site-packages/airflow/example_dags/example_bash_operator.py
[2025-02-17T22:33:14.398-0700] {processor.py:829} INFO - Processing file /home/jparep/miniconda3/envs/dbt-env/lib/python3.11/site-packages/airflow/example_dags/example_bash_operator.py for tasks to queue
[2025-02-17T22:33:14.399-0700] {logging_mixin.py:154} INFO - [2025-02-17T22:33:14.399-0700] {dagbag.py:536} INFO - Filling up the DagBag from /home/jparep/miniconda3/envs/dbt-env/lib/python3.11/site-packages/airflow/example_dags/example_bash_operator.py
[2025-02-17T22:33:14.422-0700] {processor.py:839} INFO - DAG(s) dict_keys(['example_bash_operator']) retrieved from /home/jparep/miniconda3/envs/dbt-env/lib/python3.11/site-packages/airflow/example_dags/example_bash_operator.py
[2025-02-17T22:33:14.453-0700] {logging_mixin.py:154} INFO - [2025-02-17T22:33:14.453-0700] {dag.py:2941} INFO - Sync 1 DAGs
[2025-02-17T22:33:14.475-0700] {logging_mixin.py:154} INFO - [2025-02-17T22:33:14.475-0700] {dag.py:3722} INFO - Setting next_dagrun for example_bash_operator to 2025-02-17T00:00:00+00:00, run_after=2025-02-18T00:00:00+00:00
[2025-02-17T22:33:14.516-0700] {processor.py:179} INFO - Processing /home/jparep/miniconda3/envs/dbt-env/lib/python3.11/site-packages/airflow/example_dags/example_bash_operator.py took 0.126 seconds
[2025-02-17T22:33:57.459-0700] {processor.py:157} INFO - Started process (PID=157529) to work on /home/jparep/miniconda3/envs/dbt-env/lib/python3.11/site-packages/airflow/example_dags/example_bash_operator.py
[2025-02-17T22:33:57.461-0700] {processor.py:829} INFO - Processing file /home/jparep/miniconda3/envs/dbt-env/lib/python3.11/site-packages/airflow/example_dags/example_bash_operator.py for tasks to queue
[2025-02-17T22:33:57.462-0700] {logging_mixin.py:154} INFO - [2025-02-17T22:33:57.462-0700] {dagbag.py:536} INFO - Filling up the DagBag from /home/jparep/miniconda3/envs/dbt-env/lib/python3.11/site-packages/airflow/example_dags/example_bash_operator.py
[2025-02-17T22:33:57.474-0700] {processor.py:839} INFO - DAG(s) dict_keys(['example_bash_operator']) retrieved from /home/jparep/miniconda3/envs/dbt-env/lib/python3.11/site-packages/airflow/example_dags/example_bash_operator.py
[2025-02-17T22:33:57.492-0700] {logging_mixin.py:154} INFO - [2025-02-17T22:33:57.492-0700] {dag.py:2941} INFO - Sync 1 DAGs
[2025-02-17T22:33:57.506-0700] {logging_mixin.py:154} INFO - [2025-02-17T22:33:57.506-0700] {dag.py:3722} INFO - Setting next_dagrun for example_bash_operator to 2025-02-17T00:00:00+00:00, run_after=2025-02-18T00:00:00+00:00
[2025-02-17T22:33:57.522-0700] {processor.py:179} INFO - Processing /home/jparep/miniconda3/envs/dbt-env/lib/python3.11/site-packages/airflow/example_dags/example_bash_operator.py took 0.067 seconds
[2025-02-17T22:34:49.405-0700] {processor.py:157} INFO - Started process (PID=157936) to work on /home/jparep/miniconda3/envs/dbt-env/lib/python3.11/site-packages/airflow/example_dags/example_bash_operator.py
[2025-02-17T22:34:49.408-0700] {processor.py:829} INFO - Processing file /home/jparep/miniconda3/envs/dbt-env/lib/python3.11/site-packages/airflow/example_dags/example_bash_operator.py for tasks to queue
[2025-02-17T22:34:49.409-0700] {logging_mixin.py:154} INFO - [2025-02-17T22:34:49.409-0700] {dagbag.py:536} INFO - Filling up the DagBag from /home/jparep/miniconda3/envs/dbt-env/lib/python3.11/site-packages/airflow/example_dags/example_bash_operator.py
[2025-02-17T22:34:49.424-0700] {processor.py:839} INFO - DAG(s) dict_keys(['example_bash_operator']) retrieved from /home/jparep/miniconda3/envs/dbt-env/lib/python3.11/site-packages/airflow/example_dags/example_bash_operator.py
[2025-02-17T22:34:49.452-0700] {logging_mixin.py:154} INFO - [2025-02-17T22:34:49.452-0700] {dag.py:2941} INFO - Sync 1 DAGs
[2025-02-17T22:34:49.478-0700] {logging_mixin.py:154} INFO - [2025-02-17T22:34:49.478-0700] {dag.py:3722} INFO - Setting next_dagrun for example_bash_operator to 2025-02-17T00:00:00+00:00, run_after=2025-02-18T00:00:00+00:00
[2025-02-17T22:34:49.498-0700] {processor.py:179} INFO - Processing /home/jparep/miniconda3/envs/dbt-env/lib/python3.11/site-packages/airflow/example_dags/example_bash_operator.py took 0.098 seconds
[2025-02-17T22:35:45.040-0700] {processor.py:157} INFO - Started process (PID=158441) to work on /home/jparep/miniconda3/envs/dbt-env/lib/python3.11/site-packages/airflow/example_dags/example_bash_operator.py
[2025-02-17T22:35:45.042-0700] {processor.py:829} INFO - Processing file /home/jparep/miniconda3/envs/dbt-env/lib/python3.11/site-packages/airflow/example_dags/example_bash_operator.py for tasks to queue
[2025-02-17T22:35:45.044-0700] {logging_mixin.py:154} INFO - [2025-02-17T22:35:45.043-0700] {dagbag.py:536} INFO - Filling up the DagBag from /home/jparep/miniconda3/envs/dbt-env/lib/python3.11/site-packages/airflow/example_dags/example_bash_operator.py
[2025-02-17T22:35:45.059-0700] {processor.py:839} INFO - DAG(s) dict_keys(['example_bash_operator']) retrieved from /home/jparep/miniconda3/envs/dbt-env/lib/python3.11/site-packages/airflow/example_dags/example_bash_operator.py
[2025-02-17T22:35:45.082-0700] {logging_mixin.py:154} INFO - [2025-02-17T22:35:45.082-0700] {dag.py:2941} INFO - Sync 1 DAGs
[2025-02-17T22:35:45.098-0700] {logging_mixin.py:154} INFO - [2025-02-17T22:35:45.098-0700] {dag.py:3722} INFO - Setting next_dagrun for example_bash_operator to 2025-02-17T00:00:00+00:00, run_after=2025-02-18T00:00:00+00:00
[2025-02-17T22:35:45.120-0700] {processor.py:179} INFO - Processing /home/jparep/miniconda3/envs/dbt-env/lib/python3.11/site-packages/airflow/example_dags/example_bash_operator.py took 0.084 seconds
[2025-02-17T22:36:25.318-0700] {processor.py:157} INFO - Started process (PID=158694) to work on /home/jparep/miniconda3/envs/dbt-env/lib/python3.11/site-packages/airflow/example_dags/example_bash_operator.py
[2025-02-17T22:36:25.320-0700] {processor.py:829} INFO - Processing file /home/jparep/miniconda3/envs/dbt-env/lib/python3.11/site-packages/airflow/example_dags/example_bash_operator.py for tasks to queue
[2025-02-17T22:36:25.321-0700] {logging_mixin.py:154} INFO - [2025-02-17T22:36:25.320-0700] {dagbag.py:536} INFO - Filling up the DagBag from /home/jparep/miniconda3/envs/dbt-env/lib/python3.11/site-packages/airflow/example_dags/example_bash_operator.py
[2025-02-17T22:36:25.332-0700] {processor.py:839} INFO - DAG(s) dict_keys(['example_bash_operator']) retrieved from /home/jparep/miniconda3/envs/dbt-env/lib/python3.11/site-packages/airflow/example_dags/example_bash_operator.py
[2025-02-17T22:36:25.349-0700] {logging_mixin.py:154} INFO - [2025-02-17T22:36:25.349-0700] {dag.py:2941} INFO - Sync 1 DAGs
[2025-02-17T22:36:25.366-0700] {logging_mixin.py:154} INFO - [2025-02-17T22:36:25.366-0700] {dag.py:3722} INFO - Setting next_dagrun for example_bash_operator to 2025-02-17T00:00:00+00:00, run_after=2025-02-18T00:00:00+00:00
[2025-02-17T22:36:25.387-0700] {processor.py:179} INFO - Processing /home/jparep/miniconda3/envs/dbt-env/lib/python3.11/site-packages/airflow/example_dags/example_bash_operator.py took 0.073 seconds
[2025-02-17T22:37:04.261-0700] {processor.py:157} INFO - Started process (PID=159125) to work on /home/jparep/miniconda3/envs/dbt-env/lib/python3.11/site-packages/airflow/example_dags/example_bash_operator.py
[2025-02-17T22:37:04.263-0700] {processor.py:829} INFO - Processing file /home/jparep/miniconda3/envs/dbt-env/lib/python3.11/site-packages/airflow/example_dags/example_bash_operator.py for tasks to queue
[2025-02-17T22:37:04.265-0700] {logging_mixin.py:154} INFO - [2025-02-17T22:37:04.264-0700] {dagbag.py:536} INFO - Filling up the DagBag from /home/jparep/miniconda3/envs/dbt-env/lib/python3.11/site-packages/airflow/example_dags/example_bash_operator.py
[2025-02-17T22:37:04.281-0700] {processor.py:839} INFO - DAG(s) dict_keys(['example_bash_operator']) retrieved from /home/jparep/miniconda3/envs/dbt-env/lib/python3.11/site-packages/airflow/example_dags/example_bash_operator.py
[2025-02-17T22:37:04.307-0700] {logging_mixin.py:154} INFO - [2025-02-17T22:37:04.307-0700] {dag.py:2941} INFO - Sync 1 DAGs
[2025-02-17T22:37:04.331-0700] {logging_mixin.py:154} INFO - [2025-02-17T22:37:04.331-0700] {dag.py:3722} INFO - Setting next_dagrun for example_bash_operator to 2025-02-17T00:00:00+00:00, run_after=2025-02-18T00:00:00+00:00
[2025-02-17T22:37:04.358-0700] {processor.py:179} INFO - Processing /home/jparep/miniconda3/envs/dbt-env/lib/python3.11/site-packages/airflow/example_dags/example_bash_operator.py took 0.102 seconds
[2025-02-17T22:37:57.424-0700] {processor.py:157} INFO - Started process (PID=160266) to work on /home/jparep/miniconda3/envs/dbt-env/lib/python3.11/site-packages/airflow/example_dags/example_bash_operator.py
[2025-02-17T22:37:57.427-0700] {processor.py:829} INFO - Processing file /home/jparep/miniconda3/envs/dbt-env/lib/python3.11/site-packages/airflow/example_dags/example_bash_operator.py for tasks to queue
[2025-02-17T22:37:57.428-0700] {logging_mixin.py:154} INFO - [2025-02-17T22:37:57.428-0700] {dagbag.py:536} INFO - Filling up the DagBag from /home/jparep/miniconda3/envs/dbt-env/lib/python3.11/site-packages/airflow/example_dags/example_bash_operator.py
[2025-02-17T22:37:57.446-0700] {processor.py:839} INFO - DAG(s) dict_keys(['example_bash_operator']) retrieved from /home/jparep/miniconda3/envs/dbt-env/lib/python3.11/site-packages/airflow/example_dags/example_bash_operator.py
[2025-02-17T22:37:57.475-0700] {logging_mixin.py:154} INFO - [2025-02-17T22:37:57.475-0700] {dag.py:2941} INFO - Sync 1 DAGs
[2025-02-17T22:37:57.497-0700] {logging_mixin.py:154} INFO - [2025-02-17T22:37:57.497-0700] {dag.py:3722} INFO - Setting next_dagrun for example_bash_operator to 2025-02-17T00:00:00+00:00, run_after=2025-02-18T00:00:00+00:00
[2025-02-17T22:37:57.514-0700] {processor.py:179} INFO - Processing /home/jparep/miniconda3/envs/dbt-env/lib/python3.11/site-packages/airflow/example_dags/example_bash_operator.py took 0.094 seconds
[2025-02-17T22:38:51.595-0700] {processor.py:157} INFO - Started process (PID=160782) to work on /home/jparep/miniconda3/envs/dbt-env/lib/python3.11/site-packages/airflow/example_dags/example_bash_operator.py
[2025-02-17T22:38:51.597-0700] {processor.py:829} INFO - Processing file /home/jparep/miniconda3/envs/dbt-env/lib/python3.11/site-packages/airflow/example_dags/example_bash_operator.py for tasks to queue
[2025-02-17T22:38:51.597-0700] {logging_mixin.py:154} INFO - [2025-02-17T22:38:51.597-0700] {dagbag.py:536} INFO - Filling up the DagBag from /home/jparep/miniconda3/envs/dbt-env/lib/python3.11/site-packages/airflow/example_dags/example_bash_operator.py
[2025-02-17T22:38:51.609-0700] {processor.py:839} INFO - DAG(s) dict_keys(['example_bash_operator']) retrieved from /home/jparep/miniconda3/envs/dbt-env/lib/python3.11/site-packages/airflow/example_dags/example_bash_operator.py
[2025-02-17T22:38:51.635-0700] {logging_mixin.py:154} INFO - [2025-02-17T22:38:51.635-0700] {dag.py:2941} INFO - Sync 1 DAGs
[2025-02-17T22:38:51.656-0700] {logging_mixin.py:154} INFO - [2025-02-17T22:38:51.656-0700] {dag.py:3722} INFO - Setting next_dagrun for example_bash_operator to 2025-02-17T00:00:00+00:00, run_after=2025-02-18T00:00:00+00:00
[2025-02-17T22:38:51.678-0700] {processor.py:179} INFO - Processing /home/jparep/miniconda3/envs/dbt-env/lib/python3.11/site-packages/airflow/example_dags/example_bash_operator.py took 0.086 seconds
[2025-02-17T22:39:44.471-0700] {processor.py:157} INFO - Started process (PID=161248) to work on /home/jparep/miniconda3/envs/dbt-env/lib/python3.11/site-packages/airflow/example_dags/example_bash_operator.py
[2025-02-17T22:39:44.474-0700] {processor.py:829} INFO - Processing file /home/jparep/miniconda3/envs/dbt-env/lib/python3.11/site-packages/airflow/example_dags/example_bash_operator.py for tasks to queue
[2025-02-17T22:39:44.475-0700] {logging_mixin.py:154} INFO - [2025-02-17T22:39:44.474-0700] {dagbag.py:536} INFO - Filling up the DagBag from /home/jparep/miniconda3/envs/dbt-env/lib/python3.11/site-packages/airflow/example_dags/example_bash_operator.py
[2025-02-17T22:39:44.487-0700] {processor.py:839} INFO - DAG(s) dict_keys(['example_bash_operator']) retrieved from /home/jparep/miniconda3/envs/dbt-env/lib/python3.11/site-packages/airflow/example_dags/example_bash_operator.py
[2025-02-17T22:39:44.505-0700] {logging_mixin.py:154} INFO - [2025-02-17T22:39:44.505-0700] {dag.py:2941} INFO - Sync 1 DAGs
[2025-02-17T22:39:44.520-0700] {logging_mixin.py:154} INFO - [2025-02-17T22:39:44.520-0700] {dag.py:3722} INFO - Setting next_dagrun for example_bash_operator to 2025-02-17T00:00:00+00:00, run_after=2025-02-18T00:00:00+00:00
[2025-02-17T22:39:44.535-0700] {processor.py:179} INFO - Processing /home/jparep/miniconda3/envs/dbt-env/lib/python3.11/site-packages/airflow/example_dags/example_bash_operator.py took 0.070 seconds
[2025-02-17T22:40:21.874-0700] {processor.py:157} INFO - Started process (PID=161619) to work on /home/jparep/miniconda3/envs/dbt-env/lib/python3.11/site-packages/airflow/example_dags/example_bash_operator.py
[2025-02-17T22:40:21.877-0700] {processor.py:829} INFO - Processing file /home/jparep/miniconda3/envs/dbt-env/lib/python3.11/site-packages/airflow/example_dags/example_bash_operator.py for tasks to queue
[2025-02-17T22:40:21.878-0700] {logging_mixin.py:154} INFO - [2025-02-17T22:40:21.878-0700] {dagbag.py:536} INFO - Filling up the DagBag from /home/jparep/miniconda3/envs/dbt-env/lib/python3.11/site-packages/airflow/example_dags/example_bash_operator.py
[2025-02-17T22:40:21.894-0700] {processor.py:839} INFO - DAG(s) dict_keys(['example_bash_operator']) retrieved from /home/jparep/miniconda3/envs/dbt-env/lib/python3.11/site-packages/airflow/example_dags/example_bash_operator.py
[2025-02-17T22:40:21.927-0700] {logging_mixin.py:154} INFO - [2025-02-17T22:40:21.926-0700] {dag.py:2941} INFO - Sync 1 DAGs
[2025-02-17T22:40:21.949-0700] {logging_mixin.py:154} INFO - [2025-02-17T22:40:21.949-0700] {dag.py:3722} INFO - Setting next_dagrun for example_bash_operator to 2025-02-17T00:00:00+00:00, run_after=2025-02-18T00:00:00+00:00
[2025-02-17T22:40:21.972-0700] {processor.py:179} INFO - Processing /home/jparep/miniconda3/envs/dbt-env/lib/python3.11/site-packages/airflow/example_dags/example_bash_operator.py took 0.101 seconds
[2025-02-17T22:41:00.532-0700] {processor.py:157} INFO - Started process (PID=161884) to work on /home/jparep/miniconda3/envs/dbt-env/lib/python3.11/site-packages/airflow/example_dags/example_bash_operator.py
[2025-02-17T22:41:00.535-0700] {processor.py:829} INFO - Processing file /home/jparep/miniconda3/envs/dbt-env/lib/python3.11/site-packages/airflow/example_dags/example_bash_operator.py for tasks to queue
[2025-02-17T22:41:00.536-0700] {logging_mixin.py:154} INFO - [2025-02-17T22:41:00.536-0700] {dagbag.py:536} INFO - Filling up the DagBag from /home/jparep/miniconda3/envs/dbt-env/lib/python3.11/site-packages/airflow/example_dags/example_bash_operator.py
[2025-02-17T22:41:00.556-0700] {processor.py:839} INFO - DAG(s) dict_keys(['example_bash_operator']) retrieved from /home/jparep/miniconda3/envs/dbt-env/lib/python3.11/site-packages/airflow/example_dags/example_bash_operator.py
[2025-02-17T22:41:00.590-0700] {logging_mixin.py:154} INFO - [2025-02-17T22:41:00.589-0700] {dag.py:2941} INFO - Sync 1 DAGs
[2025-02-17T22:41:00.611-0700] {logging_mixin.py:154} INFO - [2025-02-17T22:41:00.610-0700] {dag.py:3722} INFO - Setting next_dagrun for example_bash_operator to 2025-02-17T00:00:00+00:00, run_after=2025-02-18T00:00:00+00:00
[2025-02-17T22:41:00.636-0700] {processor.py:179} INFO - Processing /home/jparep/miniconda3/envs/dbt-env/lib/python3.11/site-packages/airflow/example_dags/example_bash_operator.py took 0.109 seconds
