[2025-02-17T22:15:38.063-0700] {processor.py:157} INFO - Started process (PID=148393) to work on /home/jparep/miniconda3/envs/dbt-env/lib/python3.11/site-packages/airflow/example_dags/example_task_group.py
[2025-02-17T22:15:38.065-0700] {processor.py:829} INFO - Processing file /home/jparep/miniconda3/envs/dbt-env/lib/python3.11/site-packages/airflow/example_dags/example_task_group.py for tasks to queue
[2025-02-17T22:15:38.067-0700] {logging_mixin.py:154} INFO - [2025-02-17T22:15:38.067-0700] {dagbag.py:536} INFO - Filling up the DagBag from /home/jparep/miniconda3/envs/dbt-env/lib/python3.11/site-packages/airflow/example_dags/example_task_group.py
[2025-02-17T22:15:38.082-0700] {processor.py:839} INFO - DAG(s) dict_keys(['example_task_group']) retrieved from /home/jparep/miniconda3/envs/dbt-env/lib/python3.11/site-packages/airflow/example_dags/example_task_group.py
[2025-02-17T22:15:38.185-0700] {logging_mixin.py:154} INFO - [2025-02-17T22:15:38.185-0700] {manager.py:499} INFO - Created Permission View: %s
[2025-02-17T22:15:38.196-0700] {logging_mixin.py:154} INFO - [2025-02-17T22:15:38.196-0700] {manager.py:499} INFO - Created Permission View: %s
[2025-02-17T22:15:38.207-0700] {logging_mixin.py:154} INFO - [2025-02-17T22:15:38.207-0700] {manager.py:499} INFO - Created Permission View: %s
[2025-02-17T22:15:38.207-0700] {logging_mixin.py:154} INFO - [2025-02-17T22:15:38.207-0700] {dag.py:2941} INFO - Sync 1 DAGs
[2025-02-17T22:15:38.218-0700] {logging_mixin.py:154} INFO - [2025-02-17T22:15:38.217-0700] {dag.py:2963} INFO - Creating ORM DAG for example_task_group
[2025-02-17T22:15:38.322-0700] {logging_mixin.py:154} INFO - [2025-02-17T22:15:38.322-0700] {dag.py:3722} INFO - Setting next_dagrun for example_task_group to 2025-02-17T05:15:38.322365+00:00, run_after=2025-02-18T05:15:38.322365+00:00
[2025-02-17T22:15:38.342-0700] {processor.py:179} INFO - Processing /home/jparep/miniconda3/envs/dbt-env/lib/python3.11/site-packages/airflow/example_dags/example_task_group.py took 0.284 seconds
[2025-02-17T22:16:38.185-0700] {processor.py:157} INFO - Started process (PID=148781) to work on /home/jparep/miniconda3/envs/dbt-env/lib/python3.11/site-packages/airflow/example_dags/example_task_group.py
[2025-02-17T22:16:38.188-0700] {processor.py:829} INFO - Processing file /home/jparep/miniconda3/envs/dbt-env/lib/python3.11/site-packages/airflow/example_dags/example_task_group.py for tasks to queue
[2025-02-17T22:16:38.189-0700] {logging_mixin.py:154} INFO - [2025-02-17T22:16:38.189-0700] {dagbag.py:536} INFO - Filling up the DagBag from /home/jparep/miniconda3/envs/dbt-env/lib/python3.11/site-packages/airflow/example_dags/example_task_group.py
[2025-02-17T22:16:38.204-0700] {processor.py:839} INFO - DAG(s) dict_keys(['example_task_group']) retrieved from /home/jparep/miniconda3/envs/dbt-env/lib/python3.11/site-packages/airflow/example_dags/example_task_group.py
[2025-02-17T22:16:38.230-0700] {logging_mixin.py:154} INFO - [2025-02-17T22:16:38.230-0700] {dag.py:2941} INFO - Sync 1 DAGs
[2025-02-17T22:16:38.353-0700] {logging_mixin.py:154} INFO - [2025-02-17T22:16:38.353-0700] {dag.py:3722} INFO - Setting next_dagrun for example_task_group to 2025-02-17T05:16:38.353379+00:00, run_after=2025-02-18T05:16:38.353379+00:00
[2025-02-17T22:16:38.383-0700] {processor.py:179} INFO - Processing /home/jparep/miniconda3/envs/dbt-env/lib/python3.11/site-packages/airflow/example_dags/example_task_group.py took 0.205 seconds
[2025-02-17T22:17:25.531-0700] {processor.py:157} INFO - Started process (PID=149202) to work on /home/jparep/miniconda3/envs/dbt-env/lib/python3.11/site-packages/airflow/example_dags/example_task_group.py
[2025-02-17T22:17:25.532-0700] {processor.py:829} INFO - Processing file /home/jparep/miniconda3/envs/dbt-env/lib/python3.11/site-packages/airflow/example_dags/example_task_group.py for tasks to queue
[2025-02-17T22:17:25.533-0700] {logging_mixin.py:154} INFO - [2025-02-17T22:17:25.533-0700] {dagbag.py:536} INFO - Filling up the DagBag from /home/jparep/miniconda3/envs/dbt-env/lib/python3.11/site-packages/airflow/example_dags/example_task_group.py
[2025-02-17T22:17:25.545-0700] {processor.py:839} INFO - DAG(s) dict_keys(['example_task_group']) retrieved from /home/jparep/miniconda3/envs/dbt-env/lib/python3.11/site-packages/airflow/example_dags/example_task_group.py
[2025-02-17T22:17:25.664-0700] {logging_mixin.py:154} INFO - [2025-02-17T22:17:25.664-0700] {dag.py:2941} INFO - Sync 1 DAGs
[2025-02-17T22:17:25.685-0700] {logging_mixin.py:154} INFO - [2025-02-17T22:17:25.685-0700] {dag.py:3722} INFO - Setting next_dagrun for example_task_group to 2025-02-17T05:17:25.685580+00:00, run_after=2025-02-18T05:17:25.685580+00:00
[2025-02-17T22:17:25.704-0700] {processor.py:179} INFO - Processing /home/jparep/miniconda3/envs/dbt-env/lib/python3.11/site-packages/airflow/example_dags/example_task_group.py took 0.178 seconds
[2025-02-17T22:18:09.779-0700] {processor.py:157} INFO - Started process (PID=149484) to work on /home/jparep/miniconda3/envs/dbt-env/lib/python3.11/site-packages/airflow/example_dags/example_task_group.py
[2025-02-17T22:18:09.782-0700] {processor.py:829} INFO - Processing file /home/jparep/miniconda3/envs/dbt-env/lib/python3.11/site-packages/airflow/example_dags/example_task_group.py for tasks to queue
[2025-02-17T22:18:09.783-0700] {logging_mixin.py:154} INFO - [2025-02-17T22:18:09.783-0700] {dagbag.py:536} INFO - Filling up the DagBag from /home/jparep/miniconda3/envs/dbt-env/lib/python3.11/site-packages/airflow/example_dags/example_task_group.py
[2025-02-17T22:18:09.802-0700] {processor.py:839} INFO - DAG(s) dict_keys(['example_task_group']) retrieved from /home/jparep/miniconda3/envs/dbt-env/lib/python3.11/site-packages/airflow/example_dags/example_task_group.py
[2025-02-17T22:18:09.825-0700] {logging_mixin.py:154} INFO - [2025-02-17T22:18:09.825-0700] {dag.py:2941} INFO - Sync 1 DAGs
[2025-02-17T22:18:09.848-0700] {logging_mixin.py:154} INFO - [2025-02-17T22:18:09.848-0700] {dag.py:3722} INFO - Setting next_dagrun for example_task_group to 2025-02-17T05:18:09.847853+00:00, run_after=2025-02-18T05:18:09.847853+00:00
[2025-02-17T22:18:09.867-0700] {processor.py:179} INFO - Processing /home/jparep/miniconda3/envs/dbt-env/lib/python3.11/site-packages/airflow/example_dags/example_task_group.py took 0.096 seconds
[2025-02-17T22:18:51.203-0700] {processor.py:157} INFO - Started process (PID=149913) to work on /home/jparep/miniconda3/envs/dbt-env/lib/python3.11/site-packages/airflow/example_dags/example_task_group.py
[2025-02-17T22:18:51.205-0700] {processor.py:829} INFO - Processing file /home/jparep/miniconda3/envs/dbt-env/lib/python3.11/site-packages/airflow/example_dags/example_task_group.py for tasks to queue
[2025-02-17T22:18:51.207-0700] {logging_mixin.py:154} INFO - [2025-02-17T22:18:51.206-0700] {dagbag.py:536} INFO - Filling up the DagBag from /home/jparep/miniconda3/envs/dbt-env/lib/python3.11/site-packages/airflow/example_dags/example_task_group.py
[2025-02-17T22:18:51.219-0700] {processor.py:839} INFO - DAG(s) dict_keys(['example_task_group']) retrieved from /home/jparep/miniconda3/envs/dbt-env/lib/python3.11/site-packages/airflow/example_dags/example_task_group.py
[2025-02-17T22:18:51.235-0700] {logging_mixin.py:154} INFO - [2025-02-17T22:18:51.235-0700] {dag.py:2941} INFO - Sync 1 DAGs
[2025-02-17T22:18:51.250-0700] {logging_mixin.py:154} INFO - [2025-02-17T22:18:51.250-0700] {dag.py:3722} INFO - Setting next_dagrun for example_task_group to 2025-02-17T05:18:51.250513+00:00, run_after=2025-02-18T05:18:51.250513+00:00
[2025-02-17T22:18:51.268-0700] {processor.py:179} INFO - Processing /home/jparep/miniconda3/envs/dbt-env/lib/python3.11/site-packages/airflow/example_dags/example_task_group.py took 0.071 seconds
[2025-02-17T22:19:26.472-0700] {processor.py:157} INFO - Started process (PID=150140) to work on /home/jparep/miniconda3/envs/dbt-env/lib/python3.11/site-packages/airflow/example_dags/example_task_group.py
[2025-02-17T22:19:26.475-0700] {processor.py:829} INFO - Processing file /home/jparep/miniconda3/envs/dbt-env/lib/python3.11/site-packages/airflow/example_dags/example_task_group.py for tasks to queue
[2025-02-17T22:19:26.475-0700] {logging_mixin.py:154} INFO - [2025-02-17T22:19:26.475-0700] {dagbag.py:536} INFO - Filling up the DagBag from /home/jparep/miniconda3/envs/dbt-env/lib/python3.11/site-packages/airflow/example_dags/example_task_group.py
[2025-02-17T22:19:26.485-0700] {processor.py:839} INFO - DAG(s) dict_keys(['example_task_group']) retrieved from /home/jparep/miniconda3/envs/dbt-env/lib/python3.11/site-packages/airflow/example_dags/example_task_group.py
[2025-02-17T22:19:26.500-0700] {logging_mixin.py:154} INFO - [2025-02-17T22:19:26.500-0700] {dag.py:2941} INFO - Sync 1 DAGs
[2025-02-17T22:19:26.516-0700] {logging_mixin.py:154} INFO - [2025-02-17T22:19:26.516-0700] {dag.py:3722} INFO - Setting next_dagrun for example_task_group to 2025-02-17T05:19:26.516007+00:00, run_after=2025-02-18T05:19:26.516007+00:00
[2025-02-17T22:19:26.536-0700] {processor.py:179} INFO - Processing /home/jparep/miniconda3/envs/dbt-env/lib/python3.11/site-packages/airflow/example_dags/example_task_group.py took 0.067 seconds
[2025-02-17T22:20:06.647-0700] {processor.py:157} INFO - Started process (PID=150580) to work on /home/jparep/miniconda3/envs/dbt-env/lib/python3.11/site-packages/airflow/example_dags/example_task_group.py
[2025-02-17T22:20:06.650-0700] {processor.py:829} INFO - Processing file /home/jparep/miniconda3/envs/dbt-env/lib/python3.11/site-packages/airflow/example_dags/example_task_group.py for tasks to queue
[2025-02-17T22:20:06.651-0700] {logging_mixin.py:154} INFO - [2025-02-17T22:20:06.650-0700] {dagbag.py:536} INFO - Filling up the DagBag from /home/jparep/miniconda3/envs/dbt-env/lib/python3.11/site-packages/airflow/example_dags/example_task_group.py
[2025-02-17T22:20:06.664-0700] {processor.py:839} INFO - DAG(s) dict_keys(['example_task_group']) retrieved from /home/jparep/miniconda3/envs/dbt-env/lib/python3.11/site-packages/airflow/example_dags/example_task_group.py
[2025-02-17T22:20:06.689-0700] {logging_mixin.py:154} INFO - [2025-02-17T22:20:06.688-0700] {dag.py:2941} INFO - Sync 1 DAGs
[2025-02-17T22:20:06.716-0700] {logging_mixin.py:154} INFO - [2025-02-17T22:20:06.716-0700] {dag.py:3722} INFO - Setting next_dagrun for example_task_group to 2025-02-17T05:20:06.716148+00:00, run_after=2025-02-18T05:20:06.716148+00:00
[2025-02-17T22:20:06.746-0700] {processor.py:179} INFO - Processing /home/jparep/miniconda3/envs/dbt-env/lib/python3.11/site-packages/airflow/example_dags/example_task_group.py took 0.104 seconds
[2025-02-17T22:20:46.238-0700] {processor.py:157} INFO - Started process (PID=151006) to work on /home/jparep/miniconda3/envs/dbt-env/lib/python3.11/site-packages/airflow/example_dags/example_task_group.py
[2025-02-17T22:20:46.241-0700] {processor.py:829} INFO - Processing file /home/jparep/miniconda3/envs/dbt-env/lib/python3.11/site-packages/airflow/example_dags/example_task_group.py for tasks to queue
[2025-02-17T22:20:46.242-0700] {logging_mixin.py:154} INFO - [2025-02-17T22:20:46.241-0700] {dagbag.py:536} INFO - Filling up the DagBag from /home/jparep/miniconda3/envs/dbt-env/lib/python3.11/site-packages/airflow/example_dags/example_task_group.py
[2025-02-17T22:20:46.255-0700] {processor.py:839} INFO - DAG(s) dict_keys(['example_task_group']) retrieved from /home/jparep/miniconda3/envs/dbt-env/lib/python3.11/site-packages/airflow/example_dags/example_task_group.py
[2025-02-17T22:20:46.277-0700] {logging_mixin.py:154} INFO - [2025-02-17T22:20:46.277-0700] {dag.py:2941} INFO - Sync 1 DAGs
[2025-02-17T22:20:46.301-0700] {logging_mixin.py:154} INFO - [2025-02-17T22:20:46.300-0700] {dag.py:3722} INFO - Setting next_dagrun for example_task_group to 2025-02-17T05:20:46.300439+00:00, run_after=2025-02-18T05:20:46.300439+00:00
[2025-02-17T22:20:46.331-0700] {processor.py:179} INFO - Processing /home/jparep/miniconda3/envs/dbt-env/lib/python3.11/site-packages/airflow/example_dags/example_task_group.py took 0.098 seconds
[2025-02-17T22:21:22.509-0700] {processor.py:157} INFO - Started process (PID=151234) to work on /home/jparep/miniconda3/envs/dbt-env/lib/python3.11/site-packages/airflow/example_dags/example_task_group.py
[2025-02-17T22:21:22.512-0700] {processor.py:829} INFO - Processing file /home/jparep/miniconda3/envs/dbt-env/lib/python3.11/site-packages/airflow/example_dags/example_task_group.py for tasks to queue
[2025-02-17T22:21:22.513-0700] {logging_mixin.py:154} INFO - [2025-02-17T22:21:22.513-0700] {dagbag.py:536} INFO - Filling up the DagBag from /home/jparep/miniconda3/envs/dbt-env/lib/python3.11/site-packages/airflow/example_dags/example_task_group.py
[2025-02-17T22:21:22.527-0700] {processor.py:839} INFO - DAG(s) dict_keys(['example_task_group']) retrieved from /home/jparep/miniconda3/envs/dbt-env/lib/python3.11/site-packages/airflow/example_dags/example_task_group.py
[2025-02-17T22:21:22.549-0700] {logging_mixin.py:154} INFO - [2025-02-17T22:21:22.549-0700] {dag.py:2941} INFO - Sync 1 DAGs
[2025-02-17T22:21:22.567-0700] {logging_mixin.py:154} INFO - [2025-02-17T22:21:22.567-0700] {dag.py:3722} INFO - Setting next_dagrun for example_task_group to 2025-02-17T05:21:22.567486+00:00, run_after=2025-02-18T05:21:22.567486+00:00
[2025-02-17T22:21:22.595-0700] {processor.py:179} INFO - Processing /home/jparep/miniconda3/envs/dbt-env/lib/python3.11/site-packages/airflow/example_dags/example_task_group.py took 0.090 seconds
[2025-02-17T22:21:55.213-0700] {processor.py:157} INFO - Started process (PID=151589) to work on /home/jparep/miniconda3/envs/dbt-env/lib/python3.11/site-packages/airflow/example_dags/example_task_group.py
[2025-02-17T22:21:55.215-0700] {processor.py:829} INFO - Processing file /home/jparep/miniconda3/envs/dbt-env/lib/python3.11/site-packages/airflow/example_dags/example_task_group.py for tasks to queue
[2025-02-17T22:21:55.216-0700] {logging_mixin.py:154} INFO - [2025-02-17T22:21:55.215-0700] {dagbag.py:536} INFO - Filling up the DagBag from /home/jparep/miniconda3/envs/dbt-env/lib/python3.11/site-packages/airflow/example_dags/example_task_group.py
[2025-02-17T22:21:55.228-0700] {processor.py:839} INFO - DAG(s) dict_keys(['example_task_group']) retrieved from /home/jparep/miniconda3/envs/dbt-env/lib/python3.11/site-packages/airflow/example_dags/example_task_group.py
[2025-02-17T22:21:55.251-0700] {logging_mixin.py:154} INFO - [2025-02-17T22:21:55.250-0700] {dag.py:2941} INFO - Sync 1 DAGs
[2025-02-17T22:21:55.274-0700] {logging_mixin.py:154} INFO - [2025-02-17T22:21:55.274-0700] {dag.py:3722} INFO - Setting next_dagrun for example_task_group to 2025-02-17T05:21:55.273810+00:00, run_after=2025-02-18T05:21:55.273810+00:00
[2025-02-17T22:21:55.294-0700] {processor.py:179} INFO - Processing /home/jparep/miniconda3/envs/dbt-env/lib/python3.11/site-packages/airflow/example_dags/example_task_group.py took 0.086 seconds
[2025-02-17T22:22:31.082-0700] {processor.py:157} INFO - Started process (PID=151726) to work on /home/jparep/miniconda3/envs/dbt-env/lib/python3.11/site-packages/airflow/example_dags/example_task_group.py
[2025-02-17T22:22:31.085-0700] {processor.py:829} INFO - Processing file /home/jparep/miniconda3/envs/dbt-env/lib/python3.11/site-packages/airflow/example_dags/example_task_group.py for tasks to queue
[2025-02-17T22:22:31.086-0700] {logging_mixin.py:154} INFO - [2025-02-17T22:22:31.086-0700] {dagbag.py:536} INFO - Filling up the DagBag from /home/jparep/miniconda3/envs/dbt-env/lib/python3.11/site-packages/airflow/example_dags/example_task_group.py
[2025-02-17T22:22:31.099-0700] {processor.py:839} INFO - DAG(s) dict_keys(['example_task_group']) retrieved from /home/jparep/miniconda3/envs/dbt-env/lib/python3.11/site-packages/airflow/example_dags/example_task_group.py
[2025-02-17T22:22:31.121-0700] {logging_mixin.py:154} INFO - [2025-02-17T22:22:31.121-0700] {dag.py:2941} INFO - Sync 1 DAGs
[2025-02-17T22:22:31.140-0700] {logging_mixin.py:154} INFO - [2025-02-17T22:22:31.139-0700] {dag.py:3722} INFO - Setting next_dagrun for example_task_group to 2025-02-17T05:22:31.139661+00:00, run_after=2025-02-18T05:22:31.139661+00:00
[2025-02-17T22:22:31.160-0700] {processor.py:179} INFO - Processing /home/jparep/miniconda3/envs/dbt-env/lib/python3.11/site-packages/airflow/example_dags/example_task_group.py took 0.082 seconds
[2025-02-17T22:23:05.876-0700] {processor.py:157} INFO - Started process (PID=152045) to work on /home/jparep/miniconda3/envs/dbt-env/lib/python3.11/site-packages/airflow/example_dags/example_task_group.py
[2025-02-17T22:23:05.879-0700] {processor.py:829} INFO - Processing file /home/jparep/miniconda3/envs/dbt-env/lib/python3.11/site-packages/airflow/example_dags/example_task_group.py for tasks to queue
[2025-02-17T22:23:05.881-0700] {logging_mixin.py:154} INFO - [2025-02-17T22:23:05.880-0700] {dagbag.py:536} INFO - Filling up the DagBag from /home/jparep/miniconda3/envs/dbt-env/lib/python3.11/site-packages/airflow/example_dags/example_task_group.py
[2025-02-17T22:23:05.893-0700] {processor.py:839} INFO - DAG(s) dict_keys(['example_task_group']) retrieved from /home/jparep/miniconda3/envs/dbt-env/lib/python3.11/site-packages/airflow/example_dags/example_task_group.py
[2025-02-17T22:23:05.917-0700] {logging_mixin.py:154} INFO - [2025-02-17T22:23:05.917-0700] {dag.py:2941} INFO - Sync 1 DAGs
[2025-02-17T22:23:05.941-0700] {logging_mixin.py:154} INFO - [2025-02-17T22:23:05.941-0700] {dag.py:3722} INFO - Setting next_dagrun for example_task_group to 2025-02-17T05:23:05.940741+00:00, run_after=2025-02-18T05:23:05.940741+00:00
[2025-02-17T22:23:05.962-0700] {processor.py:179} INFO - Processing /home/jparep/miniconda3/envs/dbt-env/lib/python3.11/site-packages/airflow/example_dags/example_task_group.py took 0.090 seconds
[2025-02-17T22:23:41.988-0700] {processor.py:157} INFO - Started process (PID=152272) to work on /home/jparep/miniconda3/envs/dbt-env/lib/python3.11/site-packages/airflow/example_dags/example_task_group.py
[2025-02-17T22:23:41.991-0700] {processor.py:829} INFO - Processing file /home/jparep/miniconda3/envs/dbt-env/lib/python3.11/site-packages/airflow/example_dags/example_task_group.py for tasks to queue
[2025-02-17T22:23:41.992-0700] {logging_mixin.py:154} INFO - [2025-02-17T22:23:41.992-0700] {dagbag.py:536} INFO - Filling up the DagBag from /home/jparep/miniconda3/envs/dbt-env/lib/python3.11/site-packages/airflow/example_dags/example_task_group.py
[2025-02-17T22:23:42.006-0700] {processor.py:839} INFO - DAG(s) dict_keys(['example_task_group']) retrieved from /home/jparep/miniconda3/envs/dbt-env/lib/python3.11/site-packages/airflow/example_dags/example_task_group.py
[2025-02-17T22:23:42.024-0700] {logging_mixin.py:154} INFO - [2025-02-17T22:23:42.024-0700] {dag.py:2941} INFO - Sync 1 DAGs
[2025-02-17T22:23:42.041-0700] {logging_mixin.py:154} INFO - [2025-02-17T22:23:42.041-0700] {dag.py:3722} INFO - Setting next_dagrun for example_task_group to 2025-02-17T05:23:42.041242+00:00, run_after=2025-02-18T05:23:42.041242+00:00
[2025-02-17T22:23:42.063-0700] {processor.py:179} INFO - Processing /home/jparep/miniconda3/envs/dbt-env/lib/python3.11/site-packages/airflow/example_dags/example_task_group.py took 0.079 seconds
[2025-02-17T22:24:19.276-0700] {processor.py:157} INFO - Started process (PID=152687) to work on /home/jparep/miniconda3/envs/dbt-env/lib/python3.11/site-packages/airflow/example_dags/example_task_group.py
[2025-02-17T22:24:19.279-0700] {processor.py:829} INFO - Processing file /home/jparep/miniconda3/envs/dbt-env/lib/python3.11/site-packages/airflow/example_dags/example_task_group.py for tasks to queue
[2025-02-17T22:24:19.281-0700] {logging_mixin.py:154} INFO - [2025-02-17T22:24:19.280-0700] {dagbag.py:536} INFO - Filling up the DagBag from /home/jparep/miniconda3/envs/dbt-env/lib/python3.11/site-packages/airflow/example_dags/example_task_group.py
[2025-02-17T22:24:19.293-0700] {processor.py:839} INFO - DAG(s) dict_keys(['example_task_group']) retrieved from /home/jparep/miniconda3/envs/dbt-env/lib/python3.11/site-packages/airflow/example_dags/example_task_group.py
[2025-02-17T22:24:19.314-0700] {logging_mixin.py:154} INFO - [2025-02-17T22:24:19.314-0700] {dag.py:2941} INFO - Sync 1 DAGs
[2025-02-17T22:24:19.340-0700] {logging_mixin.py:154} INFO - [2025-02-17T22:24:19.340-0700] {dag.py:3722} INFO - Setting next_dagrun for example_task_group to 2025-02-17T05:24:19.339756+00:00, run_after=2025-02-18T05:24:19.339756+00:00
[2025-02-17T22:24:19.374-0700] {processor.py:179} INFO - Processing /home/jparep/miniconda3/envs/dbt-env/lib/python3.11/site-packages/airflow/example_dags/example_task_group.py took 0.102 seconds
[2025-02-17T22:24:54.306-0700] {processor.py:157} INFO - Started process (PID=152912) to work on /home/jparep/miniconda3/envs/dbt-env/lib/python3.11/site-packages/airflow/example_dags/example_task_group.py
[2025-02-17T22:24:54.309-0700] {processor.py:829} INFO - Processing file /home/jparep/miniconda3/envs/dbt-env/lib/python3.11/site-packages/airflow/example_dags/example_task_group.py for tasks to queue
[2025-02-17T22:24:54.310-0700] {logging_mixin.py:154} INFO - [2025-02-17T22:24:54.309-0700] {dagbag.py:536} INFO - Filling up the DagBag from /home/jparep/miniconda3/envs/dbt-env/lib/python3.11/site-packages/airflow/example_dags/example_task_group.py
[2025-02-17T22:24:54.323-0700] {processor.py:839} INFO - DAG(s) dict_keys(['example_task_group']) retrieved from /home/jparep/miniconda3/envs/dbt-env/lib/python3.11/site-packages/airflow/example_dags/example_task_group.py
[2025-02-17T22:24:54.344-0700] {logging_mixin.py:154} INFO - [2025-02-17T22:24:54.344-0700] {dag.py:2941} INFO - Sync 1 DAGs
[2025-02-17T22:24:54.362-0700] {logging_mixin.py:154} INFO - [2025-02-17T22:24:54.362-0700] {dag.py:3722} INFO - Setting next_dagrun for example_task_group to 2025-02-17T05:24:54.361761+00:00, run_after=2025-02-18T05:24:54.361761+00:00
[2025-02-17T22:24:54.384-0700] {processor.py:179} INFO - Processing /home/jparep/miniconda3/envs/dbt-env/lib/python3.11/site-packages/airflow/example_dags/example_task_group.py took 0.083 seconds
[2025-02-17T22:25:34.219-0700] {processor.py:157} INFO - Started process (PID=153341) to work on /home/jparep/miniconda3/envs/dbt-env/lib/python3.11/site-packages/airflow/example_dags/example_task_group.py
[2025-02-17T22:25:34.221-0700] {processor.py:829} INFO - Processing file /home/jparep/miniconda3/envs/dbt-env/lib/python3.11/site-packages/airflow/example_dags/example_task_group.py for tasks to queue
[2025-02-17T22:25:34.222-0700] {logging_mixin.py:154} INFO - [2025-02-17T22:25:34.221-0700] {dagbag.py:536} INFO - Filling up the DagBag from /home/jparep/miniconda3/envs/dbt-env/lib/python3.11/site-packages/airflow/example_dags/example_task_group.py
[2025-02-17T22:25:34.235-0700] {processor.py:839} INFO - DAG(s) dict_keys(['example_task_group']) retrieved from /home/jparep/miniconda3/envs/dbt-env/lib/python3.11/site-packages/airflow/example_dags/example_task_group.py
[2025-02-17T22:25:34.260-0700] {logging_mixin.py:154} INFO - [2025-02-17T22:25:34.260-0700] {dag.py:2941} INFO - Sync 1 DAGs
[2025-02-17T22:25:34.290-0700] {logging_mixin.py:154} INFO - [2025-02-17T22:25:34.290-0700] {dag.py:3722} INFO - Setting next_dagrun for example_task_group to 2025-02-17T05:25:34.290310+00:00, run_after=2025-02-18T05:25:34.290310+00:00
[2025-02-17T22:25:34.312-0700] {processor.py:179} INFO - Processing /home/jparep/miniconda3/envs/dbt-env/lib/python3.11/site-packages/airflow/example_dags/example_task_group.py took 0.098 seconds
[2025-02-17T22:26:16.592-0700] {processor.py:157} INFO - Started process (PID=153789) to work on /home/jparep/miniconda3/envs/dbt-env/lib/python3.11/site-packages/airflow/example_dags/example_task_group.py
[2025-02-17T22:26:16.595-0700] {processor.py:829} INFO - Processing file /home/jparep/miniconda3/envs/dbt-env/lib/python3.11/site-packages/airflow/example_dags/example_task_group.py for tasks to queue
[2025-02-17T22:26:16.596-0700] {logging_mixin.py:154} INFO - [2025-02-17T22:26:16.596-0700] {dagbag.py:536} INFO - Filling up the DagBag from /home/jparep/miniconda3/envs/dbt-env/lib/python3.11/site-packages/airflow/example_dags/example_task_group.py
[2025-02-17T22:26:16.610-0700] {processor.py:839} INFO - DAG(s) dict_keys(['example_task_group']) retrieved from /home/jparep/miniconda3/envs/dbt-env/lib/python3.11/site-packages/airflow/example_dags/example_task_group.py
[2025-02-17T22:26:16.634-0700] {logging_mixin.py:154} INFO - [2025-02-17T22:26:16.633-0700] {dag.py:2941} INFO - Sync 1 DAGs
[2025-02-17T22:26:16.659-0700] {logging_mixin.py:154} INFO - [2025-02-17T22:26:16.659-0700] {dag.py:3722} INFO - Setting next_dagrun for example_task_group to 2025-02-17T05:26:16.658840+00:00, run_after=2025-02-18T05:26:16.658840+00:00
[2025-02-17T22:26:16.681-0700] {processor.py:179} INFO - Processing /home/jparep/miniconda3/envs/dbt-env/lib/python3.11/site-packages/airflow/example_dags/example_task_group.py took 0.094 seconds
[2025-02-17T22:26:47.739-0700] {processor.py:157} INFO - Started process (PID=153989) to work on /home/jparep/miniconda3/envs/dbt-env/lib/python3.11/site-packages/airflow/example_dags/example_task_group.py
[2025-02-17T22:26:47.742-0700] {processor.py:829} INFO - Processing file /home/jparep/miniconda3/envs/dbt-env/lib/python3.11/site-packages/airflow/example_dags/example_task_group.py for tasks to queue
[2025-02-17T22:26:47.743-0700] {logging_mixin.py:154} INFO - [2025-02-17T22:26:47.743-0700] {dagbag.py:536} INFO - Filling up the DagBag from /home/jparep/miniconda3/envs/dbt-env/lib/python3.11/site-packages/airflow/example_dags/example_task_group.py
[2025-02-17T22:26:47.756-0700] {processor.py:839} INFO - DAG(s) dict_keys(['example_task_group']) retrieved from /home/jparep/miniconda3/envs/dbt-env/lib/python3.11/site-packages/airflow/example_dags/example_task_group.py
[2025-02-17T22:26:47.771-0700] {logging_mixin.py:154} INFO - [2025-02-17T22:26:47.770-0700] {dag.py:2941} INFO - Sync 1 DAGs
[2025-02-17T22:26:47.783-0700] {logging_mixin.py:154} INFO - [2025-02-17T22:26:47.783-0700] {dag.py:3722} INFO - Setting next_dagrun for example_task_group to 2025-02-17T05:26:47.783474+00:00, run_after=2025-02-18T05:26:47.783474+00:00
[2025-02-17T22:26:47.799-0700] {processor.py:179} INFO - Processing /home/jparep/miniconda3/envs/dbt-env/lib/python3.11/site-packages/airflow/example_dags/example_task_group.py took 0.064 seconds
[2025-02-17T22:27:22.886-0700] {processor.py:157} INFO - Started process (PID=154387) to work on /home/jparep/miniconda3/envs/dbt-env/lib/python3.11/site-packages/airflow/example_dags/example_task_group.py
[2025-02-17T22:27:22.889-0700] {processor.py:829} INFO - Processing file /home/jparep/miniconda3/envs/dbt-env/lib/python3.11/site-packages/airflow/example_dags/example_task_group.py for tasks to queue
[2025-02-17T22:27:22.890-0700] {logging_mixin.py:154} INFO - [2025-02-17T22:27:22.890-0700] {dagbag.py:536} INFO - Filling up the DagBag from /home/jparep/miniconda3/envs/dbt-env/lib/python3.11/site-packages/airflow/example_dags/example_task_group.py
[2025-02-17T22:27:22.902-0700] {processor.py:839} INFO - DAG(s) dict_keys(['example_task_group']) retrieved from /home/jparep/miniconda3/envs/dbt-env/lib/python3.11/site-packages/airflow/example_dags/example_task_group.py
[2025-02-17T22:27:22.925-0700] {logging_mixin.py:154} INFO - [2025-02-17T22:27:22.925-0700] {dag.py:2941} INFO - Sync 1 DAGs
[2025-02-17T22:27:22.947-0700] {logging_mixin.py:154} INFO - [2025-02-17T22:27:22.947-0700] {dag.py:3722} INFO - Setting next_dagrun for example_task_group to 2025-02-17T05:27:22.947525+00:00, run_after=2025-02-18T05:27:22.947525+00:00
[2025-02-17T22:27:22.969-0700] {processor.py:179} INFO - Processing /home/jparep/miniconda3/envs/dbt-env/lib/python3.11/site-packages/airflow/example_dags/example_task_group.py took 0.087 seconds
[2025-02-17T22:28:01.487-0700] {processor.py:157} INFO - Started process (PID=154633) to work on /home/jparep/miniconda3/envs/dbt-env/lib/python3.11/site-packages/airflow/example_dags/example_task_group.py
[2025-02-17T22:28:01.490-0700] {processor.py:829} INFO - Processing file /home/jparep/miniconda3/envs/dbt-env/lib/python3.11/site-packages/airflow/example_dags/example_task_group.py for tasks to queue
[2025-02-17T22:28:01.491-0700] {logging_mixin.py:154} INFO - [2025-02-17T22:28:01.490-0700] {dagbag.py:536} INFO - Filling up the DagBag from /home/jparep/miniconda3/envs/dbt-env/lib/python3.11/site-packages/airflow/example_dags/example_task_group.py
[2025-02-17T22:28:01.503-0700] {processor.py:839} INFO - DAG(s) dict_keys(['example_task_group']) retrieved from /home/jparep/miniconda3/envs/dbt-env/lib/python3.11/site-packages/airflow/example_dags/example_task_group.py
[2025-02-17T22:28:01.526-0700] {logging_mixin.py:154} INFO - [2025-02-17T22:28:01.526-0700] {dag.py:2941} INFO - Sync 1 DAGs
[2025-02-17T22:28:01.550-0700] {logging_mixin.py:154} INFO - [2025-02-17T22:28:01.550-0700] {dag.py:3722} INFO - Setting next_dagrun for example_task_group to 2025-02-17T05:28:01.550468+00:00, run_after=2025-02-18T05:28:01.550468+00:00
[2025-02-17T22:28:01.572-0700] {processor.py:179} INFO - Processing /home/jparep/miniconda3/envs/dbt-env/lib/python3.11/site-packages/airflow/example_dags/example_task_group.py took 0.089 seconds
[2025-02-17T22:28:39.842-0700] {processor.py:157} INFO - Started process (PID=154960) to work on /home/jparep/miniconda3/envs/dbt-env/lib/python3.11/site-packages/airflow/example_dags/example_task_group.py
[2025-02-17T22:28:39.846-0700] {processor.py:829} INFO - Processing file /home/jparep/miniconda3/envs/dbt-env/lib/python3.11/site-packages/airflow/example_dags/example_task_group.py for tasks to queue
[2025-02-17T22:28:39.848-0700] {logging_mixin.py:154} INFO - [2025-02-17T22:28:39.847-0700] {dagbag.py:536} INFO - Filling up the DagBag from /home/jparep/miniconda3/envs/dbt-env/lib/python3.11/site-packages/airflow/example_dags/example_task_group.py
[2025-02-17T22:28:39.863-0700] {processor.py:839} INFO - DAG(s) dict_keys(['example_task_group']) retrieved from /home/jparep/miniconda3/envs/dbt-env/lib/python3.11/site-packages/airflow/example_dags/example_task_group.py
[2025-02-17T22:28:39.882-0700] {logging_mixin.py:154} INFO - [2025-02-17T22:28:39.881-0700] {dag.py:2941} INFO - Sync 1 DAGs
[2025-02-17T22:28:39.901-0700] {logging_mixin.py:154} INFO - [2025-02-17T22:28:39.900-0700] {dag.py:3722} INFO - Setting next_dagrun for example_task_group to 2025-02-17T05:28:39.900559+00:00, run_after=2025-02-18T05:28:39.900559+00:00
[2025-02-17T22:28:39.929-0700] {processor.py:179} INFO - Processing /home/jparep/miniconda3/envs/dbt-env/lib/python3.11/site-packages/airflow/example_dags/example_task_group.py took 0.092 seconds
[2025-02-17T22:29:21.703-0700] {processor.py:157} INFO - Started process (PID=155306) to work on /home/jparep/miniconda3/envs/dbt-env/lib/python3.11/site-packages/airflow/example_dags/example_task_group.py
[2025-02-17T22:29:21.706-0700] {processor.py:829} INFO - Processing file /home/jparep/miniconda3/envs/dbt-env/lib/python3.11/site-packages/airflow/example_dags/example_task_group.py for tasks to queue
[2025-02-17T22:29:21.707-0700] {logging_mixin.py:154} INFO - [2025-02-17T22:29:21.706-0700] {dagbag.py:536} INFO - Filling up the DagBag from /home/jparep/miniconda3/envs/dbt-env/lib/python3.11/site-packages/airflow/example_dags/example_task_group.py
[2025-02-17T22:29:21.718-0700] {processor.py:839} INFO - DAG(s) dict_keys(['example_task_group']) retrieved from /home/jparep/miniconda3/envs/dbt-env/lib/python3.11/site-packages/airflow/example_dags/example_task_group.py
[2025-02-17T22:29:21.746-0700] {logging_mixin.py:154} INFO - [2025-02-17T22:29:21.745-0700] {dag.py:2941} INFO - Sync 1 DAGs
[2025-02-17T22:29:21.768-0700] {logging_mixin.py:154} INFO - [2025-02-17T22:29:21.767-0700] {dag.py:3722} INFO - Setting next_dagrun for example_task_group to 2025-02-17T05:29:21.767719+00:00, run_after=2025-02-18T05:29:21.767719+00:00
[2025-02-17T22:29:21.799-0700] {processor.py:179} INFO - Processing /home/jparep/miniconda3/envs/dbt-env/lib/python3.11/site-packages/airflow/example_dags/example_task_group.py took 0.100 seconds
[2025-02-17T22:30:02.904-0700] {processor.py:157} INFO - Started process (PID=155488) to work on /home/jparep/miniconda3/envs/dbt-env/lib/python3.11/site-packages/airflow/example_dags/example_task_group.py
[2025-02-17T22:30:02.907-0700] {processor.py:829} INFO - Processing file /home/jparep/miniconda3/envs/dbt-env/lib/python3.11/site-packages/airflow/example_dags/example_task_group.py for tasks to queue
[2025-02-17T22:30:02.909-0700] {logging_mixin.py:154} INFO - [2025-02-17T22:30:02.908-0700] {dagbag.py:536} INFO - Filling up the DagBag from /home/jparep/miniconda3/envs/dbt-env/lib/python3.11/site-packages/airflow/example_dags/example_task_group.py
[2025-02-17T22:30:02.926-0700] {processor.py:839} INFO - DAG(s) dict_keys(['example_task_group']) retrieved from /home/jparep/miniconda3/envs/dbt-env/lib/python3.11/site-packages/airflow/example_dags/example_task_group.py
[2025-02-17T22:30:02.957-0700] {logging_mixin.py:154} INFO - [2025-02-17T22:30:02.957-0700] {dag.py:2941} INFO - Sync 1 DAGs
[2025-02-17T22:30:02.987-0700] {logging_mixin.py:154} INFO - [2025-02-17T22:30:02.987-0700] {dag.py:3722} INFO - Setting next_dagrun for example_task_group to 2025-02-17T05:30:02.986751+00:00, run_after=2025-02-18T05:30:02.986751+00:00
[2025-02-17T22:30:03.010-0700] {processor.py:179} INFO - Processing /home/jparep/miniconda3/envs/dbt-env/lib/python3.11/site-packages/airflow/example_dags/example_task_group.py took 0.113 seconds
[2025-02-17T22:30:41.532-0700] {processor.py:157} INFO - Started process (PID=155926) to work on /home/jparep/miniconda3/envs/dbt-env/lib/python3.11/site-packages/airflow/example_dags/example_task_group.py
[2025-02-17T22:30:41.534-0700] {processor.py:829} INFO - Processing file /home/jparep/miniconda3/envs/dbt-env/lib/python3.11/site-packages/airflow/example_dags/example_task_group.py for tasks to queue
[2025-02-17T22:30:41.535-0700] {logging_mixin.py:154} INFO - [2025-02-17T22:30:41.535-0700] {dagbag.py:536} INFO - Filling up the DagBag from /home/jparep/miniconda3/envs/dbt-env/lib/python3.11/site-packages/airflow/example_dags/example_task_group.py
[2025-02-17T22:30:41.544-0700] {processor.py:839} INFO - DAG(s) dict_keys(['example_task_group']) retrieved from /home/jparep/miniconda3/envs/dbt-env/lib/python3.11/site-packages/airflow/example_dags/example_task_group.py
[2025-02-17T22:30:41.560-0700] {logging_mixin.py:154} INFO - [2025-02-17T22:30:41.560-0700] {dag.py:2941} INFO - Sync 1 DAGs
[2025-02-17T22:30:41.585-0700] {logging_mixin.py:154} INFO - [2025-02-17T22:30:41.584-0700] {dag.py:3722} INFO - Setting next_dagrun for example_task_group to 2025-02-17T05:30:41.584451+00:00, run_after=2025-02-18T05:30:41.584451+00:00
[2025-02-17T22:30:41.615-0700] {processor.py:179} INFO - Processing /home/jparep/miniconda3/envs/dbt-env/lib/python3.11/site-packages/airflow/example_dags/example_task_group.py took 0.086 seconds
[2025-02-17T22:31:14.874-0700] {processor.py:157} INFO - Started process (PID=156139) to work on /home/jparep/miniconda3/envs/dbt-env/lib/python3.11/site-packages/airflow/example_dags/example_task_group.py
[2025-02-17T22:31:14.876-0700] {processor.py:829} INFO - Processing file /home/jparep/miniconda3/envs/dbt-env/lib/python3.11/site-packages/airflow/example_dags/example_task_group.py for tasks to queue
[2025-02-17T22:31:14.878-0700] {logging_mixin.py:154} INFO - [2025-02-17T22:31:14.877-0700] {dagbag.py:536} INFO - Filling up the DagBag from /home/jparep/miniconda3/envs/dbt-env/lib/python3.11/site-packages/airflow/example_dags/example_task_group.py
[2025-02-17T22:31:14.897-0700] {processor.py:839} INFO - DAG(s) dict_keys(['example_task_group']) retrieved from /home/jparep/miniconda3/envs/dbt-env/lib/python3.11/site-packages/airflow/example_dags/example_task_group.py
[2025-02-17T22:31:14.922-0700] {logging_mixin.py:154} INFO - [2025-02-17T22:31:14.921-0700] {dag.py:2941} INFO - Sync 1 DAGs
[2025-02-17T22:31:14.940-0700] {logging_mixin.py:154} INFO - [2025-02-17T22:31:14.940-0700] {dag.py:3722} INFO - Setting next_dagrun for example_task_group to 2025-02-17T05:31:14.940333+00:00, run_after=2025-02-18T05:31:14.940333+00:00
[2025-02-17T22:31:14.959-0700] {processor.py:179} INFO - Processing /home/jparep/miniconda3/envs/dbt-env/lib/python3.11/site-packages/airflow/example_dags/example_task_group.py took 0.091 seconds
[2025-02-17T22:31:53.532-0700] {processor.py:157} INFO - Started process (PID=156587) to work on /home/jparep/miniconda3/envs/dbt-env/lib/python3.11/site-packages/airflow/example_dags/example_task_group.py
[2025-02-17T22:31:53.535-0700] {processor.py:829} INFO - Processing file /home/jparep/miniconda3/envs/dbt-env/lib/python3.11/site-packages/airflow/example_dags/example_task_group.py for tasks to queue
[2025-02-17T22:31:53.536-0700] {logging_mixin.py:154} INFO - [2025-02-17T22:31:53.536-0700] {dagbag.py:536} INFO - Filling up the DagBag from /home/jparep/miniconda3/envs/dbt-env/lib/python3.11/site-packages/airflow/example_dags/example_task_group.py
[2025-02-17T22:31:53.548-0700] {processor.py:839} INFO - DAG(s) dict_keys(['example_task_group']) retrieved from /home/jparep/miniconda3/envs/dbt-env/lib/python3.11/site-packages/airflow/example_dags/example_task_group.py
[2025-02-17T22:31:53.570-0700] {logging_mixin.py:154} INFO - [2025-02-17T22:31:53.569-0700] {dag.py:2941} INFO - Sync 1 DAGs
[2025-02-17T22:31:53.594-0700] {logging_mixin.py:154} INFO - [2025-02-17T22:31:53.594-0700] {dag.py:3722} INFO - Setting next_dagrun for example_task_group to 2025-02-17T05:31:53.593633+00:00, run_after=2025-02-18T05:31:53.593633+00:00
[2025-02-17T22:31:53.630-0700] {processor.py:179} INFO - Processing /home/jparep/miniconda3/envs/dbt-env/lib/python3.11/site-packages/airflow/example_dags/example_task_group.py took 0.102 seconds
[2025-02-17T22:32:30.635-0700] {processor.py:157} INFO - Started process (PID=156927) to work on /home/jparep/miniconda3/envs/dbt-env/lib/python3.11/site-packages/airflow/example_dags/example_task_group.py
[2025-02-17T22:32:30.638-0700] {processor.py:829} INFO - Processing file /home/jparep/miniconda3/envs/dbt-env/lib/python3.11/site-packages/airflow/example_dags/example_task_group.py for tasks to queue
[2025-02-17T22:32:30.639-0700] {logging_mixin.py:154} INFO - [2025-02-17T22:32:30.638-0700] {dagbag.py:536} INFO - Filling up the DagBag from /home/jparep/miniconda3/envs/dbt-env/lib/python3.11/site-packages/airflow/example_dags/example_task_group.py
[2025-02-17T22:32:30.653-0700] {processor.py:839} INFO - DAG(s) dict_keys(['example_task_group']) retrieved from /home/jparep/miniconda3/envs/dbt-env/lib/python3.11/site-packages/airflow/example_dags/example_task_group.py
[2025-02-17T22:32:30.685-0700] {logging_mixin.py:154} INFO - [2025-02-17T22:32:30.685-0700] {dag.py:2941} INFO - Sync 1 DAGs
[2025-02-17T22:32:30.715-0700] {logging_mixin.py:154} INFO - [2025-02-17T22:32:30.715-0700] {dag.py:3722} INFO - Setting next_dagrun for example_task_group to 2025-02-17T05:32:30.715029+00:00, run_after=2025-02-18T05:32:30.715029+00:00
[2025-02-17T22:32:30.751-0700] {processor.py:179} INFO - Processing /home/jparep/miniconda3/envs/dbt-env/lib/python3.11/site-packages/airflow/example_dags/example_task_group.py took 0.120 seconds
[2025-02-17T22:33:08.980-0700] {processor.py:157} INFO - Started process (PID=157094) to work on /home/jparep/miniconda3/envs/dbt-env/lib/python3.11/site-packages/airflow/example_dags/example_task_group.py
[2025-02-17T22:33:08.984-0700] {processor.py:829} INFO - Processing file /home/jparep/miniconda3/envs/dbt-env/lib/python3.11/site-packages/airflow/example_dags/example_task_group.py for tasks to queue
[2025-02-17T22:33:08.985-0700] {logging_mixin.py:154} INFO - [2025-02-17T22:33:08.985-0700] {dagbag.py:536} INFO - Filling up the DagBag from /home/jparep/miniconda3/envs/dbt-env/lib/python3.11/site-packages/airflow/example_dags/example_task_group.py
[2025-02-17T22:33:08.997-0700] {processor.py:839} INFO - DAG(s) dict_keys(['example_task_group']) retrieved from /home/jparep/miniconda3/envs/dbt-env/lib/python3.11/site-packages/airflow/example_dags/example_task_group.py
[2025-02-17T22:33:09.019-0700] {logging_mixin.py:154} INFO - [2025-02-17T22:33:09.019-0700] {dag.py:2941} INFO - Sync 1 DAGs
[2025-02-17T22:33:09.036-0700] {logging_mixin.py:154} INFO - [2025-02-17T22:33:09.036-0700] {dag.py:3722} INFO - Setting next_dagrun for example_task_group to 2025-02-17T05:33:09.036047+00:00, run_after=2025-02-18T05:33:09.036047+00:00
[2025-02-17T22:33:09.057-0700] {processor.py:179} INFO - Processing /home/jparep/miniconda3/envs/dbt-env/lib/python3.11/site-packages/airflow/example_dags/example_task_group.py took 0.081 seconds
[2025-02-17T22:33:48.676-0700] {processor.py:157} INFO - Started process (PID=157505) to work on /home/jparep/miniconda3/envs/dbt-env/lib/python3.11/site-packages/airflow/example_dags/example_task_group.py
[2025-02-17T22:33:48.677-0700] {processor.py:829} INFO - Processing file /home/jparep/miniconda3/envs/dbt-env/lib/python3.11/site-packages/airflow/example_dags/example_task_group.py for tasks to queue
[2025-02-17T22:33:48.677-0700] {logging_mixin.py:154} INFO - [2025-02-17T22:33:48.677-0700] {dagbag.py:536} INFO - Filling up the DagBag from /home/jparep/miniconda3/envs/dbt-env/lib/python3.11/site-packages/airflow/example_dags/example_task_group.py
[2025-02-17T22:33:48.686-0700] {processor.py:839} INFO - DAG(s) dict_keys(['example_task_group']) retrieved from /home/jparep/miniconda3/envs/dbt-env/lib/python3.11/site-packages/airflow/example_dags/example_task_group.py
[2025-02-17T22:33:48.701-0700] {logging_mixin.py:154} INFO - [2025-02-17T22:33:48.701-0700] {dag.py:2941} INFO - Sync 1 DAGs
[2025-02-17T22:33:48.715-0700] {logging_mixin.py:154} INFO - [2025-02-17T22:33:48.715-0700] {dag.py:3722} INFO - Setting next_dagrun for example_task_group to 2025-02-17T05:33:48.715134+00:00, run_after=2025-02-18T05:33:48.715134+00:00
[2025-02-17T22:33:48.739-0700] {processor.py:179} INFO - Processing /home/jparep/miniconda3/envs/dbt-env/lib/python3.11/site-packages/airflow/example_dags/example_task_group.py took 0.066 seconds
[2025-02-17T22:34:23.751-0700] {processor.py:157} INFO - Started process (PID=157639) to work on /home/jparep/miniconda3/envs/dbt-env/lib/python3.11/site-packages/airflow/example_dags/example_task_group.py
[2025-02-17T22:34:23.753-0700] {processor.py:829} INFO - Processing file /home/jparep/miniconda3/envs/dbt-env/lib/python3.11/site-packages/airflow/example_dags/example_task_group.py for tasks to queue
[2025-02-17T22:34:23.755-0700] {logging_mixin.py:154} INFO - [2025-02-17T22:34:23.754-0700] {dagbag.py:536} INFO - Filling up the DagBag from /home/jparep/miniconda3/envs/dbt-env/lib/python3.11/site-packages/airflow/example_dags/example_task_group.py
[2025-02-17T22:34:23.768-0700] {processor.py:839} INFO - DAG(s) dict_keys(['example_task_group']) retrieved from /home/jparep/miniconda3/envs/dbt-env/lib/python3.11/site-packages/airflow/example_dags/example_task_group.py
[2025-02-17T22:34:23.793-0700] {logging_mixin.py:154} INFO - [2025-02-17T22:34:23.792-0700] {dag.py:2941} INFO - Sync 1 DAGs
[2025-02-17T22:34:23.815-0700] {logging_mixin.py:154} INFO - [2025-02-17T22:34:23.815-0700] {dag.py:3722} INFO - Setting next_dagrun for example_task_group to 2025-02-17T05:34:23.814961+00:00, run_after=2025-02-18T05:34:23.814961+00:00
[2025-02-17T22:34:23.849-0700] {processor.py:179} INFO - Processing /home/jparep/miniconda3/envs/dbt-env/lib/python3.11/site-packages/airflow/example_dags/example_task_group.py took 0.103 seconds
[2025-02-17T22:34:59.680-0700] {processor.py:157} INFO - Started process (PID=157982) to work on /home/jparep/miniconda3/envs/dbt-env/lib/python3.11/site-packages/airflow/example_dags/example_task_group.py
[2025-02-17T22:34:59.682-0700] {processor.py:829} INFO - Processing file /home/jparep/miniconda3/envs/dbt-env/lib/python3.11/site-packages/airflow/example_dags/example_task_group.py for tasks to queue
[2025-02-17T22:34:59.684-0700] {logging_mixin.py:154} INFO - [2025-02-17T22:34:59.683-0700] {dagbag.py:536} INFO - Filling up the DagBag from /home/jparep/miniconda3/envs/dbt-env/lib/python3.11/site-packages/airflow/example_dags/example_task_group.py
[2025-02-17T22:34:59.700-0700] {processor.py:839} INFO - DAG(s) dict_keys(['example_task_group']) retrieved from /home/jparep/miniconda3/envs/dbt-env/lib/python3.11/site-packages/airflow/example_dags/example_task_group.py
[2025-02-17T22:34:59.729-0700] {logging_mixin.py:154} INFO - [2025-02-17T22:34:59.729-0700] {dag.py:2941} INFO - Sync 1 DAGs
[2025-02-17T22:34:59.766-0700] {logging_mixin.py:154} INFO - [2025-02-17T22:34:59.766-0700] {dag.py:3722} INFO - Setting next_dagrun for example_task_group to 2025-02-17T05:34:59.765731+00:00, run_after=2025-02-18T05:34:59.765731+00:00
[2025-02-17T22:34:59.801-0700] {processor.py:179} INFO - Processing /home/jparep/miniconda3/envs/dbt-env/lib/python3.11/site-packages/airflow/example_dags/example_task_group.py took 0.126 seconds
[2025-02-17T22:35:37.765-0700] {processor.py:157} INFO - Started process (PID=158211) to work on /home/jparep/miniconda3/envs/dbt-env/lib/python3.11/site-packages/airflow/example_dags/example_task_group.py
[2025-02-17T22:35:37.767-0700] {processor.py:829} INFO - Processing file /home/jparep/miniconda3/envs/dbt-env/lib/python3.11/site-packages/airflow/example_dags/example_task_group.py for tasks to queue
[2025-02-17T22:35:37.768-0700] {logging_mixin.py:154} INFO - [2025-02-17T22:35:37.767-0700] {dagbag.py:536} INFO - Filling up the DagBag from /home/jparep/miniconda3/envs/dbt-env/lib/python3.11/site-packages/airflow/example_dags/example_task_group.py
[2025-02-17T22:35:37.774-0700] {processor.py:839} INFO - DAG(s) dict_keys(['example_task_group']) retrieved from /home/jparep/miniconda3/envs/dbt-env/lib/python3.11/site-packages/airflow/example_dags/example_task_group.py
[2025-02-17T22:35:37.788-0700] {logging_mixin.py:154} INFO - [2025-02-17T22:35:37.788-0700] {dag.py:2941} INFO - Sync 1 DAGs
[2025-02-17T22:35:37.801-0700] {logging_mixin.py:154} INFO - [2025-02-17T22:35:37.801-0700] {dag.py:3722} INFO - Setting next_dagrun for example_task_group to 2025-02-17T05:35:37.801517+00:00, run_after=2025-02-18T05:35:37.801517+00:00
[2025-02-17T22:35:37.817-0700] {processor.py:179} INFO - Processing /home/jparep/miniconda3/envs/dbt-env/lib/python3.11/site-packages/airflow/example_dags/example_task_group.py took 0.054 seconds
[2025-02-17T22:36:17.784-0700] {processor.py:157} INFO - Started process (PID=158645) to work on /home/jparep/miniconda3/envs/dbt-env/lib/python3.11/site-packages/airflow/example_dags/example_task_group.py
[2025-02-17T22:36:17.786-0700] {processor.py:829} INFO - Processing file /home/jparep/miniconda3/envs/dbt-env/lib/python3.11/site-packages/airflow/example_dags/example_task_group.py for tasks to queue
[2025-02-17T22:36:17.787-0700] {logging_mixin.py:154} INFO - [2025-02-17T22:36:17.786-0700] {dagbag.py:536} INFO - Filling up the DagBag from /home/jparep/miniconda3/envs/dbt-env/lib/python3.11/site-packages/airflow/example_dags/example_task_group.py
[2025-02-17T22:36:17.800-0700] {processor.py:839} INFO - DAG(s) dict_keys(['example_task_group']) retrieved from /home/jparep/miniconda3/envs/dbt-env/lib/python3.11/site-packages/airflow/example_dags/example_task_group.py
[2025-02-17T22:36:17.822-0700] {logging_mixin.py:154} INFO - [2025-02-17T22:36:17.822-0700] {dag.py:2941} INFO - Sync 1 DAGs
[2025-02-17T22:36:17.846-0700] {logging_mixin.py:154} INFO - [2025-02-17T22:36:17.845-0700] {dag.py:3722} INFO - Setting next_dagrun for example_task_group to 2025-02-17T05:36:17.845524+00:00, run_after=2025-02-18T05:36:17.845524+00:00
[2025-02-17T22:36:17.872-0700] {processor.py:179} INFO - Processing /home/jparep/miniconda3/envs/dbt-env/lib/python3.11/site-packages/airflow/example_dags/example_task_group.py took 0.092 seconds
[2025-02-17T22:36:58.469-0700] {processor.py:157} INFO - Started process (PID=159078) to work on /home/jparep/miniconda3/envs/dbt-env/lib/python3.11/site-packages/airflow/example_dags/example_task_group.py
[2025-02-17T22:36:58.472-0700] {processor.py:829} INFO - Processing file /home/jparep/miniconda3/envs/dbt-env/lib/python3.11/site-packages/airflow/example_dags/example_task_group.py for tasks to queue
[2025-02-17T22:36:58.473-0700] {logging_mixin.py:154} INFO - [2025-02-17T22:36:58.472-0700] {dagbag.py:536} INFO - Filling up the DagBag from /home/jparep/miniconda3/envs/dbt-env/lib/python3.11/site-packages/airflow/example_dags/example_task_group.py
[2025-02-17T22:36:58.489-0700] {processor.py:839} INFO - DAG(s) dict_keys(['example_task_group']) retrieved from /home/jparep/miniconda3/envs/dbt-env/lib/python3.11/site-packages/airflow/example_dags/example_task_group.py
[2025-02-17T22:36:58.511-0700] {logging_mixin.py:154} INFO - [2025-02-17T22:36:58.511-0700] {dag.py:2941} INFO - Sync 1 DAGs
[2025-02-17T22:36:58.533-0700] {logging_mixin.py:154} INFO - [2025-02-17T22:36:58.532-0700] {dag.py:3722} INFO - Setting next_dagrun for example_task_group to 2025-02-17T05:36:58.532538+00:00, run_after=2025-02-18T05:36:58.532538+00:00
[2025-02-17T22:36:58.561-0700] {processor.py:179} INFO - Processing /home/jparep/miniconda3/envs/dbt-env/lib/python3.11/site-packages/airflow/example_dags/example_task_group.py took 0.096 seconds
[2025-02-17T22:37:34.343-0700] {processor.py:157} INFO - Started process (PID=159900) to work on /home/jparep/miniconda3/envs/dbt-env/lib/python3.11/site-packages/airflow/example_dags/example_task_group.py
[2025-02-17T22:37:34.346-0700] {processor.py:829} INFO - Processing file /home/jparep/miniconda3/envs/dbt-env/lib/python3.11/site-packages/airflow/example_dags/example_task_group.py for tasks to queue
[2025-02-17T22:37:34.347-0700] {logging_mixin.py:154} INFO - [2025-02-17T22:37:34.347-0700] {dagbag.py:536} INFO - Filling up the DagBag from /home/jparep/miniconda3/envs/dbt-env/lib/python3.11/site-packages/airflow/example_dags/example_task_group.py
[2025-02-17T22:37:34.360-0700] {processor.py:839} INFO - DAG(s) dict_keys(['example_task_group']) retrieved from /home/jparep/miniconda3/envs/dbt-env/lib/python3.11/site-packages/airflow/example_dags/example_task_group.py
[2025-02-17T22:37:34.381-0700] {logging_mixin.py:154} INFO - [2025-02-17T22:37:34.381-0700] {dag.py:2941} INFO - Sync 1 DAGs
[2025-02-17T22:37:34.400-0700] {logging_mixin.py:154} INFO - [2025-02-17T22:37:34.400-0700] {dag.py:3722} INFO - Setting next_dagrun for example_task_group to 2025-02-17T05:37:34.400305+00:00, run_after=2025-02-18T05:37:34.400305+00:00
[2025-02-17T22:37:34.461-0700] {processor.py:179} INFO - Processing /home/jparep/miniconda3/envs/dbt-env/lib/python3.11/site-packages/airflow/example_dags/example_task_group.py took 0.122 seconds
[2025-02-17T22:38:08.320-0700] {processor.py:157} INFO - Started process (PID=160419) to work on /home/jparep/miniconda3/envs/dbt-env/lib/python3.11/site-packages/airflow/example_dags/example_task_group.py
[2025-02-17T22:38:08.324-0700] {processor.py:829} INFO - Processing file /home/jparep/miniconda3/envs/dbt-env/lib/python3.11/site-packages/airflow/example_dags/example_task_group.py for tasks to queue
[2025-02-17T22:38:08.325-0700] {logging_mixin.py:154} INFO - [2025-02-17T22:38:08.324-0700] {dagbag.py:536} INFO - Filling up the DagBag from /home/jparep/miniconda3/envs/dbt-env/lib/python3.11/site-packages/airflow/example_dags/example_task_group.py
[2025-02-17T22:38:08.338-0700] {processor.py:839} INFO - DAG(s) dict_keys(['example_task_group']) retrieved from /home/jparep/miniconda3/envs/dbt-env/lib/python3.11/site-packages/airflow/example_dags/example_task_group.py
[2025-02-17T22:38:08.362-0700] {logging_mixin.py:154} INFO - [2025-02-17T22:38:08.362-0700] {dag.py:2941} INFO - Sync 1 DAGs
[2025-02-17T22:38:08.376-0700] {logging_mixin.py:154} INFO - [2025-02-17T22:38:08.376-0700] {dag.py:3722} INFO - Setting next_dagrun for example_task_group to 2025-02-17T05:38:08.375951+00:00, run_after=2025-02-18T05:38:08.375951+00:00
[2025-02-17T22:38:08.395-0700] {processor.py:179} INFO - Processing /home/jparep/miniconda3/envs/dbt-env/lib/python3.11/site-packages/airflow/example_dags/example_task_group.py took 0.080 seconds
[2025-02-17T22:38:44.764-0700] {processor.py:157} INFO - Started process (PID=160700) to work on /home/jparep/miniconda3/envs/dbt-env/lib/python3.11/site-packages/airflow/example_dags/example_task_group.py
[2025-02-17T22:38:44.766-0700] {processor.py:829} INFO - Processing file /home/jparep/miniconda3/envs/dbt-env/lib/python3.11/site-packages/airflow/example_dags/example_task_group.py for tasks to queue
[2025-02-17T22:38:44.768-0700] {logging_mixin.py:154} INFO - [2025-02-17T22:38:44.767-0700] {dagbag.py:536} INFO - Filling up the DagBag from /home/jparep/miniconda3/envs/dbt-env/lib/python3.11/site-packages/airflow/example_dags/example_task_group.py
[2025-02-17T22:38:44.780-0700] {processor.py:839} INFO - DAG(s) dict_keys(['example_task_group']) retrieved from /home/jparep/miniconda3/envs/dbt-env/lib/python3.11/site-packages/airflow/example_dags/example_task_group.py
[2025-02-17T22:38:44.799-0700] {logging_mixin.py:154} INFO - [2025-02-17T22:38:44.799-0700] {dag.py:2941} INFO - Sync 1 DAGs
[2025-02-17T22:38:44.815-0700] {logging_mixin.py:154} INFO - [2025-02-17T22:38:44.815-0700] {dag.py:3722} INFO - Setting next_dagrun for example_task_group to 2025-02-17T05:38:44.815575+00:00, run_after=2025-02-18T05:38:44.815575+00:00
[2025-02-17T22:38:44.831-0700] {processor.py:179} INFO - Processing /home/jparep/miniconda3/envs/dbt-env/lib/python3.11/site-packages/airflow/example_dags/example_task_group.py took 0.071 seconds
[2025-02-17T22:39:20.164-0700] {processor.py:157} INFO - Started process (PID=161163) to work on /home/jparep/miniconda3/envs/dbt-env/lib/python3.11/site-packages/airflow/example_dags/example_task_group.py
[2025-02-17T22:39:20.166-0700] {processor.py:829} INFO - Processing file /home/jparep/miniconda3/envs/dbt-env/lib/python3.11/site-packages/airflow/example_dags/example_task_group.py for tasks to queue
[2025-02-17T22:39:20.167-0700] {logging_mixin.py:154} INFO - [2025-02-17T22:39:20.167-0700] {dagbag.py:536} INFO - Filling up the DagBag from /home/jparep/miniconda3/envs/dbt-env/lib/python3.11/site-packages/airflow/example_dags/example_task_group.py
[2025-02-17T22:39:20.175-0700] {processor.py:839} INFO - DAG(s) dict_keys(['example_task_group']) retrieved from /home/jparep/miniconda3/envs/dbt-env/lib/python3.11/site-packages/airflow/example_dags/example_task_group.py
[2025-02-17T22:39:20.188-0700] {logging_mixin.py:154} INFO - [2025-02-17T22:39:20.188-0700] {dag.py:2941} INFO - Sync 1 DAGs
[2025-02-17T22:39:20.203-0700] {logging_mixin.py:154} INFO - [2025-02-17T22:39:20.203-0700] {dag.py:3722} INFO - Setting next_dagrun for example_task_group to 2025-02-17T05:39:20.203164+00:00, run_after=2025-02-18T05:39:20.203164+00:00
[2025-02-17T22:39:20.223-0700] {processor.py:179} INFO - Processing /home/jparep/miniconda3/envs/dbt-env/lib/python3.11/site-packages/airflow/example_dags/example_task_group.py took 0.061 seconds
[2025-02-17T22:39:56.872-0700] {processor.py:157} INFO - Started process (PID=161297) to work on /home/jparep/miniconda3/envs/dbt-env/lib/python3.11/site-packages/airflow/example_dags/example_task_group.py
[2025-02-17T22:39:56.875-0700] {processor.py:829} INFO - Processing file /home/jparep/miniconda3/envs/dbt-env/lib/python3.11/site-packages/airflow/example_dags/example_task_group.py for tasks to queue
[2025-02-17T22:39:56.876-0700] {logging_mixin.py:154} INFO - [2025-02-17T22:39:56.876-0700] {dagbag.py:536} INFO - Filling up the DagBag from /home/jparep/miniconda3/envs/dbt-env/lib/python3.11/site-packages/airflow/example_dags/example_task_group.py
[2025-02-17T22:39:56.892-0700] {processor.py:839} INFO - DAG(s) dict_keys(['example_task_group']) retrieved from /home/jparep/miniconda3/envs/dbt-env/lib/python3.11/site-packages/airflow/example_dags/example_task_group.py
[2025-02-17T22:39:56.921-0700] {logging_mixin.py:154} INFO - [2025-02-17T22:39:56.920-0700] {dag.py:2941} INFO - Sync 1 DAGs
[2025-02-17T22:39:56.948-0700] {logging_mixin.py:154} INFO - [2025-02-17T22:39:56.948-0700] {dag.py:3722} INFO - Setting next_dagrun for example_task_group to 2025-02-17T05:39:56.948181+00:00, run_after=2025-02-18T05:39:56.948181+00:00
[2025-02-17T22:39:56.972-0700] {processor.py:179} INFO - Processing /home/jparep/miniconda3/envs/dbt-env/lib/python3.11/site-packages/airflow/example_dags/example_task_group.py took 0.105 seconds
[2025-02-17T22:40:35.835-0700] {processor.py:157} INFO - Started process (PID=161734) to work on /home/jparep/miniconda3/envs/dbt-env/lib/python3.11/site-packages/airflow/example_dags/example_task_group.py
[2025-02-17T22:40:35.842-0700] {processor.py:829} INFO - Processing file /home/jparep/miniconda3/envs/dbt-env/lib/python3.11/site-packages/airflow/example_dags/example_task_group.py for tasks to queue
[2025-02-17T22:40:35.844-0700] {logging_mixin.py:154} INFO - [2025-02-17T22:40:35.843-0700] {dagbag.py:536} INFO - Filling up the DagBag from /home/jparep/miniconda3/envs/dbt-env/lib/python3.11/site-packages/airflow/example_dags/example_task_group.py
[2025-02-17T22:40:35.853-0700] {processor.py:839} INFO - DAG(s) dict_keys(['example_task_group']) retrieved from /home/jparep/miniconda3/envs/dbt-env/lib/python3.11/site-packages/airflow/example_dags/example_task_group.py
[2025-02-17T22:40:35.867-0700] {logging_mixin.py:154} INFO - [2025-02-17T22:40:35.867-0700] {dag.py:2941} INFO - Sync 1 DAGs
[2025-02-17T22:40:35.882-0700] {logging_mixin.py:154} INFO - [2025-02-17T22:40:35.882-0700] {dag.py:3722} INFO - Setting next_dagrun for example_task_group to 2025-02-17T05:40:35.882550+00:00, run_after=2025-02-18T05:40:35.882550+00:00
[2025-02-17T22:40:35.899-0700] {processor.py:179} INFO - Processing /home/jparep/miniconda3/envs/dbt-env/lib/python3.11/site-packages/airflow/example_dags/example_task_group.py took 0.069 seconds
[2025-02-17T22:41:13.204-0700] {processor.py:157} INFO - Started process (PID=162130) to work on /home/jparep/miniconda3/envs/dbt-env/lib/python3.11/site-packages/airflow/example_dags/example_task_group.py
[2025-02-17T22:41:13.207-0700] {processor.py:829} INFO - Processing file /home/jparep/miniconda3/envs/dbt-env/lib/python3.11/site-packages/airflow/example_dags/example_task_group.py for tasks to queue
[2025-02-17T22:41:13.208-0700] {logging_mixin.py:154} INFO - [2025-02-17T22:41:13.207-0700] {dagbag.py:536} INFO - Filling up the DagBag from /home/jparep/miniconda3/envs/dbt-env/lib/python3.11/site-packages/airflow/example_dags/example_task_group.py
[2025-02-17T22:41:13.220-0700] {processor.py:839} INFO - DAG(s) dict_keys(['example_task_group']) retrieved from /home/jparep/miniconda3/envs/dbt-env/lib/python3.11/site-packages/airflow/example_dags/example_task_group.py
[2025-02-17T22:41:13.242-0700] {logging_mixin.py:154} INFO - [2025-02-17T22:41:13.241-0700] {dag.py:2941} INFO - Sync 1 DAGs
[2025-02-17T22:41:13.268-0700] {logging_mixin.py:154} INFO - [2025-02-17T22:41:13.268-0700] {dag.py:3722} INFO - Setting next_dagrun for example_task_group to 2025-02-17T05:41:13.267718+00:00, run_after=2025-02-18T05:41:13.267718+00:00
[2025-02-17T22:41:13.296-0700] {processor.py:179} INFO - Processing /home/jparep/miniconda3/envs/dbt-env/lib/python3.11/site-packages/airflow/example_dags/example_task_group.py took 0.096 seconds
[2025-02-17T22:41:52.895-0700] {processor.py:157} INFO - Started process (PID=162305) to work on /home/jparep/miniconda3/envs/dbt-env/lib/python3.11/site-packages/airflow/example_dags/example_task_group.py
[2025-02-17T22:41:52.897-0700] {processor.py:829} INFO - Processing file /home/jparep/miniconda3/envs/dbt-env/lib/python3.11/site-packages/airflow/example_dags/example_task_group.py for tasks to queue
[2025-02-17T22:41:52.898-0700] {logging_mixin.py:154} INFO - [2025-02-17T22:41:52.898-0700] {dagbag.py:536} INFO - Filling up the DagBag from /home/jparep/miniconda3/envs/dbt-env/lib/python3.11/site-packages/airflow/example_dags/example_task_group.py
[2025-02-17T22:41:52.909-0700] {processor.py:839} INFO - DAG(s) dict_keys(['example_task_group']) retrieved from /home/jparep/miniconda3/envs/dbt-env/lib/python3.11/site-packages/airflow/example_dags/example_task_group.py
[2025-02-17T22:41:52.926-0700] {logging_mixin.py:154} INFO - [2025-02-17T22:41:52.925-0700] {dag.py:2941} INFO - Sync 1 DAGs
[2025-02-17T22:41:52.942-0700] {logging_mixin.py:154} INFO - [2025-02-17T22:41:52.942-0700] {dag.py:3722} INFO - Setting next_dagrun for example_task_group to 2025-02-17T05:41:52.942206+00:00, run_after=2025-02-18T05:41:52.942206+00:00
[2025-02-17T22:41:52.961-0700] {processor.py:179} INFO - Processing /home/jparep/miniconda3/envs/dbt-env/lib/python3.11/site-packages/airflow/example_dags/example_task_group.py took 0.069 seconds
