[2025-02-17T22:15:52.326-0700] {processor.py:157} INFO - Started process (PID=148448) to work on /home/jparep/miniconda3/envs/dbt-env/lib/python3.11/site-packages/airflow/example_dags/example_branch_operator.py
[2025-02-17T22:15:52.327-0700] {processor.py:829} INFO - Processing file /home/jparep/miniconda3/envs/dbt-env/lib/python3.11/site-packages/airflow/example_dags/example_branch_operator.py for tasks to queue
[2025-02-17T22:15:52.328-0700] {logging_mixin.py:154} INFO - [2025-02-17T22:15:52.328-0700] {dagbag.py:536} INFO - Filling up the DagBag from /home/jparep/miniconda3/envs/dbt-env/lib/python3.11/site-packages/airflow/example_dags/example_branch_operator.py
[2025-02-17T22:15:52.344-0700] {processor.py:839} INFO - DAG(s) dict_keys(['example_branch_operator']) retrieved from /home/jparep/miniconda3/envs/dbt-env/lib/python3.11/site-packages/airflow/example_dags/example_branch_operator.py
[2025-02-17T22:15:52.546-0700] {logging_mixin.py:154} INFO - [2025-02-17T22:15:52.546-0700] {manager.py:499} INFO - Created Permission View: %s
[2025-02-17T22:15:52.563-0700] {logging_mixin.py:154} INFO - [2025-02-17T22:15:52.563-0700] {manager.py:499} INFO - Created Permission View: %s
[2025-02-17T22:15:52.579-0700] {logging_mixin.py:154} INFO - [2025-02-17T22:15:52.579-0700] {manager.py:499} INFO - Created Permission View: %s
[2025-02-17T22:15:52.579-0700] {logging_mixin.py:154} INFO - [2025-02-17T22:15:52.579-0700] {dag.py:2941} INFO - Sync 1 DAGs
[2025-02-17T22:15:52.591-0700] {logging_mixin.py:154} INFO - [2025-02-17T22:15:52.591-0700] {dag.py:2963} INFO - Creating ORM DAG for example_branch_operator
[2025-02-17T22:15:52.602-0700] {logging_mixin.py:154} INFO - [2025-02-17T22:15:52.602-0700] {dag.py:3722} INFO - Setting next_dagrun for example_branch_operator to 2025-02-17T00:00:00+00:00, run_after=2025-02-18T00:00:00+00:00
[2025-02-17T22:15:52.633-0700] {processor.py:179} INFO - Processing /home/jparep/miniconda3/envs/dbt-env/lib/python3.11/site-packages/airflow/example_dags/example_branch_operator.py took 0.313 seconds
[2025-02-17T22:16:49.074-0700] {processor.py:157} INFO - Started process (PID=148827) to work on /home/jparep/miniconda3/envs/dbt-env/lib/python3.11/site-packages/airflow/example_dags/example_branch_operator.py
[2025-02-17T22:16:49.077-0700] {processor.py:829} INFO - Processing file /home/jparep/miniconda3/envs/dbt-env/lib/python3.11/site-packages/airflow/example_dags/example_branch_operator.py for tasks to queue
[2025-02-17T22:16:49.078-0700] {logging_mixin.py:154} INFO - [2025-02-17T22:16:49.077-0700] {dagbag.py:536} INFO - Filling up the DagBag from /home/jparep/miniconda3/envs/dbt-env/lib/python3.11/site-packages/airflow/example_dags/example_branch_operator.py
[2025-02-17T22:16:49.091-0700] {processor.py:839} INFO - DAG(s) dict_keys(['example_branch_operator']) retrieved from /home/jparep/miniconda3/envs/dbt-env/lib/python3.11/site-packages/airflow/example_dags/example_branch_operator.py
[2025-02-17T22:16:49.113-0700] {logging_mixin.py:154} INFO - [2025-02-17T22:16:49.113-0700] {dag.py:2941} INFO - Sync 1 DAGs
[2025-02-17T22:16:49.265-0700] {logging_mixin.py:154} INFO - [2025-02-17T22:16:49.264-0700] {dag.py:3722} INFO - Setting next_dagrun for example_branch_operator to 2025-02-17T00:00:00+00:00, run_after=2025-02-18T00:00:00+00:00
[2025-02-17T22:16:49.298-0700] {processor.py:179} INFO - Processing /home/jparep/miniconda3/envs/dbt-env/lib/python3.11/site-packages/airflow/example_dags/example_branch_operator.py took 0.228 seconds
[2025-02-17T22:17:36.311-0700] {processor.py:157} INFO - Started process (PID=149273) to work on /home/jparep/miniconda3/envs/dbt-env/lib/python3.11/site-packages/airflow/example_dags/example_branch_operator.py
[2025-02-17T22:17:36.314-0700] {processor.py:829} INFO - Processing file /home/jparep/miniconda3/envs/dbt-env/lib/python3.11/site-packages/airflow/example_dags/example_branch_operator.py for tasks to queue
[2025-02-17T22:17:36.316-0700] {logging_mixin.py:154} INFO - [2025-02-17T22:17:36.315-0700] {dagbag.py:536} INFO - Filling up the DagBag from /home/jparep/miniconda3/envs/dbt-env/lib/python3.11/site-packages/airflow/example_dags/example_branch_operator.py
[2025-02-17T22:17:36.336-0700] {processor.py:839} INFO - DAG(s) dict_keys(['example_branch_operator']) retrieved from /home/jparep/miniconda3/envs/dbt-env/lib/python3.11/site-packages/airflow/example_dags/example_branch_operator.py
[2025-02-17T22:17:36.460-0700] {logging_mixin.py:154} INFO - [2025-02-17T22:17:36.460-0700] {dag.py:2941} INFO - Sync 1 DAGs
[2025-02-17T22:17:36.478-0700] {logging_mixin.py:154} INFO - [2025-02-17T22:17:36.478-0700] {dag.py:3722} INFO - Setting next_dagrun for example_branch_operator to 2025-02-17T00:00:00+00:00, run_after=2025-02-18T00:00:00+00:00
[2025-02-17T22:17:36.505-0700] {processor.py:179} INFO - Processing /home/jparep/miniconda3/envs/dbt-env/lib/python3.11/site-packages/airflow/example_dags/example_branch_operator.py took 0.200 seconds
[2025-02-17T22:18:22.363-0700] {processor.py:157} INFO - Started process (PID=149554) to work on /home/jparep/miniconda3/envs/dbt-env/lib/python3.11/site-packages/airflow/example_dags/example_branch_operator.py
[2025-02-17T22:18:22.365-0700] {processor.py:829} INFO - Processing file /home/jparep/miniconda3/envs/dbt-env/lib/python3.11/site-packages/airflow/example_dags/example_branch_operator.py for tasks to queue
[2025-02-17T22:18:22.367-0700] {logging_mixin.py:154} INFO - [2025-02-17T22:18:22.366-0700] {dagbag.py:536} INFO - Filling up the DagBag from /home/jparep/miniconda3/envs/dbt-env/lib/python3.11/site-packages/airflow/example_dags/example_branch_operator.py
[2025-02-17T22:18:22.380-0700] {processor.py:839} INFO - DAG(s) dict_keys(['example_branch_operator']) retrieved from /home/jparep/miniconda3/envs/dbt-env/lib/python3.11/site-packages/airflow/example_dags/example_branch_operator.py
[2025-02-17T22:18:22.399-0700] {logging_mixin.py:154} INFO - [2025-02-17T22:18:22.399-0700] {dag.py:2941} INFO - Sync 1 DAGs
[2025-02-17T22:18:22.416-0700] {logging_mixin.py:154} INFO - [2025-02-17T22:18:22.415-0700] {dag.py:3722} INFO - Setting next_dagrun for example_branch_operator to 2025-02-17T00:00:00+00:00, run_after=2025-02-18T00:00:00+00:00
[2025-02-17T22:18:22.442-0700] {processor.py:179} INFO - Processing /home/jparep/miniconda3/envs/dbt-env/lib/python3.11/site-packages/airflow/example_dags/example_branch_operator.py took 0.086 seconds
[2025-02-17T22:19:08.987-0700] {processor.py:157} INFO - Started process (PID=150040) to work on /home/jparep/miniconda3/envs/dbt-env/lib/python3.11/site-packages/airflow/example_dags/example_branch_operator.py
[2025-02-17T22:19:08.989-0700] {processor.py:829} INFO - Processing file /home/jparep/miniconda3/envs/dbt-env/lib/python3.11/site-packages/airflow/example_dags/example_branch_operator.py for tasks to queue
[2025-02-17T22:19:08.990-0700] {logging_mixin.py:154} INFO - [2025-02-17T22:19:08.990-0700] {dagbag.py:536} INFO - Filling up the DagBag from /home/jparep/miniconda3/envs/dbt-env/lib/python3.11/site-packages/airflow/example_dags/example_branch_operator.py
[2025-02-17T22:19:09.000-0700] {processor.py:839} INFO - DAG(s) dict_keys(['example_branch_operator']) retrieved from /home/jparep/miniconda3/envs/dbt-env/lib/python3.11/site-packages/airflow/example_dags/example_branch_operator.py
[2025-02-17T22:19:09.020-0700] {logging_mixin.py:154} INFO - [2025-02-17T22:19:09.020-0700] {dag.py:2941} INFO - Sync 1 DAGs
[2025-02-17T22:19:09.040-0700] {logging_mixin.py:154} INFO - [2025-02-17T22:19:09.039-0700] {dag.py:3722} INFO - Setting next_dagrun for example_branch_operator to 2025-02-17T00:00:00+00:00, run_after=2025-02-18T00:00:00+00:00
[2025-02-17T22:19:09.057-0700] {processor.py:179} INFO - Processing /home/jparep/miniconda3/envs/dbt-env/lib/python3.11/site-packages/airflow/example_dags/example_branch_operator.py took 0.072 seconds
[2025-02-17T22:19:47.714-0700] {processor.py:157} INFO - Started process (PID=150460) to work on /home/jparep/miniconda3/envs/dbt-env/lib/python3.11/site-packages/airflow/example_dags/example_branch_operator.py
[2025-02-17T22:19:47.716-0700] {processor.py:829} INFO - Processing file /home/jparep/miniconda3/envs/dbt-env/lib/python3.11/site-packages/airflow/example_dags/example_branch_operator.py for tasks to queue
[2025-02-17T22:19:47.717-0700] {logging_mixin.py:154} INFO - [2025-02-17T22:19:47.717-0700] {dagbag.py:536} INFO - Filling up the DagBag from /home/jparep/miniconda3/envs/dbt-env/lib/python3.11/site-packages/airflow/example_dags/example_branch_operator.py
[2025-02-17T22:19:47.727-0700] {processor.py:839} INFO - DAG(s) dict_keys(['example_branch_operator']) retrieved from /home/jparep/miniconda3/envs/dbt-env/lib/python3.11/site-packages/airflow/example_dags/example_branch_operator.py
[2025-02-17T22:19:47.746-0700] {logging_mixin.py:154} INFO - [2025-02-17T22:19:47.746-0700] {dag.py:2941} INFO - Sync 1 DAGs
[2025-02-17T22:19:47.765-0700] {logging_mixin.py:154} INFO - [2025-02-17T22:19:47.764-0700] {dag.py:3722} INFO - Setting next_dagrun for example_branch_operator to 2025-02-17T00:00:00+00:00, run_after=2025-02-18T00:00:00+00:00
[2025-02-17T22:19:47.784-0700] {processor.py:179} INFO - Processing /home/jparep/miniconda3/envs/dbt-env/lib/python3.11/site-packages/airflow/example_dags/example_branch_operator.py took 0.073 seconds
[2025-02-17T22:20:27.168-0700] {processor.py:157} INFO - Started process (PID=150713) to work on /home/jparep/miniconda3/envs/dbt-env/lib/python3.11/site-packages/airflow/example_dags/example_branch_operator.py
[2025-02-17T22:20:27.171-0700] {processor.py:829} INFO - Processing file /home/jparep/miniconda3/envs/dbt-env/lib/python3.11/site-packages/airflow/example_dags/example_branch_operator.py for tasks to queue
[2025-02-17T22:20:27.173-0700] {logging_mixin.py:154} INFO - [2025-02-17T22:20:27.172-0700] {dagbag.py:536} INFO - Filling up the DagBag from /home/jparep/miniconda3/envs/dbt-env/lib/python3.11/site-packages/airflow/example_dags/example_branch_operator.py
[2025-02-17T22:20:27.188-0700] {processor.py:839} INFO - DAG(s) dict_keys(['example_branch_operator']) retrieved from /home/jparep/miniconda3/envs/dbt-env/lib/python3.11/site-packages/airflow/example_dags/example_branch_operator.py
[2025-02-17T22:20:27.215-0700] {logging_mixin.py:154} INFO - [2025-02-17T22:20:27.215-0700] {dag.py:2941} INFO - Sync 1 DAGs
[2025-02-17T22:20:27.244-0700] {logging_mixin.py:154} INFO - [2025-02-17T22:20:27.244-0700] {dag.py:3722} INFO - Setting next_dagrun for example_branch_operator to 2025-02-17T00:00:00+00:00, run_after=2025-02-18T00:00:00+00:00
[2025-02-17T22:20:27.272-0700] {processor.py:179} INFO - Processing /home/jparep/miniconda3/envs/dbt-env/lib/python3.11/site-packages/airflow/example_dags/example_branch_operator.py took 0.110 seconds
[2025-02-17T22:21:08.837-0700] {processor.py:157} INFO - Started process (PID=151142) to work on /home/jparep/miniconda3/envs/dbt-env/lib/python3.11/site-packages/airflow/example_dags/example_branch_operator.py
[2025-02-17T22:21:08.840-0700] {processor.py:829} INFO - Processing file /home/jparep/miniconda3/envs/dbt-env/lib/python3.11/site-packages/airflow/example_dags/example_branch_operator.py for tasks to queue
[2025-02-17T22:21:08.842-0700] {logging_mixin.py:154} INFO - [2025-02-17T22:21:08.841-0700] {dagbag.py:536} INFO - Filling up the DagBag from /home/jparep/miniconda3/envs/dbt-env/lib/python3.11/site-packages/airflow/example_dags/example_branch_operator.py
[2025-02-17T22:21:08.858-0700] {processor.py:839} INFO - DAG(s) dict_keys(['example_branch_operator']) retrieved from /home/jparep/miniconda3/envs/dbt-env/lib/python3.11/site-packages/airflow/example_dags/example_branch_operator.py
[2025-02-17T22:21:08.890-0700] {logging_mixin.py:154} INFO - [2025-02-17T22:21:08.889-0700] {dag.py:2941} INFO - Sync 1 DAGs
[2025-02-17T22:21:08.909-0700] {logging_mixin.py:154} INFO - [2025-02-17T22:21:08.909-0700] {dag.py:3722} INFO - Setting next_dagrun for example_branch_operator to 2025-02-17T00:00:00+00:00, run_after=2025-02-18T00:00:00+00:00
[2025-02-17T22:21:08.929-0700] {processor.py:179} INFO - Processing /home/jparep/miniconda3/envs/dbt-env/lib/python3.11/site-packages/airflow/example_dags/example_branch_operator.py took 0.096 seconds
[2025-02-17T22:21:58.431-0700] {processor.py:157} INFO - Started process (PID=151598) to work on /home/jparep/miniconda3/envs/dbt-env/lib/python3.11/site-packages/airflow/example_dags/example_branch_operator.py
[2025-02-17T22:21:58.434-0700] {processor.py:829} INFO - Processing file /home/jparep/miniconda3/envs/dbt-env/lib/python3.11/site-packages/airflow/example_dags/example_branch_operator.py for tasks to queue
[2025-02-17T22:21:58.436-0700] {logging_mixin.py:154} INFO - [2025-02-17T22:21:58.435-0700] {dagbag.py:536} INFO - Filling up the DagBag from /home/jparep/miniconda3/envs/dbt-env/lib/python3.11/site-packages/airflow/example_dags/example_branch_operator.py
[2025-02-17T22:21:58.455-0700] {processor.py:839} INFO - DAG(s) dict_keys(['example_branch_operator']) retrieved from /home/jparep/miniconda3/envs/dbt-env/lib/python3.11/site-packages/airflow/example_dags/example_branch_operator.py
[2025-02-17T22:21:58.483-0700] {logging_mixin.py:154} INFO - [2025-02-17T22:21:58.482-0700] {dag.py:2941} INFO - Sync 1 DAGs
[2025-02-17T22:21:58.511-0700] {logging_mixin.py:154} INFO - [2025-02-17T22:21:58.511-0700] {dag.py:3722} INFO - Setting next_dagrun for example_branch_operator to 2025-02-17T00:00:00+00:00, run_after=2025-02-18T00:00:00+00:00
[2025-02-17T22:21:58.543-0700] {processor.py:179} INFO - Processing /home/jparep/miniconda3/envs/dbt-env/lib/python3.11/site-packages/airflow/example_dags/example_branch_operator.py took 0.120 seconds
[2025-02-17T22:22:34.501-0700] {processor.py:157} INFO - Started process (PID=151741) to work on /home/jparep/miniconda3/envs/dbt-env/lib/python3.11/site-packages/airflow/example_dags/example_branch_operator.py
[2025-02-17T22:22:34.504-0700] {processor.py:829} INFO - Processing file /home/jparep/miniconda3/envs/dbt-env/lib/python3.11/site-packages/airflow/example_dags/example_branch_operator.py for tasks to queue
[2025-02-17T22:22:34.505-0700] {logging_mixin.py:154} INFO - [2025-02-17T22:22:34.504-0700] {dagbag.py:536} INFO - Filling up the DagBag from /home/jparep/miniconda3/envs/dbt-env/lib/python3.11/site-packages/airflow/example_dags/example_branch_operator.py
[2025-02-17T22:22:34.519-0700] {processor.py:839} INFO - DAG(s) dict_keys(['example_branch_operator']) retrieved from /home/jparep/miniconda3/envs/dbt-env/lib/python3.11/site-packages/airflow/example_dags/example_branch_operator.py
[2025-02-17T22:22:34.548-0700] {logging_mixin.py:154} INFO - [2025-02-17T22:22:34.547-0700] {dag.py:2941} INFO - Sync 1 DAGs
[2025-02-17T22:22:34.572-0700] {logging_mixin.py:154} INFO - [2025-02-17T22:22:34.572-0700] {dag.py:3722} INFO - Setting next_dagrun for example_branch_operator to 2025-02-17T00:00:00+00:00, run_after=2025-02-18T00:00:00+00:00
[2025-02-17T22:22:34.592-0700] {processor.py:179} INFO - Processing /home/jparep/miniconda3/envs/dbt-env/lib/python3.11/site-packages/airflow/example_dags/example_branch_operator.py took 0.095 seconds
[2025-02-17T22:23:11.552-0700] {processor.py:157} INFO - Started process (PID=152087) to work on /home/jparep/miniconda3/envs/dbt-env/lib/python3.11/site-packages/airflow/example_dags/example_branch_operator.py
[2025-02-17T22:23:11.554-0700] {processor.py:829} INFO - Processing file /home/jparep/miniconda3/envs/dbt-env/lib/python3.11/site-packages/airflow/example_dags/example_branch_operator.py for tasks to queue
[2025-02-17T22:23:11.555-0700] {logging_mixin.py:154} INFO - [2025-02-17T22:23:11.555-0700] {dagbag.py:536} INFO - Filling up the DagBag from /home/jparep/miniconda3/envs/dbt-env/lib/python3.11/site-packages/airflow/example_dags/example_branch_operator.py
[2025-02-17T22:23:11.569-0700] {processor.py:839} INFO - DAG(s) dict_keys(['example_branch_operator']) retrieved from /home/jparep/miniconda3/envs/dbt-env/lib/python3.11/site-packages/airflow/example_dags/example_branch_operator.py
[2025-02-17T22:23:11.597-0700] {logging_mixin.py:154} INFO - [2025-02-17T22:23:11.597-0700] {dag.py:2941} INFO - Sync 1 DAGs
[2025-02-17T22:23:11.619-0700] {logging_mixin.py:154} INFO - [2025-02-17T22:23:11.619-0700] {dag.py:3722} INFO - Setting next_dagrun for example_branch_operator to 2025-02-17T00:00:00+00:00, run_after=2025-02-18T00:00:00+00:00
[2025-02-17T22:23:11.644-0700] {processor.py:179} INFO - Processing /home/jparep/miniconda3/envs/dbt-env/lib/python3.11/site-packages/airflow/example_dags/example_branch_operator.py took 0.097 seconds
[2025-02-17T22:23:47.753-0700] {processor.py:157} INFO - Started process (PID=152314) to work on /home/jparep/miniconda3/envs/dbt-env/lib/python3.11/site-packages/airflow/example_dags/example_branch_operator.py
[2025-02-17T22:23:47.756-0700] {processor.py:829} INFO - Processing file /home/jparep/miniconda3/envs/dbt-env/lib/python3.11/site-packages/airflow/example_dags/example_branch_operator.py for tasks to queue
[2025-02-17T22:23:47.757-0700] {logging_mixin.py:154} INFO - [2025-02-17T22:23:47.757-0700] {dagbag.py:536} INFO - Filling up the DagBag from /home/jparep/miniconda3/envs/dbt-env/lib/python3.11/site-packages/airflow/example_dags/example_branch_operator.py
[2025-02-17T22:23:47.771-0700] {processor.py:839} INFO - DAG(s) dict_keys(['example_branch_operator']) retrieved from /home/jparep/miniconda3/envs/dbt-env/lib/python3.11/site-packages/airflow/example_dags/example_branch_operator.py
[2025-02-17T22:23:47.795-0700] {logging_mixin.py:154} INFO - [2025-02-17T22:23:47.795-0700] {dag.py:2941} INFO - Sync 1 DAGs
[2025-02-17T22:23:47.816-0700] {logging_mixin.py:154} INFO - [2025-02-17T22:23:47.816-0700] {dag.py:3722} INFO - Setting next_dagrun for example_branch_operator to 2025-02-17T00:00:00+00:00, run_after=2025-02-18T00:00:00+00:00
[2025-02-17T22:23:47.846-0700] {processor.py:179} INFO - Processing /home/jparep/miniconda3/envs/dbt-env/lib/python3.11/site-packages/airflow/example_dags/example_branch_operator.py took 0.098 seconds
[2025-02-17T22:24:26.357-0700] {processor.py:157} INFO - Started process (PID=152739) to work on /home/jparep/miniconda3/envs/dbt-env/lib/python3.11/site-packages/airflow/example_dags/example_branch_operator.py
[2025-02-17T22:24:26.361-0700] {processor.py:829} INFO - Processing file /home/jparep/miniconda3/envs/dbt-env/lib/python3.11/site-packages/airflow/example_dags/example_branch_operator.py for tasks to queue
[2025-02-17T22:24:26.363-0700] {logging_mixin.py:154} INFO - [2025-02-17T22:24:26.362-0700] {dagbag.py:536} INFO - Filling up the DagBag from /home/jparep/miniconda3/envs/dbt-env/lib/python3.11/site-packages/airflow/example_dags/example_branch_operator.py
[2025-02-17T22:24:26.393-0700] {processor.py:839} INFO - DAG(s) dict_keys(['example_branch_operator']) retrieved from /home/jparep/miniconda3/envs/dbt-env/lib/python3.11/site-packages/airflow/example_dags/example_branch_operator.py
[2025-02-17T22:24:26.421-0700] {logging_mixin.py:154} INFO - [2025-02-17T22:24:26.421-0700] {dag.py:2941} INFO - Sync 1 DAGs
[2025-02-17T22:24:26.440-0700] {logging_mixin.py:154} INFO - [2025-02-17T22:24:26.440-0700] {dag.py:3722} INFO - Setting next_dagrun for example_branch_operator to 2025-02-17T00:00:00+00:00, run_after=2025-02-18T00:00:00+00:00
[2025-02-17T22:24:26.477-0700] {processor.py:179} INFO - Processing /home/jparep/miniconda3/envs/dbt-env/lib/python3.11/site-packages/airflow/example_dags/example_branch_operator.py took 0.126 seconds
[2025-02-17T22:25:19.293-0700] {processor.py:157} INFO - Started process (PID=153243) to work on /home/jparep/miniconda3/envs/dbt-env/lib/python3.11/site-packages/airflow/example_dags/example_branch_operator.py
[2025-02-17T22:25:19.296-0700] {processor.py:829} INFO - Processing file /home/jparep/miniconda3/envs/dbt-env/lib/python3.11/site-packages/airflow/example_dags/example_branch_operator.py for tasks to queue
[2025-02-17T22:25:19.297-0700] {logging_mixin.py:154} INFO - [2025-02-17T22:25:19.297-0700] {dagbag.py:536} INFO - Filling up the DagBag from /home/jparep/miniconda3/envs/dbt-env/lib/python3.11/site-packages/airflow/example_dags/example_branch_operator.py
[2025-02-17T22:25:19.310-0700] {processor.py:839} INFO - DAG(s) dict_keys(['example_branch_operator']) retrieved from /home/jparep/miniconda3/envs/dbt-env/lib/python3.11/site-packages/airflow/example_dags/example_branch_operator.py
[2025-02-17T22:25:19.336-0700] {logging_mixin.py:154} INFO - [2025-02-17T22:25:19.336-0700] {dag.py:2941} INFO - Sync 1 DAGs
[2025-02-17T22:25:19.356-0700] {logging_mixin.py:154} INFO - [2025-02-17T22:25:19.356-0700] {dag.py:3722} INFO - Setting next_dagrun for example_branch_operator to 2025-02-17T00:00:00+00:00, run_after=2025-02-18T00:00:00+00:00
[2025-02-17T22:25:19.375-0700] {processor.py:179} INFO - Processing /home/jparep/miniconda3/envs/dbt-env/lib/python3.11/site-packages/airflow/example_dags/example_branch_operator.py took 0.086 seconds
[2025-02-17T22:26:02.234-0700] {processor.py:157} INFO - Started process (PID=153695) to work on /home/jparep/miniconda3/envs/dbt-env/lib/python3.11/site-packages/airflow/example_dags/example_branch_operator.py
[2025-02-17T22:26:02.236-0700] {processor.py:829} INFO - Processing file /home/jparep/miniconda3/envs/dbt-env/lib/python3.11/site-packages/airflow/example_dags/example_branch_operator.py for tasks to queue
[2025-02-17T22:26:02.238-0700] {logging_mixin.py:154} INFO - [2025-02-17T22:26:02.237-0700] {dagbag.py:536} INFO - Filling up the DagBag from /home/jparep/miniconda3/envs/dbt-env/lib/python3.11/site-packages/airflow/example_dags/example_branch_operator.py
[2025-02-17T22:26:02.251-0700] {processor.py:839} INFO - DAG(s) dict_keys(['example_branch_operator']) retrieved from /home/jparep/miniconda3/envs/dbt-env/lib/python3.11/site-packages/airflow/example_dags/example_branch_operator.py
[2025-02-17T22:26:02.271-0700] {logging_mixin.py:154} INFO - [2025-02-17T22:26:02.271-0700] {dag.py:2941} INFO - Sync 1 DAGs
[2025-02-17T22:26:02.288-0700] {logging_mixin.py:154} INFO - [2025-02-17T22:26:02.288-0700] {dag.py:3722} INFO - Setting next_dagrun for example_branch_operator to 2025-02-17T00:00:00+00:00, run_after=2025-02-18T00:00:00+00:00
[2025-02-17T22:26:02.307-0700] {processor.py:179} INFO - Processing /home/jparep/miniconda3/envs/dbt-env/lib/python3.11/site-packages/airflow/example_dags/example_branch_operator.py took 0.078 seconds
[2025-02-17T22:26:50.207-0700] {processor.py:157} INFO - Started process (PID=154010) to work on /home/jparep/miniconda3/envs/dbt-env/lib/python3.11/site-packages/airflow/example_dags/example_branch_operator.py
[2025-02-17T22:26:50.210-0700] {processor.py:829} INFO - Processing file /home/jparep/miniconda3/envs/dbt-env/lib/python3.11/site-packages/airflow/example_dags/example_branch_operator.py for tasks to queue
[2025-02-17T22:26:50.211-0700] {logging_mixin.py:154} INFO - [2025-02-17T22:26:50.210-0700] {dagbag.py:536} INFO - Filling up the DagBag from /home/jparep/miniconda3/envs/dbt-env/lib/python3.11/site-packages/airflow/example_dags/example_branch_operator.py
[2025-02-17T22:26:50.222-0700] {processor.py:839} INFO - DAG(s) dict_keys(['example_branch_operator']) retrieved from /home/jparep/miniconda3/envs/dbt-env/lib/python3.11/site-packages/airflow/example_dags/example_branch_operator.py
[2025-02-17T22:26:50.242-0700] {logging_mixin.py:154} INFO - [2025-02-17T22:26:50.242-0700] {dag.py:2941} INFO - Sync 1 DAGs
[2025-02-17T22:26:50.261-0700] {logging_mixin.py:154} INFO - [2025-02-17T22:26:50.261-0700] {dag.py:3722} INFO - Setting next_dagrun for example_branch_operator to 2025-02-17T00:00:00+00:00, run_after=2025-02-18T00:00:00+00:00
[2025-02-17T22:26:50.283-0700] {processor.py:179} INFO - Processing /home/jparep/miniconda3/envs/dbt-env/lib/python3.11/site-packages/airflow/example_dags/example_branch_operator.py took 0.079 seconds
[2025-02-17T22:27:27.268-0700] {processor.py:157} INFO - Started process (PID=154415) to work on /home/jparep/miniconda3/envs/dbt-env/lib/python3.11/site-packages/airflow/example_dags/example_branch_operator.py
[2025-02-17T22:27:27.271-0700] {processor.py:829} INFO - Processing file /home/jparep/miniconda3/envs/dbt-env/lib/python3.11/site-packages/airflow/example_dags/example_branch_operator.py for tasks to queue
[2025-02-17T22:27:27.272-0700] {logging_mixin.py:154} INFO - [2025-02-17T22:27:27.271-0700] {dagbag.py:536} INFO - Filling up the DagBag from /home/jparep/miniconda3/envs/dbt-env/lib/python3.11/site-packages/airflow/example_dags/example_branch_operator.py
[2025-02-17T22:27:27.286-0700] {processor.py:839} INFO - DAG(s) dict_keys(['example_branch_operator']) retrieved from /home/jparep/miniconda3/envs/dbt-env/lib/python3.11/site-packages/airflow/example_dags/example_branch_operator.py
[2025-02-17T22:27:27.311-0700] {logging_mixin.py:154} INFO - [2025-02-17T22:27:27.311-0700] {dag.py:2941} INFO - Sync 1 DAGs
[2025-02-17T22:27:27.335-0700] {logging_mixin.py:154} INFO - [2025-02-17T22:27:27.335-0700] {dag.py:3722} INFO - Setting next_dagrun for example_branch_operator to 2025-02-17T00:00:00+00:00, run_after=2025-02-18T00:00:00+00:00
[2025-02-17T22:27:27.364-0700] {processor.py:179} INFO - Processing /home/jparep/miniconda3/envs/dbt-env/lib/python3.11/site-packages/airflow/example_dags/example_branch_operator.py took 0.100 seconds
[2025-02-17T22:28:07.721-0700] {processor.py:157} INFO - Started process (PID=154661) to work on /home/jparep/miniconda3/envs/dbt-env/lib/python3.11/site-packages/airflow/example_dags/example_branch_operator.py
[2025-02-17T22:28:07.723-0700] {processor.py:829} INFO - Processing file /home/jparep/miniconda3/envs/dbt-env/lib/python3.11/site-packages/airflow/example_dags/example_branch_operator.py for tasks to queue
[2025-02-17T22:28:07.725-0700] {logging_mixin.py:154} INFO - [2025-02-17T22:28:07.724-0700] {dagbag.py:536} INFO - Filling up the DagBag from /home/jparep/miniconda3/envs/dbt-env/lib/python3.11/site-packages/airflow/example_dags/example_branch_operator.py
[2025-02-17T22:28:07.739-0700] {processor.py:839} INFO - DAG(s) dict_keys(['example_branch_operator']) retrieved from /home/jparep/miniconda3/envs/dbt-env/lib/python3.11/site-packages/airflow/example_dags/example_branch_operator.py
[2025-02-17T22:28:07.763-0700] {logging_mixin.py:154} INFO - [2025-02-17T22:28:07.763-0700] {dag.py:2941} INFO - Sync 1 DAGs
[2025-02-17T22:28:07.788-0700] {logging_mixin.py:154} INFO - [2025-02-17T22:28:07.788-0700] {dag.py:3722} INFO - Setting next_dagrun for example_branch_operator to 2025-02-17T00:00:00+00:00, run_after=2025-02-18T00:00:00+00:00
[2025-02-17T22:28:07.818-0700] {processor.py:179} INFO - Processing /home/jparep/miniconda3/envs/dbt-env/lib/python3.11/site-packages/airflow/example_dags/example_branch_operator.py took 0.103 seconds
[2025-02-17T22:28:44.405-0700] {processor.py:157} INFO - Started process (PID=154976) to work on /home/jparep/miniconda3/envs/dbt-env/lib/python3.11/site-packages/airflow/example_dags/example_branch_operator.py
[2025-02-17T22:28:44.408-0700] {processor.py:829} INFO - Processing file /home/jparep/miniconda3/envs/dbt-env/lib/python3.11/site-packages/airflow/example_dags/example_branch_operator.py for tasks to queue
[2025-02-17T22:28:44.409-0700] {logging_mixin.py:154} INFO - [2025-02-17T22:28:44.408-0700] {dagbag.py:536} INFO - Filling up the DagBag from /home/jparep/miniconda3/envs/dbt-env/lib/python3.11/site-packages/airflow/example_dags/example_branch_operator.py
[2025-02-17T22:28:44.423-0700] {processor.py:839} INFO - DAG(s) dict_keys(['example_branch_operator']) retrieved from /home/jparep/miniconda3/envs/dbt-env/lib/python3.11/site-packages/airflow/example_dags/example_branch_operator.py
[2025-02-17T22:28:44.441-0700] {logging_mixin.py:154} INFO - [2025-02-17T22:28:44.441-0700] {dag.py:2941} INFO - Sync 1 DAGs
[2025-02-17T22:28:44.461-0700] {logging_mixin.py:154} INFO - [2025-02-17T22:28:44.460-0700] {dag.py:3722} INFO - Setting next_dagrun for example_branch_operator to 2025-02-17T00:00:00+00:00, run_after=2025-02-18T00:00:00+00:00
[2025-02-17T22:28:44.480-0700] {processor.py:179} INFO - Processing /home/jparep/miniconda3/envs/dbt-env/lib/python3.11/site-packages/airflow/example_dags/example_branch_operator.py took 0.081 seconds
[2025-02-17T22:29:24.773-0700] {processor.py:157} INFO - Started process (PID=155322) to work on /home/jparep/miniconda3/envs/dbt-env/lib/python3.11/site-packages/airflow/example_dags/example_branch_operator.py
[2025-02-17T22:29:24.776-0700] {processor.py:829} INFO - Processing file /home/jparep/miniconda3/envs/dbt-env/lib/python3.11/site-packages/airflow/example_dags/example_branch_operator.py for tasks to queue
[2025-02-17T22:29:24.778-0700] {logging_mixin.py:154} INFO - [2025-02-17T22:29:24.777-0700] {dagbag.py:536} INFO - Filling up the DagBag from /home/jparep/miniconda3/envs/dbt-env/lib/python3.11/site-packages/airflow/example_dags/example_branch_operator.py
[2025-02-17T22:29:24.797-0700] {processor.py:839} INFO - DAG(s) dict_keys(['example_branch_operator']) retrieved from /home/jparep/miniconda3/envs/dbt-env/lib/python3.11/site-packages/airflow/example_dags/example_branch_operator.py
[2025-02-17T22:29:24.824-0700] {logging_mixin.py:154} INFO - [2025-02-17T22:29:24.823-0700] {dag.py:2941} INFO - Sync 1 DAGs
[2025-02-17T22:29:24.846-0700] {logging_mixin.py:154} INFO - [2025-02-17T22:29:24.846-0700] {dag.py:3722} INFO - Setting next_dagrun for example_branch_operator to 2025-02-17T00:00:00+00:00, run_after=2025-02-18T00:00:00+00:00
[2025-02-17T22:29:24.865-0700] {processor.py:179} INFO - Processing /home/jparep/miniconda3/envs/dbt-env/lib/python3.11/site-packages/airflow/example_dags/example_branch_operator.py took 0.099 seconds
[2025-02-17T22:30:06.897-0700] {processor.py:157} INFO - Started process (PID=155518) to work on /home/jparep/miniconda3/envs/dbt-env/lib/python3.11/site-packages/airflow/example_dags/example_branch_operator.py
[2025-02-17T22:30:06.900-0700] {processor.py:829} INFO - Processing file /home/jparep/miniconda3/envs/dbt-env/lib/python3.11/site-packages/airflow/example_dags/example_branch_operator.py for tasks to queue
[2025-02-17T22:30:06.901-0700] {logging_mixin.py:154} INFO - [2025-02-17T22:30:06.901-0700] {dagbag.py:536} INFO - Filling up the DagBag from /home/jparep/miniconda3/envs/dbt-env/lib/python3.11/site-packages/airflow/example_dags/example_branch_operator.py
[2025-02-17T22:30:06.917-0700] {processor.py:839} INFO - DAG(s) dict_keys(['example_branch_operator']) retrieved from /home/jparep/miniconda3/envs/dbt-env/lib/python3.11/site-packages/airflow/example_dags/example_branch_operator.py
[2025-02-17T22:30:06.942-0700] {logging_mixin.py:154} INFO - [2025-02-17T22:30:06.941-0700] {dag.py:2941} INFO - Sync 1 DAGs
[2025-02-17T22:30:06.960-0700] {logging_mixin.py:154} INFO - [2025-02-17T22:30:06.960-0700] {dag.py:3722} INFO - Setting next_dagrun for example_branch_operator to 2025-02-17T00:00:00+00:00, run_after=2025-02-18T00:00:00+00:00
[2025-02-17T22:30:06.985-0700] {processor.py:179} INFO - Processing /home/jparep/miniconda3/envs/dbt-env/lib/python3.11/site-packages/airflow/example_dags/example_branch_operator.py took 0.092 seconds
[2025-02-17T22:30:45.359-0700] {processor.py:157} INFO - Started process (PID=155952) to work on /home/jparep/miniconda3/envs/dbt-env/lib/python3.11/site-packages/airflow/example_dags/example_branch_operator.py
[2025-02-17T22:30:45.363-0700] {processor.py:829} INFO - Processing file /home/jparep/miniconda3/envs/dbt-env/lib/python3.11/site-packages/airflow/example_dags/example_branch_operator.py for tasks to queue
[2025-02-17T22:30:45.364-0700] {logging_mixin.py:154} INFO - [2025-02-17T22:30:45.364-0700] {dagbag.py:536} INFO - Filling up the DagBag from /home/jparep/miniconda3/envs/dbt-env/lib/python3.11/site-packages/airflow/example_dags/example_branch_operator.py
[2025-02-17T22:30:45.379-0700] {processor.py:839} INFO - DAG(s) dict_keys(['example_branch_operator']) retrieved from /home/jparep/miniconda3/envs/dbt-env/lib/python3.11/site-packages/airflow/example_dags/example_branch_operator.py
[2025-02-17T22:30:45.401-0700] {logging_mixin.py:154} INFO - [2025-02-17T22:30:45.400-0700] {dag.py:2941} INFO - Sync 1 DAGs
[2025-02-17T22:30:45.416-0700] {logging_mixin.py:154} INFO - [2025-02-17T22:30:45.416-0700] {dag.py:3722} INFO - Setting next_dagrun for example_branch_operator to 2025-02-17T00:00:00+00:00, run_after=2025-02-18T00:00:00+00:00
[2025-02-17T22:30:45.435-0700] {processor.py:179} INFO - Processing /home/jparep/miniconda3/envs/dbt-env/lib/python3.11/site-packages/airflow/example_dags/example_branch_operator.py took 0.081 seconds
[2025-02-17T22:31:39.679-0700] {processor.py:157} INFO - Started process (PID=156489) to work on /home/jparep/miniconda3/envs/dbt-env/lib/python3.11/site-packages/airflow/example_dags/example_branch_operator.py
[2025-02-17T22:31:39.682-0700] {processor.py:829} INFO - Processing file /home/jparep/miniconda3/envs/dbt-env/lib/python3.11/site-packages/airflow/example_dags/example_branch_operator.py for tasks to queue
[2025-02-17T22:31:39.683-0700] {logging_mixin.py:154} INFO - [2025-02-17T22:31:39.683-0700] {dagbag.py:536} INFO - Filling up the DagBag from /home/jparep/miniconda3/envs/dbt-env/lib/python3.11/site-packages/airflow/example_dags/example_branch_operator.py
[2025-02-17T22:31:39.700-0700] {processor.py:839} INFO - DAG(s) dict_keys(['example_branch_operator']) retrieved from /home/jparep/miniconda3/envs/dbt-env/lib/python3.11/site-packages/airflow/example_dags/example_branch_operator.py
[2025-02-17T22:31:39.727-0700] {logging_mixin.py:154} INFO - [2025-02-17T22:31:39.727-0700] {dag.py:2941} INFO - Sync 1 DAGs
[2025-02-17T22:31:39.750-0700] {logging_mixin.py:154} INFO - [2025-02-17T22:31:39.750-0700] {dag.py:3722} INFO - Setting next_dagrun for example_branch_operator to 2025-02-17T00:00:00+00:00, run_after=2025-02-18T00:00:00+00:00
[2025-02-17T22:31:39.786-0700] {processor.py:179} INFO - Processing /home/jparep/miniconda3/envs/dbt-env/lib/python3.11/site-packages/airflow/example_dags/example_branch_operator.py took 0.113 seconds
[2025-02-17T22:32:17.754-0700] {processor.py:157} INFO - Started process (PID=156701) to work on /home/jparep/miniconda3/envs/dbt-env/lib/python3.11/site-packages/airflow/example_dags/example_branch_operator.py
[2025-02-17T22:32:17.756-0700] {processor.py:829} INFO - Processing file /home/jparep/miniconda3/envs/dbt-env/lib/python3.11/site-packages/airflow/example_dags/example_branch_operator.py for tasks to queue
[2025-02-17T22:32:17.758-0700] {logging_mixin.py:154} INFO - [2025-02-17T22:32:17.757-0700] {dagbag.py:536} INFO - Filling up the DagBag from /home/jparep/miniconda3/envs/dbt-env/lib/python3.11/site-packages/airflow/example_dags/example_branch_operator.py
[2025-02-17T22:32:17.771-0700] {processor.py:839} INFO - DAG(s) dict_keys(['example_branch_operator']) retrieved from /home/jparep/miniconda3/envs/dbt-env/lib/python3.11/site-packages/airflow/example_dags/example_branch_operator.py
[2025-02-17T22:32:17.792-0700] {logging_mixin.py:154} INFO - [2025-02-17T22:32:17.792-0700] {dag.py:2941} INFO - Sync 1 DAGs
[2025-02-17T22:32:17.817-0700] {logging_mixin.py:154} INFO - [2025-02-17T22:32:17.817-0700] {dag.py:3722} INFO - Setting next_dagrun for example_branch_operator to 2025-02-17T00:00:00+00:00, run_after=2025-02-18T00:00:00+00:00
[2025-02-17T22:32:17.846-0700] {processor.py:179} INFO - Processing /home/jparep/miniconda3/envs/dbt-env/lib/python3.11/site-packages/airflow/example_dags/example_branch_operator.py took 0.097 seconds
[2025-02-17T22:32:55.752-0700] {processor.py:157} INFO - Started process (PID=157016) to work on /home/jparep/miniconda3/envs/dbt-env/lib/python3.11/site-packages/airflow/example_dags/example_branch_operator.py
[2025-02-17T22:32:55.754-0700] {processor.py:829} INFO - Processing file /home/jparep/miniconda3/envs/dbt-env/lib/python3.11/site-packages/airflow/example_dags/example_branch_operator.py for tasks to queue
[2025-02-17T22:32:55.755-0700] {logging_mixin.py:154} INFO - [2025-02-17T22:32:55.754-0700] {dagbag.py:536} INFO - Filling up the DagBag from /home/jparep/miniconda3/envs/dbt-env/lib/python3.11/site-packages/airflow/example_dags/example_branch_operator.py
[2025-02-17T22:32:55.768-0700] {processor.py:839} INFO - DAG(s) dict_keys(['example_branch_operator']) retrieved from /home/jparep/miniconda3/envs/dbt-env/lib/python3.11/site-packages/airflow/example_dags/example_branch_operator.py
[2025-02-17T22:32:55.795-0700] {logging_mixin.py:154} INFO - [2025-02-17T22:32:55.795-0700] {dag.py:2941} INFO - Sync 1 DAGs
[2025-02-17T22:32:55.818-0700] {logging_mixin.py:154} INFO - [2025-02-17T22:32:55.818-0700] {dag.py:3722} INFO - Setting next_dagrun for example_branch_operator to 2025-02-17T00:00:00+00:00, run_after=2025-02-18T00:00:00+00:00
[2025-02-17T22:32:55.841-0700] {processor.py:179} INFO - Processing /home/jparep/miniconda3/envs/dbt-env/lib/python3.11/site-packages/airflow/example_dags/example_branch_operator.py took 0.093 seconds
[2025-02-17T22:33:37.025-0700] {processor.py:157} INFO - Started process (PID=157459) to work on /home/jparep/miniconda3/envs/dbt-env/lib/python3.11/site-packages/airflow/example_dags/example_branch_operator.py
[2025-02-17T22:33:37.027-0700] {processor.py:829} INFO - Processing file /home/jparep/miniconda3/envs/dbt-env/lib/python3.11/site-packages/airflow/example_dags/example_branch_operator.py for tasks to queue
[2025-02-17T22:33:37.029-0700] {logging_mixin.py:154} INFO - [2025-02-17T22:33:37.029-0700] {dagbag.py:536} INFO - Filling up the DagBag from /home/jparep/miniconda3/envs/dbt-env/lib/python3.11/site-packages/airflow/example_dags/example_branch_operator.py
[2025-02-17T22:33:37.040-0700] {processor.py:839} INFO - DAG(s) dict_keys(['example_branch_operator']) retrieved from /home/jparep/miniconda3/envs/dbt-env/lib/python3.11/site-packages/airflow/example_dags/example_branch_operator.py
[2025-02-17T22:33:37.058-0700] {logging_mixin.py:154} INFO - [2025-02-17T22:33:37.057-0700] {dag.py:2941} INFO - Sync 1 DAGs
[2025-02-17T22:33:37.074-0700] {logging_mixin.py:154} INFO - [2025-02-17T22:33:37.074-0700] {dag.py:3722} INFO - Setting next_dagrun for example_branch_operator to 2025-02-17T00:00:00+00:00, run_after=2025-02-18T00:00:00+00:00
[2025-02-17T22:33:37.097-0700] {processor.py:179} INFO - Processing /home/jparep/miniconda3/envs/dbt-env/lib/python3.11/site-packages/airflow/example_dags/example_branch_operator.py took 0.077 seconds
[2025-02-17T22:34:29.084-0700] {processor.py:157} INFO - Started process (PID=157664) to work on /home/jparep/miniconda3/envs/dbt-env/lib/python3.11/site-packages/airflow/example_dags/example_branch_operator.py
[2025-02-17T22:34:29.086-0700] {processor.py:829} INFO - Processing file /home/jparep/miniconda3/envs/dbt-env/lib/python3.11/site-packages/airflow/example_dags/example_branch_operator.py for tasks to queue
[2025-02-17T22:34:29.088-0700] {logging_mixin.py:154} INFO - [2025-02-17T22:34:29.087-0700] {dagbag.py:536} INFO - Filling up the DagBag from /home/jparep/miniconda3/envs/dbt-env/lib/python3.11/site-packages/airflow/example_dags/example_branch_operator.py
[2025-02-17T22:34:29.104-0700] {processor.py:839} INFO - DAG(s) dict_keys(['example_branch_operator']) retrieved from /home/jparep/miniconda3/envs/dbt-env/lib/python3.11/site-packages/airflow/example_dags/example_branch_operator.py
[2025-02-17T22:34:29.137-0700] {logging_mixin.py:154} INFO - [2025-02-17T22:34:29.137-0700] {dag.py:2941} INFO - Sync 1 DAGs
[2025-02-17T22:34:29.160-0700] {logging_mixin.py:154} INFO - [2025-02-17T22:34:29.160-0700] {dag.py:3722} INFO - Setting next_dagrun for example_branch_operator to 2025-02-17T00:00:00+00:00, run_after=2025-02-18T00:00:00+00:00
[2025-02-17T22:34:29.187-0700] {processor.py:179} INFO - Processing /home/jparep/miniconda3/envs/dbt-env/lib/python3.11/site-packages/airflow/example_dags/example_branch_operator.py took 0.108 seconds
[2025-02-17T22:35:06.174-0700] {processor.py:157} INFO - Started process (PID=158013) to work on /home/jparep/miniconda3/envs/dbt-env/lib/python3.11/site-packages/airflow/example_dags/example_branch_operator.py
[2025-02-17T22:35:06.177-0700] {processor.py:829} INFO - Processing file /home/jparep/miniconda3/envs/dbt-env/lib/python3.11/site-packages/airflow/example_dags/example_branch_operator.py for tasks to queue
[2025-02-17T22:35:06.178-0700] {logging_mixin.py:154} INFO - [2025-02-17T22:35:06.177-0700] {dagbag.py:536} INFO - Filling up the DagBag from /home/jparep/miniconda3/envs/dbt-env/lib/python3.11/site-packages/airflow/example_dags/example_branch_operator.py
[2025-02-17T22:35:06.195-0700] {processor.py:839} INFO - DAG(s) dict_keys(['example_branch_operator']) retrieved from /home/jparep/miniconda3/envs/dbt-env/lib/python3.11/site-packages/airflow/example_dags/example_branch_operator.py
[2025-02-17T22:35:06.215-0700] {logging_mixin.py:154} INFO - [2025-02-17T22:35:06.215-0700] {dag.py:2941} INFO - Sync 1 DAGs
[2025-02-17T22:35:06.236-0700] {logging_mixin.py:154} INFO - [2025-02-17T22:35:06.236-0700] {dag.py:3722} INFO - Setting next_dagrun for example_branch_operator to 2025-02-17T00:00:00+00:00, run_after=2025-02-18T00:00:00+00:00
[2025-02-17T22:35:06.254-0700] {processor.py:179} INFO - Processing /home/jparep/miniconda3/envs/dbt-env/lib/python3.11/site-packages/airflow/example_dags/example_branch_operator.py took 0.086 seconds
[2025-02-17T22:35:41.772-0700] {processor.py:157} INFO - Started process (PID=158240) to work on /home/jparep/miniconda3/envs/dbt-env/lib/python3.11/site-packages/airflow/example_dags/example_branch_operator.py
[2025-02-17T22:35:41.774-0700] {processor.py:829} INFO - Processing file /home/jparep/miniconda3/envs/dbt-env/lib/python3.11/site-packages/airflow/example_dags/example_branch_operator.py for tasks to queue
[2025-02-17T22:35:41.776-0700] {logging_mixin.py:154} INFO - [2025-02-17T22:35:41.775-0700] {dagbag.py:536} INFO - Filling up the DagBag from /home/jparep/miniconda3/envs/dbt-env/lib/python3.11/site-packages/airflow/example_dags/example_branch_operator.py
[2025-02-17T22:35:41.791-0700] {processor.py:839} INFO - DAG(s) dict_keys(['example_branch_operator']) retrieved from /home/jparep/miniconda3/envs/dbt-env/lib/python3.11/site-packages/airflow/example_dags/example_branch_operator.py
[2025-02-17T22:35:41.813-0700] {logging_mixin.py:154} INFO - [2025-02-17T22:35:41.813-0700] {dag.py:2941} INFO - Sync 1 DAGs
[2025-02-17T22:35:41.828-0700] {logging_mixin.py:154} INFO - [2025-02-17T22:35:41.828-0700] {dag.py:3722} INFO - Setting next_dagrun for example_branch_operator to 2025-02-17T00:00:00+00:00, run_after=2025-02-18T00:00:00+00:00
[2025-02-17T22:35:41.845-0700] {processor.py:179} INFO - Processing /home/jparep/miniconda3/envs/dbt-env/lib/python3.11/site-packages/airflow/example_dags/example_branch_operator.py took 0.079 seconds
[2025-02-17T22:36:22.440-0700] {processor.py:157} INFO - Started process (PID=158679) to work on /home/jparep/miniconda3/envs/dbt-env/lib/python3.11/site-packages/airflow/example_dags/example_branch_operator.py
[2025-02-17T22:36:22.440-0700] {processor.py:829} INFO - Processing file /home/jparep/miniconda3/envs/dbt-env/lib/python3.11/site-packages/airflow/example_dags/example_branch_operator.py for tasks to queue
[2025-02-17T22:36:22.441-0700] {logging_mixin.py:154} INFO - [2025-02-17T22:36:22.441-0700] {dagbag.py:536} INFO - Filling up the DagBag from /home/jparep/miniconda3/envs/dbt-env/lib/python3.11/site-packages/airflow/example_dags/example_branch_operator.py
[2025-02-17T22:36:22.451-0700] {processor.py:839} INFO - DAG(s) dict_keys(['example_branch_operator']) retrieved from /home/jparep/miniconda3/envs/dbt-env/lib/python3.11/site-packages/airflow/example_dags/example_branch_operator.py
[2025-02-17T22:36:22.468-0700] {logging_mixin.py:154} INFO - [2025-02-17T22:36:22.468-0700] {dag.py:2941} INFO - Sync 1 DAGs
[2025-02-17T22:36:22.485-0700] {logging_mixin.py:154} INFO - [2025-02-17T22:36:22.485-0700] {dag.py:3722} INFO - Setting next_dagrun for example_branch_operator to 2025-02-17T00:00:00+00:00, run_after=2025-02-18T00:00:00+00:00
[2025-02-17T22:36:22.512-0700] {processor.py:179} INFO - Processing /home/jparep/miniconda3/envs/dbt-env/lib/python3.11/site-packages/airflow/example_dags/example_branch_operator.py took 0.075 seconds
[2025-02-17T22:37:01.682-0700] {processor.py:157} INFO - Started process (PID=159104) to work on /home/jparep/miniconda3/envs/dbt-env/lib/python3.11/site-packages/airflow/example_dags/example_branch_operator.py
[2025-02-17T22:37:01.685-0700] {processor.py:829} INFO - Processing file /home/jparep/miniconda3/envs/dbt-env/lib/python3.11/site-packages/airflow/example_dags/example_branch_operator.py for tasks to queue
[2025-02-17T22:37:01.687-0700] {logging_mixin.py:154} INFO - [2025-02-17T22:37:01.686-0700] {dagbag.py:536} INFO - Filling up the DagBag from /home/jparep/miniconda3/envs/dbt-env/lib/python3.11/site-packages/airflow/example_dags/example_branch_operator.py
[2025-02-17T22:37:01.706-0700] {processor.py:839} INFO - DAG(s) dict_keys(['example_branch_operator']) retrieved from /home/jparep/miniconda3/envs/dbt-env/lib/python3.11/site-packages/airflow/example_dags/example_branch_operator.py
[2025-02-17T22:37:01.733-0700] {logging_mixin.py:154} INFO - [2025-02-17T22:37:01.733-0700] {dag.py:2941} INFO - Sync 1 DAGs
[2025-02-17T22:37:01.752-0700] {logging_mixin.py:154} INFO - [2025-02-17T22:37:01.752-0700] {dag.py:3722} INFO - Setting next_dagrun for example_branch_operator to 2025-02-17T00:00:00+00:00, run_after=2025-02-18T00:00:00+00:00
[2025-02-17T22:37:01.771-0700] {processor.py:179} INFO - Processing /home/jparep/miniconda3/envs/dbt-env/lib/python3.11/site-packages/airflow/example_dags/example_branch_operator.py took 0.096 seconds
[2025-02-17T22:37:39.013-0700] {processor.py:157} INFO - Started process (PID=159932) to work on /home/jparep/miniconda3/envs/dbt-env/lib/python3.11/site-packages/airflow/example_dags/example_branch_operator.py
[2025-02-17T22:37:39.016-0700] {processor.py:829} INFO - Processing file /home/jparep/miniconda3/envs/dbt-env/lib/python3.11/site-packages/airflow/example_dags/example_branch_operator.py for tasks to queue
[2025-02-17T22:37:39.017-0700] {logging_mixin.py:154} INFO - [2025-02-17T22:37:39.016-0700] {dagbag.py:536} INFO - Filling up the DagBag from /home/jparep/miniconda3/envs/dbt-env/lib/python3.11/site-packages/airflow/example_dags/example_branch_operator.py
[2025-02-17T22:37:39.031-0700] {processor.py:839} INFO - DAG(s) dict_keys(['example_branch_operator']) retrieved from /home/jparep/miniconda3/envs/dbt-env/lib/python3.11/site-packages/airflow/example_dags/example_branch_operator.py
[2025-02-17T22:37:39.046-0700] {logging_mixin.py:154} INFO - [2025-02-17T22:37:39.046-0700] {dag.py:2941} INFO - Sync 1 DAGs
[2025-02-17T22:37:39.059-0700] {logging_mixin.py:154} INFO - [2025-02-17T22:37:39.059-0700] {dag.py:3722} INFO - Setting next_dagrun for example_branch_operator to 2025-02-17T00:00:00+00:00, run_after=2025-02-18T00:00:00+00:00
[2025-02-17T22:37:39.074-0700] {processor.py:179} INFO - Processing /home/jparep/miniconda3/envs/dbt-env/lib/python3.11/site-packages/airflow/example_dags/example_branch_operator.py took 0.065 seconds
[2025-02-17T22:38:28.962-0700] {processor.py:157} INFO - Started process (PID=160602) to work on /home/jparep/miniconda3/envs/dbt-env/lib/python3.11/site-packages/airflow/example_dags/example_branch_operator.py
[2025-02-17T22:38:28.965-0700] {processor.py:829} INFO - Processing file /home/jparep/miniconda3/envs/dbt-env/lib/python3.11/site-packages/airflow/example_dags/example_branch_operator.py for tasks to queue
[2025-02-17T22:38:28.965-0700] {logging_mixin.py:154} INFO - [2025-02-17T22:38:28.965-0700] {dagbag.py:536} INFO - Filling up the DagBag from /home/jparep/miniconda3/envs/dbt-env/lib/python3.11/site-packages/airflow/example_dags/example_branch_operator.py
[2025-02-17T22:38:28.974-0700] {processor.py:839} INFO - DAG(s) dict_keys(['example_branch_operator']) retrieved from /home/jparep/miniconda3/envs/dbt-env/lib/python3.11/site-packages/airflow/example_dags/example_branch_operator.py
[2025-02-17T22:38:28.989-0700] {logging_mixin.py:154} INFO - [2025-02-17T22:38:28.989-0700] {dag.py:2941} INFO - Sync 1 DAGs
[2025-02-17T22:38:29.004-0700] {logging_mixin.py:154} INFO - [2025-02-17T22:38:29.004-0700] {dag.py:3722} INFO - Setting next_dagrun for example_branch_operator to 2025-02-17T00:00:00+00:00, run_after=2025-02-18T00:00:00+00:00
[2025-02-17T22:38:29.021-0700] {processor.py:179} INFO - Processing /home/jparep/miniconda3/envs/dbt-env/lib/python3.11/site-packages/airflow/example_dags/example_branch_operator.py took 0.062 seconds
[2025-02-17T22:39:08.784-0700] {processor.py:157} INFO - Started process (PID=161118) to work on /home/jparep/miniconda3/envs/dbt-env/lib/python3.11/site-packages/airflow/example_dags/example_branch_operator.py
[2025-02-17T22:39:08.787-0700] {processor.py:829} INFO - Processing file /home/jparep/miniconda3/envs/dbt-env/lib/python3.11/site-packages/airflow/example_dags/example_branch_operator.py for tasks to queue
[2025-02-17T22:39:08.788-0700] {logging_mixin.py:154} INFO - [2025-02-17T22:39:08.788-0700] {dagbag.py:536} INFO - Filling up the DagBag from /home/jparep/miniconda3/envs/dbt-env/lib/python3.11/site-packages/airflow/example_dags/example_branch_operator.py
[2025-02-17T22:39:08.802-0700] {processor.py:839} INFO - DAG(s) dict_keys(['example_branch_operator']) retrieved from /home/jparep/miniconda3/envs/dbt-env/lib/python3.11/site-packages/airflow/example_dags/example_branch_operator.py
[2025-02-17T22:39:08.829-0700] {logging_mixin.py:154} INFO - [2025-02-17T22:39:08.829-0700] {dag.py:2941} INFO - Sync 1 DAGs
[2025-02-17T22:39:08.854-0700] {logging_mixin.py:154} INFO - [2025-02-17T22:39:08.854-0700] {dag.py:3722} INFO - Setting next_dagrun for example_branch_operator to 2025-02-17T00:00:00+00:00, run_after=2025-02-18T00:00:00+00:00
[2025-02-17T22:39:08.880-0700] {processor.py:179} INFO - Processing /home/jparep/miniconda3/envs/dbt-env/lib/python3.11/site-packages/airflow/example_dags/example_branch_operator.py took 0.100 seconds
[2025-02-17T22:40:03.556-0700] {processor.py:157} INFO - Started process (PID=161506) to work on /home/jparep/miniconda3/envs/dbt-env/lib/python3.11/site-packages/airflow/example_dags/example_branch_operator.py
[2025-02-17T22:40:03.559-0700] {processor.py:829} INFO - Processing file /home/jparep/miniconda3/envs/dbt-env/lib/python3.11/site-packages/airflow/example_dags/example_branch_operator.py for tasks to queue
[2025-02-17T22:40:03.560-0700] {logging_mixin.py:154} INFO - [2025-02-17T22:40:03.560-0700] {dagbag.py:536} INFO - Filling up the DagBag from /home/jparep/miniconda3/envs/dbt-env/lib/python3.11/site-packages/airflow/example_dags/example_branch_operator.py
[2025-02-17T22:40:03.578-0700] {processor.py:839} INFO - DAG(s) dict_keys(['example_branch_operator']) retrieved from /home/jparep/miniconda3/envs/dbt-env/lib/python3.11/site-packages/airflow/example_dags/example_branch_operator.py
[2025-02-17T22:40:03.602-0700] {logging_mixin.py:154} INFO - [2025-02-17T22:40:03.602-0700] {dag.py:2941} INFO - Sync 1 DAGs
[2025-02-17T22:40:03.622-0700] {logging_mixin.py:154} INFO - [2025-02-17T22:40:03.622-0700] {dag.py:3722} INFO - Setting next_dagrun for example_branch_operator to 2025-02-17T00:00:00+00:00, run_after=2025-02-18T00:00:00+00:00
[2025-02-17T22:40:03.649-0700] {processor.py:179} INFO - Processing /home/jparep/miniconda3/envs/dbt-env/lib/python3.11/site-packages/airflow/example_dags/example_branch_operator.py took 0.096 seconds
[2025-02-17T22:40:42.118-0700] {processor.py:157} INFO - Started process (PID=161776) to work on /home/jparep/miniconda3/envs/dbt-env/lib/python3.11/site-packages/airflow/example_dags/example_branch_operator.py
[2025-02-17T22:40:42.120-0700] {processor.py:829} INFO - Processing file /home/jparep/miniconda3/envs/dbt-env/lib/python3.11/site-packages/airflow/example_dags/example_branch_operator.py for tasks to queue
[2025-02-17T22:40:42.121-0700] {logging_mixin.py:154} INFO - [2025-02-17T22:40:42.121-0700] {dagbag.py:536} INFO - Filling up the DagBag from /home/jparep/miniconda3/envs/dbt-env/lib/python3.11/site-packages/airflow/example_dags/example_branch_operator.py
[2025-02-17T22:40:42.131-0700] {processor.py:839} INFO - DAG(s) dict_keys(['example_branch_operator']) retrieved from /home/jparep/miniconda3/envs/dbt-env/lib/python3.11/site-packages/airflow/example_dags/example_branch_operator.py
[2025-02-17T22:40:42.149-0700] {logging_mixin.py:154} INFO - [2025-02-17T22:40:42.149-0700] {dag.py:2941} INFO - Sync 1 DAGs
[2025-02-17T22:40:42.167-0700] {logging_mixin.py:154} INFO - [2025-02-17T22:40:42.167-0700] {dag.py:3722} INFO - Setting next_dagrun for example_branch_operator to 2025-02-17T00:00:00+00:00, run_after=2025-02-18T00:00:00+00:00
[2025-02-17T22:40:42.187-0700] {processor.py:179} INFO - Processing /home/jparep/miniconda3/envs/dbt-env/lib/python3.11/site-packages/airflow/example_dags/example_branch_operator.py took 0.076 seconds
[2025-02-17T22:41:18.521-0700] {processor.py:157} INFO - Started process (PID=162148) to work on /home/jparep/miniconda3/envs/dbt-env/lib/python3.11/site-packages/airflow/example_dags/example_branch_operator.py
[2025-02-17T22:41:18.524-0700] {processor.py:829} INFO - Processing file /home/jparep/miniconda3/envs/dbt-env/lib/python3.11/site-packages/airflow/example_dags/example_branch_operator.py for tasks to queue
[2025-02-17T22:41:18.525-0700] {logging_mixin.py:154} INFO - [2025-02-17T22:41:18.524-0700] {dagbag.py:536} INFO - Filling up the DagBag from /home/jparep/miniconda3/envs/dbt-env/lib/python3.11/site-packages/airflow/example_dags/example_branch_operator.py
[2025-02-17T22:41:18.539-0700] {processor.py:839} INFO - DAG(s) dict_keys(['example_branch_operator']) retrieved from /home/jparep/miniconda3/envs/dbt-env/lib/python3.11/site-packages/airflow/example_dags/example_branch_operator.py
[2025-02-17T22:41:18.564-0700] {logging_mixin.py:154} INFO - [2025-02-17T22:41:18.564-0700] {dag.py:2941} INFO - Sync 1 DAGs
[2025-02-17T22:41:18.591-0700] {logging_mixin.py:154} INFO - [2025-02-17T22:41:18.590-0700] {dag.py:3722} INFO - Setting next_dagrun for example_branch_operator to 2025-02-17T00:00:00+00:00, run_after=2025-02-18T00:00:00+00:00
[2025-02-17T22:41:18.625-0700] {processor.py:179} INFO - Processing /home/jparep/miniconda3/envs/dbt-env/lib/python3.11/site-packages/airflow/example_dags/example_branch_operator.py took 0.109 seconds
