[2025-02-17T22:15:42.661-0700] {processor.py:157} INFO - Started process (PID=148416) to work on /home/jparep/miniconda3/envs/dbt-env/lib/python3.11/site-packages/airflow/example_dags/example_skip_dag.py
[2025-02-17T22:15:42.663-0700] {processor.py:829} INFO - Processing file /home/jparep/miniconda3/envs/dbt-env/lib/python3.11/site-packages/airflow/example_dags/example_skip_dag.py for tasks to queue
[2025-02-17T22:15:42.664-0700] {logging_mixin.py:154} INFO - [2025-02-17T22:15:42.663-0700] {dagbag.py:536} INFO - Filling up the DagBag from /home/jparep/miniconda3/envs/dbt-env/lib/python3.11/site-packages/airflow/example_dags/example_skip_dag.py
[2025-02-17T22:15:42.690-0700] {processor.py:839} INFO - DAG(s) dict_keys(['example_skip_dag']) retrieved from /home/jparep/miniconda3/envs/dbt-env/lib/python3.11/site-packages/airflow/example_dags/example_skip_dag.py
[2025-02-17T22:15:42.929-0700] {logging_mixin.py:154} INFO - [2025-02-17T22:15:42.929-0700] {manager.py:499} INFO - Created Permission View: %s
[2025-02-17T22:15:42.952-0700] {logging_mixin.py:154} INFO - [2025-02-17T22:15:42.951-0700] {manager.py:499} INFO - Created Permission View: %s
[2025-02-17T22:15:42.984-0700] {logging_mixin.py:154} INFO - [2025-02-17T22:15:42.984-0700] {manager.py:499} INFO - Created Permission View: %s
[2025-02-17T22:15:42.984-0700] {logging_mixin.py:154} INFO - [2025-02-17T22:15:42.984-0700] {dag.py:2941} INFO - Sync 1 DAGs
[2025-02-17T22:15:42.993-0700] {logging_mixin.py:154} INFO - [2025-02-17T22:15:42.993-0700] {dag.py:2963} INFO - Creating ORM DAG for example_skip_dag
[2025-02-17T22:15:43.001-0700] {logging_mixin.py:154} INFO - [2025-02-17T22:15:43.001-0700] {dag.py:3722} INFO - Setting next_dagrun for example_skip_dag to 2025-02-17T05:15:43.001231+00:00, run_after=2025-02-18T05:15:43.001231+00:00
[2025-02-17T22:15:43.033-0700] {processor.py:179} INFO - Processing /home/jparep/miniconda3/envs/dbt-env/lib/python3.11/site-packages/airflow/example_dags/example_skip_dag.py took 0.377 seconds
[2025-02-17T22:16:41.030-0700] {processor.py:157} INFO - Started process (PID=148796) to work on /home/jparep/miniconda3/envs/dbt-env/lib/python3.11/site-packages/airflow/example_dags/example_skip_dag.py
[2025-02-17T22:16:41.033-0700] {processor.py:829} INFO - Processing file /home/jparep/miniconda3/envs/dbt-env/lib/python3.11/site-packages/airflow/example_dags/example_skip_dag.py for tasks to queue
[2025-02-17T22:16:41.034-0700] {logging_mixin.py:154} INFO - [2025-02-17T22:16:41.034-0700] {dagbag.py:536} INFO - Filling up the DagBag from /home/jparep/miniconda3/envs/dbt-env/lib/python3.11/site-packages/airflow/example_dags/example_skip_dag.py
[2025-02-17T22:16:41.048-0700] {processor.py:839} INFO - DAG(s) dict_keys(['example_skip_dag']) retrieved from /home/jparep/miniconda3/envs/dbt-env/lib/python3.11/site-packages/airflow/example_dags/example_skip_dag.py
[2025-02-17T22:16:41.072-0700] {logging_mixin.py:154} INFO - [2025-02-17T22:16:41.072-0700] {dag.py:2941} INFO - Sync 1 DAGs
[2025-02-17T22:16:41.093-0700] {logging_mixin.py:154} INFO - [2025-02-17T22:16:41.093-0700] {dag.py:3722} INFO - Setting next_dagrun for example_skip_dag to 2025-02-17T05:16:41.092763+00:00, run_after=2025-02-18T05:16:41.092763+00:00
[2025-02-17T22:16:41.241-0700] {processor.py:179} INFO - Processing /home/jparep/miniconda3/envs/dbt-env/lib/python3.11/site-packages/airflow/example_dags/example_skip_dag.py took 0.215 seconds
[2025-02-17T22:17:28.467-0700] {processor.py:157} INFO - Started process (PID=149223) to work on /home/jparep/miniconda3/envs/dbt-env/lib/python3.11/site-packages/airflow/example_dags/example_skip_dag.py
[2025-02-17T22:17:28.470-0700] {processor.py:829} INFO - Processing file /home/jparep/miniconda3/envs/dbt-env/lib/python3.11/site-packages/airflow/example_dags/example_skip_dag.py for tasks to queue
[2025-02-17T22:17:28.471-0700] {logging_mixin.py:154} INFO - [2025-02-17T22:17:28.471-0700] {dagbag.py:536} INFO - Filling up the DagBag from /home/jparep/miniconda3/envs/dbt-env/lib/python3.11/site-packages/airflow/example_dags/example_skip_dag.py
[2025-02-17T22:17:28.486-0700] {processor.py:839} INFO - DAG(s) dict_keys(['example_skip_dag']) retrieved from /home/jparep/miniconda3/envs/dbt-env/lib/python3.11/site-packages/airflow/example_dags/example_skip_dag.py
[2025-02-17T22:17:28.597-0700] {logging_mixin.py:154} INFO - [2025-02-17T22:17:28.596-0700] {dag.py:2941} INFO - Sync 1 DAGs
[2025-02-17T22:17:28.629-0700] {logging_mixin.py:154} INFO - [2025-02-17T22:17:28.628-0700] {dag.py:3722} INFO - Setting next_dagrun for example_skip_dag to 2025-02-17T05:17:28.628392+00:00, run_after=2025-02-18T05:17:28.628392+00:00
[2025-02-17T22:17:28.661-0700] {processor.py:179} INFO - Processing /home/jparep/miniconda3/envs/dbt-env/lib/python3.11/site-packages/airflow/example_dags/example_skip_dag.py took 0.199 seconds
[2025-02-17T22:18:12.600-0700] {processor.py:157} INFO - Started process (PID=149511) to work on /home/jparep/miniconda3/envs/dbt-env/lib/python3.11/site-packages/airflow/example_dags/example_skip_dag.py
[2025-02-17T22:18:12.604-0700] {processor.py:829} INFO - Processing file /home/jparep/miniconda3/envs/dbt-env/lib/python3.11/site-packages/airflow/example_dags/example_skip_dag.py for tasks to queue
[2025-02-17T22:18:12.607-0700] {logging_mixin.py:154} INFO - [2025-02-17T22:18:12.606-0700] {dagbag.py:536} INFO - Filling up the DagBag from /home/jparep/miniconda3/envs/dbt-env/lib/python3.11/site-packages/airflow/example_dags/example_skip_dag.py
[2025-02-17T22:18:12.626-0700] {processor.py:839} INFO - DAG(s) dict_keys(['example_skip_dag']) retrieved from /home/jparep/miniconda3/envs/dbt-env/lib/python3.11/site-packages/airflow/example_dags/example_skip_dag.py
[2025-02-17T22:18:12.663-0700] {logging_mixin.py:154} INFO - [2025-02-17T22:18:12.663-0700] {dag.py:2941} INFO - Sync 1 DAGs
[2025-02-17T22:18:12.678-0700] {logging_mixin.py:154} INFO - [2025-02-17T22:18:12.678-0700] {dag.py:3722} INFO - Setting next_dagrun for example_skip_dag to 2025-02-17T05:18:12.678107+00:00, run_after=2025-02-18T05:18:12.678107+00:00
[2025-02-17T22:18:12.711-0700] {processor.py:179} INFO - Processing /home/jparep/miniconda3/envs/dbt-env/lib/python3.11/site-packages/airflow/example_dags/example_skip_dag.py took 0.118 seconds
[2025-02-17T22:18:53.867-0700] {processor.py:157} INFO - Started process (PID=149931) to work on /home/jparep/miniconda3/envs/dbt-env/lib/python3.11/site-packages/airflow/example_dags/example_skip_dag.py
[2025-02-17T22:18:53.869-0700] {processor.py:829} INFO - Processing file /home/jparep/miniconda3/envs/dbt-env/lib/python3.11/site-packages/airflow/example_dags/example_skip_dag.py for tasks to queue
[2025-02-17T22:18:53.870-0700] {logging_mixin.py:154} INFO - [2025-02-17T22:18:53.869-0700] {dagbag.py:536} INFO - Filling up the DagBag from /home/jparep/miniconda3/envs/dbt-env/lib/python3.11/site-packages/airflow/example_dags/example_skip_dag.py
[2025-02-17T22:18:53.877-0700] {processor.py:839} INFO - DAG(s) dict_keys(['example_skip_dag']) retrieved from /home/jparep/miniconda3/envs/dbt-env/lib/python3.11/site-packages/airflow/example_dags/example_skip_dag.py
[2025-02-17T22:18:53.889-0700] {logging_mixin.py:154} INFO - [2025-02-17T22:18:53.889-0700] {dag.py:2941} INFO - Sync 1 DAGs
[2025-02-17T22:18:53.904-0700] {logging_mixin.py:154} INFO - [2025-02-17T22:18:53.904-0700] {dag.py:3722} INFO - Setting next_dagrun for example_skip_dag to 2025-02-17T05:18:53.904325+00:00, run_after=2025-02-18T05:18:53.904325+00:00
[2025-02-17T22:18:53.929-0700] {processor.py:179} INFO - Processing /home/jparep/miniconda3/envs/dbt-env/lib/python3.11/site-packages/airflow/example_dags/example_skip_dag.py took 0.066 seconds
[2025-02-17T22:19:29.451-0700] {processor.py:157} INFO - Started process (PID=150167) to work on /home/jparep/miniconda3/envs/dbt-env/lib/python3.11/site-packages/airflow/example_dags/example_skip_dag.py
[2025-02-17T22:19:29.454-0700] {processor.py:829} INFO - Processing file /home/jparep/miniconda3/envs/dbt-env/lib/python3.11/site-packages/airflow/example_dags/example_skip_dag.py for tasks to queue
[2025-02-17T22:19:29.456-0700] {logging_mixin.py:154} INFO - [2025-02-17T22:19:29.455-0700] {dagbag.py:536} INFO - Filling up the DagBag from /home/jparep/miniconda3/envs/dbt-env/lib/python3.11/site-packages/airflow/example_dags/example_skip_dag.py
[2025-02-17T22:19:29.468-0700] {processor.py:839} INFO - DAG(s) dict_keys(['example_skip_dag']) retrieved from /home/jparep/miniconda3/envs/dbt-env/lib/python3.11/site-packages/airflow/example_dags/example_skip_dag.py
[2025-02-17T22:19:29.490-0700] {logging_mixin.py:154} INFO - [2025-02-17T22:19:29.490-0700] {dag.py:2941} INFO - Sync 1 DAGs
[2025-02-17T22:19:29.505-0700] {logging_mixin.py:154} INFO - [2025-02-17T22:19:29.504-0700] {dag.py:3722} INFO - Setting next_dagrun for example_skip_dag to 2025-02-17T05:19:29.504750+00:00, run_after=2025-02-18T05:19:29.504750+00:00
[2025-02-17T22:19:29.523-0700] {processor.py:179} INFO - Processing /home/jparep/miniconda3/envs/dbt-env/lib/python3.11/site-packages/airflow/example_dags/example_skip_dag.py took 0.076 seconds
[2025-02-17T22:20:10.126-0700] {processor.py:157} INFO - Started process (PID=150595) to work on /home/jparep/miniconda3/envs/dbt-env/lib/python3.11/site-packages/airflow/example_dags/example_skip_dag.py
[2025-02-17T22:20:10.128-0700] {processor.py:829} INFO - Processing file /home/jparep/miniconda3/envs/dbt-env/lib/python3.11/site-packages/airflow/example_dags/example_skip_dag.py for tasks to queue
[2025-02-17T22:20:10.130-0700] {logging_mixin.py:154} INFO - [2025-02-17T22:20:10.129-0700] {dagbag.py:536} INFO - Filling up the DagBag from /home/jparep/miniconda3/envs/dbt-env/lib/python3.11/site-packages/airflow/example_dags/example_skip_dag.py
[2025-02-17T22:20:10.142-0700] {processor.py:839} INFO - DAG(s) dict_keys(['example_skip_dag']) retrieved from /home/jparep/miniconda3/envs/dbt-env/lib/python3.11/site-packages/airflow/example_dags/example_skip_dag.py
[2025-02-17T22:20:10.163-0700] {logging_mixin.py:154} INFO - [2025-02-17T22:20:10.163-0700] {dag.py:2941} INFO - Sync 1 DAGs
[2025-02-17T22:20:10.184-0700] {logging_mixin.py:154} INFO - [2025-02-17T22:20:10.184-0700] {dag.py:3722} INFO - Setting next_dagrun for example_skip_dag to 2025-02-17T05:20:10.184022+00:00, run_after=2025-02-18T05:20:10.184022+00:00
[2025-02-17T22:20:10.204-0700] {processor.py:179} INFO - Processing /home/jparep/miniconda3/envs/dbt-env/lib/python3.11/site-packages/airflow/example_dags/example_skip_dag.py took 0.083 seconds
[2025-02-17T22:20:48.829-0700] {processor.py:157} INFO - Started process (PID=151022) to work on /home/jparep/miniconda3/envs/dbt-env/lib/python3.11/site-packages/airflow/example_dags/example_skip_dag.py
[2025-02-17T22:20:48.832-0700] {processor.py:829} INFO - Processing file /home/jparep/miniconda3/envs/dbt-env/lib/python3.11/site-packages/airflow/example_dags/example_skip_dag.py for tasks to queue
[2025-02-17T22:20:48.833-0700] {logging_mixin.py:154} INFO - [2025-02-17T22:20:48.832-0700] {dagbag.py:536} INFO - Filling up the DagBag from /home/jparep/miniconda3/envs/dbt-env/lib/python3.11/site-packages/airflow/example_dags/example_skip_dag.py
[2025-02-17T22:20:48.843-0700] {processor.py:839} INFO - DAG(s) dict_keys(['example_skip_dag']) retrieved from /home/jparep/miniconda3/envs/dbt-env/lib/python3.11/site-packages/airflow/example_dags/example_skip_dag.py
[2025-02-17T22:20:48.865-0700] {logging_mixin.py:154} INFO - [2025-02-17T22:20:48.864-0700] {dag.py:2941} INFO - Sync 1 DAGs
[2025-02-17T22:20:48.882-0700] {logging_mixin.py:154} INFO - [2025-02-17T22:20:48.882-0700] {dag.py:3722} INFO - Setting next_dagrun for example_skip_dag to 2025-02-17T05:20:48.882372+00:00, run_after=2025-02-18T05:20:48.882372+00:00
[2025-02-17T22:20:48.903-0700] {processor.py:179} INFO - Processing /home/jparep/miniconda3/envs/dbt-env/lib/python3.11/site-packages/airflow/example_dags/example_skip_dag.py took 0.078 seconds
[2025-02-17T22:21:25.612-0700] {processor.py:157} INFO - Started process (PID=151261) to work on /home/jparep/miniconda3/envs/dbt-env/lib/python3.11/site-packages/airflow/example_dags/example_skip_dag.py
[2025-02-17T22:21:25.613-0700] {processor.py:829} INFO - Processing file /home/jparep/miniconda3/envs/dbt-env/lib/python3.11/site-packages/airflow/example_dags/example_skip_dag.py for tasks to queue
[2025-02-17T22:21:25.615-0700] {logging_mixin.py:154} INFO - [2025-02-17T22:21:25.614-0700] {dagbag.py:536} INFO - Filling up the DagBag from /home/jparep/miniconda3/envs/dbt-env/lib/python3.11/site-packages/airflow/example_dags/example_skip_dag.py
[2025-02-17T22:21:25.626-0700] {processor.py:839} INFO - DAG(s) dict_keys(['example_skip_dag']) retrieved from /home/jparep/miniconda3/envs/dbt-env/lib/python3.11/site-packages/airflow/example_dags/example_skip_dag.py
[2025-02-17T22:21:25.647-0700] {logging_mixin.py:154} INFO - [2025-02-17T22:21:25.647-0700] {dag.py:2941} INFO - Sync 1 DAGs
[2025-02-17T22:21:25.669-0700] {logging_mixin.py:154} INFO - [2025-02-17T22:21:25.669-0700] {dag.py:3722} INFO - Setting next_dagrun for example_skip_dag to 2025-02-17T05:21:25.669439+00:00, run_after=2025-02-18T05:21:25.669439+00:00
[2025-02-17T22:21:25.695-0700] {processor.py:179} INFO - Processing /home/jparep/miniconda3/envs/dbt-env/lib/python3.11/site-packages/airflow/example_dags/example_skip_dag.py took 0.088 seconds
[2025-02-17T22:22:11.876-0700] {processor.py:157} INFO - Started process (PID=151660) to work on /home/jparep/miniconda3/envs/dbt-env/lib/python3.11/site-packages/airflow/example_dags/example_skip_dag.py
[2025-02-17T22:22:11.880-0700] {processor.py:829} INFO - Processing file /home/jparep/miniconda3/envs/dbt-env/lib/python3.11/site-packages/airflow/example_dags/example_skip_dag.py for tasks to queue
[2025-02-17T22:22:11.881-0700] {logging_mixin.py:154} INFO - [2025-02-17T22:22:11.880-0700] {dagbag.py:536} INFO - Filling up the DagBag from /home/jparep/miniconda3/envs/dbt-env/lib/python3.11/site-packages/airflow/example_dags/example_skip_dag.py
[2025-02-17T22:22:11.891-0700] {processor.py:839} INFO - DAG(s) dict_keys(['example_skip_dag']) retrieved from /home/jparep/miniconda3/envs/dbt-env/lib/python3.11/site-packages/airflow/example_dags/example_skip_dag.py
[2025-02-17T22:22:11.911-0700] {logging_mixin.py:154} INFO - [2025-02-17T22:22:11.911-0700] {dag.py:2941} INFO - Sync 1 DAGs
[2025-02-17T22:22:11.928-0700] {logging_mixin.py:154} INFO - [2025-02-17T22:22:11.927-0700] {dag.py:3722} INFO - Setting next_dagrun for example_skip_dag to 2025-02-17T05:22:11.927742+00:00, run_after=2025-02-18T05:22:11.927742+00:00
[2025-02-17T22:22:11.952-0700] {processor.py:179} INFO - Processing /home/jparep/miniconda3/envs/dbt-env/lib/python3.11/site-packages/airflow/example_dags/example_skip_dag.py took 0.080 seconds
[2025-02-17T22:22:48.638-0700] {processor.py:157} INFO - Started process (PID=151969) to work on /home/jparep/miniconda3/envs/dbt-env/lib/python3.11/site-packages/airflow/example_dags/example_skip_dag.py
[2025-02-17T22:22:48.641-0700] {processor.py:829} INFO - Processing file /home/jparep/miniconda3/envs/dbt-env/lib/python3.11/site-packages/airflow/example_dags/example_skip_dag.py for tasks to queue
[2025-02-17T22:22:48.642-0700] {logging_mixin.py:154} INFO - [2025-02-17T22:22:48.642-0700] {dagbag.py:536} INFO - Filling up the DagBag from /home/jparep/miniconda3/envs/dbt-env/lib/python3.11/site-packages/airflow/example_dags/example_skip_dag.py
[2025-02-17T22:22:48.655-0700] {processor.py:839} INFO - DAG(s) dict_keys(['example_skip_dag']) retrieved from /home/jparep/miniconda3/envs/dbt-env/lib/python3.11/site-packages/airflow/example_dags/example_skip_dag.py
[2025-02-17T22:22:48.678-0700] {logging_mixin.py:154} INFO - [2025-02-17T22:22:48.677-0700] {dag.py:2941} INFO - Sync 1 DAGs
[2025-02-17T22:22:48.702-0700] {logging_mixin.py:154} INFO - [2025-02-17T22:22:48.702-0700] {dag.py:3722} INFO - Setting next_dagrun for example_skip_dag to 2025-02-17T05:22:48.701760+00:00, run_after=2025-02-18T05:22:48.701760+00:00
[2025-02-17T22:22:48.732-0700] {processor.py:179} INFO - Processing /home/jparep/miniconda3/envs/dbt-env/lib/python3.11/site-packages/airflow/example_dags/example_skip_dag.py took 0.099 seconds
[2025-02-17T22:23:24.002-0700] {processor.py:157} INFO - Started process (PID=152172) to work on /home/jparep/miniconda3/envs/dbt-env/lib/python3.11/site-packages/airflow/example_dags/example_skip_dag.py
[2025-02-17T22:23:24.006-0700] {processor.py:829} INFO - Processing file /home/jparep/miniconda3/envs/dbt-env/lib/python3.11/site-packages/airflow/example_dags/example_skip_dag.py for tasks to queue
[2025-02-17T22:23:24.007-0700] {logging_mixin.py:154} INFO - [2025-02-17T22:23:24.007-0700] {dagbag.py:536} INFO - Filling up the DagBag from /home/jparep/miniconda3/envs/dbt-env/lib/python3.11/site-packages/airflow/example_dags/example_skip_dag.py
[2025-02-17T22:23:24.027-0700] {processor.py:839} INFO - DAG(s) dict_keys(['example_skip_dag']) retrieved from /home/jparep/miniconda3/envs/dbt-env/lib/python3.11/site-packages/airflow/example_dags/example_skip_dag.py
[2025-02-17T22:23:24.063-0700] {logging_mixin.py:154} INFO - [2025-02-17T22:23:24.062-0700] {dag.py:2941} INFO - Sync 1 DAGs
[2025-02-17T22:23:24.089-0700] {logging_mixin.py:154} INFO - [2025-02-17T22:23:24.088-0700] {dag.py:3722} INFO - Setting next_dagrun for example_skip_dag to 2025-02-17T05:23:24.088655+00:00, run_after=2025-02-18T05:23:24.088655+00:00
[2025-02-17T22:23:24.128-0700] {processor.py:179} INFO - Processing /home/jparep/miniconda3/envs/dbt-env/lib/python3.11/site-packages/airflow/example_dags/example_skip_dag.py took 0.134 seconds
[2025-02-17T22:24:02.521-0700] {processor.py:157} INFO - Started process (PID=152572) to work on /home/jparep/miniconda3/envs/dbt-env/lib/python3.11/site-packages/airflow/example_dags/example_skip_dag.py
[2025-02-17T22:24:02.523-0700] {processor.py:829} INFO - Processing file /home/jparep/miniconda3/envs/dbt-env/lib/python3.11/site-packages/airflow/example_dags/example_skip_dag.py for tasks to queue
[2025-02-17T22:24:02.524-0700] {logging_mixin.py:154} INFO - [2025-02-17T22:24:02.524-0700] {dagbag.py:536} INFO - Filling up the DagBag from /home/jparep/miniconda3/envs/dbt-env/lib/python3.11/site-packages/airflow/example_dags/example_skip_dag.py
[2025-02-17T22:24:02.538-0700] {processor.py:839} INFO - DAG(s) dict_keys(['example_skip_dag']) retrieved from /home/jparep/miniconda3/envs/dbt-env/lib/python3.11/site-packages/airflow/example_dags/example_skip_dag.py
[2025-02-17T22:24:02.563-0700] {logging_mixin.py:154} INFO - [2025-02-17T22:24:02.563-0700] {dag.py:2941} INFO - Sync 1 DAGs
[2025-02-17T22:24:02.588-0700] {logging_mixin.py:154} INFO - [2025-02-17T22:24:02.587-0700] {dag.py:3722} INFO - Setting next_dagrun for example_skip_dag to 2025-02-17T05:24:02.587625+00:00, run_after=2025-02-18T05:24:02.587625+00:00
[2025-02-17T22:24:02.617-0700] {processor.py:179} INFO - Processing /home/jparep/miniconda3/envs/dbt-env/lib/python3.11/site-packages/airflow/example_dags/example_skip_dag.py took 0.100 seconds
[2025-02-17T22:24:38.742-0700] {processor.py:157} INFO - Started process (PID=152806) to work on /home/jparep/miniconda3/envs/dbt-env/lib/python3.11/site-packages/airflow/example_dags/example_skip_dag.py
[2025-02-17T22:24:38.745-0700] {processor.py:829} INFO - Processing file /home/jparep/miniconda3/envs/dbt-env/lib/python3.11/site-packages/airflow/example_dags/example_skip_dag.py for tasks to queue
[2025-02-17T22:24:38.746-0700] {logging_mixin.py:154} INFO - [2025-02-17T22:24:38.746-0700] {dagbag.py:536} INFO - Filling up the DagBag from /home/jparep/miniconda3/envs/dbt-env/lib/python3.11/site-packages/airflow/example_dags/example_skip_dag.py
[2025-02-17T22:24:38.758-0700] {processor.py:839} INFO - DAG(s) dict_keys(['example_skip_dag']) retrieved from /home/jparep/miniconda3/envs/dbt-env/lib/python3.11/site-packages/airflow/example_dags/example_skip_dag.py
[2025-02-17T22:24:38.779-0700] {logging_mixin.py:154} INFO - [2025-02-17T22:24:38.779-0700] {dag.py:2941} INFO - Sync 1 DAGs
[2025-02-17T22:24:38.798-0700] {logging_mixin.py:154} INFO - [2025-02-17T22:24:38.798-0700] {dag.py:3722} INFO - Setting next_dagrun for example_skip_dag to 2025-02-17T05:24:38.797912+00:00, run_after=2025-02-18T05:24:38.797912+00:00
[2025-02-17T22:24:38.820-0700] {processor.py:179} INFO - Processing /home/jparep/miniconda3/envs/dbt-env/lib/python3.11/site-packages/airflow/example_dags/example_skip_dag.py took 0.082 seconds
[2025-02-17T22:25:14.382-0700] {processor.py:157} INFO - Started process (PID=153214) to work on /home/jparep/miniconda3/envs/dbt-env/lib/python3.11/site-packages/airflow/example_dags/example_skip_dag.py
[2025-02-17T22:25:14.385-0700] {processor.py:829} INFO - Processing file /home/jparep/miniconda3/envs/dbt-env/lib/python3.11/site-packages/airflow/example_dags/example_skip_dag.py for tasks to queue
[2025-02-17T22:25:14.386-0700] {logging_mixin.py:154} INFO - [2025-02-17T22:25:14.386-0700] {dagbag.py:536} INFO - Filling up the DagBag from /home/jparep/miniconda3/envs/dbt-env/lib/python3.11/site-packages/airflow/example_dags/example_skip_dag.py
[2025-02-17T22:25:14.398-0700] {processor.py:839} INFO - DAG(s) dict_keys(['example_skip_dag']) retrieved from /home/jparep/miniconda3/envs/dbt-env/lib/python3.11/site-packages/airflow/example_dags/example_skip_dag.py
[2025-02-17T22:25:14.420-0700] {logging_mixin.py:154} INFO - [2025-02-17T22:25:14.419-0700] {dag.py:2941} INFO - Sync 1 DAGs
[2025-02-17T22:25:14.444-0700] {logging_mixin.py:154} INFO - [2025-02-17T22:25:14.444-0700] {dag.py:3722} INFO - Setting next_dagrun for example_skip_dag to 2025-02-17T05:25:14.443686+00:00, run_after=2025-02-18T05:25:14.443686+00:00
[2025-02-17T22:25:14.472-0700] {processor.py:179} INFO - Processing /home/jparep/miniconda3/envs/dbt-env/lib/python3.11/site-packages/airflow/example_dags/example_skip_dag.py took 0.095 seconds
[2025-02-17T22:25:57.155-0700] {processor.py:157} INFO - Started process (PID=153482) to work on /home/jparep/miniconda3/envs/dbt-env/lib/python3.11/site-packages/airflow/example_dags/example_skip_dag.py
[2025-02-17T22:25:57.158-0700] {processor.py:829} INFO - Processing file /home/jparep/miniconda3/envs/dbt-env/lib/python3.11/site-packages/airflow/example_dags/example_skip_dag.py for tasks to queue
[2025-02-17T22:25:57.159-0700] {logging_mixin.py:154} INFO - [2025-02-17T22:25:57.158-0700] {dagbag.py:536} INFO - Filling up the DagBag from /home/jparep/miniconda3/envs/dbt-env/lib/python3.11/site-packages/airflow/example_dags/example_skip_dag.py
[2025-02-17T22:25:57.171-0700] {processor.py:839} INFO - DAG(s) dict_keys(['example_skip_dag']) retrieved from /home/jparep/miniconda3/envs/dbt-env/lib/python3.11/site-packages/airflow/example_dags/example_skip_dag.py
[2025-02-17T22:25:57.193-0700] {logging_mixin.py:154} INFO - [2025-02-17T22:25:57.192-0700] {dag.py:2941} INFO - Sync 1 DAGs
[2025-02-17T22:25:57.217-0700] {logging_mixin.py:154} INFO - [2025-02-17T22:25:57.217-0700] {dag.py:3722} INFO - Setting next_dagrun for example_skip_dag to 2025-02-17T05:25:57.217052+00:00, run_after=2025-02-18T05:25:57.217052+00:00
[2025-02-17T22:25:57.244-0700] {processor.py:179} INFO - Processing /home/jparep/miniconda3/envs/dbt-env/lib/python3.11/site-packages/airflow/example_dags/example_skip_dag.py took 0.093 seconds
[2025-02-17T22:26:32.068-0700] {processor.py:157} INFO - Started process (PID=153883) to work on /home/jparep/miniconda3/envs/dbt-env/lib/python3.11/site-packages/airflow/example_dags/example_skip_dag.py
[2025-02-17T22:26:32.071-0700] {processor.py:829} INFO - Processing file /home/jparep/miniconda3/envs/dbt-env/lib/python3.11/site-packages/airflow/example_dags/example_skip_dag.py for tasks to queue
[2025-02-17T22:26:32.072-0700] {logging_mixin.py:154} INFO - [2025-02-17T22:26:32.071-0700] {dagbag.py:536} INFO - Filling up the DagBag from /home/jparep/miniconda3/envs/dbt-env/lib/python3.11/site-packages/airflow/example_dags/example_skip_dag.py
[2025-02-17T22:26:32.083-0700] {processor.py:839} INFO - DAG(s) dict_keys(['example_skip_dag']) retrieved from /home/jparep/miniconda3/envs/dbt-env/lib/python3.11/site-packages/airflow/example_dags/example_skip_dag.py
[2025-02-17T22:26:32.107-0700] {logging_mixin.py:154} INFO - [2025-02-17T22:26:32.107-0700] {dag.py:2941} INFO - Sync 1 DAGs
[2025-02-17T22:26:32.124-0700] {logging_mixin.py:154} INFO - [2025-02-17T22:26:32.124-0700] {dag.py:3722} INFO - Setting next_dagrun for example_skip_dag to 2025-02-17T05:26:32.124251+00:00, run_after=2025-02-18T05:26:32.124251+00:00
[2025-02-17T22:26:32.147-0700] {processor.py:179} INFO - Processing /home/jparep/miniconda3/envs/dbt-env/lib/python3.11/site-packages/airflow/example_dags/example_skip_dag.py took 0.083 seconds
[2025-02-17T22:27:06.674-0700] {processor.py:157} INFO - Started process (PID=154273) to work on /home/jparep/miniconda3/envs/dbt-env/lib/python3.11/site-packages/airflow/example_dags/example_skip_dag.py
[2025-02-17T22:27:06.676-0700] {processor.py:829} INFO - Processing file /home/jparep/miniconda3/envs/dbt-env/lib/python3.11/site-packages/airflow/example_dags/example_skip_dag.py for tasks to queue
[2025-02-17T22:27:06.678-0700] {logging_mixin.py:154} INFO - [2025-02-17T22:27:06.678-0700] {dagbag.py:536} INFO - Filling up the DagBag from /home/jparep/miniconda3/envs/dbt-env/lib/python3.11/site-packages/airflow/example_dags/example_skip_dag.py
[2025-02-17T22:27:06.691-0700] {processor.py:839} INFO - DAG(s) dict_keys(['example_skip_dag']) retrieved from /home/jparep/miniconda3/envs/dbt-env/lib/python3.11/site-packages/airflow/example_dags/example_skip_dag.py
[2025-02-17T22:27:06.715-0700] {logging_mixin.py:154} INFO - [2025-02-17T22:27:06.714-0700] {dag.py:2941} INFO - Sync 1 DAGs
[2025-02-17T22:27:06.731-0700] {logging_mixin.py:154} INFO - [2025-02-17T22:27:06.731-0700] {dag.py:3722} INFO - Setting next_dagrun for example_skip_dag to 2025-02-17T05:27:06.731034+00:00, run_after=2025-02-18T05:27:06.731034+00:00
[2025-02-17T22:27:06.750-0700] {processor.py:179} INFO - Processing /home/jparep/miniconda3/envs/dbt-env/lib/python3.11/site-packages/airflow/example_dags/example_skip_dag.py took 0.081 seconds
[2025-02-17T22:27:43.885-0700] {processor.py:157} INFO - Started process (PID=154513) to work on /home/jparep/miniconda3/envs/dbt-env/lib/python3.11/site-packages/airflow/example_dags/example_skip_dag.py
[2025-02-17T22:27:43.889-0700] {processor.py:829} INFO - Processing file /home/jparep/miniconda3/envs/dbt-env/lib/python3.11/site-packages/airflow/example_dags/example_skip_dag.py for tasks to queue
[2025-02-17T22:27:43.890-0700] {logging_mixin.py:154} INFO - [2025-02-17T22:27:43.890-0700] {dagbag.py:536} INFO - Filling up the DagBag from /home/jparep/miniconda3/envs/dbt-env/lib/python3.11/site-packages/airflow/example_dags/example_skip_dag.py
[2025-02-17T22:27:43.906-0700] {processor.py:839} INFO - DAG(s) dict_keys(['example_skip_dag']) retrieved from /home/jparep/miniconda3/envs/dbt-env/lib/python3.11/site-packages/airflow/example_dags/example_skip_dag.py
[2025-02-17T22:27:43.931-0700] {logging_mixin.py:154} INFO - [2025-02-17T22:27:43.930-0700] {dag.py:2941} INFO - Sync 1 DAGs
[2025-02-17T22:27:43.949-0700] {logging_mixin.py:154} INFO - [2025-02-17T22:27:43.948-0700] {dag.py:3722} INFO - Setting next_dagrun for example_skip_dag to 2025-02-17T05:27:43.948720+00:00, run_after=2025-02-18T05:27:43.948720+00:00
[2025-02-17T22:27:43.970-0700] {processor.py:179} INFO - Processing /home/jparep/miniconda3/envs/dbt-env/lib/python3.11/site-packages/airflow/example_dags/example_skip_dag.py took 0.090 seconds
[2025-02-17T22:28:19.413-0700] {processor.py:157} INFO - Started process (PID=154887) to work on /home/jparep/miniconda3/envs/dbt-env/lib/python3.11/site-packages/airflow/example_dags/example_skip_dag.py
[2025-02-17T22:28:19.416-0700] {processor.py:829} INFO - Processing file /home/jparep/miniconda3/envs/dbt-env/lib/python3.11/site-packages/airflow/example_dags/example_skip_dag.py for tasks to queue
[2025-02-17T22:28:19.418-0700] {logging_mixin.py:154} INFO - [2025-02-17T22:28:19.417-0700] {dagbag.py:536} INFO - Filling up the DagBag from /home/jparep/miniconda3/envs/dbt-env/lib/python3.11/site-packages/airflow/example_dags/example_skip_dag.py
[2025-02-17T22:28:19.430-0700] {processor.py:839} INFO - DAG(s) dict_keys(['example_skip_dag']) retrieved from /home/jparep/miniconda3/envs/dbt-env/lib/python3.11/site-packages/airflow/example_dags/example_skip_dag.py
[2025-02-17T22:28:19.452-0700] {logging_mixin.py:154} INFO - [2025-02-17T22:28:19.452-0700] {dag.py:2941} INFO - Sync 1 DAGs
[2025-02-17T22:28:19.470-0700] {logging_mixin.py:154} INFO - [2025-02-17T22:28:19.470-0700] {dag.py:3722} INFO - Setting next_dagrun for example_skip_dag to 2025-02-17T05:28:19.470091+00:00, run_after=2025-02-18T05:28:19.470091+00:00
[2025-02-17T22:28:19.489-0700] {processor.py:179} INFO - Processing /home/jparep/miniconda3/envs/dbt-env/lib/python3.11/site-packages/airflow/example_dags/example_skip_dag.py took 0.080 seconds
[2025-02-17T22:28:58.863-0700] {processor.py:157} INFO - Started process (PID=155032) to work on /home/jparep/miniconda3/envs/dbt-env/lib/python3.11/site-packages/airflow/example_dags/example_skip_dag.py
[2025-02-17T22:28:58.866-0700] {processor.py:829} INFO - Processing file /home/jparep/miniconda3/envs/dbt-env/lib/python3.11/site-packages/airflow/example_dags/example_skip_dag.py for tasks to queue
[2025-02-17T22:28:58.867-0700] {logging_mixin.py:154} INFO - [2025-02-17T22:28:58.866-0700] {dagbag.py:536} INFO - Filling up the DagBag from /home/jparep/miniconda3/envs/dbt-env/lib/python3.11/site-packages/airflow/example_dags/example_skip_dag.py
[2025-02-17T22:28:58.880-0700] {processor.py:839} INFO - DAG(s) dict_keys(['example_skip_dag']) retrieved from /home/jparep/miniconda3/envs/dbt-env/lib/python3.11/site-packages/airflow/example_dags/example_skip_dag.py
[2025-02-17T22:28:58.900-0700] {logging_mixin.py:154} INFO - [2025-02-17T22:28:58.900-0700] {dag.py:2941} INFO - Sync 1 DAGs
[2025-02-17T22:28:58.918-0700] {logging_mixin.py:154} INFO - [2025-02-17T22:28:58.917-0700] {dag.py:3722} INFO - Setting next_dagrun for example_skip_dag to 2025-02-17T05:28:58.917563+00:00, run_after=2025-02-18T05:28:58.917563+00:00
[2025-02-17T22:28:58.938-0700] {processor.py:179} INFO - Processing /home/jparep/miniconda3/envs/dbt-env/lib/python3.11/site-packages/airflow/example_dags/example_skip_dag.py took 0.080 seconds
[2025-02-17T22:29:41.275-0700] {processor.py:157} INFO - Started process (PID=155403) to work on /home/jparep/miniconda3/envs/dbt-env/lib/python3.11/site-packages/airflow/example_dags/example_skip_dag.py
[2025-02-17T22:29:41.278-0700] {processor.py:829} INFO - Processing file /home/jparep/miniconda3/envs/dbt-env/lib/python3.11/site-packages/airflow/example_dags/example_skip_dag.py for tasks to queue
[2025-02-17T22:29:41.279-0700] {logging_mixin.py:154} INFO - [2025-02-17T22:29:41.279-0700] {dagbag.py:536} INFO - Filling up the DagBag from /home/jparep/miniconda3/envs/dbt-env/lib/python3.11/site-packages/airflow/example_dags/example_skip_dag.py
[2025-02-17T22:29:41.291-0700] {processor.py:839} INFO - DAG(s) dict_keys(['example_skip_dag']) retrieved from /home/jparep/miniconda3/envs/dbt-env/lib/python3.11/site-packages/airflow/example_dags/example_skip_dag.py
[2025-02-17T22:29:41.314-0700] {logging_mixin.py:154} INFO - [2025-02-17T22:29:41.313-0700] {dag.py:2941} INFO - Sync 1 DAGs
[2025-02-17T22:29:41.338-0700] {logging_mixin.py:154} INFO - [2025-02-17T22:29:41.338-0700] {dag.py:3722} INFO - Setting next_dagrun for example_skip_dag to 2025-02-17T05:29:41.337922+00:00, run_after=2025-02-18T05:29:41.337922+00:00
[2025-02-17T22:29:41.368-0700] {processor.py:179} INFO - Processing /home/jparep/miniconda3/envs/dbt-env/lib/python3.11/site-packages/airflow/example_dags/example_skip_dag.py took 0.099 seconds
[2025-02-17T22:30:24.257-0700] {processor.py:157} INFO - Started process (PID=155791) to work on /home/jparep/miniconda3/envs/dbt-env/lib/python3.11/site-packages/airflow/example_dags/example_skip_dag.py
[2025-02-17T22:30:24.259-0700] {processor.py:829} INFO - Processing file /home/jparep/miniconda3/envs/dbt-env/lib/python3.11/site-packages/airflow/example_dags/example_skip_dag.py for tasks to queue
[2025-02-17T22:30:24.260-0700] {logging_mixin.py:154} INFO - [2025-02-17T22:30:24.260-0700] {dagbag.py:536} INFO - Filling up the DagBag from /home/jparep/miniconda3/envs/dbt-env/lib/python3.11/site-packages/airflow/example_dags/example_skip_dag.py
[2025-02-17T22:30:24.266-0700] {processor.py:839} INFO - DAG(s) dict_keys(['example_skip_dag']) retrieved from /home/jparep/miniconda3/envs/dbt-env/lib/python3.11/site-packages/airflow/example_dags/example_skip_dag.py
[2025-02-17T22:30:24.280-0700] {logging_mixin.py:154} INFO - [2025-02-17T22:30:24.279-0700] {dag.py:2941} INFO - Sync 1 DAGs
[2025-02-17T22:30:24.294-0700] {logging_mixin.py:154} INFO - [2025-02-17T22:30:24.294-0700] {dag.py:3722} INFO - Setting next_dagrun for example_skip_dag to 2025-02-17T05:30:24.294023+00:00, run_after=2025-02-18T05:30:24.294023+00:00
[2025-02-17T22:30:24.312-0700] {processor.py:179} INFO - Processing /home/jparep/miniconda3/envs/dbt-env/lib/python3.11/site-packages/airflow/example_dags/example_skip_dag.py took 0.057 seconds
[2025-02-17T22:30:59.315-0700] {processor.py:157} INFO - Started process (PID=156038) to work on /home/jparep/miniconda3/envs/dbt-env/lib/python3.11/site-packages/airflow/example_dags/example_skip_dag.py
[2025-02-17T22:30:59.316-0700] {processor.py:829} INFO - Processing file /home/jparep/miniconda3/envs/dbt-env/lib/python3.11/site-packages/airflow/example_dags/example_skip_dag.py for tasks to queue
[2025-02-17T22:30:59.317-0700] {logging_mixin.py:154} INFO - [2025-02-17T22:30:59.317-0700] {dagbag.py:536} INFO - Filling up the DagBag from /home/jparep/miniconda3/envs/dbt-env/lib/python3.11/site-packages/airflow/example_dags/example_skip_dag.py
[2025-02-17T22:30:59.331-0700] {processor.py:839} INFO - DAG(s) dict_keys(['example_skip_dag']) retrieved from /home/jparep/miniconda3/envs/dbt-env/lib/python3.11/site-packages/airflow/example_dags/example_skip_dag.py
[2025-02-17T22:30:59.362-0700] {logging_mixin.py:154} INFO - [2025-02-17T22:30:59.362-0700] {dag.py:2941} INFO - Sync 1 DAGs
[2025-02-17T22:30:59.391-0700] {logging_mixin.py:154} INFO - [2025-02-17T22:30:59.391-0700] {dag.py:3722} INFO - Setting next_dagrun for example_skip_dag to 2025-02-17T05:30:59.390562+00:00, run_after=2025-02-18T05:30:59.390562+00:00
[2025-02-17T22:30:59.413-0700] {processor.py:179} INFO - Processing /home/jparep/miniconda3/envs/dbt-env/lib/python3.11/site-packages/airflow/example_dags/example_skip_dag.py took 0.101 seconds
[2025-02-17T22:31:34.865-0700] {processor.py:157} INFO - Started process (PID=156438) to work on /home/jparep/miniconda3/envs/dbt-env/lib/python3.11/site-packages/airflow/example_dags/example_skip_dag.py
[2025-02-17T22:31:34.867-0700] {processor.py:829} INFO - Processing file /home/jparep/miniconda3/envs/dbt-env/lib/python3.11/site-packages/airflow/example_dags/example_skip_dag.py for tasks to queue
[2025-02-17T22:31:34.868-0700] {logging_mixin.py:154} INFO - [2025-02-17T22:31:34.868-0700] {dagbag.py:536} INFO - Filling up the DagBag from /home/jparep/miniconda3/envs/dbt-env/lib/python3.11/site-packages/airflow/example_dags/example_skip_dag.py
[2025-02-17T22:31:34.875-0700] {processor.py:839} INFO - DAG(s) dict_keys(['example_skip_dag']) retrieved from /home/jparep/miniconda3/envs/dbt-env/lib/python3.11/site-packages/airflow/example_dags/example_skip_dag.py
[2025-02-17T22:31:34.889-0700] {logging_mixin.py:154} INFO - [2025-02-17T22:31:34.889-0700] {dag.py:2941} INFO - Sync 1 DAGs
[2025-02-17T22:31:34.904-0700] {logging_mixin.py:154} INFO - [2025-02-17T22:31:34.904-0700] {dag.py:3722} INFO - Setting next_dagrun for example_skip_dag to 2025-02-17T05:31:34.904326+00:00, run_after=2025-02-18T05:31:34.904326+00:00
[2025-02-17T22:31:34.922-0700] {processor.py:179} INFO - Processing /home/jparep/miniconda3/envs/dbt-env/lib/python3.11/site-packages/airflow/example_dags/example_skip_dag.py took 0.062 seconds
[2025-02-17T22:32:12.422-0700] {processor.py:157} INFO - Started process (PID=156677) to work on /home/jparep/miniconda3/envs/dbt-env/lib/python3.11/site-packages/airflow/example_dags/example_skip_dag.py
[2025-02-17T22:32:12.427-0700] {processor.py:829} INFO - Processing file /home/jparep/miniconda3/envs/dbt-env/lib/python3.11/site-packages/airflow/example_dags/example_skip_dag.py for tasks to queue
[2025-02-17T22:32:12.428-0700] {logging_mixin.py:154} INFO - [2025-02-17T22:32:12.427-0700] {dagbag.py:536} INFO - Filling up the DagBag from /home/jparep/miniconda3/envs/dbt-env/lib/python3.11/site-packages/airflow/example_dags/example_skip_dag.py
[2025-02-17T22:32:12.440-0700] {processor.py:839} INFO - DAG(s) dict_keys(['example_skip_dag']) retrieved from /home/jparep/miniconda3/envs/dbt-env/lib/python3.11/site-packages/airflow/example_dags/example_skip_dag.py
[2025-02-17T22:32:12.465-0700] {logging_mixin.py:154} INFO - [2025-02-17T22:32:12.464-0700] {dag.py:2941} INFO - Sync 1 DAGs
[2025-02-17T22:32:12.490-0700] {logging_mixin.py:154} INFO - [2025-02-17T22:32:12.489-0700] {dag.py:3722} INFO - Setting next_dagrun for example_skip_dag to 2025-02-17T05:32:12.489610+00:00, run_after=2025-02-18T05:32:12.489610+00:00
[2025-02-17T22:32:12.523-0700] {processor.py:179} INFO - Processing /home/jparep/miniconda3/envs/dbt-env/lib/python3.11/site-packages/airflow/example_dags/example_skip_dag.py took 0.106 seconds
[2025-02-17T22:32:49.678-0700] {processor.py:157} INFO - Started process (PID=156992) to work on /home/jparep/miniconda3/envs/dbt-env/lib/python3.11/site-packages/airflow/example_dags/example_skip_dag.py
[2025-02-17T22:32:49.681-0700] {processor.py:829} INFO - Processing file /home/jparep/miniconda3/envs/dbt-env/lib/python3.11/site-packages/airflow/example_dags/example_skip_dag.py for tasks to queue
[2025-02-17T22:32:49.682-0700] {logging_mixin.py:154} INFO - [2025-02-17T22:32:49.681-0700] {dagbag.py:536} INFO - Filling up the DagBag from /home/jparep/miniconda3/envs/dbt-env/lib/python3.11/site-packages/airflow/example_dags/example_skip_dag.py
[2025-02-17T22:32:49.694-0700] {processor.py:839} INFO - DAG(s) dict_keys(['example_skip_dag']) retrieved from /home/jparep/miniconda3/envs/dbt-env/lib/python3.11/site-packages/airflow/example_dags/example_skip_dag.py
[2025-02-17T22:32:49.715-0700] {logging_mixin.py:154} INFO - [2025-02-17T22:32:49.715-0700] {dag.py:2941} INFO - Sync 1 DAGs
[2025-02-17T22:32:49.736-0700] {logging_mixin.py:154} INFO - [2025-02-17T22:32:49.736-0700] {dag.py:3722} INFO - Setting next_dagrun for example_skip_dag to 2025-02-17T05:32:49.736188+00:00, run_after=2025-02-18T05:32:49.736188+00:00
[2025-02-17T22:32:49.764-0700] {processor.py:179} INFO - Processing /home/jparep/miniconda3/envs/dbt-env/lib/python3.11/site-packages/airflow/example_dags/example_skip_dag.py took 0.090 seconds
[2025-02-17T22:33:30.621-0700] {processor.py:157} INFO - Started process (PID=157245) to work on /home/jparep/miniconda3/envs/dbt-env/lib/python3.11/site-packages/airflow/example_dags/example_skip_dag.py
[2025-02-17T22:33:30.625-0700] {processor.py:829} INFO - Processing file /home/jparep/miniconda3/envs/dbt-env/lib/python3.11/site-packages/airflow/example_dags/example_skip_dag.py for tasks to queue
[2025-02-17T22:33:30.626-0700] {logging_mixin.py:154} INFO - [2025-02-17T22:33:30.626-0700] {dagbag.py:536} INFO - Filling up the DagBag from /home/jparep/miniconda3/envs/dbt-env/lib/python3.11/site-packages/airflow/example_dags/example_skip_dag.py
[2025-02-17T22:33:30.640-0700] {processor.py:839} INFO - DAG(s) dict_keys(['example_skip_dag']) retrieved from /home/jparep/miniconda3/envs/dbt-env/lib/python3.11/site-packages/airflow/example_dags/example_skip_dag.py
[2025-02-17T22:33:30.666-0700] {logging_mixin.py:154} INFO - [2025-02-17T22:33:30.665-0700] {dag.py:2941} INFO - Sync 1 DAGs
[2025-02-17T22:33:30.692-0700] {logging_mixin.py:154} INFO - [2025-02-17T22:33:30.692-0700] {dag.py:3722} INFO - Setting next_dagrun for example_skip_dag to 2025-02-17T05:33:30.691970+00:00, run_after=2025-02-18T05:33:30.691970+00:00
[2025-02-17T22:33:30.722-0700] {processor.py:179} INFO - Processing /home/jparep/miniconda3/envs/dbt-env/lib/python3.11/site-packages/airflow/example_dags/example_skip_dag.py took 0.107 seconds
[2025-02-17T22:34:05.810-0700] {processor.py:157} INFO - Started process (PID=157568) to work on /home/jparep/miniconda3/envs/dbt-env/lib/python3.11/site-packages/airflow/example_dags/example_skip_dag.py
[2025-02-17T22:34:05.811-0700] {processor.py:829} INFO - Processing file /home/jparep/miniconda3/envs/dbt-env/lib/python3.11/site-packages/airflow/example_dags/example_skip_dag.py for tasks to queue
[2025-02-17T22:34:05.811-0700] {logging_mixin.py:154} INFO - [2025-02-17T22:34:05.811-0700] {dagbag.py:536} INFO - Filling up the DagBag from /home/jparep/miniconda3/envs/dbt-env/lib/python3.11/site-packages/airflow/example_dags/example_skip_dag.py
[2025-02-17T22:34:05.818-0700] {processor.py:839} INFO - DAG(s) dict_keys(['example_skip_dag']) retrieved from /home/jparep/miniconda3/envs/dbt-env/lib/python3.11/site-packages/airflow/example_dags/example_skip_dag.py
[2025-02-17T22:34:05.834-0700] {logging_mixin.py:154} INFO - [2025-02-17T22:34:05.834-0700] {dag.py:2941} INFO - Sync 1 DAGs
[2025-02-17T22:34:05.850-0700] {logging_mixin.py:154} INFO - [2025-02-17T22:34:05.850-0700] {dag.py:3722} INFO - Setting next_dagrun for example_skip_dag to 2025-02-17T05:34:05.850273+00:00, run_after=2025-02-18T05:34:05.850273+00:00
[2025-02-17T22:34:05.872-0700] {processor.py:179} INFO - Processing /home/jparep/miniconda3/envs/dbt-env/lib/python3.11/site-packages/airflow/example_dags/example_skip_dag.py took 0.064 seconds
[2025-02-17T22:34:41.616-0700] {processor.py:157} INFO - Started process (PID=157903) to work on /home/jparep/miniconda3/envs/dbt-env/lib/python3.11/site-packages/airflow/example_dags/example_skip_dag.py
[2025-02-17T22:34:41.618-0700] {processor.py:829} INFO - Processing file /home/jparep/miniconda3/envs/dbt-env/lib/python3.11/site-packages/airflow/example_dags/example_skip_dag.py for tasks to queue
[2025-02-17T22:34:41.619-0700] {logging_mixin.py:154} INFO - [2025-02-17T22:34:41.619-0700] {dagbag.py:536} INFO - Filling up the DagBag from /home/jparep/miniconda3/envs/dbt-env/lib/python3.11/site-packages/airflow/example_dags/example_skip_dag.py
[2025-02-17T22:34:41.631-0700] {processor.py:839} INFO - DAG(s) dict_keys(['example_skip_dag']) retrieved from /home/jparep/miniconda3/envs/dbt-env/lib/python3.11/site-packages/airflow/example_dags/example_skip_dag.py
[2025-02-17T22:34:41.650-0700] {logging_mixin.py:154} INFO - [2025-02-17T22:34:41.650-0700] {dag.py:2941} INFO - Sync 1 DAGs
[2025-02-17T22:34:41.668-0700] {logging_mixin.py:154} INFO - [2025-02-17T22:34:41.668-0700] {dag.py:3722} INFO - Setting next_dagrun for example_skip_dag to 2025-02-17T05:34:41.667864+00:00, run_after=2025-02-18T05:34:41.667864+00:00
[2025-02-17T22:34:41.690-0700] {processor.py:179} INFO - Processing /home/jparep/miniconda3/envs/dbt-env/lib/python3.11/site-packages/airflow/example_dags/example_skip_dag.py took 0.077 seconds
[2025-02-17T22:35:17.692-0700] {processor.py:157} INFO - Started process (PID=158091) to work on /home/jparep/miniconda3/envs/dbt-env/lib/python3.11/site-packages/airflow/example_dags/example_skip_dag.py
[2025-02-17T22:35:17.696-0700] {processor.py:829} INFO - Processing file /home/jparep/miniconda3/envs/dbt-env/lib/python3.11/site-packages/airflow/example_dags/example_skip_dag.py for tasks to queue
[2025-02-17T22:35:17.697-0700] {logging_mixin.py:154} INFO - [2025-02-17T22:35:17.697-0700] {dagbag.py:536} INFO - Filling up the DagBag from /home/jparep/miniconda3/envs/dbt-env/lib/python3.11/site-packages/airflow/example_dags/example_skip_dag.py
[2025-02-17T22:35:17.707-0700] {processor.py:839} INFO - DAG(s) dict_keys(['example_skip_dag']) retrieved from /home/jparep/miniconda3/envs/dbt-env/lib/python3.11/site-packages/airflow/example_dags/example_skip_dag.py
[2025-02-17T22:35:17.723-0700] {logging_mixin.py:154} INFO - [2025-02-17T22:35:17.723-0700] {dag.py:2941} INFO - Sync 1 DAGs
[2025-02-17T22:35:17.737-0700] {logging_mixin.py:154} INFO - [2025-02-17T22:35:17.737-0700] {dag.py:3722} INFO - Setting next_dagrun for example_skip_dag to 2025-02-17T05:35:17.737263+00:00, run_after=2025-02-18T05:35:17.737263+00:00
[2025-02-17T22:35:17.753-0700] {processor.py:179} INFO - Processing /home/jparep/miniconda3/envs/dbt-env/lib/python3.11/site-packages/airflow/example_dags/example_skip_dag.py took 0.065 seconds
[2025-02-17T22:35:56.054-0700] {processor.py:157} INFO - Started process (PID=158512) to work on /home/jparep/miniconda3/envs/dbt-env/lib/python3.11/site-packages/airflow/example_dags/example_skip_dag.py
[2025-02-17T22:35:56.056-0700] {processor.py:829} INFO - Processing file /home/jparep/miniconda3/envs/dbt-env/lib/python3.11/site-packages/airflow/example_dags/example_skip_dag.py for tasks to queue
[2025-02-17T22:35:56.057-0700] {logging_mixin.py:154} INFO - [2025-02-17T22:35:56.057-0700] {dagbag.py:536} INFO - Filling up the DagBag from /home/jparep/miniconda3/envs/dbt-env/lib/python3.11/site-packages/airflow/example_dags/example_skip_dag.py
[2025-02-17T22:35:56.073-0700] {processor.py:839} INFO - DAG(s) dict_keys(['example_skip_dag']) retrieved from /home/jparep/miniconda3/envs/dbt-env/lib/python3.11/site-packages/airflow/example_dags/example_skip_dag.py
[2025-02-17T22:35:56.099-0700] {logging_mixin.py:154} INFO - [2025-02-17T22:35:56.099-0700] {dag.py:2941} INFO - Sync 1 DAGs
[2025-02-17T22:35:56.118-0700] {logging_mixin.py:154} INFO - [2025-02-17T22:35:56.118-0700] {dag.py:3722} INFO - Setting next_dagrun for example_skip_dag to 2025-02-17T05:35:56.117879+00:00, run_after=2025-02-18T05:35:56.117879+00:00
[2025-02-17T22:35:56.135-0700] {processor.py:179} INFO - Processing /home/jparep/miniconda3/envs/dbt-env/lib/python3.11/site-packages/airflow/example_dags/example_skip_dag.py took 0.087 seconds
[2025-02-17T22:36:36.723-0700] {processor.py:157} INFO - Started process (PID=158775) to work on /home/jparep/miniconda3/envs/dbt-env/lib/python3.11/site-packages/airflow/example_dags/example_skip_dag.py
[2025-02-17T22:36:36.725-0700] {processor.py:829} INFO - Processing file /home/jparep/miniconda3/envs/dbt-env/lib/python3.11/site-packages/airflow/example_dags/example_skip_dag.py for tasks to queue
[2025-02-17T22:36:36.726-0700] {logging_mixin.py:154} INFO - [2025-02-17T22:36:36.726-0700] {dagbag.py:536} INFO - Filling up the DagBag from /home/jparep/miniconda3/envs/dbt-env/lib/python3.11/site-packages/airflow/example_dags/example_skip_dag.py
[2025-02-17T22:36:36.732-0700] {processor.py:839} INFO - DAG(s) dict_keys(['example_skip_dag']) retrieved from /home/jparep/miniconda3/envs/dbt-env/lib/python3.11/site-packages/airflow/example_dags/example_skip_dag.py
[2025-02-17T22:36:36.746-0700] {logging_mixin.py:154} INFO - [2025-02-17T22:36:36.746-0700] {dag.py:2941} INFO - Sync 1 DAGs
[2025-02-17T22:36:36.761-0700] {logging_mixin.py:154} INFO - [2025-02-17T22:36:36.761-0700] {dag.py:3722} INFO - Setting next_dagrun for example_skip_dag to 2025-02-17T05:36:36.761117+00:00, run_after=2025-02-18T05:36:36.761117+00:00
[2025-02-17T22:36:36.777-0700] {processor.py:179} INFO - Processing /home/jparep/miniconda3/envs/dbt-env/lib/python3.11/site-packages/airflow/example_dags/example_skip_dag.py took 0.057 seconds
[2025-02-17T22:37:16.739-0700] {processor.py:157} INFO - Started process (PID=159463) to work on /home/jparep/miniconda3/envs/dbt-env/lib/python3.11/site-packages/airflow/example_dags/example_skip_dag.py
[2025-02-17T22:37:16.741-0700] {processor.py:829} INFO - Processing file /home/jparep/miniconda3/envs/dbt-env/lib/python3.11/site-packages/airflow/example_dags/example_skip_dag.py for tasks to queue
[2025-02-17T22:37:16.742-0700] {logging_mixin.py:154} INFO - [2025-02-17T22:37:16.741-0700] {dagbag.py:536} INFO - Filling up the DagBag from /home/jparep/miniconda3/envs/dbt-env/lib/python3.11/site-packages/airflow/example_dags/example_skip_dag.py
[2025-02-17T22:37:16.749-0700] {processor.py:839} INFO - DAG(s) dict_keys(['example_skip_dag']) retrieved from /home/jparep/miniconda3/envs/dbt-env/lib/python3.11/site-packages/airflow/example_dags/example_skip_dag.py
[2025-02-17T22:37:16.770-0700] {logging_mixin.py:154} INFO - [2025-02-17T22:37:16.770-0700] {dag.py:2941} INFO - Sync 1 DAGs
[2025-02-17T22:37:16.791-0700] {logging_mixin.py:154} INFO - [2025-02-17T22:37:16.791-0700] {dag.py:3722} INFO - Setting next_dagrun for example_skip_dag to 2025-02-17T05:37:16.790930+00:00, run_after=2025-02-18T05:37:16.790930+00:00
[2025-02-17T22:37:16.808-0700] {processor.py:179} INFO - Processing /home/jparep/miniconda3/envs/dbt-env/lib/python3.11/site-packages/airflow/example_dags/example_skip_dag.py took 0.072 seconds
[2025-02-17T22:37:52.155-0700] {processor.py:157} INFO - Started process (PID=160244) to work on /home/jparep/miniconda3/envs/dbt-env/lib/python3.11/site-packages/airflow/example_dags/example_skip_dag.py
[2025-02-17T22:37:52.157-0700] {processor.py:829} INFO - Processing file /home/jparep/miniconda3/envs/dbt-env/lib/python3.11/site-packages/airflow/example_dags/example_skip_dag.py for tasks to queue
[2025-02-17T22:37:52.158-0700] {logging_mixin.py:154} INFO - [2025-02-17T22:37:52.157-0700] {dagbag.py:536} INFO - Filling up the DagBag from /home/jparep/miniconda3/envs/dbt-env/lib/python3.11/site-packages/airflow/example_dags/example_skip_dag.py
[2025-02-17T22:37:52.165-0700] {processor.py:839} INFO - DAG(s) dict_keys(['example_skip_dag']) retrieved from /home/jparep/miniconda3/envs/dbt-env/lib/python3.11/site-packages/airflow/example_dags/example_skip_dag.py
[2025-02-17T22:37:52.177-0700] {logging_mixin.py:154} INFO - [2025-02-17T22:37:52.177-0700] {dag.py:2941} INFO - Sync 1 DAGs
[2025-02-17T22:37:52.190-0700] {logging_mixin.py:154} INFO - [2025-02-17T22:37:52.190-0700] {dag.py:3722} INFO - Setting next_dagrun for example_skip_dag to 2025-02-17T05:37:52.190612+00:00, run_after=2025-02-18T05:37:52.190612+00:00
[2025-02-17T22:37:52.210-0700] {processor.py:179} INFO - Processing /home/jparep/miniconda3/envs/dbt-env/lib/python3.11/site-packages/airflow/example_dags/example_skip_dag.py took 0.058 seconds
[2025-02-17T22:38:25.832-0700] {processor.py:157} INFO - Started process (PID=160581) to work on /home/jparep/miniconda3/envs/dbt-env/lib/python3.11/site-packages/airflow/example_dags/example_skip_dag.py
[2025-02-17T22:38:25.835-0700] {processor.py:829} INFO - Processing file /home/jparep/miniconda3/envs/dbt-env/lib/python3.11/site-packages/airflow/example_dags/example_skip_dag.py for tasks to queue
[2025-02-17T22:38:25.836-0700] {logging_mixin.py:154} INFO - [2025-02-17T22:38:25.836-0700] {dagbag.py:536} INFO - Filling up the DagBag from /home/jparep/miniconda3/envs/dbt-env/lib/python3.11/site-packages/airflow/example_dags/example_skip_dag.py
[2025-02-17T22:38:25.844-0700] {processor.py:839} INFO - DAG(s) dict_keys(['example_skip_dag']) retrieved from /home/jparep/miniconda3/envs/dbt-env/lib/python3.11/site-packages/airflow/example_dags/example_skip_dag.py
[2025-02-17T22:38:25.858-0700] {logging_mixin.py:154} INFO - [2025-02-17T22:38:25.858-0700] {dag.py:2941} INFO - Sync 1 DAGs
[2025-02-17T22:38:25.872-0700] {logging_mixin.py:154} INFO - [2025-02-17T22:38:25.872-0700] {dag.py:3722} INFO - Setting next_dagrun for example_skip_dag to 2025-02-17T05:38:25.872444+00:00, run_after=2025-02-18T05:38:25.872444+00:00
[2025-02-17T22:38:25.890-0700] {processor.py:179} INFO - Processing /home/jparep/miniconda3/envs/dbt-env/lib/python3.11/site-packages/airflow/example_dags/example_skip_dag.py took 0.062 seconds
[2025-02-17T22:39:03.084-0700] {processor.py:157} INFO - Started process (PID=161088) to work on /home/jparep/miniconda3/envs/dbt-env/lib/python3.11/site-packages/airflow/example_dags/example_skip_dag.py
[2025-02-17T22:39:03.087-0700] {processor.py:829} INFO - Processing file /home/jparep/miniconda3/envs/dbt-env/lib/python3.11/site-packages/airflow/example_dags/example_skip_dag.py for tasks to queue
[2025-02-17T22:39:03.088-0700] {logging_mixin.py:154} INFO - [2025-02-17T22:39:03.087-0700] {dagbag.py:536} INFO - Filling up the DagBag from /home/jparep/miniconda3/envs/dbt-env/lib/python3.11/site-packages/airflow/example_dags/example_skip_dag.py
[2025-02-17T22:39:03.100-0700] {processor.py:839} INFO - DAG(s) dict_keys(['example_skip_dag']) retrieved from /home/jparep/miniconda3/envs/dbt-env/lib/python3.11/site-packages/airflow/example_dags/example_skip_dag.py
[2025-02-17T22:39:03.116-0700] {logging_mixin.py:154} INFO - [2025-02-17T22:39:03.116-0700] {dag.py:2941} INFO - Sync 1 DAGs
[2025-02-17T22:39:03.134-0700] {logging_mixin.py:154} INFO - [2025-02-17T22:39:03.134-0700] {dag.py:3722} INFO - Setting next_dagrun for example_skip_dag to 2025-02-17T05:39:03.134012+00:00, run_after=2025-02-18T05:39:03.134012+00:00
[2025-02-17T22:39:03.152-0700] {processor.py:179} INFO - Processing /home/jparep/miniconda3/envs/dbt-env/lib/python3.11/site-packages/airflow/example_dags/example_skip_dag.py took 0.074 seconds
[2025-02-17T22:39:38.469-0700] {processor.py:157} INFO - Started process (PID=161232) to work on /home/jparep/miniconda3/envs/dbt-env/lib/python3.11/site-packages/airflow/example_dags/example_skip_dag.py
[2025-02-17T22:39:38.472-0700] {processor.py:829} INFO - Processing file /home/jparep/miniconda3/envs/dbt-env/lib/python3.11/site-packages/airflow/example_dags/example_skip_dag.py for tasks to queue
[2025-02-17T22:39:38.473-0700] {logging_mixin.py:154} INFO - [2025-02-17T22:39:38.472-0700] {dagbag.py:536} INFO - Filling up the DagBag from /home/jparep/miniconda3/envs/dbt-env/lib/python3.11/site-packages/airflow/example_dags/example_skip_dag.py
[2025-02-17T22:39:38.484-0700] {processor.py:839} INFO - DAG(s) dict_keys(['example_skip_dag']) retrieved from /home/jparep/miniconda3/envs/dbt-env/lib/python3.11/site-packages/airflow/example_dags/example_skip_dag.py
[2025-02-17T22:39:38.503-0700] {logging_mixin.py:154} INFO - [2025-02-17T22:39:38.503-0700] {dag.py:2941} INFO - Sync 1 DAGs
[2025-02-17T22:39:38.518-0700] {logging_mixin.py:154} INFO - [2025-02-17T22:39:38.518-0700] {dag.py:3722} INFO - Setting next_dagrun for example_skip_dag to 2025-02-17T05:39:38.517882+00:00, run_after=2025-02-18T05:39:38.517882+00:00
[2025-02-17T22:39:38.537-0700] {processor.py:179} INFO - Processing /home/jparep/miniconda3/envs/dbt-env/lib/python3.11/site-packages/airflow/example_dags/example_skip_dag.py took 0.072 seconds
[2025-02-17T22:40:17.622-0700] {processor.py:157} INFO - Started process (PID=161591) to work on /home/jparep/miniconda3/envs/dbt-env/lib/python3.11/site-packages/airflow/example_dags/example_skip_dag.py
[2025-02-17T22:40:17.625-0700] {processor.py:829} INFO - Processing file /home/jparep/miniconda3/envs/dbt-env/lib/python3.11/site-packages/airflow/example_dags/example_skip_dag.py for tasks to queue
[2025-02-17T22:40:17.627-0700] {logging_mixin.py:154} INFO - [2025-02-17T22:40:17.626-0700] {dagbag.py:536} INFO - Filling up the DagBag from /home/jparep/miniconda3/envs/dbt-env/lib/python3.11/site-packages/airflow/example_dags/example_skip_dag.py
[2025-02-17T22:40:17.640-0700] {processor.py:839} INFO - DAG(s) dict_keys(['example_skip_dag']) retrieved from /home/jparep/miniconda3/envs/dbt-env/lib/python3.11/site-packages/airflow/example_dags/example_skip_dag.py
[2025-02-17T22:40:17.663-0700] {logging_mixin.py:154} INFO - [2025-02-17T22:40:17.663-0700] {dag.py:2941} INFO - Sync 1 DAGs
[2025-02-17T22:40:17.688-0700] {logging_mixin.py:154} INFO - [2025-02-17T22:40:17.688-0700] {dag.py:3722} INFO - Setting next_dagrun for example_skip_dag to 2025-02-17T05:40:17.688212+00:00, run_after=2025-02-18T05:40:17.688212+00:00
[2025-02-17T22:40:17.712-0700] {processor.py:179} INFO - Processing /home/jparep/miniconda3/envs/dbt-env/lib/python3.11/site-packages/airflow/example_dags/example_skip_dag.py took 0.097 seconds
[2025-02-17T22:40:55.283-0700] {processor.py:157} INFO - Started process (PID=161848) to work on /home/jparep/miniconda3/envs/dbt-env/lib/python3.11/site-packages/airflow/example_dags/example_skip_dag.py
[2025-02-17T22:40:55.287-0700] {processor.py:829} INFO - Processing file /home/jparep/miniconda3/envs/dbt-env/lib/python3.11/site-packages/airflow/example_dags/example_skip_dag.py for tasks to queue
[2025-02-17T22:40:55.288-0700] {logging_mixin.py:154} INFO - [2025-02-17T22:40:55.287-0700] {dagbag.py:536} INFO - Filling up the DagBag from /home/jparep/miniconda3/envs/dbt-env/lib/python3.11/site-packages/airflow/example_dags/example_skip_dag.py
[2025-02-17T22:40:55.302-0700] {processor.py:839} INFO - DAG(s) dict_keys(['example_skip_dag']) retrieved from /home/jparep/miniconda3/envs/dbt-env/lib/python3.11/site-packages/airflow/example_dags/example_skip_dag.py
[2025-02-17T22:40:55.329-0700] {logging_mixin.py:154} INFO - [2025-02-17T22:40:55.329-0700] {dag.py:2941} INFO - Sync 1 DAGs
[2025-02-17T22:40:55.358-0700] {logging_mixin.py:154} INFO - [2025-02-17T22:40:55.358-0700] {dag.py:3722} INFO - Setting next_dagrun for example_skip_dag to 2025-02-17T05:40:55.357878+00:00, run_after=2025-02-18T05:40:55.357878+00:00
[2025-02-17T22:40:55.393-0700] {processor.py:179} INFO - Processing /home/jparep/miniconda3/envs/dbt-env/lib/python3.11/site-packages/airflow/example_dags/example_skip_dag.py took 0.115 seconds
[2025-02-17T22:41:33.840-0700] {processor.py:157} INFO - Started process (PID=162208) to work on /home/jparep/miniconda3/envs/dbt-env/lib/python3.11/site-packages/airflow/example_dags/example_skip_dag.py
[2025-02-17T22:41:33.844-0700] {processor.py:829} INFO - Processing file /home/jparep/miniconda3/envs/dbt-env/lib/python3.11/site-packages/airflow/example_dags/example_skip_dag.py for tasks to queue
[2025-02-17T22:41:33.845-0700] {logging_mixin.py:154} INFO - [2025-02-17T22:41:33.844-0700] {dagbag.py:536} INFO - Filling up the DagBag from /home/jparep/miniconda3/envs/dbt-env/lib/python3.11/site-packages/airflow/example_dags/example_skip_dag.py
[2025-02-17T22:41:33.863-0700] {processor.py:839} INFO - DAG(s) dict_keys(['example_skip_dag']) retrieved from /home/jparep/miniconda3/envs/dbt-env/lib/python3.11/site-packages/airflow/example_dags/example_skip_dag.py
[2025-02-17T22:41:33.891-0700] {logging_mixin.py:154} INFO - [2025-02-17T22:41:33.890-0700] {dag.py:2941} INFO - Sync 1 DAGs
[2025-02-17T22:41:33.918-0700] {logging_mixin.py:154} INFO - [2025-02-17T22:41:33.918-0700] {dag.py:3722} INFO - Setting next_dagrun for example_skip_dag to 2025-02-17T05:41:33.918244+00:00, run_after=2025-02-18T05:41:33.918244+00:00
[2025-02-17T22:41:33.949-0700] {processor.py:179} INFO - Processing /home/jparep/miniconda3/envs/dbt-env/lib/python3.11/site-packages/airflow/example_dags/example_skip_dag.py took 0.115 seconds
[2025-02-17T22:42:15.473-0700] {processor.py:157} INFO - Started process (PID=162576) to work on /home/jparep/miniconda3/envs/dbt-env/lib/python3.11/site-packages/airflow/example_dags/example_skip_dag.py
[2025-02-17T22:42:15.475-0700] {processor.py:829} INFO - Processing file /home/jparep/miniconda3/envs/dbt-env/lib/python3.11/site-packages/airflow/example_dags/example_skip_dag.py for tasks to queue
[2025-02-17T22:42:15.477-0700] {logging_mixin.py:154} INFO - [2025-02-17T22:42:15.476-0700] {dagbag.py:536} INFO - Filling up the DagBag from /home/jparep/miniconda3/envs/dbt-env/lib/python3.11/site-packages/airflow/example_dags/example_skip_dag.py
[2025-02-17T22:42:15.488-0700] {processor.py:839} INFO - DAG(s) dict_keys(['example_skip_dag']) retrieved from /home/jparep/miniconda3/envs/dbt-env/lib/python3.11/site-packages/airflow/example_dags/example_skip_dag.py
[2025-02-17T22:42:15.509-0700] {logging_mixin.py:154} INFO - [2025-02-17T22:42:15.509-0700] {dag.py:2941} INFO - Sync 1 DAGs
[2025-02-17T22:42:15.526-0700] {logging_mixin.py:154} INFO - [2025-02-17T22:42:15.526-0700] {dag.py:3722} INFO - Setting next_dagrun for example_skip_dag to 2025-02-17T05:42:15.526155+00:00, run_after=2025-02-18T05:42:15.526155+00:00
[2025-02-17T22:42:15.549-0700] {processor.py:179} INFO - Processing /home/jparep/miniconda3/envs/dbt-env/lib/python3.11/site-packages/airflow/example_dags/example_skip_dag.py took 0.081 seconds
