[2025-02-17T22:16:25.593-0700] {processor.py:157} INFO - Started process (PID=148741) to work on /home/jparep/miniconda3/envs/dbt-env/lib/python3.11/site-packages/airflow/example_dags/example_sensors.py
[2025-02-17T22:16:25.594-0700] {processor.py:829} INFO - Processing file /home/jparep/miniconda3/envs/dbt-env/lib/python3.11/site-packages/airflow/example_dags/example_sensors.py for tasks to queue
[2025-02-17T22:16:25.597-0700] {logging_mixin.py:154} INFO - [2025-02-17T22:16:25.595-0700] {dagbag.py:536} INFO - Filling up the DagBag from /home/jparep/miniconda3/envs/dbt-env/lib/python3.11/site-packages/airflow/example_dags/example_sensors.py
[2025-02-17T22:16:25.614-0700] {processor.py:839} INFO - DAG(s) dict_keys(['example_sensors']) retrieved from /home/jparep/miniconda3/envs/dbt-env/lib/python3.11/site-packages/airflow/example_dags/example_sensors.py
[2025-02-17T22:16:25.779-0700] {logging_mixin.py:154} INFO - [2025-02-17T22:16:25.779-0700] {manager.py:499} INFO - Created Permission View: %s
[2025-02-17T22:16:25.788-0700] {logging_mixin.py:154} INFO - [2025-02-17T22:16:25.788-0700] {manager.py:499} INFO - Created Permission View: %s
[2025-02-17T22:16:25.806-0700] {logging_mixin.py:154} INFO - [2025-02-17T22:16:25.806-0700] {manager.py:499} INFO - Created Permission View: %s
[2025-02-17T22:16:25.806-0700] {logging_mixin.py:154} INFO - [2025-02-17T22:16:25.806-0700] {dag.py:2941} INFO - Sync 1 DAGs
[2025-02-17T22:16:25.813-0700] {logging_mixin.py:154} INFO - [2025-02-17T22:16:25.813-0700] {dag.py:2963} INFO - Creating ORM DAG for example_sensors
[2025-02-17T22:16:25.813-0700] {logging_mixin.py:154} INFO - [2025-02-17T22:16:25.813-0700] {dag.py:3722} INFO - Setting next_dagrun for example_sensors to None, run_after=None
[2025-02-17T22:16:25.834-0700] {processor.py:179} INFO - Processing /home/jparep/miniconda3/envs/dbt-env/lib/python3.11/site-packages/airflow/example_dags/example_sensors.py took 0.246 seconds
[2025-02-17T22:17:19.593-0700] {processor.py:157} INFO - Started process (PID=148988) to work on /home/jparep/miniconda3/envs/dbt-env/lib/python3.11/site-packages/airflow/example_dags/example_sensors.py
[2025-02-17T22:17:19.595-0700] {processor.py:829} INFO - Processing file /home/jparep/miniconda3/envs/dbt-env/lib/python3.11/site-packages/airflow/example_dags/example_sensors.py for tasks to queue
[2025-02-17T22:17:19.596-0700] {logging_mixin.py:154} INFO - [2025-02-17T22:17:19.595-0700] {dagbag.py:536} INFO - Filling up the DagBag from /home/jparep/miniconda3/envs/dbt-env/lib/python3.11/site-packages/airflow/example_dags/example_sensors.py
[2025-02-17T22:17:19.606-0700] {processor.py:839} INFO - DAG(s) dict_keys(['example_sensors']) retrieved from /home/jparep/miniconda3/envs/dbt-env/lib/python3.11/site-packages/airflow/example_dags/example_sensors.py
[2025-02-17T22:17:19.756-0700] {logging_mixin.py:154} INFO - [2025-02-17T22:17:19.756-0700] {dag.py:2941} INFO - Sync 1 DAGs
[2025-02-17T22:17:19.771-0700] {logging_mixin.py:154} INFO - [2025-02-17T22:17:19.771-0700] {dag.py:3722} INFO - Setting next_dagrun for example_sensors to None, run_after=None
[2025-02-17T22:17:19.800-0700] {processor.py:179} INFO - Processing /home/jparep/miniconda3/envs/dbt-env/lib/python3.11/site-packages/airflow/example_dags/example_sensors.py took 0.212 seconds
[2025-02-17T22:18:25.970-0700] {processor.py:157} INFO - Started process (PID=149581) to work on /home/jparep/miniconda3/envs/dbt-env/lib/python3.11/site-packages/airflow/example_dags/example_sensors.py
[2025-02-17T22:18:25.972-0700] {processor.py:829} INFO - Processing file /home/jparep/miniconda3/envs/dbt-env/lib/python3.11/site-packages/airflow/example_dags/example_sensors.py for tasks to queue
[2025-02-17T22:18:25.973-0700] {logging_mixin.py:154} INFO - [2025-02-17T22:18:25.973-0700] {dagbag.py:536} INFO - Filling up the DagBag from /home/jparep/miniconda3/envs/dbt-env/lib/python3.11/site-packages/airflow/example_dags/example_sensors.py
[2025-02-17T22:18:25.986-0700] {processor.py:839} INFO - DAG(s) dict_keys(['example_sensors']) retrieved from /home/jparep/miniconda3/envs/dbt-env/lib/python3.11/site-packages/airflow/example_dags/example_sensors.py
[2025-02-17T22:18:26.002-0700] {logging_mixin.py:154} INFO - [2025-02-17T22:18:26.002-0700] {dag.py:2941} INFO - Sync 1 DAGs
[2025-02-17T22:18:26.010-0700] {logging_mixin.py:154} INFO - [2025-02-17T22:18:26.010-0700] {dag.py:3722} INFO - Setting next_dagrun for example_sensors to None, run_after=None
[2025-02-17T22:18:26.031-0700] {processor.py:179} INFO - Processing /home/jparep/miniconda3/envs/dbt-env/lib/python3.11/site-packages/airflow/example_dags/example_sensors.py took 0.066 seconds
[2025-02-17T22:19:19.311-0700] {processor.py:157} INFO - Started process (PID=150111) to work on /home/jparep/miniconda3/envs/dbt-env/lib/python3.11/site-packages/airflow/example_dags/example_sensors.py
[2025-02-17T22:19:19.314-0700] {processor.py:829} INFO - Processing file /home/jparep/miniconda3/envs/dbt-env/lib/python3.11/site-packages/airflow/example_dags/example_sensors.py for tasks to queue
[2025-02-17T22:19:19.315-0700] {logging_mixin.py:154} INFO - [2025-02-17T22:19:19.315-0700] {dagbag.py:536} INFO - Filling up the DagBag from /home/jparep/miniconda3/envs/dbt-env/lib/python3.11/site-packages/airflow/example_dags/example_sensors.py
[2025-02-17T22:19:19.332-0700] {processor.py:839} INFO - DAG(s) dict_keys(['example_sensors']) retrieved from /home/jparep/miniconda3/envs/dbt-env/lib/python3.11/site-packages/airflow/example_dags/example_sensors.py
[2025-02-17T22:19:19.355-0700] {logging_mixin.py:154} INFO - [2025-02-17T22:19:19.355-0700] {dag.py:2941} INFO - Sync 1 DAGs
[2025-02-17T22:19:19.364-0700] {logging_mixin.py:154} INFO - [2025-02-17T22:19:19.364-0700] {dag.py:3722} INFO - Setting next_dagrun for example_sensors to None, run_after=None
[2025-02-17T22:19:19.380-0700] {processor.py:179} INFO - Processing /home/jparep/miniconda3/envs/dbt-env/lib/python3.11/site-packages/airflow/example_dags/example_sensors.py took 0.074 seconds
[2025-02-17T22:20:19.536-0700] {processor.py:157} INFO - Started process (PID=150664) to work on /home/jparep/miniconda3/envs/dbt-env/lib/python3.11/site-packages/airflow/example_dags/example_sensors.py
[2025-02-17T22:20:19.540-0700] {processor.py:829} INFO - Processing file /home/jparep/miniconda3/envs/dbt-env/lib/python3.11/site-packages/airflow/example_dags/example_sensors.py for tasks to queue
[2025-02-17T22:20:19.542-0700] {logging_mixin.py:154} INFO - [2025-02-17T22:20:19.541-0700] {dagbag.py:536} INFO - Filling up the DagBag from /home/jparep/miniconda3/envs/dbt-env/lib/python3.11/site-packages/airflow/example_dags/example_sensors.py
[2025-02-17T22:20:19.571-0700] {processor.py:839} INFO - DAG(s) dict_keys(['example_sensors']) retrieved from /home/jparep/miniconda3/envs/dbt-env/lib/python3.11/site-packages/airflow/example_dags/example_sensors.py
[2025-02-17T22:20:19.595-0700] {logging_mixin.py:154} INFO - [2025-02-17T22:20:19.595-0700] {dag.py:2941} INFO - Sync 1 DAGs
[2025-02-17T22:20:19.605-0700] {logging_mixin.py:154} INFO - [2025-02-17T22:20:19.605-0700] {dag.py:3722} INFO - Setting next_dagrun for example_sensors to None, run_after=None
[2025-02-17T22:20:19.628-0700] {processor.py:179} INFO - Processing /home/jparep/miniconda3/envs/dbt-env/lib/python3.11/site-packages/airflow/example_dags/example_sensors.py took 0.101 seconds
[2025-02-17T22:21:17.931-0700] {processor.py:157} INFO - Started process (PID=151205) to work on /home/jparep/miniconda3/envs/dbt-env/lib/python3.11/site-packages/airflow/example_dags/example_sensors.py
[2025-02-17T22:21:17.933-0700] {processor.py:829} INFO - Processing file /home/jparep/miniconda3/envs/dbt-env/lib/python3.11/site-packages/airflow/example_dags/example_sensors.py for tasks to queue
[2025-02-17T22:21:17.934-0700] {logging_mixin.py:154} INFO - [2025-02-17T22:21:17.934-0700] {dagbag.py:536} INFO - Filling up the DagBag from /home/jparep/miniconda3/envs/dbt-env/lib/python3.11/site-packages/airflow/example_dags/example_sensors.py
[2025-02-17T22:21:17.950-0700] {processor.py:839} INFO - DAG(s) dict_keys(['example_sensors']) retrieved from /home/jparep/miniconda3/envs/dbt-env/lib/python3.11/site-packages/airflow/example_dags/example_sensors.py
[2025-02-17T22:21:17.976-0700] {logging_mixin.py:154} INFO - [2025-02-17T22:21:17.975-0700] {dag.py:2941} INFO - Sync 1 DAGs
[2025-02-17T22:21:17.986-0700] {logging_mixin.py:154} INFO - [2025-02-17T22:21:17.986-0700] {dag.py:3722} INFO - Setting next_dagrun for example_sensors to None, run_after=None
[2025-02-17T22:21:18.016-0700] {processor.py:179} INFO - Processing /home/jparep/miniconda3/envs/dbt-env/lib/python3.11/site-packages/airflow/example_dags/example_sensors.py took 0.089 seconds
[2025-02-17T22:22:06.721-0700] {processor.py:157} INFO - Started process (PID=151637) to work on /home/jparep/miniconda3/envs/dbt-env/lib/python3.11/site-packages/airflow/example_dags/example_sensors.py
[2025-02-17T22:22:06.724-0700] {processor.py:829} INFO - Processing file /home/jparep/miniconda3/envs/dbt-env/lib/python3.11/site-packages/airflow/example_dags/example_sensors.py for tasks to queue
[2025-02-17T22:22:06.726-0700] {logging_mixin.py:154} INFO - [2025-02-17T22:22:06.725-0700] {dagbag.py:536} INFO - Filling up the DagBag from /home/jparep/miniconda3/envs/dbt-env/lib/python3.11/site-packages/airflow/example_dags/example_sensors.py
[2025-02-17T22:22:06.740-0700] {processor.py:839} INFO - DAG(s) dict_keys(['example_sensors']) retrieved from /home/jparep/miniconda3/envs/dbt-env/lib/python3.11/site-packages/airflow/example_dags/example_sensors.py
[2025-02-17T22:22:06.766-0700] {logging_mixin.py:154} INFO - [2025-02-17T22:22:06.766-0700] {dag.py:2941} INFO - Sync 1 DAGs
[2025-02-17T22:22:06.778-0700] {logging_mixin.py:154} INFO - [2025-02-17T22:22:06.778-0700] {dag.py:3722} INFO - Setting next_dagrun for example_sensors to None, run_after=None
[2025-02-17T22:22:06.799-0700] {processor.py:179} INFO - Processing /home/jparep/miniconda3/envs/dbt-env/lib/python3.11/site-packages/airflow/example_dags/example_sensors.py took 0.082 seconds
[2025-02-17T22:23:01.078-0700] {processor.py:157} INFO - Started process (PID=152014) to work on /home/jparep/miniconda3/envs/dbt-env/lib/python3.11/site-packages/airflow/example_dags/example_sensors.py
[2025-02-17T22:23:01.081-0700] {processor.py:829} INFO - Processing file /home/jparep/miniconda3/envs/dbt-env/lib/python3.11/site-packages/airflow/example_dags/example_sensors.py for tasks to queue
[2025-02-17T22:23:01.082-0700] {logging_mixin.py:154} INFO - [2025-02-17T22:23:01.082-0700] {dagbag.py:536} INFO - Filling up the DagBag from /home/jparep/miniconda3/envs/dbt-env/lib/python3.11/site-packages/airflow/example_dags/example_sensors.py
[2025-02-17T22:23:01.099-0700] {processor.py:839} INFO - DAG(s) dict_keys(['example_sensors']) retrieved from /home/jparep/miniconda3/envs/dbt-env/lib/python3.11/site-packages/airflow/example_dags/example_sensors.py
[2025-02-17T22:23:01.125-0700] {logging_mixin.py:154} INFO - [2025-02-17T22:23:01.125-0700] {dag.py:2941} INFO - Sync 1 DAGs
[2025-02-17T22:23:01.136-0700] {logging_mixin.py:154} INFO - [2025-02-17T22:23:01.136-0700] {dag.py:3722} INFO - Setting next_dagrun for example_sensors to None, run_after=None
[2025-02-17T22:23:01.159-0700] {processor.py:179} INFO - Processing /home/jparep/miniconda3/envs/dbt-env/lib/python3.11/site-packages/airflow/example_dags/example_sensors.py took 0.084 seconds
[2025-02-17T22:23:55.804-0700] {processor.py:157} INFO - Started process (PID=152543) to work on /home/jparep/miniconda3/envs/dbt-env/lib/python3.11/site-packages/airflow/example_dags/example_sensors.py
[2025-02-17T22:23:55.806-0700] {processor.py:829} INFO - Processing file /home/jparep/miniconda3/envs/dbt-env/lib/python3.11/site-packages/airflow/example_dags/example_sensors.py for tasks to queue
[2025-02-17T22:23:55.807-0700] {logging_mixin.py:154} INFO - [2025-02-17T22:23:55.807-0700] {dagbag.py:536} INFO - Filling up the DagBag from /home/jparep/miniconda3/envs/dbt-env/lib/python3.11/site-packages/airflow/example_dags/example_sensors.py
[2025-02-17T22:23:55.823-0700] {processor.py:839} INFO - DAG(s) dict_keys(['example_sensors']) retrieved from /home/jparep/miniconda3/envs/dbt-env/lib/python3.11/site-packages/airflow/example_dags/example_sensors.py
[2025-02-17T22:23:55.849-0700] {logging_mixin.py:154} INFO - [2025-02-17T22:23:55.849-0700] {dag.py:2941} INFO - Sync 1 DAGs
[2025-02-17T22:23:55.863-0700] {logging_mixin.py:154} INFO - [2025-02-17T22:23:55.863-0700] {dag.py:3722} INFO - Setting next_dagrun for example_sensors to None, run_after=None
[2025-02-17T22:23:55.889-0700] {processor.py:179} INFO - Processing /home/jparep/miniconda3/envs/dbt-env/lib/python3.11/site-packages/airflow/example_dags/example_sensors.py took 0.090 seconds
[2025-02-17T22:24:48.925-0700] {processor.py:157} INFO - Started process (PID=152877) to work on /home/jparep/miniconda3/envs/dbt-env/lib/python3.11/site-packages/airflow/example_dags/example_sensors.py
[2025-02-17T22:24:48.927-0700] {processor.py:829} INFO - Processing file /home/jparep/miniconda3/envs/dbt-env/lib/python3.11/site-packages/airflow/example_dags/example_sensors.py for tasks to queue
[2025-02-17T22:24:48.928-0700] {logging_mixin.py:154} INFO - [2025-02-17T22:24:48.928-0700] {dagbag.py:536} INFO - Filling up the DagBag from /home/jparep/miniconda3/envs/dbt-env/lib/python3.11/site-packages/airflow/example_dags/example_sensors.py
[2025-02-17T22:24:48.944-0700] {processor.py:839} INFO - DAG(s) dict_keys(['example_sensors']) retrieved from /home/jparep/miniconda3/envs/dbt-env/lib/python3.11/site-packages/airflow/example_dags/example_sensors.py
[2025-02-17T22:24:48.970-0700] {logging_mixin.py:154} INFO - [2025-02-17T22:24:48.969-0700] {dag.py:2941} INFO - Sync 1 DAGs
[2025-02-17T22:24:48.983-0700] {logging_mixin.py:154} INFO - [2025-02-17T22:24:48.983-0700] {dag.py:3722} INFO - Setting next_dagrun for example_sensors to None, run_after=None
[2025-02-17T22:24:49.012-0700] {processor.py:179} INFO - Processing /home/jparep/miniconda3/envs/dbt-env/lib/python3.11/site-packages/airflow/example_dags/example_sensors.py took 0.091 seconds
[2025-02-17T22:25:53.081-0700] {processor.py:157} INFO - Started process (PID=153453) to work on /home/jparep/miniconda3/envs/dbt-env/lib/python3.11/site-packages/airflow/example_dags/example_sensors.py
[2025-02-17T22:25:53.084-0700] {processor.py:829} INFO - Processing file /home/jparep/miniconda3/envs/dbt-env/lib/python3.11/site-packages/airflow/example_dags/example_sensors.py for tasks to queue
[2025-02-17T22:25:53.085-0700] {logging_mixin.py:154} INFO - [2025-02-17T22:25:53.084-0700] {dagbag.py:536} INFO - Filling up the DagBag from /home/jparep/miniconda3/envs/dbt-env/lib/python3.11/site-packages/airflow/example_dags/example_sensors.py
[2025-02-17T22:25:53.099-0700] {processor.py:839} INFO - DAG(s) dict_keys(['example_sensors']) retrieved from /home/jparep/miniconda3/envs/dbt-env/lib/python3.11/site-packages/airflow/example_dags/example_sensors.py
[2025-02-17T22:25:53.125-0700] {logging_mixin.py:154} INFO - [2025-02-17T22:25:53.125-0700] {dag.py:2941} INFO - Sync 1 DAGs
[2025-02-17T22:25:53.142-0700] {logging_mixin.py:154} INFO - [2025-02-17T22:25:53.141-0700] {dag.py:3722} INFO - Setting next_dagrun for example_sensors to None, run_after=None
[2025-02-17T22:25:53.168-0700] {processor.py:179} INFO - Processing /home/jparep/miniconda3/envs/dbt-env/lib/python3.11/site-packages/airflow/example_dags/example_sensors.py took 0.092 seconds
[2025-02-17T22:26:42.481-0700] {processor.py:157} INFO - Started process (PID=153954) to work on /home/jparep/miniconda3/envs/dbt-env/lib/python3.11/site-packages/airflow/example_dags/example_sensors.py
[2025-02-17T22:26:42.483-0700] {processor.py:829} INFO - Processing file /home/jparep/miniconda3/envs/dbt-env/lib/python3.11/site-packages/airflow/example_dags/example_sensors.py for tasks to queue
[2025-02-17T22:26:42.484-0700] {logging_mixin.py:154} INFO - [2025-02-17T22:26:42.484-0700] {dagbag.py:536} INFO - Filling up the DagBag from /home/jparep/miniconda3/envs/dbt-env/lib/python3.11/site-packages/airflow/example_dags/example_sensors.py
[2025-02-17T22:26:42.498-0700] {processor.py:839} INFO - DAG(s) dict_keys(['example_sensors']) retrieved from /home/jparep/miniconda3/envs/dbt-env/lib/python3.11/site-packages/airflow/example_dags/example_sensors.py
[2025-02-17T22:26:42.527-0700] {logging_mixin.py:154} INFO - [2025-02-17T22:26:42.527-0700] {dag.py:2941} INFO - Sync 1 DAGs
[2025-02-17T22:26:42.544-0700] {logging_mixin.py:154} INFO - [2025-02-17T22:26:42.544-0700] {dag.py:3722} INFO - Setting next_dagrun for example_sensors to None, run_after=None
[2025-02-17T22:26:42.574-0700] {processor.py:179} INFO - Processing /home/jparep/miniconda3/envs/dbt-env/lib/python3.11/site-packages/airflow/example_dags/example_sensors.py took 0.098 seconds
[2025-02-17T22:27:38.744-0700] {processor.py:157} INFO - Started process (PID=154478) to work on /home/jparep/miniconda3/envs/dbt-env/lib/python3.11/site-packages/airflow/example_dags/example_sensors.py
[2025-02-17T22:27:38.747-0700] {processor.py:829} INFO - Processing file /home/jparep/miniconda3/envs/dbt-env/lib/python3.11/site-packages/airflow/example_dags/example_sensors.py for tasks to queue
[2025-02-17T22:27:38.749-0700] {logging_mixin.py:154} INFO - [2025-02-17T22:27:38.748-0700] {dagbag.py:536} INFO - Filling up the DagBag from /home/jparep/miniconda3/envs/dbt-env/lib/python3.11/site-packages/airflow/example_dags/example_sensors.py
[2025-02-17T22:27:38.772-0700] {processor.py:839} INFO - DAG(s) dict_keys(['example_sensors']) retrieved from /home/jparep/miniconda3/envs/dbt-env/lib/python3.11/site-packages/airflow/example_dags/example_sensors.py
[2025-02-17T22:27:38.794-0700] {logging_mixin.py:154} INFO - [2025-02-17T22:27:38.794-0700] {dag.py:2941} INFO - Sync 1 DAGs
[2025-02-17T22:27:38.805-0700] {logging_mixin.py:154} INFO - [2025-02-17T22:27:38.805-0700] {dag.py:3722} INFO - Setting next_dagrun for example_sensors to None, run_after=None
[2025-02-17T22:27:38.826-0700] {processor.py:179} INFO - Processing /home/jparep/miniconda3/envs/dbt-env/lib/python3.11/site-packages/airflow/example_dags/example_sensors.py took 0.089 seconds
[2025-02-17T22:28:32.484-0700] {processor.py:157} INFO - Started process (PID=154943) to work on /home/jparep/miniconda3/envs/dbt-env/lib/python3.11/site-packages/airflow/example_dags/example_sensors.py
[2025-02-17T22:28:32.487-0700] {processor.py:829} INFO - Processing file /home/jparep/miniconda3/envs/dbt-env/lib/python3.11/site-packages/airflow/example_dags/example_sensors.py for tasks to queue
[2025-02-17T22:28:32.488-0700] {logging_mixin.py:154} INFO - [2025-02-17T22:28:32.488-0700] {dagbag.py:536} INFO - Filling up the DagBag from /home/jparep/miniconda3/envs/dbt-env/lib/python3.11/site-packages/airflow/example_dags/example_sensors.py
[2025-02-17T22:28:32.506-0700] {processor.py:839} INFO - DAG(s) dict_keys(['example_sensors']) retrieved from /home/jparep/miniconda3/envs/dbt-env/lib/python3.11/site-packages/airflow/example_dags/example_sensors.py
[2025-02-17T22:28:32.533-0700] {logging_mixin.py:154} INFO - [2025-02-17T22:28:32.533-0700] {dag.py:2941} INFO - Sync 1 DAGs
[2025-02-17T22:28:32.544-0700] {logging_mixin.py:154} INFO - [2025-02-17T22:28:32.544-0700] {dag.py:3722} INFO - Setting next_dagrun for example_sensors to None, run_after=None
[2025-02-17T22:28:32.565-0700] {processor.py:179} INFO - Processing /home/jparep/miniconda3/envs/dbt-env/lib/python3.11/site-packages/airflow/example_dags/example_sensors.py took 0.087 seconds
[2025-02-17T22:29:36.233-0700] {processor.py:157} INFO - Started process (PID=155380) to work on /home/jparep/miniconda3/envs/dbt-env/lib/python3.11/site-packages/airflow/example_dags/example_sensors.py
[2025-02-17T22:29:36.236-0700] {processor.py:829} INFO - Processing file /home/jparep/miniconda3/envs/dbt-env/lib/python3.11/site-packages/airflow/example_dags/example_sensors.py for tasks to queue
[2025-02-17T22:29:36.237-0700] {logging_mixin.py:154} INFO - [2025-02-17T22:29:36.237-0700] {dagbag.py:536} INFO - Filling up the DagBag from /home/jparep/miniconda3/envs/dbt-env/lib/python3.11/site-packages/airflow/example_dags/example_sensors.py
[2025-02-17T22:29:36.261-0700] {processor.py:839} INFO - DAG(s) dict_keys(['example_sensors']) retrieved from /home/jparep/miniconda3/envs/dbt-env/lib/python3.11/site-packages/airflow/example_dags/example_sensors.py
[2025-02-17T22:29:36.299-0700] {logging_mixin.py:154} INFO - [2025-02-17T22:29:36.298-0700] {dag.py:2941} INFO - Sync 1 DAGs
[2025-02-17T22:29:36.318-0700] {logging_mixin.py:154} INFO - [2025-02-17T22:29:36.317-0700] {dag.py:3722} INFO - Setting next_dagrun for example_sensors to None, run_after=None
[2025-02-17T22:29:36.361-0700] {processor.py:179} INFO - Processing /home/jparep/miniconda3/envs/dbt-env/lib/python3.11/site-packages/airflow/example_dags/example_sensors.py took 0.135 seconds
[2025-02-17T22:30:36.868-0700] {processor.py:157} INFO - Started process (PID=155894) to work on /home/jparep/miniconda3/envs/dbt-env/lib/python3.11/site-packages/airflow/example_dags/example_sensors.py
[2025-02-17T22:30:36.871-0700] {processor.py:829} INFO - Processing file /home/jparep/miniconda3/envs/dbt-env/lib/python3.11/site-packages/airflow/example_dags/example_sensors.py for tasks to queue
[2025-02-17T22:30:36.872-0700] {logging_mixin.py:154} INFO - [2025-02-17T22:30:36.871-0700] {dagbag.py:536} INFO - Filling up the DagBag from /home/jparep/miniconda3/envs/dbt-env/lib/python3.11/site-packages/airflow/example_dags/example_sensors.py
[2025-02-17T22:30:36.890-0700] {processor.py:839} INFO - DAG(s) dict_keys(['example_sensors']) retrieved from /home/jparep/miniconda3/envs/dbt-env/lib/python3.11/site-packages/airflow/example_dags/example_sensors.py
[2025-02-17T22:30:36.919-0700] {logging_mixin.py:154} INFO - [2025-02-17T22:30:36.919-0700] {dag.py:2941} INFO - Sync 1 DAGs
[2025-02-17T22:30:36.930-0700] {logging_mixin.py:154} INFO - [2025-02-17T22:30:36.930-0700] {dag.py:3722} INFO - Setting next_dagrun for example_sensors to None, run_after=None
[2025-02-17T22:30:36.952-0700] {processor.py:179} INFO - Processing /home/jparep/miniconda3/envs/dbt-env/lib/python3.11/site-packages/airflow/example_dags/example_sensors.py took 0.090 seconds
[2025-02-17T22:31:27.646-0700] {processor.py:157} INFO - Started process (PID=156403) to work on /home/jparep/miniconda3/envs/dbt-env/lib/python3.11/site-packages/airflow/example_dags/example_sensors.py
[2025-02-17T22:31:27.648-0700] {processor.py:829} INFO - Processing file /home/jparep/miniconda3/envs/dbt-env/lib/python3.11/site-packages/airflow/example_dags/example_sensors.py for tasks to queue
[2025-02-17T22:31:27.649-0700] {logging_mixin.py:154} INFO - [2025-02-17T22:31:27.648-0700] {dagbag.py:536} INFO - Filling up the DagBag from /home/jparep/miniconda3/envs/dbt-env/lib/python3.11/site-packages/airflow/example_dags/example_sensors.py
[2025-02-17T22:31:27.665-0700] {processor.py:839} INFO - DAG(s) dict_keys(['example_sensors']) retrieved from /home/jparep/miniconda3/envs/dbt-env/lib/python3.11/site-packages/airflow/example_dags/example_sensors.py
[2025-02-17T22:31:27.683-0700] {logging_mixin.py:154} INFO - [2025-02-17T22:31:27.683-0700] {dag.py:2941} INFO - Sync 1 DAGs
[2025-02-17T22:31:27.692-0700] {logging_mixin.py:154} INFO - [2025-02-17T22:31:27.692-0700] {dag.py:3722} INFO - Setting next_dagrun for example_sensors to None, run_after=None
[2025-02-17T22:31:27.711-0700] {processor.py:179} INFO - Processing /home/jparep/miniconda3/envs/dbt-env/lib/python3.11/site-packages/airflow/example_dags/example_sensors.py took 0.069 seconds
[2025-02-17T22:32:25.490-0700] {processor.py:157} INFO - Started process (PID=156727) to work on /home/jparep/miniconda3/envs/dbt-env/lib/python3.11/site-packages/airflow/example_dags/example_sensors.py
[2025-02-17T22:32:25.493-0700] {processor.py:829} INFO - Processing file /home/jparep/miniconda3/envs/dbt-env/lib/python3.11/site-packages/airflow/example_dags/example_sensors.py for tasks to queue
[2025-02-17T22:32:25.494-0700] {logging_mixin.py:154} INFO - [2025-02-17T22:32:25.494-0700] {dagbag.py:536} INFO - Filling up the DagBag from /home/jparep/miniconda3/envs/dbt-env/lib/python3.11/site-packages/airflow/example_dags/example_sensors.py
[2025-02-17T22:32:25.509-0700] {processor.py:839} INFO - DAG(s) dict_keys(['example_sensors']) retrieved from /home/jparep/miniconda3/envs/dbt-env/lib/python3.11/site-packages/airflow/example_dags/example_sensors.py
[2025-02-17T22:32:25.533-0700] {logging_mixin.py:154} INFO - [2025-02-17T22:32:25.533-0700] {dag.py:2941} INFO - Sync 1 DAGs
[2025-02-17T22:32:25.543-0700] {logging_mixin.py:154} INFO - [2025-02-17T22:32:25.543-0700] {dag.py:3722} INFO - Setting next_dagrun for example_sensors to None, run_after=None
[2025-02-17T22:32:25.564-0700] {processor.py:179} INFO - Processing /home/jparep/miniconda3/envs/dbt-env/lib/python3.11/site-packages/airflow/example_dags/example_sensors.py took 0.078 seconds
[2025-02-17T22:33:25.733-0700] {processor.py:157} INFO - Started process (PID=157216) to work on /home/jparep/miniconda3/envs/dbt-env/lib/python3.11/site-packages/airflow/example_dags/example_sensors.py
[2025-02-17T22:33:25.738-0700] {processor.py:829} INFO - Processing file /home/jparep/miniconda3/envs/dbt-env/lib/python3.11/site-packages/airflow/example_dags/example_sensors.py for tasks to queue
[2025-02-17T22:33:25.739-0700] {logging_mixin.py:154} INFO - [2025-02-17T22:33:25.738-0700] {dagbag.py:536} INFO - Filling up the DagBag from /home/jparep/miniconda3/envs/dbt-env/lib/python3.11/site-packages/airflow/example_dags/example_sensors.py
[2025-02-17T22:33:25.754-0700] {processor.py:839} INFO - DAG(s) dict_keys(['example_sensors']) retrieved from /home/jparep/miniconda3/envs/dbt-env/lib/python3.11/site-packages/airflow/example_dags/example_sensors.py
[2025-02-17T22:33:25.780-0700] {logging_mixin.py:154} INFO - [2025-02-17T22:33:25.780-0700] {dag.py:2941} INFO - Sync 1 DAGs
[2025-02-17T22:33:25.794-0700] {logging_mixin.py:154} INFO - [2025-02-17T22:33:25.793-0700] {dag.py:3722} INFO - Setting next_dagrun for example_sensors to None, run_after=None
[2025-02-17T22:33:25.822-0700] {processor.py:179} INFO - Processing /home/jparep/miniconda3/envs/dbt-env/lib/python3.11/site-packages/airflow/example_dags/example_sensors.py took 0.093 seconds
[2025-02-17T22:34:17.740-0700] {processor.py:157} INFO - Started process (PID=157616) to work on /home/jparep/miniconda3/envs/dbt-env/lib/python3.11/site-packages/airflow/example_dags/example_sensors.py
[2025-02-17T22:34:17.743-0700] {processor.py:829} INFO - Processing file /home/jparep/miniconda3/envs/dbt-env/lib/python3.11/site-packages/airflow/example_dags/example_sensors.py for tasks to queue
[2025-02-17T22:34:17.744-0700] {logging_mixin.py:154} INFO - [2025-02-17T22:34:17.744-0700] {dagbag.py:536} INFO - Filling up the DagBag from /home/jparep/miniconda3/envs/dbt-env/lib/python3.11/site-packages/airflow/example_dags/example_sensors.py
[2025-02-17T22:34:17.753-0700] {processor.py:839} INFO - DAG(s) dict_keys(['example_sensors']) retrieved from /home/jparep/miniconda3/envs/dbt-env/lib/python3.11/site-packages/airflow/example_dags/example_sensors.py
[2025-02-17T22:34:17.768-0700] {logging_mixin.py:154} INFO - [2025-02-17T22:34:17.768-0700] {dag.py:2941} INFO - Sync 1 DAGs
[2025-02-17T22:34:17.776-0700] {logging_mixin.py:154} INFO - [2025-02-17T22:34:17.776-0700] {dag.py:3722} INFO - Setting next_dagrun for example_sensors to None, run_after=None
[2025-02-17T22:34:17.792-0700] {processor.py:179} INFO - Processing /home/jparep/miniconda3/envs/dbt-env/lib/python3.11/site-packages/airflow/example_dags/example_sensors.py took 0.055 seconds
[2025-02-17T22:35:12.536-0700] {processor.py:157} INFO - Started process (PID=158056) to work on /home/jparep/miniconda3/envs/dbt-env/lib/python3.11/site-packages/airflow/example_dags/example_sensors.py
[2025-02-17T22:35:12.539-0700] {processor.py:829} INFO - Processing file /home/jparep/miniconda3/envs/dbt-env/lib/python3.11/site-packages/airflow/example_dags/example_sensors.py for tasks to queue
[2025-02-17T22:35:12.540-0700] {logging_mixin.py:154} INFO - [2025-02-17T22:35:12.539-0700] {dagbag.py:536} INFO - Filling up the DagBag from /home/jparep/miniconda3/envs/dbt-env/lib/python3.11/site-packages/airflow/example_dags/example_sensors.py
[2025-02-17T22:35:12.554-0700] {processor.py:839} INFO - DAG(s) dict_keys(['example_sensors']) retrieved from /home/jparep/miniconda3/envs/dbt-env/lib/python3.11/site-packages/airflow/example_dags/example_sensors.py
[2025-02-17T22:35:12.570-0700] {logging_mixin.py:154} INFO - [2025-02-17T22:35:12.570-0700] {dag.py:2941} INFO - Sync 1 DAGs
[2025-02-17T22:35:12.577-0700] {logging_mixin.py:154} INFO - [2025-02-17T22:35:12.577-0700] {dag.py:3722} INFO - Setting next_dagrun for example_sensors to None, run_after=None
[2025-02-17T22:35:12.593-0700] {processor.py:179} INFO - Processing /home/jparep/miniconda3/envs/dbt-env/lib/python3.11/site-packages/airflow/example_dags/example_sensors.py took 0.062 seconds
[2025-02-17T22:36:12.661-0700] {processor.py:157} INFO - Started process (PID=158610) to work on /home/jparep/miniconda3/envs/dbt-env/lib/python3.11/site-packages/airflow/example_dags/example_sensors.py
[2025-02-17T22:36:12.663-0700] {processor.py:829} INFO - Processing file /home/jparep/miniconda3/envs/dbt-env/lib/python3.11/site-packages/airflow/example_dags/example_sensors.py for tasks to queue
[2025-02-17T22:36:12.664-0700] {logging_mixin.py:154} INFO - [2025-02-17T22:36:12.663-0700] {dagbag.py:536} INFO - Filling up the DagBag from /home/jparep/miniconda3/envs/dbt-env/lib/python3.11/site-packages/airflow/example_dags/example_sensors.py
[2025-02-17T22:36:12.672-0700] {processor.py:839} INFO - DAG(s) dict_keys(['example_sensors']) retrieved from /home/jparep/miniconda3/envs/dbt-env/lib/python3.11/site-packages/airflow/example_dags/example_sensors.py
[2025-02-17T22:36:12.687-0700] {logging_mixin.py:154} INFO - [2025-02-17T22:36:12.687-0700] {dag.py:2941} INFO - Sync 1 DAGs
[2025-02-17T22:36:12.695-0700] {logging_mixin.py:154} INFO - [2025-02-17T22:36:12.695-0700] {dag.py:3722} INFO - Setting next_dagrun for example_sensors to None, run_after=None
[2025-02-17T22:36:12.714-0700] {processor.py:179} INFO - Processing /home/jparep/miniconda3/envs/dbt-env/lib/python3.11/site-packages/airflow/example_dags/example_sensors.py took 0.055 seconds
[2025-02-17T22:37:11.801-0700] {processor.py:157} INFO - Started process (PID=159176) to work on /home/jparep/miniconda3/envs/dbt-env/lib/python3.11/site-packages/airflow/example_dags/example_sensors.py
[2025-02-17T22:37:11.804-0700] {processor.py:829} INFO - Processing file /home/jparep/miniconda3/envs/dbt-env/lib/python3.11/site-packages/airflow/example_dags/example_sensors.py for tasks to queue
[2025-02-17T22:37:11.804-0700] {logging_mixin.py:154} INFO - [2025-02-17T22:37:11.804-0700] {dagbag.py:536} INFO - Filling up the DagBag from /home/jparep/miniconda3/envs/dbt-env/lib/python3.11/site-packages/airflow/example_dags/example_sensors.py
[2025-02-17T22:37:11.816-0700] {processor.py:839} INFO - DAG(s) dict_keys(['example_sensors']) retrieved from /home/jparep/miniconda3/envs/dbt-env/lib/python3.11/site-packages/airflow/example_dags/example_sensors.py
[2025-02-17T22:37:11.834-0700] {logging_mixin.py:154} INFO - [2025-02-17T22:37:11.834-0700] {dag.py:2941} INFO - Sync 1 DAGs
[2025-02-17T22:37:11.844-0700] {logging_mixin.py:154} INFO - [2025-02-17T22:37:11.843-0700] {dag.py:3722} INFO - Setting next_dagrun for example_sensors to None, run_after=None
[2025-02-17T22:37:11.861-0700] {processor.py:179} INFO - Processing /home/jparep/miniconda3/envs/dbt-env/lib/python3.11/site-packages/airflow/example_dags/example_sensors.py took 0.063 seconds
[2025-02-17T22:38:04.114-0700] {processor.py:157} INFO - Started process (PID=160350) to work on /home/jparep/miniconda3/envs/dbt-env/lib/python3.11/site-packages/airflow/example_dags/example_sensors.py
[2025-02-17T22:38:04.116-0700] {processor.py:829} INFO - Processing file /home/jparep/miniconda3/envs/dbt-env/lib/python3.11/site-packages/airflow/example_dags/example_sensors.py for tasks to queue
[2025-02-17T22:38:04.117-0700] {logging_mixin.py:154} INFO - [2025-02-17T22:38:04.117-0700] {dagbag.py:536} INFO - Filling up the DagBag from /home/jparep/miniconda3/envs/dbt-env/lib/python3.11/site-packages/airflow/example_dags/example_sensors.py
[2025-02-17T22:38:04.131-0700] {processor.py:839} INFO - DAG(s) dict_keys(['example_sensors']) retrieved from /home/jparep/miniconda3/envs/dbt-env/lib/python3.11/site-packages/airflow/example_dags/example_sensors.py
[2025-02-17T22:38:04.155-0700] {logging_mixin.py:154} INFO - [2025-02-17T22:38:04.154-0700] {dag.py:2941} INFO - Sync 1 DAGs
[2025-02-17T22:38:04.163-0700] {logging_mixin.py:154} INFO - [2025-02-17T22:38:04.163-0700] {dag.py:3722} INFO - Setting next_dagrun for example_sensors to None, run_after=None
[2025-02-17T22:38:04.184-0700] {processor.py:179} INFO - Processing /home/jparep/miniconda3/envs/dbt-env/lib/python3.11/site-packages/airflow/example_dags/example_sensors.py took 0.074 seconds
[2025-02-17T22:38:59.075-0700] {processor.py:157} INFO - Started process (PID=161056) to work on /home/jparep/miniconda3/envs/dbt-env/lib/python3.11/site-packages/airflow/example_dags/example_sensors.py
[2025-02-17T22:38:59.078-0700] {processor.py:829} INFO - Processing file /home/jparep/miniconda3/envs/dbt-env/lib/python3.11/site-packages/airflow/example_dags/example_sensors.py for tasks to queue
[2025-02-17T22:38:59.079-0700] {logging_mixin.py:154} INFO - [2025-02-17T22:38:59.078-0700] {dagbag.py:536} INFO - Filling up the DagBag from /home/jparep/miniconda3/envs/dbt-env/lib/python3.11/site-packages/airflow/example_dags/example_sensors.py
[2025-02-17T22:38:59.093-0700] {processor.py:839} INFO - DAG(s) dict_keys(['example_sensors']) retrieved from /home/jparep/miniconda3/envs/dbt-env/lib/python3.11/site-packages/airflow/example_dags/example_sensors.py
[2025-02-17T22:38:59.120-0700] {logging_mixin.py:154} INFO - [2025-02-17T22:38:59.120-0700] {dag.py:2941} INFO - Sync 1 DAGs
[2025-02-17T22:38:59.134-0700] {logging_mixin.py:154} INFO - [2025-02-17T22:38:59.134-0700] {dag.py:3722} INFO - Setting next_dagrun for example_sensors to None, run_after=None
[2025-02-17T22:38:59.167-0700] {processor.py:179} INFO - Processing /home/jparep/miniconda3/envs/dbt-env/lib/python3.11/site-packages/airflow/example_dags/example_sensors.py took 0.096 seconds
[2025-02-17T22:39:52.137-0700] {processor.py:157} INFO - Started process (PID=161279) to work on /home/jparep/miniconda3/envs/dbt-env/lib/python3.11/site-packages/airflow/example_dags/example_sensors.py
[2025-02-17T22:39:52.139-0700] {processor.py:829} INFO - Processing file /home/jparep/miniconda3/envs/dbt-env/lib/python3.11/site-packages/airflow/example_dags/example_sensors.py for tasks to queue
[2025-02-17T22:39:52.140-0700] {logging_mixin.py:154} INFO - [2025-02-17T22:39:52.139-0700] {dagbag.py:536} INFO - Filling up the DagBag from /home/jparep/miniconda3/envs/dbt-env/lib/python3.11/site-packages/airflow/example_dags/example_sensors.py
[2025-02-17T22:39:52.150-0700] {processor.py:839} INFO - DAG(s) dict_keys(['example_sensors']) retrieved from /home/jparep/miniconda3/envs/dbt-env/lib/python3.11/site-packages/airflow/example_dags/example_sensors.py
[2025-02-17T22:39:52.166-0700] {logging_mixin.py:154} INFO - [2025-02-17T22:39:52.166-0700] {dag.py:2941} INFO - Sync 1 DAGs
[2025-02-17T22:39:52.176-0700] {logging_mixin.py:154} INFO - [2025-02-17T22:39:52.175-0700] {dag.py:3722} INFO - Setting next_dagrun for example_sensors to None, run_after=None
[2025-02-17T22:39:52.194-0700] {processor.py:179} INFO - Processing /home/jparep/miniconda3/envs/dbt-env/lib/python3.11/site-packages/airflow/example_dags/example_sensors.py took 0.060 seconds
[2025-02-17T22:40:47.834-0700] {processor.py:157} INFO - Started process (PID=161813) to work on /home/jparep/miniconda3/envs/dbt-env/lib/python3.11/site-packages/airflow/example_dags/example_sensors.py
[2025-02-17T22:40:47.837-0700] {processor.py:829} INFO - Processing file /home/jparep/miniconda3/envs/dbt-env/lib/python3.11/site-packages/airflow/example_dags/example_sensors.py for tasks to queue
[2025-02-17T22:40:47.839-0700] {logging_mixin.py:154} INFO - [2025-02-17T22:40:47.838-0700] {dagbag.py:536} INFO - Filling up the DagBag from /home/jparep/miniconda3/envs/dbt-env/lib/python3.11/site-packages/airflow/example_dags/example_sensors.py
[2025-02-17T22:40:47.854-0700] {processor.py:839} INFO - DAG(s) dict_keys(['example_sensors']) retrieved from /home/jparep/miniconda3/envs/dbt-env/lib/python3.11/site-packages/airflow/example_dags/example_sensors.py
[2025-02-17T22:40:47.876-0700] {logging_mixin.py:154} INFO - [2025-02-17T22:40:47.875-0700] {dag.py:2941} INFO - Sync 1 DAGs
[2025-02-17T22:40:47.886-0700] {logging_mixin.py:154} INFO - [2025-02-17T22:40:47.886-0700] {dag.py:3722} INFO - Setting next_dagrun for example_sensors to None, run_after=None
[2025-02-17T22:40:47.909-0700] {processor.py:179} INFO - Processing /home/jparep/miniconda3/envs/dbt-env/lib/python3.11/site-packages/airflow/example_dags/example_sensors.py took 0.080 seconds
[2025-02-17T22:41:47.974-0700] {processor.py:157} INFO - Started process (PID=162264) to work on /home/jparep/miniconda3/envs/dbt-env/lib/python3.11/site-packages/airflow/example_dags/example_sensors.py
[2025-02-17T22:41:47.977-0700] {processor.py:829} INFO - Processing file /home/jparep/miniconda3/envs/dbt-env/lib/python3.11/site-packages/airflow/example_dags/example_sensors.py for tasks to queue
[2025-02-17T22:41:47.979-0700] {logging_mixin.py:154} INFO - [2025-02-17T22:41:47.978-0700] {dagbag.py:536} INFO - Filling up the DagBag from /home/jparep/miniconda3/envs/dbt-env/lib/python3.11/site-packages/airflow/example_dags/example_sensors.py
[2025-02-17T22:41:47.995-0700] {processor.py:839} INFO - DAG(s) dict_keys(['example_sensors']) retrieved from /home/jparep/miniconda3/envs/dbt-env/lib/python3.11/site-packages/airflow/example_dags/example_sensors.py
[2025-02-17T22:41:48.024-0700] {logging_mixin.py:154} INFO - [2025-02-17T22:41:48.024-0700] {dag.py:2941} INFO - Sync 1 DAGs
[2025-02-17T22:41:48.041-0700] {logging_mixin.py:154} INFO - [2025-02-17T22:41:48.040-0700] {dag.py:3722} INFO - Setting next_dagrun for example_sensors to None, run_after=None
[2025-02-17T22:41:48.102-0700] {processor.py:179} INFO - Processing /home/jparep/miniconda3/envs/dbt-env/lib/python3.11/site-packages/airflow/example_dags/example_sensors.py took 0.133 seconds
