[2025-02-17T22:16:27.559-0700] {processor.py:157} INFO - Started process (PID=148749) to work on /home/jparep/miniconda3/envs/dbt-env/lib/python3.11/site-packages/airflow/example_dags/example_kubernetes_executor.py
[2025-02-17T22:16:27.560-0700] {processor.py:829} INFO - Processing file /home/jparep/miniconda3/envs/dbt-env/lib/python3.11/site-packages/airflow/example_dags/example_kubernetes_executor.py for tasks to queue
[2025-02-17T22:16:27.561-0700] {logging_mixin.py:154} INFO - [2025-02-17T22:16:27.560-0700] {dagbag.py:536} INFO - Filling up the DagBag from /home/jparep/miniconda3/envs/dbt-env/lib/python3.11/site-packages/airflow/example_dags/example_kubernetes_executor.py
[2025-02-17T22:16:27.566-0700] {logging_mixin.py:154} INFO - [2025-02-17T22:16:27.566-0700] {example_kubernetes_executor.py:38} WARNING - The example_kubernetes_executor example DAG requires the kubernetes provider. Please install it with: pip install apache-airflow[cncf.kubernetes]
[2025-02-17T22:16:27.566-0700] {processor.py:841} WARNING - No viable dags retrieved from /home/jparep/miniconda3/envs/dbt-env/lib/python3.11/site-packages/airflow/example_dags/example_kubernetes_executor.py
[2025-02-17T22:16:27.582-0700] {processor.py:179} INFO - Processing /home/jparep/miniconda3/envs/dbt-env/lib/python3.11/site-packages/airflow/example_dags/example_kubernetes_executor.py took 0.029 seconds
[2025-02-17T22:17:21.888-0700] {processor.py:157} INFO - Started process (PID=149002) to work on /home/jparep/miniconda3/envs/dbt-env/lib/python3.11/site-packages/airflow/example_dags/example_kubernetes_executor.py
[2025-02-17T22:17:21.891-0700] {processor.py:829} INFO - Processing file /home/jparep/miniconda3/envs/dbt-env/lib/python3.11/site-packages/airflow/example_dags/example_kubernetes_executor.py for tasks to queue
[2025-02-17T22:17:21.891-0700] {logging_mixin.py:154} INFO - [2025-02-17T22:17:21.891-0700] {dagbag.py:536} INFO - Filling up the DagBag from /home/jparep/miniconda3/envs/dbt-env/lib/python3.11/site-packages/airflow/example_dags/example_kubernetes_executor.py
[2025-02-17T22:17:21.894-0700] {logging_mixin.py:154} INFO - [2025-02-17T22:17:21.894-0700] {example_kubernetes_executor.py:38} WARNING - The example_kubernetes_executor example DAG requires the kubernetes provider. Please install it with: pip install apache-airflow[cncf.kubernetes]
[2025-02-17T22:17:21.894-0700] {processor.py:841} WARNING - No viable dags retrieved from /home/jparep/miniconda3/envs/dbt-env/lib/python3.11/site-packages/airflow/example_dags/example_kubernetes_executor.py
[2025-02-17T22:17:21.904-0700] {processor.py:179} INFO - Processing /home/jparep/miniconda3/envs/dbt-env/lib/python3.11/site-packages/airflow/example_dags/example_kubernetes_executor.py took 0.019 seconds
[2025-02-17T22:18:27.487-0700] {processor.py:157} INFO - Started process (PID=149595) to work on /home/jparep/miniconda3/envs/dbt-env/lib/python3.11/site-packages/airflow/example_dags/example_kubernetes_executor.py
[2025-02-17T22:18:27.488-0700] {processor.py:829} INFO - Processing file /home/jparep/miniconda3/envs/dbt-env/lib/python3.11/site-packages/airflow/example_dags/example_kubernetes_executor.py for tasks to queue
[2025-02-17T22:18:27.489-0700] {logging_mixin.py:154} INFO - [2025-02-17T22:18:27.488-0700] {dagbag.py:536} INFO - Filling up the DagBag from /home/jparep/miniconda3/envs/dbt-env/lib/python3.11/site-packages/airflow/example_dags/example_kubernetes_executor.py
[2025-02-17T22:18:27.491-0700] {logging_mixin.py:154} INFO - [2025-02-17T22:18:27.491-0700] {example_kubernetes_executor.py:38} WARNING - The example_kubernetes_executor example DAG requires the kubernetes provider. Please install it with: pip install apache-airflow[cncf.kubernetes]
[2025-02-17T22:18:27.491-0700] {processor.py:841} WARNING - No viable dags retrieved from /home/jparep/miniconda3/envs/dbt-env/lib/python3.11/site-packages/airflow/example_dags/example_kubernetes_executor.py
[2025-02-17T22:18:27.501-0700] {processor.py:179} INFO - Processing /home/jparep/miniconda3/envs/dbt-env/lib/python3.11/site-packages/airflow/example_dags/example_kubernetes_executor.py took 0.017 seconds
[2025-02-17T22:19:21.032-0700] {processor.py:157} INFO - Started process (PID=150125) to work on /home/jparep/miniconda3/envs/dbt-env/lib/python3.11/site-packages/airflow/example_dags/example_kubernetes_executor.py
[2025-02-17T22:19:21.035-0700] {processor.py:829} INFO - Processing file /home/jparep/miniconda3/envs/dbt-env/lib/python3.11/site-packages/airflow/example_dags/example_kubernetes_executor.py for tasks to queue
[2025-02-17T22:19:21.036-0700] {logging_mixin.py:154} INFO - [2025-02-17T22:19:21.035-0700] {dagbag.py:536} INFO - Filling up the DagBag from /home/jparep/miniconda3/envs/dbt-env/lib/python3.11/site-packages/airflow/example_dags/example_kubernetes_executor.py
[2025-02-17T22:19:21.040-0700] {logging_mixin.py:154} INFO - [2025-02-17T22:19:21.040-0700] {example_kubernetes_executor.py:38} WARNING - The example_kubernetes_executor example DAG requires the kubernetes provider. Please install it with: pip install apache-airflow[cncf.kubernetes]
[2025-02-17T22:19:21.041-0700] {processor.py:841} WARNING - No viable dags retrieved from /home/jparep/miniconda3/envs/dbt-env/lib/python3.11/site-packages/airflow/example_dags/example_kubernetes_executor.py
[2025-02-17T22:19:21.052-0700] {processor.py:179} INFO - Processing /home/jparep/miniconda3/envs/dbt-env/lib/python3.11/site-packages/airflow/example_dags/example_kubernetes_executor.py took 0.024 seconds
[2025-02-17T22:20:21.439-0700] {processor.py:157} INFO - Started process (PID=150678) to work on /home/jparep/miniconda3/envs/dbt-env/lib/python3.11/site-packages/airflow/example_dags/example_kubernetes_executor.py
[2025-02-17T22:20:21.441-0700] {processor.py:829} INFO - Processing file /home/jparep/miniconda3/envs/dbt-env/lib/python3.11/site-packages/airflow/example_dags/example_kubernetes_executor.py for tasks to queue
[2025-02-17T22:20:21.443-0700] {logging_mixin.py:154} INFO - [2025-02-17T22:20:21.442-0700] {dagbag.py:536} INFO - Filling up the DagBag from /home/jparep/miniconda3/envs/dbt-env/lib/python3.11/site-packages/airflow/example_dags/example_kubernetes_executor.py
[2025-02-17T22:20:21.447-0700] {logging_mixin.py:154} INFO - [2025-02-17T22:20:21.447-0700] {example_kubernetes_executor.py:38} WARNING - The example_kubernetes_executor example DAG requires the kubernetes provider. Please install it with: pip install apache-airflow[cncf.kubernetes]
[2025-02-17T22:20:21.447-0700] {processor.py:841} WARNING - No viable dags retrieved from /home/jparep/miniconda3/envs/dbt-env/lib/python3.11/site-packages/airflow/example_dags/example_kubernetes_executor.py
[2025-02-17T22:20:21.461-0700] {processor.py:179} INFO - Processing /home/jparep/miniconda3/envs/dbt-env/lib/python3.11/site-packages/airflow/example_dags/example_kubernetes_executor.py took 0.026 seconds
[2025-02-17T22:21:18.969-0700] {processor.py:157} INFO - Started process (PID=151210) to work on /home/jparep/miniconda3/envs/dbt-env/lib/python3.11/site-packages/airflow/example_dags/example_kubernetes_executor.py
[2025-02-17T22:21:18.971-0700] {processor.py:829} INFO - Processing file /home/jparep/miniconda3/envs/dbt-env/lib/python3.11/site-packages/airflow/example_dags/example_kubernetes_executor.py for tasks to queue
[2025-02-17T22:21:18.972-0700] {logging_mixin.py:154} INFO - [2025-02-17T22:21:18.972-0700] {dagbag.py:536} INFO - Filling up the DagBag from /home/jparep/miniconda3/envs/dbt-env/lib/python3.11/site-packages/airflow/example_dags/example_kubernetes_executor.py
[2025-02-17T22:21:18.975-0700] {logging_mixin.py:154} INFO - [2025-02-17T22:21:18.975-0700] {example_kubernetes_executor.py:38} WARNING - The example_kubernetes_executor example DAG requires the kubernetes provider. Please install it with: pip install apache-airflow[cncf.kubernetes]
[2025-02-17T22:21:18.975-0700] {processor.py:841} WARNING - No viable dags retrieved from /home/jparep/miniconda3/envs/dbt-env/lib/python3.11/site-packages/airflow/example_dags/example_kubernetes_executor.py
[2025-02-17T22:21:18.985-0700] {processor.py:179} INFO - Processing /home/jparep/miniconda3/envs/dbt-env/lib/python3.11/site-packages/airflow/example_dags/example_kubernetes_executor.py took 0.019 seconds
[2025-02-17T22:22:08.675-0700] {processor.py:157} INFO - Started process (PID=151645) to work on /home/jparep/miniconda3/envs/dbt-env/lib/python3.11/site-packages/airflow/example_dags/example_kubernetes_executor.py
[2025-02-17T22:22:08.677-0700] {processor.py:829} INFO - Processing file /home/jparep/miniconda3/envs/dbt-env/lib/python3.11/site-packages/airflow/example_dags/example_kubernetes_executor.py for tasks to queue
[2025-02-17T22:22:08.678-0700] {logging_mixin.py:154} INFO - [2025-02-17T22:22:08.677-0700] {dagbag.py:536} INFO - Filling up the DagBag from /home/jparep/miniconda3/envs/dbt-env/lib/python3.11/site-packages/airflow/example_dags/example_kubernetes_executor.py
[2025-02-17T22:22:08.682-0700] {logging_mixin.py:154} INFO - [2025-02-17T22:22:08.682-0700] {example_kubernetes_executor.py:38} WARNING - The example_kubernetes_executor example DAG requires the kubernetes provider. Please install it with: pip install apache-airflow[cncf.kubernetes]
[2025-02-17T22:22:08.682-0700] {processor.py:841} WARNING - No viable dags retrieved from /home/jparep/miniconda3/envs/dbt-env/lib/python3.11/site-packages/airflow/example_dags/example_kubernetes_executor.py
[2025-02-17T22:22:08.697-0700] {processor.py:179} INFO - Processing /home/jparep/miniconda3/envs/dbt-env/lib/python3.11/site-packages/airflow/example_dags/example_kubernetes_executor.py took 0.026 seconds
[2025-02-17T22:23:02.692-0700] {processor.py:157} INFO - Started process (PID=152018) to work on /home/jparep/miniconda3/envs/dbt-env/lib/python3.11/site-packages/airflow/example_dags/example_kubernetes_executor.py
[2025-02-17T22:23:02.695-0700] {processor.py:829} INFO - Processing file /home/jparep/miniconda3/envs/dbt-env/lib/python3.11/site-packages/airflow/example_dags/example_kubernetes_executor.py for tasks to queue
[2025-02-17T22:23:02.697-0700] {logging_mixin.py:154} INFO - [2025-02-17T22:23:02.696-0700] {dagbag.py:536} INFO - Filling up the DagBag from /home/jparep/miniconda3/envs/dbt-env/lib/python3.11/site-packages/airflow/example_dags/example_kubernetes_executor.py
[2025-02-17T22:23:02.701-0700] {logging_mixin.py:154} INFO - [2025-02-17T22:23:02.701-0700] {example_kubernetes_executor.py:38} WARNING - The example_kubernetes_executor example DAG requires the kubernetes provider. Please install it with: pip install apache-airflow[cncf.kubernetes]
[2025-02-17T22:23:02.701-0700] {processor.py:841} WARNING - No viable dags retrieved from /home/jparep/miniconda3/envs/dbt-env/lib/python3.11/site-packages/airflow/example_dags/example_kubernetes_executor.py
[2025-02-17T22:23:02.716-0700] {processor.py:179} INFO - Processing /home/jparep/miniconda3/envs/dbt-env/lib/python3.11/site-packages/airflow/example_dags/example_kubernetes_executor.py took 0.027 seconds
[2025-02-17T22:23:56.752-0700] {processor.py:157} INFO - Started process (PID=152548) to work on /home/jparep/miniconda3/envs/dbt-env/lib/python3.11/site-packages/airflow/example_dags/example_kubernetes_executor.py
[2025-02-17T22:23:56.754-0700] {processor.py:829} INFO - Processing file /home/jparep/miniconda3/envs/dbt-env/lib/python3.11/site-packages/airflow/example_dags/example_kubernetes_executor.py for tasks to queue
[2025-02-17T22:23:56.755-0700] {logging_mixin.py:154} INFO - [2025-02-17T22:23:56.755-0700] {dagbag.py:536} INFO - Filling up the DagBag from /home/jparep/miniconda3/envs/dbt-env/lib/python3.11/site-packages/airflow/example_dags/example_kubernetes_executor.py
[2025-02-17T22:23:56.759-0700] {logging_mixin.py:154} INFO - [2025-02-17T22:23:56.758-0700] {example_kubernetes_executor.py:38} WARNING - The example_kubernetes_executor example DAG requires the kubernetes provider. Please install it with: pip install apache-airflow[cncf.kubernetes]
[2025-02-17T22:23:56.759-0700] {processor.py:841} WARNING - No viable dags retrieved from /home/jparep/miniconda3/envs/dbt-env/lib/python3.11/site-packages/airflow/example_dags/example_kubernetes_executor.py
[2025-02-17T22:23:56.769-0700] {processor.py:179} INFO - Processing /home/jparep/miniconda3/envs/dbt-env/lib/python3.11/site-packages/airflow/example_dags/example_kubernetes_executor.py took 0.021 seconds
[2025-02-17T22:24:51.318-0700] {processor.py:157} INFO - Started process (PID=152897) to work on /home/jparep/miniconda3/envs/dbt-env/lib/python3.11/site-packages/airflow/example_dags/example_kubernetes_executor.py
[2025-02-17T22:24:51.321-0700] {processor.py:829} INFO - Processing file /home/jparep/miniconda3/envs/dbt-env/lib/python3.11/site-packages/airflow/example_dags/example_kubernetes_executor.py for tasks to queue
[2025-02-17T22:24:51.322-0700] {logging_mixin.py:154} INFO - [2025-02-17T22:24:51.322-0700] {dagbag.py:536} INFO - Filling up the DagBag from /home/jparep/miniconda3/envs/dbt-env/lib/python3.11/site-packages/airflow/example_dags/example_kubernetes_executor.py
[2025-02-17T22:24:51.327-0700] {logging_mixin.py:154} INFO - [2025-02-17T22:24:51.327-0700] {example_kubernetes_executor.py:38} WARNING - The example_kubernetes_executor example DAG requires the kubernetes provider. Please install it with: pip install apache-airflow[cncf.kubernetes]
[2025-02-17T22:24:51.327-0700] {processor.py:841} WARNING - No viable dags retrieved from /home/jparep/miniconda3/envs/dbt-env/lib/python3.11/site-packages/airflow/example_dags/example_kubernetes_executor.py
[2025-02-17T22:24:51.340-0700] {processor.py:179} INFO - Processing /home/jparep/miniconda3/envs/dbt-env/lib/python3.11/site-packages/airflow/example_dags/example_kubernetes_executor.py took 0.026 seconds
[2025-02-17T22:25:54.002-0700] {processor.py:157} INFO - Started process (PID=153467) to work on /home/jparep/miniconda3/envs/dbt-env/lib/python3.11/site-packages/airflow/example_dags/example_kubernetes_executor.py
[2025-02-17T22:25:54.005-0700] {processor.py:829} INFO - Processing file /home/jparep/miniconda3/envs/dbt-env/lib/python3.11/site-packages/airflow/example_dags/example_kubernetes_executor.py for tasks to queue
[2025-02-17T22:25:54.007-0700] {logging_mixin.py:154} INFO - [2025-02-17T22:25:54.006-0700] {dagbag.py:536} INFO - Filling up the DagBag from /home/jparep/miniconda3/envs/dbt-env/lib/python3.11/site-packages/airflow/example_dags/example_kubernetes_executor.py
[2025-02-17T22:25:54.011-0700] {logging_mixin.py:154} INFO - [2025-02-17T22:25:54.011-0700] {example_kubernetes_executor.py:38} WARNING - The example_kubernetes_executor example DAG requires the kubernetes provider. Please install it with: pip install apache-airflow[cncf.kubernetes]
[2025-02-17T22:25:54.011-0700] {processor.py:841} WARNING - No viable dags retrieved from /home/jparep/miniconda3/envs/dbt-env/lib/python3.11/site-packages/airflow/example_dags/example_kubernetes_executor.py
[2025-02-17T22:25:54.027-0700] {processor.py:179} INFO - Processing /home/jparep/miniconda3/envs/dbt-env/lib/python3.11/site-packages/airflow/example_dags/example_kubernetes_executor.py took 0.029 seconds
[2025-02-17T22:26:44.880-0700] {processor.py:157} INFO - Started process (PID=153968) to work on /home/jparep/miniconda3/envs/dbt-env/lib/python3.11/site-packages/airflow/example_dags/example_kubernetes_executor.py
[2025-02-17T22:26:44.883-0700] {processor.py:829} INFO - Processing file /home/jparep/miniconda3/envs/dbt-env/lib/python3.11/site-packages/airflow/example_dags/example_kubernetes_executor.py for tasks to queue
[2025-02-17T22:26:44.884-0700] {logging_mixin.py:154} INFO - [2025-02-17T22:26:44.884-0700] {dagbag.py:536} INFO - Filling up the DagBag from /home/jparep/miniconda3/envs/dbt-env/lib/python3.11/site-packages/airflow/example_dags/example_kubernetes_executor.py
[2025-02-17T22:26:44.888-0700] {logging_mixin.py:154} INFO - [2025-02-17T22:26:44.888-0700] {example_kubernetes_executor.py:38} WARNING - The example_kubernetes_executor example DAG requires the kubernetes provider. Please install it with: pip install apache-airflow[cncf.kubernetes]
[2025-02-17T22:26:44.889-0700] {processor.py:841} WARNING - No viable dags retrieved from /home/jparep/miniconda3/envs/dbt-env/lib/python3.11/site-packages/airflow/example_dags/example_kubernetes_executor.py
[2025-02-17T22:26:44.903-0700] {processor.py:179} INFO - Processing /home/jparep/miniconda3/envs/dbt-env/lib/python3.11/site-packages/airflow/example_dags/example_kubernetes_executor.py took 0.027 seconds
[2025-02-17T22:27:41.022-0700] {processor.py:157} INFO - Started process (PID=154492) to work on /home/jparep/miniconda3/envs/dbt-env/lib/python3.11/site-packages/airflow/example_dags/example_kubernetes_executor.py
[2025-02-17T22:27:41.025-0700] {processor.py:829} INFO - Processing file /home/jparep/miniconda3/envs/dbt-env/lib/python3.11/site-packages/airflow/example_dags/example_kubernetes_executor.py for tasks to queue
[2025-02-17T22:27:41.026-0700] {logging_mixin.py:154} INFO - [2025-02-17T22:27:41.026-0700] {dagbag.py:536} INFO - Filling up the DagBag from /home/jparep/miniconda3/envs/dbt-env/lib/python3.11/site-packages/airflow/example_dags/example_kubernetes_executor.py
[2025-02-17T22:27:41.030-0700] {logging_mixin.py:154} INFO - [2025-02-17T22:27:41.030-0700] {example_kubernetes_executor.py:38} WARNING - The example_kubernetes_executor example DAG requires the kubernetes provider. Please install it with: pip install apache-airflow[cncf.kubernetes]
[2025-02-17T22:27:41.031-0700] {processor.py:841} WARNING - No viable dags retrieved from /home/jparep/miniconda3/envs/dbt-env/lib/python3.11/site-packages/airflow/example_dags/example_kubernetes_executor.py
[2025-02-17T22:27:41.045-0700] {processor.py:179} INFO - Processing /home/jparep/miniconda3/envs/dbt-env/lib/python3.11/site-packages/airflow/example_dags/example_kubernetes_executor.py took 0.028 seconds
[2025-02-17T22:28:34.890-0700] {processor.py:157} INFO - Started process (PID=154951) to work on /home/jparep/miniconda3/envs/dbt-env/lib/python3.11/site-packages/airflow/example_dags/example_kubernetes_executor.py
[2025-02-17T22:28:34.893-0700] {processor.py:829} INFO - Processing file /home/jparep/miniconda3/envs/dbt-env/lib/python3.11/site-packages/airflow/example_dags/example_kubernetes_executor.py for tasks to queue
[2025-02-17T22:28:34.895-0700] {logging_mixin.py:154} INFO - [2025-02-17T22:28:34.894-0700] {dagbag.py:536} INFO - Filling up the DagBag from /home/jparep/miniconda3/envs/dbt-env/lib/python3.11/site-packages/airflow/example_dags/example_kubernetes_executor.py
[2025-02-17T22:28:34.900-0700] {logging_mixin.py:154} INFO - [2025-02-17T22:28:34.900-0700] {example_kubernetes_executor.py:38} WARNING - The example_kubernetes_executor example DAG requires the kubernetes provider. Please install it with: pip install apache-airflow[cncf.kubernetes]
[2025-02-17T22:28:34.900-0700] {processor.py:841} WARNING - No viable dags retrieved from /home/jparep/miniconda3/envs/dbt-env/lib/python3.11/site-packages/airflow/example_dags/example_kubernetes_executor.py
[2025-02-17T22:28:34.914-0700] {processor.py:179} INFO - Processing /home/jparep/miniconda3/envs/dbt-env/lib/python3.11/site-packages/airflow/example_dags/example_kubernetes_executor.py took 0.030 seconds
[2025-02-17T22:29:38.627-0700] {processor.py:157} INFO - Started process (PID=155388) to work on /home/jparep/miniconda3/envs/dbt-env/lib/python3.11/site-packages/airflow/example_dags/example_kubernetes_executor.py
[2025-02-17T22:29:38.630-0700] {processor.py:829} INFO - Processing file /home/jparep/miniconda3/envs/dbt-env/lib/python3.11/site-packages/airflow/example_dags/example_kubernetes_executor.py for tasks to queue
[2025-02-17T22:29:38.631-0700] {logging_mixin.py:154} INFO - [2025-02-17T22:29:38.630-0700] {dagbag.py:536} INFO - Filling up the DagBag from /home/jparep/miniconda3/envs/dbt-env/lib/python3.11/site-packages/airflow/example_dags/example_kubernetes_executor.py
[2025-02-17T22:29:38.637-0700] {logging_mixin.py:154} INFO - [2025-02-17T22:29:38.636-0700] {example_kubernetes_executor.py:38} WARNING - The example_kubernetes_executor example DAG requires the kubernetes provider. Please install it with: pip install apache-airflow[cncf.kubernetes]
[2025-02-17T22:29:38.637-0700] {processor.py:841} WARNING - No viable dags retrieved from /home/jparep/miniconda3/envs/dbt-env/lib/python3.11/site-packages/airflow/example_dags/example_kubernetes_executor.py
[2025-02-17T22:29:38.656-0700] {processor.py:179} INFO - Processing /home/jparep/miniconda3/envs/dbt-env/lib/python3.11/site-packages/airflow/example_dags/example_kubernetes_executor.py took 0.034 seconds
[2025-02-17T22:30:39.168-0700] {processor.py:157} INFO - Started process (PID=155908) to work on /home/jparep/miniconda3/envs/dbt-env/lib/python3.11/site-packages/airflow/example_dags/example_kubernetes_executor.py
[2025-02-17T22:30:39.170-0700] {processor.py:829} INFO - Processing file /home/jparep/miniconda3/envs/dbt-env/lib/python3.11/site-packages/airflow/example_dags/example_kubernetes_executor.py for tasks to queue
[2025-02-17T22:30:39.172-0700] {logging_mixin.py:154} INFO - [2025-02-17T22:30:39.171-0700] {dagbag.py:536} INFO - Filling up the DagBag from /home/jparep/miniconda3/envs/dbt-env/lib/python3.11/site-packages/airflow/example_dags/example_kubernetes_executor.py
[2025-02-17T22:30:39.176-0700] {logging_mixin.py:154} INFO - [2025-02-17T22:30:39.176-0700] {example_kubernetes_executor.py:38} WARNING - The example_kubernetes_executor example DAG requires the kubernetes provider. Please install it with: pip install apache-airflow[cncf.kubernetes]
[2025-02-17T22:30:39.176-0700] {processor.py:841} WARNING - No viable dags retrieved from /home/jparep/miniconda3/envs/dbt-env/lib/python3.11/site-packages/airflow/example_dags/example_kubernetes_executor.py
[2025-02-17T22:30:39.188-0700] {processor.py:179} INFO - Processing /home/jparep/miniconda3/envs/dbt-env/lib/python3.11/site-packages/airflow/example_dags/example_kubernetes_executor.py took 0.024 seconds
[2025-02-17T22:31:29.369-0700] {processor.py:157} INFO - Started process (PID=156411) to work on /home/jparep/miniconda3/envs/dbt-env/lib/python3.11/site-packages/airflow/example_dags/example_kubernetes_executor.py
[2025-02-17T22:31:29.370-0700] {processor.py:829} INFO - Processing file /home/jparep/miniconda3/envs/dbt-env/lib/python3.11/site-packages/airflow/example_dags/example_kubernetes_executor.py for tasks to queue
[2025-02-17T22:31:29.371-0700] {logging_mixin.py:154} INFO - [2025-02-17T22:31:29.371-0700] {dagbag.py:536} INFO - Filling up the DagBag from /home/jparep/miniconda3/envs/dbt-env/lib/python3.11/site-packages/airflow/example_dags/example_kubernetes_executor.py
[2025-02-17T22:31:29.376-0700] {logging_mixin.py:154} INFO - [2025-02-17T22:31:29.376-0700] {example_kubernetes_executor.py:38} WARNING - The example_kubernetes_executor example DAG requires the kubernetes provider. Please install it with: pip install apache-airflow[cncf.kubernetes]
[2025-02-17T22:31:29.376-0700] {processor.py:841} WARNING - No viable dags retrieved from /home/jparep/miniconda3/envs/dbt-env/lib/python3.11/site-packages/airflow/example_dags/example_kubernetes_executor.py
[2025-02-17T22:31:29.384-0700] {processor.py:179} INFO - Processing /home/jparep/miniconda3/envs/dbt-env/lib/python3.11/site-packages/airflow/example_dags/example_kubernetes_executor.py took 0.020 seconds
[2025-02-17T22:32:27.879-0700] {processor.py:157} INFO - Started process (PID=156804) to work on /home/jparep/miniconda3/envs/dbt-env/lib/python3.11/site-packages/airflow/example_dags/example_kubernetes_executor.py
[2025-02-17T22:32:27.880-0700] {processor.py:829} INFO - Processing file /home/jparep/miniconda3/envs/dbt-env/lib/python3.11/site-packages/airflow/example_dags/example_kubernetes_executor.py for tasks to queue
[2025-02-17T22:32:27.881-0700] {logging_mixin.py:154} INFO - [2025-02-17T22:32:27.881-0700] {dagbag.py:536} INFO - Filling up the DagBag from /home/jparep/miniconda3/envs/dbt-env/lib/python3.11/site-packages/airflow/example_dags/example_kubernetes_executor.py
[2025-02-17T22:32:27.887-0700] {logging_mixin.py:154} INFO - [2025-02-17T22:32:27.887-0700] {example_kubernetes_executor.py:38} WARNING - The example_kubernetes_executor example DAG requires the kubernetes provider. Please install it with: pip install apache-airflow[cncf.kubernetes]
[2025-02-17T22:32:27.887-0700] {processor.py:841} WARNING - No viable dags retrieved from /home/jparep/miniconda3/envs/dbt-env/lib/python3.11/site-packages/airflow/example_dags/example_kubernetes_executor.py
[2025-02-17T22:32:27.902-0700] {processor.py:179} INFO - Processing /home/jparep/miniconda3/envs/dbt-env/lib/python3.11/site-packages/airflow/example_dags/example_kubernetes_executor.py took 0.027 seconds
[2025-02-17T22:33:27.196-0700] {processor.py:157} INFO - Started process (PID=157230) to work on /home/jparep/miniconda3/envs/dbt-env/lib/python3.11/site-packages/airflow/example_dags/example_kubernetes_executor.py
[2025-02-17T22:33:27.199-0700] {processor.py:829} INFO - Processing file /home/jparep/miniconda3/envs/dbt-env/lib/python3.11/site-packages/airflow/example_dags/example_kubernetes_executor.py for tasks to queue
[2025-02-17T22:33:27.200-0700] {logging_mixin.py:154} INFO - [2025-02-17T22:33:27.199-0700] {dagbag.py:536} INFO - Filling up the DagBag from /home/jparep/miniconda3/envs/dbt-env/lib/python3.11/site-packages/airflow/example_dags/example_kubernetes_executor.py
[2025-02-17T22:33:27.205-0700] {logging_mixin.py:154} INFO - [2025-02-17T22:33:27.205-0700] {example_kubernetes_executor.py:38} WARNING - The example_kubernetes_executor example DAG requires the kubernetes provider. Please install it with: pip install apache-airflow[cncf.kubernetes]
[2025-02-17T22:33:27.205-0700] {processor.py:841} WARNING - No viable dags retrieved from /home/jparep/miniconda3/envs/dbt-env/lib/python3.11/site-packages/airflow/example_dags/example_kubernetes_executor.py
[2025-02-17T22:33:27.220-0700] {processor.py:179} INFO - Processing /home/jparep/miniconda3/envs/dbt-env/lib/python3.11/site-packages/airflow/example_dags/example_kubernetes_executor.py took 0.028 seconds
[2025-02-17T22:34:20.124-0700] {processor.py:157} INFO - Started process (PID=157624) to work on /home/jparep/miniconda3/envs/dbt-env/lib/python3.11/site-packages/airflow/example_dags/example_kubernetes_executor.py
[2025-02-17T22:34:20.125-0700] {processor.py:829} INFO - Processing file /home/jparep/miniconda3/envs/dbt-env/lib/python3.11/site-packages/airflow/example_dags/example_kubernetes_executor.py for tasks to queue
[2025-02-17T22:34:20.126-0700] {logging_mixin.py:154} INFO - [2025-02-17T22:34:20.126-0700] {dagbag.py:536} INFO - Filling up the DagBag from /home/jparep/miniconda3/envs/dbt-env/lib/python3.11/site-packages/airflow/example_dags/example_kubernetes_executor.py
[2025-02-17T22:34:20.131-0700] {logging_mixin.py:154} INFO - [2025-02-17T22:34:20.131-0700] {example_kubernetes_executor.py:38} WARNING - The example_kubernetes_executor example DAG requires the kubernetes provider. Please install it with: pip install apache-airflow[cncf.kubernetes]
[2025-02-17T22:34:20.131-0700] {processor.py:841} WARNING - No viable dags retrieved from /home/jparep/miniconda3/envs/dbt-env/lib/python3.11/site-packages/airflow/example_dags/example_kubernetes_executor.py
[2025-02-17T22:34:20.146-0700] {processor.py:179} INFO - Processing /home/jparep/miniconda3/envs/dbt-env/lib/python3.11/site-packages/airflow/example_dags/example_kubernetes_executor.py took 0.027 seconds
[2025-02-17T22:35:14.837-0700] {processor.py:157} INFO - Started process (PID=158070) to work on /home/jparep/miniconda3/envs/dbt-env/lib/python3.11/site-packages/airflow/example_dags/example_kubernetes_executor.py
[2025-02-17T22:35:14.840-0700] {processor.py:829} INFO - Processing file /home/jparep/miniconda3/envs/dbt-env/lib/python3.11/site-packages/airflow/example_dags/example_kubernetes_executor.py for tasks to queue
[2025-02-17T22:35:14.841-0700] {logging_mixin.py:154} INFO - [2025-02-17T22:35:14.841-0700] {dagbag.py:536} INFO - Filling up the DagBag from /home/jparep/miniconda3/envs/dbt-env/lib/python3.11/site-packages/airflow/example_dags/example_kubernetes_executor.py
[2025-02-17T22:35:14.846-0700] {logging_mixin.py:154} INFO - [2025-02-17T22:35:14.846-0700] {example_kubernetes_executor.py:38} WARNING - The example_kubernetes_executor example DAG requires the kubernetes provider. Please install it with: pip install apache-airflow[cncf.kubernetes]
[2025-02-17T22:35:14.847-0700] {processor.py:841} WARNING - No viable dags retrieved from /home/jparep/miniconda3/envs/dbt-env/lib/python3.11/site-packages/airflow/example_dags/example_kubernetes_executor.py
[2025-02-17T22:35:14.860-0700] {processor.py:179} INFO - Processing /home/jparep/miniconda3/envs/dbt-env/lib/python3.11/site-packages/airflow/example_dags/example_kubernetes_executor.py took 0.028 seconds
[2025-02-17T22:36:15.057-0700] {processor.py:157} INFO - Started process (PID=158624) to work on /home/jparep/miniconda3/envs/dbt-env/lib/python3.11/site-packages/airflow/example_dags/example_kubernetes_executor.py
[2025-02-17T22:36:15.060-0700] {processor.py:829} INFO - Processing file /home/jparep/miniconda3/envs/dbt-env/lib/python3.11/site-packages/airflow/example_dags/example_kubernetes_executor.py for tasks to queue
[2025-02-17T22:36:15.061-0700] {logging_mixin.py:154} INFO - [2025-02-17T22:36:15.061-0700] {dagbag.py:536} INFO - Filling up the DagBag from /home/jparep/miniconda3/envs/dbt-env/lib/python3.11/site-packages/airflow/example_dags/example_kubernetes_executor.py
[2025-02-17T22:36:15.066-0700] {logging_mixin.py:154} INFO - [2025-02-17T22:36:15.066-0700] {example_kubernetes_executor.py:38} WARNING - The example_kubernetes_executor example DAG requires the kubernetes provider. Please install it with: pip install apache-airflow[cncf.kubernetes]
[2025-02-17T22:36:15.067-0700] {processor.py:841} WARNING - No viable dags retrieved from /home/jparep/miniconda3/envs/dbt-env/lib/python3.11/site-packages/airflow/example_dags/example_kubernetes_executor.py
[2025-02-17T22:36:15.081-0700] {processor.py:179} INFO - Processing /home/jparep/miniconda3/envs/dbt-env/lib/python3.11/site-packages/airflow/example_dags/example_kubernetes_executor.py took 0.028 seconds
[2025-02-17T22:37:14.024-0700] {processor.py:157} INFO - Started process (PID=159376) to work on /home/jparep/miniconda3/envs/dbt-env/lib/python3.11/site-packages/airflow/example_dags/example_kubernetes_executor.py
[2025-02-17T22:37:14.027-0700] {processor.py:829} INFO - Processing file /home/jparep/miniconda3/envs/dbt-env/lib/python3.11/site-packages/airflow/example_dags/example_kubernetes_executor.py for tasks to queue
[2025-02-17T22:37:14.028-0700] {logging_mixin.py:154} INFO - [2025-02-17T22:37:14.028-0700] {dagbag.py:536} INFO - Filling up the DagBag from /home/jparep/miniconda3/envs/dbt-env/lib/python3.11/site-packages/airflow/example_dags/example_kubernetes_executor.py
[2025-02-17T22:37:14.037-0700] {logging_mixin.py:154} INFO - [2025-02-17T22:37:14.036-0700] {example_kubernetes_executor.py:38} WARNING - The example_kubernetes_executor example DAG requires the kubernetes provider. Please install it with: pip install apache-airflow[cncf.kubernetes]
[2025-02-17T22:37:14.037-0700] {processor.py:841} WARNING - No viable dags retrieved from /home/jparep/miniconda3/envs/dbt-env/lib/python3.11/site-packages/airflow/example_dags/example_kubernetes_executor.py
[2025-02-17T22:37:14.058-0700] {processor.py:179} INFO - Processing /home/jparep/miniconda3/envs/dbt-env/lib/python3.11/site-packages/airflow/example_dags/example_kubernetes_executor.py took 0.040 seconds
[2025-02-17T22:38:06.122-0700] {processor.py:157} INFO - Started process (PID=160367) to work on /home/jparep/miniconda3/envs/dbt-env/lib/python3.11/site-packages/airflow/example_dags/example_kubernetes_executor.py
[2025-02-17T22:38:06.125-0700] {processor.py:829} INFO - Processing file /home/jparep/miniconda3/envs/dbt-env/lib/python3.11/site-packages/airflow/example_dags/example_kubernetes_executor.py for tasks to queue
[2025-02-17T22:38:06.126-0700] {logging_mixin.py:154} INFO - [2025-02-17T22:38:06.125-0700] {dagbag.py:536} INFO - Filling up the DagBag from /home/jparep/miniconda3/envs/dbt-env/lib/python3.11/site-packages/airflow/example_dags/example_kubernetes_executor.py
[2025-02-17T22:38:06.129-0700] {logging_mixin.py:154} INFO - [2025-02-17T22:38:06.129-0700] {example_kubernetes_executor.py:38} WARNING - The example_kubernetes_executor example DAG requires the kubernetes provider. Please install it with: pip install apache-airflow[cncf.kubernetes]
[2025-02-17T22:38:06.130-0700] {processor.py:841} WARNING - No viable dags retrieved from /home/jparep/miniconda3/envs/dbt-env/lib/python3.11/site-packages/airflow/example_dags/example_kubernetes_executor.py
[2025-02-17T22:38:06.141-0700] {processor.py:179} INFO - Processing /home/jparep/miniconda3/envs/dbt-env/lib/python3.11/site-packages/airflow/example_dags/example_kubernetes_executor.py took 0.023 seconds
[2025-02-17T22:39:00.515-0700] {processor.py:157} INFO - Started process (PID=161078) to work on /home/jparep/miniconda3/envs/dbt-env/lib/python3.11/site-packages/airflow/example_dags/example_kubernetes_executor.py
[2025-02-17T22:39:00.518-0700] {processor.py:829} INFO - Processing file /home/jparep/miniconda3/envs/dbt-env/lib/python3.11/site-packages/airflow/example_dags/example_kubernetes_executor.py for tasks to queue
[2025-02-17T22:39:00.520-0700] {logging_mixin.py:154} INFO - [2025-02-17T22:39:00.520-0700] {dagbag.py:536} INFO - Filling up the DagBag from /home/jparep/miniconda3/envs/dbt-env/lib/python3.11/site-packages/airflow/example_dags/example_kubernetes_executor.py
[2025-02-17T22:39:00.528-0700] {logging_mixin.py:154} INFO - [2025-02-17T22:39:00.527-0700] {example_kubernetes_executor.py:38} WARNING - The example_kubernetes_executor example DAG requires the kubernetes provider. Please install it with: pip install apache-airflow[cncf.kubernetes]
[2025-02-17T22:39:00.528-0700] {processor.py:841} WARNING - No viable dags retrieved from /home/jparep/miniconda3/envs/dbt-env/lib/python3.11/site-packages/airflow/example_dags/example_kubernetes_executor.py
[2025-02-17T22:39:00.547-0700] {processor.py:179} INFO - Processing /home/jparep/miniconda3/envs/dbt-env/lib/python3.11/site-packages/airflow/example_dags/example_kubernetes_executor.py took 0.037 seconds
[2025-02-17T22:39:53.867-0700] {processor.py:157} INFO - Started process (PID=161287) to work on /home/jparep/miniconda3/envs/dbt-env/lib/python3.11/site-packages/airflow/example_dags/example_kubernetes_executor.py
[2025-02-17T22:39:53.870-0700] {processor.py:829} INFO - Processing file /home/jparep/miniconda3/envs/dbt-env/lib/python3.11/site-packages/airflow/example_dags/example_kubernetes_executor.py for tasks to queue
[2025-02-17T22:39:53.870-0700] {logging_mixin.py:154} INFO - [2025-02-17T22:39:53.870-0700] {dagbag.py:536} INFO - Filling up the DagBag from /home/jparep/miniconda3/envs/dbt-env/lib/python3.11/site-packages/airflow/example_dags/example_kubernetes_executor.py
[2025-02-17T22:39:53.874-0700] {logging_mixin.py:154} INFO - [2025-02-17T22:39:53.874-0700] {example_kubernetes_executor.py:38} WARNING - The example_kubernetes_executor example DAG requires the kubernetes provider. Please install it with: pip install apache-airflow[cncf.kubernetes]
[2025-02-17T22:39:53.874-0700] {processor.py:841} WARNING - No viable dags retrieved from /home/jparep/miniconda3/envs/dbt-env/lib/python3.11/site-packages/airflow/example_dags/example_kubernetes_executor.py
[2025-02-17T22:39:53.883-0700] {processor.py:179} INFO - Processing /home/jparep/miniconda3/envs/dbt-env/lib/python3.11/site-packages/airflow/example_dags/example_kubernetes_executor.py took 0.019 seconds
[2025-02-17T22:40:52.407-0700] {processor.py:157} INFO - Started process (PID=161833) to work on /home/jparep/miniconda3/envs/dbt-env/lib/python3.11/site-packages/airflow/example_dags/example_kubernetes_executor.py
[2025-02-17T22:40:52.409-0700] {processor.py:829} INFO - Processing file /home/jparep/miniconda3/envs/dbt-env/lib/python3.11/site-packages/airflow/example_dags/example_kubernetes_executor.py for tasks to queue
[2025-02-17T22:40:52.410-0700] {logging_mixin.py:154} INFO - [2025-02-17T22:40:52.409-0700] {dagbag.py:536} INFO - Filling up the DagBag from /home/jparep/miniconda3/envs/dbt-env/lib/python3.11/site-packages/airflow/example_dags/example_kubernetes_executor.py
[2025-02-17T22:40:52.413-0700] {logging_mixin.py:154} INFO - [2025-02-17T22:40:52.413-0700] {example_kubernetes_executor.py:38} WARNING - The example_kubernetes_executor example DAG requires the kubernetes provider. Please install it with: pip install apache-airflow[cncf.kubernetes]
[2025-02-17T22:40:52.413-0700] {processor.py:841} WARNING - No viable dags retrieved from /home/jparep/miniconda3/envs/dbt-env/lib/python3.11/site-packages/airflow/example_dags/example_kubernetes_executor.py
[2025-02-17T22:40:52.421-0700] {processor.py:179} INFO - Processing /home/jparep/miniconda3/envs/dbt-env/lib/python3.11/site-packages/airflow/example_dags/example_kubernetes_executor.py took 0.017 seconds
[2025-02-17T22:41:49.589-0700] {processor.py:157} INFO - Started process (PID=162289) to work on /home/jparep/miniconda3/envs/dbt-env/lib/python3.11/site-packages/airflow/example_dags/example_kubernetes_executor.py
[2025-02-17T22:41:49.592-0700] {processor.py:829} INFO - Processing file /home/jparep/miniconda3/envs/dbt-env/lib/python3.11/site-packages/airflow/example_dags/example_kubernetes_executor.py for tasks to queue
[2025-02-17T22:41:49.593-0700] {logging_mixin.py:154} INFO - [2025-02-17T22:41:49.593-0700] {dagbag.py:536} INFO - Filling up the DagBag from /home/jparep/miniconda3/envs/dbt-env/lib/python3.11/site-packages/airflow/example_dags/example_kubernetes_executor.py
[2025-02-17T22:41:49.599-0700] {logging_mixin.py:154} INFO - [2025-02-17T22:41:49.599-0700] {example_kubernetes_executor.py:38} WARNING - The example_kubernetes_executor example DAG requires the kubernetes provider. Please install it with: pip install apache-airflow[cncf.kubernetes]
[2025-02-17T22:41:49.599-0700] {processor.py:841} WARNING - No viable dags retrieved from /home/jparep/miniconda3/envs/dbt-env/lib/python3.11/site-packages/airflow/example_dags/example_kubernetes_executor.py
[2025-02-17T22:41:49.615-0700] {processor.py:179} INFO - Processing /home/jparep/miniconda3/envs/dbt-env/lib/python3.11/site-packages/airflow/example_dags/example_kubernetes_executor.py took 0.031 seconds
