[2025-02-17T22:15:53.506-0700] {processor.py:157} INFO - Started process (PID=148456) to work on /home/jparep/miniconda3/envs/dbt-env/lib/python3.11/site-packages/airflow/example_dags/example_python_operator.py
[2025-02-17T22:15:53.507-0700] {processor.py:829} INFO - Processing file /home/jparep/miniconda3/envs/dbt-env/lib/python3.11/site-packages/airflow/example_dags/example_python_operator.py for tasks to queue
[2025-02-17T22:15:53.508-0700] {logging_mixin.py:154} INFO - [2025-02-17T22:15:53.508-0700] {dagbag.py:536} INFO - Filling up the DagBag from /home/jparep/miniconda3/envs/dbt-env/lib/python3.11/site-packages/airflow/example_dags/example_python_operator.py
[2025-02-17T22:15:53.587-0700] {logging_mixin.py:154} INFO - [2025-02-17T22:15:53.587-0700] {example_python_operator.py:86} WARNING - The virtalenv_python example task requires virtualenv, please install it.
[2025-02-17T22:15:53.591-0700] {processor.py:839} INFO - DAG(s) dict_keys(['example_python_operator']) retrieved from /home/jparep/miniconda3/envs/dbt-env/lib/python3.11/site-packages/airflow/example_dags/example_python_operator.py
[2025-02-17T22:15:53.842-0700] {logging_mixin.py:154} INFO - [2025-02-17T22:15:53.841-0700] {manager.py:499} INFO - Created Permission View: %s
[2025-02-17T22:15:53.859-0700] {logging_mixin.py:154} INFO - [2025-02-17T22:15:53.858-0700] {manager.py:499} INFO - Created Permission View: %s
[2025-02-17T22:15:53.869-0700] {logging_mixin.py:154} INFO - [2025-02-17T22:15:53.869-0700] {manager.py:499} INFO - Created Permission View: %s
[2025-02-17T22:15:53.869-0700] {logging_mixin.py:154} INFO - [2025-02-17T22:15:53.869-0700] {dag.py:2941} INFO - Sync 1 DAGs
[2025-02-17T22:15:53.884-0700] {logging_mixin.py:154} INFO - [2025-02-17T22:15:53.883-0700] {dag.py:2963} INFO - Creating ORM DAG for example_python_operator
[2025-02-17T22:15:53.885-0700] {logging_mixin.py:154} INFO - [2025-02-17T22:15:53.884-0700] {dag.py:3722} INFO - Setting next_dagrun for example_python_operator to None, run_after=None
[2025-02-17T22:15:53.916-0700] {processor.py:179} INFO - Processing /home/jparep/miniconda3/envs/dbt-env/lib/python3.11/site-packages/airflow/example_dags/example_python_operator.py took 0.414 seconds
[2025-02-17T22:16:51.686-0700] {processor.py:157} INFO - Started process (PID=148835) to work on /home/jparep/miniconda3/envs/dbt-env/lib/python3.11/site-packages/airflow/example_dags/example_python_operator.py
[2025-02-17T22:16:51.689-0700] {processor.py:829} INFO - Processing file /home/jparep/miniconda3/envs/dbt-env/lib/python3.11/site-packages/airflow/example_dags/example_python_operator.py for tasks to queue
[2025-02-17T22:16:51.690-0700] {logging_mixin.py:154} INFO - [2025-02-17T22:16:51.690-0700] {dagbag.py:536} INFO - Filling up the DagBag from /home/jparep/miniconda3/envs/dbt-env/lib/python3.11/site-packages/airflow/example_dags/example_python_operator.py
[2025-02-17T22:16:51.784-0700] {logging_mixin.py:154} INFO - [2025-02-17T22:16:51.784-0700] {example_python_operator.py:86} WARNING - The virtalenv_python example task requires virtualenv, please install it.
[2025-02-17T22:16:51.784-0700] {processor.py:839} INFO - DAG(s) dict_keys(['example_python_operator']) retrieved from /home/jparep/miniconda3/envs/dbt-env/lib/python3.11/site-packages/airflow/example_dags/example_python_operator.py
[2025-02-17T22:16:51.803-0700] {logging_mixin.py:154} INFO - [2025-02-17T22:16:51.802-0700] {dag.py:2941} INFO - Sync 1 DAGs
[2025-02-17T22:16:51.814-0700] {logging_mixin.py:154} INFO - [2025-02-17T22:16:51.813-0700] {dag.py:3722} INFO - Setting next_dagrun for example_python_operator to None, run_after=None
[2025-02-17T22:16:51.955-0700] {processor.py:179} INFO - Processing /home/jparep/miniconda3/envs/dbt-env/lib/python3.11/site-packages/airflow/example_dags/example_python_operator.py took 0.274 seconds
[2025-02-17T22:17:38.692-0700] {processor.py:157} INFO - Started process (PID=149290) to work on /home/jparep/miniconda3/envs/dbt-env/lib/python3.11/site-packages/airflow/example_dags/example_python_operator.py
[2025-02-17T22:17:38.694-0700] {processor.py:829} INFO - Processing file /home/jparep/miniconda3/envs/dbt-env/lib/python3.11/site-packages/airflow/example_dags/example_python_operator.py for tasks to queue
[2025-02-17T22:17:38.695-0700] {logging_mixin.py:154} INFO - [2025-02-17T22:17:38.695-0700] {dagbag.py:536} INFO - Filling up the DagBag from /home/jparep/miniconda3/envs/dbt-env/lib/python3.11/site-packages/airflow/example_dags/example_python_operator.py
[2025-02-17T22:17:38.745-0700] {logging_mixin.py:154} INFO - [2025-02-17T22:17:38.745-0700] {example_python_operator.py:86} WARNING - The virtalenv_python example task requires virtualenv, please install it.
[2025-02-17T22:17:38.746-0700] {processor.py:839} INFO - DAG(s) dict_keys(['example_python_operator']) retrieved from /home/jparep/miniconda3/envs/dbt-env/lib/python3.11/site-packages/airflow/example_dags/example_python_operator.py
[2025-02-17T22:17:38.856-0700] {logging_mixin.py:154} INFO - [2025-02-17T22:17:38.856-0700] {dag.py:2941} INFO - Sync 1 DAGs
[2025-02-17T22:17:38.863-0700] {logging_mixin.py:154} INFO - [2025-02-17T22:17:38.863-0700] {dag.py:3722} INFO - Setting next_dagrun for example_python_operator to None, run_after=None
[2025-02-17T22:17:38.883-0700] {processor.py:179} INFO - Processing /home/jparep/miniconda3/envs/dbt-env/lib/python3.11/site-packages/airflow/example_dags/example_python_operator.py took 0.194 seconds
[2025-02-17T22:18:24.634-0700] {processor.py:157} INFO - Started process (PID=149568) to work on /home/jparep/miniconda3/envs/dbt-env/lib/python3.11/site-packages/airflow/example_dags/example_python_operator.py
[2025-02-17T22:18:24.636-0700] {processor.py:829} INFO - Processing file /home/jparep/miniconda3/envs/dbt-env/lib/python3.11/site-packages/airflow/example_dags/example_python_operator.py for tasks to queue
[2025-02-17T22:18:24.638-0700] {logging_mixin.py:154} INFO - [2025-02-17T22:18:24.637-0700] {dagbag.py:536} INFO - Filling up the DagBag from /home/jparep/miniconda3/envs/dbt-env/lib/python3.11/site-packages/airflow/example_dags/example_python_operator.py
[2025-02-17T22:18:24.785-0700] {logging_mixin.py:154} INFO - [2025-02-17T22:18:24.785-0700] {example_python_operator.py:86} WARNING - The virtalenv_python example task requires virtualenv, please install it.
[2025-02-17T22:18:24.785-0700] {processor.py:839} INFO - DAG(s) dict_keys(['example_python_operator']) retrieved from /home/jparep/miniconda3/envs/dbt-env/lib/python3.11/site-packages/airflow/example_dags/example_python_operator.py
[2025-02-17T22:18:24.802-0700] {logging_mixin.py:154} INFO - [2025-02-17T22:18:24.802-0700] {dag.py:2941} INFO - Sync 1 DAGs
[2025-02-17T22:18:24.813-0700] {logging_mixin.py:154} INFO - [2025-02-17T22:18:24.813-0700] {dag.py:3722} INFO - Setting next_dagrun for example_python_operator to None, run_after=None
[2025-02-17T22:18:24.832-0700] {processor.py:179} INFO - Processing /home/jparep/miniconda3/envs/dbt-env/lib/python3.11/site-packages/airflow/example_dags/example_python_operator.py took 0.202 seconds
[2025-02-17T22:19:10.366-0700] {processor.py:157} INFO - Started process (PID=150045) to work on /home/jparep/miniconda3/envs/dbt-env/lib/python3.11/site-packages/airflow/example_dags/example_python_operator.py
[2025-02-17T22:19:10.367-0700] {processor.py:829} INFO - Processing file /home/jparep/miniconda3/envs/dbt-env/lib/python3.11/site-packages/airflow/example_dags/example_python_operator.py for tasks to queue
[2025-02-17T22:19:10.368-0700] {logging_mixin.py:154} INFO - [2025-02-17T22:19:10.367-0700] {dagbag.py:536} INFO - Filling up the DagBag from /home/jparep/miniconda3/envs/dbt-env/lib/python3.11/site-packages/airflow/example_dags/example_python_operator.py
[2025-02-17T22:19:10.512-0700] {logging_mixin.py:154} INFO - [2025-02-17T22:19:10.512-0700] {example_python_operator.py:86} WARNING - The virtalenv_python example task requires virtualenv, please install it.
[2025-02-17T22:19:10.512-0700] {processor.py:839} INFO - DAG(s) dict_keys(['example_python_operator']) retrieved from /home/jparep/miniconda3/envs/dbt-env/lib/python3.11/site-packages/airflow/example_dags/example_python_operator.py
[2025-02-17T22:19:10.528-0700] {logging_mixin.py:154} INFO - [2025-02-17T22:19:10.528-0700] {dag.py:2941} INFO - Sync 1 DAGs
[2025-02-17T22:19:10.537-0700] {logging_mixin.py:154} INFO - [2025-02-17T22:19:10.537-0700] {dag.py:3722} INFO - Setting next_dagrun for example_python_operator to None, run_after=None
[2025-02-17T22:19:10.554-0700] {processor.py:179} INFO - Processing /home/jparep/miniconda3/envs/dbt-env/lib/python3.11/site-packages/airflow/example_dags/example_python_operator.py took 0.191 seconds
[2025-02-17T22:19:50.028-0700] {processor.py:157} INFO - Started process (PID=150480) to work on /home/jparep/miniconda3/envs/dbt-env/lib/python3.11/site-packages/airflow/example_dags/example_python_operator.py
[2025-02-17T22:19:50.029-0700] {processor.py:829} INFO - Processing file /home/jparep/miniconda3/envs/dbt-env/lib/python3.11/site-packages/airflow/example_dags/example_python_operator.py for tasks to queue
[2025-02-17T22:19:50.031-0700] {logging_mixin.py:154} INFO - [2025-02-17T22:19:50.030-0700] {dagbag.py:536} INFO - Filling up the DagBag from /home/jparep/miniconda3/envs/dbt-env/lib/python3.11/site-packages/airflow/example_dags/example_python_operator.py
[2025-02-17T22:19:50.101-0700] {logging_mixin.py:154} INFO - [2025-02-17T22:19:50.101-0700] {example_python_operator.py:86} WARNING - The virtalenv_python example task requires virtualenv, please install it.
[2025-02-17T22:19:50.101-0700] {processor.py:839} INFO - DAG(s) dict_keys(['example_python_operator']) retrieved from /home/jparep/miniconda3/envs/dbt-env/lib/python3.11/site-packages/airflow/example_dags/example_python_operator.py
[2025-02-17T22:19:50.124-0700] {logging_mixin.py:154} INFO - [2025-02-17T22:19:50.124-0700] {dag.py:2941} INFO - Sync 1 DAGs
[2025-02-17T22:19:50.136-0700] {logging_mixin.py:154} INFO - [2025-02-17T22:19:50.136-0700] {dag.py:3722} INFO - Setting next_dagrun for example_python_operator to None, run_after=None
[2025-02-17T22:19:50.156-0700] {processor.py:179} INFO - Processing /home/jparep/miniconda3/envs/dbt-env/lib/python3.11/site-packages/airflow/example_dags/example_python_operator.py took 0.134 seconds
[2025-02-17T22:20:28.801-0700] {processor.py:157} INFO - Started process (PID=150721) to work on /home/jparep/miniconda3/envs/dbt-env/lib/python3.11/site-packages/airflow/example_dags/example_python_operator.py
[2025-02-17T22:20:28.802-0700] {processor.py:829} INFO - Processing file /home/jparep/miniconda3/envs/dbt-env/lib/python3.11/site-packages/airflow/example_dags/example_python_operator.py for tasks to queue
[2025-02-17T22:20:28.804-0700] {logging_mixin.py:154} INFO - [2025-02-17T22:20:28.803-0700] {dagbag.py:536} INFO - Filling up the DagBag from /home/jparep/miniconda3/envs/dbt-env/lib/python3.11/site-packages/airflow/example_dags/example_python_operator.py
[2025-02-17T22:20:28.874-0700] {logging_mixin.py:154} INFO - [2025-02-17T22:20:28.873-0700] {example_python_operator.py:86} WARNING - The virtalenv_python example task requires virtualenv, please install it.
[2025-02-17T22:20:28.874-0700] {processor.py:839} INFO - DAG(s) dict_keys(['example_python_operator']) retrieved from /home/jparep/miniconda3/envs/dbt-env/lib/python3.11/site-packages/airflow/example_dags/example_python_operator.py
[2025-02-17T22:20:28.899-0700] {logging_mixin.py:154} INFO - [2025-02-17T22:20:28.899-0700] {dag.py:2941} INFO - Sync 1 DAGs
[2025-02-17T22:20:28.914-0700] {logging_mixin.py:154} INFO - [2025-02-17T22:20:28.914-0700] {dag.py:3722} INFO - Setting next_dagrun for example_python_operator to None, run_after=None
[2025-02-17T22:20:28.942-0700] {processor.py:179} INFO - Processing /home/jparep/miniconda3/envs/dbt-env/lib/python3.11/site-packages/airflow/example_dags/example_python_operator.py took 0.145 seconds
[2025-02-17T22:21:11.226-0700] {processor.py:157} INFO - Started process (PID=151162) to work on /home/jparep/miniconda3/envs/dbt-env/lib/python3.11/site-packages/airflow/example_dags/example_python_operator.py
[2025-02-17T22:21:11.229-0700] {processor.py:829} INFO - Processing file /home/jparep/miniconda3/envs/dbt-env/lib/python3.11/site-packages/airflow/example_dags/example_python_operator.py for tasks to queue
[2025-02-17T22:21:11.230-0700] {logging_mixin.py:154} INFO - [2025-02-17T22:21:11.229-0700] {dagbag.py:536} INFO - Filling up the DagBag from /home/jparep/miniconda3/envs/dbt-env/lib/python3.11/site-packages/airflow/example_dags/example_python_operator.py
[2025-02-17T22:21:11.297-0700] {logging_mixin.py:154} INFO - [2025-02-17T22:21:11.297-0700] {example_python_operator.py:86} WARNING - The virtalenv_python example task requires virtualenv, please install it.
[2025-02-17T22:21:11.298-0700] {processor.py:839} INFO - DAG(s) dict_keys(['example_python_operator']) retrieved from /home/jparep/miniconda3/envs/dbt-env/lib/python3.11/site-packages/airflow/example_dags/example_python_operator.py
[2025-02-17T22:21:11.321-0700] {logging_mixin.py:154} INFO - [2025-02-17T22:21:11.321-0700] {dag.py:2941} INFO - Sync 1 DAGs
[2025-02-17T22:21:11.335-0700] {logging_mixin.py:154} INFO - [2025-02-17T22:21:11.334-0700] {dag.py:3722} INFO - Setting next_dagrun for example_python_operator to None, run_after=None
[2025-02-17T22:21:11.356-0700] {processor.py:179} INFO - Processing /home/jparep/miniconda3/envs/dbt-env/lib/python3.11/site-packages/airflow/example_dags/example_python_operator.py took 0.135 seconds
[2025-02-17T22:22:00.810-0700] {processor.py:157} INFO - Started process (PID=151613) to work on /home/jparep/miniconda3/envs/dbt-env/lib/python3.11/site-packages/airflow/example_dags/example_python_operator.py
[2025-02-17T22:22:00.812-0700] {processor.py:829} INFO - Processing file /home/jparep/miniconda3/envs/dbt-env/lib/python3.11/site-packages/airflow/example_dags/example_python_operator.py for tasks to queue
[2025-02-17T22:22:00.813-0700] {logging_mixin.py:154} INFO - [2025-02-17T22:22:00.813-0700] {dagbag.py:536} INFO - Filling up the DagBag from /home/jparep/miniconda3/envs/dbt-env/lib/python3.11/site-packages/airflow/example_dags/example_python_operator.py
[2025-02-17T22:22:00.881-0700] {logging_mixin.py:154} INFO - [2025-02-17T22:22:00.881-0700] {example_python_operator.py:86} WARNING - The virtalenv_python example task requires virtualenv, please install it.
[2025-02-17T22:22:00.881-0700] {processor.py:839} INFO - DAG(s) dict_keys(['example_python_operator']) retrieved from /home/jparep/miniconda3/envs/dbt-env/lib/python3.11/site-packages/airflow/example_dags/example_python_operator.py
[2025-02-17T22:22:00.906-0700] {logging_mixin.py:154} INFO - [2025-02-17T22:22:00.906-0700] {dag.py:2941} INFO - Sync 1 DAGs
[2025-02-17T22:22:00.923-0700] {logging_mixin.py:154} INFO - [2025-02-17T22:22:00.922-0700] {dag.py:3722} INFO - Setting next_dagrun for example_python_operator to None, run_after=None
[2025-02-17T22:22:00.952-0700] {processor.py:179} INFO - Processing /home/jparep/miniconda3/envs/dbt-env/lib/python3.11/site-packages/airflow/example_dags/example_python_operator.py took 0.145 seconds
[2025-02-17T22:22:35.939-0700] {processor.py:157} INFO - Started process (PID=151743) to work on /home/jparep/miniconda3/envs/dbt-env/lib/python3.11/site-packages/airflow/example_dags/example_python_operator.py
[2025-02-17T22:22:35.942-0700] {processor.py:829} INFO - Processing file /home/jparep/miniconda3/envs/dbt-env/lib/python3.11/site-packages/airflow/example_dags/example_python_operator.py for tasks to queue
[2025-02-17T22:22:35.943-0700] {logging_mixin.py:154} INFO - [2025-02-17T22:22:35.942-0700] {dagbag.py:536} INFO - Filling up the DagBag from /home/jparep/miniconda3/envs/dbt-env/lib/python3.11/site-packages/airflow/example_dags/example_python_operator.py
[2025-02-17T22:22:36.017-0700] {logging_mixin.py:154} INFO - [2025-02-17T22:22:36.017-0700] {example_python_operator.py:86} WARNING - The virtalenv_python example task requires virtualenv, please install it.
[2025-02-17T22:22:36.018-0700] {processor.py:839} INFO - DAG(s) dict_keys(['example_python_operator']) retrieved from /home/jparep/miniconda3/envs/dbt-env/lib/python3.11/site-packages/airflow/example_dags/example_python_operator.py
[2025-02-17T22:22:36.040-0700] {logging_mixin.py:154} INFO - [2025-02-17T22:22:36.040-0700] {dag.py:2941} INFO - Sync 1 DAGs
[2025-02-17T22:22:36.051-0700] {logging_mixin.py:154} INFO - [2025-02-17T22:22:36.051-0700] {dag.py:3722} INFO - Setting next_dagrun for example_python_operator to None, run_after=None
[2025-02-17T22:22:36.071-0700] {processor.py:179} INFO - Processing /home/jparep/miniconda3/envs/dbt-env/lib/python3.11/site-packages/airflow/example_dags/example_python_operator.py took 0.136 seconds
[2025-02-17T22:23:30.067-0700] {processor.py:157} INFO - Started process (PID=152194) to work on /home/jparep/miniconda3/envs/dbt-env/lib/python3.11/site-packages/airflow/example_dags/example_python_operator.py
[2025-02-17T22:23:30.070-0700] {processor.py:829} INFO - Processing file /home/jparep/miniconda3/envs/dbt-env/lib/python3.11/site-packages/airflow/example_dags/example_python_operator.py for tasks to queue
[2025-02-17T22:23:30.071-0700] {logging_mixin.py:154} INFO - [2025-02-17T22:23:30.071-0700] {dagbag.py:536} INFO - Filling up the DagBag from /home/jparep/miniconda3/envs/dbt-env/lib/python3.11/site-packages/airflow/example_dags/example_python_operator.py
[2025-02-17T22:23:30.154-0700] {logging_mixin.py:154} INFO - [2025-02-17T22:23:30.154-0700] {example_python_operator.py:86} WARNING - The virtalenv_python example task requires virtualenv, please install it.
[2025-02-17T22:23:30.155-0700] {processor.py:839} INFO - DAG(s) dict_keys(['example_python_operator']) retrieved from /home/jparep/miniconda3/envs/dbt-env/lib/python3.11/site-packages/airflow/example_dags/example_python_operator.py
[2025-02-17T22:23:30.172-0700] {logging_mixin.py:154} INFO - [2025-02-17T22:23:30.172-0700] {dag.py:2941} INFO - Sync 1 DAGs
[2025-02-17T22:23:30.183-0700] {logging_mixin.py:154} INFO - [2025-02-17T22:23:30.183-0700] {dag.py:3722} INFO - Setting next_dagrun for example_python_operator to None, run_after=None
[2025-02-17T22:23:30.205-0700] {processor.py:179} INFO - Processing /home/jparep/miniconda3/envs/dbt-env/lib/python3.11/site-packages/airflow/example_dags/example_python_operator.py took 0.142 seconds
[2025-02-17T22:24:08.213-0700] {processor.py:157} INFO - Started process (PID=152613) to work on /home/jparep/miniconda3/envs/dbt-env/lib/python3.11/site-packages/airflow/example_dags/example_python_operator.py
[2025-02-17T22:24:08.215-0700] {processor.py:829} INFO - Processing file /home/jparep/miniconda3/envs/dbt-env/lib/python3.11/site-packages/airflow/example_dags/example_python_operator.py for tasks to queue
[2025-02-17T22:24:08.216-0700] {logging_mixin.py:154} INFO - [2025-02-17T22:24:08.216-0700] {dagbag.py:536} INFO - Filling up the DagBag from /home/jparep/miniconda3/envs/dbt-env/lib/python3.11/site-packages/airflow/example_dags/example_python_operator.py
[2025-02-17T22:24:08.286-0700] {logging_mixin.py:154} INFO - [2025-02-17T22:24:08.286-0700] {example_python_operator.py:86} WARNING - The virtalenv_python example task requires virtualenv, please install it.
[2025-02-17T22:24:08.287-0700] {processor.py:839} INFO - DAG(s) dict_keys(['example_python_operator']) retrieved from /home/jparep/miniconda3/envs/dbt-env/lib/python3.11/site-packages/airflow/example_dags/example_python_operator.py
[2025-02-17T22:24:08.307-0700] {logging_mixin.py:154} INFO - [2025-02-17T22:24:08.307-0700] {dag.py:2941} INFO - Sync 1 DAGs
[2025-02-17T22:24:08.318-0700] {logging_mixin.py:154} INFO - [2025-02-17T22:24:08.318-0700] {dag.py:3722} INFO - Setting next_dagrun for example_python_operator to None, run_after=None
[2025-02-17T22:24:08.338-0700] {processor.py:179} INFO - Processing /home/jparep/miniconda3/envs/dbt-env/lib/python3.11/site-packages/airflow/example_dags/example_python_operator.py took 0.129 seconds
[2025-02-17T22:24:42.908-0700] {processor.py:157} INFO - Started process (PID=152835) to work on /home/jparep/miniconda3/envs/dbt-env/lib/python3.11/site-packages/airflow/example_dags/example_python_operator.py
[2025-02-17T22:24:42.911-0700] {processor.py:829} INFO - Processing file /home/jparep/miniconda3/envs/dbt-env/lib/python3.11/site-packages/airflow/example_dags/example_python_operator.py for tasks to queue
[2025-02-17T22:24:42.912-0700] {logging_mixin.py:154} INFO - [2025-02-17T22:24:42.912-0700] {dagbag.py:536} INFO - Filling up the DagBag from /home/jparep/miniconda3/envs/dbt-env/lib/python3.11/site-packages/airflow/example_dags/example_python_operator.py
[2025-02-17T22:24:43.002-0700] {logging_mixin.py:154} INFO - [2025-02-17T22:24:43.002-0700] {example_python_operator.py:86} WARNING - The virtalenv_python example task requires virtualenv, please install it.
[2025-02-17T22:24:43.002-0700] {processor.py:839} INFO - DAG(s) dict_keys(['example_python_operator']) retrieved from /home/jparep/miniconda3/envs/dbt-env/lib/python3.11/site-packages/airflow/example_dags/example_python_operator.py
[2025-02-17T22:24:43.023-0700] {logging_mixin.py:154} INFO - [2025-02-17T22:24:43.023-0700] {dag.py:2941} INFO - Sync 1 DAGs
[2025-02-17T22:24:43.033-0700] {logging_mixin.py:154} INFO - [2025-02-17T22:24:43.033-0700] {dag.py:3722} INFO - Setting next_dagrun for example_python_operator to None, run_after=None
[2025-02-17T22:24:43.054-0700] {processor.py:179} INFO - Processing /home/jparep/miniconda3/envs/dbt-env/lib/python3.11/site-packages/airflow/example_dags/example_python_operator.py took 0.150 seconds
[2025-02-17T22:25:21.331-0700] {processor.py:157} INFO - Started process (PID=153257) to work on /home/jparep/miniconda3/envs/dbt-env/lib/python3.11/site-packages/airflow/example_dags/example_python_operator.py
[2025-02-17T22:25:21.334-0700] {processor.py:829} INFO - Processing file /home/jparep/miniconda3/envs/dbt-env/lib/python3.11/site-packages/airflow/example_dags/example_python_operator.py for tasks to queue
[2025-02-17T22:25:21.338-0700] {logging_mixin.py:154} INFO - [2025-02-17T22:25:21.337-0700] {dagbag.py:536} INFO - Filling up the DagBag from /home/jparep/miniconda3/envs/dbt-env/lib/python3.11/site-packages/airflow/example_dags/example_python_operator.py
[2025-02-17T22:25:21.397-0700] {logging_mixin.py:154} INFO - [2025-02-17T22:25:21.397-0700] {example_python_operator.py:86} WARNING - The virtalenv_python example task requires virtualenv, please install it.
[2025-02-17T22:25:21.398-0700] {processor.py:839} INFO - DAG(s) dict_keys(['example_python_operator']) retrieved from /home/jparep/miniconda3/envs/dbt-env/lib/python3.11/site-packages/airflow/example_dags/example_python_operator.py
[2025-02-17T22:25:21.420-0700] {logging_mixin.py:154} INFO - [2025-02-17T22:25:21.420-0700] {dag.py:2941} INFO - Sync 1 DAGs
[2025-02-17T22:25:21.434-0700] {logging_mixin.py:154} INFO - [2025-02-17T22:25:21.433-0700] {dag.py:3722} INFO - Setting next_dagrun for example_python_operator to None, run_after=None
[2025-02-17T22:25:21.454-0700] {processor.py:179} INFO - Processing /home/jparep/miniconda3/envs/dbt-env/lib/python3.11/site-packages/airflow/example_dags/example_python_operator.py took 0.127 seconds
[2025-02-17T22:26:03.949-0700] {processor.py:157} INFO - Started process (PID=153704) to work on /home/jparep/miniconda3/envs/dbt-env/lib/python3.11/site-packages/airflow/example_dags/example_python_operator.py
[2025-02-17T22:26:03.955-0700] {processor.py:829} INFO - Processing file /home/jparep/miniconda3/envs/dbt-env/lib/python3.11/site-packages/airflow/example_dags/example_python_operator.py for tasks to queue
[2025-02-17T22:26:03.956-0700] {logging_mixin.py:154} INFO - [2025-02-17T22:26:03.955-0700] {dagbag.py:536} INFO - Filling up the DagBag from /home/jparep/miniconda3/envs/dbt-env/lib/python3.11/site-packages/airflow/example_dags/example_python_operator.py
[2025-02-17T22:26:04.062-0700] {logging_mixin.py:154} INFO - [2025-02-17T22:26:04.062-0700] {example_python_operator.py:86} WARNING - The virtalenv_python example task requires virtualenv, please install it.
[2025-02-17T22:26:04.063-0700] {processor.py:839} INFO - DAG(s) dict_keys(['example_python_operator']) retrieved from /home/jparep/miniconda3/envs/dbt-env/lib/python3.11/site-packages/airflow/example_dags/example_python_operator.py
[2025-02-17T22:26:04.087-0700] {logging_mixin.py:154} INFO - [2025-02-17T22:26:04.087-0700] {dag.py:2941} INFO - Sync 1 DAGs
[2025-02-17T22:26:04.101-0700] {logging_mixin.py:154} INFO - [2025-02-17T22:26:04.101-0700] {dag.py:3722} INFO - Setting next_dagrun for example_python_operator to None, run_after=None
[2025-02-17T22:26:04.131-0700] {processor.py:179} INFO - Processing /home/jparep/miniconda3/envs/dbt-env/lib/python3.11/site-packages/airflow/example_dags/example_python_operator.py took 0.186 seconds
[2025-02-17T22:26:52.498-0700] {processor.py:157} INFO - Started process (PID=154024) to work on /home/jparep/miniconda3/envs/dbt-env/lib/python3.11/site-packages/airflow/example_dags/example_python_operator.py
[2025-02-17T22:26:52.500-0700] {processor.py:829} INFO - Processing file /home/jparep/miniconda3/envs/dbt-env/lib/python3.11/site-packages/airflow/example_dags/example_python_operator.py for tasks to queue
[2025-02-17T22:26:52.502-0700] {logging_mixin.py:154} INFO - [2025-02-17T22:26:52.501-0700] {dagbag.py:536} INFO - Filling up the DagBag from /home/jparep/miniconda3/envs/dbt-env/lib/python3.11/site-packages/airflow/example_dags/example_python_operator.py
[2025-02-17T22:26:52.572-0700] {logging_mixin.py:154} INFO - [2025-02-17T22:26:52.572-0700] {example_python_operator.py:86} WARNING - The virtalenv_python example task requires virtualenv, please install it.
[2025-02-17T22:26:52.573-0700] {processor.py:839} INFO - DAG(s) dict_keys(['example_python_operator']) retrieved from /home/jparep/miniconda3/envs/dbt-env/lib/python3.11/site-packages/airflow/example_dags/example_python_operator.py
[2025-02-17T22:26:52.597-0700] {logging_mixin.py:154} INFO - [2025-02-17T22:26:52.597-0700] {dag.py:2941} INFO - Sync 1 DAGs
[2025-02-17T22:26:52.610-0700] {logging_mixin.py:154} INFO - [2025-02-17T22:26:52.610-0700] {dag.py:3722} INFO - Setting next_dagrun for example_python_operator to None, run_after=None
[2025-02-17T22:26:52.639-0700] {processor.py:179} INFO - Processing /home/jparep/miniconda3/envs/dbt-env/lib/python3.11/site-packages/airflow/example_dags/example_python_operator.py took 0.146 seconds
[2025-02-17T22:27:31.895-0700] {processor.py:157} INFO - Started process (PID=154432) to work on /home/jparep/miniconda3/envs/dbt-env/lib/python3.11/site-packages/airflow/example_dags/example_python_operator.py
[2025-02-17T22:27:31.898-0700] {processor.py:829} INFO - Processing file /home/jparep/miniconda3/envs/dbt-env/lib/python3.11/site-packages/airflow/example_dags/example_python_operator.py for tasks to queue
[2025-02-17T22:27:31.899-0700] {logging_mixin.py:154} INFO - [2025-02-17T22:27:31.898-0700] {dagbag.py:536} INFO - Filling up the DagBag from /home/jparep/miniconda3/envs/dbt-env/lib/python3.11/site-packages/airflow/example_dags/example_python_operator.py
[2025-02-17T22:27:31.964-0700] {logging_mixin.py:154} INFO - [2025-02-17T22:27:31.964-0700] {example_python_operator.py:86} WARNING - The virtalenv_python example task requires virtualenv, please install it.
[2025-02-17T22:27:31.965-0700] {processor.py:839} INFO - DAG(s) dict_keys(['example_python_operator']) retrieved from /home/jparep/miniconda3/envs/dbt-env/lib/python3.11/site-packages/airflow/example_dags/example_python_operator.py
[2025-02-17T22:27:31.987-0700] {logging_mixin.py:154} INFO - [2025-02-17T22:27:31.987-0700] {dag.py:2941} INFO - Sync 1 DAGs
[2025-02-17T22:27:31.998-0700] {logging_mixin.py:154} INFO - [2025-02-17T22:27:31.998-0700] {dag.py:3722} INFO - Setting next_dagrun for example_python_operator to None, run_after=None
[2025-02-17T22:27:32.017-0700] {processor.py:179} INFO - Processing /home/jparep/miniconda3/envs/dbt-env/lib/python3.11/site-packages/airflow/example_dags/example_python_operator.py took 0.126 seconds
[2025-02-17T22:28:25.610-0700] {processor.py:157} INFO - Started process (PID=154911) to work on /home/jparep/miniconda3/envs/dbt-env/lib/python3.11/site-packages/airflow/example_dags/example_python_operator.py
[2025-02-17T22:28:25.613-0700] {processor.py:829} INFO - Processing file /home/jparep/miniconda3/envs/dbt-env/lib/python3.11/site-packages/airflow/example_dags/example_python_operator.py for tasks to queue
[2025-02-17T22:28:25.614-0700] {logging_mixin.py:154} INFO - [2025-02-17T22:28:25.614-0700] {dagbag.py:536} INFO - Filling up the DagBag from /home/jparep/miniconda3/envs/dbt-env/lib/python3.11/site-packages/airflow/example_dags/example_python_operator.py
[2025-02-17T22:28:25.684-0700] {logging_mixin.py:154} INFO - [2025-02-17T22:28:25.684-0700] {example_python_operator.py:86} WARNING - The virtalenv_python example task requires virtualenv, please install it.
[2025-02-17T22:28:25.685-0700] {processor.py:839} INFO - DAG(s) dict_keys(['example_python_operator']) retrieved from /home/jparep/miniconda3/envs/dbt-env/lib/python3.11/site-packages/airflow/example_dags/example_python_operator.py
[2025-02-17T22:28:25.709-0700] {logging_mixin.py:154} INFO - [2025-02-17T22:28:25.709-0700] {dag.py:2941} INFO - Sync 1 DAGs
[2025-02-17T22:28:25.724-0700] {logging_mixin.py:154} INFO - [2025-02-17T22:28:25.724-0700] {dag.py:3722} INFO - Setting next_dagrun for example_python_operator to None, run_after=None
[2025-02-17T22:28:25.755-0700] {processor.py:179} INFO - Processing /home/jparep/miniconda3/envs/dbt-env/lib/python3.11/site-packages/airflow/example_dags/example_python_operator.py took 0.150 seconds
[2025-02-17T22:29:04.651-0700] {processor.py:157} INFO - Started process (PID=155062) to work on /home/jparep/miniconda3/envs/dbt-env/lib/python3.11/site-packages/airflow/example_dags/example_python_operator.py
[2025-02-17T22:29:04.653-0700] {processor.py:829} INFO - Processing file /home/jparep/miniconda3/envs/dbt-env/lib/python3.11/site-packages/airflow/example_dags/example_python_operator.py for tasks to queue
[2025-02-17T22:29:04.655-0700] {logging_mixin.py:154} INFO - [2025-02-17T22:29:04.654-0700] {dagbag.py:536} INFO - Filling up the DagBag from /home/jparep/miniconda3/envs/dbt-env/lib/python3.11/site-packages/airflow/example_dags/example_python_operator.py
[2025-02-17T22:29:04.710-0700] {logging_mixin.py:154} INFO - [2025-02-17T22:29:04.710-0700] {example_python_operator.py:86} WARNING - The virtalenv_python example task requires virtualenv, please install it.
[2025-02-17T22:29:04.711-0700] {processor.py:839} INFO - DAG(s) dict_keys(['example_python_operator']) retrieved from /home/jparep/miniconda3/envs/dbt-env/lib/python3.11/site-packages/airflow/example_dags/example_python_operator.py
[2025-02-17T22:29:04.725-0700] {logging_mixin.py:154} INFO - [2025-02-17T22:29:04.725-0700] {dag.py:2941} INFO - Sync 1 DAGs
[2025-02-17T22:29:04.733-0700] {logging_mixin.py:154} INFO - [2025-02-17T22:29:04.733-0700] {dag.py:3722} INFO - Setting next_dagrun for example_python_operator to None, run_after=None
[2025-02-17T22:29:04.749-0700] {processor.py:179} INFO - Processing /home/jparep/miniconda3/envs/dbt-env/lib/python3.11/site-packages/airflow/example_dags/example_python_operator.py took 0.103 seconds
[2025-02-17T22:29:49.751-0700] {processor.py:157} INFO - Started process (PID=155427) to work on /home/jparep/miniconda3/envs/dbt-env/lib/python3.11/site-packages/airflow/example_dags/example_python_operator.py
[2025-02-17T22:29:49.753-0700] {processor.py:829} INFO - Processing file /home/jparep/miniconda3/envs/dbt-env/lib/python3.11/site-packages/airflow/example_dags/example_python_operator.py for tasks to queue
[2025-02-17T22:29:49.755-0700] {logging_mixin.py:154} INFO - [2025-02-17T22:29:49.754-0700] {dagbag.py:536} INFO - Filling up the DagBag from /home/jparep/miniconda3/envs/dbt-env/lib/python3.11/site-packages/airflow/example_dags/example_python_operator.py
[2025-02-17T22:29:49.829-0700] {logging_mixin.py:154} INFO - [2025-02-17T22:29:49.828-0700] {example_python_operator.py:86} WARNING - The virtalenv_python example task requires virtualenv, please install it.
[2025-02-17T22:29:49.829-0700] {processor.py:839} INFO - DAG(s) dict_keys(['example_python_operator']) retrieved from /home/jparep/miniconda3/envs/dbt-env/lib/python3.11/site-packages/airflow/example_dags/example_python_operator.py
[2025-02-17T22:29:49.852-0700] {logging_mixin.py:154} INFO - [2025-02-17T22:29:49.852-0700] {dag.py:2941} INFO - Sync 1 DAGs
[2025-02-17T22:29:49.863-0700] {logging_mixin.py:154} INFO - [2025-02-17T22:29:49.863-0700] {dag.py:3722} INFO - Setting next_dagrun for example_python_operator to None, run_after=None
[2025-02-17T22:29:49.883-0700] {processor.py:179} INFO - Processing /home/jparep/miniconda3/envs/dbt-env/lib/python3.11/site-packages/airflow/example_dags/example_python_operator.py took 0.137 seconds
[2025-02-17T22:30:29.891-0700] {processor.py:157} INFO - Started process (PID=155833) to work on /home/jparep/miniconda3/envs/dbt-env/lib/python3.11/site-packages/airflow/example_dags/example_python_operator.py
[2025-02-17T22:30:29.893-0700] {processor.py:829} INFO - Processing file /home/jparep/miniconda3/envs/dbt-env/lib/python3.11/site-packages/airflow/example_dags/example_python_operator.py for tasks to queue
[2025-02-17T22:30:29.894-0700] {logging_mixin.py:154} INFO - [2025-02-17T22:30:29.893-0700] {dagbag.py:536} INFO - Filling up the DagBag from /home/jparep/miniconda3/envs/dbt-env/lib/python3.11/site-packages/airflow/example_dags/example_python_operator.py
[2025-02-17T22:30:29.959-0700] {logging_mixin.py:154} INFO - [2025-02-17T22:30:29.959-0700] {example_python_operator.py:86} WARNING - The virtalenv_python example task requires virtualenv, please install it.
[2025-02-17T22:30:29.960-0700] {processor.py:839} INFO - DAG(s) dict_keys(['example_python_operator']) retrieved from /home/jparep/miniconda3/envs/dbt-env/lib/python3.11/site-packages/airflow/example_dags/example_python_operator.py
[2025-02-17T22:30:29.977-0700] {logging_mixin.py:154} INFO - [2025-02-17T22:30:29.977-0700] {dag.py:2941} INFO - Sync 1 DAGs
[2025-02-17T22:30:29.986-0700] {logging_mixin.py:154} INFO - [2025-02-17T22:30:29.985-0700] {dag.py:3722} INFO - Setting next_dagrun for example_python_operator to None, run_after=None
[2025-02-17T22:30:30.021-0700] {processor.py:179} INFO - Processing /home/jparep/miniconda3/envs/dbt-env/lib/python3.11/site-packages/airflow/example_dags/example_python_operator.py took 0.134 seconds
[2025-02-17T22:31:18.868-0700] {processor.py:157} INFO - Started process (PID=156167) to work on /home/jparep/miniconda3/envs/dbt-env/lib/python3.11/site-packages/airflow/example_dags/example_python_operator.py
[2025-02-17T22:31:18.870-0700] {processor.py:829} INFO - Processing file /home/jparep/miniconda3/envs/dbt-env/lib/python3.11/site-packages/airflow/example_dags/example_python_operator.py for tasks to queue
[2025-02-17T22:31:18.870-0700] {logging_mixin.py:154} INFO - [2025-02-17T22:31:18.870-0700] {dagbag.py:536} INFO - Filling up the DagBag from /home/jparep/miniconda3/envs/dbt-env/lib/python3.11/site-packages/airflow/example_dags/example_python_operator.py
[2025-02-17T22:31:19.028-0700] {logging_mixin.py:154} INFO - [2025-02-17T22:31:19.027-0700] {example_python_operator.py:86} WARNING - The virtalenv_python example task requires virtualenv, please install it.
[2025-02-17T22:31:19.028-0700] {processor.py:839} INFO - DAG(s) dict_keys(['example_python_operator']) retrieved from /home/jparep/miniconda3/envs/dbt-env/lib/python3.11/site-packages/airflow/example_dags/example_python_operator.py
[2025-02-17T22:31:19.053-0700] {logging_mixin.py:154} INFO - [2025-02-17T22:31:19.052-0700] {dag.py:2941} INFO - Sync 1 DAGs
[2025-02-17T22:31:19.061-0700] {logging_mixin.py:154} INFO - [2025-02-17T22:31:19.061-0700] {dag.py:3722} INFO - Setting next_dagrun for example_python_operator to None, run_after=None
[2025-02-17T22:31:19.078-0700] {processor.py:179} INFO - Processing /home/jparep/miniconda3/envs/dbt-env/lib/python3.11/site-packages/airflow/example_dags/example_python_operator.py took 0.214 seconds
[2025-02-17T22:31:57.519-0700] {processor.py:157} INFO - Started process (PID=156618) to work on /home/jparep/miniconda3/envs/dbt-env/lib/python3.11/site-packages/airflow/example_dags/example_python_operator.py
[2025-02-17T22:31:57.522-0700] {processor.py:829} INFO - Processing file /home/jparep/miniconda3/envs/dbt-env/lib/python3.11/site-packages/airflow/example_dags/example_python_operator.py for tasks to queue
[2025-02-17T22:31:57.523-0700] {logging_mixin.py:154} INFO - [2025-02-17T22:31:57.522-0700] {dagbag.py:536} INFO - Filling up the DagBag from /home/jparep/miniconda3/envs/dbt-env/lib/python3.11/site-packages/airflow/example_dags/example_python_operator.py
[2025-02-17T22:31:57.598-0700] {logging_mixin.py:154} INFO - [2025-02-17T22:31:57.598-0700] {example_python_operator.py:86} WARNING - The virtalenv_python example task requires virtualenv, please install it.
[2025-02-17T22:31:57.599-0700] {processor.py:839} INFO - DAG(s) dict_keys(['example_python_operator']) retrieved from /home/jparep/miniconda3/envs/dbt-env/lib/python3.11/site-packages/airflow/example_dags/example_python_operator.py
[2025-02-17T22:31:57.619-0700] {logging_mixin.py:154} INFO - [2025-02-17T22:31:57.619-0700] {dag.py:2941} INFO - Sync 1 DAGs
[2025-02-17T22:31:57.632-0700] {logging_mixin.py:154} INFO - [2025-02-17T22:31:57.631-0700] {dag.py:3722} INFO - Setting next_dagrun for example_python_operator to None, run_after=None
[2025-02-17T22:31:57.652-0700] {processor.py:179} INFO - Processing /home/jparep/miniconda3/envs/dbt-env/lib/python3.11/site-packages/airflow/example_dags/example_python_operator.py took 0.137 seconds
[2025-02-17T22:32:35.306-0700] {processor.py:157} INFO - Started process (PID=156943) to work on /home/jparep/miniconda3/envs/dbt-env/lib/python3.11/site-packages/airflow/example_dags/example_python_operator.py
[2025-02-17T22:32:35.309-0700] {processor.py:829} INFO - Processing file /home/jparep/miniconda3/envs/dbt-env/lib/python3.11/site-packages/airflow/example_dags/example_python_operator.py for tasks to queue
[2025-02-17T22:32:35.311-0700] {logging_mixin.py:154} INFO - [2025-02-17T22:32:35.310-0700] {dagbag.py:536} INFO - Filling up the DagBag from /home/jparep/miniconda3/envs/dbt-env/lib/python3.11/site-packages/airflow/example_dags/example_python_operator.py
[2025-02-17T22:32:35.383-0700] {logging_mixin.py:154} INFO - [2025-02-17T22:32:35.383-0700] {example_python_operator.py:86} WARNING - The virtalenv_python example task requires virtualenv, please install it.
[2025-02-17T22:32:35.384-0700] {processor.py:839} INFO - DAG(s) dict_keys(['example_python_operator']) retrieved from /home/jparep/miniconda3/envs/dbt-env/lib/python3.11/site-packages/airflow/example_dags/example_python_operator.py
[2025-02-17T22:32:35.409-0700] {logging_mixin.py:154} INFO - [2025-02-17T22:32:35.409-0700] {dag.py:2941} INFO - Sync 1 DAGs
[2025-02-17T22:32:35.424-0700] {logging_mixin.py:154} INFO - [2025-02-17T22:32:35.423-0700] {dag.py:3722} INFO - Setting next_dagrun for example_python_operator to None, run_after=None
[2025-02-17T22:32:35.445-0700] {processor.py:179} INFO - Processing /home/jparep/miniconda3/envs/dbt-env/lib/python3.11/site-packages/airflow/example_dags/example_python_operator.py took 0.143 seconds
[2025-02-17T22:33:12.161-0700] {processor.py:157} INFO - Started process (PID=157116) to work on /home/jparep/miniconda3/envs/dbt-env/lib/python3.11/site-packages/airflow/example_dags/example_python_operator.py
[2025-02-17T22:33:12.165-0700] {processor.py:829} INFO - Processing file /home/jparep/miniconda3/envs/dbt-env/lib/python3.11/site-packages/airflow/example_dags/example_python_operator.py for tasks to queue
[2025-02-17T22:33:12.166-0700] {logging_mixin.py:154} INFO - [2025-02-17T22:33:12.165-0700] {dagbag.py:536} INFO - Filling up the DagBag from /home/jparep/miniconda3/envs/dbt-env/lib/python3.11/site-packages/airflow/example_dags/example_python_operator.py
[2025-02-17T22:33:12.251-0700] {logging_mixin.py:154} INFO - [2025-02-17T22:33:12.250-0700] {example_python_operator.py:86} WARNING - The virtalenv_python example task requires virtualenv, please install it.
[2025-02-17T22:33:12.252-0700] {processor.py:839} INFO - DAG(s) dict_keys(['example_python_operator']) retrieved from /home/jparep/miniconda3/envs/dbt-env/lib/python3.11/site-packages/airflow/example_dags/example_python_operator.py
[2025-02-17T22:33:12.282-0700] {logging_mixin.py:154} INFO - [2025-02-17T22:33:12.282-0700] {dag.py:2941} INFO - Sync 1 DAGs
[2025-02-17T22:33:12.305-0700] {logging_mixin.py:154} INFO - [2025-02-17T22:33:12.304-0700] {dag.py:3722} INFO - Setting next_dagrun for example_python_operator to None, run_after=None
[2025-02-17T22:33:12.329-0700] {processor.py:179} INFO - Processing /home/jparep/miniconda3/envs/dbt-env/lib/python3.11/site-packages/airflow/example_dags/example_python_operator.py took 0.174 seconds
[2025-02-17T22:33:55.445-0700] {processor.py:157} INFO - Started process (PID=157521) to work on /home/jparep/miniconda3/envs/dbt-env/lib/python3.11/site-packages/airflow/example_dags/example_python_operator.py
[2025-02-17T22:33:55.449-0700] {processor.py:829} INFO - Processing file /home/jparep/miniconda3/envs/dbt-env/lib/python3.11/site-packages/airflow/example_dags/example_python_operator.py for tasks to queue
[2025-02-17T22:33:55.449-0700] {logging_mixin.py:154} INFO - [2025-02-17T22:33:55.449-0700] {dagbag.py:536} INFO - Filling up the DagBag from /home/jparep/miniconda3/envs/dbt-env/lib/python3.11/site-packages/airflow/example_dags/example_python_operator.py
[2025-02-17T22:33:55.520-0700] {logging_mixin.py:154} INFO - [2025-02-17T22:33:55.519-0700] {example_python_operator.py:86} WARNING - The virtalenv_python example task requires virtualenv, please install it.
[2025-02-17T22:33:55.520-0700] {processor.py:839} INFO - DAG(s) dict_keys(['example_python_operator']) retrieved from /home/jparep/miniconda3/envs/dbt-env/lib/python3.11/site-packages/airflow/example_dags/example_python_operator.py
[2025-02-17T22:33:55.536-0700] {logging_mixin.py:154} INFO - [2025-02-17T22:33:55.535-0700] {dag.py:2941} INFO - Sync 1 DAGs
[2025-02-17T22:33:55.545-0700] {logging_mixin.py:154} INFO - [2025-02-17T22:33:55.544-0700] {dag.py:3722} INFO - Setting next_dagrun for example_python_operator to None, run_after=None
[2025-02-17T22:33:55.562-0700] {processor.py:179} INFO - Processing /home/jparep/miniconda3/envs/dbt-env/lib/python3.11/site-packages/airflow/example_dags/example_python_operator.py took 0.121 seconds
[2025-02-17T22:34:47.793-0700] {processor.py:157} INFO - Started process (PID=157929) to work on /home/jparep/miniconda3/envs/dbt-env/lib/python3.11/site-packages/airflow/example_dags/example_python_operator.py
[2025-02-17T22:34:47.794-0700] {processor.py:829} INFO - Processing file /home/jparep/miniconda3/envs/dbt-env/lib/python3.11/site-packages/airflow/example_dags/example_python_operator.py for tasks to queue
[2025-02-17T22:34:47.794-0700] {logging_mixin.py:154} INFO - [2025-02-17T22:34:47.794-0700] {dagbag.py:536} INFO - Filling up the DagBag from /home/jparep/miniconda3/envs/dbt-env/lib/python3.11/site-packages/airflow/example_dags/example_python_operator.py
[2025-02-17T22:34:47.895-0700] {logging_mixin.py:154} INFO - [2025-02-17T22:34:47.894-0700] {example_python_operator.py:86} WARNING - The virtalenv_python example task requires virtualenv, please install it.
[2025-02-17T22:34:47.895-0700] {processor.py:839} INFO - DAG(s) dict_keys(['example_python_operator']) retrieved from /home/jparep/miniconda3/envs/dbt-env/lib/python3.11/site-packages/airflow/example_dags/example_python_operator.py
[2025-02-17T22:34:47.913-0700] {logging_mixin.py:154} INFO - [2025-02-17T22:34:47.913-0700] {dag.py:2941} INFO - Sync 1 DAGs
[2025-02-17T22:34:47.921-0700] {logging_mixin.py:154} INFO - [2025-02-17T22:34:47.921-0700] {dag.py:3722} INFO - Setting next_dagrun for example_python_operator to None, run_after=None
[2025-02-17T22:34:47.939-0700] {processor.py:179} INFO - Processing /home/jparep/miniconda3/envs/dbt-env/lib/python3.11/site-packages/airflow/example_dags/example_python_operator.py took 0.148 seconds
[2025-02-17T22:35:42.905-0700] {processor.py:157} INFO - Started process (PID=158253) to work on /home/jparep/miniconda3/envs/dbt-env/lib/python3.11/site-packages/airflow/example_dags/example_python_operator.py
[2025-02-17T22:35:42.908-0700] {processor.py:829} INFO - Processing file /home/jparep/miniconda3/envs/dbt-env/lib/python3.11/site-packages/airflow/example_dags/example_python_operator.py for tasks to queue
[2025-02-17T22:35:42.910-0700] {logging_mixin.py:154} INFO - [2025-02-17T22:35:42.909-0700] {dagbag.py:536} INFO - Filling up the DagBag from /home/jparep/miniconda3/envs/dbt-env/lib/python3.11/site-packages/airflow/example_dags/example_python_operator.py
[2025-02-17T22:35:42.981-0700] {logging_mixin.py:154} INFO - [2025-02-17T22:35:42.980-0700] {example_python_operator.py:86} WARNING - The virtalenv_python example task requires virtualenv, please install it.
[2025-02-17T22:35:42.981-0700] {processor.py:839} INFO - DAG(s) dict_keys(['example_python_operator']) retrieved from /home/jparep/miniconda3/envs/dbt-env/lib/python3.11/site-packages/airflow/example_dags/example_python_operator.py
[2025-02-17T22:35:42.999-0700] {logging_mixin.py:154} INFO - [2025-02-17T22:35:42.999-0700] {dag.py:2941} INFO - Sync 1 DAGs
[2025-02-17T22:35:43.010-0700] {logging_mixin.py:154} INFO - [2025-02-17T22:35:43.010-0700] {dag.py:3722} INFO - Setting next_dagrun for example_python_operator to None, run_after=None
[2025-02-17T22:35:43.026-0700] {processor.py:179} INFO - Processing /home/jparep/miniconda3/envs/dbt-env/lib/python3.11/site-packages/airflow/example_dags/example_python_operator.py took 0.125 seconds
[2025-02-17T22:36:23.582-0700] {processor.py:157} INFO - Started process (PID=158680) to work on /home/jparep/miniconda3/envs/dbt-env/lib/python3.11/site-packages/airflow/example_dags/example_python_operator.py
[2025-02-17T22:36:23.584-0700] {processor.py:829} INFO - Processing file /home/jparep/miniconda3/envs/dbt-env/lib/python3.11/site-packages/airflow/example_dags/example_python_operator.py for tasks to queue
[2025-02-17T22:36:23.585-0700] {logging_mixin.py:154} INFO - [2025-02-17T22:36:23.585-0700] {dagbag.py:536} INFO - Filling up the DagBag from /home/jparep/miniconda3/envs/dbt-env/lib/python3.11/site-packages/airflow/example_dags/example_python_operator.py
[2025-02-17T22:36:23.658-0700] {logging_mixin.py:154} INFO - [2025-02-17T22:36:23.657-0700] {example_python_operator.py:86} WARNING - The virtalenv_python example task requires virtualenv, please install it.
[2025-02-17T22:36:23.658-0700] {processor.py:839} INFO - DAG(s) dict_keys(['example_python_operator']) retrieved from /home/jparep/miniconda3/envs/dbt-env/lib/python3.11/site-packages/airflow/example_dags/example_python_operator.py
[2025-02-17T22:36:23.680-0700] {logging_mixin.py:154} INFO - [2025-02-17T22:36:23.680-0700] {dag.py:2941} INFO - Sync 1 DAGs
[2025-02-17T22:36:23.695-0700] {logging_mixin.py:154} INFO - [2025-02-17T22:36:23.695-0700] {dag.py:3722} INFO - Setting next_dagrun for example_python_operator to None, run_after=None
[2025-02-17T22:36:23.724-0700] {processor.py:179} INFO - Processing /home/jparep/miniconda3/envs/dbt-env/lib/python3.11/site-packages/airflow/example_dags/example_python_operator.py took 0.147 seconds
[2025-02-17T22:37:02.461-0700] {processor.py:157} INFO - Started process (PID=159111) to work on /home/jparep/miniconda3/envs/dbt-env/lib/python3.11/site-packages/airflow/example_dags/example_python_operator.py
[2025-02-17T22:37:02.463-0700] {processor.py:829} INFO - Processing file /home/jparep/miniconda3/envs/dbt-env/lib/python3.11/site-packages/airflow/example_dags/example_python_operator.py for tasks to queue
[2025-02-17T22:37:02.463-0700] {logging_mixin.py:154} INFO - [2025-02-17T22:37:02.463-0700] {dagbag.py:536} INFO - Filling up the DagBag from /home/jparep/miniconda3/envs/dbt-env/lib/python3.11/site-packages/airflow/example_dags/example_python_operator.py
[2025-02-17T22:37:02.522-0700] {logging_mixin.py:154} INFO - [2025-02-17T22:37:02.521-0700] {example_python_operator.py:86} WARNING - The virtalenv_python example task requires virtualenv, please install it.
[2025-02-17T22:37:02.523-0700] {processor.py:839} INFO - DAG(s) dict_keys(['example_python_operator']) retrieved from /home/jparep/miniconda3/envs/dbt-env/lib/python3.11/site-packages/airflow/example_dags/example_python_operator.py
[2025-02-17T22:37:02.545-0700] {logging_mixin.py:154} INFO - [2025-02-17T22:37:02.545-0700] {dag.py:2941} INFO - Sync 1 DAGs
[2025-02-17T22:37:02.554-0700] {logging_mixin.py:154} INFO - [2025-02-17T22:37:02.554-0700] {dag.py:3722} INFO - Setting next_dagrun for example_python_operator to None, run_after=None
[2025-02-17T22:37:02.571-0700] {processor.py:179} INFO - Processing /home/jparep/miniconda3/envs/dbt-env/lib/python3.11/site-packages/airflow/example_dags/example_python_operator.py took 0.113 seconds
[2025-02-17T22:37:40.169-0700] {processor.py:157} INFO - Started process (PID=159945) to work on /home/jparep/miniconda3/envs/dbt-env/lib/python3.11/site-packages/airflow/example_dags/example_python_operator.py
[2025-02-17T22:37:40.172-0700] {processor.py:829} INFO - Processing file /home/jparep/miniconda3/envs/dbt-env/lib/python3.11/site-packages/airflow/example_dags/example_python_operator.py for tasks to queue
[2025-02-17T22:37:40.174-0700] {logging_mixin.py:154} INFO - [2025-02-17T22:37:40.173-0700] {dagbag.py:536} INFO - Filling up the DagBag from /home/jparep/miniconda3/envs/dbt-env/lib/python3.11/site-packages/airflow/example_dags/example_python_operator.py
[2025-02-17T22:37:40.262-0700] {logging_mixin.py:154} INFO - [2025-02-17T22:37:40.262-0700] {example_python_operator.py:86} WARNING - The virtalenv_python example task requires virtualenv, please install it.
[2025-02-17T22:37:40.263-0700] {processor.py:839} INFO - DAG(s) dict_keys(['example_python_operator']) retrieved from /home/jparep/miniconda3/envs/dbt-env/lib/python3.11/site-packages/airflow/example_dags/example_python_operator.py
[2025-02-17T22:37:40.281-0700] {logging_mixin.py:154} INFO - [2025-02-17T22:37:40.280-0700] {dag.py:2941} INFO - Sync 1 DAGs
[2025-02-17T22:37:40.292-0700] {logging_mixin.py:154} INFO - [2025-02-17T22:37:40.292-0700] {dag.py:3722} INFO - Setting next_dagrun for example_python_operator to None, run_after=None
[2025-02-17T22:37:40.322-0700] {processor.py:179} INFO - Processing /home/jparep/miniconda3/envs/dbt-env/lib/python3.11/site-packages/airflow/example_dags/example_python_operator.py took 0.158 seconds
[2025-02-17T22:38:32.100-0700] {processor.py:157} INFO - Started process (PID=160609) to work on /home/jparep/miniconda3/envs/dbt-env/lib/python3.11/site-packages/airflow/example_dags/example_python_operator.py
[2025-02-17T22:38:32.103-0700] {processor.py:829} INFO - Processing file /home/jparep/miniconda3/envs/dbt-env/lib/python3.11/site-packages/airflow/example_dags/example_python_operator.py for tasks to queue
[2025-02-17T22:38:32.105-0700] {logging_mixin.py:154} INFO - [2025-02-17T22:38:32.104-0700] {dagbag.py:536} INFO - Filling up the DagBag from /home/jparep/miniconda3/envs/dbt-env/lib/python3.11/site-packages/airflow/example_dags/example_python_operator.py
[2025-02-17T22:38:32.227-0700] {logging_mixin.py:154} INFO - [2025-02-17T22:38:32.227-0700] {example_python_operator.py:86} WARNING - The virtalenv_python example task requires virtualenv, please install it.
[2025-02-17T22:38:32.228-0700] {processor.py:839} INFO - DAG(s) dict_keys(['example_python_operator']) retrieved from /home/jparep/miniconda3/envs/dbt-env/lib/python3.11/site-packages/airflow/example_dags/example_python_operator.py
[2025-02-17T22:38:32.243-0700] {logging_mixin.py:154} INFO - [2025-02-17T22:38:32.243-0700] {dag.py:2941} INFO - Sync 1 DAGs
[2025-02-17T22:38:32.252-0700] {logging_mixin.py:154} INFO - [2025-02-17T22:38:32.252-0700] {dag.py:3722} INFO - Setting next_dagrun for example_python_operator to None, run_after=None
[2025-02-17T22:38:32.271-0700] {processor.py:179} INFO - Processing /home/jparep/miniconda3/envs/dbt-env/lib/python3.11/site-packages/airflow/example_dags/example_python_operator.py took 0.177 seconds
[2025-02-17T22:39:10.499-0700] {processor.py:157} INFO - Started process (PID=161126) to work on /home/jparep/miniconda3/envs/dbt-env/lib/python3.11/site-packages/airflow/example_dags/example_python_operator.py
[2025-02-17T22:39:10.501-0700] {processor.py:829} INFO - Processing file /home/jparep/miniconda3/envs/dbt-env/lib/python3.11/site-packages/airflow/example_dags/example_python_operator.py for tasks to queue
[2025-02-17T22:39:10.502-0700] {logging_mixin.py:154} INFO - [2025-02-17T22:39:10.502-0700] {dagbag.py:536} INFO - Filling up the DagBag from /home/jparep/miniconda3/envs/dbt-env/lib/python3.11/site-packages/airflow/example_dags/example_python_operator.py
[2025-02-17T22:39:10.545-0700] {logging_mixin.py:154} INFO - [2025-02-17T22:39:10.545-0700] {example_python_operator.py:86} WARNING - The virtalenv_python example task requires virtualenv, please install it.
[2025-02-17T22:39:10.546-0700] {processor.py:839} INFO - DAG(s) dict_keys(['example_python_operator']) retrieved from /home/jparep/miniconda3/envs/dbt-env/lib/python3.11/site-packages/airflow/example_dags/example_python_operator.py
[2025-02-17T22:39:10.562-0700] {logging_mixin.py:154} INFO - [2025-02-17T22:39:10.562-0700] {dag.py:2941} INFO - Sync 1 DAGs
[2025-02-17T22:39:10.570-0700] {logging_mixin.py:154} INFO - [2025-02-17T22:39:10.570-0700] {dag.py:3722} INFO - Setting next_dagrun for example_python_operator to None, run_after=None
[2025-02-17T22:39:10.587-0700] {processor.py:179} INFO - Processing /home/jparep/miniconda3/envs/dbt-env/lib/python3.11/site-packages/airflow/example_dags/example_python_operator.py took 0.091 seconds
[2025-02-17T22:40:04.746-0700] {processor.py:157} INFO - Started process (PID=161520) to work on /home/jparep/miniconda3/envs/dbt-env/lib/python3.11/site-packages/airflow/example_dags/example_python_operator.py
[2025-02-17T22:40:04.749-0700] {processor.py:829} INFO - Processing file /home/jparep/miniconda3/envs/dbt-env/lib/python3.11/site-packages/airflow/example_dags/example_python_operator.py for tasks to queue
[2025-02-17T22:40:04.750-0700] {logging_mixin.py:154} INFO - [2025-02-17T22:40:04.750-0700] {dagbag.py:536} INFO - Filling up the DagBag from /home/jparep/miniconda3/envs/dbt-env/lib/python3.11/site-packages/airflow/example_dags/example_python_operator.py
[2025-02-17T22:40:04.814-0700] {logging_mixin.py:154} INFO - [2025-02-17T22:40:04.814-0700] {example_python_operator.py:86} WARNING - The virtalenv_python example task requires virtualenv, please install it.
[2025-02-17T22:40:04.814-0700] {processor.py:839} INFO - DAG(s) dict_keys(['example_python_operator']) retrieved from /home/jparep/miniconda3/envs/dbt-env/lib/python3.11/site-packages/airflow/example_dags/example_python_operator.py
[2025-02-17T22:40:04.834-0700] {logging_mixin.py:154} INFO - [2025-02-17T22:40:04.833-0700] {dag.py:2941} INFO - Sync 1 DAGs
[2025-02-17T22:40:04.852-0700] {logging_mixin.py:154} INFO - [2025-02-17T22:40:04.852-0700] {dag.py:3722} INFO - Setting next_dagrun for example_python_operator to None, run_after=None
[2025-02-17T22:40:04.889-0700] {processor.py:179} INFO - Processing /home/jparep/miniconda3/envs/dbt-env/lib/python3.11/site-packages/airflow/example_dags/example_python_operator.py took 0.150 seconds
[2025-02-17T22:40:43.837-0700] {processor.py:157} INFO - Started process (PID=161784) to work on /home/jparep/miniconda3/envs/dbt-env/lib/python3.11/site-packages/airflow/example_dags/example_python_operator.py
[2025-02-17T22:40:43.843-0700] {processor.py:829} INFO - Processing file /home/jparep/miniconda3/envs/dbt-env/lib/python3.11/site-packages/airflow/example_dags/example_python_operator.py for tasks to queue
[2025-02-17T22:40:43.844-0700] {logging_mixin.py:154} INFO - [2025-02-17T22:40:43.844-0700] {dagbag.py:536} INFO - Filling up the DagBag from /home/jparep/miniconda3/envs/dbt-env/lib/python3.11/site-packages/airflow/example_dags/example_python_operator.py
[2025-02-17T22:40:43.927-0700] {logging_mixin.py:154} INFO - [2025-02-17T22:40:43.926-0700] {example_python_operator.py:86} WARNING - The virtalenv_python example task requires virtualenv, please install it.
[2025-02-17T22:40:43.927-0700] {processor.py:839} INFO - DAG(s) dict_keys(['example_python_operator']) retrieved from /home/jparep/miniconda3/envs/dbt-env/lib/python3.11/site-packages/airflow/example_dags/example_python_operator.py
[2025-02-17T22:40:43.946-0700] {logging_mixin.py:154} INFO - [2025-02-17T22:40:43.946-0700] {dag.py:2941} INFO - Sync 1 DAGs
[2025-02-17T22:40:43.959-0700] {logging_mixin.py:154} INFO - [2025-02-17T22:40:43.959-0700] {dag.py:3722} INFO - Setting next_dagrun for example_python_operator to None, run_after=None
[2025-02-17T22:40:43.984-0700] {processor.py:179} INFO - Processing /home/jparep/miniconda3/envs/dbt-env/lib/python3.11/site-packages/airflow/example_dags/example_python_operator.py took 0.153 seconds
