[2025-02-17T22:16:00.734-0700] {processor.py:157} INFO - Started process (PID=148472) to work on /home/jparep/miniconda3/envs/dbt-env/lib/python3.11/site-packages/airflow/example_dags/example_trigger_target_dag.py
[2025-02-17T22:16:00.735-0700] {processor.py:829} INFO - Processing file /home/jparep/miniconda3/envs/dbt-env/lib/python3.11/site-packages/airflow/example_dags/example_trigger_target_dag.py for tasks to queue
[2025-02-17T22:16:00.736-0700] {logging_mixin.py:154} INFO - [2025-02-17T22:16:00.736-0700] {dagbag.py:536} INFO - Filling up the DagBag from /home/jparep/miniconda3/envs/dbt-env/lib/python3.11/site-packages/airflow/example_dags/example_trigger_target_dag.py
[2025-02-17T22:16:00.747-0700] {processor.py:839} INFO - DAG(s) dict_keys(['example_trigger_target_dag']) retrieved from /home/jparep/miniconda3/envs/dbt-env/lib/python3.11/site-packages/airflow/example_dags/example_trigger_target_dag.py
[2025-02-17T22:16:00.972-0700] {logging_mixin.py:154} INFO - [2025-02-17T22:16:00.972-0700] {manager.py:499} INFO - Created Permission View: %s
[2025-02-17T22:16:00.991-0700] {logging_mixin.py:154} INFO - [2025-02-17T22:16:00.991-0700] {manager.py:499} INFO - Created Permission View: %s
[2025-02-17T22:16:01.006-0700] {logging_mixin.py:154} INFO - [2025-02-17T22:16:01.006-0700] {manager.py:499} INFO - Created Permission View: %s
[2025-02-17T22:16:01.007-0700] {logging_mixin.py:154} INFO - [2025-02-17T22:16:01.007-0700] {dag.py:2941} INFO - Sync 1 DAGs
[2025-02-17T22:16:01.027-0700] {logging_mixin.py:154} INFO - [2025-02-17T22:16:01.027-0700] {dag.py:2963} INFO - Creating ORM DAG for example_trigger_target_dag
[2025-02-17T22:16:01.028-0700] {logging_mixin.py:154} INFO - [2025-02-17T22:16:01.028-0700] {dag.py:3722} INFO - Setting next_dagrun for example_trigger_target_dag to None, run_after=None
[2025-02-17T22:16:01.050-0700] {processor.py:179} INFO - Processing /home/jparep/miniconda3/envs/dbt-env/lib/python3.11/site-packages/airflow/example_dags/example_trigger_target_dag.py took 0.321 seconds
[2025-02-17T22:16:56.447-0700] {processor.py:157} INFO - Started process (PID=148851) to work on /home/jparep/miniconda3/envs/dbt-env/lib/python3.11/site-packages/airflow/example_dags/example_trigger_target_dag.py
[2025-02-17T22:16:56.451-0700] {processor.py:829} INFO - Processing file /home/jparep/miniconda3/envs/dbt-env/lib/python3.11/site-packages/airflow/example_dags/example_trigger_target_dag.py for tasks to queue
[2025-02-17T22:16:56.452-0700] {logging_mixin.py:154} INFO - [2025-02-17T22:16:56.452-0700] {dagbag.py:536} INFO - Filling up the DagBag from /home/jparep/miniconda3/envs/dbt-env/lib/python3.11/site-packages/airflow/example_dags/example_trigger_target_dag.py
[2025-02-17T22:16:56.462-0700] {processor.py:839} INFO - DAG(s) dict_keys(['example_trigger_target_dag']) retrieved from /home/jparep/miniconda3/envs/dbt-env/lib/python3.11/site-packages/airflow/example_dags/example_trigger_target_dag.py
[2025-02-17T22:16:56.480-0700] {logging_mixin.py:154} INFO - [2025-02-17T22:16:56.480-0700] {dag.py:2941} INFO - Sync 1 DAGs
[2025-02-17T22:16:56.490-0700] {logging_mixin.py:154} INFO - [2025-02-17T22:16:56.490-0700] {dag.py:3722} INFO - Setting next_dagrun for example_trigger_target_dag to None, run_after=None
[2025-02-17T22:16:56.615-0700] {processor.py:179} INFO - Processing /home/jparep/miniconda3/envs/dbt-env/lib/python3.11/site-packages/airflow/example_dags/example_trigger_target_dag.py took 0.172 seconds
[2025-02-17T22:17:49.866-0700] {processor.py:157} INFO - Started process (PID=149356) to work on /home/jparep/miniconda3/envs/dbt-env/lib/python3.11/site-packages/airflow/example_dags/example_trigger_target_dag.py
[2025-02-17T22:17:49.869-0700] {processor.py:829} INFO - Processing file /home/jparep/miniconda3/envs/dbt-env/lib/python3.11/site-packages/airflow/example_dags/example_trigger_target_dag.py for tasks to queue
[2025-02-17T22:17:49.871-0700] {logging_mixin.py:154} INFO - [2025-02-17T22:17:49.870-0700] {dagbag.py:536} INFO - Filling up the DagBag from /home/jparep/miniconda3/envs/dbt-env/lib/python3.11/site-packages/airflow/example_dags/example_trigger_target_dag.py
[2025-02-17T22:17:49.884-0700] {processor.py:839} INFO - DAG(s) dict_keys(['example_trigger_target_dag']) retrieved from /home/jparep/miniconda3/envs/dbt-env/lib/python3.11/site-packages/airflow/example_dags/example_trigger_target_dag.py
[2025-02-17T22:17:49.908-0700] {logging_mixin.py:154} INFO - [2025-02-17T22:17:49.908-0700] {dag.py:2941} INFO - Sync 1 DAGs
[2025-02-17T22:17:49.917-0700] {logging_mixin.py:154} INFO - [2025-02-17T22:17:49.917-0700] {dag.py:3722} INFO - Setting next_dagrun for example_trigger_target_dag to None, run_after=None
[2025-02-17T22:17:49.939-0700] {processor.py:179} INFO - Processing /home/jparep/miniconda3/envs/dbt-env/lib/python3.11/site-packages/airflow/example_dags/example_trigger_target_dag.py took 0.078 seconds
[2025-02-17T22:18:33.645-0700] {processor.py:157} INFO - Started process (PID=149812) to work on /home/jparep/miniconda3/envs/dbt-env/lib/python3.11/site-packages/airflow/example_dags/example_trigger_target_dag.py
[2025-02-17T22:18:33.649-0700] {processor.py:829} INFO - Processing file /home/jparep/miniconda3/envs/dbt-env/lib/python3.11/site-packages/airflow/example_dags/example_trigger_target_dag.py for tasks to queue
[2025-02-17T22:18:33.651-0700] {logging_mixin.py:154} INFO - [2025-02-17T22:18:33.650-0700] {dagbag.py:536} INFO - Filling up the DagBag from /home/jparep/miniconda3/envs/dbt-env/lib/python3.11/site-packages/airflow/example_dags/example_trigger_target_dag.py
[2025-02-17T22:18:33.665-0700] {processor.py:839} INFO - DAG(s) dict_keys(['example_trigger_target_dag']) retrieved from /home/jparep/miniconda3/envs/dbt-env/lib/python3.11/site-packages/airflow/example_dags/example_trigger_target_dag.py
[2025-02-17T22:18:33.695-0700] {logging_mixin.py:154} INFO - [2025-02-17T22:18:33.695-0700] {dag.py:2941} INFO - Sync 1 DAGs
[2025-02-17T22:18:33.718-0700] {logging_mixin.py:154} INFO - [2025-02-17T22:18:33.718-0700] {dag.py:3722} INFO - Setting next_dagrun for example_trigger_target_dag to None, run_after=None
[2025-02-17T22:18:33.755-0700] {processor.py:179} INFO - Processing /home/jparep/miniconda3/envs/dbt-env/lib/python3.11/site-packages/airflow/example_dags/example_trigger_target_dag.py took 0.117 seconds
[2025-02-17T22:19:14.149-0700] {processor.py:157} INFO - Started process (PID=150070) to work on /home/jparep/miniconda3/envs/dbt-env/lib/python3.11/site-packages/airflow/example_dags/example_trigger_target_dag.py
[2025-02-17T22:19:14.150-0700] {processor.py:829} INFO - Processing file /home/jparep/miniconda3/envs/dbt-env/lib/python3.11/site-packages/airflow/example_dags/example_trigger_target_dag.py for tasks to queue
[2025-02-17T22:19:14.151-0700] {logging_mixin.py:154} INFO - [2025-02-17T22:19:14.151-0700] {dagbag.py:536} INFO - Filling up the DagBag from /home/jparep/miniconda3/envs/dbt-env/lib/python3.11/site-packages/airflow/example_dags/example_trigger_target_dag.py
[2025-02-17T22:19:14.159-0700] {processor.py:839} INFO - DAG(s) dict_keys(['example_trigger_target_dag']) retrieved from /home/jparep/miniconda3/envs/dbt-env/lib/python3.11/site-packages/airflow/example_dags/example_trigger_target_dag.py
[2025-02-17T22:19:14.174-0700] {logging_mixin.py:154} INFO - [2025-02-17T22:19:14.174-0700] {dag.py:2941} INFO - Sync 1 DAGs
[2025-02-17T22:19:14.183-0700] {logging_mixin.py:154} INFO - [2025-02-17T22:19:14.183-0700] {dag.py:3722} INFO - Setting next_dagrun for example_trigger_target_dag to None, run_after=None
[2025-02-17T22:19:14.200-0700] {processor.py:179} INFO - Processing /home/jparep/miniconda3/envs/dbt-env/lib/python3.11/site-packages/airflow/example_dags/example_trigger_target_dag.py took 0.054 seconds
[2025-02-17T22:19:53.831-0700] {processor.py:157} INFO - Started process (PID=150499) to work on /home/jparep/miniconda3/envs/dbt-env/lib/python3.11/site-packages/airflow/example_dags/example_trigger_target_dag.py
[2025-02-17T22:19:53.833-0700] {processor.py:829} INFO - Processing file /home/jparep/miniconda3/envs/dbt-env/lib/python3.11/site-packages/airflow/example_dags/example_trigger_target_dag.py for tasks to queue
[2025-02-17T22:19:53.834-0700] {logging_mixin.py:154} INFO - [2025-02-17T22:19:53.834-0700] {dagbag.py:536} INFO - Filling up the DagBag from /home/jparep/miniconda3/envs/dbt-env/lib/python3.11/site-packages/airflow/example_dags/example_trigger_target_dag.py
[2025-02-17T22:19:53.840-0700] {processor.py:839} INFO - DAG(s) dict_keys(['example_trigger_target_dag']) retrieved from /home/jparep/miniconda3/envs/dbt-env/lib/python3.11/site-packages/airflow/example_dags/example_trigger_target_dag.py
[2025-02-17T22:19:53.858-0700] {logging_mixin.py:154} INFO - [2025-02-17T22:19:53.858-0700] {dag.py:2941} INFO - Sync 1 DAGs
[2025-02-17T22:19:53.874-0700] {logging_mixin.py:154} INFO - [2025-02-17T22:19:53.874-0700] {dag.py:3722} INFO - Setting next_dagrun for example_trigger_target_dag to None, run_after=None
[2025-02-17T22:19:53.902-0700] {processor.py:179} INFO - Processing /home/jparep/miniconda3/envs/dbt-env/lib/python3.11/site-packages/airflow/example_dags/example_trigger_target_dag.py took 0.074 seconds
[2025-02-17T22:20:34.906-0700] {processor.py:157} INFO - Started process (PID=150749) to work on /home/jparep/miniconda3/envs/dbt-env/lib/python3.11/site-packages/airflow/example_dags/example_trigger_target_dag.py
[2025-02-17T22:20:34.908-0700] {processor.py:829} INFO - Processing file /home/jparep/miniconda3/envs/dbt-env/lib/python3.11/site-packages/airflow/example_dags/example_trigger_target_dag.py for tasks to queue
[2025-02-17T22:20:34.909-0700] {logging_mixin.py:154} INFO - [2025-02-17T22:20:34.909-0700] {dagbag.py:536} INFO - Filling up the DagBag from /home/jparep/miniconda3/envs/dbt-env/lib/python3.11/site-packages/airflow/example_dags/example_trigger_target_dag.py
[2025-02-17T22:20:34.919-0700] {processor.py:839} INFO - DAG(s) dict_keys(['example_trigger_target_dag']) retrieved from /home/jparep/miniconda3/envs/dbt-env/lib/python3.11/site-packages/airflow/example_dags/example_trigger_target_dag.py
[2025-02-17T22:20:34.942-0700] {logging_mixin.py:154} INFO - [2025-02-17T22:20:34.941-0700] {dag.py:2941} INFO - Sync 1 DAGs
[2025-02-17T22:20:34.959-0700] {logging_mixin.py:154} INFO - [2025-02-17T22:20:34.958-0700] {dag.py:3722} INFO - Setting next_dagrun for example_trigger_target_dag to None, run_after=None
[2025-02-17T22:20:34.990-0700] {processor.py:179} INFO - Processing /home/jparep/miniconda3/envs/dbt-env/lib/python3.11/site-packages/airflow/example_dags/example_trigger_target_dag.py took 0.088 seconds
[2025-02-17T22:21:28.470-0700] {processor.py:157} INFO - Started process (PID=151277) to work on /home/jparep/miniconda3/envs/dbt-env/lib/python3.11/site-packages/airflow/example_dags/example_trigger_target_dag.py
[2025-02-17T22:21:28.473-0700] {processor.py:829} INFO - Processing file /home/jparep/miniconda3/envs/dbt-env/lib/python3.11/site-packages/airflow/example_dags/example_trigger_target_dag.py for tasks to queue
[2025-02-17T22:21:28.474-0700] {logging_mixin.py:154} INFO - [2025-02-17T22:21:28.474-0700] {dagbag.py:536} INFO - Filling up the DagBag from /home/jparep/miniconda3/envs/dbt-env/lib/python3.11/site-packages/airflow/example_dags/example_trigger_target_dag.py
[2025-02-17T22:21:28.484-0700] {processor.py:839} INFO - DAG(s) dict_keys(['example_trigger_target_dag']) retrieved from /home/jparep/miniconda3/envs/dbt-env/lib/python3.11/site-packages/airflow/example_dags/example_trigger_target_dag.py
[2025-02-17T22:21:28.505-0700] {logging_mixin.py:154} INFO - [2025-02-17T22:21:28.504-0700] {dag.py:2941} INFO - Sync 1 DAGs
[2025-02-17T22:21:28.518-0700] {logging_mixin.py:154} INFO - [2025-02-17T22:21:28.518-0700] {dag.py:3722} INFO - Setting next_dagrun for example_trigger_target_dag to None, run_after=None
[2025-02-17T22:21:28.547-0700] {processor.py:179} INFO - Processing /home/jparep/miniconda3/envs/dbt-env/lib/python3.11/site-packages/airflow/example_dags/example_trigger_target_dag.py took 0.081 seconds
[2025-02-17T22:22:20.941-0700] {processor.py:157} INFO - Started process (PID=151685) to work on /home/jparep/miniconda3/envs/dbt-env/lib/python3.11/site-packages/airflow/example_dags/example_trigger_target_dag.py
[2025-02-17T22:22:20.944-0700] {processor.py:829} INFO - Processing file /home/jparep/miniconda3/envs/dbt-env/lib/python3.11/site-packages/airflow/example_dags/example_trigger_target_dag.py for tasks to queue
[2025-02-17T22:22:20.946-0700] {logging_mixin.py:154} INFO - [2025-02-17T22:22:20.944-0700] {dagbag.py:536} INFO - Filling up the DagBag from /home/jparep/miniconda3/envs/dbt-env/lib/python3.11/site-packages/airflow/example_dags/example_trigger_target_dag.py
[2025-02-17T22:22:20.956-0700] {processor.py:839} INFO - DAG(s) dict_keys(['example_trigger_target_dag']) retrieved from /home/jparep/miniconda3/envs/dbt-env/lib/python3.11/site-packages/airflow/example_dags/example_trigger_target_dag.py
[2025-02-17T22:22:20.982-0700] {logging_mixin.py:154} INFO - [2025-02-17T22:22:20.982-0700] {dag.py:2941} INFO - Sync 1 DAGs
[2025-02-17T22:22:20.999-0700] {logging_mixin.py:154} INFO - [2025-02-17T22:22:20.999-0700] {dag.py:3722} INFO - Setting next_dagrun for example_trigger_target_dag to None, run_after=None
[2025-02-17T22:22:21.029-0700] {processor.py:179} INFO - Processing /home/jparep/miniconda3/envs/dbt-env/lib/python3.11/site-packages/airflow/example_dags/example_trigger_target_dag.py took 0.093 seconds
[2025-02-17T22:23:12.981-0700] {processor.py:157} INFO - Started process (PID=152089) to work on /home/jparep/miniconda3/envs/dbt-env/lib/python3.11/site-packages/airflow/example_dags/example_trigger_target_dag.py
[2025-02-17T22:23:12.984-0700] {processor.py:829} INFO - Processing file /home/jparep/miniconda3/envs/dbt-env/lib/python3.11/site-packages/airflow/example_dags/example_trigger_target_dag.py for tasks to queue
[2025-02-17T22:23:12.985-0700] {logging_mixin.py:154} INFO - [2025-02-17T22:23:12.984-0700] {dagbag.py:536} INFO - Filling up the DagBag from /home/jparep/miniconda3/envs/dbt-env/lib/python3.11/site-packages/airflow/example_dags/example_trigger_target_dag.py
[2025-02-17T22:23:12.994-0700] {processor.py:839} INFO - DAG(s) dict_keys(['example_trigger_target_dag']) retrieved from /home/jparep/miniconda3/envs/dbt-env/lib/python3.11/site-packages/airflow/example_dags/example_trigger_target_dag.py
[2025-02-17T22:23:13.016-0700] {logging_mixin.py:154} INFO - [2025-02-17T22:23:13.016-0700] {dag.py:2941} INFO - Sync 1 DAGs
[2025-02-17T22:23:13.028-0700] {logging_mixin.py:154} INFO - [2025-02-17T22:23:13.028-0700] {dag.py:3722} INFO - Setting next_dagrun for example_trigger_target_dag to None, run_after=None
[2025-02-17T22:23:13.047-0700] {processor.py:179} INFO - Processing /home/jparep/miniconda3/envs/dbt-env/lib/python3.11/site-packages/airflow/example_dags/example_trigger_target_dag.py took 0.070 seconds
[2025-02-17T22:24:08.791-0700] {processor.py:157} INFO - Started process (PID=152614) to work on /home/jparep/miniconda3/envs/dbt-env/lib/python3.11/site-packages/airflow/example_dags/example_trigger_target_dag.py
[2025-02-17T22:24:08.792-0700] {processor.py:829} INFO - Processing file /home/jparep/miniconda3/envs/dbt-env/lib/python3.11/site-packages/airflow/example_dags/example_trigger_target_dag.py for tasks to queue
[2025-02-17T22:24:08.793-0700] {logging_mixin.py:154} INFO - [2025-02-17T22:24:08.793-0700] {dagbag.py:536} INFO - Filling up the DagBag from /home/jparep/miniconda3/envs/dbt-env/lib/python3.11/site-packages/airflow/example_dags/example_trigger_target_dag.py
[2025-02-17T22:24:08.802-0700] {processor.py:839} INFO - DAG(s) dict_keys(['example_trigger_target_dag']) retrieved from /home/jparep/miniconda3/envs/dbt-env/lib/python3.11/site-packages/airflow/example_dags/example_trigger_target_dag.py
[2025-02-17T22:24:08.825-0700] {logging_mixin.py:154} INFO - [2025-02-17T22:24:08.825-0700] {dag.py:2941} INFO - Sync 1 DAGs
[2025-02-17T22:24:08.839-0700] {logging_mixin.py:154} INFO - [2025-02-17T22:24:08.838-0700] {dag.py:3722} INFO - Setting next_dagrun for example_trigger_target_dag to None, run_after=None
[2025-02-17T22:24:08.858-0700] {processor.py:179} INFO - Processing /home/jparep/miniconda3/envs/dbt-env/lib/python3.11/site-packages/airflow/example_dags/example_trigger_target_dag.py took 0.072 seconds
[2025-02-17T22:24:59.573-0700] {processor.py:157} INFO - Started process (PID=153120) to work on /home/jparep/miniconda3/envs/dbt-env/lib/python3.11/site-packages/airflow/example_dags/example_trigger_target_dag.py
[2025-02-17T22:24:59.576-0700] {processor.py:829} INFO - Processing file /home/jparep/miniconda3/envs/dbt-env/lib/python3.11/site-packages/airflow/example_dags/example_trigger_target_dag.py for tasks to queue
[2025-02-17T22:24:59.577-0700] {logging_mixin.py:154} INFO - [2025-02-17T22:24:59.576-0700] {dagbag.py:536} INFO - Filling up the DagBag from /home/jparep/miniconda3/envs/dbt-env/lib/python3.11/site-packages/airflow/example_dags/example_trigger_target_dag.py
[2025-02-17T22:24:59.585-0700] {processor.py:839} INFO - DAG(s) dict_keys(['example_trigger_target_dag']) retrieved from /home/jparep/miniconda3/envs/dbt-env/lib/python3.11/site-packages/airflow/example_dags/example_trigger_target_dag.py
[2025-02-17T22:24:59.610-0700] {logging_mixin.py:154} INFO - [2025-02-17T22:24:59.610-0700] {dag.py:2941} INFO - Sync 1 DAGs
[2025-02-17T22:24:59.621-0700] {logging_mixin.py:154} INFO - [2025-02-17T22:24:59.621-0700] {dag.py:3722} INFO - Setting next_dagrun for example_trigger_target_dag to None, run_after=None
[2025-02-17T22:24:59.641-0700] {processor.py:179} INFO - Processing /home/jparep/miniconda3/envs/dbt-env/lib/python3.11/site-packages/airflow/example_dags/example_trigger_target_dag.py took 0.072 seconds
[2025-02-17T22:25:40.039-0700] {processor.py:157} INFO - Started process (PID=153383) to work on /home/jparep/miniconda3/envs/dbt-env/lib/python3.11/site-packages/airflow/example_dags/example_trigger_target_dag.py
[2025-02-17T22:25:40.042-0700] {processor.py:829} INFO - Processing file /home/jparep/miniconda3/envs/dbt-env/lib/python3.11/site-packages/airflow/example_dags/example_trigger_target_dag.py for tasks to queue
[2025-02-17T22:25:40.043-0700] {logging_mixin.py:154} INFO - [2025-02-17T22:25:40.042-0700] {dagbag.py:536} INFO - Filling up the DagBag from /home/jparep/miniconda3/envs/dbt-env/lib/python3.11/site-packages/airflow/example_dags/example_trigger_target_dag.py
[2025-02-17T22:25:40.051-0700] {processor.py:839} INFO - DAG(s) dict_keys(['example_trigger_target_dag']) retrieved from /home/jparep/miniconda3/envs/dbt-env/lib/python3.11/site-packages/airflow/example_dags/example_trigger_target_dag.py
[2025-02-17T22:25:40.076-0700] {logging_mixin.py:154} INFO - [2025-02-17T22:25:40.076-0700] {dag.py:2941} INFO - Sync 1 DAGs
[2025-02-17T22:25:40.091-0700] {logging_mixin.py:154} INFO - [2025-02-17T22:25:40.091-0700] {dag.py:3722} INFO - Setting next_dagrun for example_trigger_target_dag to None, run_after=None
[2025-02-17T22:25:40.119-0700] {processor.py:179} INFO - Processing /home/jparep/miniconda3/envs/dbt-env/lib/python3.11/site-packages/airflow/example_dags/example_trigger_target_dag.py took 0.085 seconds
[2025-02-17T22:26:22.810-0700] {processor.py:157} INFO - Started process (PID=153819) to work on /home/jparep/miniconda3/envs/dbt-env/lib/python3.11/site-packages/airflow/example_dags/example_trigger_target_dag.py
[2025-02-17T22:26:22.813-0700] {processor.py:829} INFO - Processing file /home/jparep/miniconda3/envs/dbt-env/lib/python3.11/site-packages/airflow/example_dags/example_trigger_target_dag.py for tasks to queue
[2025-02-17T22:26:22.814-0700] {logging_mixin.py:154} INFO - [2025-02-17T22:26:22.813-0700] {dagbag.py:536} INFO - Filling up the DagBag from /home/jparep/miniconda3/envs/dbt-env/lib/python3.11/site-packages/airflow/example_dags/example_trigger_target_dag.py
[2025-02-17T22:26:22.824-0700] {processor.py:839} INFO - DAG(s) dict_keys(['example_trigger_target_dag']) retrieved from /home/jparep/miniconda3/envs/dbt-env/lib/python3.11/site-packages/airflow/example_dags/example_trigger_target_dag.py
[2025-02-17T22:26:22.847-0700] {logging_mixin.py:154} INFO - [2025-02-17T22:26:22.847-0700] {dag.py:2941} INFO - Sync 1 DAGs
[2025-02-17T22:26:22.859-0700] {logging_mixin.py:154} INFO - [2025-02-17T22:26:22.859-0700] {dag.py:3722} INFO - Setting next_dagrun for example_trigger_target_dag to None, run_after=None
[2025-02-17T22:26:22.881-0700] {processor.py:179} INFO - Processing /home/jparep/miniconda3/envs/dbt-env/lib/python3.11/site-packages/airflow/example_dags/example_trigger_target_dag.py took 0.076 seconds
[2025-02-17T22:27:13.888-0700] {processor.py:157} INFO - Started process (PID=154323) to work on /home/jparep/miniconda3/envs/dbt-env/lib/python3.11/site-packages/airflow/example_dags/example_trigger_target_dag.py
[2025-02-17T22:27:13.889-0700] {processor.py:829} INFO - Processing file /home/jparep/miniconda3/envs/dbt-env/lib/python3.11/site-packages/airflow/example_dags/example_trigger_target_dag.py for tasks to queue
[2025-02-17T22:27:13.891-0700] {logging_mixin.py:154} INFO - [2025-02-17T22:27:13.890-0700] {dagbag.py:536} INFO - Filling up the DagBag from /home/jparep/miniconda3/envs/dbt-env/lib/python3.11/site-packages/airflow/example_dags/example_trigger_target_dag.py
[2025-02-17T22:27:13.900-0700] {processor.py:839} INFO - DAG(s) dict_keys(['example_trigger_target_dag']) retrieved from /home/jparep/miniconda3/envs/dbt-env/lib/python3.11/site-packages/airflow/example_dags/example_trigger_target_dag.py
[2025-02-17T22:27:13.921-0700] {logging_mixin.py:154} INFO - [2025-02-17T22:27:13.921-0700] {dag.py:2941} INFO - Sync 1 DAGs
[2025-02-17T22:27:13.935-0700] {logging_mixin.py:154} INFO - [2025-02-17T22:27:13.935-0700] {dag.py:3722} INFO - Setting next_dagrun for example_trigger_target_dag to None, run_after=None
[2025-02-17T22:27:13.965-0700] {processor.py:179} INFO - Processing /home/jparep/miniconda3/envs/dbt-env/lib/python3.11/site-packages/airflow/example_dags/example_trigger_target_dag.py took 0.083 seconds
[2025-02-17T22:28:09.264-0700] {processor.py:157} INFO - Started process (PID=154669) to work on /home/jparep/miniconda3/envs/dbt-env/lib/python3.11/site-packages/airflow/example_dags/example_trigger_target_dag.py
[2025-02-17T22:28:09.266-0700] {processor.py:829} INFO - Processing file /home/jparep/miniconda3/envs/dbt-env/lib/python3.11/site-packages/airflow/example_dags/example_trigger_target_dag.py for tasks to queue
[2025-02-17T22:28:09.267-0700] {logging_mixin.py:154} INFO - [2025-02-17T22:28:09.267-0700] {dagbag.py:536} INFO - Filling up the DagBag from /home/jparep/miniconda3/envs/dbt-env/lib/python3.11/site-packages/airflow/example_dags/example_trigger_target_dag.py
[2025-02-17T22:28:09.276-0700] {processor.py:839} INFO - DAG(s) dict_keys(['example_trigger_target_dag']) retrieved from /home/jparep/miniconda3/envs/dbt-env/lib/python3.11/site-packages/airflow/example_dags/example_trigger_target_dag.py
[2025-02-17T22:28:09.299-0700] {logging_mixin.py:154} INFO - [2025-02-17T22:28:09.299-0700] {dag.py:2941} INFO - Sync 1 DAGs
[2025-02-17T22:28:09.313-0700] {logging_mixin.py:154} INFO - [2025-02-17T22:28:09.313-0700] {dag.py:3722} INFO - Setting next_dagrun for example_trigger_target_dag to None, run_after=None
[2025-02-17T22:28:09.341-0700] {processor.py:179} INFO - Processing /home/jparep/miniconda3/envs/dbt-env/lib/python3.11/site-packages/airflow/example_dags/example_trigger_target_dag.py took 0.082 seconds
[2025-02-17T22:28:48.654-0700] {processor.py:157} INFO - Started process (PID=154992) to work on /home/jparep/miniconda3/envs/dbt-env/lib/python3.11/site-packages/airflow/example_dags/example_trigger_target_dag.py
[2025-02-17T22:28:48.657-0700] {processor.py:829} INFO - Processing file /home/jparep/miniconda3/envs/dbt-env/lib/python3.11/site-packages/airflow/example_dags/example_trigger_target_dag.py for tasks to queue
[2025-02-17T22:28:48.658-0700] {logging_mixin.py:154} INFO - [2025-02-17T22:28:48.658-0700] {dagbag.py:536} INFO - Filling up the DagBag from /home/jparep/miniconda3/envs/dbt-env/lib/python3.11/site-packages/airflow/example_dags/example_trigger_target_dag.py
[2025-02-17T22:28:48.667-0700] {processor.py:839} INFO - DAG(s) dict_keys(['example_trigger_target_dag']) retrieved from /home/jparep/miniconda3/envs/dbt-env/lib/python3.11/site-packages/airflow/example_dags/example_trigger_target_dag.py
[2025-02-17T22:28:48.691-0700] {logging_mixin.py:154} INFO - [2025-02-17T22:28:48.690-0700] {dag.py:2941} INFO - Sync 1 DAGs
[2025-02-17T22:28:48.704-0700] {logging_mixin.py:154} INFO - [2025-02-17T22:28:48.704-0700] {dag.py:3722} INFO - Setting next_dagrun for example_trigger_target_dag to None, run_after=None
[2025-02-17T22:28:48.738-0700] {processor.py:179} INFO - Processing /home/jparep/miniconda3/envs/dbt-env/lib/python3.11/site-packages/airflow/example_dags/example_trigger_target_dag.py took 0.088 seconds
[2025-02-17T22:29:28.577-0700] {processor.py:157} INFO - Started process (PID=155332) to work on /home/jparep/miniconda3/envs/dbt-env/lib/python3.11/site-packages/airflow/example_dags/example_trigger_target_dag.py
[2025-02-17T22:29:28.579-0700] {processor.py:829} INFO - Processing file /home/jparep/miniconda3/envs/dbt-env/lib/python3.11/site-packages/airflow/example_dags/example_trigger_target_dag.py for tasks to queue
[2025-02-17T22:29:28.581-0700] {logging_mixin.py:154} INFO - [2025-02-17T22:29:28.580-0700] {dagbag.py:536} INFO - Filling up the DagBag from /home/jparep/miniconda3/envs/dbt-env/lib/python3.11/site-packages/airflow/example_dags/example_trigger_target_dag.py
[2025-02-17T22:29:28.593-0700] {processor.py:839} INFO - DAG(s) dict_keys(['example_trigger_target_dag']) retrieved from /home/jparep/miniconda3/envs/dbt-env/lib/python3.11/site-packages/airflow/example_dags/example_trigger_target_dag.py
[2025-02-17T22:29:28.620-0700] {logging_mixin.py:154} INFO - [2025-02-17T22:29:28.620-0700] {dag.py:2941} INFO - Sync 1 DAGs
[2025-02-17T22:29:28.633-0700] {logging_mixin.py:154} INFO - [2025-02-17T22:29:28.633-0700] {dag.py:3722} INFO - Setting next_dagrun for example_trigger_target_dag to None, run_after=None
[2025-02-17T22:29:28.656-0700] {processor.py:179} INFO - Processing /home/jparep/miniconda3/envs/dbt-env/lib/python3.11/site-packages/airflow/example_dags/example_trigger_target_dag.py took 0.083 seconds
[2025-02-17T22:30:11.668-0700] {processor.py:157} INFO - Started process (PID=155546) to work on /home/jparep/miniconda3/envs/dbt-env/lib/python3.11/site-packages/airflow/example_dags/example_trigger_target_dag.py
[2025-02-17T22:30:11.670-0700] {processor.py:829} INFO - Processing file /home/jparep/miniconda3/envs/dbt-env/lib/python3.11/site-packages/airflow/example_dags/example_trigger_target_dag.py for tasks to queue
[2025-02-17T22:30:11.671-0700] {logging_mixin.py:154} INFO - [2025-02-17T22:30:11.671-0700] {dagbag.py:536} INFO - Filling up the DagBag from /home/jparep/miniconda3/envs/dbt-env/lib/python3.11/site-packages/airflow/example_dags/example_trigger_target_dag.py
[2025-02-17T22:30:11.682-0700] {processor.py:839} INFO - DAG(s) dict_keys(['example_trigger_target_dag']) retrieved from /home/jparep/miniconda3/envs/dbt-env/lib/python3.11/site-packages/airflow/example_dags/example_trigger_target_dag.py
[2025-02-17T22:30:11.707-0700] {logging_mixin.py:154} INFO - [2025-02-17T22:30:11.707-0700] {dag.py:2941} INFO - Sync 1 DAGs
[2025-02-17T22:30:11.722-0700] {logging_mixin.py:154} INFO - [2025-02-17T22:30:11.722-0700] {dag.py:3722} INFO - Setting next_dagrun for example_trigger_target_dag to None, run_after=None
[2025-02-17T22:30:11.754-0700] {processor.py:179} INFO - Processing /home/jparep/miniconda3/envs/dbt-env/lib/python3.11/site-packages/airflow/example_dags/example_trigger_target_dag.py took 0.092 seconds
[2025-02-17T22:31:03.323-0700] {processor.py:157} INFO - Started process (PID=156067) to work on /home/jparep/miniconda3/envs/dbt-env/lib/python3.11/site-packages/airflow/example_dags/example_trigger_target_dag.py
[2025-02-17T22:31:03.326-0700] {processor.py:829} INFO - Processing file /home/jparep/miniconda3/envs/dbt-env/lib/python3.11/site-packages/airflow/example_dags/example_trigger_target_dag.py for tasks to queue
[2025-02-17T22:31:03.329-0700] {logging_mixin.py:154} INFO - [2025-02-17T22:31:03.328-0700] {dagbag.py:536} INFO - Filling up the DagBag from /home/jparep/miniconda3/envs/dbt-env/lib/python3.11/site-packages/airflow/example_dags/example_trigger_target_dag.py
[2025-02-17T22:31:03.339-0700] {processor.py:839} INFO - DAG(s) dict_keys(['example_trigger_target_dag']) retrieved from /home/jparep/miniconda3/envs/dbt-env/lib/python3.11/site-packages/airflow/example_dags/example_trigger_target_dag.py
[2025-02-17T22:31:03.365-0700] {logging_mixin.py:154} INFO - [2025-02-17T22:31:03.364-0700] {dag.py:2941} INFO - Sync 1 DAGs
[2025-02-17T22:31:03.381-0700] {logging_mixin.py:154} INFO - [2025-02-17T22:31:03.381-0700] {dag.py:3722} INFO - Setting next_dagrun for example_trigger_target_dag to None, run_after=None
[2025-02-17T22:31:03.413-0700] {processor.py:179} INFO - Processing /home/jparep/miniconda3/envs/dbt-env/lib/python3.11/site-packages/airflow/example_dags/example_trigger_target_dag.py took 0.095 seconds
[2025-02-17T22:31:43.146-0700] {processor.py:157} INFO - Started process (PID=156517) to work on /home/jparep/miniconda3/envs/dbt-env/lib/python3.11/site-packages/airflow/example_dags/example_trigger_target_dag.py
[2025-02-17T22:31:43.149-0700] {processor.py:829} INFO - Processing file /home/jparep/miniconda3/envs/dbt-env/lib/python3.11/site-packages/airflow/example_dags/example_trigger_target_dag.py for tasks to queue
[2025-02-17T22:31:43.151-0700] {logging_mixin.py:154} INFO - [2025-02-17T22:31:43.150-0700] {dagbag.py:536} INFO - Filling up the DagBag from /home/jparep/miniconda3/envs/dbt-env/lib/python3.11/site-packages/airflow/example_dags/example_trigger_target_dag.py
[2025-02-17T22:31:43.160-0700] {processor.py:839} INFO - DAG(s) dict_keys(['example_trigger_target_dag']) retrieved from /home/jparep/miniconda3/envs/dbt-env/lib/python3.11/site-packages/airflow/example_dags/example_trigger_target_dag.py
[2025-02-17T22:31:43.179-0700] {logging_mixin.py:154} INFO - [2025-02-17T22:31:43.179-0700] {dag.py:2941} INFO - Sync 1 DAGs
[2025-02-17T22:31:43.192-0700] {logging_mixin.py:154} INFO - [2025-02-17T22:31:43.192-0700] {dag.py:3722} INFO - Setting next_dagrun for example_trigger_target_dag to None, run_after=None
[2025-02-17T22:31:43.214-0700] {processor.py:179} INFO - Processing /home/jparep/miniconda3/envs/dbt-env/lib/python3.11/site-packages/airflow/example_dags/example_trigger_target_dag.py took 0.076 seconds
[2025-02-17T22:32:37.017-0700] {processor.py:157} INFO - Started process (PID=156951) to work on /home/jparep/miniconda3/envs/dbt-env/lib/python3.11/site-packages/airflow/example_dags/example_trigger_target_dag.py
[2025-02-17T22:32:37.019-0700] {processor.py:829} INFO - Processing file /home/jparep/miniconda3/envs/dbt-env/lib/python3.11/site-packages/airflow/example_dags/example_trigger_target_dag.py for tasks to queue
[2025-02-17T22:32:37.021-0700] {logging_mixin.py:154} INFO - [2025-02-17T22:32:37.020-0700] {dagbag.py:536} INFO - Filling up the DagBag from /home/jparep/miniconda3/envs/dbt-env/lib/python3.11/site-packages/airflow/example_dags/example_trigger_target_dag.py
[2025-02-17T22:32:37.029-0700] {processor.py:839} INFO - DAG(s) dict_keys(['example_trigger_target_dag']) retrieved from /home/jparep/miniconda3/envs/dbt-env/lib/python3.11/site-packages/airflow/example_dags/example_trigger_target_dag.py
[2025-02-17T22:32:37.050-0700] {logging_mixin.py:154} INFO - [2025-02-17T22:32:37.050-0700] {dag.py:2941} INFO - Sync 1 DAGs
[2025-02-17T22:32:37.060-0700] {logging_mixin.py:154} INFO - [2025-02-17T22:32:37.060-0700] {dag.py:3722} INFO - Setting next_dagrun for example_trigger_target_dag to None, run_after=None
[2025-02-17T22:32:37.078-0700] {processor.py:179} INFO - Processing /home/jparep/miniconda3/envs/dbt-env/lib/python3.11/site-packages/airflow/example_dags/example_trigger_target_dag.py took 0.066 seconds
[2025-02-17T22:33:19.185-0700] {processor.py:157} INFO - Started process (PID=157151) to work on /home/jparep/miniconda3/envs/dbt-env/lib/python3.11/site-packages/airflow/example_dags/example_trigger_target_dag.py
[2025-02-17T22:33:19.187-0700] {processor.py:829} INFO - Processing file /home/jparep/miniconda3/envs/dbt-env/lib/python3.11/site-packages/airflow/example_dags/example_trigger_target_dag.py for tasks to queue
[2025-02-17T22:33:19.188-0700] {logging_mixin.py:154} INFO - [2025-02-17T22:33:19.188-0700] {dagbag.py:536} INFO - Filling up the DagBag from /home/jparep/miniconda3/envs/dbt-env/lib/python3.11/site-packages/airflow/example_dags/example_trigger_target_dag.py
[2025-02-17T22:33:19.205-0700] {processor.py:839} INFO - DAG(s) dict_keys(['example_trigger_target_dag']) retrieved from /home/jparep/miniconda3/envs/dbt-env/lib/python3.11/site-packages/airflow/example_dags/example_trigger_target_dag.py
[2025-02-17T22:33:19.227-0700] {logging_mixin.py:154} INFO - [2025-02-17T22:33:19.227-0700] {dag.py:2941} INFO - Sync 1 DAGs
[2025-02-17T22:33:19.241-0700] {logging_mixin.py:154} INFO - [2025-02-17T22:33:19.241-0700] {dag.py:3722} INFO - Setting next_dagrun for example_trigger_target_dag to None, run_after=None
[2025-02-17T22:33:19.265-0700] {processor.py:179} INFO - Processing /home/jparep/miniconda3/envs/dbt-env/lib/python3.11/site-packages/airflow/example_dags/example_trigger_target_dag.py took 0.086 seconds
[2025-02-17T22:34:10.956-0700] {processor.py:157} INFO - Started process (PID=157591) to work on /home/jparep/miniconda3/envs/dbt-env/lib/python3.11/site-packages/airflow/example_dags/example_trigger_target_dag.py
[2025-02-17T22:34:10.958-0700] {processor.py:829} INFO - Processing file /home/jparep/miniconda3/envs/dbt-env/lib/python3.11/site-packages/airflow/example_dags/example_trigger_target_dag.py for tasks to queue
[2025-02-17T22:34:10.959-0700] {logging_mixin.py:154} INFO - [2025-02-17T22:34:10.959-0700] {dagbag.py:536} INFO - Filling up the DagBag from /home/jparep/miniconda3/envs/dbt-env/lib/python3.11/site-packages/airflow/example_dags/example_trigger_target_dag.py
[2025-02-17T22:34:10.967-0700] {processor.py:839} INFO - DAG(s) dict_keys(['example_trigger_target_dag']) retrieved from /home/jparep/miniconda3/envs/dbt-env/lib/python3.11/site-packages/airflow/example_dags/example_trigger_target_dag.py
[2025-02-17T22:34:10.984-0700] {logging_mixin.py:154} INFO - [2025-02-17T22:34:10.984-0700] {dag.py:2941} INFO - Sync 1 DAGs
[2025-02-17T22:34:10.998-0700] {logging_mixin.py:154} INFO - [2025-02-17T22:34:10.998-0700] {dag.py:3722} INFO - Setting next_dagrun for example_trigger_target_dag to None, run_after=None
[2025-02-17T22:34:11.018-0700] {processor.py:179} INFO - Processing /home/jparep/miniconda3/envs/dbt-env/lib/python3.11/site-packages/airflow/example_dags/example_trigger_target_dag.py took 0.067 seconds
[2025-02-17T22:34:51.813-0700] {processor.py:157} INFO - Started process (PID=157944) to work on /home/jparep/miniconda3/envs/dbt-env/lib/python3.11/site-packages/airflow/example_dags/example_trigger_target_dag.py
[2025-02-17T22:34:51.816-0700] {processor.py:829} INFO - Processing file /home/jparep/miniconda3/envs/dbt-env/lib/python3.11/site-packages/airflow/example_dags/example_trigger_target_dag.py for tasks to queue
[2025-02-17T22:34:51.817-0700] {logging_mixin.py:154} INFO - [2025-02-17T22:34:51.816-0700] {dagbag.py:536} INFO - Filling up the DagBag from /home/jparep/miniconda3/envs/dbt-env/lib/python3.11/site-packages/airflow/example_dags/example_trigger_target_dag.py
[2025-02-17T22:34:51.823-0700] {processor.py:839} INFO - DAG(s) dict_keys(['example_trigger_target_dag']) retrieved from /home/jparep/miniconda3/envs/dbt-env/lib/python3.11/site-packages/airflow/example_dags/example_trigger_target_dag.py
[2025-02-17T22:34:51.840-0700] {logging_mixin.py:154} INFO - [2025-02-17T22:34:51.840-0700] {dag.py:2941} INFO - Sync 1 DAGs
[2025-02-17T22:34:51.851-0700] {logging_mixin.py:154} INFO - [2025-02-17T22:34:51.850-0700] {dag.py:3722} INFO - Setting next_dagrun for example_trigger_target_dag to None, run_after=None
[2025-02-17T22:34:51.870-0700] {processor.py:179} INFO - Processing /home/jparep/miniconda3/envs/dbt-env/lib/python3.11/site-packages/airflow/example_dags/example_trigger_target_dag.py took 0.060 seconds
[2025-02-17T22:35:46.906-0700] {processor.py:157} INFO - Started process (PID=158450) to work on /home/jparep/miniconda3/envs/dbt-env/lib/python3.11/site-packages/airflow/example_dags/example_trigger_target_dag.py
[2025-02-17T22:35:46.909-0700] {processor.py:829} INFO - Processing file /home/jparep/miniconda3/envs/dbt-env/lib/python3.11/site-packages/airflow/example_dags/example_trigger_target_dag.py for tasks to queue
[2025-02-17T22:35:46.910-0700] {logging_mixin.py:154} INFO - [2025-02-17T22:35:46.909-0700] {dagbag.py:536} INFO - Filling up the DagBag from /home/jparep/miniconda3/envs/dbt-env/lib/python3.11/site-packages/airflow/example_dags/example_trigger_target_dag.py
[2025-02-17T22:35:46.917-0700] {processor.py:839} INFO - DAG(s) dict_keys(['example_trigger_target_dag']) retrieved from /home/jparep/miniconda3/envs/dbt-env/lib/python3.11/site-packages/airflow/example_dags/example_trigger_target_dag.py
[2025-02-17T22:35:46.933-0700] {logging_mixin.py:154} INFO - [2025-02-17T22:35:46.933-0700] {dag.py:2941} INFO - Sync 1 DAGs
[2025-02-17T22:35:46.941-0700] {logging_mixin.py:154} INFO - [2025-02-17T22:35:46.941-0700] {dag.py:3722} INFO - Setting next_dagrun for example_trigger_target_dag to None, run_after=None
[2025-02-17T22:35:46.955-0700] {processor.py:179} INFO - Processing /home/jparep/miniconda3/envs/dbt-env/lib/python3.11/site-packages/airflow/example_dags/example_trigger_target_dag.py took 0.053 seconds
[2025-02-17T22:36:26.664-0700] {processor.py:157} INFO - Started process (PID=158708) to work on /home/jparep/miniconda3/envs/dbt-env/lib/python3.11/site-packages/airflow/example_dags/example_trigger_target_dag.py
[2025-02-17T22:36:26.667-0700] {processor.py:829} INFO - Processing file /home/jparep/miniconda3/envs/dbt-env/lib/python3.11/site-packages/airflow/example_dags/example_trigger_target_dag.py for tasks to queue
[2025-02-17T22:36:26.667-0700] {logging_mixin.py:154} INFO - [2025-02-17T22:36:26.667-0700] {dagbag.py:536} INFO - Filling up the DagBag from /home/jparep/miniconda3/envs/dbt-env/lib/python3.11/site-packages/airflow/example_dags/example_trigger_target_dag.py
[2025-02-17T22:36:26.673-0700] {processor.py:839} INFO - DAG(s) dict_keys(['example_trigger_target_dag']) retrieved from /home/jparep/miniconda3/envs/dbt-env/lib/python3.11/site-packages/airflow/example_dags/example_trigger_target_dag.py
[2025-02-17T22:36:26.686-0700] {logging_mixin.py:154} INFO - [2025-02-17T22:36:26.686-0700] {dag.py:2941} INFO - Sync 1 DAGs
[2025-02-17T22:36:26.694-0700] {logging_mixin.py:154} INFO - [2025-02-17T22:36:26.694-0700] {dag.py:3722} INFO - Setting next_dagrun for example_trigger_target_dag to None, run_after=None
[2025-02-17T22:36:26.710-0700] {processor.py:179} INFO - Processing /home/jparep/miniconda3/envs/dbt-env/lib/python3.11/site-packages/airflow/example_dags/example_trigger_target_dag.py took 0.049 seconds
[2025-02-17T22:37:06.750-0700] {processor.py:157} INFO - Started process (PID=159139) to work on /home/jparep/miniconda3/envs/dbt-env/lib/python3.11/site-packages/airflow/example_dags/example_trigger_target_dag.py
[2025-02-17T22:37:06.752-0700] {processor.py:829} INFO - Processing file /home/jparep/miniconda3/envs/dbt-env/lib/python3.11/site-packages/airflow/example_dags/example_trigger_target_dag.py for tasks to queue
[2025-02-17T22:37:06.753-0700] {logging_mixin.py:154} INFO - [2025-02-17T22:37:06.753-0700] {dagbag.py:536} INFO - Filling up the DagBag from /home/jparep/miniconda3/envs/dbt-env/lib/python3.11/site-packages/airflow/example_dags/example_trigger_target_dag.py
[2025-02-17T22:37:06.763-0700] {processor.py:839} INFO - DAG(s) dict_keys(['example_trigger_target_dag']) retrieved from /home/jparep/miniconda3/envs/dbt-env/lib/python3.11/site-packages/airflow/example_dags/example_trigger_target_dag.py
[2025-02-17T22:37:06.786-0700] {logging_mixin.py:154} INFO - [2025-02-17T22:37:06.786-0700] {dag.py:2941} INFO - Sync 1 DAGs
[2025-02-17T22:37:06.802-0700] {logging_mixin.py:154} INFO - [2025-02-17T22:37:06.802-0700] {dag.py:3722} INFO - Setting next_dagrun for example_trigger_target_dag to None, run_after=None
[2025-02-17T22:37:06.834-0700] {processor.py:179} INFO - Processing /home/jparep/miniconda3/envs/dbt-env/lib/python3.11/site-packages/airflow/example_dags/example_trigger_target_dag.py took 0.089 seconds
[2025-02-17T22:37:58.975-0700] {processor.py:157} INFO - Started process (PID=160286) to work on /home/jparep/miniconda3/envs/dbt-env/lib/python3.11/site-packages/airflow/example_dags/example_trigger_target_dag.py
[2025-02-17T22:37:58.977-0700] {processor.py:829} INFO - Processing file /home/jparep/miniconda3/envs/dbt-env/lib/python3.11/site-packages/airflow/example_dags/example_trigger_target_dag.py for tasks to queue
[2025-02-17T22:37:58.978-0700] {logging_mixin.py:154} INFO - [2025-02-17T22:37:58.978-0700] {dagbag.py:536} INFO - Filling up the DagBag from /home/jparep/miniconda3/envs/dbt-env/lib/python3.11/site-packages/airflow/example_dags/example_trigger_target_dag.py
[2025-02-17T22:37:58.984-0700] {processor.py:839} INFO - DAG(s) dict_keys(['example_trigger_target_dag']) retrieved from /home/jparep/miniconda3/envs/dbt-env/lib/python3.11/site-packages/airflow/example_dags/example_trigger_target_dag.py
[2025-02-17T22:37:58.997-0700] {logging_mixin.py:154} INFO - [2025-02-17T22:37:58.997-0700] {dag.py:2941} INFO - Sync 1 DAGs
[2025-02-17T22:37:59.010-0700] {logging_mixin.py:154} INFO - [2025-02-17T22:37:59.010-0700] {dag.py:3722} INFO - Setting next_dagrun for example_trigger_target_dag to None, run_after=None
[2025-02-17T22:37:59.031-0700] {processor.py:179} INFO - Processing /home/jparep/miniconda3/envs/dbt-env/lib/python3.11/site-packages/airflow/example_dags/example_trigger_target_dag.py took 0.060 seconds
[2025-02-17T22:38:53.823-0700] {processor.py:157} INFO - Started process (PID=160823) to work on /home/jparep/miniconda3/envs/dbt-env/lib/python3.11/site-packages/airflow/example_dags/example_trigger_target_dag.py
[2025-02-17T22:38:53.825-0700] {processor.py:829} INFO - Processing file /home/jparep/miniconda3/envs/dbt-env/lib/python3.11/site-packages/airflow/example_dags/example_trigger_target_dag.py for tasks to queue
[2025-02-17T22:38:53.827-0700] {logging_mixin.py:154} INFO - [2025-02-17T22:38:53.826-0700] {dagbag.py:536} INFO - Filling up the DagBag from /home/jparep/miniconda3/envs/dbt-env/lib/python3.11/site-packages/airflow/example_dags/example_trigger_target_dag.py
[2025-02-17T22:38:53.836-0700] {processor.py:839} INFO - DAG(s) dict_keys(['example_trigger_target_dag']) retrieved from /home/jparep/miniconda3/envs/dbt-env/lib/python3.11/site-packages/airflow/example_dags/example_trigger_target_dag.py
[2025-02-17T22:38:53.861-0700] {logging_mixin.py:154} INFO - [2025-02-17T22:38:53.861-0700] {dag.py:2941} INFO - Sync 1 DAGs
[2025-02-17T22:38:53.878-0700] {logging_mixin.py:154} INFO - [2025-02-17T22:38:53.878-0700] {dag.py:3722} INFO - Setting next_dagrun for example_trigger_target_dag to None, run_after=None
[2025-02-17T22:38:53.910-0700] {processor.py:179} INFO - Processing /home/jparep/miniconda3/envs/dbt-env/lib/python3.11/site-packages/airflow/example_dags/example_trigger_target_dag.py took 0.095 seconds
[2025-02-17T22:39:46.727-0700] {processor.py:157} INFO - Started process (PID=161256) to work on /home/jparep/miniconda3/envs/dbt-env/lib/python3.11/site-packages/airflow/example_dags/example_trigger_target_dag.py
[2025-02-17T22:39:46.730-0700] {processor.py:829} INFO - Processing file /home/jparep/miniconda3/envs/dbt-env/lib/python3.11/site-packages/airflow/example_dags/example_trigger_target_dag.py for tasks to queue
[2025-02-17T22:39:46.730-0700] {logging_mixin.py:154} INFO - [2025-02-17T22:39:46.730-0700] {dagbag.py:536} INFO - Filling up the DagBag from /home/jparep/miniconda3/envs/dbt-env/lib/python3.11/site-packages/airflow/example_dags/example_trigger_target_dag.py
[2025-02-17T22:39:46.736-0700] {processor.py:839} INFO - DAG(s) dict_keys(['example_trigger_target_dag']) retrieved from /home/jparep/miniconda3/envs/dbt-env/lib/python3.11/site-packages/airflow/example_dags/example_trigger_target_dag.py
[2025-02-17T22:39:46.749-0700] {logging_mixin.py:154} INFO - [2025-02-17T22:39:46.749-0700] {dag.py:2941} INFO - Sync 1 DAGs
[2025-02-17T22:39:46.758-0700] {logging_mixin.py:154} INFO - [2025-02-17T22:39:46.758-0700] {dag.py:3722} INFO - Setting next_dagrun for example_trigger_target_dag to None, run_after=None
[2025-02-17T22:39:46.776-0700] {processor.py:179} INFO - Processing /home/jparep/miniconda3/envs/dbt-env/lib/python3.11/site-packages/airflow/example_dags/example_trigger_target_dag.py took 0.051 seconds
[2025-02-17T22:40:24.253-0700] {processor.py:157} INFO - Started process (PID=161635) to work on /home/jparep/miniconda3/envs/dbt-env/lib/python3.11/site-packages/airflow/example_dags/example_trigger_target_dag.py
[2025-02-17T22:40:24.256-0700] {processor.py:829} INFO - Processing file /home/jparep/miniconda3/envs/dbt-env/lib/python3.11/site-packages/airflow/example_dags/example_trigger_target_dag.py for tasks to queue
[2025-02-17T22:40:24.257-0700] {logging_mixin.py:154} INFO - [2025-02-17T22:40:24.256-0700] {dagbag.py:536} INFO - Filling up the DagBag from /home/jparep/miniconda3/envs/dbt-env/lib/python3.11/site-packages/airflow/example_dags/example_trigger_target_dag.py
[2025-02-17T22:40:24.262-0700] {processor.py:839} INFO - DAG(s) dict_keys(['example_trigger_target_dag']) retrieved from /home/jparep/miniconda3/envs/dbt-env/lib/python3.11/site-packages/airflow/example_dags/example_trigger_target_dag.py
[2025-02-17T22:40:24.276-0700] {logging_mixin.py:154} INFO - [2025-02-17T22:40:24.276-0700] {dag.py:2941} INFO - Sync 1 DAGs
[2025-02-17T22:40:24.286-0700] {logging_mixin.py:154} INFO - [2025-02-17T22:40:24.285-0700] {dag.py:3722} INFO - Setting next_dagrun for example_trigger_target_dag to None, run_after=None
[2025-02-17T22:40:24.303-0700] {processor.py:179} INFO - Processing /home/jparep/miniconda3/envs/dbt-env/lib/python3.11/site-packages/airflow/example_dags/example_trigger_target_dag.py took 0.053 seconds
[2025-02-17T22:41:02.815-0700] {processor.py:157} INFO - Started process (PID=161904) to work on /home/jparep/miniconda3/envs/dbt-env/lib/python3.11/site-packages/airflow/example_dags/example_trigger_target_dag.py
[2025-02-17T22:41:02.817-0700] {processor.py:829} INFO - Processing file /home/jparep/miniconda3/envs/dbt-env/lib/python3.11/site-packages/airflow/example_dags/example_trigger_target_dag.py for tasks to queue
[2025-02-17T22:41:02.818-0700] {logging_mixin.py:154} INFO - [2025-02-17T22:41:02.818-0700] {dagbag.py:536} INFO - Filling up the DagBag from /home/jparep/miniconda3/envs/dbt-env/lib/python3.11/site-packages/airflow/example_dags/example_trigger_target_dag.py
[2025-02-17T22:41:02.828-0700] {processor.py:839} INFO - DAG(s) dict_keys(['example_trigger_target_dag']) retrieved from /home/jparep/miniconda3/envs/dbt-env/lib/python3.11/site-packages/airflow/example_dags/example_trigger_target_dag.py
[2025-02-17T22:41:02.852-0700] {logging_mixin.py:154} INFO - [2025-02-17T22:41:02.851-0700] {dag.py:2941} INFO - Sync 1 DAGs
[2025-02-17T22:41:02.867-0700] {logging_mixin.py:154} INFO - [2025-02-17T22:41:02.867-0700] {dag.py:3722} INFO - Setting next_dagrun for example_trigger_target_dag to None, run_after=None
[2025-02-17T22:41:02.898-0700] {processor.py:179} INFO - Processing /home/jparep/miniconda3/envs/dbt-env/lib/python3.11/site-packages/airflow/example_dags/example_trigger_target_dag.py took 0.086 seconds
[2025-02-17T22:41:42.742-0700] {processor.py:157} INFO - Started process (PID=162247) to work on /home/jparep/miniconda3/envs/dbt-env/lib/python3.11/site-packages/airflow/example_dags/example_trigger_target_dag.py
[2025-02-17T22:41:42.745-0700] {processor.py:829} INFO - Processing file /home/jparep/miniconda3/envs/dbt-env/lib/python3.11/site-packages/airflow/example_dags/example_trigger_target_dag.py for tasks to queue
[2025-02-17T22:41:42.746-0700] {logging_mixin.py:154} INFO - [2025-02-17T22:41:42.746-0700] {dagbag.py:536} INFO - Filling up the DagBag from /home/jparep/miniconda3/envs/dbt-env/lib/python3.11/site-packages/airflow/example_dags/example_trigger_target_dag.py
[2025-02-17T22:41:42.755-0700] {processor.py:839} INFO - DAG(s) dict_keys(['example_trigger_target_dag']) retrieved from /home/jparep/miniconda3/envs/dbt-env/lib/python3.11/site-packages/airflow/example_dags/example_trigger_target_dag.py
[2025-02-17T22:41:42.777-0700] {logging_mixin.py:154} INFO - [2025-02-17T22:41:42.777-0700] {dag.py:2941} INFO - Sync 1 DAGs
[2025-02-17T22:41:42.792-0700] {logging_mixin.py:154} INFO - [2025-02-17T22:41:42.792-0700] {dag.py:3722} INFO - Setting next_dagrun for example_trigger_target_dag to None, run_after=None
[2025-02-17T22:41:42.815-0700] {processor.py:179} INFO - Processing /home/jparep/miniconda3/envs/dbt-env/lib/python3.11/site-packages/airflow/example_dags/example_trigger_target_dag.py took 0.077 seconds
