[2025-02-17T22:16:01.297-0700] {processor.py:157} INFO - Started process (PID=148485) to work on /home/jparep/miniconda3/envs/dbt-env/lib/python3.11/site-packages/airflow/example_dags/example_params_ui_tutorial.py
[2025-02-17T22:16:01.299-0700] {processor.py:829} INFO - Processing file /home/jparep/miniconda3/envs/dbt-env/lib/python3.11/site-packages/airflow/example_dags/example_params_ui_tutorial.py for tasks to queue
[2025-02-17T22:16:01.300-0700] {logging_mixin.py:154} INFO - [2025-02-17T22:16:01.299-0700] {dagbag.py:536} INFO - Filling up the DagBag from /home/jparep/miniconda3/envs/dbt-env/lib/python3.11/site-packages/airflow/example_dags/example_params_ui_tutorial.py
[2025-02-17T22:16:01.332-0700] {processor.py:839} INFO - DAG(s) dict_keys(['example_params_ui_tutorial']) retrieved from /home/jparep/miniconda3/envs/dbt-env/lib/python3.11/site-packages/airflow/example_dags/example_params_ui_tutorial.py
[2025-02-17T22:16:01.552-0700] {logging_mixin.py:154} INFO - [2025-02-17T22:16:01.551-0700] {manager.py:499} INFO - Created Permission View: %s
[2025-02-17T22:16:01.567-0700] {logging_mixin.py:154} INFO - [2025-02-17T22:16:01.566-0700] {manager.py:499} INFO - Created Permission View: %s
[2025-02-17T22:16:01.575-0700] {logging_mixin.py:154} INFO - [2025-02-17T22:16:01.575-0700] {manager.py:499} INFO - Created Permission View: %s
[2025-02-17T22:16:01.576-0700] {logging_mixin.py:154} INFO - [2025-02-17T22:16:01.575-0700] {dag.py:2941} INFO - Sync 1 DAGs
[2025-02-17T22:16:01.585-0700] {logging_mixin.py:154} INFO - [2025-02-17T22:16:01.585-0700] {dag.py:2963} INFO - Creating ORM DAG for example_params_ui_tutorial
[2025-02-17T22:16:01.585-0700] {logging_mixin.py:154} INFO - [2025-02-17T22:16:01.585-0700] {dag.py:3722} INFO - Setting next_dagrun for example_params_ui_tutorial to None, run_after=None
[2025-02-17T22:16:01.605-0700] {processor.py:179} INFO - Processing /home/jparep/miniconda3/envs/dbt-env/lib/python3.11/site-packages/airflow/example_dags/example_params_ui_tutorial.py took 0.312 seconds
[2025-02-17T22:16:57.026-0700] {processor.py:157} INFO - Started process (PID=148852) to work on /home/jparep/miniconda3/envs/dbt-env/lib/python3.11/site-packages/airflow/example_dags/example_params_ui_tutorial.py
[2025-02-17T22:16:57.029-0700] {processor.py:829} INFO - Processing file /home/jparep/miniconda3/envs/dbt-env/lib/python3.11/site-packages/airflow/example_dags/example_params_ui_tutorial.py for tasks to queue
[2025-02-17T22:16:57.029-0700] {logging_mixin.py:154} INFO - [2025-02-17T22:16:57.029-0700] {dagbag.py:536} INFO - Filling up the DagBag from /home/jparep/miniconda3/envs/dbt-env/lib/python3.11/site-packages/airflow/example_dags/example_params_ui_tutorial.py
[2025-02-17T22:16:57.059-0700] {processor.py:839} INFO - DAG(s) dict_keys(['example_params_ui_tutorial']) retrieved from /home/jparep/miniconda3/envs/dbt-env/lib/python3.11/site-packages/airflow/example_dags/example_params_ui_tutorial.py
[2025-02-17T22:16:57.102-0700] {logging_mixin.py:154} INFO - [2025-02-17T22:16:57.101-0700] {dag.py:2941} INFO - Sync 1 DAGs
[2025-02-17T22:16:57.245-0700] {logging_mixin.py:154} INFO - [2025-02-17T22:16:57.245-0700] {dag.py:3722} INFO - Setting next_dagrun for example_params_ui_tutorial to None, run_after=None
[2025-02-17T22:16:57.277-0700] {processor.py:179} INFO - Processing /home/jparep/miniconda3/envs/dbt-env/lib/python3.11/site-packages/airflow/example_dags/example_params_ui_tutorial.py took 0.254 seconds
[2025-02-17T22:17:51.034-0700] {processor.py:157} INFO - Started process (PID=149357) to work on /home/jparep/miniconda3/envs/dbt-env/lib/python3.11/site-packages/airflow/example_dags/example_params_ui_tutorial.py
[2025-02-17T22:17:51.038-0700] {processor.py:829} INFO - Processing file /home/jparep/miniconda3/envs/dbt-env/lib/python3.11/site-packages/airflow/example_dags/example_params_ui_tutorial.py for tasks to queue
[2025-02-17T22:17:51.039-0700] {logging_mixin.py:154} INFO - [2025-02-17T22:17:51.038-0700] {dagbag.py:536} INFO - Filling up the DagBag from /home/jparep/miniconda3/envs/dbt-env/lib/python3.11/site-packages/airflow/example_dags/example_params_ui_tutorial.py
[2025-02-17T22:17:51.066-0700] {processor.py:839} INFO - DAG(s) dict_keys(['example_params_ui_tutorial']) retrieved from /home/jparep/miniconda3/envs/dbt-env/lib/python3.11/site-packages/airflow/example_dags/example_params_ui_tutorial.py
[2025-02-17T22:17:51.121-0700] {logging_mixin.py:154} INFO - [2025-02-17T22:17:51.120-0700] {dag.py:2941} INFO - Sync 1 DAGs
[2025-02-17T22:17:51.141-0700] {logging_mixin.py:154} INFO - [2025-02-17T22:17:51.141-0700] {dag.py:3722} INFO - Setting next_dagrun for example_params_ui_tutorial to None, run_after=None
[2025-02-17T22:17:51.175-0700] {processor.py:179} INFO - Processing /home/jparep/miniconda3/envs/dbt-env/lib/python3.11/site-packages/airflow/example_dags/example_params_ui_tutorial.py took 0.147 seconds
[2025-02-17T22:18:34.893-0700] {processor.py:157} INFO - Started process (PID=149814) to work on /home/jparep/miniconda3/envs/dbt-env/lib/python3.11/site-packages/airflow/example_dags/example_params_ui_tutorial.py
[2025-02-17T22:18:34.896-0700] {processor.py:829} INFO - Processing file /home/jparep/miniconda3/envs/dbt-env/lib/python3.11/site-packages/airflow/example_dags/example_params_ui_tutorial.py for tasks to queue
[2025-02-17T22:18:34.897-0700] {logging_mixin.py:154} INFO - [2025-02-17T22:18:34.897-0700] {dagbag.py:536} INFO - Filling up the DagBag from /home/jparep/miniconda3/envs/dbt-env/lib/python3.11/site-packages/airflow/example_dags/example_params_ui_tutorial.py
[2025-02-17T22:18:34.937-0700] {processor.py:839} INFO - DAG(s) dict_keys(['example_params_ui_tutorial']) retrieved from /home/jparep/miniconda3/envs/dbt-env/lib/python3.11/site-packages/airflow/example_dags/example_params_ui_tutorial.py
[2025-02-17T22:18:34.968-0700] {logging_mixin.py:154} INFO - [2025-02-17T22:18:34.968-0700] {dag.py:2941} INFO - Sync 1 DAGs
[2025-02-17T22:18:34.978-0700] {logging_mixin.py:154} INFO - [2025-02-17T22:18:34.978-0700] {dag.py:3722} INFO - Setting next_dagrun for example_params_ui_tutorial to None, run_after=None
[2025-02-17T22:18:34.996-0700] {processor.py:179} INFO - Processing /home/jparep/miniconda3/envs/dbt-env/lib/python3.11/site-packages/airflow/example_dags/example_params_ui_tutorial.py took 0.108 seconds
[2025-02-17T22:19:15.192-0700] {processor.py:157} INFO - Started process (PID=150083) to work on /home/jparep/miniconda3/envs/dbt-env/lib/python3.11/site-packages/airflow/example_dags/example_params_ui_tutorial.py
[2025-02-17T22:19:15.194-0700] {processor.py:829} INFO - Processing file /home/jparep/miniconda3/envs/dbt-env/lib/python3.11/site-packages/airflow/example_dags/example_params_ui_tutorial.py for tasks to queue
[2025-02-17T22:19:15.195-0700] {logging_mixin.py:154} INFO - [2025-02-17T22:19:15.195-0700] {dagbag.py:536} INFO - Filling up the DagBag from /home/jparep/miniconda3/envs/dbt-env/lib/python3.11/site-packages/airflow/example_dags/example_params_ui_tutorial.py
[2025-02-17T22:19:15.218-0700] {processor.py:839} INFO - DAG(s) dict_keys(['example_params_ui_tutorial']) retrieved from /home/jparep/miniconda3/envs/dbt-env/lib/python3.11/site-packages/airflow/example_dags/example_params_ui_tutorial.py
[2025-02-17T22:19:15.251-0700] {logging_mixin.py:154} INFO - [2025-02-17T22:19:15.251-0700] {dag.py:2941} INFO - Sync 1 DAGs
[2025-02-17T22:19:15.259-0700] {logging_mixin.py:154} INFO - [2025-02-17T22:19:15.259-0700] {dag.py:3722} INFO - Setting next_dagrun for example_params_ui_tutorial to None, run_after=None
[2025-02-17T22:19:15.276-0700] {processor.py:179} INFO - Processing /home/jparep/miniconda3/envs/dbt-env/lib/python3.11/site-packages/airflow/example_dags/example_params_ui_tutorial.py took 0.089 seconds
[2025-02-17T22:19:54.023-0700] {processor.py:157} INFO - Started process (PID=150509) to work on /home/jparep/miniconda3/envs/dbt-env/lib/python3.11/site-packages/airflow/example_dags/example_params_ui_tutorial.py
[2025-02-17T22:19:54.025-0700] {processor.py:829} INFO - Processing file /home/jparep/miniconda3/envs/dbt-env/lib/python3.11/site-packages/airflow/example_dags/example_params_ui_tutorial.py for tasks to queue
[2025-02-17T22:19:54.026-0700] {logging_mixin.py:154} INFO - [2025-02-17T22:19:54.026-0700] {dagbag.py:536} INFO - Filling up the DagBag from /home/jparep/miniconda3/envs/dbt-env/lib/python3.11/site-packages/airflow/example_dags/example_params_ui_tutorial.py
[2025-02-17T22:19:54.063-0700] {processor.py:839} INFO - DAG(s) dict_keys(['example_params_ui_tutorial']) retrieved from /home/jparep/miniconda3/envs/dbt-env/lib/python3.11/site-packages/airflow/example_dags/example_params_ui_tutorial.py
[2025-02-17T22:19:54.109-0700] {logging_mixin.py:154} INFO - [2025-02-17T22:19:54.108-0700] {dag.py:2941} INFO - Sync 1 DAGs
[2025-02-17T22:19:54.122-0700] {logging_mixin.py:154} INFO - [2025-02-17T22:19:54.122-0700] {dag.py:3722} INFO - Setting next_dagrun for example_params_ui_tutorial to None, run_after=None
[2025-02-17T22:19:54.153-0700] {processor.py:179} INFO - Processing /home/jparep/miniconda3/envs/dbt-env/lib/python3.11/site-packages/airflow/example_dags/example_params_ui_tutorial.py took 0.134 seconds
[2025-02-17T22:20:36.061-0700] {processor.py:157} INFO - Started process (PID=150762) to work on /home/jparep/miniconda3/envs/dbt-env/lib/python3.11/site-packages/airflow/example_dags/example_params_ui_tutorial.py
[2025-02-17T22:20:36.063-0700] {processor.py:829} INFO - Processing file /home/jparep/miniconda3/envs/dbt-env/lib/python3.11/site-packages/airflow/example_dags/example_params_ui_tutorial.py for tasks to queue
[2025-02-17T22:20:36.064-0700] {logging_mixin.py:154} INFO - [2025-02-17T22:20:36.064-0700] {dagbag.py:536} INFO - Filling up the DagBag from /home/jparep/miniconda3/envs/dbt-env/lib/python3.11/site-packages/airflow/example_dags/example_params_ui_tutorial.py
[2025-02-17T22:20:36.100-0700] {processor.py:839} INFO - DAG(s) dict_keys(['example_params_ui_tutorial']) retrieved from /home/jparep/miniconda3/envs/dbt-env/lib/python3.11/site-packages/airflow/example_dags/example_params_ui_tutorial.py
[2025-02-17T22:20:36.145-0700] {logging_mixin.py:154} INFO - [2025-02-17T22:20:36.145-0700] {dag.py:2941} INFO - Sync 1 DAGs
[2025-02-17T22:20:36.157-0700] {logging_mixin.py:154} INFO - [2025-02-17T22:20:36.157-0700] {dag.py:3722} INFO - Setting next_dagrun for example_params_ui_tutorial to None, run_after=None
[2025-02-17T22:20:36.177-0700] {processor.py:179} INFO - Processing /home/jparep/miniconda3/envs/dbt-env/lib/python3.11/site-packages/airflow/example_dags/example_params_ui_tutorial.py took 0.120 seconds
[2025-02-17T22:21:29.619-0700] {processor.py:157} INFO - Started process (PID=151285) to work on /home/jparep/miniconda3/envs/dbt-env/lib/python3.11/site-packages/airflow/example_dags/example_params_ui_tutorial.py
[2025-02-17T22:21:29.623-0700] {processor.py:829} INFO - Processing file /home/jparep/miniconda3/envs/dbt-env/lib/python3.11/site-packages/airflow/example_dags/example_params_ui_tutorial.py for tasks to queue
[2025-02-17T22:21:29.624-0700] {logging_mixin.py:154} INFO - [2025-02-17T22:21:29.624-0700] {dagbag.py:536} INFO - Filling up the DagBag from /home/jparep/miniconda3/envs/dbt-env/lib/python3.11/site-packages/airflow/example_dags/example_params_ui_tutorial.py
[2025-02-17T22:21:29.659-0700] {processor.py:839} INFO - DAG(s) dict_keys(['example_params_ui_tutorial']) retrieved from /home/jparep/miniconda3/envs/dbt-env/lib/python3.11/site-packages/airflow/example_dags/example_params_ui_tutorial.py
[2025-02-17T22:21:29.694-0700] {logging_mixin.py:154} INFO - [2025-02-17T22:21:29.694-0700] {dag.py:2941} INFO - Sync 1 DAGs
[2025-02-17T22:21:29.703-0700] {logging_mixin.py:154} INFO - [2025-02-17T22:21:29.703-0700] {dag.py:3722} INFO - Setting next_dagrun for example_params_ui_tutorial to None, run_after=None
[2025-02-17T22:21:29.723-0700] {processor.py:179} INFO - Processing /home/jparep/miniconda3/envs/dbt-env/lib/python3.11/site-packages/airflow/example_dags/example_params_ui_tutorial.py took 0.109 seconds
[2025-02-17T22:22:22.083-0700] {processor.py:157} INFO - Started process (PID=151692) to work on /home/jparep/miniconda3/envs/dbt-env/lib/python3.11/site-packages/airflow/example_dags/example_params_ui_tutorial.py
[2025-02-17T22:22:22.086-0700] {processor.py:829} INFO - Processing file /home/jparep/miniconda3/envs/dbt-env/lib/python3.11/site-packages/airflow/example_dags/example_params_ui_tutorial.py for tasks to queue
[2025-02-17T22:22:22.087-0700] {logging_mixin.py:154} INFO - [2025-02-17T22:22:22.087-0700] {dagbag.py:536} INFO - Filling up the DagBag from /home/jparep/miniconda3/envs/dbt-env/lib/python3.11/site-packages/airflow/example_dags/example_params_ui_tutorial.py
[2025-02-17T22:22:22.122-0700] {processor.py:839} INFO - DAG(s) dict_keys(['example_params_ui_tutorial']) retrieved from /home/jparep/miniconda3/envs/dbt-env/lib/python3.11/site-packages/airflow/example_dags/example_params_ui_tutorial.py
[2025-02-17T22:22:22.160-0700] {logging_mixin.py:154} INFO - [2025-02-17T22:22:22.160-0700] {dag.py:2941} INFO - Sync 1 DAGs
[2025-02-17T22:22:22.169-0700] {logging_mixin.py:154} INFO - [2025-02-17T22:22:22.169-0700] {dag.py:3722} INFO - Setting next_dagrun for example_params_ui_tutorial to None, run_after=None
[2025-02-17T22:22:22.189-0700] {processor.py:179} INFO - Processing /home/jparep/miniconda3/envs/dbt-env/lib/python3.11/site-packages/airflow/example_dags/example_params_ui_tutorial.py took 0.110 seconds
[2025-02-17T22:23:13.747-0700] {processor.py:157} INFO - Started process (PID=152102) to work on /home/jparep/miniconda3/envs/dbt-env/lib/python3.11/site-packages/airflow/example_dags/example_params_ui_tutorial.py
[2025-02-17T22:23:13.749-0700] {processor.py:829} INFO - Processing file /home/jparep/miniconda3/envs/dbt-env/lib/python3.11/site-packages/airflow/example_dags/example_params_ui_tutorial.py for tasks to queue
[2025-02-17T22:23:13.750-0700] {logging_mixin.py:154} INFO - [2025-02-17T22:23:13.750-0700] {dagbag.py:536} INFO - Filling up the DagBag from /home/jparep/miniconda3/envs/dbt-env/lib/python3.11/site-packages/airflow/example_dags/example_params_ui_tutorial.py
[2025-02-17T22:23:13.783-0700] {processor.py:839} INFO - DAG(s) dict_keys(['example_params_ui_tutorial']) retrieved from /home/jparep/miniconda3/envs/dbt-env/lib/python3.11/site-packages/airflow/example_dags/example_params_ui_tutorial.py
[2025-02-17T22:23:13.827-0700] {logging_mixin.py:154} INFO - [2025-02-17T22:23:13.827-0700] {dag.py:2941} INFO - Sync 1 DAGs
[2025-02-17T22:23:13.837-0700] {logging_mixin.py:154} INFO - [2025-02-17T22:23:13.837-0700] {dag.py:3722} INFO - Setting next_dagrun for example_params_ui_tutorial to None, run_after=None
[2025-02-17T22:23:13.860-0700] {processor.py:179} INFO - Processing /home/jparep/miniconda3/envs/dbt-env/lib/python3.11/site-packages/airflow/example_dags/example_params_ui_tutorial.py took 0.117 seconds
[2025-02-17T22:24:09.027-0700] {processor.py:157} INFO - Started process (PID=152615) to work on /home/jparep/miniconda3/envs/dbt-env/lib/python3.11/site-packages/airflow/example_dags/example_params_ui_tutorial.py
[2025-02-17T22:24:09.030-0700] {processor.py:829} INFO - Processing file /home/jparep/miniconda3/envs/dbt-env/lib/python3.11/site-packages/airflow/example_dags/example_params_ui_tutorial.py for tasks to queue
[2025-02-17T22:24:09.032-0700] {logging_mixin.py:154} INFO - [2025-02-17T22:24:09.031-0700] {dagbag.py:536} INFO - Filling up the DagBag from /home/jparep/miniconda3/envs/dbt-env/lib/python3.11/site-packages/airflow/example_dags/example_params_ui_tutorial.py
[2025-02-17T22:24:09.069-0700] {processor.py:839} INFO - DAG(s) dict_keys(['example_params_ui_tutorial']) retrieved from /home/jparep/miniconda3/envs/dbt-env/lib/python3.11/site-packages/airflow/example_dags/example_params_ui_tutorial.py
[2025-02-17T22:24:09.115-0700] {logging_mixin.py:154} INFO - [2025-02-17T22:24:09.114-0700] {dag.py:2941} INFO - Sync 1 DAGs
[2025-02-17T22:24:09.125-0700] {logging_mixin.py:154} INFO - [2025-02-17T22:24:09.125-0700] {dag.py:3722} INFO - Setting next_dagrun for example_params_ui_tutorial to None, run_after=None
[2025-02-17T22:24:09.149-0700] {processor.py:179} INFO - Processing /home/jparep/miniconda3/envs/dbt-env/lib/python3.11/site-packages/airflow/example_dags/example_params_ui_tutorial.py took 0.126 seconds
[2025-02-17T22:25:00.727-0700] {processor.py:157} INFO - Started process (PID=153127) to work on /home/jparep/miniconda3/envs/dbt-env/lib/python3.11/site-packages/airflow/example_dags/example_params_ui_tutorial.py
[2025-02-17T22:25:00.730-0700] {processor.py:829} INFO - Processing file /home/jparep/miniconda3/envs/dbt-env/lib/python3.11/site-packages/airflow/example_dags/example_params_ui_tutorial.py for tasks to queue
[2025-02-17T22:25:00.731-0700] {logging_mixin.py:154} INFO - [2025-02-17T22:25:00.731-0700] {dagbag.py:536} INFO - Filling up the DagBag from /home/jparep/miniconda3/envs/dbt-env/lib/python3.11/site-packages/airflow/example_dags/example_params_ui_tutorial.py
[2025-02-17T22:25:00.767-0700] {processor.py:839} INFO - DAG(s) dict_keys(['example_params_ui_tutorial']) retrieved from /home/jparep/miniconda3/envs/dbt-env/lib/python3.11/site-packages/airflow/example_dags/example_params_ui_tutorial.py
[2025-02-17T22:25:00.799-0700] {logging_mixin.py:154} INFO - [2025-02-17T22:25:00.799-0700] {dag.py:2941} INFO - Sync 1 DAGs
[2025-02-17T22:25:00.809-0700] {logging_mixin.py:154} INFO - [2025-02-17T22:25:00.808-0700] {dag.py:3722} INFO - Setting next_dagrun for example_params_ui_tutorial to None, run_after=None
[2025-02-17T22:25:00.829-0700] {processor.py:179} INFO - Processing /home/jparep/miniconda3/envs/dbt-env/lib/python3.11/site-packages/airflow/example_dags/example_params_ui_tutorial.py took 0.108 seconds
[2025-02-17T22:25:40.882-0700] {processor.py:157} INFO - Started process (PID=153390) to work on /home/jparep/miniconda3/envs/dbt-env/lib/python3.11/site-packages/airflow/example_dags/example_params_ui_tutorial.py
[2025-02-17T22:25:40.884-0700] {processor.py:829} INFO - Processing file /home/jparep/miniconda3/envs/dbt-env/lib/python3.11/site-packages/airflow/example_dags/example_params_ui_tutorial.py for tasks to queue
[2025-02-17T22:25:40.885-0700] {logging_mixin.py:154} INFO - [2025-02-17T22:25:40.885-0700] {dagbag.py:536} INFO - Filling up the DagBag from /home/jparep/miniconda3/envs/dbt-env/lib/python3.11/site-packages/airflow/example_dags/example_params_ui_tutorial.py
[2025-02-17T22:25:40.923-0700] {processor.py:839} INFO - DAG(s) dict_keys(['example_params_ui_tutorial']) retrieved from /home/jparep/miniconda3/envs/dbt-env/lib/python3.11/site-packages/airflow/example_dags/example_params_ui_tutorial.py
[2025-02-17T22:25:40.956-0700] {logging_mixin.py:154} INFO - [2025-02-17T22:25:40.956-0700] {dag.py:2941} INFO - Sync 1 DAGs
[2025-02-17T22:25:40.965-0700] {logging_mixin.py:154} INFO - [2025-02-17T22:25:40.965-0700] {dag.py:3722} INFO - Setting next_dagrun for example_params_ui_tutorial to None, run_after=None
[2025-02-17T22:25:40.984-0700] {processor.py:179} INFO - Processing /home/jparep/miniconda3/envs/dbt-env/lib/python3.11/site-packages/airflow/example_dags/example_params_ui_tutorial.py took 0.106 seconds
[2025-02-17T22:26:23.954-0700] {processor.py:157} INFO - Started process (PID=153826) to work on /home/jparep/miniconda3/envs/dbt-env/lib/python3.11/site-packages/airflow/example_dags/example_params_ui_tutorial.py
[2025-02-17T22:26:23.957-0700] {processor.py:829} INFO - Processing file /home/jparep/miniconda3/envs/dbt-env/lib/python3.11/site-packages/airflow/example_dags/example_params_ui_tutorial.py for tasks to queue
[2025-02-17T22:26:23.958-0700] {logging_mixin.py:154} INFO - [2025-02-17T22:26:23.957-0700] {dagbag.py:536} INFO - Filling up the DagBag from /home/jparep/miniconda3/envs/dbt-env/lib/python3.11/site-packages/airflow/example_dags/example_params_ui_tutorial.py
[2025-02-17T22:26:23.990-0700] {processor.py:839} INFO - DAG(s) dict_keys(['example_params_ui_tutorial']) retrieved from /home/jparep/miniconda3/envs/dbt-env/lib/python3.11/site-packages/airflow/example_dags/example_params_ui_tutorial.py
[2025-02-17T22:26:24.025-0700] {logging_mixin.py:154} INFO - [2025-02-17T22:26:24.025-0700] {dag.py:2941} INFO - Sync 1 DAGs
[2025-02-17T22:26:24.036-0700] {logging_mixin.py:154} INFO - [2025-02-17T22:26:24.036-0700] {dag.py:3722} INFO - Setting next_dagrun for example_params_ui_tutorial to None, run_after=None
[2025-02-17T22:26:24.061-0700] {processor.py:179} INFO - Processing /home/jparep/miniconda3/envs/dbt-env/lib/python3.11/site-packages/airflow/example_dags/example_params_ui_tutorial.py took 0.112 seconds
[2025-02-17T22:27:14.411-0700] {processor.py:157} INFO - Started process (PID=154330) to work on /home/jparep/miniconda3/envs/dbt-env/lib/python3.11/site-packages/airflow/example_dags/example_params_ui_tutorial.py
[2025-02-17T22:27:14.413-0700] {processor.py:829} INFO - Processing file /home/jparep/miniconda3/envs/dbt-env/lib/python3.11/site-packages/airflow/example_dags/example_params_ui_tutorial.py for tasks to queue
[2025-02-17T22:27:14.415-0700] {logging_mixin.py:154} INFO - [2025-02-17T22:27:14.414-0700] {dagbag.py:536} INFO - Filling up the DagBag from /home/jparep/miniconda3/envs/dbt-env/lib/python3.11/site-packages/airflow/example_dags/example_params_ui_tutorial.py
[2025-02-17T22:27:14.449-0700] {processor.py:839} INFO - DAG(s) dict_keys(['example_params_ui_tutorial']) retrieved from /home/jparep/miniconda3/envs/dbt-env/lib/python3.11/site-packages/airflow/example_dags/example_params_ui_tutorial.py
[2025-02-17T22:27:14.493-0700] {logging_mixin.py:154} INFO - [2025-02-17T22:27:14.493-0700] {dag.py:2941} INFO - Sync 1 DAGs
[2025-02-17T22:27:14.506-0700] {logging_mixin.py:154} INFO - [2025-02-17T22:27:14.506-0700] {dag.py:3722} INFO - Setting next_dagrun for example_params_ui_tutorial to None, run_after=None
[2025-02-17T22:27:14.526-0700] {processor.py:179} INFO - Processing /home/jparep/miniconda3/envs/dbt-env/lib/python3.11/site-packages/airflow/example_dags/example_params_ui_tutorial.py took 0.120 seconds
[2025-02-17T22:28:10.411-0700] {processor.py:157} INFO - Started process (PID=154781) to work on /home/jparep/miniconda3/envs/dbt-env/lib/python3.11/site-packages/airflow/example_dags/example_params_ui_tutorial.py
[2025-02-17T22:28:10.414-0700] {processor.py:829} INFO - Processing file /home/jparep/miniconda3/envs/dbt-env/lib/python3.11/site-packages/airflow/example_dags/example_params_ui_tutorial.py for tasks to queue
[2025-02-17T22:28:10.415-0700] {logging_mixin.py:154} INFO - [2025-02-17T22:28:10.415-0700] {dagbag.py:536} INFO - Filling up the DagBag from /home/jparep/miniconda3/envs/dbt-env/lib/python3.11/site-packages/airflow/example_dags/example_params_ui_tutorial.py
[2025-02-17T22:28:10.447-0700] {processor.py:839} INFO - DAG(s) dict_keys(['example_params_ui_tutorial']) retrieved from /home/jparep/miniconda3/envs/dbt-env/lib/python3.11/site-packages/airflow/example_dags/example_params_ui_tutorial.py
[2025-02-17T22:28:10.479-0700] {logging_mixin.py:154} INFO - [2025-02-17T22:28:10.479-0700] {dag.py:2941} INFO - Sync 1 DAGs
[2025-02-17T22:28:10.490-0700] {logging_mixin.py:154} INFO - [2025-02-17T22:28:10.490-0700] {dag.py:3722} INFO - Setting next_dagrun for example_params_ui_tutorial to None, run_after=None
[2025-02-17T22:28:10.510-0700] {processor.py:179} INFO - Processing /home/jparep/miniconda3/envs/dbt-env/lib/python3.11/site-packages/airflow/example_dags/example_params_ui_tutorial.py took 0.104 seconds
[2025-02-17T22:29:06.858-0700] {processor.py:157} INFO - Started process (PID=155070) to work on /home/jparep/miniconda3/envs/dbt-env/lib/python3.11/site-packages/airflow/example_dags/example_params_ui_tutorial.py
[2025-02-17T22:29:06.860-0700] {processor.py:829} INFO - Processing file /home/jparep/miniconda3/envs/dbt-env/lib/python3.11/site-packages/airflow/example_dags/example_params_ui_tutorial.py for tasks to queue
[2025-02-17T22:29:06.860-0700] {logging_mixin.py:154} INFO - [2025-02-17T22:29:06.860-0700] {dagbag.py:536} INFO - Filling up the DagBag from /home/jparep/miniconda3/envs/dbt-env/lib/python3.11/site-packages/airflow/example_dags/example_params_ui_tutorial.py
[2025-02-17T22:29:06.880-0700] {processor.py:839} INFO - DAG(s) dict_keys(['example_params_ui_tutorial']) retrieved from /home/jparep/miniconda3/envs/dbt-env/lib/python3.11/site-packages/airflow/example_dags/example_params_ui_tutorial.py
[2025-02-17T22:29:06.906-0700] {logging_mixin.py:154} INFO - [2025-02-17T22:29:06.906-0700] {dag.py:2941} INFO - Sync 1 DAGs
[2025-02-17T22:29:06.915-0700] {logging_mixin.py:154} INFO - [2025-02-17T22:29:06.914-0700] {dag.py:3722} INFO - Setting next_dagrun for example_params_ui_tutorial to None, run_after=None
[2025-02-17T22:29:06.932-0700] {processor.py:179} INFO - Processing /home/jparep/miniconda3/envs/dbt-env/lib/python3.11/site-packages/airflow/example_dags/example_params_ui_tutorial.py took 0.077 seconds
[2025-02-17T22:29:51.366-0700] {processor.py:157} INFO - Started process (PID=155429) to work on /home/jparep/miniconda3/envs/dbt-env/lib/python3.11/site-packages/airflow/example_dags/example_params_ui_tutorial.py
[2025-02-17T22:29:51.371-0700] {processor.py:829} INFO - Processing file /home/jparep/miniconda3/envs/dbt-env/lib/python3.11/site-packages/airflow/example_dags/example_params_ui_tutorial.py for tasks to queue
[2025-02-17T22:29:51.372-0700] {logging_mixin.py:154} INFO - [2025-02-17T22:29:51.372-0700] {dagbag.py:536} INFO - Filling up the DagBag from /home/jparep/miniconda3/envs/dbt-env/lib/python3.11/site-packages/airflow/example_dags/example_params_ui_tutorial.py
[2025-02-17T22:29:51.402-0700] {processor.py:839} INFO - DAG(s) dict_keys(['example_params_ui_tutorial']) retrieved from /home/jparep/miniconda3/envs/dbt-env/lib/python3.11/site-packages/airflow/example_dags/example_params_ui_tutorial.py
[2025-02-17T22:29:51.433-0700] {logging_mixin.py:154} INFO - [2025-02-17T22:29:51.433-0700] {dag.py:2941} INFO - Sync 1 DAGs
[2025-02-17T22:29:51.445-0700] {logging_mixin.py:154} INFO - [2025-02-17T22:29:51.445-0700] {dag.py:3722} INFO - Setting next_dagrun for example_params_ui_tutorial to None, run_after=None
[2025-02-17T22:29:51.474-0700] {processor.py:179} INFO - Processing /home/jparep/miniconda3/envs/dbt-env/lib/python3.11/site-packages/airflow/example_dags/example_params_ui_tutorial.py took 0.113 seconds
[2025-02-17T22:30:31.345-0700] {processor.py:157} INFO - Started process (PID=155841) to work on /home/jparep/miniconda3/envs/dbt-env/lib/python3.11/site-packages/airflow/example_dags/example_params_ui_tutorial.py
[2025-02-17T22:30:31.348-0700] {processor.py:829} INFO - Processing file /home/jparep/miniconda3/envs/dbt-env/lib/python3.11/site-packages/airflow/example_dags/example_params_ui_tutorial.py for tasks to queue
[2025-02-17T22:30:31.348-0700] {logging_mixin.py:154} INFO - [2025-02-17T22:30:31.348-0700] {dagbag.py:536} INFO - Filling up the DagBag from /home/jparep/miniconda3/envs/dbt-env/lib/python3.11/site-packages/airflow/example_dags/example_params_ui_tutorial.py
[2025-02-17T22:30:31.368-0700] {processor.py:839} INFO - DAG(s) dict_keys(['example_params_ui_tutorial']) retrieved from /home/jparep/miniconda3/envs/dbt-env/lib/python3.11/site-packages/airflow/example_dags/example_params_ui_tutorial.py
[2025-02-17T22:30:31.397-0700] {logging_mixin.py:154} INFO - [2025-02-17T22:30:31.396-0700] {dag.py:2941} INFO - Sync 1 DAGs
[2025-02-17T22:30:31.405-0700] {logging_mixin.py:154} INFO - [2025-02-17T22:30:31.405-0700] {dag.py:3722} INFO - Setting next_dagrun for example_params_ui_tutorial to None, run_after=None
[2025-02-17T22:30:31.423-0700] {processor.py:179} INFO - Processing /home/jparep/miniconda3/envs/dbt-env/lib/python3.11/site-packages/airflow/example_dags/example_params_ui_tutorial.py took 0.080 seconds
[2025-02-17T22:31:21.476-0700] {processor.py:157} INFO - Started process (PID=156187) to work on /home/jparep/miniconda3/envs/dbt-env/lib/python3.11/site-packages/airflow/example_dags/example_params_ui_tutorial.py
[2025-02-17T22:31:21.479-0700] {processor.py:829} INFO - Processing file /home/jparep/miniconda3/envs/dbt-env/lib/python3.11/site-packages/airflow/example_dags/example_params_ui_tutorial.py for tasks to queue
[2025-02-17T22:31:21.480-0700] {logging_mixin.py:154} INFO - [2025-02-17T22:31:21.480-0700] {dagbag.py:536} INFO - Filling up the DagBag from /home/jparep/miniconda3/envs/dbt-env/lib/python3.11/site-packages/airflow/example_dags/example_params_ui_tutorial.py
[2025-02-17T22:31:21.512-0700] {processor.py:839} INFO - DAG(s) dict_keys(['example_params_ui_tutorial']) retrieved from /home/jparep/miniconda3/envs/dbt-env/lib/python3.11/site-packages/airflow/example_dags/example_params_ui_tutorial.py
[2025-02-17T22:31:21.561-0700] {logging_mixin.py:154} INFO - [2025-02-17T22:31:21.561-0700] {dag.py:2941} INFO - Sync 1 DAGs
[2025-02-17T22:31:21.575-0700] {logging_mixin.py:154} INFO - [2025-02-17T22:31:21.575-0700] {dag.py:3722} INFO - Setting next_dagrun for example_params_ui_tutorial to None, run_after=None
[2025-02-17T22:31:21.596-0700] {processor.py:179} INFO - Processing /home/jparep/miniconda3/envs/dbt-env/lib/python3.11/site-packages/airflow/example_dags/example_params_ui_tutorial.py took 0.124 seconds
[2025-02-17T22:31:59.921-0700] {processor.py:157} INFO - Started process (PID=156636) to work on /home/jparep/miniconda3/envs/dbt-env/lib/python3.11/site-packages/airflow/example_dags/example_params_ui_tutorial.py
[2025-02-17T22:31:59.924-0700] {processor.py:829} INFO - Processing file /home/jparep/miniconda3/envs/dbt-env/lib/python3.11/site-packages/airflow/example_dags/example_params_ui_tutorial.py for tasks to queue
[2025-02-17T22:31:59.925-0700] {logging_mixin.py:154} INFO - [2025-02-17T22:31:59.924-0700] {dagbag.py:536} INFO - Filling up the DagBag from /home/jparep/miniconda3/envs/dbt-env/lib/python3.11/site-packages/airflow/example_dags/example_params_ui_tutorial.py
[2025-02-17T22:31:59.962-0700] {processor.py:839} INFO - DAG(s) dict_keys(['example_params_ui_tutorial']) retrieved from /home/jparep/miniconda3/envs/dbt-env/lib/python3.11/site-packages/airflow/example_dags/example_params_ui_tutorial.py
[2025-02-17T22:32:00.017-0700] {logging_mixin.py:154} INFO - [2025-02-17T22:32:00.016-0700] {dag.py:2941} INFO - Sync 1 DAGs
[2025-02-17T22:32:00.033-0700] {logging_mixin.py:154} INFO - [2025-02-17T22:32:00.033-0700] {dag.py:3722} INFO - Setting next_dagrun for example_params_ui_tutorial to None, run_after=None
[2025-02-17T22:32:00.063-0700] {processor.py:179} INFO - Processing /home/jparep/miniconda3/envs/dbt-env/lib/python3.11/site-packages/airflow/example_dags/example_params_ui_tutorial.py took 0.147 seconds
[2025-02-17T22:32:38.031-0700] {processor.py:157} INFO - Started process (PID=156952) to work on /home/jparep/miniconda3/envs/dbt-env/lib/python3.11/site-packages/airflow/example_dags/example_params_ui_tutorial.py
[2025-02-17T22:32:38.033-0700] {processor.py:829} INFO - Processing file /home/jparep/miniconda3/envs/dbt-env/lib/python3.11/site-packages/airflow/example_dags/example_params_ui_tutorial.py for tasks to queue
[2025-02-17T22:32:38.034-0700] {logging_mixin.py:154} INFO - [2025-02-17T22:32:38.034-0700] {dagbag.py:536} INFO - Filling up the DagBag from /home/jparep/miniconda3/envs/dbt-env/lib/python3.11/site-packages/airflow/example_dags/example_params_ui_tutorial.py
[2025-02-17T22:32:38.075-0700] {processor.py:839} INFO - DAG(s) dict_keys(['example_params_ui_tutorial']) retrieved from /home/jparep/miniconda3/envs/dbt-env/lib/python3.11/site-packages/airflow/example_dags/example_params_ui_tutorial.py
[2025-02-17T22:32:38.116-0700] {logging_mixin.py:154} INFO - [2025-02-17T22:32:38.116-0700] {dag.py:2941} INFO - Sync 1 DAGs
[2025-02-17T22:32:38.127-0700] {logging_mixin.py:154} INFO - [2025-02-17T22:32:38.127-0700] {dag.py:3722} INFO - Setting next_dagrun for example_params_ui_tutorial to None, run_after=None
[2025-02-17T22:32:38.149-0700] {processor.py:179} INFO - Processing /home/jparep/miniconda3/envs/dbt-env/lib/python3.11/site-packages/airflow/example_dags/example_params_ui_tutorial.py took 0.122 seconds
[2025-02-17T22:33:20.328-0700] {processor.py:157} INFO - Started process (PID=157177) to work on /home/jparep/miniconda3/envs/dbt-env/lib/python3.11/site-packages/airflow/example_dags/example_params_ui_tutorial.py
[2025-02-17T22:33:20.333-0700] {processor.py:829} INFO - Processing file /home/jparep/miniconda3/envs/dbt-env/lib/python3.11/site-packages/airflow/example_dags/example_params_ui_tutorial.py for tasks to queue
[2025-02-17T22:33:20.334-0700] {logging_mixin.py:154} INFO - [2025-02-17T22:33:20.334-0700] {dagbag.py:536} INFO - Filling up the DagBag from /home/jparep/miniconda3/envs/dbt-env/lib/python3.11/site-packages/airflow/example_dags/example_params_ui_tutorial.py
[2025-02-17T22:33:20.387-0700] {processor.py:839} INFO - DAG(s) dict_keys(['example_params_ui_tutorial']) retrieved from /home/jparep/miniconda3/envs/dbt-env/lib/python3.11/site-packages/airflow/example_dags/example_params_ui_tutorial.py
[2025-02-17T22:33:20.444-0700] {logging_mixin.py:154} INFO - [2025-02-17T22:33:20.444-0700] {dag.py:2941} INFO - Sync 1 DAGs
[2025-02-17T22:33:20.463-0700] {logging_mixin.py:154} INFO - [2025-02-17T22:33:20.462-0700] {dag.py:3722} INFO - Setting next_dagrun for example_params_ui_tutorial to None, run_after=None
[2025-02-17T22:33:20.498-0700] {processor.py:179} INFO - Processing /home/jparep/miniconda3/envs/dbt-env/lib/python3.11/site-packages/airflow/example_dags/example_params_ui_tutorial.py took 0.180 seconds
[2025-02-17T22:34:12.093-0700] {processor.py:157} INFO - Started process (PID=157592) to work on /home/jparep/miniconda3/envs/dbt-env/lib/python3.11/site-packages/airflow/example_dags/example_params_ui_tutorial.py
[2025-02-17T22:34:12.096-0700] {processor.py:829} INFO - Processing file /home/jparep/miniconda3/envs/dbt-env/lib/python3.11/site-packages/airflow/example_dags/example_params_ui_tutorial.py for tasks to queue
[2025-02-17T22:34:12.097-0700] {logging_mixin.py:154} INFO - [2025-02-17T22:34:12.096-0700] {dagbag.py:536} INFO - Filling up the DagBag from /home/jparep/miniconda3/envs/dbt-env/lib/python3.11/site-packages/airflow/example_dags/example_params_ui_tutorial.py
[2025-02-17T22:34:12.124-0700] {processor.py:839} INFO - DAG(s) dict_keys(['example_params_ui_tutorial']) retrieved from /home/jparep/miniconda3/envs/dbt-env/lib/python3.11/site-packages/airflow/example_dags/example_params_ui_tutorial.py
[2025-02-17T22:34:12.155-0700] {logging_mixin.py:154} INFO - [2025-02-17T22:34:12.155-0700] {dag.py:2941} INFO - Sync 1 DAGs
[2025-02-17T22:34:12.163-0700] {logging_mixin.py:154} INFO - [2025-02-17T22:34:12.163-0700] {dag.py:3722} INFO - Setting next_dagrun for example_params_ui_tutorial to None, run_after=None
[2025-02-17T22:34:12.181-0700] {processor.py:179} INFO - Processing /home/jparep/miniconda3/envs/dbt-env/lib/python3.11/site-packages/airflow/example_dags/example_params_ui_tutorial.py took 0.093 seconds
[2025-02-17T22:35:07.274-0700] {processor.py:157} INFO - Started process (PID=158020) to work on /home/jparep/miniconda3/envs/dbt-env/lib/python3.11/site-packages/airflow/example_dags/example_params_ui_tutorial.py
[2025-02-17T22:35:07.276-0700] {processor.py:829} INFO - Processing file /home/jparep/miniconda3/envs/dbt-env/lib/python3.11/site-packages/airflow/example_dags/example_params_ui_tutorial.py for tasks to queue
[2025-02-17T22:35:07.278-0700] {logging_mixin.py:154} INFO - [2025-02-17T22:35:07.277-0700] {dagbag.py:536} INFO - Filling up the DagBag from /home/jparep/miniconda3/envs/dbt-env/lib/python3.11/site-packages/airflow/example_dags/example_params_ui_tutorial.py
[2025-02-17T22:35:07.314-0700] {processor.py:839} INFO - DAG(s) dict_keys(['example_params_ui_tutorial']) retrieved from /home/jparep/miniconda3/envs/dbt-env/lib/python3.11/site-packages/airflow/example_dags/example_params_ui_tutorial.py
[2025-02-17T22:35:07.350-0700] {logging_mixin.py:154} INFO - [2025-02-17T22:35:07.350-0700] {dag.py:2941} INFO - Sync 1 DAGs
[2025-02-17T22:35:07.360-0700] {logging_mixin.py:154} INFO - [2025-02-17T22:35:07.360-0700] {dag.py:3722} INFO - Setting next_dagrun for example_params_ui_tutorial to None, run_after=None
[2025-02-17T22:35:07.380-0700] {processor.py:179} INFO - Processing /home/jparep/miniconda3/envs/dbt-env/lib/python3.11/site-packages/airflow/example_dags/example_params_ui_tutorial.py took 0.111 seconds
[2025-02-17T22:35:48.050-0700] {processor.py:157} INFO - Started process (PID=158456) to work on /home/jparep/miniconda3/envs/dbt-env/lib/python3.11/site-packages/airflow/example_dags/example_params_ui_tutorial.py
[2025-02-17T22:35:48.053-0700] {processor.py:829} INFO - Processing file /home/jparep/miniconda3/envs/dbt-env/lib/python3.11/site-packages/airflow/example_dags/example_params_ui_tutorial.py for tasks to queue
[2025-02-17T22:35:48.055-0700] {logging_mixin.py:154} INFO - [2025-02-17T22:35:48.054-0700] {dagbag.py:536} INFO - Filling up the DagBag from /home/jparep/miniconda3/envs/dbt-env/lib/python3.11/site-packages/airflow/example_dags/example_params_ui_tutorial.py
[2025-02-17T22:35:48.084-0700] {processor.py:839} INFO - DAG(s) dict_keys(['example_params_ui_tutorial']) retrieved from /home/jparep/miniconda3/envs/dbt-env/lib/python3.11/site-packages/airflow/example_dags/example_params_ui_tutorial.py
[2025-02-17T22:35:48.108-0700] {logging_mixin.py:154} INFO - [2025-02-17T22:35:48.108-0700] {dag.py:2941} INFO - Sync 1 DAGs
[2025-02-17T22:35:48.116-0700] {logging_mixin.py:154} INFO - [2025-02-17T22:35:48.115-0700] {dag.py:3722} INFO - Setting next_dagrun for example_params_ui_tutorial to None, run_after=None
[2025-02-17T22:35:48.132-0700] {processor.py:179} INFO - Processing /home/jparep/miniconda3/envs/dbt-env/lib/python3.11/site-packages/airflow/example_dags/example_params_ui_tutorial.py took 0.087 seconds
[2025-02-17T22:36:44.112-0700] {processor.py:157} INFO - Started process (PID=158822) to work on /home/jparep/miniconda3/envs/dbt-env/lib/python3.11/site-packages/airflow/example_dags/example_params_ui_tutorial.py
[2025-02-17T22:36:44.115-0700] {processor.py:829} INFO - Processing file /home/jparep/miniconda3/envs/dbt-env/lib/python3.11/site-packages/airflow/example_dags/example_params_ui_tutorial.py for tasks to queue
[2025-02-17T22:36:44.119-0700] {logging_mixin.py:154} INFO - [2025-02-17T22:36:44.116-0700] {dagbag.py:536} INFO - Filling up the DagBag from /home/jparep/miniconda3/envs/dbt-env/lib/python3.11/site-packages/airflow/example_dags/example_params_ui_tutorial.py
[2025-02-17T22:36:44.152-0700] {processor.py:839} INFO - DAG(s) dict_keys(['example_params_ui_tutorial']) retrieved from /home/jparep/miniconda3/envs/dbt-env/lib/python3.11/site-packages/airflow/example_dags/example_params_ui_tutorial.py
[2025-02-17T22:36:44.190-0700] {logging_mixin.py:154} INFO - [2025-02-17T22:36:44.190-0700] {dag.py:2941} INFO - Sync 1 DAGs
[2025-02-17T22:36:44.206-0700] {logging_mixin.py:154} INFO - [2025-02-17T22:36:44.206-0700] {dag.py:3722} INFO - Setting next_dagrun for example_params_ui_tutorial to None, run_after=None
[2025-02-17T22:36:44.228-0700] {processor.py:179} INFO - Processing /home/jparep/miniconda3/envs/dbt-env/lib/python3.11/site-packages/airflow/example_dags/example_params_ui_tutorial.py took 0.123 seconds
[2025-02-17T22:37:26.461-0700] {processor.py:157} INFO - Started process (PID=159824) to work on /home/jparep/miniconda3/envs/dbt-env/lib/python3.11/site-packages/airflow/example_dags/example_params_ui_tutorial.py
[2025-02-17T22:37:26.465-0700] {processor.py:829} INFO - Processing file /home/jparep/miniconda3/envs/dbt-env/lib/python3.11/site-packages/airflow/example_dags/example_params_ui_tutorial.py for tasks to queue
[2025-02-17T22:37:26.466-0700] {logging_mixin.py:154} INFO - [2025-02-17T22:37:26.465-0700] {dagbag.py:536} INFO - Filling up the DagBag from /home/jparep/miniconda3/envs/dbt-env/lib/python3.11/site-packages/airflow/example_dags/example_params_ui_tutorial.py
[2025-02-17T22:37:26.493-0700] {processor.py:839} INFO - DAG(s) dict_keys(['example_params_ui_tutorial']) retrieved from /home/jparep/miniconda3/envs/dbt-env/lib/python3.11/site-packages/airflow/example_dags/example_params_ui_tutorial.py
[2025-02-17T22:37:26.519-0700] {logging_mixin.py:154} INFO - [2025-02-17T22:37:26.519-0700] {dag.py:2941} INFO - Sync 1 DAGs
[2025-02-17T22:37:26.527-0700] {logging_mixin.py:154} INFO - [2025-02-17T22:37:26.527-0700] {dag.py:3722} INFO - Setting next_dagrun for example_params_ui_tutorial to None, run_after=None
[2025-02-17T22:37:26.545-0700] {processor.py:179} INFO - Processing /home/jparep/miniconda3/envs/dbt-env/lib/python3.11/site-packages/airflow/example_dags/example_params_ui_tutorial.py took 0.091 seconds
[2025-02-17T22:38:16.555-0700] {processor.py:157} INFO - Started process (PID=160502) to work on /home/jparep/miniconda3/envs/dbt-env/lib/python3.11/site-packages/airflow/example_dags/example_params_ui_tutorial.py
[2025-02-17T22:38:16.558-0700] {processor.py:829} INFO - Processing file /home/jparep/miniconda3/envs/dbt-env/lib/python3.11/site-packages/airflow/example_dags/example_params_ui_tutorial.py for tasks to queue
[2025-02-17T22:38:16.559-0700] {logging_mixin.py:154} INFO - [2025-02-17T22:38:16.558-0700] {dagbag.py:536} INFO - Filling up the DagBag from /home/jparep/miniconda3/envs/dbt-env/lib/python3.11/site-packages/airflow/example_dags/example_params_ui_tutorial.py
[2025-02-17T22:38:16.588-0700] {processor.py:839} INFO - DAG(s) dict_keys(['example_params_ui_tutorial']) retrieved from /home/jparep/miniconda3/envs/dbt-env/lib/python3.11/site-packages/airflow/example_dags/example_params_ui_tutorial.py
[2025-02-17T22:38:16.615-0700] {logging_mixin.py:154} INFO - [2025-02-17T22:38:16.615-0700] {dag.py:2941} INFO - Sync 1 DAGs
[2025-02-17T22:38:16.623-0700] {logging_mixin.py:154} INFO - [2025-02-17T22:38:16.623-0700] {dag.py:3722} INFO - Setting next_dagrun for example_params_ui_tutorial to None, run_after=None
[2025-02-17T22:38:16.640-0700] {processor.py:179} INFO - Processing /home/jparep/miniconda3/envs/dbt-env/lib/python3.11/site-packages/airflow/example_dags/example_params_ui_tutorial.py took 0.090 seconds
[2025-02-17T22:39:11.525-0700] {processor.py:157} INFO - Started process (PID=161127) to work on /home/jparep/miniconda3/envs/dbt-env/lib/python3.11/site-packages/airflow/example_dags/example_params_ui_tutorial.py
[2025-02-17T22:39:11.528-0700] {processor.py:829} INFO - Processing file /home/jparep/miniconda3/envs/dbt-env/lib/python3.11/site-packages/airflow/example_dags/example_params_ui_tutorial.py for tasks to queue
[2025-02-17T22:39:11.529-0700] {logging_mixin.py:154} INFO - [2025-02-17T22:39:11.528-0700] {dagbag.py:536} INFO - Filling up the DagBag from /home/jparep/miniconda3/envs/dbt-env/lib/python3.11/site-packages/airflow/example_dags/example_params_ui_tutorial.py
[2025-02-17T22:39:11.551-0700] {processor.py:839} INFO - DAG(s) dict_keys(['example_params_ui_tutorial']) retrieved from /home/jparep/miniconda3/envs/dbt-env/lib/python3.11/site-packages/airflow/example_dags/example_params_ui_tutorial.py
[2025-02-17T22:39:11.575-0700] {logging_mixin.py:154} INFO - [2025-02-17T22:39:11.575-0700] {dag.py:2941} INFO - Sync 1 DAGs
[2025-02-17T22:39:11.583-0700] {logging_mixin.py:154} INFO - [2025-02-17T22:39:11.583-0700] {dag.py:3722} INFO - Setting next_dagrun for example_params_ui_tutorial to None, run_after=None
[2025-02-17T22:39:11.602-0700] {processor.py:179} INFO - Processing /home/jparep/miniconda3/envs/dbt-env/lib/python3.11/site-packages/airflow/example_dags/example_params_ui_tutorial.py took 0.082 seconds
[2025-02-17T22:40:07.240-0700] {processor.py:157} INFO - Started process (PID=161534) to work on /home/jparep/miniconda3/envs/dbt-env/lib/python3.11/site-packages/airflow/example_dags/example_params_ui_tutorial.py
[2025-02-17T22:40:07.243-0700] {processor.py:829} INFO - Processing file /home/jparep/miniconda3/envs/dbt-env/lib/python3.11/site-packages/airflow/example_dags/example_params_ui_tutorial.py for tasks to queue
[2025-02-17T22:40:07.244-0700] {logging_mixin.py:154} INFO - [2025-02-17T22:40:07.244-0700] {dagbag.py:536} INFO - Filling up the DagBag from /home/jparep/miniconda3/envs/dbt-env/lib/python3.11/site-packages/airflow/example_dags/example_params_ui_tutorial.py
[2025-02-17T22:40:07.289-0700] {processor.py:839} INFO - DAG(s) dict_keys(['example_params_ui_tutorial']) retrieved from /home/jparep/miniconda3/envs/dbt-env/lib/python3.11/site-packages/airflow/example_dags/example_params_ui_tutorial.py
[2025-02-17T22:40:07.323-0700] {logging_mixin.py:154} INFO - [2025-02-17T22:40:07.323-0700] {dag.py:2941} INFO - Sync 1 DAGs
[2025-02-17T22:40:07.334-0700] {logging_mixin.py:154} INFO - [2025-02-17T22:40:07.334-0700] {dag.py:3722} INFO - Setting next_dagrun for example_params_ui_tutorial to None, run_after=None
[2025-02-17T22:40:07.356-0700] {processor.py:179} INFO - Processing /home/jparep/miniconda3/envs/dbt-env/lib/python3.11/site-packages/airflow/example_dags/example_params_ui_tutorial.py took 0.121 seconds
[2025-02-17T22:41:03.967-0700] {processor.py:157} INFO - Started process (PID=161906) to work on /home/jparep/miniconda3/envs/dbt-env/lib/python3.11/site-packages/airflow/example_dags/example_params_ui_tutorial.py
[2025-02-17T22:41:03.970-0700] {processor.py:829} INFO - Processing file /home/jparep/miniconda3/envs/dbt-env/lib/python3.11/site-packages/airflow/example_dags/example_params_ui_tutorial.py for tasks to queue
[2025-02-17T22:41:03.971-0700] {logging_mixin.py:154} INFO - [2025-02-17T22:41:03.970-0700] {dagbag.py:536} INFO - Filling up the DagBag from /home/jparep/miniconda3/envs/dbt-env/lib/python3.11/site-packages/airflow/example_dags/example_params_ui_tutorial.py
[2025-02-17T22:41:04.010-0700] {processor.py:839} INFO - DAG(s) dict_keys(['example_params_ui_tutorial']) retrieved from /home/jparep/miniconda3/envs/dbt-env/lib/python3.11/site-packages/airflow/example_dags/example_params_ui_tutorial.py
[2025-02-17T22:41:04.059-0700] {logging_mixin.py:154} INFO - [2025-02-17T22:41:04.059-0700] {dag.py:2941} INFO - Sync 1 DAGs
[2025-02-17T22:41:04.077-0700] {logging_mixin.py:154} INFO - [2025-02-17T22:41:04.076-0700] {dag.py:3722} INFO - Setting next_dagrun for example_params_ui_tutorial to None, run_after=None
[2025-02-17T22:41:04.109-0700] {processor.py:179} INFO - Processing /home/jparep/miniconda3/envs/dbt-env/lib/python3.11/site-packages/airflow/example_dags/example_params_ui_tutorial.py took 0.147 seconds
[2025-02-17T22:42:03.308-0700] {processor.py:157} INFO - Started process (PID=162353) to work on /home/jparep/miniconda3/envs/dbt-env/lib/python3.11/site-packages/airflow/example_dags/example_params_ui_tutorial.py
[2025-02-17T22:42:03.310-0700] {processor.py:829} INFO - Processing file /home/jparep/miniconda3/envs/dbt-env/lib/python3.11/site-packages/airflow/example_dags/example_params_ui_tutorial.py for tasks to queue
[2025-02-17T22:42:03.311-0700] {logging_mixin.py:154} INFO - [2025-02-17T22:42:03.310-0700] {dagbag.py:536} INFO - Filling up the DagBag from /home/jparep/miniconda3/envs/dbt-env/lib/python3.11/site-packages/airflow/example_dags/example_params_ui_tutorial.py
[2025-02-17T22:42:03.347-0700] {processor.py:839} INFO - DAG(s) dict_keys(['example_params_ui_tutorial']) retrieved from /home/jparep/miniconda3/envs/dbt-env/lib/python3.11/site-packages/airflow/example_dags/example_params_ui_tutorial.py
[2025-02-17T22:42:03.378-0700] {logging_mixin.py:154} INFO - [2025-02-17T22:42:03.378-0700] {dag.py:2941} INFO - Sync 1 DAGs
[2025-02-17T22:42:03.386-0700] {logging_mixin.py:154} INFO - [2025-02-17T22:42:03.386-0700] {dag.py:3722} INFO - Setting next_dagrun for example_params_ui_tutorial to None, run_after=None
[2025-02-17T22:42:03.405-0700] {processor.py:179} INFO - Processing /home/jparep/miniconda3/envs/dbt-env/lib/python3.11/site-packages/airflow/example_dags/example_params_ui_tutorial.py took 0.104 seconds
