[2025-02-17T22:15:47.060-0700] {processor.py:157} INFO - Started process (PID=148432) to work on /home/jparep/miniconda3/envs/dbt-env/lib/python3.11/site-packages/airflow/example_dags/example_time_delta_sensor_async.py
[2025-02-17T22:15:47.062-0700] {processor.py:829} INFO - Processing file /home/jparep/miniconda3/envs/dbt-env/lib/python3.11/site-packages/airflow/example_dags/example_time_delta_sensor_async.py for tasks to queue
[2025-02-17T22:15:47.063-0700] {logging_mixin.py:154} INFO - [2025-02-17T22:15:47.062-0700] {dagbag.py:536} INFO - Filling up the DagBag from /home/jparep/miniconda3/envs/dbt-env/lib/python3.11/site-packages/airflow/example_dags/example_time_delta_sensor_async.py
[2025-02-17T22:15:47.074-0700] {processor.py:839} INFO - DAG(s) dict_keys(['example_time_delta_sensor_async']) retrieved from /home/jparep/miniconda3/envs/dbt-env/lib/python3.11/site-packages/airflow/example_dags/example_time_delta_sensor_async.py
[2025-02-17T22:15:47.347-0700] {logging_mixin.py:154} INFO - [2025-02-17T22:15:47.346-0700] {manager.py:499} INFO - Created Permission View: %s
[2025-02-17T22:15:47.367-0700] {logging_mixin.py:154} INFO - [2025-02-17T22:15:47.366-0700] {manager.py:499} INFO - Created Permission View: %s
[2025-02-17T22:15:47.378-0700] {logging_mixin.py:154} INFO - [2025-02-17T22:15:47.378-0700] {manager.py:499} INFO - Created Permission View: %s
[2025-02-17T22:15:47.379-0700] {logging_mixin.py:154} INFO - [2025-02-17T22:15:47.379-0700] {dag.py:2941} INFO - Sync 1 DAGs
[2025-02-17T22:15:47.392-0700] {logging_mixin.py:154} INFO - [2025-02-17T22:15:47.391-0700] {dag.py:2963} INFO - Creating ORM DAG for example_time_delta_sensor_async
[2025-02-17T22:15:47.392-0700] {logging_mixin.py:154} INFO - [2025-02-17T22:15:47.392-0700] {dag.py:3722} INFO - Setting next_dagrun for example_time_delta_sensor_async to None, run_after=None
[2025-02-17T22:15:47.420-0700] {processor.py:179} INFO - Processing /home/jparep/miniconda3/envs/dbt-env/lib/python3.11/site-packages/airflow/example_dags/example_time_delta_sensor_async.py took 0.365 seconds
[2025-02-17T22:16:44.838-0700] {processor.py:157} INFO - Started process (PID=148811) to work on /home/jparep/miniconda3/envs/dbt-env/lib/python3.11/site-packages/airflow/example_dags/example_time_delta_sensor_async.py
[2025-02-17T22:16:44.841-0700] {processor.py:829} INFO - Processing file /home/jparep/miniconda3/envs/dbt-env/lib/python3.11/site-packages/airflow/example_dags/example_time_delta_sensor_async.py for tasks to queue
[2025-02-17T22:16:44.842-0700] {logging_mixin.py:154} INFO - [2025-02-17T22:16:44.842-0700] {dagbag.py:536} INFO - Filling up the DagBag from /home/jparep/miniconda3/envs/dbt-env/lib/python3.11/site-packages/airflow/example_dags/example_time_delta_sensor_async.py
[2025-02-17T22:16:44.851-0700] {processor.py:839} INFO - DAG(s) dict_keys(['example_time_delta_sensor_async']) retrieved from /home/jparep/miniconda3/envs/dbt-env/lib/python3.11/site-packages/airflow/example_dags/example_time_delta_sensor_async.py
[2025-02-17T22:16:44.880-0700] {logging_mixin.py:154} INFO - [2025-02-17T22:16:44.879-0700] {dag.py:2941} INFO - Sync 1 DAGs
[2025-02-17T22:16:44.893-0700] {logging_mixin.py:154} INFO - [2025-02-17T22:16:44.893-0700] {dag.py:3722} INFO - Setting next_dagrun for example_time_delta_sensor_async to None, run_after=None
[2025-02-17T22:16:44.911-0700] {processor.py:179} INFO - Processing /home/jparep/miniconda3/envs/dbt-env/lib/python3.11/site-packages/airflow/example_dags/example_time_delta_sensor_async.py took 0.077 seconds
[2025-02-17T22:17:31.775-0700] {processor.py:157} INFO - Started process (PID=149245) to work on /home/jparep/miniconda3/envs/dbt-env/lib/python3.11/site-packages/airflow/example_dags/example_time_delta_sensor_async.py
[2025-02-17T22:17:31.776-0700] {processor.py:829} INFO - Processing file /home/jparep/miniconda3/envs/dbt-env/lib/python3.11/site-packages/airflow/example_dags/example_time_delta_sensor_async.py for tasks to queue
[2025-02-17T22:17:31.777-0700] {logging_mixin.py:154} INFO - [2025-02-17T22:17:31.776-0700] {dagbag.py:536} INFO - Filling up the DagBag from /home/jparep/miniconda3/envs/dbt-env/lib/python3.11/site-packages/airflow/example_dags/example_time_delta_sensor_async.py
[2025-02-17T22:17:31.781-0700] {processor.py:839} INFO - DAG(s) dict_keys(['example_time_delta_sensor_async']) retrieved from /home/jparep/miniconda3/envs/dbt-env/lib/python3.11/site-packages/airflow/example_dags/example_time_delta_sensor_async.py
[2025-02-17T22:17:31.885-0700] {logging_mixin.py:154} INFO - [2025-02-17T22:17:31.885-0700] {dag.py:2941} INFO - Sync 1 DAGs
[2025-02-17T22:17:31.894-0700] {logging_mixin.py:154} INFO - [2025-02-17T22:17:31.894-0700] {dag.py:3722} INFO - Setting next_dagrun for example_time_delta_sensor_async to None, run_after=None
[2025-02-17T22:17:31.913-0700] {processor.py:179} INFO - Processing /home/jparep/miniconda3/envs/dbt-env/lib/python3.11/site-packages/airflow/example_dags/example_time_delta_sensor_async.py took 0.140 seconds
[2025-02-17T22:18:18.351-0700] {processor.py:157} INFO - Started process (PID=149538) to work on /home/jparep/miniconda3/envs/dbt-env/lib/python3.11/site-packages/airflow/example_dags/example_time_delta_sensor_async.py
[2025-02-17T22:18:18.353-0700] {processor.py:829} INFO - Processing file /home/jparep/miniconda3/envs/dbt-env/lib/python3.11/site-packages/airflow/example_dags/example_time_delta_sensor_async.py for tasks to queue
[2025-02-17T22:18:18.353-0700] {logging_mixin.py:154} INFO - [2025-02-17T22:18:18.353-0700] {dagbag.py:536} INFO - Filling up the DagBag from /home/jparep/miniconda3/envs/dbt-env/lib/python3.11/site-packages/airflow/example_dags/example_time_delta_sensor_async.py
[2025-02-17T22:18:18.361-0700] {processor.py:839} INFO - DAG(s) dict_keys(['example_time_delta_sensor_async']) retrieved from /home/jparep/miniconda3/envs/dbt-env/lib/python3.11/site-packages/airflow/example_dags/example_time_delta_sensor_async.py
[2025-02-17T22:18:18.380-0700] {logging_mixin.py:154} INFO - [2025-02-17T22:18:18.380-0700] {dag.py:2941} INFO - Sync 1 DAGs
[2025-02-17T22:18:18.390-0700] {logging_mixin.py:154} INFO - [2025-02-17T22:18:18.390-0700] {dag.py:3722} INFO - Setting next_dagrun for example_time_delta_sensor_async to None, run_after=None
[2025-02-17T22:18:18.407-0700] {processor.py:179} INFO - Processing /home/jparep/miniconda3/envs/dbt-env/lib/python3.11/site-packages/airflow/example_dags/example_time_delta_sensor_async.py took 0.060 seconds
[2025-02-17T22:18:55.187-0700] {processor.py:157} INFO - Started process (PID=149943) to work on /home/jparep/miniconda3/envs/dbt-env/lib/python3.11/site-packages/airflow/example_dags/example_time_delta_sensor_async.py
[2025-02-17T22:18:55.189-0700] {processor.py:829} INFO - Processing file /home/jparep/miniconda3/envs/dbt-env/lib/python3.11/site-packages/airflow/example_dags/example_time_delta_sensor_async.py for tasks to queue
[2025-02-17T22:18:55.189-0700] {logging_mixin.py:154} INFO - [2025-02-17T22:18:55.189-0700] {dagbag.py:536} INFO - Filling up the DagBag from /home/jparep/miniconda3/envs/dbt-env/lib/python3.11/site-packages/airflow/example_dags/example_time_delta_sensor_async.py
[2025-02-17T22:18:55.194-0700] {processor.py:839} INFO - DAG(s) dict_keys(['example_time_delta_sensor_async']) retrieved from /home/jparep/miniconda3/envs/dbt-env/lib/python3.11/site-packages/airflow/example_dags/example_time_delta_sensor_async.py
[2025-02-17T22:18:55.209-0700] {logging_mixin.py:154} INFO - [2025-02-17T22:18:55.209-0700] {dag.py:2941} INFO - Sync 1 DAGs
[2025-02-17T22:18:55.218-0700] {logging_mixin.py:154} INFO - [2025-02-17T22:18:55.218-0700] {dag.py:3722} INFO - Setting next_dagrun for example_time_delta_sensor_async to None, run_after=None
[2025-02-17T22:18:55.236-0700] {processor.py:179} INFO - Processing /home/jparep/miniconda3/envs/dbt-env/lib/python3.11/site-packages/airflow/example_dags/example_time_delta_sensor_async.py took 0.052 seconds
[2025-02-17T22:19:32.876-0700] {processor.py:157} INFO - Started process (PID=150182) to work on /home/jparep/miniconda3/envs/dbt-env/lib/python3.11/site-packages/airflow/example_dags/example_time_delta_sensor_async.py
[2025-02-17T22:19:32.879-0700] {processor.py:829} INFO - Processing file /home/jparep/miniconda3/envs/dbt-env/lib/python3.11/site-packages/airflow/example_dags/example_time_delta_sensor_async.py for tasks to queue
[2025-02-17T22:19:32.880-0700] {logging_mixin.py:154} INFO - [2025-02-17T22:19:32.880-0700] {dagbag.py:536} INFO - Filling up the DagBag from /home/jparep/miniconda3/envs/dbt-env/lib/python3.11/site-packages/airflow/example_dags/example_time_delta_sensor_async.py
[2025-02-17T22:19:32.887-0700] {processor.py:839} INFO - DAG(s) dict_keys(['example_time_delta_sensor_async']) retrieved from /home/jparep/miniconda3/envs/dbt-env/lib/python3.11/site-packages/airflow/example_dags/example_time_delta_sensor_async.py
[2025-02-17T22:19:32.909-0700] {logging_mixin.py:154} INFO - [2025-02-17T22:19:32.909-0700] {dag.py:2941} INFO - Sync 1 DAGs
[2025-02-17T22:19:32.918-0700] {logging_mixin.py:154} INFO - [2025-02-17T22:19:32.918-0700] {dag.py:3722} INFO - Setting next_dagrun for example_time_delta_sensor_async to None, run_after=None
[2025-02-17T22:19:32.936-0700] {processor.py:179} INFO - Processing /home/jparep/miniconda3/envs/dbt-env/lib/python3.11/site-packages/airflow/example_dags/example_time_delta_sensor_async.py took 0.064 seconds
[2025-02-17T22:20:13.139-0700] {processor.py:157} INFO - Started process (PID=150622) to work on /home/jparep/miniconda3/envs/dbt-env/lib/python3.11/site-packages/airflow/example_dags/example_time_delta_sensor_async.py
[2025-02-17T22:20:13.144-0700] {processor.py:829} INFO - Processing file /home/jparep/miniconda3/envs/dbt-env/lib/python3.11/site-packages/airflow/example_dags/example_time_delta_sensor_async.py for tasks to queue
[2025-02-17T22:20:13.147-0700] {logging_mixin.py:154} INFO - [2025-02-17T22:20:13.145-0700] {dagbag.py:536} INFO - Filling up the DagBag from /home/jparep/miniconda3/envs/dbt-env/lib/python3.11/site-packages/airflow/example_dags/example_time_delta_sensor_async.py
[2025-02-17T22:20:13.153-0700] {processor.py:839} INFO - DAG(s) dict_keys(['example_time_delta_sensor_async']) retrieved from /home/jparep/miniconda3/envs/dbt-env/lib/python3.11/site-packages/airflow/example_dags/example_time_delta_sensor_async.py
[2025-02-17T22:20:13.178-0700] {logging_mixin.py:154} INFO - [2025-02-17T22:20:13.178-0700] {dag.py:2941} INFO - Sync 1 DAGs
[2025-02-17T22:20:13.192-0700] {logging_mixin.py:154} INFO - [2025-02-17T22:20:13.192-0700] {dag.py:3722} INFO - Setting next_dagrun for example_time_delta_sensor_async to None, run_after=None
[2025-02-17T22:20:13.225-0700] {processor.py:179} INFO - Processing /home/jparep/miniconda3/envs/dbt-env/lib/python3.11/site-packages/airflow/example_dags/example_time_delta_sensor_async.py took 0.089 seconds
[2025-02-17T22:20:51.381-0700] {processor.py:157} INFO - Started process (PID=151037) to work on /home/jparep/miniconda3/envs/dbt-env/lib/python3.11/site-packages/airflow/example_dags/example_time_delta_sensor_async.py
[2025-02-17T22:20:51.384-0700] {processor.py:829} INFO - Processing file /home/jparep/miniconda3/envs/dbt-env/lib/python3.11/site-packages/airflow/example_dags/example_time_delta_sensor_async.py for tasks to queue
[2025-02-17T22:20:51.385-0700] {logging_mixin.py:154} INFO - [2025-02-17T22:20:51.384-0700] {dagbag.py:536} INFO - Filling up the DagBag from /home/jparep/miniconda3/envs/dbt-env/lib/python3.11/site-packages/airflow/example_dags/example_time_delta_sensor_async.py
[2025-02-17T22:20:51.391-0700] {processor.py:839} INFO - DAG(s) dict_keys(['example_time_delta_sensor_async']) retrieved from /home/jparep/miniconda3/envs/dbt-env/lib/python3.11/site-packages/airflow/example_dags/example_time_delta_sensor_async.py
[2025-02-17T22:20:51.416-0700] {logging_mixin.py:154} INFO - [2025-02-17T22:20:51.415-0700] {dag.py:2941} INFO - Sync 1 DAGs
[2025-02-17T22:20:51.435-0700] {logging_mixin.py:154} INFO - [2025-02-17T22:20:51.434-0700] {dag.py:3722} INFO - Setting next_dagrun for example_time_delta_sensor_async to None, run_after=None
[2025-02-17T22:20:51.460-0700] {processor.py:179} INFO - Processing /home/jparep/miniconda3/envs/dbt-env/lib/python3.11/site-packages/airflow/example_dags/example_time_delta_sensor_async.py took 0.083 seconds
[2025-02-17T22:21:28.270-0700] {processor.py:157} INFO - Started process (PID=151276) to work on /home/jparep/miniconda3/envs/dbt-env/lib/python3.11/site-packages/airflow/example_dags/example_time_delta_sensor_async.py
[2025-02-17T22:21:28.272-0700] {processor.py:829} INFO - Processing file /home/jparep/miniconda3/envs/dbt-env/lib/python3.11/site-packages/airflow/example_dags/example_time_delta_sensor_async.py for tasks to queue
[2025-02-17T22:21:28.274-0700] {logging_mixin.py:154} INFO - [2025-02-17T22:21:28.273-0700] {dagbag.py:536} INFO - Filling up the DagBag from /home/jparep/miniconda3/envs/dbt-env/lib/python3.11/site-packages/airflow/example_dags/example_time_delta_sensor_async.py
[2025-02-17T22:21:28.281-0700] {processor.py:839} INFO - DAG(s) dict_keys(['example_time_delta_sensor_async']) retrieved from /home/jparep/miniconda3/envs/dbt-env/lib/python3.11/site-packages/airflow/example_dags/example_time_delta_sensor_async.py
[2025-02-17T22:21:28.304-0700] {logging_mixin.py:154} INFO - [2025-02-17T22:21:28.304-0700] {dag.py:2941} INFO - Sync 1 DAGs
[2025-02-17T22:21:28.319-0700] {logging_mixin.py:154} INFO - [2025-02-17T22:21:28.319-0700] {dag.py:3722} INFO - Setting next_dagrun for example_time_delta_sensor_async to None, run_after=None
[2025-02-17T22:21:28.346-0700] {processor.py:179} INFO - Processing /home/jparep/miniconda3/envs/dbt-env/lib/python3.11/site-packages/airflow/example_dags/example_time_delta_sensor_async.py took 0.082 seconds
[2025-02-17T22:22:15.317-0700] {processor.py:157} INFO - Started process (PID=151670) to work on /home/jparep/miniconda3/envs/dbt-env/lib/python3.11/site-packages/airflow/example_dags/example_time_delta_sensor_async.py
[2025-02-17T22:22:15.320-0700] {processor.py:829} INFO - Processing file /home/jparep/miniconda3/envs/dbt-env/lib/python3.11/site-packages/airflow/example_dags/example_time_delta_sensor_async.py for tasks to queue
[2025-02-17T22:22:15.321-0700] {logging_mixin.py:154} INFO - [2025-02-17T22:22:15.321-0700] {dagbag.py:536} INFO - Filling up the DagBag from /home/jparep/miniconda3/envs/dbt-env/lib/python3.11/site-packages/airflow/example_dags/example_time_delta_sensor_async.py
[2025-02-17T22:22:15.329-0700] {processor.py:839} INFO - DAG(s) dict_keys(['example_time_delta_sensor_async']) retrieved from /home/jparep/miniconda3/envs/dbt-env/lib/python3.11/site-packages/airflow/example_dags/example_time_delta_sensor_async.py
[2025-02-17T22:22:15.352-0700] {logging_mixin.py:154} INFO - [2025-02-17T22:22:15.352-0700] {dag.py:2941} INFO - Sync 1 DAGs
[2025-02-17T22:22:15.362-0700] {logging_mixin.py:154} INFO - [2025-02-17T22:22:15.362-0700] {dag.py:3722} INFO - Setting next_dagrun for example_time_delta_sensor_async to None, run_after=None
[2025-02-17T22:22:15.383-0700] {processor.py:179} INFO - Processing /home/jparep/miniconda3/envs/dbt-env/lib/python3.11/site-packages/airflow/example_dags/example_time_delta_sensor_async.py took 0.071 seconds
[2025-02-17T22:22:53.350-0700] {processor.py:157} INFO - Started process (PID=151979) to work on /home/jparep/miniconda3/envs/dbt-env/lib/python3.11/site-packages/airflow/example_dags/example_time_delta_sensor_async.py
[2025-02-17T22:22:53.354-0700] {processor.py:829} INFO - Processing file /home/jparep/miniconda3/envs/dbt-env/lib/python3.11/site-packages/airflow/example_dags/example_time_delta_sensor_async.py for tasks to queue
[2025-02-17T22:22:53.355-0700] {logging_mixin.py:154} INFO - [2025-02-17T22:22:53.354-0700] {dagbag.py:536} INFO - Filling up the DagBag from /home/jparep/miniconda3/envs/dbt-env/lib/python3.11/site-packages/airflow/example_dags/example_time_delta_sensor_async.py
[2025-02-17T22:22:53.362-0700] {processor.py:839} INFO - DAG(s) dict_keys(['example_time_delta_sensor_async']) retrieved from /home/jparep/miniconda3/envs/dbt-env/lib/python3.11/site-packages/airflow/example_dags/example_time_delta_sensor_async.py
[2025-02-17T22:22:53.386-0700] {logging_mixin.py:154} INFO - [2025-02-17T22:22:53.385-0700] {dag.py:2941} INFO - Sync 1 DAGs
[2025-02-17T22:22:53.399-0700] {logging_mixin.py:154} INFO - [2025-02-17T22:22:53.399-0700] {dag.py:3722} INFO - Setting next_dagrun for example_time_delta_sensor_async to None, run_after=None
[2025-02-17T22:22:53.425-0700] {processor.py:179} INFO - Processing /home/jparep/miniconda3/envs/dbt-env/lib/python3.11/site-packages/airflow/example_dags/example_time_delta_sensor_async.py took 0.080 seconds
[2025-02-17T22:23:28.919-0700] {processor.py:157} INFO - Started process (PID=152187) to work on /home/jparep/miniconda3/envs/dbt-env/lib/python3.11/site-packages/airflow/example_dags/example_time_delta_sensor_async.py
[2025-02-17T22:23:28.922-0700] {processor.py:829} INFO - Processing file /home/jparep/miniconda3/envs/dbt-env/lib/python3.11/site-packages/airflow/example_dags/example_time_delta_sensor_async.py for tasks to queue
[2025-02-17T22:23:28.924-0700] {logging_mixin.py:154} INFO - [2025-02-17T22:23:28.923-0700] {dagbag.py:536} INFO - Filling up the DagBag from /home/jparep/miniconda3/envs/dbt-env/lib/python3.11/site-packages/airflow/example_dags/example_time_delta_sensor_async.py
[2025-02-17T22:23:28.932-0700] {processor.py:839} INFO - DAG(s) dict_keys(['example_time_delta_sensor_async']) retrieved from /home/jparep/miniconda3/envs/dbt-env/lib/python3.11/site-packages/airflow/example_dags/example_time_delta_sensor_async.py
[2025-02-17T22:23:28.949-0700] {logging_mixin.py:154} INFO - [2025-02-17T22:23:28.949-0700] {dag.py:2941} INFO - Sync 1 DAGs
[2025-02-17T22:23:28.959-0700] {logging_mixin.py:154} INFO - [2025-02-17T22:23:28.958-0700] {dag.py:3722} INFO - Setting next_dagrun for example_time_delta_sensor_async to None, run_after=None
[2025-02-17T22:23:28.984-0700] {processor.py:179} INFO - Processing /home/jparep/miniconda3/envs/dbt-env/lib/python3.11/site-packages/airflow/example_dags/example_time_delta_sensor_async.py took 0.070 seconds
[2025-02-17T22:24:05.934-0700] {processor.py:157} INFO - Started process (PID=152599) to work on /home/jparep/miniconda3/envs/dbt-env/lib/python3.11/site-packages/airflow/example_dags/example_time_delta_sensor_async.py
[2025-02-17T22:24:05.936-0700] {processor.py:829} INFO - Processing file /home/jparep/miniconda3/envs/dbt-env/lib/python3.11/site-packages/airflow/example_dags/example_time_delta_sensor_async.py for tasks to queue
[2025-02-17T22:24:05.937-0700] {logging_mixin.py:154} INFO - [2025-02-17T22:24:05.936-0700] {dagbag.py:536} INFO - Filling up the DagBag from /home/jparep/miniconda3/envs/dbt-env/lib/python3.11/site-packages/airflow/example_dags/example_time_delta_sensor_async.py
[2025-02-17T22:24:05.945-0700] {processor.py:839} INFO - DAG(s) dict_keys(['example_time_delta_sensor_async']) retrieved from /home/jparep/miniconda3/envs/dbt-env/lib/python3.11/site-packages/airflow/example_dags/example_time_delta_sensor_async.py
[2025-02-17T22:24:05.971-0700] {logging_mixin.py:154} INFO - [2025-02-17T22:24:05.971-0700] {dag.py:2941} INFO - Sync 1 DAGs
[2025-02-17T22:24:05.986-0700] {logging_mixin.py:154} INFO - [2025-02-17T22:24:05.985-0700] {dag.py:3722} INFO - Setting next_dagrun for example_time_delta_sensor_async to None, run_after=None
[2025-02-17T22:24:06.017-0700] {processor.py:179} INFO - Processing /home/jparep/miniconda3/envs/dbt-env/lib/python3.11/site-packages/airflow/example_dags/example_time_delta_sensor_async.py took 0.087 seconds
[2025-02-17T22:24:41.599-0700] {processor.py:157} INFO - Started process (PID=152827) to work on /home/jparep/miniconda3/envs/dbt-env/lib/python3.11/site-packages/airflow/example_dags/example_time_delta_sensor_async.py
[2025-02-17T22:24:41.602-0700] {processor.py:829} INFO - Processing file /home/jparep/miniconda3/envs/dbt-env/lib/python3.11/site-packages/airflow/example_dags/example_time_delta_sensor_async.py for tasks to queue
[2025-02-17T22:24:41.603-0700] {logging_mixin.py:154} INFO - [2025-02-17T22:24:41.603-0700] {dagbag.py:536} INFO - Filling up the DagBag from /home/jparep/miniconda3/envs/dbt-env/lib/python3.11/site-packages/airflow/example_dags/example_time_delta_sensor_async.py
[2025-02-17T22:24:41.610-0700] {processor.py:839} INFO - DAG(s) dict_keys(['example_time_delta_sensor_async']) retrieved from /home/jparep/miniconda3/envs/dbt-env/lib/python3.11/site-packages/airflow/example_dags/example_time_delta_sensor_async.py
[2025-02-17T22:24:41.632-0700] {logging_mixin.py:154} INFO - [2025-02-17T22:24:41.632-0700] {dag.py:2941} INFO - Sync 1 DAGs
[2025-02-17T22:24:41.645-0700] {logging_mixin.py:154} INFO - [2025-02-17T22:24:41.645-0700] {dag.py:3722} INFO - Setting next_dagrun for example_time_delta_sensor_async to None, run_after=None
[2025-02-17T22:24:41.667-0700] {processor.py:179} INFO - Processing /home/jparep/miniconda3/envs/dbt-env/lib/python3.11/site-packages/airflow/example_dags/example_time_delta_sensor_async.py took 0.072 seconds
[2025-02-17T22:25:17.007-0700] {processor.py:157} INFO - Started process (PID=153229) to work on /home/jparep/miniconda3/envs/dbt-env/lib/python3.11/site-packages/airflow/example_dags/example_time_delta_sensor_async.py
[2025-02-17T22:25:17.010-0700] {processor.py:829} INFO - Processing file /home/jparep/miniconda3/envs/dbt-env/lib/python3.11/site-packages/airflow/example_dags/example_time_delta_sensor_async.py for tasks to queue
[2025-02-17T22:25:17.011-0700] {logging_mixin.py:154} INFO - [2025-02-17T22:25:17.010-0700] {dagbag.py:536} INFO - Filling up the DagBag from /home/jparep/miniconda3/envs/dbt-env/lib/python3.11/site-packages/airflow/example_dags/example_time_delta_sensor_async.py
[2025-02-17T22:25:17.017-0700] {processor.py:839} INFO - DAG(s) dict_keys(['example_time_delta_sensor_async']) retrieved from /home/jparep/miniconda3/envs/dbt-env/lib/python3.11/site-packages/airflow/example_dags/example_time_delta_sensor_async.py
[2025-02-17T22:25:17.039-0700] {logging_mixin.py:154} INFO - [2025-02-17T22:25:17.039-0700] {dag.py:2941} INFO - Sync 1 DAGs
[2025-02-17T22:25:17.051-0700] {logging_mixin.py:154} INFO - [2025-02-17T22:25:17.051-0700] {dag.py:3722} INFO - Setting next_dagrun for example_time_delta_sensor_async to None, run_after=None
[2025-02-17T22:25:17.069-0700] {processor.py:179} INFO - Processing /home/jparep/miniconda3/envs/dbt-env/lib/python3.11/site-packages/airflow/example_dags/example_time_delta_sensor_async.py took 0.066 seconds
[2025-02-17T22:25:59.940-0700] {processor.py:157} INFO - Started process (PID=153503) to work on /home/jparep/miniconda3/envs/dbt-env/lib/python3.11/site-packages/airflow/example_dags/example_time_delta_sensor_async.py
[2025-02-17T22:25:59.942-0700] {processor.py:829} INFO - Processing file /home/jparep/miniconda3/envs/dbt-env/lib/python3.11/site-packages/airflow/example_dags/example_time_delta_sensor_async.py for tasks to queue
[2025-02-17T22:25:59.943-0700] {logging_mixin.py:154} INFO - [2025-02-17T22:25:59.942-0700] {dagbag.py:536} INFO - Filling up the DagBag from /home/jparep/miniconda3/envs/dbt-env/lib/python3.11/site-packages/airflow/example_dags/example_time_delta_sensor_async.py
[2025-02-17T22:25:59.947-0700] {processor.py:839} INFO - DAG(s) dict_keys(['example_time_delta_sensor_async']) retrieved from /home/jparep/miniconda3/envs/dbt-env/lib/python3.11/site-packages/airflow/example_dags/example_time_delta_sensor_async.py
[2025-02-17T22:25:59.963-0700] {logging_mixin.py:154} INFO - [2025-02-17T22:25:59.963-0700] {dag.py:2941} INFO - Sync 1 DAGs
[2025-02-17T22:25:59.973-0700] {logging_mixin.py:154} INFO - [2025-02-17T22:25:59.973-0700] {dag.py:3722} INFO - Setting next_dagrun for example_time_delta_sensor_async to None, run_after=None
[2025-02-17T22:25:59.992-0700] {processor.py:179} INFO - Processing /home/jparep/miniconda3/envs/dbt-env/lib/python3.11/site-packages/airflow/example_dags/example_time_delta_sensor_async.py took 0.055 seconds
[2025-02-17T22:26:35.611-0700] {processor.py:157} INFO - Started process (PID=153910) to work on /home/jparep/miniconda3/envs/dbt-env/lib/python3.11/site-packages/airflow/example_dags/example_time_delta_sensor_async.py
[2025-02-17T22:26:35.613-0700] {processor.py:829} INFO - Processing file /home/jparep/miniconda3/envs/dbt-env/lib/python3.11/site-packages/airflow/example_dags/example_time_delta_sensor_async.py for tasks to queue
[2025-02-17T22:26:35.615-0700] {logging_mixin.py:154} INFO - [2025-02-17T22:26:35.614-0700] {dagbag.py:536} INFO - Filling up the DagBag from /home/jparep/miniconda3/envs/dbt-env/lib/python3.11/site-packages/airflow/example_dags/example_time_delta_sensor_async.py
[2025-02-17T22:26:35.622-0700] {processor.py:839} INFO - DAG(s) dict_keys(['example_time_delta_sensor_async']) retrieved from /home/jparep/miniconda3/envs/dbt-env/lib/python3.11/site-packages/airflow/example_dags/example_time_delta_sensor_async.py
[2025-02-17T22:26:35.648-0700] {logging_mixin.py:154} INFO - [2025-02-17T22:26:35.647-0700] {dag.py:2941} INFO - Sync 1 DAGs
[2025-02-17T22:26:35.662-0700] {logging_mixin.py:154} INFO - [2025-02-17T22:26:35.662-0700] {dag.py:3722} INFO - Setting next_dagrun for example_time_delta_sensor_async to None, run_after=None
[2025-02-17T22:26:35.690-0700] {processor.py:179} INFO - Processing /home/jparep/miniconda3/envs/dbt-env/lib/python3.11/site-packages/airflow/example_dags/example_time_delta_sensor_async.py took 0.084 seconds
[2025-02-17T22:27:10.208-0700] {processor.py:157} INFO - Started process (PID=154301) to work on /home/jparep/miniconda3/envs/dbt-env/lib/python3.11/site-packages/airflow/example_dags/example_time_delta_sensor_async.py
[2025-02-17T22:27:10.210-0700] {processor.py:829} INFO - Processing file /home/jparep/miniconda3/envs/dbt-env/lib/python3.11/site-packages/airflow/example_dags/example_time_delta_sensor_async.py for tasks to queue
[2025-02-17T22:27:10.212-0700] {logging_mixin.py:154} INFO - [2025-02-17T22:27:10.211-0700] {dagbag.py:536} INFO - Filling up the DagBag from /home/jparep/miniconda3/envs/dbt-env/lib/python3.11/site-packages/airflow/example_dags/example_time_delta_sensor_async.py
[2025-02-17T22:27:10.219-0700] {processor.py:839} INFO - DAG(s) dict_keys(['example_time_delta_sensor_async']) retrieved from /home/jparep/miniconda3/envs/dbt-env/lib/python3.11/site-packages/airflow/example_dags/example_time_delta_sensor_async.py
[2025-02-17T22:27:10.243-0700] {logging_mixin.py:154} INFO - [2025-02-17T22:27:10.243-0700] {dag.py:2941} INFO - Sync 1 DAGs
[2025-02-17T22:27:10.258-0700] {logging_mixin.py:154} INFO - [2025-02-17T22:27:10.258-0700] {dag.py:3722} INFO - Setting next_dagrun for example_time_delta_sensor_async to None, run_after=None
[2025-02-17T22:27:10.289-0700] {processor.py:179} INFO - Processing /home/jparep/miniconda3/envs/dbt-env/lib/python3.11/site-packages/airflow/example_dags/example_time_delta_sensor_async.py took 0.086 seconds
[2025-02-17T22:27:46.648-0700] {processor.py:157} INFO - Started process (PID=154534) to work on /home/jparep/miniconda3/envs/dbt-env/lib/python3.11/site-packages/airflow/example_dags/example_time_delta_sensor_async.py
[2025-02-17T22:27:46.651-0700] {processor.py:829} INFO - Processing file /home/jparep/miniconda3/envs/dbt-env/lib/python3.11/site-packages/airflow/example_dags/example_time_delta_sensor_async.py for tasks to queue
[2025-02-17T22:27:46.652-0700] {logging_mixin.py:154} INFO - [2025-02-17T22:27:46.652-0700] {dagbag.py:536} INFO - Filling up the DagBag from /home/jparep/miniconda3/envs/dbt-env/lib/python3.11/site-packages/airflow/example_dags/example_time_delta_sensor_async.py
[2025-02-17T22:27:46.659-0700] {processor.py:839} INFO - DAG(s) dict_keys(['example_time_delta_sensor_async']) retrieved from /home/jparep/miniconda3/envs/dbt-env/lib/python3.11/site-packages/airflow/example_dags/example_time_delta_sensor_async.py
[2025-02-17T22:27:46.681-0700] {logging_mixin.py:154} INFO - [2025-02-17T22:27:46.681-0700] {dag.py:2941} INFO - Sync 1 DAGs
[2025-02-17T22:27:46.692-0700] {logging_mixin.py:154} INFO - [2025-02-17T22:27:46.692-0700] {dag.py:3722} INFO - Setting next_dagrun for example_time_delta_sensor_async to None, run_after=None
[2025-02-17T22:27:46.711-0700] {processor.py:179} INFO - Processing /home/jparep/miniconda3/envs/dbt-env/lib/python3.11/site-packages/airflow/example_dags/example_time_delta_sensor_async.py took 0.067 seconds
[2025-02-17T22:28:22.056-0700] {processor.py:157} INFO - Started process (PID=154902) to work on /home/jparep/miniconda3/envs/dbt-env/lib/python3.11/site-packages/airflow/example_dags/example_time_delta_sensor_async.py
[2025-02-17T22:28:22.059-0700] {processor.py:829} INFO - Processing file /home/jparep/miniconda3/envs/dbt-env/lib/python3.11/site-packages/airflow/example_dags/example_time_delta_sensor_async.py for tasks to queue
[2025-02-17T22:28:22.060-0700] {logging_mixin.py:154} INFO - [2025-02-17T22:28:22.060-0700] {dagbag.py:536} INFO - Filling up the DagBag from /home/jparep/miniconda3/envs/dbt-env/lib/python3.11/site-packages/airflow/example_dags/example_time_delta_sensor_async.py
[2025-02-17T22:28:22.069-0700] {processor.py:839} INFO - DAG(s) dict_keys(['example_time_delta_sensor_async']) retrieved from /home/jparep/miniconda3/envs/dbt-env/lib/python3.11/site-packages/airflow/example_dags/example_time_delta_sensor_async.py
[2025-02-17T22:28:22.095-0700] {logging_mixin.py:154} INFO - [2025-02-17T22:28:22.095-0700] {dag.py:2941} INFO - Sync 1 DAGs
[2025-02-17T22:28:22.111-0700] {logging_mixin.py:154} INFO - [2025-02-17T22:28:22.110-0700] {dag.py:3722} INFO - Setting next_dagrun for example_time_delta_sensor_async to None, run_after=None
[2025-02-17T22:28:22.142-0700] {processor.py:179} INFO - Processing /home/jparep/miniconda3/envs/dbt-env/lib/python3.11/site-packages/airflow/example_dags/example_time_delta_sensor_async.py took 0.091 seconds
[2025-02-17T22:29:01.248-0700] {processor.py:157} INFO - Started process (PID=155047) to work on /home/jparep/miniconda3/envs/dbt-env/lib/python3.11/site-packages/airflow/example_dags/example_time_delta_sensor_async.py
[2025-02-17T22:29:01.250-0700] {processor.py:829} INFO - Processing file /home/jparep/miniconda3/envs/dbt-env/lib/python3.11/site-packages/airflow/example_dags/example_time_delta_sensor_async.py for tasks to queue
[2025-02-17T22:29:01.251-0700] {logging_mixin.py:154} INFO - [2025-02-17T22:29:01.250-0700] {dagbag.py:536} INFO - Filling up the DagBag from /home/jparep/miniconda3/envs/dbt-env/lib/python3.11/site-packages/airflow/example_dags/example_time_delta_sensor_async.py
[2025-02-17T22:29:01.255-0700] {processor.py:839} INFO - DAG(s) dict_keys(['example_time_delta_sensor_async']) retrieved from /home/jparep/miniconda3/envs/dbt-env/lib/python3.11/site-packages/airflow/example_dags/example_time_delta_sensor_async.py
[2025-02-17T22:29:01.272-0700] {logging_mixin.py:154} INFO - [2025-02-17T22:29:01.271-0700] {dag.py:2941} INFO - Sync 1 DAGs
[2025-02-17T22:29:01.280-0700] {logging_mixin.py:154} INFO - [2025-02-17T22:29:01.280-0700] {dag.py:3722} INFO - Setting next_dagrun for example_time_delta_sensor_async to None, run_after=None
[2025-02-17T22:29:01.295-0700] {processor.py:179} INFO - Processing /home/jparep/miniconda3/envs/dbt-env/lib/python3.11/site-packages/airflow/example_dags/example_time_delta_sensor_async.py took 0.051 seconds
[2025-02-17T22:29:43.982-0700] {processor.py:157} INFO - Started process (PID=155412) to work on /home/jparep/miniconda3/envs/dbt-env/lib/python3.11/site-packages/airflow/example_dags/example_time_delta_sensor_async.py
[2025-02-17T22:29:43.985-0700] {processor.py:829} INFO - Processing file /home/jparep/miniconda3/envs/dbt-env/lib/python3.11/site-packages/airflow/example_dags/example_time_delta_sensor_async.py for tasks to queue
[2025-02-17T22:29:43.987-0700] {logging_mixin.py:154} INFO - [2025-02-17T22:29:43.986-0700] {dagbag.py:536} INFO - Filling up the DagBag from /home/jparep/miniconda3/envs/dbt-env/lib/python3.11/site-packages/airflow/example_dags/example_time_delta_sensor_async.py
[2025-02-17T22:29:43.993-0700] {processor.py:839} INFO - DAG(s) dict_keys(['example_time_delta_sensor_async']) retrieved from /home/jparep/miniconda3/envs/dbt-env/lib/python3.11/site-packages/airflow/example_dags/example_time_delta_sensor_async.py
[2025-02-17T22:29:44.017-0700] {logging_mixin.py:154} INFO - [2025-02-17T22:29:44.017-0700] {dag.py:2941} INFO - Sync 1 DAGs
[2025-02-17T22:29:44.031-0700] {logging_mixin.py:154} INFO - [2025-02-17T22:29:44.031-0700] {dag.py:3722} INFO - Setting next_dagrun for example_time_delta_sensor_async to None, run_after=None
[2025-02-17T22:29:44.064-0700] {processor.py:179} INFO - Processing /home/jparep/miniconda3/envs/dbt-env/lib/python3.11/site-packages/airflow/example_dags/example_time_delta_sensor_async.py took 0.086 seconds
[2025-02-17T22:30:27.008-0700] {processor.py:157} INFO - Started process (PID=155806) to work on /home/jparep/miniconda3/envs/dbt-env/lib/python3.11/site-packages/airflow/example_dags/example_time_delta_sensor_async.py
[2025-02-17T22:30:27.010-0700] {processor.py:829} INFO - Processing file /home/jparep/miniconda3/envs/dbt-env/lib/python3.11/site-packages/airflow/example_dags/example_time_delta_sensor_async.py for tasks to queue
[2025-02-17T22:30:27.011-0700] {logging_mixin.py:154} INFO - [2025-02-17T22:30:27.010-0700] {dagbag.py:536} INFO - Filling up the DagBag from /home/jparep/miniconda3/envs/dbt-env/lib/python3.11/site-packages/airflow/example_dags/example_time_delta_sensor_async.py
[2025-02-17T22:30:27.016-0700] {processor.py:839} INFO - DAG(s) dict_keys(['example_time_delta_sensor_async']) retrieved from /home/jparep/miniconda3/envs/dbt-env/lib/python3.11/site-packages/airflow/example_dags/example_time_delta_sensor_async.py
[2025-02-17T22:30:27.031-0700] {logging_mixin.py:154} INFO - [2025-02-17T22:30:27.031-0700] {dag.py:2941} INFO - Sync 1 DAGs
[2025-02-17T22:30:27.041-0700] {logging_mixin.py:154} INFO - [2025-02-17T22:30:27.040-0700] {dag.py:3722} INFO - Setting next_dagrun for example_time_delta_sensor_async to None, run_after=None
[2025-02-17T22:30:27.063-0700] {processor.py:179} INFO - Processing /home/jparep/miniconda3/envs/dbt-env/lib/python3.11/site-packages/airflow/example_dags/example_time_delta_sensor_async.py took 0.058 seconds
[2025-02-17T22:31:02.003-0700] {processor.py:157} INFO - Started process (PID=156053) to work on /home/jparep/miniconda3/envs/dbt-env/lib/python3.11/site-packages/airflow/example_dags/example_time_delta_sensor_async.py
[2025-02-17T22:31:02.006-0700] {processor.py:829} INFO - Processing file /home/jparep/miniconda3/envs/dbt-env/lib/python3.11/site-packages/airflow/example_dags/example_time_delta_sensor_async.py for tasks to queue
[2025-02-17T22:31:02.007-0700] {logging_mixin.py:154} INFO - [2025-02-17T22:31:02.007-0700] {dagbag.py:536} INFO - Filling up the DagBag from /home/jparep/miniconda3/envs/dbt-env/lib/python3.11/site-packages/airflow/example_dags/example_time_delta_sensor_async.py
[2025-02-17T22:31:02.016-0700] {processor.py:839} INFO - DAG(s) dict_keys(['example_time_delta_sensor_async']) retrieved from /home/jparep/miniconda3/envs/dbt-env/lib/python3.11/site-packages/airflow/example_dags/example_time_delta_sensor_async.py
[2025-02-17T22:31:02.046-0700] {logging_mixin.py:154} INFO - [2025-02-17T22:31:02.046-0700] {dag.py:2941} INFO - Sync 1 DAGs
[2025-02-17T22:31:02.062-0700] {logging_mixin.py:154} INFO - [2025-02-17T22:31:02.062-0700] {dag.py:3722} INFO - Setting next_dagrun for example_time_delta_sensor_async to None, run_after=None
[2025-02-17T22:31:02.091-0700] {processor.py:179} INFO - Processing /home/jparep/miniconda3/envs/dbt-env/lib/python3.11/site-packages/airflow/example_dags/example_time_delta_sensor_async.py took 0.093 seconds
[2025-02-17T22:31:36.869-0700] {processor.py:157} INFO - Started process (PID=156454) to work on /home/jparep/miniconda3/envs/dbt-env/lib/python3.11/site-packages/airflow/example_dags/example_time_delta_sensor_async.py
[2025-02-17T22:31:36.872-0700] {processor.py:829} INFO - Processing file /home/jparep/miniconda3/envs/dbt-env/lib/python3.11/site-packages/airflow/example_dags/example_time_delta_sensor_async.py for tasks to queue
[2025-02-17T22:31:36.872-0700] {logging_mixin.py:154} INFO - [2025-02-17T22:31:36.872-0700] {dagbag.py:536} INFO - Filling up the DagBag from /home/jparep/miniconda3/envs/dbt-env/lib/python3.11/site-packages/airflow/example_dags/example_time_delta_sensor_async.py
[2025-02-17T22:31:36.877-0700] {processor.py:839} INFO - DAG(s) dict_keys(['example_time_delta_sensor_async']) retrieved from /home/jparep/miniconda3/envs/dbt-env/lib/python3.11/site-packages/airflow/example_dags/example_time_delta_sensor_async.py
[2025-02-17T22:31:36.894-0700] {logging_mixin.py:154} INFO - [2025-02-17T22:31:36.894-0700] {dag.py:2941} INFO - Sync 1 DAGs
[2025-02-17T22:31:36.905-0700] {logging_mixin.py:154} INFO - [2025-02-17T22:31:36.905-0700] {dag.py:3722} INFO - Setting next_dagrun for example_time_delta_sensor_async to None, run_after=None
[2025-02-17T22:31:36.927-0700] {processor.py:179} INFO - Processing /home/jparep/miniconda3/envs/dbt-env/lib/python3.11/site-packages/airflow/example_dags/example_time_delta_sensor_async.py took 0.061 seconds
[2025-02-17T22:32:15.283-0700] {processor.py:157} INFO - Started process (PID=156686) to work on /home/jparep/miniconda3/envs/dbt-env/lib/python3.11/site-packages/airflow/example_dags/example_time_delta_sensor_async.py
[2025-02-17T22:32:15.286-0700] {processor.py:829} INFO - Processing file /home/jparep/miniconda3/envs/dbt-env/lib/python3.11/site-packages/airflow/example_dags/example_time_delta_sensor_async.py for tasks to queue
[2025-02-17T22:32:15.287-0700] {logging_mixin.py:154} INFO - [2025-02-17T22:32:15.286-0700] {dagbag.py:536} INFO - Filling up the DagBag from /home/jparep/miniconda3/envs/dbt-env/lib/python3.11/site-packages/airflow/example_dags/example_time_delta_sensor_async.py
[2025-02-17T22:32:15.294-0700] {processor.py:839} INFO - DAG(s) dict_keys(['example_time_delta_sensor_async']) retrieved from /home/jparep/miniconda3/envs/dbt-env/lib/python3.11/site-packages/airflow/example_dags/example_time_delta_sensor_async.py
[2025-02-17T22:32:15.319-0700] {logging_mixin.py:154} INFO - [2025-02-17T22:32:15.319-0700] {dag.py:2941} INFO - Sync 1 DAGs
[2025-02-17T22:32:15.332-0700] {logging_mixin.py:154} INFO - [2025-02-17T22:32:15.332-0700] {dag.py:3722} INFO - Setting next_dagrun for example_time_delta_sensor_async to None, run_after=None
[2025-02-17T22:32:15.353-0700] {processor.py:179} INFO - Processing /home/jparep/miniconda3/envs/dbt-env/lib/python3.11/site-packages/airflow/example_dags/example_time_delta_sensor_async.py took 0.075 seconds
[2025-02-17T22:32:52.821-0700] {processor.py:157} INFO - Started process (PID=157001) to work on /home/jparep/miniconda3/envs/dbt-env/lib/python3.11/site-packages/airflow/example_dags/example_time_delta_sensor_async.py
[2025-02-17T22:32:52.823-0700] {processor.py:829} INFO - Processing file /home/jparep/miniconda3/envs/dbt-env/lib/python3.11/site-packages/airflow/example_dags/example_time_delta_sensor_async.py for tasks to queue
[2025-02-17T22:32:52.824-0700] {logging_mixin.py:154} INFO - [2025-02-17T22:32:52.824-0700] {dagbag.py:536} INFO - Filling up the DagBag from /home/jparep/miniconda3/envs/dbt-env/lib/python3.11/site-packages/airflow/example_dags/example_time_delta_sensor_async.py
[2025-02-17T22:32:52.831-0700] {processor.py:839} INFO - DAG(s) dict_keys(['example_time_delta_sensor_async']) retrieved from /home/jparep/miniconda3/envs/dbt-env/lib/python3.11/site-packages/airflow/example_dags/example_time_delta_sensor_async.py
[2025-02-17T22:32:52.855-0700] {logging_mixin.py:154} INFO - [2025-02-17T22:32:52.855-0700] {dag.py:2941} INFO - Sync 1 DAGs
[2025-02-17T22:32:52.869-0700] {logging_mixin.py:154} INFO - [2025-02-17T22:32:52.869-0700] {dag.py:3722} INFO - Setting next_dagrun for example_time_delta_sensor_async to None, run_after=None
[2025-02-17T22:32:52.900-0700] {processor.py:179} INFO - Processing /home/jparep/miniconda3/envs/dbt-env/lib/python3.11/site-packages/airflow/example_dags/example_time_delta_sensor_async.py took 0.083 seconds
[2025-02-17T22:33:33.590-0700] {processor.py:157} INFO - Started process (PID=157447) to work on /home/jparep/miniconda3/envs/dbt-env/lib/python3.11/site-packages/airflow/example_dags/example_time_delta_sensor_async.py
[2025-02-17T22:33:33.592-0700] {processor.py:829} INFO - Processing file /home/jparep/miniconda3/envs/dbt-env/lib/python3.11/site-packages/airflow/example_dags/example_time_delta_sensor_async.py for tasks to queue
[2025-02-17T22:33:33.593-0700] {logging_mixin.py:154} INFO - [2025-02-17T22:33:33.593-0700] {dagbag.py:536} INFO - Filling up the DagBag from /home/jparep/miniconda3/envs/dbt-env/lib/python3.11/site-packages/airflow/example_dags/example_time_delta_sensor_async.py
[2025-02-17T22:33:33.600-0700] {processor.py:839} INFO - DAG(s) dict_keys(['example_time_delta_sensor_async']) retrieved from /home/jparep/miniconda3/envs/dbt-env/lib/python3.11/site-packages/airflow/example_dags/example_time_delta_sensor_async.py
[2025-02-17T22:33:33.625-0700] {logging_mixin.py:154} INFO - [2025-02-17T22:33:33.625-0700] {dag.py:2941} INFO - Sync 1 DAGs
[2025-02-17T22:33:33.643-0700] {logging_mixin.py:154} INFO - [2025-02-17T22:33:33.643-0700] {dag.py:3722} INFO - Setting next_dagrun for example_time_delta_sensor_async to None, run_after=None
[2025-02-17T22:33:33.676-0700] {processor.py:179} INFO - Processing /home/jparep/miniconda3/envs/dbt-env/lib/python3.11/site-packages/airflow/example_dags/example_time_delta_sensor_async.py took 0.090 seconds
[2025-02-17T22:34:08.733-0700] {processor.py:157} INFO - Started process (PID=157583) to work on /home/jparep/miniconda3/envs/dbt-env/lib/python3.11/site-packages/airflow/example_dags/example_time_delta_sensor_async.py
[2025-02-17T22:34:08.734-0700] {processor.py:829} INFO - Processing file /home/jparep/miniconda3/envs/dbt-env/lib/python3.11/site-packages/airflow/example_dags/example_time_delta_sensor_async.py for tasks to queue
[2025-02-17T22:34:08.735-0700] {logging_mixin.py:154} INFO - [2025-02-17T22:34:08.735-0700] {dagbag.py:536} INFO - Filling up the DagBag from /home/jparep/miniconda3/envs/dbt-env/lib/python3.11/site-packages/airflow/example_dags/example_time_delta_sensor_async.py
[2025-02-17T22:34:08.740-0700] {processor.py:839} INFO - DAG(s) dict_keys(['example_time_delta_sensor_async']) retrieved from /home/jparep/miniconda3/envs/dbt-env/lib/python3.11/site-packages/airflow/example_dags/example_time_delta_sensor_async.py
[2025-02-17T22:34:08.759-0700] {logging_mixin.py:154} INFO - [2025-02-17T22:34:08.759-0700] {dag.py:2941} INFO - Sync 1 DAGs
[2025-02-17T22:34:08.767-0700] {logging_mixin.py:154} INFO - [2025-02-17T22:34:08.767-0700] {dag.py:3722} INFO - Setting next_dagrun for example_time_delta_sensor_async to None, run_after=None
[2025-02-17T22:34:08.786-0700] {processor.py:179} INFO - Processing /home/jparep/miniconda3/envs/dbt-env/lib/python3.11/site-packages/airflow/example_dags/example_time_delta_sensor_async.py took 0.057 seconds
[2025-02-17T22:34:44.265-0700] {processor.py:157} INFO - Started process (PID=157919) to work on /home/jparep/miniconda3/envs/dbt-env/lib/python3.11/site-packages/airflow/example_dags/example_time_delta_sensor_async.py
[2025-02-17T22:34:44.268-0700] {processor.py:829} INFO - Processing file /home/jparep/miniconda3/envs/dbt-env/lib/python3.11/site-packages/airflow/example_dags/example_time_delta_sensor_async.py for tasks to queue
[2025-02-17T22:34:44.270-0700] {logging_mixin.py:154} INFO - [2025-02-17T22:34:44.269-0700] {dagbag.py:536} INFO - Filling up the DagBag from /home/jparep/miniconda3/envs/dbt-env/lib/python3.11/site-packages/airflow/example_dags/example_time_delta_sensor_async.py
[2025-02-17T22:34:44.278-0700] {processor.py:839} INFO - DAG(s) dict_keys(['example_time_delta_sensor_async']) retrieved from /home/jparep/miniconda3/envs/dbt-env/lib/python3.11/site-packages/airflow/example_dags/example_time_delta_sensor_async.py
[2025-02-17T22:34:44.307-0700] {logging_mixin.py:154} INFO - [2025-02-17T22:34:44.307-0700] {dag.py:2941} INFO - Sync 1 DAGs
[2025-02-17T22:34:44.323-0700] {logging_mixin.py:154} INFO - [2025-02-17T22:34:44.323-0700] {dag.py:3722} INFO - Setting next_dagrun for example_time_delta_sensor_async to None, run_after=None
[2025-02-17T22:34:44.346-0700] {processor.py:179} INFO - Processing /home/jparep/miniconda3/envs/dbt-env/lib/python3.11/site-packages/airflow/example_dags/example_time_delta_sensor_async.py took 0.086 seconds
[2025-02-17T22:35:21.130-0700] {processor.py:157} INFO - Started process (PID=158113) to work on /home/jparep/miniconda3/envs/dbt-env/lib/python3.11/site-packages/airflow/example_dags/example_time_delta_sensor_async.py
[2025-02-17T22:35:21.132-0700] {processor.py:829} INFO - Processing file /home/jparep/miniconda3/envs/dbt-env/lib/python3.11/site-packages/airflow/example_dags/example_time_delta_sensor_async.py for tasks to queue
[2025-02-17T22:35:21.133-0700] {logging_mixin.py:154} INFO - [2025-02-17T22:35:21.133-0700] {dagbag.py:536} INFO - Filling up the DagBag from /home/jparep/miniconda3/envs/dbt-env/lib/python3.11/site-packages/airflow/example_dags/example_time_delta_sensor_async.py
[2025-02-17T22:35:21.137-0700] {processor.py:839} INFO - DAG(s) dict_keys(['example_time_delta_sensor_async']) retrieved from /home/jparep/miniconda3/envs/dbt-env/lib/python3.11/site-packages/airflow/example_dags/example_time_delta_sensor_async.py
[2025-02-17T22:35:21.150-0700] {logging_mixin.py:154} INFO - [2025-02-17T22:35:21.150-0700] {dag.py:2941} INFO - Sync 1 DAGs
[2025-02-17T22:35:21.158-0700] {logging_mixin.py:154} INFO - [2025-02-17T22:35:21.158-0700] {dag.py:3722} INFO - Setting next_dagrun for example_time_delta_sensor_async to None, run_after=None
[2025-02-17T22:35:21.174-0700] {processor.py:179} INFO - Processing /home/jparep/miniconda3/envs/dbt-env/lib/python3.11/site-packages/airflow/example_dags/example_time_delta_sensor_async.py took 0.047 seconds
[2025-02-17T22:35:59.415-0700] {processor.py:157} INFO - Started process (PID=158539) to work on /home/jparep/miniconda3/envs/dbt-env/lib/python3.11/site-packages/airflow/example_dags/example_time_delta_sensor_async.py
[2025-02-17T22:35:59.418-0700] {processor.py:829} INFO - Processing file /home/jparep/miniconda3/envs/dbt-env/lib/python3.11/site-packages/airflow/example_dags/example_time_delta_sensor_async.py for tasks to queue
[2025-02-17T22:35:59.419-0700] {logging_mixin.py:154} INFO - [2025-02-17T22:35:59.418-0700] {dagbag.py:536} INFO - Filling up the DagBag from /home/jparep/miniconda3/envs/dbt-env/lib/python3.11/site-packages/airflow/example_dags/example_time_delta_sensor_async.py
[2025-02-17T22:35:59.424-0700] {processor.py:839} INFO - DAG(s) dict_keys(['example_time_delta_sensor_async']) retrieved from /home/jparep/miniconda3/envs/dbt-env/lib/python3.11/site-packages/airflow/example_dags/example_time_delta_sensor_async.py
[2025-02-17T22:35:59.438-0700] {logging_mixin.py:154} INFO - [2025-02-17T22:35:59.438-0700] {dag.py:2941} INFO - Sync 1 DAGs
[2025-02-17T22:35:59.448-0700] {logging_mixin.py:154} INFO - [2025-02-17T22:35:59.448-0700] {dag.py:3722} INFO - Setting next_dagrun for example_time_delta_sensor_async to None, run_after=None
[2025-02-17T22:35:59.468-0700] {processor.py:179} INFO - Processing /home/jparep/miniconda3/envs/dbt-env/lib/python3.11/site-packages/airflow/example_dags/example_time_delta_sensor_async.py took 0.056 seconds
[2025-02-17T22:36:39.591-0700] {processor.py:157} INFO - Started process (PID=158793) to work on /home/jparep/miniconda3/envs/dbt-env/lib/python3.11/site-packages/airflow/example_dags/example_time_delta_sensor_async.py
[2025-02-17T22:36:39.594-0700] {processor.py:829} INFO - Processing file /home/jparep/miniconda3/envs/dbt-env/lib/python3.11/site-packages/airflow/example_dags/example_time_delta_sensor_async.py for tasks to queue
[2025-02-17T22:36:39.595-0700] {logging_mixin.py:154} INFO - [2025-02-17T22:36:39.594-0700] {dagbag.py:536} INFO - Filling up the DagBag from /home/jparep/miniconda3/envs/dbt-env/lib/python3.11/site-packages/airflow/example_dags/example_time_delta_sensor_async.py
[2025-02-17T22:36:39.603-0700] {processor.py:839} INFO - DAG(s) dict_keys(['example_time_delta_sensor_async']) retrieved from /home/jparep/miniconda3/envs/dbt-env/lib/python3.11/site-packages/airflow/example_dags/example_time_delta_sensor_async.py
[2025-02-17T22:36:39.622-0700] {logging_mixin.py:154} INFO - [2025-02-17T22:36:39.622-0700] {dag.py:2941} INFO - Sync 1 DAGs
[2025-02-17T22:36:39.630-0700] {logging_mixin.py:154} INFO - [2025-02-17T22:36:39.630-0700] {dag.py:3722} INFO - Setting next_dagrun for example_time_delta_sensor_async to None, run_after=None
[2025-02-17T22:36:39.647-0700] {processor.py:179} INFO - Processing /home/jparep/miniconda3/envs/dbt-env/lib/python3.11/site-packages/airflow/example_dags/example_time_delta_sensor_async.py took 0.064 seconds
[2025-02-17T22:37:22.488-0700] {processor.py:157} INFO - Started process (PID=159575) to work on /home/jparep/miniconda3/envs/dbt-env/lib/python3.11/site-packages/airflow/example_dags/example_time_delta_sensor_async.py
[2025-02-17T22:37:22.490-0700] {processor.py:829} INFO - Processing file /home/jparep/miniconda3/envs/dbt-env/lib/python3.11/site-packages/airflow/example_dags/example_time_delta_sensor_async.py for tasks to queue
[2025-02-17T22:37:22.491-0700] {logging_mixin.py:154} INFO - [2025-02-17T22:37:22.491-0700] {dagbag.py:536} INFO - Filling up the DagBag from /home/jparep/miniconda3/envs/dbt-env/lib/python3.11/site-packages/airflow/example_dags/example_time_delta_sensor_async.py
[2025-02-17T22:37:22.496-0700] {processor.py:839} INFO - DAG(s) dict_keys(['example_time_delta_sensor_async']) retrieved from /home/jparep/miniconda3/envs/dbt-env/lib/python3.11/site-packages/airflow/example_dags/example_time_delta_sensor_async.py
[2025-02-17T22:37:22.514-0700] {logging_mixin.py:154} INFO - [2025-02-17T22:37:22.513-0700] {dag.py:2941} INFO - Sync 1 DAGs
[2025-02-17T22:37:22.522-0700] {logging_mixin.py:154} INFO - [2025-02-17T22:37:22.522-0700] {dag.py:3722} INFO - Setting next_dagrun for example_time_delta_sensor_async to None, run_after=None
[2025-02-17T22:37:22.539-0700] {processor.py:179} INFO - Processing /home/jparep/miniconda3/envs/dbt-env/lib/python3.11/site-packages/airflow/example_dags/example_time_delta_sensor_async.py took 0.053 seconds
[2025-02-17T22:38:11.549-0700] {processor.py:157} INFO - Started process (PID=160450) to work on /home/jparep/miniconda3/envs/dbt-env/lib/python3.11/site-packages/airflow/example_dags/example_time_delta_sensor_async.py
[2025-02-17T22:38:11.552-0700] {processor.py:829} INFO - Processing file /home/jparep/miniconda3/envs/dbt-env/lib/python3.11/site-packages/airflow/example_dags/example_time_delta_sensor_async.py for tasks to queue
[2025-02-17T22:38:11.553-0700] {logging_mixin.py:154} INFO - [2025-02-17T22:38:11.553-0700] {dagbag.py:536} INFO - Filling up the DagBag from /home/jparep/miniconda3/envs/dbt-env/lib/python3.11/site-packages/airflow/example_dags/example_time_delta_sensor_async.py
[2025-02-17T22:38:11.561-0700] {processor.py:839} INFO - DAG(s) dict_keys(['example_time_delta_sensor_async']) retrieved from /home/jparep/miniconda3/envs/dbt-env/lib/python3.11/site-packages/airflow/example_dags/example_time_delta_sensor_async.py
[2025-02-17T22:38:11.587-0700] {logging_mixin.py:154} INFO - [2025-02-17T22:38:11.587-0700] {dag.py:2941} INFO - Sync 1 DAGs
[2025-02-17T22:38:11.607-0700] {logging_mixin.py:154} INFO - [2025-02-17T22:38:11.607-0700] {dag.py:3722} INFO - Setting next_dagrun for example_time_delta_sensor_async to None, run_after=None
[2025-02-17T22:38:11.634-0700] {processor.py:179} INFO - Processing /home/jparep/miniconda3/envs/dbt-env/lib/python3.11/site-packages/airflow/example_dags/example_time_delta_sensor_async.py took 0.090 seconds
[2025-02-17T22:38:47.632-0700] {processor.py:157} INFO - Started process (PID=160715) to work on /home/jparep/miniconda3/envs/dbt-env/lib/python3.11/site-packages/airflow/example_dags/example_time_delta_sensor_async.py
[2025-02-17T22:38:47.635-0700] {processor.py:829} INFO - Processing file /home/jparep/miniconda3/envs/dbt-env/lib/python3.11/site-packages/airflow/example_dags/example_time_delta_sensor_async.py for tasks to queue
[2025-02-17T22:38:47.636-0700] {logging_mixin.py:154} INFO - [2025-02-17T22:38:47.635-0700] {dagbag.py:536} INFO - Filling up the DagBag from /home/jparep/miniconda3/envs/dbt-env/lib/python3.11/site-packages/airflow/example_dags/example_time_delta_sensor_async.py
[2025-02-17T22:38:47.643-0700] {processor.py:839} INFO - DAG(s) dict_keys(['example_time_delta_sensor_async']) retrieved from /home/jparep/miniconda3/envs/dbt-env/lib/python3.11/site-packages/airflow/example_dags/example_time_delta_sensor_async.py
[2025-02-17T22:38:47.663-0700] {logging_mixin.py:154} INFO - [2025-02-17T22:38:47.663-0700] {dag.py:2941} INFO - Sync 1 DAGs
[2025-02-17T22:38:47.678-0700] {logging_mixin.py:154} INFO - [2025-02-17T22:38:47.678-0700] {dag.py:3722} INFO - Setting next_dagrun for example_time_delta_sensor_async to None, run_after=None
[2025-02-17T22:38:47.697-0700] {processor.py:179} INFO - Processing /home/jparep/miniconda3/envs/dbt-env/lib/python3.11/site-packages/airflow/example_dags/example_time_delta_sensor_async.py took 0.070 seconds
[2025-02-17T22:39:23.037-0700] {processor.py:157} INFO - Started process (PID=161175) to work on /home/jparep/miniconda3/envs/dbt-env/lib/python3.11/site-packages/airflow/example_dags/example_time_delta_sensor_async.py
[2025-02-17T22:39:23.039-0700] {processor.py:829} INFO - Processing file /home/jparep/miniconda3/envs/dbt-env/lib/python3.11/site-packages/airflow/example_dags/example_time_delta_sensor_async.py for tasks to queue
[2025-02-17T22:39:23.040-0700] {logging_mixin.py:154} INFO - [2025-02-17T22:39:23.039-0700] {dagbag.py:536} INFO - Filling up the DagBag from /home/jparep/miniconda3/envs/dbt-env/lib/python3.11/site-packages/airflow/example_dags/example_time_delta_sensor_async.py
[2025-02-17T22:39:23.044-0700] {processor.py:839} INFO - DAG(s) dict_keys(['example_time_delta_sensor_async']) retrieved from /home/jparep/miniconda3/envs/dbt-env/lib/python3.11/site-packages/airflow/example_dags/example_time_delta_sensor_async.py
[2025-02-17T22:39:23.060-0700] {logging_mixin.py:154} INFO - [2025-02-17T22:39:23.060-0700] {dag.py:2941} INFO - Sync 1 DAGs
[2025-02-17T22:39:23.069-0700] {logging_mixin.py:154} INFO - [2025-02-17T22:39:23.068-0700] {dag.py:3722} INFO - Setting next_dagrun for example_time_delta_sensor_async to None, run_after=None
[2025-02-17T22:39:23.087-0700] {processor.py:179} INFO - Processing /home/jparep/miniconda3/envs/dbt-env/lib/python3.11/site-packages/airflow/example_dags/example_time_delta_sensor_async.py took 0.052 seconds
[2025-02-17T22:40:00.032-0700] {processor.py:157} INFO - Started process (PID=161319) to work on /home/jparep/miniconda3/envs/dbt-env/lib/python3.11/site-packages/airflow/example_dags/example_time_delta_sensor_async.py
[2025-02-17T22:40:00.034-0700] {processor.py:829} INFO - Processing file /home/jparep/miniconda3/envs/dbt-env/lib/python3.11/site-packages/airflow/example_dags/example_time_delta_sensor_async.py for tasks to queue
[2025-02-17T22:40:00.035-0700] {logging_mixin.py:154} INFO - [2025-02-17T22:40:00.034-0700] {dagbag.py:536} INFO - Filling up the DagBag from /home/jparep/miniconda3/envs/dbt-env/lib/python3.11/site-packages/airflow/example_dags/example_time_delta_sensor_async.py
[2025-02-17T22:40:00.039-0700] {processor.py:839} INFO - DAG(s) dict_keys(['example_time_delta_sensor_async']) retrieved from /home/jparep/miniconda3/envs/dbt-env/lib/python3.11/site-packages/airflow/example_dags/example_time_delta_sensor_async.py
[2025-02-17T22:40:00.061-0700] {logging_mixin.py:154} INFO - [2025-02-17T22:40:00.061-0700] {dag.py:2941} INFO - Sync 1 DAGs
[2025-02-17T22:40:00.073-0700] {logging_mixin.py:154} INFO - [2025-02-17T22:40:00.073-0700] {dag.py:3722} INFO - Setting next_dagrun for example_time_delta_sensor_async to None, run_after=None
[2025-02-17T22:40:00.094-0700] {processor.py:179} INFO - Processing /home/jparep/miniconda3/envs/dbt-env/lib/python3.11/site-packages/airflow/example_dags/example_time_delta_sensor_async.py took 0.066 seconds
[2025-02-17T22:40:38.684-0700] {processor.py:157} INFO - Started process (PID=161749) to work on /home/jparep/miniconda3/envs/dbt-env/lib/python3.11/site-packages/airflow/example_dags/example_time_delta_sensor_async.py
[2025-02-17T22:40:38.686-0700] {processor.py:829} INFO - Processing file /home/jparep/miniconda3/envs/dbt-env/lib/python3.11/site-packages/airflow/example_dags/example_time_delta_sensor_async.py for tasks to queue
[2025-02-17T22:40:38.687-0700] {logging_mixin.py:154} INFO - [2025-02-17T22:40:38.687-0700] {dagbag.py:536} INFO - Filling up the DagBag from /home/jparep/miniconda3/envs/dbt-env/lib/python3.11/site-packages/airflow/example_dags/example_time_delta_sensor_async.py
[2025-02-17T22:40:38.691-0700] {processor.py:839} INFO - DAG(s) dict_keys(['example_time_delta_sensor_async']) retrieved from /home/jparep/miniconda3/envs/dbt-env/lib/python3.11/site-packages/airflow/example_dags/example_time_delta_sensor_async.py
[2025-02-17T22:40:38.705-0700] {logging_mixin.py:154} INFO - [2025-02-17T22:40:38.705-0700] {dag.py:2941} INFO - Sync 1 DAGs
[2025-02-17T22:40:38.714-0700] {logging_mixin.py:154} INFO - [2025-02-17T22:40:38.714-0700] {dag.py:3722} INFO - Setting next_dagrun for example_time_delta_sensor_async to None, run_after=None
[2025-02-17T22:40:38.731-0700] {processor.py:179} INFO - Processing /home/jparep/miniconda3/envs/dbt-env/lib/python3.11/site-packages/airflow/example_dags/example_time_delta_sensor_async.py took 0.050 seconds
[2025-02-17T22:41:16.066-0700] {processor.py:157} INFO - Started process (PID=162139) to work on /home/jparep/miniconda3/envs/dbt-env/lib/python3.11/site-packages/airflow/example_dags/example_time_delta_sensor_async.py
[2025-02-17T22:41:16.069-0700] {processor.py:829} INFO - Processing file /home/jparep/miniconda3/envs/dbt-env/lib/python3.11/site-packages/airflow/example_dags/example_time_delta_sensor_async.py for tasks to queue
[2025-02-17T22:41:16.070-0700] {logging_mixin.py:154} INFO - [2025-02-17T22:41:16.069-0700] {dagbag.py:536} INFO - Filling up the DagBag from /home/jparep/miniconda3/envs/dbt-env/lib/python3.11/site-packages/airflow/example_dags/example_time_delta_sensor_async.py
[2025-02-17T22:41:16.077-0700] {processor.py:839} INFO - DAG(s) dict_keys(['example_time_delta_sensor_async']) retrieved from /home/jparep/miniconda3/envs/dbt-env/lib/python3.11/site-packages/airflow/example_dags/example_time_delta_sensor_async.py
[2025-02-17T22:41:16.101-0700] {logging_mixin.py:154} INFO - [2025-02-17T22:41:16.101-0700] {dag.py:2941} INFO - Sync 1 DAGs
[2025-02-17T22:41:16.115-0700] {logging_mixin.py:154} INFO - [2025-02-17T22:41:16.114-0700] {dag.py:3722} INFO - Setting next_dagrun for example_time_delta_sensor_async to None, run_after=None
[2025-02-17T22:41:16.143-0700] {processor.py:179} INFO - Processing /home/jparep/miniconda3/envs/dbt-env/lib/python3.11/site-packages/airflow/example_dags/example_time_delta_sensor_async.py took 0.081 seconds
[2025-02-17T22:41:55.883-0700] {processor.py:157} INFO - Started process (PID=162326) to work on /home/jparep/miniconda3/envs/dbt-env/lib/python3.11/site-packages/airflow/example_dags/example_time_delta_sensor_async.py
[2025-02-17T22:41:55.886-0700] {processor.py:829} INFO - Processing file /home/jparep/miniconda3/envs/dbt-env/lib/python3.11/site-packages/airflow/example_dags/example_time_delta_sensor_async.py for tasks to queue
[2025-02-17T22:41:55.887-0700] {logging_mixin.py:154} INFO - [2025-02-17T22:41:55.887-0700] {dagbag.py:536} INFO - Filling up the DagBag from /home/jparep/miniconda3/envs/dbt-env/lib/python3.11/site-packages/airflow/example_dags/example_time_delta_sensor_async.py
[2025-02-17T22:41:55.895-0700] {processor.py:839} INFO - DAG(s) dict_keys(['example_time_delta_sensor_async']) retrieved from /home/jparep/miniconda3/envs/dbt-env/lib/python3.11/site-packages/airflow/example_dags/example_time_delta_sensor_async.py
[2025-02-17T22:41:55.927-0700] {logging_mixin.py:154} INFO - [2025-02-17T22:41:55.927-0700] {dag.py:2941} INFO - Sync 1 DAGs
[2025-02-17T22:41:55.943-0700] {logging_mixin.py:154} INFO - [2025-02-17T22:41:55.943-0700] {dag.py:3722} INFO - Setting next_dagrun for example_time_delta_sensor_async to None, run_after=None
[2025-02-17T22:41:55.968-0700] {processor.py:179} INFO - Processing /home/jparep/miniconda3/envs/dbt-env/lib/python3.11/site-packages/airflow/example_dags/example_time_delta_sensor_async.py took 0.089 seconds
