[2025-02-17T22:15:48.034-0700] {processor.py:157} INFO - Started process (PID=148433) to work on /home/jparep/miniconda3/envs/dbt-env/lib/python3.11/site-packages/airflow/example_dags/example_branch_labels.py
[2025-02-17T22:15:48.035-0700] {processor.py:829} INFO - Processing file /home/jparep/miniconda3/envs/dbt-env/lib/python3.11/site-packages/airflow/example_dags/example_branch_labels.py for tasks to queue
[2025-02-17T22:15:48.036-0700] {logging_mixin.py:154} INFO - [2025-02-17T22:15:48.035-0700] {dagbag.py:536} INFO - Filling up the DagBag from /home/jparep/miniconda3/envs/dbt-env/lib/python3.11/site-packages/airflow/example_dags/example_branch_labels.py
[2025-02-17T22:15:48.050-0700] {processor.py:839} INFO - DAG(s) dict_keys(['example_branch_labels']) retrieved from /home/jparep/miniconda3/envs/dbt-env/lib/python3.11/site-packages/airflow/example_dags/example_branch_labels.py
[2025-02-17T22:15:48.255-0700] {logging_mixin.py:154} INFO - [2025-02-17T22:15:48.255-0700] {manager.py:499} INFO - Created Permission View: %s
[2025-02-17T22:15:48.273-0700] {logging_mixin.py:154} INFO - [2025-02-17T22:15:48.272-0700] {manager.py:499} INFO - Created Permission View: %s
[2025-02-17T22:15:48.285-0700] {logging_mixin.py:154} INFO - [2025-02-17T22:15:48.285-0700] {manager.py:499} INFO - Created Permission View: %s
[2025-02-17T22:15:48.286-0700] {logging_mixin.py:154} INFO - [2025-02-17T22:15:48.286-0700] {dag.py:2941} INFO - Sync 1 DAGs
[2025-02-17T22:15:48.298-0700] {logging_mixin.py:154} INFO - [2025-02-17T22:15:48.298-0700] {dag.py:2963} INFO - Creating ORM DAG for example_branch_labels
[2025-02-17T22:15:48.310-0700] {logging_mixin.py:154} INFO - [2025-02-17T22:15:48.310-0700] {dag.py:3722} INFO - Setting next_dagrun for example_branch_labels to 2025-02-17T00:00:00+00:00, run_after=2025-02-18T00:00:00+00:00
[2025-02-17T22:15:48.333-0700] {processor.py:179} INFO - Processing /home/jparep/miniconda3/envs/dbt-env/lib/python3.11/site-packages/airflow/example_dags/example_branch_labels.py took 0.303 seconds
[2025-02-17T22:16:45.972-0700] {processor.py:157} INFO - Started process (PID=148812) to work on /home/jparep/miniconda3/envs/dbt-env/lib/python3.11/site-packages/airflow/example_dags/example_branch_labels.py
[2025-02-17T22:16:45.975-0700] {processor.py:829} INFO - Processing file /home/jparep/miniconda3/envs/dbt-env/lib/python3.11/site-packages/airflow/example_dags/example_branch_labels.py for tasks to queue
[2025-02-17T22:16:45.975-0700] {logging_mixin.py:154} INFO - [2025-02-17T22:16:45.975-0700] {dagbag.py:536} INFO - Filling up the DagBag from /home/jparep/miniconda3/envs/dbt-env/lib/python3.11/site-packages/airflow/example_dags/example_branch_labels.py
[2025-02-17T22:16:45.981-0700] {processor.py:839} INFO - DAG(s) dict_keys(['example_branch_labels']) retrieved from /home/jparep/miniconda3/envs/dbt-env/lib/python3.11/site-packages/airflow/example_dags/example_branch_labels.py
[2025-02-17T22:16:45.994-0700] {logging_mixin.py:154} INFO - [2025-02-17T22:16:45.994-0700] {dag.py:2941} INFO - Sync 1 DAGs
[2025-02-17T22:16:46.009-0700] {logging_mixin.py:154} INFO - [2025-02-17T22:16:46.009-0700] {dag.py:3722} INFO - Setting next_dagrun for example_branch_labels to 2025-02-17T00:00:00+00:00, run_after=2025-02-18T00:00:00+00:00
[2025-02-17T22:16:46.095-0700] {processor.py:179} INFO - Processing /home/jparep/miniconda3/envs/dbt-env/lib/python3.11/site-packages/airflow/example_dags/example_branch_labels.py took 0.125 seconds
[2025-02-17T22:17:33.004-0700] {processor.py:157} INFO - Started process (PID=149258) to work on /home/jparep/miniconda3/envs/dbt-env/lib/python3.11/site-packages/airflow/example_dags/example_branch_labels.py
[2025-02-17T22:17:33.006-0700] {processor.py:829} INFO - Processing file /home/jparep/miniconda3/envs/dbt-env/lib/python3.11/site-packages/airflow/example_dags/example_branch_labels.py for tasks to queue
[2025-02-17T22:17:33.007-0700] {logging_mixin.py:154} INFO - [2025-02-17T22:17:33.006-0700] {dagbag.py:536} INFO - Filling up the DagBag from /home/jparep/miniconda3/envs/dbt-env/lib/python3.11/site-packages/airflow/example_dags/example_branch_labels.py
[2025-02-17T22:17:33.013-0700] {processor.py:839} INFO - DAG(s) dict_keys(['example_branch_labels']) retrieved from /home/jparep/miniconda3/envs/dbt-env/lib/python3.11/site-packages/airflow/example_dags/example_branch_labels.py
[2025-02-17T22:17:33.107-0700] {logging_mixin.py:154} INFO - [2025-02-17T22:17:33.107-0700] {dag.py:2941} INFO - Sync 1 DAGs
[2025-02-17T22:17:33.120-0700] {logging_mixin.py:154} INFO - [2025-02-17T22:17:33.119-0700] {dag.py:3722} INFO - Setting next_dagrun for example_branch_labels to 2025-02-17T00:00:00+00:00, run_after=2025-02-18T00:00:00+00:00
[2025-02-17T22:17:33.139-0700] {processor.py:179} INFO - Processing /home/jparep/miniconda3/envs/dbt-env/lib/python3.11/site-packages/airflow/example_dags/example_branch_labels.py took 0.137 seconds
[2025-02-17T22:18:19.497-0700] {processor.py:157} INFO - Started process (PID=149539) to work on /home/jparep/miniconda3/envs/dbt-env/lib/python3.11/site-packages/airflow/example_dags/example_branch_labels.py
[2025-02-17T22:18:19.501-0700] {processor.py:829} INFO - Processing file /home/jparep/miniconda3/envs/dbt-env/lib/python3.11/site-packages/airflow/example_dags/example_branch_labels.py for tasks to queue
[2025-02-17T22:18:19.503-0700] {logging_mixin.py:154} INFO - [2025-02-17T22:18:19.502-0700] {dagbag.py:536} INFO - Filling up the DagBag from /home/jparep/miniconda3/envs/dbt-env/lib/python3.11/site-packages/airflow/example_dags/example_branch_labels.py
[2025-02-17T22:18:19.515-0700] {processor.py:839} INFO - DAG(s) dict_keys(['example_branch_labels']) retrieved from /home/jparep/miniconda3/envs/dbt-env/lib/python3.11/site-packages/airflow/example_dags/example_branch_labels.py
[2025-02-17T22:18:19.533-0700] {logging_mixin.py:154} INFO - [2025-02-17T22:18:19.533-0700] {dag.py:2941} INFO - Sync 1 DAGs
[2025-02-17T22:18:19.551-0700] {logging_mixin.py:154} INFO - [2025-02-17T22:18:19.551-0700] {dag.py:3722} INFO - Setting next_dagrun for example_branch_labels to 2025-02-17T00:00:00+00:00, run_after=2025-02-18T00:00:00+00:00
[2025-02-17T22:18:19.571-0700] {processor.py:179} INFO - Processing /home/jparep/miniconda3/envs/dbt-env/lib/python3.11/site-packages/airflow/example_dags/example_branch_labels.py took 0.080 seconds
[2025-02-17T22:18:56.336-0700] {processor.py:157} INFO - Started process (PID=149956) to work on /home/jparep/miniconda3/envs/dbt-env/lib/python3.11/site-packages/airflow/example_dags/example_branch_labels.py
[2025-02-17T22:18:56.338-0700] {processor.py:829} INFO - Processing file /home/jparep/miniconda3/envs/dbt-env/lib/python3.11/site-packages/airflow/example_dags/example_branch_labels.py for tasks to queue
[2025-02-17T22:18:56.339-0700] {logging_mixin.py:154} INFO - [2025-02-17T22:18:56.338-0700] {dagbag.py:536} INFO - Filling up the DagBag from /home/jparep/miniconda3/envs/dbt-env/lib/python3.11/site-packages/airflow/example_dags/example_branch_labels.py
[2025-02-17T22:18:56.350-0700] {processor.py:839} INFO - DAG(s) dict_keys(['example_branch_labels']) retrieved from /home/jparep/miniconda3/envs/dbt-env/lib/python3.11/site-packages/airflow/example_dags/example_branch_labels.py
[2025-02-17T22:18:56.374-0700] {logging_mixin.py:154} INFO - [2025-02-17T22:18:56.374-0700] {dag.py:2941} INFO - Sync 1 DAGs
[2025-02-17T22:18:56.396-0700] {logging_mixin.py:154} INFO - [2025-02-17T22:18:56.395-0700] {dag.py:3722} INFO - Setting next_dagrun for example_branch_labels to 2025-02-17T00:00:00+00:00, run_after=2025-02-18T00:00:00+00:00
[2025-02-17T22:18:56.417-0700] {processor.py:179} INFO - Processing /home/jparep/miniconda3/envs/dbt-env/lib/python3.11/site-packages/airflow/example_dags/example_branch_labels.py took 0.085 seconds
[2025-02-17T22:19:33.441-0700] {processor.py:157} INFO - Started process (PID=150195) to work on /home/jparep/miniconda3/envs/dbt-env/lib/python3.11/site-packages/airflow/example_dags/example_branch_labels.py
[2025-02-17T22:19:33.443-0700] {processor.py:829} INFO - Processing file /home/jparep/miniconda3/envs/dbt-env/lib/python3.11/site-packages/airflow/example_dags/example_branch_labels.py for tasks to queue
[2025-02-17T22:19:33.444-0700] {logging_mixin.py:154} INFO - [2025-02-17T22:19:33.443-0700] {dagbag.py:536} INFO - Filling up the DagBag from /home/jparep/miniconda3/envs/dbt-env/lib/python3.11/site-packages/airflow/example_dags/example_branch_labels.py
[2025-02-17T22:19:33.454-0700] {processor.py:839} INFO - DAG(s) dict_keys(['example_branch_labels']) retrieved from /home/jparep/miniconda3/envs/dbt-env/lib/python3.11/site-packages/airflow/example_dags/example_branch_labels.py
[2025-02-17T22:19:33.473-0700] {logging_mixin.py:154} INFO - [2025-02-17T22:19:33.473-0700] {dag.py:2941} INFO - Sync 1 DAGs
[2025-02-17T22:19:33.491-0700] {logging_mixin.py:154} INFO - [2025-02-17T22:19:33.491-0700] {dag.py:3722} INFO - Setting next_dagrun for example_branch_labels to 2025-02-17T00:00:00+00:00, run_after=2025-02-18T00:00:00+00:00
[2025-02-17T22:19:33.520-0700] {processor.py:179} INFO - Processing /home/jparep/miniconda3/envs/dbt-env/lib/python3.11/site-packages/airflow/example_dags/example_branch_labels.py took 0.082 seconds
[2025-02-17T22:20:14.037-0700] {processor.py:157} INFO - Started process (PID=150623) to work on /home/jparep/miniconda3/envs/dbt-env/lib/python3.11/site-packages/airflow/example_dags/example_branch_labels.py
[2025-02-17T22:20:14.040-0700] {processor.py:829} INFO - Processing file /home/jparep/miniconda3/envs/dbt-env/lib/python3.11/site-packages/airflow/example_dags/example_branch_labels.py for tasks to queue
[2025-02-17T22:20:14.041-0700] {logging_mixin.py:154} INFO - [2025-02-17T22:20:14.040-0700] {dagbag.py:536} INFO - Filling up the DagBag from /home/jparep/miniconda3/envs/dbt-env/lib/python3.11/site-packages/airflow/example_dags/example_branch_labels.py
[2025-02-17T22:20:14.052-0700] {processor.py:839} INFO - DAG(s) dict_keys(['example_branch_labels']) retrieved from /home/jparep/miniconda3/envs/dbt-env/lib/python3.11/site-packages/airflow/example_dags/example_branch_labels.py
[2025-02-17T22:20:14.075-0700] {logging_mixin.py:154} INFO - [2025-02-17T22:20:14.075-0700] {dag.py:2941} INFO - Sync 1 DAGs
[2025-02-17T22:20:14.101-0700] {logging_mixin.py:154} INFO - [2025-02-17T22:20:14.100-0700] {dag.py:3722} INFO - Setting next_dagrun for example_branch_labels to 2025-02-17T00:00:00+00:00, run_after=2025-02-18T00:00:00+00:00
[2025-02-17T22:20:14.130-0700] {processor.py:179} INFO - Processing /home/jparep/miniconda3/envs/dbt-env/lib/python3.11/site-packages/airflow/example_dags/example_branch_labels.py took 0.097 seconds
[2025-02-17T22:20:52.522-0700] {processor.py:157} INFO - Started process (PID=151050) to work on /home/jparep/miniconda3/envs/dbt-env/lib/python3.11/site-packages/airflow/example_dags/example_branch_labels.py
[2025-02-17T22:20:52.526-0700] {processor.py:829} INFO - Processing file /home/jparep/miniconda3/envs/dbt-env/lib/python3.11/site-packages/airflow/example_dags/example_branch_labels.py for tasks to queue
[2025-02-17T22:20:52.527-0700] {logging_mixin.py:154} INFO - [2025-02-17T22:20:52.526-0700] {dagbag.py:536} INFO - Filling up the DagBag from /home/jparep/miniconda3/envs/dbt-env/lib/python3.11/site-packages/airflow/example_dags/example_branch_labels.py
[2025-02-17T22:20:52.538-0700] {processor.py:839} INFO - DAG(s) dict_keys(['example_branch_labels']) retrieved from /home/jparep/miniconda3/envs/dbt-env/lib/python3.11/site-packages/airflow/example_dags/example_branch_labels.py
[2025-02-17T22:20:52.563-0700] {logging_mixin.py:154} INFO - [2025-02-17T22:20:52.563-0700] {dag.py:2941} INFO - Sync 1 DAGs
[2025-02-17T22:20:52.586-0700] {logging_mixin.py:154} INFO - [2025-02-17T22:20:52.586-0700] {dag.py:3722} INFO - Setting next_dagrun for example_branch_labels to 2025-02-17T00:00:00+00:00, run_after=2025-02-18T00:00:00+00:00
[2025-02-17T22:20:52.606-0700] {processor.py:179} INFO - Processing /home/jparep/miniconda3/envs/dbt-env/lib/python3.11/site-packages/airflow/example_dags/example_branch_labels.py took 0.087 seconds
[2025-02-17T22:21:38.763-0700] {processor.py:157} INFO - Started process (PID=151348) to work on /home/jparep/miniconda3/envs/dbt-env/lib/python3.11/site-packages/airflow/example_dags/example_branch_labels.py
[2025-02-17T22:21:38.766-0700] {processor.py:829} INFO - Processing file /home/jparep/miniconda3/envs/dbt-env/lib/python3.11/site-packages/airflow/example_dags/example_branch_labels.py for tasks to queue
[2025-02-17T22:21:38.768-0700] {logging_mixin.py:154} INFO - [2025-02-17T22:21:38.767-0700] {dagbag.py:536} INFO - Filling up the DagBag from /home/jparep/miniconda3/envs/dbt-env/lib/python3.11/site-packages/airflow/example_dags/example_branch_labels.py
[2025-02-17T22:21:38.779-0700] {processor.py:839} INFO - DAG(s) dict_keys(['example_branch_labels']) retrieved from /home/jparep/miniconda3/envs/dbt-env/lib/python3.11/site-packages/airflow/example_dags/example_branch_labels.py
[2025-02-17T22:21:38.799-0700] {logging_mixin.py:154} INFO - [2025-02-17T22:21:38.799-0700] {dag.py:2941} INFO - Sync 1 DAGs
[2025-02-17T22:21:38.817-0700] {logging_mixin.py:154} INFO - [2025-02-17T22:21:38.817-0700] {dag.py:3722} INFO - Setting next_dagrun for example_branch_labels to 2025-02-17T00:00:00+00:00, run_after=2025-02-18T00:00:00+00:00
[2025-02-17T22:21:38.838-0700] {processor.py:179} INFO - Processing /home/jparep/miniconda3/envs/dbt-env/lib/python3.11/site-packages/airflow/example_dags/example_branch_labels.py took 0.080 seconds
[2025-02-17T22:22:18.581-0700] {processor.py:157} INFO - Started process (PID=151676) to work on /home/jparep/miniconda3/envs/dbt-env/lib/python3.11/site-packages/airflow/example_dags/example_branch_labels.py
[2025-02-17T22:22:18.584-0700] {processor.py:829} INFO - Processing file /home/jparep/miniconda3/envs/dbt-env/lib/python3.11/site-packages/airflow/example_dags/example_branch_labels.py for tasks to queue
[2025-02-17T22:22:18.585-0700] {logging_mixin.py:154} INFO - [2025-02-17T22:22:18.585-0700] {dagbag.py:536} INFO - Filling up the DagBag from /home/jparep/miniconda3/envs/dbt-env/lib/python3.11/site-packages/airflow/example_dags/example_branch_labels.py
[2025-02-17T22:22:18.597-0700] {processor.py:839} INFO - DAG(s) dict_keys(['example_branch_labels']) retrieved from /home/jparep/miniconda3/envs/dbt-env/lib/python3.11/site-packages/airflow/example_dags/example_branch_labels.py
[2025-02-17T22:22:18.620-0700] {logging_mixin.py:154} INFO - [2025-02-17T22:22:18.620-0700] {dag.py:2941} INFO - Sync 1 DAGs
[2025-02-17T22:22:18.642-0700] {logging_mixin.py:154} INFO - [2025-02-17T22:22:18.642-0700] {dag.py:3722} INFO - Setting next_dagrun for example_branch_labels to 2025-02-17T00:00:00+00:00, run_after=2025-02-18T00:00:00+00:00
[2025-02-17T22:22:18.674-0700] {processor.py:179} INFO - Processing /home/jparep/miniconda3/envs/dbt-env/lib/python3.11/site-packages/airflow/example_dags/example_branch_labels.py took 0.097 seconds
[2025-02-17T22:23:08.981-0700] {processor.py:157} INFO - Started process (PID=152060) to work on /home/jparep/miniconda3/envs/dbt-env/lib/python3.11/site-packages/airflow/example_dags/example_branch_labels.py
[2025-02-17T22:23:08.984-0700] {processor.py:829} INFO - Processing file /home/jparep/miniconda3/envs/dbt-env/lib/python3.11/site-packages/airflow/example_dags/example_branch_labels.py for tasks to queue
[2025-02-17T22:23:08.985-0700] {logging_mixin.py:154} INFO - [2025-02-17T22:23:08.984-0700] {dagbag.py:536} INFO - Filling up the DagBag from /home/jparep/miniconda3/envs/dbt-env/lib/python3.11/site-packages/airflow/example_dags/example_branch_labels.py
[2025-02-17T22:23:08.996-0700] {processor.py:839} INFO - DAG(s) dict_keys(['example_branch_labels']) retrieved from /home/jparep/miniconda3/envs/dbt-env/lib/python3.11/site-packages/airflow/example_dags/example_branch_labels.py
[2025-02-17T22:23:09.020-0700] {logging_mixin.py:154} INFO - [2025-02-17T22:23:09.020-0700] {dag.py:2941} INFO - Sync 1 DAGs
[2025-02-17T22:23:09.040-0700] {logging_mixin.py:154} INFO - [2025-02-17T22:23:09.040-0700] {dag.py:3722} INFO - Setting next_dagrun for example_branch_labels to 2025-02-17T00:00:00+00:00, run_after=2025-02-18T00:00:00+00:00
[2025-02-17T22:23:09.059-0700] {processor.py:179} INFO - Processing /home/jparep/miniconda3/envs/dbt-env/lib/python3.11/site-packages/airflow/example_dags/example_branch_labels.py took 0.083 seconds
[2025-02-17T22:23:45.213-0700] {processor.py:157} INFO - Started process (PID=152299) to work on /home/jparep/miniconda3/envs/dbt-env/lib/python3.11/site-packages/airflow/example_dags/example_branch_labels.py
[2025-02-17T22:23:45.216-0700] {processor.py:829} INFO - Processing file /home/jparep/miniconda3/envs/dbt-env/lib/python3.11/site-packages/airflow/example_dags/example_branch_labels.py for tasks to queue
[2025-02-17T22:23:45.217-0700] {logging_mixin.py:154} INFO - [2025-02-17T22:23:45.216-0700] {dagbag.py:536} INFO - Filling up the DagBag from /home/jparep/miniconda3/envs/dbt-env/lib/python3.11/site-packages/airflow/example_dags/example_branch_labels.py
[2025-02-17T22:23:45.228-0700] {processor.py:839} INFO - DAG(s) dict_keys(['example_branch_labels']) retrieved from /home/jparep/miniconda3/envs/dbt-env/lib/python3.11/site-packages/airflow/example_dags/example_branch_labels.py
[2025-02-17T22:23:45.252-0700] {logging_mixin.py:154} INFO - [2025-02-17T22:23:45.252-0700] {dag.py:2941} INFO - Sync 1 DAGs
[2025-02-17T22:23:45.280-0700] {logging_mixin.py:154} INFO - [2025-02-17T22:23:45.280-0700] {dag.py:3722} INFO - Setting next_dagrun for example_branch_labels to 2025-02-17T00:00:00+00:00, run_after=2025-02-18T00:00:00+00:00
[2025-02-17T22:23:45.304-0700] {processor.py:179} INFO - Processing /home/jparep/miniconda3/envs/dbt-env/lib/python3.11/site-packages/airflow/example_dags/example_branch_labels.py took 0.095 seconds
[2025-02-17T22:24:22.814-0700] {processor.py:157} INFO - Started process (PID=152714) to work on /home/jparep/miniconda3/envs/dbt-env/lib/python3.11/site-packages/airflow/example_dags/example_branch_labels.py
[2025-02-17T22:24:22.818-0700] {processor.py:829} INFO - Processing file /home/jparep/miniconda3/envs/dbt-env/lib/python3.11/site-packages/airflow/example_dags/example_branch_labels.py for tasks to queue
[2025-02-17T22:24:22.819-0700] {logging_mixin.py:154} INFO - [2025-02-17T22:24:22.818-0700] {dagbag.py:536} INFO - Filling up the DagBag from /home/jparep/miniconda3/envs/dbt-env/lib/python3.11/site-packages/airflow/example_dags/example_branch_labels.py
[2025-02-17T22:24:22.833-0700] {processor.py:839} INFO - DAG(s) dict_keys(['example_branch_labels']) retrieved from /home/jparep/miniconda3/envs/dbt-env/lib/python3.11/site-packages/airflow/example_dags/example_branch_labels.py
[2025-02-17T22:24:22.857-0700] {logging_mixin.py:154} INFO - [2025-02-17T22:24:22.857-0700] {dag.py:2941} INFO - Sync 1 DAGs
[2025-02-17T22:24:22.881-0700] {logging_mixin.py:154} INFO - [2025-02-17T22:24:22.881-0700] {dag.py:3722} INFO - Setting next_dagrun for example_branch_labels to 2025-02-17T00:00:00+00:00, run_after=2025-02-18T00:00:00+00:00
[2025-02-17T22:24:22.903-0700] {processor.py:179} INFO - Processing /home/jparep/miniconda3/envs/dbt-env/lib/python3.11/site-packages/airflow/example_dags/example_branch_labels.py took 0.098 seconds
[2025-02-17T22:24:57.167-0700] {processor.py:157} INFO - Started process (PID=153105) to work on /home/jparep/miniconda3/envs/dbt-env/lib/python3.11/site-packages/airflow/example_dags/example_branch_labels.py
[2025-02-17T22:24:57.170-0700] {processor.py:829} INFO - Processing file /home/jparep/miniconda3/envs/dbt-env/lib/python3.11/site-packages/airflow/example_dags/example_branch_labels.py for tasks to queue
[2025-02-17T22:24:57.171-0700] {logging_mixin.py:154} INFO - [2025-02-17T22:24:57.170-0700] {dagbag.py:536} INFO - Filling up the DagBag from /home/jparep/miniconda3/envs/dbt-env/lib/python3.11/site-packages/airflow/example_dags/example_branch_labels.py
[2025-02-17T22:24:57.182-0700] {processor.py:839} INFO - DAG(s) dict_keys(['example_branch_labels']) retrieved from /home/jparep/miniconda3/envs/dbt-env/lib/python3.11/site-packages/airflow/example_dags/example_branch_labels.py
[2025-02-17T22:24:57.207-0700] {logging_mixin.py:154} INFO - [2025-02-17T22:24:57.207-0700] {dag.py:2941} INFO - Sync 1 DAGs
[2025-02-17T22:24:57.232-0700] {logging_mixin.py:154} INFO - [2025-02-17T22:24:57.232-0700] {dag.py:3722} INFO - Setting next_dagrun for example_branch_labels to 2025-02-17T00:00:00+00:00, run_after=2025-02-18T00:00:00+00:00
[2025-02-17T22:24:57.263-0700] {processor.py:179} INFO - Processing /home/jparep/miniconda3/envs/dbt-env/lib/python3.11/site-packages/airflow/example_dags/example_branch_labels.py took 0.100 seconds
[2025-02-17T22:25:36.582-0700] {processor.py:157} INFO - Started process (PID=153362) to work on /home/jparep/miniconda3/envs/dbt-env/lib/python3.11/site-packages/airflow/example_dags/example_branch_labels.py
[2025-02-17T22:25:36.585-0700] {processor.py:829} INFO - Processing file /home/jparep/miniconda3/envs/dbt-env/lib/python3.11/site-packages/airflow/example_dags/example_branch_labels.py for tasks to queue
[2025-02-17T22:25:36.588-0700] {logging_mixin.py:154} INFO - [2025-02-17T22:25:36.588-0700] {dagbag.py:536} INFO - Filling up the DagBag from /home/jparep/miniconda3/envs/dbt-env/lib/python3.11/site-packages/airflow/example_dags/example_branch_labels.py
[2025-02-17T22:25:36.600-0700] {processor.py:839} INFO - DAG(s) dict_keys(['example_branch_labels']) retrieved from /home/jparep/miniconda3/envs/dbt-env/lib/python3.11/site-packages/airflow/example_dags/example_branch_labels.py
[2025-02-17T22:25:36.624-0700] {logging_mixin.py:154} INFO - [2025-02-17T22:25:36.624-0700] {dag.py:2941} INFO - Sync 1 DAGs
[2025-02-17T22:25:36.644-0700] {logging_mixin.py:154} INFO - [2025-02-17T22:25:36.644-0700] {dag.py:3722} INFO - Setting next_dagrun for example_branch_labels to 2025-02-17T00:00:00+00:00, run_after=2025-02-18T00:00:00+00:00
[2025-02-17T22:25:36.666-0700] {processor.py:179} INFO - Processing /home/jparep/miniconda3/envs/dbt-env/lib/python3.11/site-packages/airflow/example_dags/example_branch_labels.py took 0.088 seconds
[2025-02-17T22:26:17.657-0700] {processor.py:157} INFO - Started process (PID=153798) to work on /home/jparep/miniconda3/envs/dbt-env/lib/python3.11/site-packages/airflow/example_dags/example_branch_labels.py
[2025-02-17T22:26:17.659-0700] {processor.py:829} INFO - Processing file /home/jparep/miniconda3/envs/dbt-env/lib/python3.11/site-packages/airflow/example_dags/example_branch_labels.py for tasks to queue
[2025-02-17T22:26:17.661-0700] {logging_mixin.py:154} INFO - [2025-02-17T22:26:17.660-0700] {dagbag.py:536} INFO - Filling up the DagBag from /home/jparep/miniconda3/envs/dbt-env/lib/python3.11/site-packages/airflow/example_dags/example_branch_labels.py
[2025-02-17T22:26:17.672-0700] {processor.py:839} INFO - DAG(s) dict_keys(['example_branch_labels']) retrieved from /home/jparep/miniconda3/envs/dbt-env/lib/python3.11/site-packages/airflow/example_dags/example_branch_labels.py
[2025-02-17T22:26:17.697-0700] {logging_mixin.py:154} INFO - [2025-02-17T22:26:17.697-0700] {dag.py:2941} INFO - Sync 1 DAGs
[2025-02-17T22:26:17.723-0700] {logging_mixin.py:154} INFO - [2025-02-17T22:26:17.723-0700] {dag.py:3722} INFO - Setting next_dagrun for example_branch_labels to 2025-02-17T00:00:00+00:00, run_after=2025-02-18T00:00:00+00:00
[2025-02-17T22:26:17.752-0700] {processor.py:179} INFO - Processing /home/jparep/miniconda3/envs/dbt-env/lib/python3.11/site-packages/airflow/example_dags/example_branch_labels.py took 0.100 seconds
[2025-02-17T22:27:10.671-0700] {processor.py:157} INFO - Started process (PID=154302) to work on /home/jparep/miniconda3/envs/dbt-env/lib/python3.11/site-packages/airflow/example_dags/example_branch_labels.py
[2025-02-17T22:27:10.674-0700] {processor.py:829} INFO - Processing file /home/jparep/miniconda3/envs/dbt-env/lib/python3.11/site-packages/airflow/example_dags/example_branch_labels.py for tasks to queue
[2025-02-17T22:27:10.675-0700] {logging_mixin.py:154} INFO - [2025-02-17T22:27:10.675-0700] {dagbag.py:536} INFO - Filling up the DagBag from /home/jparep/miniconda3/envs/dbt-env/lib/python3.11/site-packages/airflow/example_dags/example_branch_labels.py
[2025-02-17T22:27:10.687-0700] {processor.py:839} INFO - DAG(s) dict_keys(['example_branch_labels']) retrieved from /home/jparep/miniconda3/envs/dbt-env/lib/python3.11/site-packages/airflow/example_dags/example_branch_labels.py
[2025-02-17T22:27:10.711-0700] {logging_mixin.py:154} INFO - [2025-02-17T22:27:10.711-0700] {dag.py:2941} INFO - Sync 1 DAGs
[2025-02-17T22:27:10.734-0700] {logging_mixin.py:154} INFO - [2025-02-17T22:27:10.734-0700] {dag.py:3722} INFO - Setting next_dagrun for example_branch_labels to 2025-02-17T00:00:00+00:00, run_after=2025-02-18T00:00:00+00:00
[2025-02-17T22:27:10.761-0700] {processor.py:179} INFO - Processing /home/jparep/miniconda3/envs/dbt-env/lib/python3.11/site-packages/airflow/example_dags/example_branch_labels.py took 0.094 seconds
[2025-02-17T22:27:47.156-0700] {processor.py:157} INFO - Started process (PID=154535) to work on /home/jparep/miniconda3/envs/dbt-env/lib/python3.11/site-packages/airflow/example_dags/example_branch_labels.py
[2025-02-17T22:27:47.159-0700] {processor.py:829} INFO - Processing file /home/jparep/miniconda3/envs/dbt-env/lib/python3.11/site-packages/airflow/example_dags/example_branch_labels.py for tasks to queue
[2025-02-17T22:27:47.160-0700] {logging_mixin.py:154} INFO - [2025-02-17T22:27:47.159-0700] {dagbag.py:536} INFO - Filling up the DagBag from /home/jparep/miniconda3/envs/dbt-env/lib/python3.11/site-packages/airflow/example_dags/example_branch_labels.py
[2025-02-17T22:27:47.173-0700] {processor.py:839} INFO - DAG(s) dict_keys(['example_branch_labels']) retrieved from /home/jparep/miniconda3/envs/dbt-env/lib/python3.11/site-packages/airflow/example_dags/example_branch_labels.py
[2025-02-17T22:27:47.202-0700] {logging_mixin.py:154} INFO - [2025-02-17T22:27:47.202-0700] {dag.py:2941} INFO - Sync 1 DAGs
[2025-02-17T22:27:47.230-0700] {logging_mixin.py:154} INFO - [2025-02-17T22:27:47.230-0700] {dag.py:3722} INFO - Setting next_dagrun for example_branch_labels to 2025-02-17T00:00:00+00:00, run_after=2025-02-18T00:00:00+00:00
[2025-02-17T22:27:47.254-0700] {processor.py:179} INFO - Processing /home/jparep/miniconda3/envs/dbt-env/lib/python3.11/site-packages/airflow/example_dags/example_branch_labels.py took 0.103 seconds
[2025-02-17T22:28:23.217-0700] {processor.py:157} INFO - Started process (PID=154903) to work on /home/jparep/miniconda3/envs/dbt-env/lib/python3.11/site-packages/airflow/example_dags/example_branch_labels.py
[2025-02-17T22:28:23.220-0700] {processor.py:829} INFO - Processing file /home/jparep/miniconda3/envs/dbt-env/lib/python3.11/site-packages/airflow/example_dags/example_branch_labels.py for tasks to queue
[2025-02-17T22:28:23.221-0700] {logging_mixin.py:154} INFO - [2025-02-17T22:28:23.221-0700] {dagbag.py:536} INFO - Filling up the DagBag from /home/jparep/miniconda3/envs/dbt-env/lib/python3.11/site-packages/airflow/example_dags/example_branch_labels.py
[2025-02-17T22:28:23.232-0700] {processor.py:839} INFO - DAG(s) dict_keys(['example_branch_labels']) retrieved from /home/jparep/miniconda3/envs/dbt-env/lib/python3.11/site-packages/airflow/example_dags/example_branch_labels.py
[2025-02-17T22:28:23.257-0700] {logging_mixin.py:154} INFO - [2025-02-17T22:28:23.257-0700] {dag.py:2941} INFO - Sync 1 DAGs
[2025-02-17T22:28:23.277-0700] {logging_mixin.py:154} INFO - [2025-02-17T22:28:23.277-0700] {dag.py:3722} INFO - Setting next_dagrun for example_branch_labels to 2025-02-17T00:00:00+00:00, run_after=2025-02-18T00:00:00+00:00
[2025-02-17T22:28:23.298-0700] {processor.py:179} INFO - Processing /home/jparep/miniconda3/envs/dbt-env/lib/python3.11/site-packages/airflow/example_dags/example_branch_labels.py took 0.085 seconds
[2025-02-17T22:29:02.374-0700] {processor.py:157} INFO - Started process (PID=155054) to work on /home/jparep/miniconda3/envs/dbt-env/lib/python3.11/site-packages/airflow/example_dags/example_branch_labels.py
[2025-02-17T22:29:02.376-0700] {processor.py:829} INFO - Processing file /home/jparep/miniconda3/envs/dbt-env/lib/python3.11/site-packages/airflow/example_dags/example_branch_labels.py for tasks to queue
[2025-02-17T22:29:02.377-0700] {logging_mixin.py:154} INFO - [2025-02-17T22:29:02.376-0700] {dagbag.py:536} INFO - Filling up the DagBag from /home/jparep/miniconda3/envs/dbt-env/lib/python3.11/site-packages/airflow/example_dags/example_branch_labels.py
[2025-02-17T22:29:02.383-0700] {processor.py:839} INFO - DAG(s) dict_keys(['example_branch_labels']) retrieved from /home/jparep/miniconda3/envs/dbt-env/lib/python3.11/site-packages/airflow/example_dags/example_branch_labels.py
[2025-02-17T22:29:02.399-0700] {logging_mixin.py:154} INFO - [2025-02-17T22:29:02.398-0700] {dag.py:2941} INFO - Sync 1 DAGs
[2025-02-17T22:29:02.417-0700] {logging_mixin.py:154} INFO - [2025-02-17T22:29:02.417-0700] {dag.py:3722} INFO - Setting next_dagrun for example_branch_labels to 2025-02-17T00:00:00+00:00, run_after=2025-02-18T00:00:00+00:00
[2025-02-17T22:29:02.434-0700] {processor.py:179} INFO - Processing /home/jparep/miniconda3/envs/dbt-env/lib/python3.11/site-packages/airflow/example_dags/example_branch_labels.py took 0.063 seconds
[2025-02-17T22:29:45.139-0700] {processor.py:157} INFO - Started process (PID=155413) to work on /home/jparep/miniconda3/envs/dbt-env/lib/python3.11/site-packages/airflow/example_dags/example_branch_labels.py
[2025-02-17T22:29:45.142-0700] {processor.py:829} INFO - Processing file /home/jparep/miniconda3/envs/dbt-env/lib/python3.11/site-packages/airflow/example_dags/example_branch_labels.py for tasks to queue
[2025-02-17T22:29:45.144-0700] {logging_mixin.py:154} INFO - [2025-02-17T22:29:45.143-0700] {dagbag.py:536} INFO - Filling up the DagBag from /home/jparep/miniconda3/envs/dbt-env/lib/python3.11/site-packages/airflow/example_dags/example_branch_labels.py
[2025-02-17T22:29:45.160-0700] {processor.py:839} INFO - DAG(s) dict_keys(['example_branch_labels']) retrieved from /home/jparep/miniconda3/envs/dbt-env/lib/python3.11/site-packages/airflow/example_dags/example_branch_labels.py
[2025-02-17T22:29:45.189-0700] {logging_mixin.py:154} INFO - [2025-02-17T22:29:45.189-0700] {dag.py:2941} INFO - Sync 1 DAGs
[2025-02-17T22:29:45.216-0700] {logging_mixin.py:154} INFO - [2025-02-17T22:29:45.215-0700] {dag.py:3722} INFO - Setting next_dagrun for example_branch_labels to 2025-02-17T00:00:00+00:00, run_after=2025-02-18T00:00:00+00:00
[2025-02-17T22:29:45.244-0700] {processor.py:179} INFO - Processing /home/jparep/miniconda3/envs/dbt-env/lib/python3.11/site-packages/airflow/example_dags/example_branch_labels.py took 0.112 seconds
[2025-02-17T22:30:28.137-0700] {processor.py:157} INFO - Started process (PID=155819) to work on /home/jparep/miniconda3/envs/dbt-env/lib/python3.11/site-packages/airflow/example_dags/example_branch_labels.py
[2025-02-17T22:30:28.139-0700] {processor.py:829} INFO - Processing file /home/jparep/miniconda3/envs/dbt-env/lib/python3.11/site-packages/airflow/example_dags/example_branch_labels.py for tasks to queue
[2025-02-17T22:30:28.140-0700] {logging_mixin.py:154} INFO - [2025-02-17T22:30:28.140-0700] {dagbag.py:536} INFO - Filling up the DagBag from /home/jparep/miniconda3/envs/dbt-env/lib/python3.11/site-packages/airflow/example_dags/example_branch_labels.py
[2025-02-17T22:30:28.147-0700] {processor.py:839} INFO - DAG(s) dict_keys(['example_branch_labels']) retrieved from /home/jparep/miniconda3/envs/dbt-env/lib/python3.11/site-packages/airflow/example_dags/example_branch_labels.py
[2025-02-17T22:30:28.162-0700] {logging_mixin.py:154} INFO - [2025-02-17T22:30:28.161-0700] {dag.py:2941} INFO - Sync 1 DAGs
[2025-02-17T22:30:28.177-0700] {logging_mixin.py:154} INFO - [2025-02-17T22:30:28.177-0700] {dag.py:3722} INFO - Setting next_dagrun for example_branch_labels to 2025-02-17T00:00:00+00:00, run_after=2025-02-18T00:00:00+00:00
[2025-02-17T22:30:28.198-0700] {processor.py:179} INFO - Processing /home/jparep/miniconda3/envs/dbt-env/lib/python3.11/site-packages/airflow/example_dags/example_branch_labels.py took 0.064 seconds
[2025-02-17T22:31:02.781-0700] {processor.py:157} INFO - Started process (PID=156060) to work on /home/jparep/miniconda3/envs/dbt-env/lib/python3.11/site-packages/airflow/example_dags/example_branch_labels.py
[2025-02-17T22:31:02.785-0700] {processor.py:829} INFO - Processing file /home/jparep/miniconda3/envs/dbt-env/lib/python3.11/site-packages/airflow/example_dags/example_branch_labels.py for tasks to queue
[2025-02-17T22:31:02.787-0700] {logging_mixin.py:154} INFO - [2025-02-17T22:31:02.786-0700] {dagbag.py:536} INFO - Filling up the DagBag from /home/jparep/miniconda3/envs/dbt-env/lib/python3.11/site-packages/airflow/example_dags/example_branch_labels.py
[2025-02-17T22:31:02.806-0700] {processor.py:839} INFO - DAG(s) dict_keys(['example_branch_labels']) retrieved from /home/jparep/miniconda3/envs/dbt-env/lib/python3.11/site-packages/airflow/example_dags/example_branch_labels.py
[2025-02-17T22:31:02.836-0700] {logging_mixin.py:154} INFO - [2025-02-17T22:31:02.835-0700] {dag.py:2941} INFO - Sync 1 DAGs
[2025-02-17T22:31:02.863-0700] {logging_mixin.py:154} INFO - [2025-02-17T22:31:02.863-0700] {dag.py:3722} INFO - Setting next_dagrun for example_branch_labels to 2025-02-17T00:00:00+00:00, run_after=2025-02-18T00:00:00+00:00
[2025-02-17T22:31:02.892-0700] {processor.py:179} INFO - Processing /home/jparep/miniconda3/envs/dbt-env/lib/python3.11/site-packages/airflow/example_dags/example_branch_labels.py took 0.119 seconds
[2025-02-17T22:31:38.004-0700] {processor.py:157} INFO - Started process (PID=156458) to work on /home/jparep/miniconda3/envs/dbt-env/lib/python3.11/site-packages/airflow/example_dags/example_branch_labels.py
[2025-02-17T22:31:38.006-0700] {processor.py:829} INFO - Processing file /home/jparep/miniconda3/envs/dbt-env/lib/python3.11/site-packages/airflow/example_dags/example_branch_labels.py for tasks to queue
[2025-02-17T22:31:38.007-0700] {logging_mixin.py:154} INFO - [2025-02-17T22:31:38.007-0700] {dagbag.py:536} INFO - Filling up the DagBag from /home/jparep/miniconda3/envs/dbt-env/lib/python3.11/site-packages/airflow/example_dags/example_branch_labels.py
[2025-02-17T22:31:38.017-0700] {processor.py:839} INFO - DAG(s) dict_keys(['example_branch_labels']) retrieved from /home/jparep/miniconda3/envs/dbt-env/lib/python3.11/site-packages/airflow/example_dags/example_branch_labels.py
[2025-02-17T22:31:38.039-0700] {logging_mixin.py:154} INFO - [2025-02-17T22:31:38.039-0700] {dag.py:2941} INFO - Sync 1 DAGs
[2025-02-17T22:31:38.062-0700] {logging_mixin.py:154} INFO - [2025-02-17T22:31:38.062-0700] {dag.py:3722} INFO - Setting next_dagrun for example_branch_labels to 2025-02-17T00:00:00+00:00, run_after=2025-02-18T00:00:00+00:00
[2025-02-17T22:31:38.096-0700] {processor.py:179} INFO - Processing /home/jparep/miniconda3/envs/dbt-env/lib/python3.11/site-packages/airflow/example_dags/example_branch_labels.py took 0.097 seconds
[2025-02-17T22:32:16.430-0700] {processor.py:157} INFO - Started process (PID=156693) to work on /home/jparep/miniconda3/envs/dbt-env/lib/python3.11/site-packages/airflow/example_dags/example_branch_labels.py
[2025-02-17T22:32:16.432-0700] {processor.py:829} INFO - Processing file /home/jparep/miniconda3/envs/dbt-env/lib/python3.11/site-packages/airflow/example_dags/example_branch_labels.py for tasks to queue
[2025-02-17T22:32:16.433-0700] {logging_mixin.py:154} INFO - [2025-02-17T22:32:16.433-0700] {dagbag.py:536} INFO - Filling up the DagBag from /home/jparep/miniconda3/envs/dbt-env/lib/python3.11/site-packages/airflow/example_dags/example_branch_labels.py
[2025-02-17T22:32:16.443-0700] {processor.py:839} INFO - DAG(s) dict_keys(['example_branch_labels']) retrieved from /home/jparep/miniconda3/envs/dbt-env/lib/python3.11/site-packages/airflow/example_dags/example_branch_labels.py
[2025-02-17T22:32:16.465-0700] {logging_mixin.py:154} INFO - [2025-02-17T22:32:16.465-0700] {dag.py:2941} INFO - Sync 1 DAGs
[2025-02-17T22:32:16.483-0700] {logging_mixin.py:154} INFO - [2025-02-17T22:32:16.483-0700] {dag.py:3722} INFO - Setting next_dagrun for example_branch_labels to 2025-02-17T00:00:00+00:00, run_after=2025-02-18T00:00:00+00:00
[2025-02-17T22:32:16.502-0700] {processor.py:179} INFO - Processing /home/jparep/miniconda3/envs/dbt-env/lib/python3.11/site-packages/airflow/example_dags/example_branch_labels.py took 0.077 seconds
[2025-02-17T22:32:53.679-0700] {processor.py:157} INFO - Started process (PID=157008) to work on /home/jparep/miniconda3/envs/dbt-env/lib/python3.11/site-packages/airflow/example_dags/example_branch_labels.py
[2025-02-17T22:32:53.682-0700] {processor.py:829} INFO - Processing file /home/jparep/miniconda3/envs/dbt-env/lib/python3.11/site-packages/airflow/example_dags/example_branch_labels.py for tasks to queue
[2025-02-17T22:32:53.683-0700] {logging_mixin.py:154} INFO - [2025-02-17T22:32:53.683-0700] {dagbag.py:536} INFO - Filling up the DagBag from /home/jparep/miniconda3/envs/dbt-env/lib/python3.11/site-packages/airflow/example_dags/example_branch_labels.py
[2025-02-17T22:32:53.694-0700] {processor.py:839} INFO - DAG(s) dict_keys(['example_branch_labels']) retrieved from /home/jparep/miniconda3/envs/dbt-env/lib/python3.11/site-packages/airflow/example_dags/example_branch_labels.py
[2025-02-17T22:32:53.717-0700] {logging_mixin.py:154} INFO - [2025-02-17T22:32:53.716-0700] {dag.py:2941} INFO - Sync 1 DAGs
[2025-02-17T22:32:53.734-0700] {logging_mixin.py:154} INFO - [2025-02-17T22:32:53.734-0700] {dag.py:3722} INFO - Setting next_dagrun for example_branch_labels to 2025-02-17T00:00:00+00:00, run_after=2025-02-18T00:00:00+00:00
[2025-02-17T22:32:53.755-0700] {processor.py:179} INFO - Processing /home/jparep/miniconda3/envs/dbt-env/lib/python3.11/site-packages/airflow/example_dags/example_branch_labels.py took 0.082 seconds
[2025-02-17T22:33:34.738-0700] {processor.py:157} INFO - Started process (PID=157448) to work on /home/jparep/miniconda3/envs/dbt-env/lib/python3.11/site-packages/airflow/example_dags/example_branch_labels.py
[2025-02-17T22:33:34.739-0700] {processor.py:829} INFO - Processing file /home/jparep/miniconda3/envs/dbt-env/lib/python3.11/site-packages/airflow/example_dags/example_branch_labels.py for tasks to queue
[2025-02-17T22:33:34.740-0700] {logging_mixin.py:154} INFO - [2025-02-17T22:33:34.740-0700] {dagbag.py:536} INFO - Filling up the DagBag from /home/jparep/miniconda3/envs/dbt-env/lib/python3.11/site-packages/airflow/example_dags/example_branch_labels.py
[2025-02-17T22:33:34.753-0700] {processor.py:839} INFO - DAG(s) dict_keys(['example_branch_labels']) retrieved from /home/jparep/miniconda3/envs/dbt-env/lib/python3.11/site-packages/airflow/example_dags/example_branch_labels.py
[2025-02-17T22:33:34.776-0700] {logging_mixin.py:154} INFO - [2025-02-17T22:33:34.776-0700] {dag.py:2941} INFO - Sync 1 DAGs
[2025-02-17T22:33:34.795-0700] {logging_mixin.py:154} INFO - [2025-02-17T22:33:34.795-0700] {dag.py:3722} INFO - Setting next_dagrun for example_branch_labels to 2025-02-17T00:00:00+00:00, run_after=2025-02-18T00:00:00+00:00
[2025-02-17T22:33:34.813-0700] {processor.py:179} INFO - Processing /home/jparep/miniconda3/envs/dbt-env/lib/python3.11/site-packages/airflow/example_dags/example_branch_labels.py took 0.080 seconds
[2025-02-17T22:34:09.861-0700] {processor.py:157} INFO - Started process (PID=157584) to work on /home/jparep/miniconda3/envs/dbt-env/lib/python3.11/site-packages/airflow/example_dags/example_branch_labels.py
[2025-02-17T22:34:09.863-0700] {processor.py:829} INFO - Processing file /home/jparep/miniconda3/envs/dbt-env/lib/python3.11/site-packages/airflow/example_dags/example_branch_labels.py for tasks to queue
[2025-02-17T22:34:09.864-0700] {logging_mixin.py:154} INFO - [2025-02-17T22:34:09.863-0700] {dagbag.py:536} INFO - Filling up the DagBag from /home/jparep/miniconda3/envs/dbt-env/lib/python3.11/site-packages/airflow/example_dags/example_branch_labels.py
[2025-02-17T22:34:09.873-0700] {processor.py:839} INFO - DAG(s) dict_keys(['example_branch_labels']) retrieved from /home/jparep/miniconda3/envs/dbt-env/lib/python3.11/site-packages/airflow/example_dags/example_branch_labels.py
[2025-02-17T22:34:09.890-0700] {logging_mixin.py:154} INFO - [2025-02-17T22:34:09.889-0700] {dag.py:2941} INFO - Sync 1 DAGs
[2025-02-17T22:34:09.905-0700] {logging_mixin.py:154} INFO - [2025-02-17T22:34:09.905-0700] {dag.py:3722} INFO - Setting next_dagrun for example_branch_labels to 2025-02-17T00:00:00+00:00, run_after=2025-02-18T00:00:00+00:00
[2025-02-17T22:34:09.922-0700] {processor.py:179} INFO - Processing /home/jparep/miniconda3/envs/dbt-env/lib/python3.11/site-packages/airflow/example_dags/example_branch_labels.py took 0.064 seconds
[2025-02-17T22:34:45.407-0700] {processor.py:157} INFO - Started process (PID=157920) to work on /home/jparep/miniconda3/envs/dbt-env/lib/python3.11/site-packages/airflow/example_dags/example_branch_labels.py
[2025-02-17T22:34:45.410-0700] {processor.py:829} INFO - Processing file /home/jparep/miniconda3/envs/dbt-env/lib/python3.11/site-packages/airflow/example_dags/example_branch_labels.py for tasks to queue
[2025-02-17T22:34:45.412-0700] {logging_mixin.py:154} INFO - [2025-02-17T22:34:45.411-0700] {dagbag.py:536} INFO - Filling up the DagBag from /home/jparep/miniconda3/envs/dbt-env/lib/python3.11/site-packages/airflow/example_dags/example_branch_labels.py
[2025-02-17T22:34:45.431-0700] {processor.py:839} INFO - DAG(s) dict_keys(['example_branch_labels']) retrieved from /home/jparep/miniconda3/envs/dbt-env/lib/python3.11/site-packages/airflow/example_dags/example_branch_labels.py
[2025-02-17T22:34:45.457-0700] {logging_mixin.py:154} INFO - [2025-02-17T22:34:45.457-0700] {dag.py:2941} INFO - Sync 1 DAGs
[2025-02-17T22:34:45.474-0700] {logging_mixin.py:154} INFO - [2025-02-17T22:34:45.474-0700] {dag.py:3722} INFO - Setting next_dagrun for example_branch_labels to 2025-02-17T00:00:00+00:00, run_after=2025-02-18T00:00:00+00:00
[2025-02-17T22:34:45.495-0700] {processor.py:179} INFO - Processing /home/jparep/miniconda3/envs/dbt-env/lib/python3.11/site-packages/airflow/example_dags/example_branch_labels.py took 0.093 seconds
[2025-02-17T22:35:21.323-0700] {processor.py:157} INFO - Started process (PID=158119) to work on /home/jparep/miniconda3/envs/dbt-env/lib/python3.11/site-packages/airflow/example_dags/example_branch_labels.py
[2025-02-17T22:35:21.326-0700] {processor.py:829} INFO - Processing file /home/jparep/miniconda3/envs/dbt-env/lib/python3.11/site-packages/airflow/example_dags/example_branch_labels.py for tasks to queue
[2025-02-17T22:35:21.327-0700] {logging_mixin.py:154} INFO - [2025-02-17T22:35:21.327-0700] {dagbag.py:536} INFO - Filling up the DagBag from /home/jparep/miniconda3/envs/dbt-env/lib/python3.11/site-packages/airflow/example_dags/example_branch_labels.py
[2025-02-17T22:35:21.340-0700] {processor.py:839} INFO - DAG(s) dict_keys(['example_branch_labels']) retrieved from /home/jparep/miniconda3/envs/dbt-env/lib/python3.11/site-packages/airflow/example_dags/example_branch_labels.py
[2025-02-17T22:35:21.368-0700] {logging_mixin.py:154} INFO - [2025-02-17T22:35:21.368-0700] {dag.py:2941} INFO - Sync 1 DAGs
[2025-02-17T22:35:21.391-0700] {logging_mixin.py:154} INFO - [2025-02-17T22:35:21.390-0700] {dag.py:3722} INFO - Setting next_dagrun for example_branch_labels to 2025-02-17T00:00:00+00:00, run_after=2025-02-18T00:00:00+00:00
[2025-02-17T22:35:21.417-0700] {processor.py:179} INFO - Processing /home/jparep/miniconda3/envs/dbt-env/lib/python3.11/site-packages/airflow/example_dags/example_branch_labels.py took 0.099 seconds
[2025-02-17T22:36:00.563-0700] {processor.py:157} INFO - Started process (PID=158541) to work on /home/jparep/miniconda3/envs/dbt-env/lib/python3.11/site-packages/airflow/example_dags/example_branch_labels.py
[2025-02-17T22:36:00.565-0700] {processor.py:829} INFO - Processing file /home/jparep/miniconda3/envs/dbt-env/lib/python3.11/site-packages/airflow/example_dags/example_branch_labels.py for tasks to queue
[2025-02-17T22:36:00.567-0700] {logging_mixin.py:154} INFO - [2025-02-17T22:36:00.566-0700] {dagbag.py:536} INFO - Filling up the DagBag from /home/jparep/miniconda3/envs/dbt-env/lib/python3.11/site-packages/airflow/example_dags/example_branch_labels.py
[2025-02-17T22:36:00.578-0700] {processor.py:839} INFO - DAG(s) dict_keys(['example_branch_labels']) retrieved from /home/jparep/miniconda3/envs/dbt-env/lib/python3.11/site-packages/airflow/example_dags/example_branch_labels.py
[2025-02-17T22:36:00.595-0700] {logging_mixin.py:154} INFO - [2025-02-17T22:36:00.595-0700] {dag.py:2941} INFO - Sync 1 DAGs
[2025-02-17T22:36:00.611-0700] {logging_mixin.py:154} INFO - [2025-02-17T22:36:00.611-0700] {dag.py:3722} INFO - Setting next_dagrun for example_branch_labels to 2025-02-17T00:00:00+00:00, run_after=2025-02-18T00:00:00+00:00
[2025-02-17T22:36:00.626-0700] {processor.py:179} INFO - Processing /home/jparep/miniconda3/envs/dbt-env/lib/python3.11/site-packages/airflow/example_dags/example_branch_labels.py took 0.069 seconds
[2025-02-17T22:36:40.740-0700] {processor.py:157} INFO - Started process (PID=158800) to work on /home/jparep/miniconda3/envs/dbt-env/lib/python3.11/site-packages/airflow/example_dags/example_branch_labels.py
[2025-02-17T22:36:40.743-0700] {processor.py:829} INFO - Processing file /home/jparep/miniconda3/envs/dbt-env/lib/python3.11/site-packages/airflow/example_dags/example_branch_labels.py for tasks to queue
[2025-02-17T22:36:40.744-0700] {logging_mixin.py:154} INFO - [2025-02-17T22:36:40.744-0700] {dagbag.py:536} INFO - Filling up the DagBag from /home/jparep/miniconda3/envs/dbt-env/lib/python3.11/site-packages/airflow/example_dags/example_branch_labels.py
[2025-02-17T22:36:40.758-0700] {processor.py:839} INFO - DAG(s) dict_keys(['example_branch_labels']) retrieved from /home/jparep/miniconda3/envs/dbt-env/lib/python3.11/site-packages/airflow/example_dags/example_branch_labels.py
[2025-02-17T22:36:40.785-0700] {logging_mixin.py:154} INFO - [2025-02-17T22:36:40.785-0700] {dag.py:2941} INFO - Sync 1 DAGs
[2025-02-17T22:36:40.804-0700] {logging_mixin.py:154} INFO - [2025-02-17T22:36:40.804-0700] {dag.py:3722} INFO - Setting next_dagrun for example_branch_labels to 2025-02-17T00:00:00+00:00, run_after=2025-02-18T00:00:00+00:00
[2025-02-17T22:36:40.823-0700] {processor.py:179} INFO - Processing /home/jparep/miniconda3/envs/dbt-env/lib/python3.11/site-packages/airflow/example_dags/example_branch_labels.py took 0.088 seconds
[2025-02-17T22:37:23.072-0700] {processor.py:157} INFO - Started process (PID=159596) to work on /home/jparep/miniconda3/envs/dbt-env/lib/python3.11/site-packages/airflow/example_dags/example_branch_labels.py
[2025-02-17T22:37:23.074-0700] {processor.py:829} INFO - Processing file /home/jparep/miniconda3/envs/dbt-env/lib/python3.11/site-packages/airflow/example_dags/example_branch_labels.py for tasks to queue
[2025-02-17T22:37:23.075-0700] {logging_mixin.py:154} INFO - [2025-02-17T22:37:23.075-0700] {dagbag.py:536} INFO - Filling up the DagBag from /home/jparep/miniconda3/envs/dbt-env/lib/python3.11/site-packages/airflow/example_dags/example_branch_labels.py
[2025-02-17T22:37:23.083-0700] {processor.py:839} INFO - DAG(s) dict_keys(['example_branch_labels']) retrieved from /home/jparep/miniconda3/envs/dbt-env/lib/python3.11/site-packages/airflow/example_dags/example_branch_labels.py
[2025-02-17T22:37:23.105-0700] {logging_mixin.py:154} INFO - [2025-02-17T22:37:23.105-0700] {dag.py:2941} INFO - Sync 1 DAGs
[2025-02-17T22:37:23.122-0700] {logging_mixin.py:154} INFO - [2025-02-17T22:37:23.122-0700] {dag.py:3722} INFO - Setting next_dagrun for example_branch_labels to 2025-02-17T00:00:00+00:00, run_after=2025-02-18T00:00:00+00:00
[2025-02-17T22:37:23.139-0700] {processor.py:179} INFO - Processing /home/jparep/miniconda3/envs/dbt-env/lib/python3.11/site-packages/airflow/example_dags/example_branch_labels.py took 0.088 seconds
[2025-02-17T22:38:12.689-0700] {processor.py:157} INFO - Started process (PID=160455) to work on /home/jparep/miniconda3/envs/dbt-env/lib/python3.11/site-packages/airflow/example_dags/example_branch_labels.py
[2025-02-17T22:38:12.692-0700] {processor.py:829} INFO - Processing file /home/jparep/miniconda3/envs/dbt-env/lib/python3.11/site-packages/airflow/example_dags/example_branch_labels.py for tasks to queue
[2025-02-17T22:38:12.694-0700] {logging_mixin.py:154} INFO - [2025-02-17T22:38:12.693-0700] {dagbag.py:536} INFO - Filling up the DagBag from /home/jparep/miniconda3/envs/dbt-env/lib/python3.11/site-packages/airflow/example_dags/example_branch_labels.py
[2025-02-17T22:38:12.705-0700] {processor.py:839} INFO - DAG(s) dict_keys(['example_branch_labels']) retrieved from /home/jparep/miniconda3/envs/dbt-env/lib/python3.11/site-packages/airflow/example_dags/example_branch_labels.py
[2025-02-17T22:38:12.730-0700] {logging_mixin.py:154} INFO - [2025-02-17T22:38:12.730-0700] {dag.py:2941} INFO - Sync 1 DAGs
[2025-02-17T22:38:12.758-0700] {logging_mixin.py:154} INFO - [2025-02-17T22:38:12.757-0700] {dag.py:3722} INFO - Setting next_dagrun for example_branch_labels to 2025-02-17T00:00:00+00:00, run_after=2025-02-18T00:00:00+00:00
[2025-02-17T22:38:12.790-0700] {processor.py:179} INFO - Processing /home/jparep/miniconda3/envs/dbt-env/lib/python3.11/site-packages/airflow/example_dags/example_branch_labels.py took 0.105 seconds
[2025-02-17T22:38:48.780-0700] {processor.py:157} INFO - Started process (PID=160728) to work on /home/jparep/miniconda3/envs/dbt-env/lib/python3.11/site-packages/airflow/example_dags/example_branch_labels.py
[2025-02-17T22:38:48.782-0700] {processor.py:829} INFO - Processing file /home/jparep/miniconda3/envs/dbt-env/lib/python3.11/site-packages/airflow/example_dags/example_branch_labels.py for tasks to queue
[2025-02-17T22:38:48.783-0700] {logging_mixin.py:154} INFO - [2025-02-17T22:38:48.782-0700] {dagbag.py:536} INFO - Filling up the DagBag from /home/jparep/miniconda3/envs/dbt-env/lib/python3.11/site-packages/airflow/example_dags/example_branch_labels.py
[2025-02-17T22:38:48.790-0700] {processor.py:839} INFO - DAG(s) dict_keys(['example_branch_labels']) retrieved from /home/jparep/miniconda3/envs/dbt-env/lib/python3.11/site-packages/airflow/example_dags/example_branch_labels.py
[2025-02-17T22:38:48.808-0700] {logging_mixin.py:154} INFO - [2025-02-17T22:38:48.808-0700] {dag.py:2941} INFO - Sync 1 DAGs
[2025-02-17T22:38:48.826-0700] {logging_mixin.py:154} INFO - [2025-02-17T22:38:48.826-0700] {dag.py:3722} INFO - Setting next_dagrun for example_branch_labels to 2025-02-17T00:00:00+00:00, run_after=2025-02-18T00:00:00+00:00
[2025-02-17T22:38:48.843-0700] {processor.py:179} INFO - Processing /home/jparep/miniconda3/envs/dbt-env/lib/python3.11/site-packages/airflow/example_dags/example_branch_labels.py took 0.066 seconds
[2025-02-17T22:39:24.176-0700] {processor.py:157} INFO - Started process (PID=161176) to work on /home/jparep/miniconda3/envs/dbt-env/lib/python3.11/site-packages/airflow/example_dags/example_branch_labels.py
[2025-02-17T22:39:24.179-0700] {processor.py:829} INFO - Processing file /home/jparep/miniconda3/envs/dbt-env/lib/python3.11/site-packages/airflow/example_dags/example_branch_labels.py for tasks to queue
[2025-02-17T22:39:24.180-0700] {logging_mixin.py:154} INFO - [2025-02-17T22:39:24.179-0700] {dagbag.py:536} INFO - Filling up the DagBag from /home/jparep/miniconda3/envs/dbt-env/lib/python3.11/site-packages/airflow/example_dags/example_branch_labels.py
[2025-02-17T22:39:24.189-0700] {processor.py:839} INFO - DAG(s) dict_keys(['example_branch_labels']) retrieved from /home/jparep/miniconda3/envs/dbt-env/lib/python3.11/site-packages/airflow/example_dags/example_branch_labels.py
[2025-02-17T22:39:24.204-0700] {logging_mixin.py:154} INFO - [2025-02-17T22:39:24.204-0700] {dag.py:2941} INFO - Sync 1 DAGs
[2025-02-17T22:39:24.219-0700] {logging_mixin.py:154} INFO - [2025-02-17T22:39:24.218-0700] {dag.py:3722} INFO - Setting next_dagrun for example_branch_labels to 2025-02-17T00:00:00+00:00, run_after=2025-02-18T00:00:00+00:00
[2025-02-17T22:39:24.235-0700] {processor.py:179} INFO - Processing /home/jparep/miniconda3/envs/dbt-env/lib/python3.11/site-packages/airflow/example_dags/example_branch_labels.py took 0.061 seconds
[2025-02-17T22:40:01.179-0700] {processor.py:157} INFO - Started process (PID=161320) to work on /home/jparep/miniconda3/envs/dbt-env/lib/python3.11/site-packages/airflow/example_dags/example_branch_labels.py
[2025-02-17T22:40:01.182-0700] {processor.py:829} INFO - Processing file /home/jparep/miniconda3/envs/dbt-env/lib/python3.11/site-packages/airflow/example_dags/example_branch_labels.py for tasks to queue
[2025-02-17T22:40:01.186-0700] {logging_mixin.py:154} INFO - [2025-02-17T22:40:01.184-0700] {dagbag.py:536} INFO - Filling up the DagBag from /home/jparep/miniconda3/envs/dbt-env/lib/python3.11/site-packages/airflow/example_dags/example_branch_labels.py
[2025-02-17T22:40:01.199-0700] {processor.py:839} INFO - DAG(s) dict_keys(['example_branch_labels']) retrieved from /home/jparep/miniconda3/envs/dbt-env/lib/python3.11/site-packages/airflow/example_dags/example_branch_labels.py
[2025-02-17T22:40:01.225-0700] {logging_mixin.py:154} INFO - [2025-02-17T22:40:01.224-0700] {dag.py:2941} INFO - Sync 1 DAGs
[2025-02-17T22:40:01.252-0700] {logging_mixin.py:154} INFO - [2025-02-17T22:40:01.252-0700] {dag.py:3722} INFO - Setting next_dagrun for example_branch_labels to 2025-02-17T00:00:00+00:00, run_after=2025-02-18T00:00:00+00:00
[2025-02-17T22:40:01.287-0700] {processor.py:179} INFO - Processing /home/jparep/miniconda3/envs/dbt-env/lib/python3.11/site-packages/airflow/example_dags/example_branch_labels.py took 0.113 seconds
[2025-02-17T22:40:39.820-0700] {processor.py:157} INFO - Started process (PID=161762) to work on /home/jparep/miniconda3/envs/dbt-env/lib/python3.11/site-packages/airflow/example_dags/example_branch_labels.py
[2025-02-17T22:40:39.822-0700] {processor.py:829} INFO - Processing file /home/jparep/miniconda3/envs/dbt-env/lib/python3.11/site-packages/airflow/example_dags/example_branch_labels.py for tasks to queue
[2025-02-17T22:40:39.824-0700] {logging_mixin.py:154} INFO - [2025-02-17T22:40:39.823-0700] {dagbag.py:536} INFO - Filling up the DagBag from /home/jparep/miniconda3/envs/dbt-env/lib/python3.11/site-packages/airflow/example_dags/example_branch_labels.py
[2025-02-17T22:40:39.834-0700] {processor.py:839} INFO - DAG(s) dict_keys(['example_branch_labels']) retrieved from /home/jparep/miniconda3/envs/dbt-env/lib/python3.11/site-packages/airflow/example_dags/example_branch_labels.py
[2025-02-17T22:40:39.854-0700] {logging_mixin.py:154} INFO - [2025-02-17T22:40:39.853-0700] {dag.py:2941} INFO - Sync 1 DAGs
[2025-02-17T22:40:39.873-0700] {logging_mixin.py:154} INFO - [2025-02-17T22:40:39.873-0700] {dag.py:3722} INFO - Setting next_dagrun for example_branch_labels to 2025-02-17T00:00:00+00:00, run_after=2025-02-18T00:00:00+00:00
[2025-02-17T22:40:39.893-0700] {processor.py:179} INFO - Processing /home/jparep/miniconda3/envs/dbt-env/lib/python3.11/site-packages/airflow/example_dags/example_branch_labels.py took 0.079 seconds
[2025-02-17T22:41:17.214-0700] {processor.py:157} INFO - Started process (PID=162146) to work on /home/jparep/miniconda3/envs/dbt-env/lib/python3.11/site-packages/airflow/example_dags/example_branch_labels.py
[2025-02-17T22:41:17.217-0700] {processor.py:829} INFO - Processing file /home/jparep/miniconda3/envs/dbt-env/lib/python3.11/site-packages/airflow/example_dags/example_branch_labels.py for tasks to queue
[2025-02-17T22:41:17.218-0700] {logging_mixin.py:154} INFO - [2025-02-17T22:41:17.217-0700] {dagbag.py:536} INFO - Filling up the DagBag from /home/jparep/miniconda3/envs/dbt-env/lib/python3.11/site-packages/airflow/example_dags/example_branch_labels.py
[2025-02-17T22:41:17.229-0700] {processor.py:839} INFO - DAG(s) dict_keys(['example_branch_labels']) retrieved from /home/jparep/miniconda3/envs/dbt-env/lib/python3.11/site-packages/airflow/example_dags/example_branch_labels.py
[2025-02-17T22:41:17.255-0700] {logging_mixin.py:154} INFO - [2025-02-17T22:41:17.255-0700] {dag.py:2941} INFO - Sync 1 DAGs
[2025-02-17T22:41:17.280-0700] {logging_mixin.py:154} INFO - [2025-02-17T22:41:17.279-0700] {dag.py:3722} INFO - Setting next_dagrun for example_branch_labels to 2025-02-17T00:00:00+00:00, run_after=2025-02-18T00:00:00+00:00
[2025-02-17T22:41:17.303-0700] {processor.py:179} INFO - Processing /home/jparep/miniconda3/envs/dbt-env/lib/python3.11/site-packages/airflow/example_dags/example_branch_labels.py took 0.094 seconds
