[2025-02-17T22:15:44.165-0700] {processor.py:157} INFO - Started process (PID=148417) to work on /home/jparep/miniconda3/envs/dbt-env/lib/python3.11/site-packages/airflow/example_dags/example_task_group_decorator.py
[2025-02-17T22:15:44.166-0700] {processor.py:829} INFO - Processing file /home/jparep/miniconda3/envs/dbt-env/lib/python3.11/site-packages/airflow/example_dags/example_task_group_decorator.py for tasks to queue
[2025-02-17T22:15:44.167-0700] {logging_mixin.py:154} INFO - [2025-02-17T22:15:44.166-0700] {dagbag.py:536} INFO - Filling up the DagBag from /home/jparep/miniconda3/envs/dbt-env/lib/python3.11/site-packages/airflow/example_dags/example_task_group_decorator.py
[2025-02-17T22:15:44.192-0700] {processor.py:839} INFO - DAG(s) dict_keys(['example_task_group_decorator']) retrieved from /home/jparep/miniconda3/envs/dbt-env/lib/python3.11/site-packages/airflow/example_dags/example_task_group_decorator.py
[2025-02-17T22:15:44.444-0700] {logging_mixin.py:154} INFO - [2025-02-17T22:15:44.444-0700] {manager.py:499} INFO - Created Permission View: %s
[2025-02-17T22:15:44.460-0700] {logging_mixin.py:154} INFO - [2025-02-17T22:15:44.459-0700] {manager.py:499} INFO - Created Permission View: %s
[2025-02-17T22:15:44.472-0700] {logging_mixin.py:154} INFO - [2025-02-17T22:15:44.471-0700] {manager.py:499} INFO - Created Permission View: %s
[2025-02-17T22:15:44.472-0700] {logging_mixin.py:154} INFO - [2025-02-17T22:15:44.472-0700] {dag.py:2941} INFO - Sync 1 DAGs
[2025-02-17T22:15:44.485-0700] {logging_mixin.py:154} INFO - [2025-02-17T22:15:44.484-0700] {dag.py:2963} INFO - Creating ORM DAG for example_task_group_decorator
[2025-02-17T22:15:44.495-0700] {logging_mixin.py:154} INFO - [2025-02-17T22:15:44.495-0700] {dag.py:3722} INFO - Setting next_dagrun for example_task_group_decorator to 2025-02-17T05:15:44.494947+00:00, run_after=2025-02-18T05:15:44.494947+00:00
[2025-02-17T22:15:44.522-0700] {processor.py:179} INFO - Processing /home/jparep/miniconda3/envs/dbt-env/lib/python3.11/site-packages/airflow/example_dags/example_task_group_decorator.py took 0.361 seconds
[2025-02-17T22:16:42.385-0700] {processor.py:157} INFO - Started process (PID=148797) to work on /home/jparep/miniconda3/envs/dbt-env/lib/python3.11/site-packages/airflow/example_dags/example_task_group_decorator.py
[2025-02-17T22:16:42.387-0700] {processor.py:829} INFO - Processing file /home/jparep/miniconda3/envs/dbt-env/lib/python3.11/site-packages/airflow/example_dags/example_task_group_decorator.py for tasks to queue
[2025-02-17T22:16:42.389-0700] {logging_mixin.py:154} INFO - [2025-02-17T22:16:42.388-0700] {dagbag.py:536} INFO - Filling up the DagBag from /home/jparep/miniconda3/envs/dbt-env/lib/python3.11/site-packages/airflow/example_dags/example_task_group_decorator.py
[2025-02-17T22:16:42.409-0700] {processor.py:839} INFO - DAG(s) dict_keys(['example_task_group_decorator']) retrieved from /home/jparep/miniconda3/envs/dbt-env/lib/python3.11/site-packages/airflow/example_dags/example_task_group_decorator.py
[2025-02-17T22:16:42.430-0700] {logging_mixin.py:154} INFO - [2025-02-17T22:16:42.430-0700] {dag.py:2941} INFO - Sync 1 DAGs
[2025-02-17T22:16:42.531-0700] {logging_mixin.py:154} INFO - [2025-02-17T22:16:42.531-0700] {dag.py:3722} INFO - Setting next_dagrun for example_task_group_decorator to 2025-02-17T05:16:42.531293+00:00, run_after=2025-02-18T05:16:42.531293+00:00
[2025-02-17T22:16:42.546-0700] {processor.py:179} INFO - Processing /home/jparep/miniconda3/envs/dbt-env/lib/python3.11/site-packages/airflow/example_dags/example_task_group_decorator.py took 0.166 seconds
[2025-02-17T22:17:29.813-0700] {processor.py:157} INFO - Started process (PID=149230) to work on /home/jparep/miniconda3/envs/dbt-env/lib/python3.11/site-packages/airflow/example_dags/example_task_group_decorator.py
[2025-02-17T22:17:29.815-0700] {processor.py:829} INFO - Processing file /home/jparep/miniconda3/envs/dbt-env/lib/python3.11/site-packages/airflow/example_dags/example_task_group_decorator.py for tasks to queue
[2025-02-17T22:17:29.816-0700] {logging_mixin.py:154} INFO - [2025-02-17T22:17:29.816-0700] {dagbag.py:536} INFO - Filling up the DagBag from /home/jparep/miniconda3/envs/dbt-env/lib/python3.11/site-packages/airflow/example_dags/example_task_group_decorator.py
[2025-02-17T22:17:29.930-0700] {processor.py:839} INFO - DAG(s) dict_keys(['example_task_group_decorator']) retrieved from /home/jparep/miniconda3/envs/dbt-env/lib/python3.11/site-packages/airflow/example_dags/example_task_group_decorator.py
[2025-02-17T22:17:29.950-0700] {logging_mixin.py:154} INFO - [2025-02-17T22:17:29.950-0700] {dag.py:2941} INFO - Sync 1 DAGs
[2025-02-17T22:17:29.962-0700] {logging_mixin.py:154} INFO - [2025-02-17T22:17:29.962-0700] {dag.py:3722} INFO - Setting next_dagrun for example_task_group_decorator to 2025-02-17T05:17:29.962116+00:00, run_after=2025-02-18T05:17:29.962116+00:00
[2025-02-17T22:17:29.977-0700] {processor.py:179} INFO - Processing /home/jparep/miniconda3/envs/dbt-env/lib/python3.11/site-packages/airflow/example_dags/example_task_group_decorator.py took 0.166 seconds
[2025-02-17T22:18:15.957-0700] {processor.py:157} INFO - Started process (PID=149512) to work on /home/jparep/miniconda3/envs/dbt-env/lib/python3.11/site-packages/airflow/example_dags/example_task_group_decorator.py
[2025-02-17T22:18:15.958-0700] {processor.py:829} INFO - Processing file /home/jparep/miniconda3/envs/dbt-env/lib/python3.11/site-packages/airflow/example_dags/example_task_group_decorator.py for tasks to queue
[2025-02-17T22:18:15.958-0700] {logging_mixin.py:154} INFO - [2025-02-17T22:18:15.958-0700] {dagbag.py:536} INFO - Filling up the DagBag from /home/jparep/miniconda3/envs/dbt-env/lib/python3.11/site-packages/airflow/example_dags/example_task_group_decorator.py
[2025-02-17T22:18:15.972-0700] {processor.py:839} INFO - DAG(s) dict_keys(['example_task_group_decorator']) retrieved from /home/jparep/miniconda3/envs/dbt-env/lib/python3.11/site-packages/airflow/example_dags/example_task_group_decorator.py
[2025-02-17T22:18:15.989-0700] {logging_mixin.py:154} INFO - [2025-02-17T22:18:15.989-0700] {dag.py:2941} INFO - Sync 1 DAGs
[2025-02-17T22:18:16.004-0700] {logging_mixin.py:154} INFO - [2025-02-17T22:18:16.003-0700] {dag.py:3722} INFO - Setting next_dagrun for example_task_group_decorator to 2025-02-17T05:18:16.003784+00:00, run_after=2025-02-18T05:18:16.003784+00:00
[2025-02-17T22:18:16.022-0700] {processor.py:179} INFO - Processing /home/jparep/miniconda3/envs/dbt-env/lib/python3.11/site-packages/airflow/example_dags/example_task_group_decorator.py took 0.068 seconds
[2025-02-17T22:18:54.085-0700] {processor.py:157} INFO - Started process (PID=149938) to work on /home/jparep/miniconda3/envs/dbt-env/lib/python3.11/site-packages/airflow/example_dags/example_task_group_decorator.py
[2025-02-17T22:18:54.087-0700] {processor.py:829} INFO - Processing file /home/jparep/miniconda3/envs/dbt-env/lib/python3.11/site-packages/airflow/example_dags/example_task_group_decorator.py for tasks to queue
[2025-02-17T22:18:54.087-0700] {logging_mixin.py:154} INFO - [2025-02-17T22:18:54.087-0700] {dagbag.py:536} INFO - Filling up the DagBag from /home/jparep/miniconda3/envs/dbt-env/lib/python3.11/site-packages/airflow/example_dags/example_task_group_decorator.py
[2025-02-17T22:18:54.100-0700] {processor.py:839} INFO - DAG(s) dict_keys(['example_task_group_decorator']) retrieved from /home/jparep/miniconda3/envs/dbt-env/lib/python3.11/site-packages/airflow/example_dags/example_task_group_decorator.py
[2025-02-17T22:18:54.114-0700] {logging_mixin.py:154} INFO - [2025-02-17T22:18:54.114-0700] {dag.py:2941} INFO - Sync 1 DAGs
[2025-02-17T22:18:54.129-0700] {logging_mixin.py:154} INFO - [2025-02-17T22:18:54.129-0700] {dag.py:3722} INFO - Setting next_dagrun for example_task_group_decorator to 2025-02-17T05:18:54.129415+00:00, run_after=2025-02-18T05:18:54.129415+00:00
[2025-02-17T22:18:54.145-0700] {processor.py:179} INFO - Processing /home/jparep/miniconda3/envs/dbt-env/lib/python3.11/site-packages/airflow/example_dags/example_task_group_decorator.py took 0.064 seconds
[2025-02-17T22:19:30.591-0700] {processor.py:157} INFO - Started process (PID=150168) to work on /home/jparep/miniconda3/envs/dbt-env/lib/python3.11/site-packages/airflow/example_dags/example_task_group_decorator.py
[2025-02-17T22:19:30.594-0700] {processor.py:829} INFO - Processing file /home/jparep/miniconda3/envs/dbt-env/lib/python3.11/site-packages/airflow/example_dags/example_task_group_decorator.py for tasks to queue
[2025-02-17T22:19:30.595-0700] {logging_mixin.py:154} INFO - [2025-02-17T22:19:30.595-0700] {dagbag.py:536} INFO - Filling up the DagBag from /home/jparep/miniconda3/envs/dbt-env/lib/python3.11/site-packages/airflow/example_dags/example_task_group_decorator.py
[2025-02-17T22:19:30.614-0700] {processor.py:839} INFO - DAG(s) dict_keys(['example_task_group_decorator']) retrieved from /home/jparep/miniconda3/envs/dbt-env/lib/python3.11/site-packages/airflow/example_dags/example_task_group_decorator.py
[2025-02-17T22:19:30.627-0700] {logging_mixin.py:154} INFO - [2025-02-17T22:19:30.627-0700] {dag.py:2941} INFO - Sync 1 DAGs
[2025-02-17T22:19:30.640-0700] {logging_mixin.py:154} INFO - [2025-02-17T22:19:30.640-0700] {dag.py:3722} INFO - Setting next_dagrun for example_task_group_decorator to 2025-02-17T05:19:30.640056+00:00, run_after=2025-02-18T05:19:30.640056+00:00
[2025-02-17T22:19:30.661-0700] {processor.py:179} INFO - Processing /home/jparep/miniconda3/envs/dbt-env/lib/python3.11/site-packages/airflow/example_dags/example_task_group_decorator.py took 0.075 seconds
[2025-02-17T22:20:11.292-0700] {processor.py:157} INFO - Started process (PID=150608) to work on /home/jparep/miniconda3/envs/dbt-env/lib/python3.11/site-packages/airflow/example_dags/example_task_group_decorator.py
[2025-02-17T22:20:11.295-0700] {processor.py:829} INFO - Processing file /home/jparep/miniconda3/envs/dbt-env/lib/python3.11/site-packages/airflow/example_dags/example_task_group_decorator.py for tasks to queue
[2025-02-17T22:20:11.296-0700] {logging_mixin.py:154} INFO - [2025-02-17T22:20:11.295-0700] {dagbag.py:536} INFO - Filling up the DagBag from /home/jparep/miniconda3/envs/dbt-env/lib/python3.11/site-packages/airflow/example_dags/example_task_group_decorator.py
[2025-02-17T22:20:11.319-0700] {processor.py:839} INFO - DAG(s) dict_keys(['example_task_group_decorator']) retrieved from /home/jparep/miniconda3/envs/dbt-env/lib/python3.11/site-packages/airflow/example_dags/example_task_group_decorator.py
[2025-02-17T22:20:11.344-0700] {logging_mixin.py:154} INFO - [2025-02-17T22:20:11.343-0700] {dag.py:2941} INFO - Sync 1 DAGs
[2025-02-17T22:20:11.362-0700] {logging_mixin.py:154} INFO - [2025-02-17T22:20:11.362-0700] {dag.py:3722} INFO - Setting next_dagrun for example_task_group_decorator to 2025-02-17T05:20:11.362101+00:00, run_after=2025-02-18T05:20:11.362101+00:00
[2025-02-17T22:20:11.382-0700] {processor.py:179} INFO - Processing /home/jparep/miniconda3/envs/dbt-env/lib/python3.11/site-packages/airflow/example_dags/example_task_group_decorator.py took 0.095 seconds
[2025-02-17T22:20:49.969-0700] {processor.py:157} INFO - Started process (PID=151029) to work on /home/jparep/miniconda3/envs/dbt-env/lib/python3.11/site-packages/airflow/example_dags/example_task_group_decorator.py
[2025-02-17T22:20:49.971-0700] {processor.py:829} INFO - Processing file /home/jparep/miniconda3/envs/dbt-env/lib/python3.11/site-packages/airflow/example_dags/example_task_group_decorator.py for tasks to queue
[2025-02-17T22:20:49.973-0700] {logging_mixin.py:154} INFO - [2025-02-17T22:20:49.972-0700] {dagbag.py:536} INFO - Filling up the DagBag from /home/jparep/miniconda3/envs/dbt-env/lib/python3.11/site-packages/airflow/example_dags/example_task_group_decorator.py
[2025-02-17T22:20:49.994-0700] {processor.py:839} INFO - DAG(s) dict_keys(['example_task_group_decorator']) retrieved from /home/jparep/miniconda3/envs/dbt-env/lib/python3.11/site-packages/airflow/example_dags/example_task_group_decorator.py
[2025-02-17T22:20:50.016-0700] {logging_mixin.py:154} INFO - [2025-02-17T22:20:50.016-0700] {dag.py:2941} INFO - Sync 1 DAGs
[2025-02-17T22:20:50.033-0700] {logging_mixin.py:154} INFO - [2025-02-17T22:20:50.033-0700] {dag.py:3722} INFO - Setting next_dagrun for example_task_group_decorator to 2025-02-17T05:20:50.033322+00:00, run_after=2025-02-18T05:20:50.033322+00:00
[2025-02-17T22:20:50.052-0700] {processor.py:179} INFO - Processing /home/jparep/miniconda3/envs/dbt-env/lib/python3.11/site-packages/airflow/example_dags/example_task_group_decorator.py took 0.088 seconds
[2025-02-17T22:21:25.780-0700] {processor.py:157} INFO - Started process (PID=151262) to work on /home/jparep/miniconda3/envs/dbt-env/lib/python3.11/site-packages/airflow/example_dags/example_task_group_decorator.py
[2025-02-17T22:21:25.784-0700] {processor.py:829} INFO - Processing file /home/jparep/miniconda3/envs/dbt-env/lib/python3.11/site-packages/airflow/example_dags/example_task_group_decorator.py for tasks to queue
[2025-02-17T22:21:25.785-0700] {logging_mixin.py:154} INFO - [2025-02-17T22:21:25.785-0700] {dagbag.py:536} INFO - Filling up the DagBag from /home/jparep/miniconda3/envs/dbt-env/lib/python3.11/site-packages/airflow/example_dags/example_task_group_decorator.py
[2025-02-17T22:21:25.808-0700] {processor.py:839} INFO - DAG(s) dict_keys(['example_task_group_decorator']) retrieved from /home/jparep/miniconda3/envs/dbt-env/lib/python3.11/site-packages/airflow/example_dags/example_task_group_decorator.py
[2025-02-17T22:21:25.830-0700] {logging_mixin.py:154} INFO - [2025-02-17T22:21:25.829-0700] {dag.py:2941} INFO - Sync 1 DAGs
[2025-02-17T22:21:25.852-0700] {logging_mixin.py:154} INFO - [2025-02-17T22:21:25.852-0700] {dag.py:3722} INFO - Setting next_dagrun for example_task_group_decorator to 2025-02-17T05:21:25.851811+00:00, run_after=2025-02-18T05:21:25.851811+00:00
[2025-02-17T22:21:25.874-0700] {processor.py:179} INFO - Processing /home/jparep/miniconda3/envs/dbt-env/lib/python3.11/site-packages/airflow/example_dags/example_task_group_decorator.py took 0.098 seconds
[2025-02-17T22:22:13.033-0700] {processor.py:157} INFO - Started process (PID=151661) to work on /home/jparep/miniconda3/envs/dbt-env/lib/python3.11/site-packages/airflow/example_dags/example_task_group_decorator.py
[2025-02-17T22:22:13.037-0700] {processor.py:829} INFO - Processing file /home/jparep/miniconda3/envs/dbt-env/lib/python3.11/site-packages/airflow/example_dags/example_task_group_decorator.py for tasks to queue
[2025-02-17T22:22:13.038-0700] {logging_mixin.py:154} INFO - [2025-02-17T22:22:13.037-0700] {dagbag.py:536} INFO - Filling up the DagBag from /home/jparep/miniconda3/envs/dbt-env/lib/python3.11/site-packages/airflow/example_dags/example_task_group_decorator.py
[2025-02-17T22:22:13.058-0700] {processor.py:839} INFO - DAG(s) dict_keys(['example_task_group_decorator']) retrieved from /home/jparep/miniconda3/envs/dbt-env/lib/python3.11/site-packages/airflow/example_dags/example_task_group_decorator.py
[2025-02-17T22:22:13.080-0700] {logging_mixin.py:154} INFO - [2025-02-17T22:22:13.079-0700] {dag.py:2941} INFO - Sync 1 DAGs
[2025-02-17T22:22:13.096-0700] {logging_mixin.py:154} INFO - [2025-02-17T22:22:13.095-0700] {dag.py:3722} INFO - Setting next_dagrun for example_task_group_decorator to 2025-02-17T05:22:13.095599+00:00, run_after=2025-02-18T05:22:13.095599+00:00
[2025-02-17T22:22:13.115-0700] {processor.py:179} INFO - Processing /home/jparep/miniconda3/envs/dbt-env/lib/python3.11/site-packages/airflow/example_dags/example_task_group_decorator.py took 0.086 seconds
[2025-02-17T22:22:49.880-0700] {processor.py:157} INFO - Started process (PID=151971) to work on /home/jparep/miniconda3/envs/dbt-env/lib/python3.11/site-packages/airflow/example_dags/example_task_group_decorator.py
[2025-02-17T22:22:49.883-0700] {processor.py:829} INFO - Processing file /home/jparep/miniconda3/envs/dbt-env/lib/python3.11/site-packages/airflow/example_dags/example_task_group_decorator.py for tasks to queue
[2025-02-17T22:22:49.884-0700] {logging_mixin.py:154} INFO - [2025-02-17T22:22:49.883-0700] {dagbag.py:536} INFO - Filling up the DagBag from /home/jparep/miniconda3/envs/dbt-env/lib/python3.11/site-packages/airflow/example_dags/example_task_group_decorator.py
[2025-02-17T22:22:49.906-0700] {processor.py:839} INFO - DAG(s) dict_keys(['example_task_group_decorator']) retrieved from /home/jparep/miniconda3/envs/dbt-env/lib/python3.11/site-packages/airflow/example_dags/example_task_group_decorator.py
[2025-02-17T22:22:49.931-0700] {logging_mixin.py:154} INFO - [2025-02-17T22:22:49.931-0700] {dag.py:2941} INFO - Sync 1 DAGs
[2025-02-17T22:22:49.956-0700] {logging_mixin.py:154} INFO - [2025-02-17T22:22:49.956-0700] {dag.py:3722} INFO - Setting next_dagrun for example_task_group_decorator to 2025-02-17T05:22:49.955754+00:00, run_after=2025-02-18T05:22:49.955754+00:00
[2025-02-17T22:22:49.988-0700] {processor.py:179} INFO - Processing /home/jparep/miniconda3/envs/dbt-env/lib/python3.11/site-packages/airflow/example_dags/example_task_group_decorator.py took 0.113 seconds
[2025-02-17T22:23:27.359-0700] {processor.py:157} INFO - Started process (PID=152173) to work on /home/jparep/miniconda3/envs/dbt-env/lib/python3.11/site-packages/airflow/example_dags/example_task_group_decorator.py
[2025-02-17T22:23:27.362-0700] {processor.py:829} INFO - Processing file /home/jparep/miniconda3/envs/dbt-env/lib/python3.11/site-packages/airflow/example_dags/example_task_group_decorator.py for tasks to queue
[2025-02-17T22:23:27.363-0700] {logging_mixin.py:154} INFO - [2025-02-17T22:23:27.363-0700] {dagbag.py:536} INFO - Filling up the DagBag from /home/jparep/miniconda3/envs/dbt-env/lib/python3.11/site-packages/airflow/example_dags/example_task_group_decorator.py
[2025-02-17T22:23:27.387-0700] {processor.py:839} INFO - DAG(s) dict_keys(['example_task_group_decorator']) retrieved from /home/jparep/miniconda3/envs/dbt-env/lib/python3.11/site-packages/airflow/example_dags/example_task_group_decorator.py
[2025-02-17T22:23:27.413-0700] {logging_mixin.py:154} INFO - [2025-02-17T22:23:27.412-0700] {dag.py:2941} INFO - Sync 1 DAGs
[2025-02-17T22:23:27.433-0700] {logging_mixin.py:154} INFO - [2025-02-17T22:23:27.433-0700] {dag.py:3722} INFO - Setting next_dagrun for example_task_group_decorator to 2025-02-17T05:23:27.432816+00:00, run_after=2025-02-18T05:23:27.432816+00:00
[2025-02-17T22:23:27.457-0700] {processor.py:179} INFO - Processing /home/jparep/miniconda3/envs/dbt-env/lib/python3.11/site-packages/airflow/example_dags/example_task_group_decorator.py took 0.102 seconds
[2025-02-17T22:24:03.650-0700] {processor.py:157} INFO - Started process (PID=152585) to work on /home/jparep/miniconda3/envs/dbt-env/lib/python3.11/site-packages/airflow/example_dags/example_task_group_decorator.py
[2025-02-17T22:24:03.653-0700] {processor.py:829} INFO - Processing file /home/jparep/miniconda3/envs/dbt-env/lib/python3.11/site-packages/airflow/example_dags/example_task_group_decorator.py for tasks to queue
[2025-02-17T22:24:03.655-0700] {logging_mixin.py:154} INFO - [2025-02-17T22:24:03.654-0700] {dagbag.py:536} INFO - Filling up the DagBag from /home/jparep/miniconda3/envs/dbt-env/lib/python3.11/site-packages/airflow/example_dags/example_task_group_decorator.py
[2025-02-17T22:24:03.676-0700] {processor.py:839} INFO - DAG(s) dict_keys(['example_task_group_decorator']) retrieved from /home/jparep/miniconda3/envs/dbt-env/lib/python3.11/site-packages/airflow/example_dags/example_task_group_decorator.py
[2025-02-17T22:24:03.700-0700] {logging_mixin.py:154} INFO - [2025-02-17T22:24:03.700-0700] {dag.py:2941} INFO - Sync 1 DAGs
[2025-02-17T22:24:03.721-0700] {logging_mixin.py:154} INFO - [2025-02-17T22:24:03.721-0700] {dag.py:3722} INFO - Setting next_dagrun for example_task_group_decorator to 2025-02-17T05:24:03.721371+00:00, run_after=2025-02-18T05:24:03.721371+00:00
[2025-02-17T22:24:03.741-0700] {processor.py:179} INFO - Processing /home/jparep/miniconda3/envs/dbt-env/lib/python3.11/site-packages/airflow/example_dags/example_task_group_decorator.py took 0.095 seconds
[2025-02-17T22:24:39.878-0700] {processor.py:157} INFO - Started process (PID=152813) to work on /home/jparep/miniconda3/envs/dbt-env/lib/python3.11/site-packages/airflow/example_dags/example_task_group_decorator.py
[2025-02-17T22:24:39.881-0700] {processor.py:829} INFO - Processing file /home/jparep/miniconda3/envs/dbt-env/lib/python3.11/site-packages/airflow/example_dags/example_task_group_decorator.py for tasks to queue
[2025-02-17T22:24:39.884-0700] {logging_mixin.py:154} INFO - [2025-02-17T22:24:39.883-0700] {dagbag.py:536} INFO - Filling up the DagBag from /home/jparep/miniconda3/envs/dbt-env/lib/python3.11/site-packages/airflow/example_dags/example_task_group_decorator.py
[2025-02-17T22:24:39.903-0700] {processor.py:839} INFO - DAG(s) dict_keys(['example_task_group_decorator']) retrieved from /home/jparep/miniconda3/envs/dbt-env/lib/python3.11/site-packages/airflow/example_dags/example_task_group_decorator.py
[2025-02-17T22:24:39.921-0700] {logging_mixin.py:154} INFO - [2025-02-17T22:24:39.920-0700] {dag.py:2941} INFO - Sync 1 DAGs
[2025-02-17T22:24:39.934-0700] {logging_mixin.py:154} INFO - [2025-02-17T22:24:39.933-0700] {dag.py:3722} INFO - Setting next_dagrun for example_task_group_decorator to 2025-02-17T05:24:39.933767+00:00, run_after=2025-02-18T05:24:39.933767+00:00
[2025-02-17T22:24:39.950-0700] {processor.py:179} INFO - Processing /home/jparep/miniconda3/envs/dbt-env/lib/python3.11/site-packages/airflow/example_dags/example_task_group_decorator.py took 0.076 seconds
[2025-02-17T22:25:14.941-0700] {processor.py:157} INFO - Started process (PID=153215) to work on /home/jparep/miniconda3/envs/dbt-env/lib/python3.11/site-packages/airflow/example_dags/example_task_group_decorator.py
[2025-02-17T22:25:14.944-0700] {processor.py:829} INFO - Processing file /home/jparep/miniconda3/envs/dbt-env/lib/python3.11/site-packages/airflow/example_dags/example_task_group_decorator.py for tasks to queue
[2025-02-17T22:25:14.945-0700] {logging_mixin.py:154} INFO - [2025-02-17T22:25:14.944-0700] {dagbag.py:536} INFO - Filling up the DagBag from /home/jparep/miniconda3/envs/dbt-env/lib/python3.11/site-packages/airflow/example_dags/example_task_group_decorator.py
[2025-02-17T22:25:14.968-0700] {processor.py:839} INFO - DAG(s) dict_keys(['example_task_group_decorator']) retrieved from /home/jparep/miniconda3/envs/dbt-env/lib/python3.11/site-packages/airflow/example_dags/example_task_group_decorator.py
[2025-02-17T22:25:14.992-0700] {logging_mixin.py:154} INFO - [2025-02-17T22:25:14.992-0700] {dag.py:2941} INFO - Sync 1 DAGs
[2025-02-17T22:25:15.016-0700] {logging_mixin.py:154} INFO - [2025-02-17T22:25:15.016-0700] {dag.py:3722} INFO - Setting next_dagrun for example_task_group_decorator to 2025-02-17T05:25:15.016079+00:00, run_after=2025-02-18T05:25:15.016079+00:00
[2025-02-17T22:25:15.037-0700] {processor.py:179} INFO - Processing /home/jparep/miniconda3/envs/dbt-env/lib/python3.11/site-packages/airflow/example_dags/example_task_group_decorator.py took 0.100 seconds
[2025-02-17T22:25:58.294-0700] {processor.py:157} INFO - Started process (PID=153495) to work on /home/jparep/miniconda3/envs/dbt-env/lib/python3.11/site-packages/airflow/example_dags/example_task_group_decorator.py
[2025-02-17T22:25:58.297-0700] {processor.py:829} INFO - Processing file /home/jparep/miniconda3/envs/dbt-env/lib/python3.11/site-packages/airflow/example_dags/example_task_group_decorator.py for tasks to queue
[2025-02-17T22:25:58.300-0700] {logging_mixin.py:154} INFO - [2025-02-17T22:25:58.298-0700] {dagbag.py:536} INFO - Filling up the DagBag from /home/jparep/miniconda3/envs/dbt-env/lib/python3.11/site-packages/airflow/example_dags/example_task_group_decorator.py
[2025-02-17T22:25:58.321-0700] {processor.py:839} INFO - DAG(s) dict_keys(['example_task_group_decorator']) retrieved from /home/jparep/miniconda3/envs/dbt-env/lib/python3.11/site-packages/airflow/example_dags/example_task_group_decorator.py
[2025-02-17T22:25:58.339-0700] {logging_mixin.py:154} INFO - [2025-02-17T22:25:58.339-0700] {dag.py:2941} INFO - Sync 1 DAGs
[2025-02-17T22:25:58.355-0700] {logging_mixin.py:154} INFO - [2025-02-17T22:25:58.355-0700] {dag.py:3722} INFO - Setting next_dagrun for example_task_group_decorator to 2025-02-17T05:25:58.354827+00:00, run_after=2025-02-18T05:25:58.354827+00:00
[2025-02-17T22:25:58.375-0700] {processor.py:179} INFO - Processing /home/jparep/miniconda3/envs/dbt-env/lib/python3.11/site-packages/airflow/example_dags/example_task_group_decorator.py took 0.086 seconds
[2025-02-17T22:26:33.219-0700] {processor.py:157} INFO - Started process (PID=153890) to work on /home/jparep/miniconda3/envs/dbt-env/lib/python3.11/site-packages/airflow/example_dags/example_task_group_decorator.py
[2025-02-17T22:26:33.222-0700] {processor.py:829} INFO - Processing file /home/jparep/miniconda3/envs/dbt-env/lib/python3.11/site-packages/airflow/example_dags/example_task_group_decorator.py for tasks to queue
[2025-02-17T22:26:33.225-0700] {logging_mixin.py:154} INFO - [2025-02-17T22:26:33.223-0700] {dagbag.py:536} INFO - Filling up the DagBag from /home/jparep/miniconda3/envs/dbt-env/lib/python3.11/site-packages/airflow/example_dags/example_task_group_decorator.py
[2025-02-17T22:26:33.247-0700] {processor.py:839} INFO - DAG(s) dict_keys(['example_task_group_decorator']) retrieved from /home/jparep/miniconda3/envs/dbt-env/lib/python3.11/site-packages/airflow/example_dags/example_task_group_decorator.py
[2025-02-17T22:26:33.270-0700] {logging_mixin.py:154} INFO - [2025-02-17T22:26:33.270-0700] {dag.py:2941} INFO - Sync 1 DAGs
[2025-02-17T22:26:33.295-0700] {logging_mixin.py:154} INFO - [2025-02-17T22:26:33.294-0700] {dag.py:3722} INFO - Setting next_dagrun for example_task_group_decorator to 2025-02-17T05:26:33.294482+00:00, run_after=2025-02-18T05:26:33.294482+00:00
[2025-02-17T22:26:33.322-0700] {processor.py:179} INFO - Processing /home/jparep/miniconda3/envs/dbt-env/lib/python3.11/site-packages/airflow/example_dags/example_task_group_decorator.py took 0.107 seconds
[2025-02-17T22:27:07.809-0700] {processor.py:157} INFO - Started process (PID=154281) to work on /home/jparep/miniconda3/envs/dbt-env/lib/python3.11/site-packages/airflow/example_dags/example_task_group_decorator.py
[2025-02-17T22:27:07.812-0700] {processor.py:829} INFO - Processing file /home/jparep/miniconda3/envs/dbt-env/lib/python3.11/site-packages/airflow/example_dags/example_task_group_decorator.py for tasks to queue
[2025-02-17T22:27:07.813-0700] {logging_mixin.py:154} INFO - [2025-02-17T22:27:07.813-0700] {dagbag.py:536} INFO - Filling up the DagBag from /home/jparep/miniconda3/envs/dbt-env/lib/python3.11/site-packages/airflow/example_dags/example_task_group_decorator.py
[2025-02-17T22:27:07.837-0700] {processor.py:839} INFO - DAG(s) dict_keys(['example_task_group_decorator']) retrieved from /home/jparep/miniconda3/envs/dbt-env/lib/python3.11/site-packages/airflow/example_dags/example_task_group_decorator.py
[2025-02-17T22:27:07.861-0700] {logging_mixin.py:154} INFO - [2025-02-17T22:27:07.860-0700] {dag.py:2941} INFO - Sync 1 DAGs
[2025-02-17T22:27:07.882-0700] {logging_mixin.py:154} INFO - [2025-02-17T22:27:07.882-0700] {dag.py:3722} INFO - Setting next_dagrun for example_task_group_decorator to 2025-02-17T05:27:07.882317+00:00, run_after=2025-02-18T05:27:07.882317+00:00
[2025-02-17T22:27:07.912-0700] {processor.py:179} INFO - Processing /home/jparep/miniconda3/envs/dbt-env/lib/python3.11/site-packages/airflow/example_dags/example_task_group_decorator.py took 0.108 seconds
[2025-02-17T22:27:45.028-0700] {processor.py:157} INFO - Started process (PID=154520) to work on /home/jparep/miniconda3/envs/dbt-env/lib/python3.11/site-packages/airflow/example_dags/example_task_group_decorator.py
[2025-02-17T22:27:45.031-0700] {processor.py:829} INFO - Processing file /home/jparep/miniconda3/envs/dbt-env/lib/python3.11/site-packages/airflow/example_dags/example_task_group_decorator.py for tasks to queue
[2025-02-17T22:27:45.032-0700] {logging_mixin.py:154} INFO - [2025-02-17T22:27:45.031-0700] {dagbag.py:536} INFO - Filling up the DagBag from /home/jparep/miniconda3/envs/dbt-env/lib/python3.11/site-packages/airflow/example_dags/example_task_group_decorator.py
[2025-02-17T22:27:45.052-0700] {processor.py:839} INFO - DAG(s) dict_keys(['example_task_group_decorator']) retrieved from /home/jparep/miniconda3/envs/dbt-env/lib/python3.11/site-packages/airflow/example_dags/example_task_group_decorator.py
[2025-02-17T22:27:45.072-0700] {logging_mixin.py:154} INFO - [2025-02-17T22:27:45.072-0700] {dag.py:2941} INFO - Sync 1 DAGs
[2025-02-17T22:27:45.096-0700] {logging_mixin.py:154} INFO - [2025-02-17T22:27:45.096-0700] {dag.py:3722} INFO - Setting next_dagrun for example_task_group_decorator to 2025-02-17T05:27:45.096042+00:00, run_after=2025-02-18T05:27:45.096042+00:00
[2025-02-17T22:27:45.116-0700] {processor.py:179} INFO - Processing /home/jparep/miniconda3/envs/dbt-env/lib/python3.11/site-packages/airflow/example_dags/example_task_group_decorator.py took 0.093 seconds
[2025-02-17T22:28:19.788-0700] {processor.py:157} INFO - Started process (PID=154888) to work on /home/jparep/miniconda3/envs/dbt-env/lib/python3.11/site-packages/airflow/example_dags/example_task_group_decorator.py
[2025-02-17T22:28:19.791-0700] {processor.py:829} INFO - Processing file /home/jparep/miniconda3/envs/dbt-env/lib/python3.11/site-packages/airflow/example_dags/example_task_group_decorator.py for tasks to queue
[2025-02-17T22:28:19.792-0700] {logging_mixin.py:154} INFO - [2025-02-17T22:28:19.791-0700] {dagbag.py:536} INFO - Filling up the DagBag from /home/jparep/miniconda3/envs/dbt-env/lib/python3.11/site-packages/airflow/example_dags/example_task_group_decorator.py
[2025-02-17T22:28:19.816-0700] {processor.py:839} INFO - DAG(s) dict_keys(['example_task_group_decorator']) retrieved from /home/jparep/miniconda3/envs/dbt-env/lib/python3.11/site-packages/airflow/example_dags/example_task_group_decorator.py
[2025-02-17T22:28:19.837-0700] {logging_mixin.py:154} INFO - [2025-02-17T22:28:19.837-0700] {dag.py:2941} INFO - Sync 1 DAGs
[2025-02-17T22:28:19.854-0700] {logging_mixin.py:154} INFO - [2025-02-17T22:28:19.854-0700] {dag.py:3722} INFO - Setting next_dagrun for example_task_group_decorator to 2025-02-17T05:28:19.854417+00:00, run_after=2025-02-18T05:28:19.854417+00:00
[2025-02-17T22:28:19.874-0700] {processor.py:179} INFO - Processing /home/jparep/miniconda3/envs/dbt-env/lib/python3.11/site-packages/airflow/example_dags/example_task_group_decorator.py took 0.090 seconds
[2025-02-17T22:28:59.996-0700] {processor.py:157} INFO - Started process (PID=155045) to work on /home/jparep/miniconda3/envs/dbt-env/lib/python3.11/site-packages/airflow/example_dags/example_task_group_decorator.py
[2025-02-17T22:28:59.997-0700] {processor.py:829} INFO - Processing file /home/jparep/miniconda3/envs/dbt-env/lib/python3.11/site-packages/airflow/example_dags/example_task_group_decorator.py for tasks to queue
[2025-02-17T22:28:59.998-0700] {logging_mixin.py:154} INFO - [2025-02-17T22:28:59.997-0700] {dagbag.py:536} INFO - Filling up the DagBag from /home/jparep/miniconda3/envs/dbt-env/lib/python3.11/site-packages/airflow/example_dags/example_task_group_decorator.py
[2025-02-17T22:29:00.011-0700] {processor.py:839} INFO - DAG(s) dict_keys(['example_task_group_decorator']) retrieved from /home/jparep/miniconda3/envs/dbt-env/lib/python3.11/site-packages/airflow/example_dags/example_task_group_decorator.py
[2025-02-17T22:29:00.027-0700] {logging_mixin.py:154} INFO - [2025-02-17T22:29:00.027-0700] {dag.py:2941} INFO - Sync 1 DAGs
[2025-02-17T22:29:00.041-0700] {logging_mixin.py:154} INFO - [2025-02-17T22:29:00.041-0700] {dag.py:3722} INFO - Setting next_dagrun for example_task_group_decorator to 2025-02-17T05:29:00.041586+00:00, run_after=2025-02-18T05:29:00.041586+00:00
[2025-02-17T22:29:00.060-0700] {processor.py:179} INFO - Processing /home/jparep/miniconda3/envs/dbt-env/lib/python3.11/site-packages/airflow/example_dags/example_task_group_decorator.py took 0.068 seconds
[2025-02-17T22:29:42.516-0700] {processor.py:157} INFO - Started process (PID=155404) to work on /home/jparep/miniconda3/envs/dbt-env/lib/python3.11/site-packages/airflow/example_dags/example_task_group_decorator.py
[2025-02-17T22:29:42.519-0700] {processor.py:829} INFO - Processing file /home/jparep/miniconda3/envs/dbt-env/lib/python3.11/site-packages/airflow/example_dags/example_task_group_decorator.py for tasks to queue
[2025-02-17T22:29:42.520-0700] {logging_mixin.py:154} INFO - [2025-02-17T22:29:42.520-0700] {dagbag.py:536} INFO - Filling up the DagBag from /home/jparep/miniconda3/envs/dbt-env/lib/python3.11/site-packages/airflow/example_dags/example_task_group_decorator.py
[2025-02-17T22:29:42.543-0700] {processor.py:839} INFO - DAG(s) dict_keys(['example_task_group_decorator']) retrieved from /home/jparep/miniconda3/envs/dbt-env/lib/python3.11/site-packages/airflow/example_dags/example_task_group_decorator.py
[2025-02-17T22:29:42.567-0700] {logging_mixin.py:154} INFO - [2025-02-17T22:29:42.567-0700] {dag.py:2941} INFO - Sync 1 DAGs
[2025-02-17T22:29:42.592-0700] {logging_mixin.py:154} INFO - [2025-02-17T22:29:42.591-0700] {dag.py:3722} INFO - Setting next_dagrun for example_task_group_decorator to 2025-02-17T05:29:42.591649+00:00, run_after=2025-02-18T05:29:42.591649+00:00
[2025-02-17T22:29:42.618-0700] {processor.py:179} INFO - Processing /home/jparep/miniconda3/envs/dbt-env/lib/python3.11/site-packages/airflow/example_dags/example_task_group_decorator.py took 0.106 seconds
[2025-02-17T22:30:24.743-0700] {processor.py:157} INFO - Started process (PID=155792) to work on /home/jparep/miniconda3/envs/dbt-env/lib/python3.11/site-packages/airflow/example_dags/example_task_group_decorator.py
[2025-02-17T22:30:24.745-0700] {processor.py:829} INFO - Processing file /home/jparep/miniconda3/envs/dbt-env/lib/python3.11/site-packages/airflow/example_dags/example_task_group_decorator.py for tasks to queue
[2025-02-17T22:30:24.746-0700] {logging_mixin.py:154} INFO - [2025-02-17T22:30:24.746-0700] {dagbag.py:536} INFO - Filling up the DagBag from /home/jparep/miniconda3/envs/dbt-env/lib/python3.11/site-packages/airflow/example_dags/example_task_group_decorator.py
[2025-02-17T22:30:24.758-0700] {processor.py:839} INFO - DAG(s) dict_keys(['example_task_group_decorator']) retrieved from /home/jparep/miniconda3/envs/dbt-env/lib/python3.11/site-packages/airflow/example_dags/example_task_group_decorator.py
[2025-02-17T22:30:24.772-0700] {logging_mixin.py:154} INFO - [2025-02-17T22:30:24.772-0700] {dag.py:2941} INFO - Sync 1 DAGs
[2025-02-17T22:30:24.786-0700] {logging_mixin.py:154} INFO - [2025-02-17T22:30:24.786-0700] {dag.py:3722} INFO - Setting next_dagrun for example_task_group_decorator to 2025-02-17T05:30:24.786397+00:00, run_after=2025-02-18T05:30:24.786397+00:00
[2025-02-17T22:30:24.805-0700] {processor.py:179} INFO - Processing /home/jparep/miniconda3/envs/dbt-env/lib/python3.11/site-packages/airflow/example_dags/example_task_group_decorator.py took 0.064 seconds
[2025-02-17T22:31:00.559-0700] {processor.py:157} INFO - Started process (PID=156045) to work on /home/jparep/miniconda3/envs/dbt-env/lib/python3.11/site-packages/airflow/example_dags/example_task_group_decorator.py
[2025-02-17T22:31:00.561-0700] {processor.py:829} INFO - Processing file /home/jparep/miniconda3/envs/dbt-env/lib/python3.11/site-packages/airflow/example_dags/example_task_group_decorator.py for tasks to queue
[2025-02-17T22:31:00.563-0700] {logging_mixin.py:154} INFO - [2025-02-17T22:31:00.562-0700] {dagbag.py:536} INFO - Filling up the DagBag from /home/jparep/miniconda3/envs/dbt-env/lib/python3.11/site-packages/airflow/example_dags/example_task_group_decorator.py
[2025-02-17T22:31:00.591-0700] {processor.py:839} INFO - DAG(s) dict_keys(['example_task_group_decorator']) retrieved from /home/jparep/miniconda3/envs/dbt-env/lib/python3.11/site-packages/airflow/example_dags/example_task_group_decorator.py
[2025-02-17T22:31:00.615-0700] {logging_mixin.py:154} INFO - [2025-02-17T22:31:00.615-0700] {dag.py:2941} INFO - Sync 1 DAGs
[2025-02-17T22:31:00.633-0700] {logging_mixin.py:154} INFO - [2025-02-17T22:31:00.632-0700] {dag.py:3722} INFO - Setting next_dagrun for example_task_group_decorator to 2025-02-17T05:31:00.632641+00:00, run_after=2025-02-18T05:31:00.632641+00:00
[2025-02-17T22:31:00.654-0700] {processor.py:179} INFO - Processing /home/jparep/miniconda3/envs/dbt-env/lib/python3.11/site-packages/airflow/example_dags/example_task_group_decorator.py took 0.102 seconds
[2025-02-17T22:31:35.533-0700] {processor.py:157} INFO - Started process (PID=156439) to work on /home/jparep/miniconda3/envs/dbt-env/lib/python3.11/site-packages/airflow/example_dags/example_task_group_decorator.py
[2025-02-17T22:31:35.536-0700] {processor.py:829} INFO - Processing file /home/jparep/miniconda3/envs/dbt-env/lib/python3.11/site-packages/airflow/example_dags/example_task_group_decorator.py for tasks to queue
[2025-02-17T22:31:35.538-0700] {logging_mixin.py:154} INFO - [2025-02-17T22:31:35.537-0700] {dagbag.py:536} INFO - Filling up the DagBag from /home/jparep/miniconda3/envs/dbt-env/lib/python3.11/site-packages/airflow/example_dags/example_task_group_decorator.py
[2025-02-17T22:31:35.552-0700] {processor.py:839} INFO - DAG(s) dict_keys(['example_task_group_decorator']) retrieved from /home/jparep/miniconda3/envs/dbt-env/lib/python3.11/site-packages/airflow/example_dags/example_task_group_decorator.py
[2025-02-17T22:31:35.569-0700] {logging_mixin.py:154} INFO - [2025-02-17T22:31:35.569-0700] {dag.py:2941} INFO - Sync 1 DAGs
[2025-02-17T22:31:35.587-0700] {logging_mixin.py:154} INFO - [2025-02-17T22:31:35.586-0700] {dag.py:3722} INFO - Setting next_dagrun for example_task_group_decorator to 2025-02-17T05:31:35.586692+00:00, run_after=2025-02-18T05:31:35.586692+00:00
[2025-02-17T22:31:35.604-0700] {processor.py:179} INFO - Processing /home/jparep/miniconda3/envs/dbt-env/lib/python3.11/site-packages/airflow/example_dags/example_task_group_decorator.py took 0.075 seconds
[2025-02-17T22:32:13.666-0700] {processor.py:157} INFO - Started process (PID=156684) to work on /home/jparep/miniconda3/envs/dbt-env/lib/python3.11/site-packages/airflow/example_dags/example_task_group_decorator.py
[2025-02-17T22:32:13.669-0700] {processor.py:829} INFO - Processing file /home/jparep/miniconda3/envs/dbt-env/lib/python3.11/site-packages/airflow/example_dags/example_task_group_decorator.py for tasks to queue
[2025-02-17T22:32:13.670-0700] {logging_mixin.py:154} INFO - [2025-02-17T22:32:13.670-0700] {dagbag.py:536} INFO - Filling up the DagBag from /home/jparep/miniconda3/envs/dbt-env/lib/python3.11/site-packages/airflow/example_dags/example_task_group_decorator.py
[2025-02-17T22:32:13.696-0700] {processor.py:839} INFO - DAG(s) dict_keys(['example_task_group_decorator']) retrieved from /home/jparep/miniconda3/envs/dbt-env/lib/python3.11/site-packages/airflow/example_dags/example_task_group_decorator.py
[2025-02-17T22:32:13.720-0700] {logging_mixin.py:154} INFO - [2025-02-17T22:32:13.720-0700] {dag.py:2941} INFO - Sync 1 DAGs
[2025-02-17T22:32:13.739-0700] {logging_mixin.py:154} INFO - [2025-02-17T22:32:13.739-0700] {dag.py:3722} INFO - Setting next_dagrun for example_task_group_decorator to 2025-02-17T05:32:13.739072+00:00, run_after=2025-02-18T05:32:13.739072+00:00
[2025-02-17T22:32:13.760-0700] {processor.py:179} INFO - Processing /home/jparep/miniconda3/envs/dbt-env/lib/python3.11/site-packages/airflow/example_dags/example_task_group_decorator.py took 0.099 seconds
[2025-02-17T22:32:50.533-0700] {processor.py:157} INFO - Started process (PID=156993) to work on /home/jparep/miniconda3/envs/dbt-env/lib/python3.11/site-packages/airflow/example_dags/example_task_group_decorator.py
[2025-02-17T22:32:50.535-0700] {processor.py:829} INFO - Processing file /home/jparep/miniconda3/envs/dbt-env/lib/python3.11/site-packages/airflow/example_dags/example_task_group_decorator.py for tasks to queue
[2025-02-17T22:32:50.536-0700] {logging_mixin.py:154} INFO - [2025-02-17T22:32:50.536-0700] {dagbag.py:536} INFO - Filling up the DagBag from /home/jparep/miniconda3/envs/dbt-env/lib/python3.11/site-packages/airflow/example_dags/example_task_group_decorator.py
[2025-02-17T22:32:50.557-0700] {processor.py:839} INFO - DAG(s) dict_keys(['example_task_group_decorator']) retrieved from /home/jparep/miniconda3/envs/dbt-env/lib/python3.11/site-packages/airflow/example_dags/example_task_group_decorator.py
[2025-02-17T22:32:50.579-0700] {logging_mixin.py:154} INFO - [2025-02-17T22:32:50.579-0700] {dag.py:2941} INFO - Sync 1 DAGs
[2025-02-17T22:32:50.595-0700] {logging_mixin.py:154} INFO - [2025-02-17T22:32:50.595-0700] {dag.py:3722} INFO - Setting next_dagrun for example_task_group_decorator to 2025-02-17T05:32:50.594818+00:00, run_after=2025-02-18T05:32:50.594818+00:00
[2025-02-17T22:32:50.615-0700] {processor.py:179} INFO - Processing /home/jparep/miniconda3/envs/dbt-env/lib/python3.11/site-packages/airflow/example_dags/example_task_group_decorator.py took 0.087 seconds
[2025-02-17T22:33:31.864-0700] {processor.py:157} INFO - Started process (PID=157258) to work on /home/jparep/miniconda3/envs/dbt-env/lib/python3.11/site-packages/airflow/example_dags/example_task_group_decorator.py
[2025-02-17T22:33:31.866-0700] {processor.py:829} INFO - Processing file /home/jparep/miniconda3/envs/dbt-env/lib/python3.11/site-packages/airflow/example_dags/example_task_group_decorator.py for tasks to queue
[2025-02-17T22:33:31.868-0700] {logging_mixin.py:154} INFO - [2025-02-17T22:33:31.867-0700] {dagbag.py:536} INFO - Filling up the DagBag from /home/jparep/miniconda3/envs/dbt-env/lib/python3.11/site-packages/airflow/example_dags/example_task_group_decorator.py
[2025-02-17T22:33:31.894-0700] {processor.py:839} INFO - DAG(s) dict_keys(['example_task_group_decorator']) retrieved from /home/jparep/miniconda3/envs/dbt-env/lib/python3.11/site-packages/airflow/example_dags/example_task_group_decorator.py
[2025-02-17T22:33:31.919-0700] {logging_mixin.py:154} INFO - [2025-02-17T22:33:31.919-0700] {dag.py:2941} INFO - Sync 1 DAGs
[2025-02-17T22:33:31.944-0700] {logging_mixin.py:154} INFO - [2025-02-17T22:33:31.943-0700] {dag.py:3722} INFO - Setting next_dagrun for example_task_group_decorator to 2025-02-17T05:33:31.943659+00:00, run_after=2025-02-18T05:33:31.943659+00:00
[2025-02-17T22:33:31.972-0700] {processor.py:179} INFO - Processing /home/jparep/miniconda3/envs/dbt-env/lib/python3.11/site-packages/airflow/example_dags/example_task_group_decorator.py took 0.113 seconds
[2025-02-17T22:34:06.455-0700] {processor.py:157} INFO - Started process (PID=157575) to work on /home/jparep/miniconda3/envs/dbt-env/lib/python3.11/site-packages/airflow/example_dags/example_task_group_decorator.py
[2025-02-17T22:34:06.457-0700] {processor.py:829} INFO - Processing file /home/jparep/miniconda3/envs/dbt-env/lib/python3.11/site-packages/airflow/example_dags/example_task_group_decorator.py for tasks to queue
[2025-02-17T22:34:06.458-0700] {logging_mixin.py:154} INFO - [2025-02-17T22:34:06.458-0700] {dagbag.py:536} INFO - Filling up the DagBag from /home/jparep/miniconda3/envs/dbt-env/lib/python3.11/site-packages/airflow/example_dags/example_task_group_decorator.py
[2025-02-17T22:34:06.470-0700] {processor.py:839} INFO - DAG(s) dict_keys(['example_task_group_decorator']) retrieved from /home/jparep/miniconda3/envs/dbt-env/lib/python3.11/site-packages/airflow/example_dags/example_task_group_decorator.py
[2025-02-17T22:34:06.483-0700] {logging_mixin.py:154} INFO - [2025-02-17T22:34:06.483-0700] {dag.py:2941} INFO - Sync 1 DAGs
[2025-02-17T22:34:06.496-0700] {logging_mixin.py:154} INFO - [2025-02-17T22:34:06.496-0700] {dag.py:3722} INFO - Setting next_dagrun for example_task_group_decorator to 2025-02-17T05:34:06.496039+00:00, run_after=2025-02-18T05:34:06.496039+00:00
[2025-02-17T22:34:06.511-0700] {processor.py:179} INFO - Processing /home/jparep/miniconda3/envs/dbt-env/lib/python3.11/site-packages/airflow/example_dags/example_task_group_decorator.py took 0.059 seconds
[2025-02-17T22:34:42.767-0700] {processor.py:157} INFO - Started process (PID=157911) to work on /home/jparep/miniconda3/envs/dbt-env/lib/python3.11/site-packages/airflow/example_dags/example_task_group_decorator.py
[2025-02-17T22:34:42.771-0700] {processor.py:829} INFO - Processing file /home/jparep/miniconda3/envs/dbt-env/lib/python3.11/site-packages/airflow/example_dags/example_task_group_decorator.py for tasks to queue
[2025-02-17T22:34:42.773-0700] {logging_mixin.py:154} INFO - [2025-02-17T22:34:42.772-0700] {dagbag.py:536} INFO - Filling up the DagBag from /home/jparep/miniconda3/envs/dbt-env/lib/python3.11/site-packages/airflow/example_dags/example_task_group_decorator.py
[2025-02-17T22:34:42.796-0700] {processor.py:839} INFO - DAG(s) dict_keys(['example_task_group_decorator']) retrieved from /home/jparep/miniconda3/envs/dbt-env/lib/python3.11/site-packages/airflow/example_dags/example_task_group_decorator.py
[2025-02-17T22:34:42.811-0700] {logging_mixin.py:154} INFO - [2025-02-17T22:34:42.811-0700] {dag.py:2941} INFO - Sync 1 DAGs
[2025-02-17T22:34:42.827-0700] {logging_mixin.py:154} INFO - [2025-02-17T22:34:42.827-0700] {dag.py:3722} INFO - Setting next_dagrun for example_task_group_decorator to 2025-02-17T05:34:42.827115+00:00, run_after=2025-02-18T05:34:42.827115+00:00
[2025-02-17T22:34:42.845-0700] {processor.py:179} INFO - Processing /home/jparep/miniconda3/envs/dbt-env/lib/python3.11/site-packages/airflow/example_dags/example_task_group_decorator.py took 0.084 seconds
[2025-02-17T22:35:18.850-0700] {processor.py:157} INFO - Started process (PID=158098) to work on /home/jparep/miniconda3/envs/dbt-env/lib/python3.11/site-packages/airflow/example_dags/example_task_group_decorator.py
[2025-02-17T22:35:18.853-0700] {processor.py:829} INFO - Processing file /home/jparep/miniconda3/envs/dbt-env/lib/python3.11/site-packages/airflow/example_dags/example_task_group_decorator.py for tasks to queue
[2025-02-17T22:35:18.854-0700] {logging_mixin.py:154} INFO - [2025-02-17T22:35:18.854-0700] {dagbag.py:536} INFO - Filling up the DagBag from /home/jparep/miniconda3/envs/dbt-env/lib/python3.11/site-packages/airflow/example_dags/example_task_group_decorator.py
[2025-02-17T22:35:18.872-0700] {processor.py:839} INFO - DAG(s) dict_keys(['example_task_group_decorator']) retrieved from /home/jparep/miniconda3/envs/dbt-env/lib/python3.11/site-packages/airflow/example_dags/example_task_group_decorator.py
[2025-02-17T22:35:18.885-0700] {logging_mixin.py:154} INFO - [2025-02-17T22:35:18.885-0700] {dag.py:2941} INFO - Sync 1 DAGs
[2025-02-17T22:35:18.898-0700] {logging_mixin.py:154} INFO - [2025-02-17T22:35:18.898-0700] {dag.py:3722} INFO - Setting next_dagrun for example_task_group_decorator to 2025-02-17T05:35:18.898654+00:00, run_after=2025-02-18T05:35:18.898654+00:00
[2025-02-17T22:35:18.914-0700] {processor.py:179} INFO - Processing /home/jparep/miniconda3/envs/dbt-env/lib/python3.11/site-packages/airflow/example_dags/example_task_group_decorator.py took 0.068 seconds
[2025-02-17T22:35:57.196-0700] {processor.py:157} INFO - Started process (PID=158519) to work on /home/jparep/miniconda3/envs/dbt-env/lib/python3.11/site-packages/airflow/example_dags/example_task_group_decorator.py
[2025-02-17T22:35:57.199-0700] {processor.py:829} INFO - Processing file /home/jparep/miniconda3/envs/dbt-env/lib/python3.11/site-packages/airflow/example_dags/example_task_group_decorator.py for tasks to queue
[2025-02-17T22:35:57.200-0700] {logging_mixin.py:154} INFO - [2025-02-17T22:35:57.200-0700] {dagbag.py:536} INFO - Filling up the DagBag from /home/jparep/miniconda3/envs/dbt-env/lib/python3.11/site-packages/airflow/example_dags/example_task_group_decorator.py
[2025-02-17T22:35:57.218-0700] {processor.py:839} INFO - DAG(s) dict_keys(['example_task_group_decorator']) retrieved from /home/jparep/miniconda3/envs/dbt-env/lib/python3.11/site-packages/airflow/example_dags/example_task_group_decorator.py
[2025-02-17T22:35:57.231-0700] {logging_mixin.py:154} INFO - [2025-02-17T22:35:57.231-0700] {dag.py:2941} INFO - Sync 1 DAGs
[2025-02-17T22:35:57.245-0700] {logging_mixin.py:154} INFO - [2025-02-17T22:35:57.245-0700] {dag.py:3722} INFO - Setting next_dagrun for example_task_group_decorator to 2025-02-17T05:35:57.245298+00:00, run_after=2025-02-18T05:35:57.245298+00:00
[2025-02-17T22:35:57.264-0700] {processor.py:179} INFO - Processing /home/jparep/miniconda3/envs/dbt-env/lib/python3.11/site-packages/airflow/example_dags/example_task_group_decorator.py took 0.072 seconds
[2025-02-17T22:36:37.851-0700] {processor.py:157} INFO - Started process (PID=158779) to work on /home/jparep/miniconda3/envs/dbt-env/lib/python3.11/site-packages/airflow/example_dags/example_task_group_decorator.py
[2025-02-17T22:36:37.852-0700] {processor.py:829} INFO - Processing file /home/jparep/miniconda3/envs/dbt-env/lib/python3.11/site-packages/airflow/example_dags/example_task_group_decorator.py for tasks to queue
[2025-02-17T22:36:37.853-0700] {logging_mixin.py:154} INFO - [2025-02-17T22:36:37.852-0700] {dagbag.py:536} INFO - Filling up the DagBag from /home/jparep/miniconda3/envs/dbt-env/lib/python3.11/site-packages/airflow/example_dags/example_task_group_decorator.py
[2025-02-17T22:36:37.866-0700] {processor.py:839} INFO - DAG(s) dict_keys(['example_task_group_decorator']) retrieved from /home/jparep/miniconda3/envs/dbt-env/lib/python3.11/site-packages/airflow/example_dags/example_task_group_decorator.py
[2025-02-17T22:36:37.882-0700] {logging_mixin.py:154} INFO - [2025-02-17T22:36:37.882-0700] {dag.py:2941} INFO - Sync 1 DAGs
[2025-02-17T22:36:37.898-0700] {logging_mixin.py:154} INFO - [2025-02-17T22:36:37.898-0700] {dag.py:3722} INFO - Setting next_dagrun for example_task_group_decorator to 2025-02-17T05:36:37.898374+00:00, run_after=2025-02-18T05:36:37.898374+00:00
[2025-02-17T22:36:37.920-0700] {processor.py:179} INFO - Processing /home/jparep/miniconda3/envs/dbt-env/lib/python3.11/site-packages/airflow/example_dags/example_task_group_decorator.py took 0.073 seconds
[2025-02-17T22:37:17.871-0700] {processor.py:157} INFO - Started process (PID=159514) to work on /home/jparep/miniconda3/envs/dbt-env/lib/python3.11/site-packages/airflow/example_dags/example_task_group_decorator.py
[2025-02-17T22:37:17.874-0700] {processor.py:829} INFO - Processing file /home/jparep/miniconda3/envs/dbt-env/lib/python3.11/site-packages/airflow/example_dags/example_task_group_decorator.py for tasks to queue
[2025-02-17T22:37:17.875-0700] {logging_mixin.py:154} INFO - [2025-02-17T22:37:17.874-0700] {dagbag.py:536} INFO - Filling up the DagBag from /home/jparep/miniconda3/envs/dbt-env/lib/python3.11/site-packages/airflow/example_dags/example_task_group_decorator.py
[2025-02-17T22:37:17.897-0700] {processor.py:839} INFO - DAG(s) dict_keys(['example_task_group_decorator']) retrieved from /home/jparep/miniconda3/envs/dbt-env/lib/python3.11/site-packages/airflow/example_dags/example_task_group_decorator.py
[2025-02-17T22:37:17.924-0700] {logging_mixin.py:154} INFO - [2025-02-17T22:37:17.924-0700] {dag.py:2941} INFO - Sync 1 DAGs
[2025-02-17T22:37:17.953-0700] {logging_mixin.py:154} INFO - [2025-02-17T22:37:17.953-0700] {dag.py:3722} INFO - Setting next_dagrun for example_task_group_decorator to 2025-02-17T05:37:17.952555+00:00, run_after=2025-02-18T05:37:17.952555+00:00
[2025-02-17T22:37:17.984-0700] {processor.py:179} INFO - Processing /home/jparep/miniconda3/envs/dbt-env/lib/python3.11/site-packages/airflow/example_dags/example_task_group_decorator.py took 0.117 seconds
[2025-02-17T22:37:53.293-0700] {processor.py:157} INFO - Started process (PID=160245) to work on /home/jparep/miniconda3/envs/dbt-env/lib/python3.11/site-packages/airflow/example_dags/example_task_group_decorator.py
[2025-02-17T22:37:53.296-0700] {processor.py:829} INFO - Processing file /home/jparep/miniconda3/envs/dbt-env/lib/python3.11/site-packages/airflow/example_dags/example_task_group_decorator.py for tasks to queue
[2025-02-17T22:37:53.297-0700] {logging_mixin.py:154} INFO - [2025-02-17T22:37:53.296-0700] {dagbag.py:536} INFO - Filling up the DagBag from /home/jparep/miniconda3/envs/dbt-env/lib/python3.11/site-packages/airflow/example_dags/example_task_group_decorator.py
[2025-02-17T22:37:53.311-0700] {processor.py:839} INFO - DAG(s) dict_keys(['example_task_group_decorator']) retrieved from /home/jparep/miniconda3/envs/dbt-env/lib/python3.11/site-packages/airflow/example_dags/example_task_group_decorator.py
[2025-02-17T22:37:53.326-0700] {logging_mixin.py:154} INFO - [2025-02-17T22:37:53.326-0700] {dag.py:2941} INFO - Sync 1 DAGs
[2025-02-17T22:37:53.348-0700] {logging_mixin.py:154} INFO - [2025-02-17T22:37:53.348-0700] {dag.py:3722} INFO - Setting next_dagrun for example_task_group_decorator to 2025-02-17T05:37:53.347993+00:00, run_after=2025-02-18T05:37:53.347993+00:00
[2025-02-17T22:37:53.364-0700] {processor.py:179} INFO - Processing /home/jparep/miniconda3/envs/dbt-env/lib/python3.11/site-packages/airflow/example_dags/example_task_group_decorator.py took 0.074 seconds
[2025-02-17T22:38:26.692-0700] {processor.py:157} INFO - Started process (PID=160588) to work on /home/jparep/miniconda3/envs/dbt-env/lib/python3.11/site-packages/airflow/example_dags/example_task_group_decorator.py
[2025-02-17T22:38:26.694-0700] {processor.py:829} INFO - Processing file /home/jparep/miniconda3/envs/dbt-env/lib/python3.11/site-packages/airflow/example_dags/example_task_group_decorator.py for tasks to queue
[2025-02-17T22:38:26.695-0700] {logging_mixin.py:154} INFO - [2025-02-17T22:38:26.695-0700] {dagbag.py:536} INFO - Filling up the DagBag from /home/jparep/miniconda3/envs/dbt-env/lib/python3.11/site-packages/airflow/example_dags/example_task_group_decorator.py
[2025-02-17T22:38:26.709-0700] {processor.py:839} INFO - DAG(s) dict_keys(['example_task_group_decorator']) retrieved from /home/jparep/miniconda3/envs/dbt-env/lib/python3.11/site-packages/airflow/example_dags/example_task_group_decorator.py
[2025-02-17T22:38:26.725-0700] {logging_mixin.py:154} INFO - [2025-02-17T22:38:26.724-0700] {dag.py:2941} INFO - Sync 1 DAGs
[2025-02-17T22:38:26.739-0700] {logging_mixin.py:154} INFO - [2025-02-17T22:38:26.739-0700] {dag.py:3722} INFO - Setting next_dagrun for example_task_group_decorator to 2025-02-17T05:38:26.739096+00:00, run_after=2025-02-18T05:38:26.739096+00:00
[2025-02-17T22:38:26.756-0700] {processor.py:179} INFO - Processing /home/jparep/miniconda3/envs/dbt-env/lib/python3.11/site-packages/airflow/example_dags/example_task_group_decorator.py took 0.068 seconds
[2025-02-17T22:39:06.511-0700] {processor.py:157} INFO - Started process (PID=161107) to work on /home/jparep/miniconda3/envs/dbt-env/lib/python3.11/site-packages/airflow/example_dags/example_task_group_decorator.py
[2025-02-17T22:39:06.514-0700] {processor.py:829} INFO - Processing file /home/jparep/miniconda3/envs/dbt-env/lib/python3.11/site-packages/airflow/example_dags/example_task_group_decorator.py for tasks to queue
[2025-02-17T22:39:06.515-0700] {logging_mixin.py:154} INFO - [2025-02-17T22:39:06.515-0700] {dagbag.py:536} INFO - Filling up the DagBag from /home/jparep/miniconda3/envs/dbt-env/lib/python3.11/site-packages/airflow/example_dags/example_task_group_decorator.py
[2025-02-17T22:39:06.533-0700] {processor.py:839} INFO - DAG(s) dict_keys(['example_task_group_decorator']) retrieved from /home/jparep/miniconda3/envs/dbt-env/lib/python3.11/site-packages/airflow/example_dags/example_task_group_decorator.py
[2025-02-17T22:39:06.548-0700] {logging_mixin.py:154} INFO - [2025-02-17T22:39:06.548-0700] {dag.py:2941} INFO - Sync 1 DAGs
[2025-02-17T22:39:06.562-0700] {logging_mixin.py:154} INFO - [2025-02-17T22:39:06.562-0700] {dag.py:3722} INFO - Setting next_dagrun for example_task_group_decorator to 2025-02-17T05:39:06.562025+00:00, run_after=2025-02-18T05:39:06.562025+00:00
[2025-02-17T22:39:06.577-0700] {processor.py:179} INFO - Processing /home/jparep/miniconda3/envs/dbt-env/lib/python3.11/site-packages/airflow/example_dags/example_task_group_decorator.py took 0.073 seconds
[2025-02-17T22:39:41.884-0700] {processor.py:157} INFO - Started process (PID=161239) to work on /home/jparep/miniconda3/envs/dbt-env/lib/python3.11/site-packages/airflow/example_dags/example_task_group_decorator.py
[2025-02-17T22:39:41.886-0700] {processor.py:829} INFO - Processing file /home/jparep/miniconda3/envs/dbt-env/lib/python3.11/site-packages/airflow/example_dags/example_task_group_decorator.py for tasks to queue
[2025-02-17T22:39:41.888-0700] {logging_mixin.py:154} INFO - [2025-02-17T22:39:41.887-0700] {dagbag.py:536} INFO - Filling up the DagBag from /home/jparep/miniconda3/envs/dbt-env/lib/python3.11/site-packages/airflow/example_dags/example_task_group_decorator.py
[2025-02-17T22:39:41.912-0700] {processor.py:839} INFO - DAG(s) dict_keys(['example_task_group_decorator']) retrieved from /home/jparep/miniconda3/envs/dbt-env/lib/python3.11/site-packages/airflow/example_dags/example_task_group_decorator.py
[2025-02-17T22:39:41.929-0700] {logging_mixin.py:154} INFO - [2025-02-17T22:39:41.928-0700] {dag.py:2941} INFO - Sync 1 DAGs
[2025-02-17T22:39:41.942-0700] {logging_mixin.py:154} INFO - [2025-02-17T22:39:41.942-0700] {dag.py:3722} INFO - Setting next_dagrun for example_task_group_decorator to 2025-02-17T05:39:41.942093+00:00, run_after=2025-02-18T05:39:41.942093+00:00
[2025-02-17T22:39:41.963-0700] {processor.py:179} INFO - Processing /home/jparep/miniconda3/envs/dbt-env/lib/python3.11/site-packages/airflow/example_dags/example_task_group_decorator.py took 0.084 seconds
[2025-02-17T22:40:18.871-0700] {processor.py:157} INFO - Started process (PID=161598) to work on /home/jparep/miniconda3/envs/dbt-env/lib/python3.11/site-packages/airflow/example_dags/example_task_group_decorator.py
[2025-02-17T22:40:18.873-0700] {processor.py:829} INFO - Processing file /home/jparep/miniconda3/envs/dbt-env/lib/python3.11/site-packages/airflow/example_dags/example_task_group_decorator.py for tasks to queue
[2025-02-17T22:40:18.874-0700] {logging_mixin.py:154} INFO - [2025-02-17T22:40:18.874-0700] {dagbag.py:536} INFO - Filling up the DagBag from /home/jparep/miniconda3/envs/dbt-env/lib/python3.11/site-packages/airflow/example_dags/example_task_group_decorator.py
[2025-02-17T22:40:18.893-0700] {processor.py:839} INFO - DAG(s) dict_keys(['example_task_group_decorator']) retrieved from /home/jparep/miniconda3/envs/dbt-env/lib/python3.11/site-packages/airflow/example_dags/example_task_group_decorator.py
[2025-02-17T22:40:18.921-0700] {logging_mixin.py:154} INFO - [2025-02-17T22:40:18.921-0700] {dag.py:2941} INFO - Sync 1 DAGs
[2025-02-17T22:40:18.941-0700] {logging_mixin.py:154} INFO - [2025-02-17T22:40:18.941-0700] {dag.py:3722} INFO - Setting next_dagrun for example_task_group_decorator to 2025-02-17T05:40:18.941127+00:00, run_after=2025-02-18T05:40:18.941127+00:00
[2025-02-17T22:40:18.982-0700] {processor.py:179} INFO - Processing /home/jparep/miniconda3/envs/dbt-env/lib/python3.11/site-packages/airflow/example_dags/example_task_group_decorator.py took 0.114 seconds
[2025-02-17T22:40:56.532-0700] {processor.py:157} INFO - Started process (PID=161858) to work on /home/jparep/miniconda3/envs/dbt-env/lib/python3.11/site-packages/airflow/example_dags/example_task_group_decorator.py
[2025-02-17T22:40:56.534-0700] {processor.py:829} INFO - Processing file /home/jparep/miniconda3/envs/dbt-env/lib/python3.11/site-packages/airflow/example_dags/example_task_group_decorator.py for tasks to queue
[2025-02-17T22:40:56.535-0700] {logging_mixin.py:154} INFO - [2025-02-17T22:40:56.534-0700] {dagbag.py:536} INFO - Filling up the DagBag from /home/jparep/miniconda3/envs/dbt-env/lib/python3.11/site-packages/airflow/example_dags/example_task_group_decorator.py
[2025-02-17T22:40:56.548-0700] {processor.py:839} INFO - DAG(s) dict_keys(['example_task_group_decorator']) retrieved from /home/jparep/miniconda3/envs/dbt-env/lib/python3.11/site-packages/airflow/example_dags/example_task_group_decorator.py
[2025-02-17T22:40:56.565-0700] {logging_mixin.py:154} INFO - [2025-02-17T22:40:56.565-0700] {dag.py:2941} INFO - Sync 1 DAGs
[2025-02-17T22:40:56.581-0700] {logging_mixin.py:154} INFO - [2025-02-17T22:40:56.581-0700] {dag.py:3722} INFO - Setting next_dagrun for example_task_group_decorator to 2025-02-17T05:40:56.580889+00:00, run_after=2025-02-18T05:40:56.580889+00:00
[2025-02-17T22:40:56.604-0700] {processor.py:179} INFO - Processing /home/jparep/miniconda3/envs/dbt-env/lib/python3.11/site-packages/airflow/example_dags/example_task_group_decorator.py took 0.076 seconds
[2025-02-17T22:41:35.084-0700] {processor.py:157} INFO - Started process (PID=162215) to work on /home/jparep/miniconda3/envs/dbt-env/lib/python3.11/site-packages/airflow/example_dags/example_task_group_decorator.py
[2025-02-17T22:41:35.087-0700] {processor.py:829} INFO - Processing file /home/jparep/miniconda3/envs/dbt-env/lib/python3.11/site-packages/airflow/example_dags/example_task_group_decorator.py for tasks to queue
[2025-02-17T22:41:35.089-0700] {logging_mixin.py:154} INFO - [2025-02-17T22:41:35.088-0700] {dagbag.py:536} INFO - Filling up the DagBag from /home/jparep/miniconda3/envs/dbt-env/lib/python3.11/site-packages/airflow/example_dags/example_task_group_decorator.py
[2025-02-17T22:41:35.113-0700] {processor.py:839} INFO - DAG(s) dict_keys(['example_task_group_decorator']) retrieved from /home/jparep/miniconda3/envs/dbt-env/lib/python3.11/site-packages/airflow/example_dags/example_task_group_decorator.py
[2025-02-17T22:41:35.136-0700] {logging_mixin.py:154} INFO - [2025-02-17T22:41:35.136-0700] {dag.py:2941} INFO - Sync 1 DAGs
[2025-02-17T22:41:35.155-0700] {logging_mixin.py:154} INFO - [2025-02-17T22:41:35.155-0700] {dag.py:3722} INFO - Setting next_dagrun for example_task_group_decorator to 2025-02-17T05:41:35.154868+00:00, run_after=2025-02-18T05:41:35.154868+00:00
[2025-02-17T22:41:35.178-0700] {processor.py:179} INFO - Processing /home/jparep/miniconda3/envs/dbt-env/lib/python3.11/site-packages/airflow/example_dags/example_task_group_decorator.py took 0.099 seconds
[2025-02-17T22:42:16.623-0700] {processor.py:157} INFO - Started process (PID=162583) to work on /home/jparep/miniconda3/envs/dbt-env/lib/python3.11/site-packages/airflow/example_dags/example_task_group_decorator.py
[2025-02-17T22:42:16.625-0700] {processor.py:829} INFO - Processing file /home/jparep/miniconda3/envs/dbt-env/lib/python3.11/site-packages/airflow/example_dags/example_task_group_decorator.py for tasks to queue
[2025-02-17T22:42:16.627-0700] {logging_mixin.py:154} INFO - [2025-02-17T22:42:16.626-0700] {dagbag.py:536} INFO - Filling up the DagBag from /home/jparep/miniconda3/envs/dbt-env/lib/python3.11/site-packages/airflow/example_dags/example_task_group_decorator.py
[2025-02-17T22:42:16.648-0700] {processor.py:839} INFO - DAG(s) dict_keys(['example_task_group_decorator']) retrieved from /home/jparep/miniconda3/envs/dbt-env/lib/python3.11/site-packages/airflow/example_dags/example_task_group_decorator.py
[2025-02-17T22:42:16.669-0700] {logging_mixin.py:154} INFO - [2025-02-17T22:42:16.669-0700] {dag.py:2941} INFO - Sync 1 DAGs
[2025-02-17T22:42:16.685-0700] {logging_mixin.py:154} INFO - [2025-02-17T22:42:16.685-0700] {dag.py:3722} INFO - Setting next_dagrun for example_task_group_decorator to 2025-02-17T05:42:16.685366+00:00, run_after=2025-02-18T05:42:16.685366+00:00
[2025-02-17T22:42:16.705-0700] {processor.py:179} INFO - Processing /home/jparep/miniconda3/envs/dbt-env/lib/python3.11/site-packages/airflow/example_dags/example_task_group_decorator.py took 0.086 seconds
