[2025-02-17T22:16:06.746-0700] {processor.py:157} INFO - Started process (PID=148501) to work on /home/jparep/miniconda3/envs/dbt-env/lib/python3.11/site-packages/airflow/example_dags/example_datasets.py
[2025-02-17T22:16:06.747-0700] {processor.py:829} INFO - Processing file /home/jparep/miniconda3/envs/dbt-env/lib/python3.11/site-packages/airflow/example_dags/example_datasets.py for tasks to queue
[2025-02-17T22:16:06.749-0700] {logging_mixin.py:154} INFO - [2025-02-17T22:16:06.748-0700] {dagbag.py:536} INFO - Filling up the DagBag from /home/jparep/miniconda3/envs/dbt-env/lib/python3.11/site-packages/airflow/example_dags/example_datasets.py
[2025-02-17T22:16:06.761-0700] {processor.py:839} INFO - DAG(s) dict_keys(['dataset_produces_1', 'dataset_consumes_unknown_never_scheduled', 'dataset_consumes_1_never_scheduled', 'dataset_produces_2', 'dataset_consumes_1', 'dataset_consumes_1_and_2']) retrieved from /home/jparep/miniconda3/envs/dbt-env/lib/python3.11/site-packages/airflow/example_dags/example_datasets.py
[2025-02-17T22:16:06.978-0700] {logging_mixin.py:154} INFO - [2025-02-17T22:16:06.978-0700] {manager.py:499} INFO - Created Permission View: %s
[2025-02-17T22:16:06.995-0700] {logging_mixin.py:154} INFO - [2025-02-17T22:16:06.994-0700] {manager.py:499} INFO - Created Permission View: %s
[2025-02-17T22:16:07.006-0700] {logging_mixin.py:154} INFO - [2025-02-17T22:16:07.005-0700] {manager.py:499} INFO - Created Permission View: %s
[2025-02-17T22:16:07.029-0700] {logging_mixin.py:154} INFO - [2025-02-17T22:16:07.028-0700] {manager.py:499} INFO - Created Permission View: %s
[2025-02-17T22:16:07.040-0700] {logging_mixin.py:154} INFO - [2025-02-17T22:16:07.039-0700] {manager.py:499} INFO - Created Permission View: %s
[2025-02-17T22:16:07.050-0700] {logging_mixin.py:154} INFO - [2025-02-17T22:16:07.050-0700] {manager.py:499} INFO - Created Permission View: %s
[2025-02-17T22:16:07.067-0700] {logging_mixin.py:154} INFO - [2025-02-17T22:16:07.067-0700] {manager.py:499} INFO - Created Permission View: %s
[2025-02-17T22:16:07.076-0700] {logging_mixin.py:154} INFO - [2025-02-17T22:16:07.076-0700] {manager.py:499} INFO - Created Permission View: %s
[2025-02-17T22:16:07.085-0700] {logging_mixin.py:154} INFO - [2025-02-17T22:16:07.085-0700] {manager.py:499} INFO - Created Permission View: %s
[2025-02-17T22:16:07.105-0700] {logging_mixin.py:154} INFO - [2025-02-17T22:16:07.104-0700] {manager.py:499} INFO - Created Permission View: %s
[2025-02-17T22:16:07.115-0700] {logging_mixin.py:154} INFO - [2025-02-17T22:16:07.114-0700] {manager.py:499} INFO - Created Permission View: %s
[2025-02-17T22:16:07.124-0700] {logging_mixin.py:154} INFO - [2025-02-17T22:16:07.124-0700] {manager.py:499} INFO - Created Permission View: %s
[2025-02-17T22:16:07.151-0700] {logging_mixin.py:154} INFO - [2025-02-17T22:16:07.150-0700] {manager.py:499} INFO - Created Permission View: %s
[2025-02-17T22:16:07.163-0700] {logging_mixin.py:154} INFO - [2025-02-17T22:16:07.162-0700] {manager.py:499} INFO - Created Permission View: %s
[2025-02-17T22:16:07.173-0700] {logging_mixin.py:154} INFO - [2025-02-17T22:16:07.173-0700] {manager.py:499} INFO - Created Permission View: %s
[2025-02-17T22:16:07.194-0700] {logging_mixin.py:154} INFO - [2025-02-17T22:16:07.194-0700] {manager.py:499} INFO - Created Permission View: %s
[2025-02-17T22:16:07.204-0700] {logging_mixin.py:154} INFO - [2025-02-17T22:16:07.203-0700] {manager.py:499} INFO - Created Permission View: %s
[2025-02-17T22:16:07.214-0700] {logging_mixin.py:154} INFO - [2025-02-17T22:16:07.213-0700] {manager.py:499} INFO - Created Permission View: %s
[2025-02-17T22:16:07.214-0700] {logging_mixin.py:154} INFO - [2025-02-17T22:16:07.214-0700] {dag.py:2941} INFO - Sync 6 DAGs
[2025-02-17T22:16:07.225-0700] {logging_mixin.py:154} INFO - [2025-02-17T22:16:07.225-0700] {dag.py:2963} INFO - Creating ORM DAG for dataset_consumes_1
[2025-02-17T22:16:07.225-0700] {logging_mixin.py:154} INFO - [2025-02-17T22:16:07.225-0700] {dag.py:2963} INFO - Creating ORM DAG for dataset_consumes_unknown_never_scheduled
[2025-02-17T22:16:07.226-0700] {logging_mixin.py:154} INFO - [2025-02-17T22:16:07.226-0700] {dag.py:2963} INFO - Creating ORM DAG for dataset_produces_2
[2025-02-17T22:16:07.226-0700] {logging_mixin.py:154} INFO - [2025-02-17T22:16:07.226-0700] {dag.py:2963} INFO - Creating ORM DAG for dataset_consumes_1_and_2
[2025-02-17T22:16:07.227-0700] {logging_mixin.py:154} INFO - [2025-02-17T22:16:07.227-0700] {dag.py:2963} INFO - Creating ORM DAG for dataset_produces_1
[2025-02-17T22:16:07.227-0700] {logging_mixin.py:154} INFO - [2025-02-17T22:16:07.227-0700] {dag.py:2963} INFO - Creating ORM DAG for dataset_consumes_1_never_scheduled
[2025-02-17T22:16:07.235-0700] {logging_mixin.py:154} INFO - [2025-02-17T22:16:07.234-0700] {dag.py:3722} INFO - Setting next_dagrun for dataset_consumes_1 to None, run_after=None
[2025-02-17T22:16:07.235-0700] {logging_mixin.py:154} INFO - [2025-02-17T22:16:07.235-0700] {dag.py:3722} INFO - Setting next_dagrun for dataset_consumes_1_and_2 to None, run_after=None
[2025-02-17T22:16:07.236-0700] {logging_mixin.py:154} INFO - [2025-02-17T22:16:07.236-0700] {dag.py:3722} INFO - Setting next_dagrun for dataset_consumes_1_never_scheduled to None, run_after=None
[2025-02-17T22:16:07.236-0700] {logging_mixin.py:154} INFO - [2025-02-17T22:16:07.236-0700] {dag.py:3722} INFO - Setting next_dagrun for dataset_consumes_unknown_never_scheduled to None, run_after=None
[2025-02-17T22:16:07.238-0700] {logging_mixin.py:154} INFO - [2025-02-17T22:16:07.238-0700] {dag.py:3722} INFO - Setting next_dagrun for dataset_produces_1 to 2025-02-17T00:00:00+00:00, run_after=2025-02-18T00:00:00+00:00
[2025-02-17T22:16:07.239-0700] {logging_mixin.py:154} INFO - [2025-02-17T22:16:07.239-0700] {dag.py:3722} INFO - Setting next_dagrun for dataset_produces_2 to None, run_after=None
[2025-02-17T22:16:07.264-0700] {processor.py:179} INFO - Processing /home/jparep/miniconda3/envs/dbt-env/lib/python3.11/site-packages/airflow/example_dags/example_datasets.py took 0.522 seconds
[2025-02-17T22:17:01.313-0700] {processor.py:157} INFO - Started process (PID=148886) to work on /home/jparep/miniconda3/envs/dbt-env/lib/python3.11/site-packages/airflow/example_dags/example_datasets.py
[2025-02-17T22:17:01.315-0700] {processor.py:829} INFO - Processing file /home/jparep/miniconda3/envs/dbt-env/lib/python3.11/site-packages/airflow/example_dags/example_datasets.py for tasks to queue
[2025-02-17T22:17:01.316-0700] {logging_mixin.py:154} INFO - [2025-02-17T22:17:01.316-0700] {dagbag.py:536} INFO - Filling up the DagBag from /home/jparep/miniconda3/envs/dbt-env/lib/python3.11/site-packages/airflow/example_dags/example_datasets.py
[2025-02-17T22:17:01.325-0700] {processor.py:839} INFO - DAG(s) dict_keys(['dataset_consumes_1_and_2', 'dataset_consumes_1_never_scheduled', 'dataset_consumes_unknown_never_scheduled', 'dataset_produces_2', 'dataset_produces_1', 'dataset_consumes_1']) retrieved from /home/jparep/miniconda3/envs/dbt-env/lib/python3.11/site-packages/airflow/example_dags/example_datasets.py
[2025-02-17T22:17:01.346-0700] {logging_mixin.py:154} INFO - [2025-02-17T22:17:01.346-0700] {dag.py:2941} INFO - Sync 6 DAGs
[2025-02-17T22:17:01.458-0700] {logging_mixin.py:154} INFO - [2025-02-17T22:17:01.458-0700] {dag.py:3722} INFO - Setting next_dagrun for dataset_consumes_1 to None, run_after=None
[2025-02-17T22:17:01.460-0700] {logging_mixin.py:154} INFO - [2025-02-17T22:17:01.460-0700] {dag.py:3722} INFO - Setting next_dagrun for dataset_consumes_1_and_2 to None, run_after=None
[2025-02-17T22:17:01.460-0700] {logging_mixin.py:154} INFO - [2025-02-17T22:17:01.460-0700] {dag.py:3722} INFO - Setting next_dagrun for dataset_consumes_1_never_scheduled to None, run_after=None
[2025-02-17T22:17:01.461-0700] {logging_mixin.py:154} INFO - [2025-02-17T22:17:01.461-0700] {dag.py:3722} INFO - Setting next_dagrun for dataset_consumes_unknown_never_scheduled to None, run_after=None
[2025-02-17T22:17:01.463-0700] {logging_mixin.py:154} INFO - [2025-02-17T22:17:01.463-0700] {dag.py:3722} INFO - Setting next_dagrun for dataset_produces_1 to 2025-02-17T00:00:00+00:00, run_after=2025-02-18T00:00:00+00:00
[2025-02-17T22:17:01.464-0700] {logging_mixin.py:154} INFO - [2025-02-17T22:17:01.464-0700] {dag.py:3722} INFO - Setting next_dagrun for dataset_produces_2 to None, run_after=None
[2025-02-17T22:17:01.485-0700] {processor.py:179} INFO - Processing /home/jparep/miniconda3/envs/dbt-env/lib/python3.11/site-packages/airflow/example_dags/example_datasets.py took 0.174 seconds
[2025-02-17T22:17:55.349-0700] {processor.py:157} INFO - Started process (PID=149389) to work on /home/jparep/miniconda3/envs/dbt-env/lib/python3.11/site-packages/airflow/example_dags/example_datasets.py
[2025-02-17T22:17:55.351-0700] {processor.py:829} INFO - Processing file /home/jparep/miniconda3/envs/dbt-env/lib/python3.11/site-packages/airflow/example_dags/example_datasets.py for tasks to queue
[2025-02-17T22:17:55.352-0700] {logging_mixin.py:154} INFO - [2025-02-17T22:17:55.352-0700] {dagbag.py:536} INFO - Filling up the DagBag from /home/jparep/miniconda3/envs/dbt-env/lib/python3.11/site-packages/airflow/example_dags/example_datasets.py
[2025-02-17T22:17:55.362-0700] {processor.py:839} INFO - DAG(s) dict_keys(['dataset_consumes_1_and_2', 'dataset_consumes_unknown_never_scheduled', 'dataset_consumes_1', 'dataset_consumes_1_never_scheduled', 'dataset_produces_2', 'dataset_produces_1']) retrieved from /home/jparep/miniconda3/envs/dbt-env/lib/python3.11/site-packages/airflow/example_dags/example_datasets.py
[2025-02-17T22:17:55.387-0700] {logging_mixin.py:154} INFO - [2025-02-17T22:17:55.387-0700] {dag.py:2941} INFO - Sync 6 DAGs
[2025-02-17T22:17:55.407-0700] {logging_mixin.py:154} INFO - [2025-02-17T22:17:55.406-0700] {dag.py:3722} INFO - Setting next_dagrun for dataset_consumes_1 to None, run_after=None
[2025-02-17T22:17:55.409-0700] {logging_mixin.py:154} INFO - [2025-02-17T22:17:55.409-0700] {dag.py:3722} INFO - Setting next_dagrun for dataset_consumes_1_and_2 to None, run_after=None
[2025-02-17T22:17:55.410-0700] {logging_mixin.py:154} INFO - [2025-02-17T22:17:55.410-0700] {dag.py:3722} INFO - Setting next_dagrun for dataset_consumes_1_never_scheduled to None, run_after=None
[2025-02-17T22:17:55.410-0700] {logging_mixin.py:154} INFO - [2025-02-17T22:17:55.410-0700] {dag.py:3722} INFO - Setting next_dagrun for dataset_consumes_unknown_never_scheduled to None, run_after=None
[2025-02-17T22:17:55.412-0700] {logging_mixin.py:154} INFO - [2025-02-17T22:17:55.412-0700] {dag.py:3722} INFO - Setting next_dagrun for dataset_produces_1 to 2025-02-17T00:00:00+00:00, run_after=2025-02-18T00:00:00+00:00
[2025-02-17T22:17:55.413-0700] {logging_mixin.py:154} INFO - [2025-02-17T22:17:55.413-0700] {dag.py:3722} INFO - Setting next_dagrun for dataset_produces_2 to None, run_after=None
[2025-02-17T22:17:55.455-0700] {processor.py:179} INFO - Processing /home/jparep/miniconda3/envs/dbt-env/lib/python3.11/site-packages/airflow/example_dags/example_datasets.py took 0.109 seconds
[2025-02-17T22:18:38.798-0700] {processor.py:157} INFO - Started process (PID=149842) to work on /home/jparep/miniconda3/envs/dbt-env/lib/python3.11/site-packages/airflow/example_dags/example_datasets.py
[2025-02-17T22:18:38.802-0700] {processor.py:829} INFO - Processing file /home/jparep/miniconda3/envs/dbt-env/lib/python3.11/site-packages/airflow/example_dags/example_datasets.py for tasks to queue
[2025-02-17T22:18:38.804-0700] {logging_mixin.py:154} INFO - [2025-02-17T22:18:38.803-0700] {dagbag.py:536} INFO - Filling up the DagBag from /home/jparep/miniconda3/envs/dbt-env/lib/python3.11/site-packages/airflow/example_dags/example_datasets.py
[2025-02-17T22:18:38.820-0700] {processor.py:839} INFO - DAG(s) dict_keys(['dataset_consumes_1_never_scheduled', 'dataset_consumes_1', 'dataset_produces_1', 'dataset_consumes_unknown_never_scheduled', 'dataset_produces_2', 'dataset_consumes_1_and_2']) retrieved from /home/jparep/miniconda3/envs/dbt-env/lib/python3.11/site-packages/airflow/example_dags/example_datasets.py
[2025-02-17T22:18:38.862-0700] {logging_mixin.py:154} INFO - [2025-02-17T22:18:38.862-0700] {dag.py:2941} INFO - Sync 6 DAGs
[2025-02-17T22:18:38.878-0700] {logging_mixin.py:154} INFO - [2025-02-17T22:18:38.878-0700] {dag.py:3722} INFO - Setting next_dagrun for dataset_consumes_1 to None, run_after=None
[2025-02-17T22:18:38.880-0700] {logging_mixin.py:154} INFO - [2025-02-17T22:18:38.880-0700] {dag.py:3722} INFO - Setting next_dagrun for dataset_consumes_1_and_2 to None, run_after=None
[2025-02-17T22:18:38.881-0700] {logging_mixin.py:154} INFO - [2025-02-17T22:18:38.881-0700] {dag.py:3722} INFO - Setting next_dagrun for dataset_consumes_1_never_scheduled to None, run_after=None
[2025-02-17T22:18:38.881-0700] {logging_mixin.py:154} INFO - [2025-02-17T22:18:38.881-0700] {dag.py:3722} INFO - Setting next_dagrun for dataset_consumes_unknown_never_scheduled to None, run_after=None
[2025-02-17T22:18:38.883-0700] {logging_mixin.py:154} INFO - [2025-02-17T22:18:38.883-0700] {dag.py:3722} INFO - Setting next_dagrun for dataset_produces_1 to 2025-02-17T00:00:00+00:00, run_after=2025-02-18T00:00:00+00:00
[2025-02-17T22:18:38.883-0700] {logging_mixin.py:154} INFO - [2025-02-17T22:18:38.883-0700] {dag.py:3722} INFO - Setting next_dagrun for dataset_produces_2 to None, run_after=None
[2025-02-17T22:18:38.906-0700] {processor.py:179} INFO - Processing /home/jparep/miniconda3/envs/dbt-env/lib/python3.11/site-packages/airflow/example_dags/example_datasets.py took 0.114 seconds
[2025-02-17T22:19:34.594-0700] {processor.py:157} INFO - Started process (PID=150368) to work on /home/jparep/miniconda3/envs/dbt-env/lib/python3.11/site-packages/airflow/example_dags/example_datasets.py
[2025-02-17T22:19:34.596-0700] {processor.py:829} INFO - Processing file /home/jparep/miniconda3/envs/dbt-env/lib/python3.11/site-packages/airflow/example_dags/example_datasets.py for tasks to queue
[2025-02-17T22:19:34.596-0700] {logging_mixin.py:154} INFO - [2025-02-17T22:19:34.596-0700] {dagbag.py:536} INFO - Filling up the DagBag from /home/jparep/miniconda3/envs/dbt-env/lib/python3.11/site-packages/airflow/example_dags/example_datasets.py
[2025-02-17T22:19:34.605-0700] {processor.py:839} INFO - DAG(s) dict_keys(['dataset_consumes_1', 'dataset_produces_2', 'dataset_consumes_1_and_2', 'dataset_produces_1', 'dataset_consumes_unknown_never_scheduled', 'dataset_consumes_1_never_scheduled']) retrieved from /home/jparep/miniconda3/envs/dbt-env/lib/python3.11/site-packages/airflow/example_dags/example_datasets.py
[2025-02-17T22:19:34.624-0700] {logging_mixin.py:154} INFO - [2025-02-17T22:19:34.624-0700] {dag.py:2941} INFO - Sync 6 DAGs
[2025-02-17T22:19:34.638-0700] {logging_mixin.py:154} INFO - [2025-02-17T22:19:34.638-0700] {dag.py:3722} INFO - Setting next_dagrun for dataset_consumes_1 to None, run_after=None
[2025-02-17T22:19:34.640-0700] {logging_mixin.py:154} INFO - [2025-02-17T22:19:34.640-0700] {dag.py:3722} INFO - Setting next_dagrun for dataset_consumes_1_and_2 to None, run_after=None
[2025-02-17T22:19:34.640-0700] {logging_mixin.py:154} INFO - [2025-02-17T22:19:34.640-0700] {dag.py:3722} INFO - Setting next_dagrun for dataset_consumes_1_never_scheduled to None, run_after=None
[2025-02-17T22:19:34.641-0700] {logging_mixin.py:154} INFO - [2025-02-17T22:19:34.641-0700] {dag.py:3722} INFO - Setting next_dagrun for dataset_consumes_unknown_never_scheduled to None, run_after=None
[2025-02-17T22:19:34.643-0700] {logging_mixin.py:154} INFO - [2025-02-17T22:19:34.642-0700] {dag.py:3722} INFO - Setting next_dagrun for dataset_produces_1 to 2025-02-17T00:00:00+00:00, run_after=2025-02-18T00:00:00+00:00
[2025-02-17T22:19:34.643-0700] {logging_mixin.py:154} INFO - [2025-02-17T22:19:34.643-0700] {dag.py:3722} INFO - Setting next_dagrun for dataset_produces_2 to None, run_after=None
[2025-02-17T22:19:34.667-0700] {processor.py:179} INFO - Processing /home/jparep/miniconda3/envs/dbt-env/lib/python3.11/site-packages/airflow/example_dags/example_datasets.py took 0.076 seconds
[2025-02-17T22:20:17.141-0700] {processor.py:157} INFO - Started process (PID=150650) to work on /home/jparep/miniconda3/envs/dbt-env/lib/python3.11/site-packages/airflow/example_dags/example_datasets.py
[2025-02-17T22:20:17.144-0700] {processor.py:829} INFO - Processing file /home/jparep/miniconda3/envs/dbt-env/lib/python3.11/site-packages/airflow/example_dags/example_datasets.py for tasks to queue
[2025-02-17T22:20:17.146-0700] {logging_mixin.py:154} INFO - [2025-02-17T22:20:17.145-0700] {dagbag.py:536} INFO - Filling up the DagBag from /home/jparep/miniconda3/envs/dbt-env/lib/python3.11/site-packages/airflow/example_dags/example_datasets.py
[2025-02-17T22:20:17.161-0700] {processor.py:839} INFO - DAG(s) dict_keys(['dataset_consumes_1_and_2', 'dataset_consumes_1_never_scheduled', 'dataset_consumes_1', 'dataset_produces_1', 'dataset_consumes_unknown_never_scheduled', 'dataset_produces_2']) retrieved from /home/jparep/miniconda3/envs/dbt-env/lib/python3.11/site-packages/airflow/example_dags/example_datasets.py
[2025-02-17T22:20:17.196-0700] {logging_mixin.py:154} INFO - [2025-02-17T22:20:17.196-0700] {dag.py:2941} INFO - Sync 6 DAGs
[2025-02-17T22:20:17.216-0700] {logging_mixin.py:154} INFO - [2025-02-17T22:20:17.216-0700] {dag.py:3722} INFO - Setting next_dagrun for dataset_consumes_1 to None, run_after=None
[2025-02-17T22:20:17.218-0700] {logging_mixin.py:154} INFO - [2025-02-17T22:20:17.218-0700] {dag.py:3722} INFO - Setting next_dagrun for dataset_consumes_1_and_2 to None, run_after=None
[2025-02-17T22:20:17.219-0700] {logging_mixin.py:154} INFO - [2025-02-17T22:20:17.219-0700] {dag.py:3722} INFO - Setting next_dagrun for dataset_consumes_1_never_scheduled to None, run_after=None
[2025-02-17T22:20:17.219-0700] {logging_mixin.py:154} INFO - [2025-02-17T22:20:17.219-0700] {dag.py:3722} INFO - Setting next_dagrun for dataset_consumes_unknown_never_scheduled to None, run_after=None
[2025-02-17T22:20:17.222-0700] {logging_mixin.py:154} INFO - [2025-02-17T22:20:17.222-0700] {dag.py:3722} INFO - Setting next_dagrun for dataset_produces_1 to 2025-02-17T00:00:00+00:00, run_after=2025-02-18T00:00:00+00:00
[2025-02-17T22:20:17.222-0700] {logging_mixin.py:154} INFO - [2025-02-17T22:20:17.222-0700] {dag.py:3722} INFO - Setting next_dagrun for dataset_produces_2 to None, run_after=None
[2025-02-17T22:20:17.249-0700] {processor.py:179} INFO - Processing /home/jparep/miniconda3/envs/dbt-env/lib/python3.11/site-packages/airflow/example_dags/example_datasets.py took 0.113 seconds
[2025-02-17T22:21:15.535-0700] {processor.py:157} INFO - Started process (PID=151191) to work on /home/jparep/miniconda3/envs/dbt-env/lib/python3.11/site-packages/airflow/example_dags/example_datasets.py
[2025-02-17T22:21:15.537-0700] {processor.py:829} INFO - Processing file /home/jparep/miniconda3/envs/dbt-env/lib/python3.11/site-packages/airflow/example_dags/example_datasets.py for tasks to queue
[2025-02-17T22:21:15.538-0700] {logging_mixin.py:154} INFO - [2025-02-17T22:21:15.538-0700] {dagbag.py:536} INFO - Filling up the DagBag from /home/jparep/miniconda3/envs/dbt-env/lib/python3.11/site-packages/airflow/example_dags/example_datasets.py
[2025-02-17T22:21:15.552-0700] {processor.py:839} INFO - DAG(s) dict_keys(['dataset_consumes_unknown_never_scheduled', 'dataset_produces_2', 'dataset_consumes_1_never_scheduled', 'dataset_consumes_1_and_2', 'dataset_produces_1', 'dataset_consumes_1']) retrieved from /home/jparep/miniconda3/envs/dbt-env/lib/python3.11/site-packages/airflow/example_dags/example_datasets.py
[2025-02-17T22:21:15.583-0700] {logging_mixin.py:154} INFO - [2025-02-17T22:21:15.583-0700] {dag.py:2941} INFO - Sync 6 DAGs
[2025-02-17T22:21:15.599-0700] {logging_mixin.py:154} INFO - [2025-02-17T22:21:15.599-0700] {dag.py:3722} INFO - Setting next_dagrun for dataset_consumes_1 to None, run_after=None
[2025-02-17T22:21:15.601-0700] {logging_mixin.py:154} INFO - [2025-02-17T22:21:15.601-0700] {dag.py:3722} INFO - Setting next_dagrun for dataset_consumes_1_and_2 to None, run_after=None
[2025-02-17T22:21:15.602-0700] {logging_mixin.py:154} INFO - [2025-02-17T22:21:15.602-0700] {dag.py:3722} INFO - Setting next_dagrun for dataset_consumes_1_never_scheduled to None, run_after=None
[2025-02-17T22:21:15.603-0700] {logging_mixin.py:154} INFO - [2025-02-17T22:21:15.603-0700] {dag.py:3722} INFO - Setting next_dagrun for dataset_consumes_unknown_never_scheduled to None, run_after=None
[2025-02-17T22:21:15.605-0700] {logging_mixin.py:154} INFO - [2025-02-17T22:21:15.605-0700] {dag.py:3722} INFO - Setting next_dagrun for dataset_produces_1 to 2025-02-17T00:00:00+00:00, run_after=2025-02-18T00:00:00+00:00
[2025-02-17T22:21:15.606-0700] {logging_mixin.py:154} INFO - [2025-02-17T22:21:15.606-0700] {dag.py:3722} INFO - Setting next_dagrun for dataset_produces_2 to None, run_after=None
[2025-02-17T22:21:15.632-0700] {processor.py:179} INFO - Processing /home/jparep/miniconda3/envs/dbt-env/lib/python3.11/site-packages/airflow/example_dags/example_datasets.py took 0.102 seconds
[2025-02-17T22:22:04.951-0700] {processor.py:157} INFO - Started process (PID=151629) to work on /home/jparep/miniconda3/envs/dbt-env/lib/python3.11/site-packages/airflow/example_dags/example_datasets.py
[2025-02-17T22:22:04.954-0700] {processor.py:829} INFO - Processing file /home/jparep/miniconda3/envs/dbt-env/lib/python3.11/site-packages/airflow/example_dags/example_datasets.py for tasks to queue
[2025-02-17T22:22:04.955-0700] {logging_mixin.py:154} INFO - [2025-02-17T22:22:04.955-0700] {dagbag.py:536} INFO - Filling up the DagBag from /home/jparep/miniconda3/envs/dbt-env/lib/python3.11/site-packages/airflow/example_dags/example_datasets.py
[2025-02-17T22:22:04.970-0700] {processor.py:839} INFO - DAG(s) dict_keys(['dataset_consumes_1', 'dataset_consumes_1_never_scheduled', 'dataset_produces_1', 'dataset_produces_2', 'dataset_consumes_1_and_2', 'dataset_consumes_unknown_never_scheduled']) retrieved from /home/jparep/miniconda3/envs/dbt-env/lib/python3.11/site-packages/airflow/example_dags/example_datasets.py
[2025-02-17T22:22:04.999-0700] {logging_mixin.py:154} INFO - [2025-02-17T22:22:04.999-0700] {dag.py:2941} INFO - Sync 6 DAGs
[2025-02-17T22:22:05.018-0700] {logging_mixin.py:154} INFO - [2025-02-17T22:22:05.017-0700] {dag.py:3722} INFO - Setting next_dagrun for dataset_consumes_1 to None, run_after=None
[2025-02-17T22:22:05.020-0700] {logging_mixin.py:154} INFO - [2025-02-17T22:22:05.020-0700] {dag.py:3722} INFO - Setting next_dagrun for dataset_consumes_1_and_2 to None, run_after=None
[2025-02-17T22:22:05.021-0700] {logging_mixin.py:154} INFO - [2025-02-17T22:22:05.021-0700] {dag.py:3722} INFO - Setting next_dagrun for dataset_consumes_1_never_scheduled to None, run_after=None
[2025-02-17T22:22:05.021-0700] {logging_mixin.py:154} INFO - [2025-02-17T22:22:05.021-0700] {dag.py:3722} INFO - Setting next_dagrun for dataset_consumes_unknown_never_scheduled to None, run_after=None
[2025-02-17T22:22:05.024-0700] {logging_mixin.py:154} INFO - [2025-02-17T22:22:05.023-0700] {dag.py:3722} INFO - Setting next_dagrun for dataset_produces_1 to 2025-02-17T00:00:00+00:00, run_after=2025-02-18T00:00:00+00:00
[2025-02-17T22:22:05.024-0700] {logging_mixin.py:154} INFO - [2025-02-17T22:22:05.024-0700] {dag.py:3722} INFO - Setting next_dagrun for dataset_produces_2 to None, run_after=None
[2025-02-17T22:22:05.051-0700] {processor.py:179} INFO - Processing /home/jparep/miniconda3/envs/dbt-env/lib/python3.11/site-packages/airflow/example_dags/example_datasets.py took 0.104 seconds
[2025-02-17T22:22:58.695-0700] {processor.py:157} INFO - Started process (PID=151996) to work on /home/jparep/miniconda3/envs/dbt-env/lib/python3.11/site-packages/airflow/example_dags/example_datasets.py
[2025-02-17T22:22:58.698-0700] {processor.py:829} INFO - Processing file /home/jparep/miniconda3/envs/dbt-env/lib/python3.11/site-packages/airflow/example_dags/example_datasets.py for tasks to queue
[2025-02-17T22:22:58.700-0700] {logging_mixin.py:154} INFO - [2025-02-17T22:22:58.699-0700] {dagbag.py:536} INFO - Filling up the DagBag from /home/jparep/miniconda3/envs/dbt-env/lib/python3.11/site-packages/airflow/example_dags/example_datasets.py
[2025-02-17T22:22:58.716-0700] {processor.py:839} INFO - DAG(s) dict_keys(['dataset_consumes_1_and_2', 'dataset_consumes_1_never_scheduled', 'dataset_consumes_unknown_never_scheduled', 'dataset_produces_1', 'dataset_produces_2', 'dataset_consumes_1']) retrieved from /home/jparep/miniconda3/envs/dbt-env/lib/python3.11/site-packages/airflow/example_dags/example_datasets.py
[2025-02-17T22:22:58.747-0700] {logging_mixin.py:154} INFO - [2025-02-17T22:22:58.746-0700] {dag.py:2941} INFO - Sync 6 DAGs
[2025-02-17T22:22:58.765-0700] {logging_mixin.py:154} INFO - [2025-02-17T22:22:58.764-0700] {dag.py:3722} INFO - Setting next_dagrun for dataset_consumes_1 to None, run_after=None
[2025-02-17T22:22:58.767-0700] {logging_mixin.py:154} INFO - [2025-02-17T22:22:58.767-0700] {dag.py:3722} INFO - Setting next_dagrun for dataset_consumes_1_and_2 to None, run_after=None
[2025-02-17T22:22:58.768-0700] {logging_mixin.py:154} INFO - [2025-02-17T22:22:58.768-0700] {dag.py:3722} INFO - Setting next_dagrun for dataset_consumes_1_never_scheduled to None, run_after=None
[2025-02-17T22:22:58.769-0700] {logging_mixin.py:154} INFO - [2025-02-17T22:22:58.768-0700] {dag.py:3722} INFO - Setting next_dagrun for dataset_consumes_unknown_never_scheduled to None, run_after=None
[2025-02-17T22:22:58.771-0700] {logging_mixin.py:154} INFO - [2025-02-17T22:22:58.771-0700] {dag.py:3722} INFO - Setting next_dagrun for dataset_produces_1 to 2025-02-17T00:00:00+00:00, run_after=2025-02-18T00:00:00+00:00
[2025-02-17T22:22:58.771-0700] {logging_mixin.py:154} INFO - [2025-02-17T22:22:58.771-0700] {dag.py:3722} INFO - Setting next_dagrun for dataset_produces_2 to None, run_after=None
[2025-02-17T22:22:58.799-0700] {processor.py:179} INFO - Processing /home/jparep/miniconda3/envs/dbt-env/lib/python3.11/site-packages/airflow/example_dags/example_datasets.py took 0.110 seconds
[2025-02-17T22:23:53.425-0700] {processor.py:157} INFO - Started process (PID=152528) to work on /home/jparep/miniconda3/envs/dbt-env/lib/python3.11/site-packages/airflow/example_dags/example_datasets.py
[2025-02-17T22:23:53.427-0700] {processor.py:829} INFO - Processing file /home/jparep/miniconda3/envs/dbt-env/lib/python3.11/site-packages/airflow/example_dags/example_datasets.py for tasks to queue
[2025-02-17T22:23:53.428-0700] {logging_mixin.py:154} INFO - [2025-02-17T22:23:53.428-0700] {dagbag.py:536} INFO - Filling up the DagBag from /home/jparep/miniconda3/envs/dbt-env/lib/python3.11/site-packages/airflow/example_dags/example_datasets.py
[2025-02-17T22:23:53.444-0700] {processor.py:839} INFO - DAG(s) dict_keys(['dataset_consumes_1_and_2', 'dataset_produces_1', 'dataset_produces_2', 'dataset_consumes_1', 'dataset_consumes_1_never_scheduled', 'dataset_consumes_unknown_never_scheduled']) retrieved from /home/jparep/miniconda3/envs/dbt-env/lib/python3.11/site-packages/airflow/example_dags/example_datasets.py
[2025-02-17T22:23:53.482-0700] {logging_mixin.py:154} INFO - [2025-02-17T22:23:53.481-0700] {dag.py:2941} INFO - Sync 6 DAGs
[2025-02-17T22:23:53.499-0700] {logging_mixin.py:154} INFO - [2025-02-17T22:23:53.498-0700] {dag.py:3722} INFO - Setting next_dagrun for dataset_consumes_1 to None, run_after=None
[2025-02-17T22:23:53.501-0700] {logging_mixin.py:154} INFO - [2025-02-17T22:23:53.501-0700] {dag.py:3722} INFO - Setting next_dagrun for dataset_consumes_1_and_2 to None, run_after=None
[2025-02-17T22:23:53.502-0700] {logging_mixin.py:154} INFO - [2025-02-17T22:23:53.502-0700] {dag.py:3722} INFO - Setting next_dagrun for dataset_consumes_1_never_scheduled to None, run_after=None
[2025-02-17T22:23:53.502-0700] {logging_mixin.py:154} INFO - [2025-02-17T22:23:53.502-0700] {dag.py:3722} INFO - Setting next_dagrun for dataset_consumes_unknown_never_scheduled to None, run_after=None
[2025-02-17T22:23:53.505-0700] {logging_mixin.py:154} INFO - [2025-02-17T22:23:53.505-0700] {dag.py:3722} INFO - Setting next_dagrun for dataset_produces_1 to 2025-02-17T00:00:00+00:00, run_after=2025-02-18T00:00:00+00:00
[2025-02-17T22:23:53.505-0700] {logging_mixin.py:154} INFO - [2025-02-17T22:23:53.505-0700] {dag.py:3722} INFO - Setting next_dagrun for dataset_produces_2 to None, run_after=None
[2025-02-17T22:23:53.537-0700] {processor.py:179} INFO - Processing /home/jparep/miniconda3/envs/dbt-env/lib/python3.11/site-packages/airflow/example_dags/example_datasets.py took 0.121 seconds
[2025-02-17T22:24:46.758-0700] {processor.py:157} INFO - Started process (PID=152863) to work on /home/jparep/miniconda3/envs/dbt-env/lib/python3.11/site-packages/airflow/example_dags/example_datasets.py
[2025-02-17T22:24:46.760-0700] {processor.py:829} INFO - Processing file /home/jparep/miniconda3/envs/dbt-env/lib/python3.11/site-packages/airflow/example_dags/example_datasets.py for tasks to queue
[2025-02-17T22:24:46.762-0700] {logging_mixin.py:154} INFO - [2025-02-17T22:24:46.761-0700] {dagbag.py:536} INFO - Filling up the DagBag from /home/jparep/miniconda3/envs/dbt-env/lib/python3.11/site-packages/airflow/example_dags/example_datasets.py
[2025-02-17T22:24:46.776-0700] {processor.py:839} INFO - DAG(s) dict_keys(['dataset_consumes_1', 'dataset_produces_1', 'dataset_consumes_1_never_scheduled', 'dataset_consumes_1_and_2', 'dataset_produces_2', 'dataset_consumes_unknown_never_scheduled']) retrieved from /home/jparep/miniconda3/envs/dbt-env/lib/python3.11/site-packages/airflow/example_dags/example_datasets.py
[2025-02-17T22:24:46.807-0700] {logging_mixin.py:154} INFO - [2025-02-17T22:24:46.806-0700] {dag.py:2941} INFO - Sync 6 DAGs
[2025-02-17T22:24:46.823-0700] {logging_mixin.py:154} INFO - [2025-02-17T22:24:46.823-0700] {dag.py:3722} INFO - Setting next_dagrun for dataset_consumes_1 to None, run_after=None
[2025-02-17T22:24:46.825-0700] {logging_mixin.py:154} INFO - [2025-02-17T22:24:46.825-0700] {dag.py:3722} INFO - Setting next_dagrun for dataset_consumes_1_and_2 to None, run_after=None
[2025-02-17T22:24:46.826-0700] {logging_mixin.py:154} INFO - [2025-02-17T22:24:46.826-0700] {dag.py:3722} INFO - Setting next_dagrun for dataset_consumes_1_never_scheduled to None, run_after=None
[2025-02-17T22:24:46.827-0700] {logging_mixin.py:154} INFO - [2025-02-17T22:24:46.827-0700] {dag.py:3722} INFO - Setting next_dagrun for dataset_consumes_unknown_never_scheduled to None, run_after=None
[2025-02-17T22:24:46.829-0700] {logging_mixin.py:154} INFO - [2025-02-17T22:24:46.829-0700] {dag.py:3722} INFO - Setting next_dagrun for dataset_produces_1 to 2025-02-17T00:00:00+00:00, run_after=2025-02-18T00:00:00+00:00
[2025-02-17T22:24:46.830-0700] {logging_mixin.py:154} INFO - [2025-02-17T22:24:46.830-0700] {dag.py:3722} INFO - Setting next_dagrun for dataset_produces_2 to None, run_after=None
[2025-02-17T22:24:46.865-0700] {processor.py:179} INFO - Processing /home/jparep/miniconda3/envs/dbt-env/lib/python3.11/site-packages/airflow/example_dags/example_datasets.py took 0.112 seconds
[2025-02-17T22:25:48.157-0700] {processor.py:157} INFO - Started process (PID=153424) to work on /home/jparep/miniconda3/envs/dbt-env/lib/python3.11/site-packages/airflow/example_dags/example_datasets.py
[2025-02-17T22:25:48.160-0700] {processor.py:829} INFO - Processing file /home/jparep/miniconda3/envs/dbt-env/lib/python3.11/site-packages/airflow/example_dags/example_datasets.py for tasks to queue
[2025-02-17T22:25:48.161-0700] {logging_mixin.py:154} INFO - [2025-02-17T22:25:48.161-0700] {dagbag.py:536} INFO - Filling up the DagBag from /home/jparep/miniconda3/envs/dbt-env/lib/python3.11/site-packages/airflow/example_dags/example_datasets.py
[2025-02-17T22:25:48.176-0700] {processor.py:839} INFO - DAG(s) dict_keys(['dataset_consumes_1', 'dataset_consumes_1_and_2', 'dataset_produces_1', 'dataset_consumes_unknown_never_scheduled', 'dataset_consumes_1_never_scheduled', 'dataset_produces_2']) retrieved from /home/jparep/miniconda3/envs/dbt-env/lib/python3.11/site-packages/airflow/example_dags/example_datasets.py
[2025-02-17T22:25:48.211-0700] {logging_mixin.py:154} INFO - [2025-02-17T22:25:48.211-0700] {dag.py:2941} INFO - Sync 6 DAGs
[2025-02-17T22:25:48.235-0700] {logging_mixin.py:154} INFO - [2025-02-17T22:25:48.235-0700] {dag.py:3722} INFO - Setting next_dagrun for dataset_consumes_1 to None, run_after=None
[2025-02-17T22:25:48.238-0700] {logging_mixin.py:154} INFO - [2025-02-17T22:25:48.238-0700] {dag.py:3722} INFO - Setting next_dagrun for dataset_consumes_1_and_2 to None, run_after=None
[2025-02-17T22:25:48.239-0700] {logging_mixin.py:154} INFO - [2025-02-17T22:25:48.238-0700] {dag.py:3722} INFO - Setting next_dagrun for dataset_consumes_1_never_scheduled to None, run_after=None
[2025-02-17T22:25:48.239-0700] {logging_mixin.py:154} INFO - [2025-02-17T22:25:48.239-0700] {dag.py:3722} INFO - Setting next_dagrun for dataset_consumes_unknown_never_scheduled to None, run_after=None
[2025-02-17T22:25:48.241-0700] {logging_mixin.py:154} INFO - [2025-02-17T22:25:48.241-0700] {dag.py:3722} INFO - Setting next_dagrun for dataset_produces_1 to 2025-02-17T00:00:00+00:00, run_after=2025-02-18T00:00:00+00:00
[2025-02-17T22:25:48.242-0700] {logging_mixin.py:154} INFO - [2025-02-17T22:25:48.242-0700] {dag.py:3722} INFO - Setting next_dagrun for dataset_produces_2 to None, run_after=None
[2025-02-17T22:25:48.269-0700] {processor.py:179} INFO - Processing /home/jparep/miniconda3/envs/dbt-env/lib/python3.11/site-packages/airflow/example_dags/example_datasets.py took 0.116 seconds
[2025-02-17T22:26:38.479-0700] {processor.py:157} INFO - Started process (PID=153925) to work on /home/jparep/miniconda3/envs/dbt-env/lib/python3.11/site-packages/airflow/example_dags/example_datasets.py
[2025-02-17T22:26:38.481-0700] {processor.py:829} INFO - Processing file /home/jparep/miniconda3/envs/dbt-env/lib/python3.11/site-packages/airflow/example_dags/example_datasets.py for tasks to queue
[2025-02-17T22:26:38.482-0700] {logging_mixin.py:154} INFO - [2025-02-17T22:26:38.482-0700] {dagbag.py:536} INFO - Filling up the DagBag from /home/jparep/miniconda3/envs/dbt-env/lib/python3.11/site-packages/airflow/example_dags/example_datasets.py
[2025-02-17T22:26:38.496-0700] {processor.py:839} INFO - DAG(s) dict_keys(['dataset_produces_2', 'dataset_consumes_unknown_never_scheduled', 'dataset_consumes_1_never_scheduled', 'dataset_produces_1', 'dataset_consumes_1', 'dataset_consumes_1_and_2']) retrieved from /home/jparep/miniconda3/envs/dbt-env/lib/python3.11/site-packages/airflow/example_dags/example_datasets.py
[2025-02-17T22:26:38.529-0700] {logging_mixin.py:154} INFO - [2025-02-17T22:26:38.529-0700] {dag.py:2941} INFO - Sync 6 DAGs
[2025-02-17T22:26:38.555-0700] {logging_mixin.py:154} INFO - [2025-02-17T22:26:38.554-0700] {dag.py:3722} INFO - Setting next_dagrun for dataset_consumes_1 to None, run_after=None
[2025-02-17T22:26:38.558-0700] {logging_mixin.py:154} INFO - [2025-02-17T22:26:38.557-0700] {dag.py:3722} INFO - Setting next_dagrun for dataset_consumes_1_and_2 to None, run_after=None
[2025-02-17T22:26:38.559-0700] {logging_mixin.py:154} INFO - [2025-02-17T22:26:38.559-0700] {dag.py:3722} INFO - Setting next_dagrun for dataset_consumes_1_never_scheduled to None, run_after=None
[2025-02-17T22:26:38.560-0700] {logging_mixin.py:154} INFO - [2025-02-17T22:26:38.559-0700] {dag.py:3722} INFO - Setting next_dagrun for dataset_consumes_unknown_never_scheduled to None, run_after=None
[2025-02-17T22:26:38.562-0700] {logging_mixin.py:154} INFO - [2025-02-17T22:26:38.562-0700] {dag.py:3722} INFO - Setting next_dagrun for dataset_produces_1 to 2025-02-17T00:00:00+00:00, run_after=2025-02-18T00:00:00+00:00
[2025-02-17T22:26:38.563-0700] {logging_mixin.py:154} INFO - [2025-02-17T22:26:38.562-0700] {dag.py:3722} INFO - Setting next_dagrun for dataset_produces_2 to None, run_after=None
[2025-02-17T22:26:38.589-0700] {processor.py:179} INFO - Processing /home/jparep/miniconda3/envs/dbt-env/lib/python3.11/site-packages/airflow/example_dags/example_datasets.py took 0.115 seconds
[2025-02-17T22:27:33.493-0700] {processor.py:157} INFO - Started process (PID=154443) to work on /home/jparep/miniconda3/envs/dbt-env/lib/python3.11/site-packages/airflow/example_dags/example_datasets.py
[2025-02-17T22:27:33.497-0700] {processor.py:829} INFO - Processing file /home/jparep/miniconda3/envs/dbt-env/lib/python3.11/site-packages/airflow/example_dags/example_datasets.py for tasks to queue
[2025-02-17T22:27:33.498-0700] {logging_mixin.py:154} INFO - [2025-02-17T22:27:33.497-0700] {dagbag.py:536} INFO - Filling up the DagBag from /home/jparep/miniconda3/envs/dbt-env/lib/python3.11/site-packages/airflow/example_dags/example_datasets.py
[2025-02-17T22:27:33.515-0700] {processor.py:839} INFO - DAG(s) dict_keys(['dataset_produces_1', 'dataset_consumes_1_never_scheduled', 'dataset_produces_2', 'dataset_consumes_1', 'dataset_consumes_unknown_never_scheduled', 'dataset_consumes_1_and_2']) retrieved from /home/jparep/miniconda3/envs/dbt-env/lib/python3.11/site-packages/airflow/example_dags/example_datasets.py
[2025-02-17T22:27:33.547-0700] {logging_mixin.py:154} INFO - [2025-02-17T22:27:33.547-0700] {dag.py:2941} INFO - Sync 6 DAGs
[2025-02-17T22:27:33.564-0700] {logging_mixin.py:154} INFO - [2025-02-17T22:27:33.564-0700] {dag.py:3722} INFO - Setting next_dagrun for dataset_consumes_1 to None, run_after=None
[2025-02-17T22:27:33.566-0700] {logging_mixin.py:154} INFO - [2025-02-17T22:27:33.566-0700] {dag.py:3722} INFO - Setting next_dagrun for dataset_consumes_1_and_2 to None, run_after=None
[2025-02-17T22:27:33.567-0700] {logging_mixin.py:154} INFO - [2025-02-17T22:27:33.567-0700] {dag.py:3722} INFO - Setting next_dagrun for dataset_consumes_1_never_scheduled to None, run_after=None
[2025-02-17T22:27:33.568-0700] {logging_mixin.py:154} INFO - [2025-02-17T22:27:33.567-0700] {dag.py:3722} INFO - Setting next_dagrun for dataset_consumes_unknown_never_scheduled to None, run_after=None
[2025-02-17T22:27:33.570-0700] {logging_mixin.py:154} INFO - [2025-02-17T22:27:33.569-0700] {dag.py:3722} INFO - Setting next_dagrun for dataset_produces_1 to 2025-02-17T00:00:00+00:00, run_after=2025-02-18T00:00:00+00:00
[2025-02-17T22:27:33.570-0700] {logging_mixin.py:154} INFO - [2025-02-17T22:27:33.570-0700] {dag.py:3722} INFO - Setting next_dagrun for dataset_produces_2 to None, run_after=None
[2025-02-17T22:27:33.596-0700] {processor.py:179} INFO - Processing /home/jparep/miniconda3/envs/dbt-env/lib/python3.11/site-packages/airflow/example_dags/example_datasets.py took 0.108 seconds
[2025-02-17T22:28:27.488-0700] {processor.py:157} INFO - Started process (PID=154920) to work on /home/jparep/miniconda3/envs/dbt-env/lib/python3.11/site-packages/airflow/example_dags/example_datasets.py
[2025-02-17T22:28:27.489-0700] {processor.py:829} INFO - Processing file /home/jparep/miniconda3/envs/dbt-env/lib/python3.11/site-packages/airflow/example_dags/example_datasets.py for tasks to queue
[2025-02-17T22:28:27.490-0700] {logging_mixin.py:154} INFO - [2025-02-17T22:28:27.490-0700] {dagbag.py:536} INFO - Filling up the DagBag from /home/jparep/miniconda3/envs/dbt-env/lib/python3.11/site-packages/airflow/example_dags/example_datasets.py
[2025-02-17T22:28:27.506-0700] {processor.py:839} INFO - DAG(s) dict_keys(['dataset_produces_2', 'dataset_consumes_unknown_never_scheduled', 'dataset_consumes_1', 'dataset_consumes_1_and_2', 'dataset_consumes_1_never_scheduled', 'dataset_produces_1']) retrieved from /home/jparep/miniconda3/envs/dbt-env/lib/python3.11/site-packages/airflow/example_dags/example_datasets.py
[2025-02-17T22:28:27.537-0700] {logging_mixin.py:154} INFO - [2025-02-17T22:28:27.537-0700] {dag.py:2941} INFO - Sync 6 DAGs
[2025-02-17T22:28:27.554-0700] {logging_mixin.py:154} INFO - [2025-02-17T22:28:27.554-0700] {dag.py:3722} INFO - Setting next_dagrun for dataset_consumes_1 to None, run_after=None
[2025-02-17T22:28:27.556-0700] {logging_mixin.py:154} INFO - [2025-02-17T22:28:27.556-0700] {dag.py:3722} INFO - Setting next_dagrun for dataset_consumes_1_and_2 to None, run_after=None
[2025-02-17T22:28:27.557-0700] {logging_mixin.py:154} INFO - [2025-02-17T22:28:27.557-0700] {dag.py:3722} INFO - Setting next_dagrun for dataset_consumes_1_never_scheduled to None, run_after=None
[2025-02-17T22:28:27.558-0700] {logging_mixin.py:154} INFO - [2025-02-17T22:28:27.558-0700] {dag.py:3722} INFO - Setting next_dagrun for dataset_consumes_unknown_never_scheduled to None, run_after=None
[2025-02-17T22:28:27.560-0700] {logging_mixin.py:154} INFO - [2025-02-17T22:28:27.560-0700] {dag.py:3722} INFO - Setting next_dagrun for dataset_produces_1 to 2025-02-17T00:00:00+00:00, run_after=2025-02-18T00:00:00+00:00
[2025-02-17T22:28:27.560-0700] {logging_mixin.py:154} INFO - [2025-02-17T22:28:27.560-0700] {dag.py:3722} INFO - Setting next_dagrun for dataset_produces_2 to None, run_after=None
[2025-02-17T22:28:27.587-0700] {processor.py:179} INFO - Processing /home/jparep/miniconda3/envs/dbt-env/lib/python3.11/site-packages/airflow/example_dags/example_datasets.py took 0.104 seconds
[2025-02-17T22:29:10.807-0700] {processor.py:157} INFO - Started process (PID=155086) to work on /home/jparep/miniconda3/envs/dbt-env/lib/python3.11/site-packages/airflow/example_dags/example_datasets.py
[2025-02-17T22:29:10.809-0700] {processor.py:829} INFO - Processing file /home/jparep/miniconda3/envs/dbt-env/lib/python3.11/site-packages/airflow/example_dags/example_datasets.py for tasks to queue
[2025-02-17T22:29:10.810-0700] {logging_mixin.py:154} INFO - [2025-02-17T22:29:10.810-0700] {dagbag.py:536} INFO - Filling up the DagBag from /home/jparep/miniconda3/envs/dbt-env/lib/python3.11/site-packages/airflow/example_dags/example_datasets.py
[2025-02-17T22:29:10.818-0700] {processor.py:839} INFO - DAG(s) dict_keys(['dataset_consumes_1', 'dataset_consumes_unknown_never_scheduled', 'dataset_consumes_1_and_2', 'dataset_produces_1', 'dataset_consumes_1_never_scheduled', 'dataset_produces_2']) retrieved from /home/jparep/miniconda3/envs/dbt-env/lib/python3.11/site-packages/airflow/example_dags/example_datasets.py
[2025-02-17T22:29:10.839-0700] {logging_mixin.py:154} INFO - [2025-02-17T22:29:10.839-0700] {dag.py:2941} INFO - Sync 6 DAGs
[2025-02-17T22:29:10.854-0700] {logging_mixin.py:154} INFO - [2025-02-17T22:29:10.854-0700] {dag.py:3722} INFO - Setting next_dagrun for dataset_consumes_1 to None, run_after=None
[2025-02-17T22:29:10.856-0700] {logging_mixin.py:154} INFO - [2025-02-17T22:29:10.856-0700] {dag.py:3722} INFO - Setting next_dagrun for dataset_consumes_1_and_2 to None, run_after=None
[2025-02-17T22:29:10.856-0700] {logging_mixin.py:154} INFO - [2025-02-17T22:29:10.856-0700] {dag.py:3722} INFO - Setting next_dagrun for dataset_consumes_1_never_scheduled to None, run_after=None
[2025-02-17T22:29:10.857-0700] {logging_mixin.py:154} INFO - [2025-02-17T22:29:10.857-0700] {dag.py:3722} INFO - Setting next_dagrun for dataset_consumes_unknown_never_scheduled to None, run_after=None
[2025-02-17T22:29:10.859-0700] {logging_mixin.py:154} INFO - [2025-02-17T22:29:10.858-0700] {dag.py:3722} INFO - Setting next_dagrun for dataset_produces_1 to 2025-02-17T00:00:00+00:00, run_after=2025-02-18T00:00:00+00:00
[2025-02-17T22:29:10.859-0700] {logging_mixin.py:154} INFO - [2025-02-17T22:29:10.859-0700] {dag.py:3722} INFO - Setting next_dagrun for dataset_produces_2 to None, run_after=None
[2025-02-17T22:29:10.883-0700] {processor.py:179} INFO - Processing /home/jparep/miniconda3/envs/dbt-env/lib/python3.11/site-packages/airflow/example_dags/example_datasets.py took 0.078 seconds
[2025-02-17T22:29:56.253-0700] {processor.py:157} INFO - Started process (PID=155451) to work on /home/jparep/miniconda3/envs/dbt-env/lib/python3.11/site-packages/airflow/example_dags/example_datasets.py
[2025-02-17T22:29:56.255-0700] {processor.py:829} INFO - Processing file /home/jparep/miniconda3/envs/dbt-env/lib/python3.11/site-packages/airflow/example_dags/example_datasets.py for tasks to queue
[2025-02-17T22:29:56.257-0700] {logging_mixin.py:154} INFO - [2025-02-17T22:29:56.256-0700] {dagbag.py:536} INFO - Filling up the DagBag from /home/jparep/miniconda3/envs/dbt-env/lib/python3.11/site-packages/airflow/example_dags/example_datasets.py
[2025-02-17T22:29:56.270-0700] {processor.py:839} INFO - DAG(s) dict_keys(['dataset_consumes_1_and_2', 'dataset_consumes_1_never_scheduled', 'dataset_produces_2', 'dataset_consumes_1', 'dataset_consumes_unknown_never_scheduled', 'dataset_produces_1']) retrieved from /home/jparep/miniconda3/envs/dbt-env/lib/python3.11/site-packages/airflow/example_dags/example_datasets.py
[2025-02-17T22:29:56.307-0700] {logging_mixin.py:154} INFO - [2025-02-17T22:29:56.307-0700] {dag.py:2941} INFO - Sync 6 DAGs
[2025-02-17T22:29:56.331-0700] {logging_mixin.py:154} INFO - [2025-02-17T22:29:56.331-0700] {dag.py:3722} INFO - Setting next_dagrun for dataset_consumes_1 to None, run_after=None
[2025-02-17T22:29:56.334-0700] {logging_mixin.py:154} INFO - [2025-02-17T22:29:56.333-0700] {dag.py:3722} INFO - Setting next_dagrun for dataset_consumes_1_and_2 to None, run_after=None
[2025-02-17T22:29:56.335-0700] {logging_mixin.py:154} INFO - [2025-02-17T22:29:56.335-0700] {dag.py:3722} INFO - Setting next_dagrun for dataset_consumes_1_never_scheduled to None, run_after=None
[2025-02-17T22:29:56.336-0700] {logging_mixin.py:154} INFO - [2025-02-17T22:29:56.336-0700] {dag.py:3722} INFO - Setting next_dagrun for dataset_consumes_unknown_never_scheduled to None, run_after=None
[2025-02-17T22:29:56.338-0700] {logging_mixin.py:154} INFO - [2025-02-17T22:29:56.338-0700] {dag.py:3722} INFO - Setting next_dagrun for dataset_produces_1 to 2025-02-17T00:00:00+00:00, run_after=2025-02-18T00:00:00+00:00
[2025-02-17T22:29:56.339-0700] {logging_mixin.py:154} INFO - [2025-02-17T22:29:56.338-0700] {dag.py:3722} INFO - Setting next_dagrun for dataset_produces_2 to None, run_after=None
[2025-02-17T22:29:56.365-0700] {processor.py:179} INFO - Processing /home/jparep/miniconda3/envs/dbt-env/lib/python3.11/site-packages/airflow/example_dags/example_datasets.py took 0.117 seconds
[2025-02-17T22:30:49.494-0700] {processor.py:157} INFO - Started process (PID=155981) to work on /home/jparep/miniconda3/envs/dbt-env/lib/python3.11/site-packages/airflow/example_dags/example_datasets.py
[2025-02-17T22:30:49.498-0700] {processor.py:829} INFO - Processing file /home/jparep/miniconda3/envs/dbt-env/lib/python3.11/site-packages/airflow/example_dags/example_datasets.py for tasks to queue
[2025-02-17T22:30:49.499-0700] {logging_mixin.py:154} INFO - [2025-02-17T22:30:49.498-0700] {dagbag.py:536} INFO - Filling up the DagBag from /home/jparep/miniconda3/envs/dbt-env/lib/python3.11/site-packages/airflow/example_dags/example_datasets.py
[2025-02-17T22:30:49.513-0700] {processor.py:839} INFO - DAG(s) dict_keys(['dataset_consumes_unknown_never_scheduled', 'dataset_produces_2', 'dataset_consumes_1_and_2', 'dataset_produces_1', 'dataset_consumes_1_never_scheduled', 'dataset_consumes_1']) retrieved from /home/jparep/miniconda3/envs/dbt-env/lib/python3.11/site-packages/airflow/example_dags/example_datasets.py
[2025-02-17T22:30:49.538-0700] {logging_mixin.py:154} INFO - [2025-02-17T22:30:49.538-0700] {dag.py:2941} INFO - Sync 6 DAGs
[2025-02-17T22:30:49.555-0700] {logging_mixin.py:154} INFO - [2025-02-17T22:30:49.555-0700] {dag.py:3722} INFO - Setting next_dagrun for dataset_consumes_1 to None, run_after=None
[2025-02-17T22:30:49.557-0700] {logging_mixin.py:154} INFO - [2025-02-17T22:30:49.557-0700] {dag.py:3722} INFO - Setting next_dagrun for dataset_consumes_1_and_2 to None, run_after=None
[2025-02-17T22:30:49.558-0700] {logging_mixin.py:154} INFO - [2025-02-17T22:30:49.558-0700] {dag.py:3722} INFO - Setting next_dagrun for dataset_consumes_1_never_scheduled to None, run_after=None
[2025-02-17T22:30:49.559-0700] {logging_mixin.py:154} INFO - [2025-02-17T22:30:49.559-0700] {dag.py:3722} INFO - Setting next_dagrun for dataset_consumes_unknown_never_scheduled to None, run_after=None
[2025-02-17T22:30:49.561-0700] {logging_mixin.py:154} INFO - [2025-02-17T22:30:49.561-0700] {dag.py:3722} INFO - Setting next_dagrun for dataset_produces_1 to 2025-02-17T00:00:00+00:00, run_after=2025-02-18T00:00:00+00:00
[2025-02-17T22:30:49.562-0700] {logging_mixin.py:154} INFO - [2025-02-17T22:30:49.561-0700] {dag.py:3722} INFO - Setting next_dagrun for dataset_produces_2 to None, run_after=None
[2025-02-17T22:30:49.597-0700] {processor.py:179} INFO - Processing /home/jparep/miniconda3/envs/dbt-env/lib/python3.11/site-packages/airflow/example_dags/example_datasets.py took 0.107 seconds
[2025-02-17T22:31:45.010-0700] {processor.py:157} INFO - Started process (PID=156531) to work on /home/jparep/miniconda3/envs/dbt-env/lib/python3.11/site-packages/airflow/example_dags/example_datasets.py
[2025-02-17T22:31:45.013-0700] {processor.py:829} INFO - Processing file /home/jparep/miniconda3/envs/dbt-env/lib/python3.11/site-packages/airflow/example_dags/example_datasets.py for tasks to queue
[2025-02-17T22:31:45.015-0700] {logging_mixin.py:154} INFO - [2025-02-17T22:31:45.014-0700] {dagbag.py:536} INFO - Filling up the DagBag from /home/jparep/miniconda3/envs/dbt-env/lib/python3.11/site-packages/airflow/example_dags/example_datasets.py
[2025-02-17T22:31:45.033-0700] {processor.py:839} INFO - DAG(s) dict_keys(['dataset_consumes_1', 'dataset_produces_1', 'dataset_consumes_1_never_scheduled', 'dataset_consumes_1_and_2', 'dataset_produces_2', 'dataset_consumes_unknown_never_scheduled']) retrieved from /home/jparep/miniconda3/envs/dbt-env/lib/python3.11/site-packages/airflow/example_dags/example_datasets.py
[2025-02-17T22:31:45.060-0700] {logging_mixin.py:154} INFO - [2025-02-17T22:31:45.059-0700] {dag.py:2941} INFO - Sync 6 DAGs
[2025-02-17T22:31:45.081-0700] {logging_mixin.py:154} INFO - [2025-02-17T22:31:45.080-0700] {dag.py:3722} INFO - Setting next_dagrun for dataset_consumes_1 to None, run_after=None
[2025-02-17T22:31:45.083-0700] {logging_mixin.py:154} INFO - [2025-02-17T22:31:45.083-0700] {dag.py:3722} INFO - Setting next_dagrun for dataset_consumes_1_and_2 to None, run_after=None
[2025-02-17T22:31:45.084-0700] {logging_mixin.py:154} INFO - [2025-02-17T22:31:45.084-0700] {dag.py:3722} INFO - Setting next_dagrun for dataset_consumes_1_never_scheduled to None, run_after=None
[2025-02-17T22:31:45.085-0700] {logging_mixin.py:154} INFO - [2025-02-17T22:31:45.085-0700] {dag.py:3722} INFO - Setting next_dagrun for dataset_consumes_unknown_never_scheduled to None, run_after=None
[2025-02-17T22:31:45.087-0700] {logging_mixin.py:154} INFO - [2025-02-17T22:31:45.087-0700] {dag.py:3722} INFO - Setting next_dagrun for dataset_produces_1 to 2025-02-17T00:00:00+00:00, run_after=2025-02-18T00:00:00+00:00
[2025-02-17T22:31:45.088-0700] {logging_mixin.py:154} INFO - [2025-02-17T22:31:45.088-0700] {dag.py:3722} INFO - Setting next_dagrun for dataset_produces_2 to None, run_after=None
[2025-02-17T22:31:45.119-0700] {processor.py:179} INFO - Processing /home/jparep/miniconda3/envs/dbt-env/lib/python3.11/site-packages/airflow/example_dags/example_datasets.py took 0.114 seconds
[2025-02-17T22:32:39.495-0700] {processor.py:157} INFO - Started process (PID=156960) to work on /home/jparep/miniconda3/envs/dbt-env/lib/python3.11/site-packages/airflow/example_dags/example_datasets.py
[2025-02-17T22:32:39.503-0700] {processor.py:829} INFO - Processing file /home/jparep/miniconda3/envs/dbt-env/lib/python3.11/site-packages/airflow/example_dags/example_datasets.py for tasks to queue
[2025-02-17T22:32:39.504-0700] {logging_mixin.py:154} INFO - [2025-02-17T22:32:39.504-0700] {dagbag.py:536} INFO - Filling up the DagBag from /home/jparep/miniconda3/envs/dbt-env/lib/python3.11/site-packages/airflow/example_dags/example_datasets.py
[2025-02-17T22:32:39.524-0700] {processor.py:839} INFO - DAG(s) dict_keys(['dataset_consumes_1_never_scheduled', 'dataset_produces_2', 'dataset_consumes_unknown_never_scheduled', 'dataset_consumes_1_and_2', 'dataset_produces_1', 'dataset_consumes_1']) retrieved from /home/jparep/miniconda3/envs/dbt-env/lib/python3.11/site-packages/airflow/example_dags/example_datasets.py
[2025-02-17T22:32:39.550-0700] {logging_mixin.py:154} INFO - [2025-02-17T22:32:39.550-0700] {dag.py:2941} INFO - Sync 6 DAGs
[2025-02-17T22:32:39.567-0700] {logging_mixin.py:154} INFO - [2025-02-17T22:32:39.566-0700] {dag.py:3722} INFO - Setting next_dagrun for dataset_consumes_1 to None, run_after=None
[2025-02-17T22:32:39.569-0700] {logging_mixin.py:154} INFO - [2025-02-17T22:32:39.569-0700] {dag.py:3722} INFO - Setting next_dagrun for dataset_consumes_1_and_2 to None, run_after=None
[2025-02-17T22:32:39.570-0700] {logging_mixin.py:154} INFO - [2025-02-17T22:32:39.570-0700] {dag.py:3722} INFO - Setting next_dagrun for dataset_consumes_1_never_scheduled to None, run_after=None
[2025-02-17T22:32:39.570-0700] {logging_mixin.py:154} INFO - [2025-02-17T22:32:39.570-0700] {dag.py:3722} INFO - Setting next_dagrun for dataset_consumes_unknown_never_scheduled to None, run_after=None
[2025-02-17T22:32:39.572-0700] {logging_mixin.py:154} INFO - [2025-02-17T22:32:39.572-0700] {dag.py:3722} INFO - Setting next_dagrun for dataset_produces_1 to 2025-02-17T00:00:00+00:00, run_after=2025-02-18T00:00:00+00:00
[2025-02-17T22:32:39.573-0700] {logging_mixin.py:154} INFO - [2025-02-17T22:32:39.573-0700] {dag.py:3722} INFO - Setting next_dagrun for dataset_produces_2 to None, run_after=None
[2025-02-17T22:32:39.603-0700] {processor.py:179} INFO - Processing /home/jparep/miniconda3/envs/dbt-env/lib/python3.11/site-packages/airflow/example_dags/example_datasets.py took 0.112 seconds
[2025-02-17T22:33:39.982-0700] {processor.py:157} INFO - Started process (PID=157471) to work on /home/jparep/miniconda3/envs/dbt-env/lib/python3.11/site-packages/airflow/example_dags/example_datasets.py
[2025-02-17T22:33:39.983-0700] {processor.py:829} INFO - Processing file /home/jparep/miniconda3/envs/dbt-env/lib/python3.11/site-packages/airflow/example_dags/example_datasets.py for tasks to queue
[2025-02-17T22:33:39.984-0700] {logging_mixin.py:154} INFO - [2025-02-17T22:33:39.983-0700] {dagbag.py:536} INFO - Filling up the DagBag from /home/jparep/miniconda3/envs/dbt-env/lib/python3.11/site-packages/airflow/example_dags/example_datasets.py
[2025-02-17T22:33:39.992-0700] {processor.py:839} INFO - DAG(s) dict_keys(['dataset_consumes_1', 'dataset_consumes_1_never_scheduled', 'dataset_consumes_1_and_2', 'dataset_consumes_unknown_never_scheduled', 'dataset_produces_2', 'dataset_produces_1']) retrieved from /home/jparep/miniconda3/envs/dbt-env/lib/python3.11/site-packages/airflow/example_dags/example_datasets.py
[2025-02-17T22:33:40.015-0700] {logging_mixin.py:154} INFO - [2025-02-17T22:33:40.015-0700] {dag.py:2941} INFO - Sync 6 DAGs
[2025-02-17T22:33:40.032-0700] {logging_mixin.py:154} INFO - [2025-02-17T22:33:40.032-0700] {dag.py:3722} INFO - Setting next_dagrun for dataset_consumes_1 to None, run_after=None
[2025-02-17T22:33:40.035-0700] {logging_mixin.py:154} INFO - [2025-02-17T22:33:40.035-0700] {dag.py:3722} INFO - Setting next_dagrun for dataset_consumes_1_and_2 to None, run_after=None
[2025-02-17T22:33:40.036-0700] {logging_mixin.py:154} INFO - [2025-02-17T22:33:40.035-0700] {dag.py:3722} INFO - Setting next_dagrun for dataset_consumes_1_never_scheduled to None, run_after=None
[2025-02-17T22:33:40.036-0700] {logging_mixin.py:154} INFO - [2025-02-17T22:33:40.036-0700] {dag.py:3722} INFO - Setting next_dagrun for dataset_consumes_unknown_never_scheduled to None, run_after=None
[2025-02-17T22:33:40.039-0700] {logging_mixin.py:154} INFO - [2025-02-17T22:33:40.038-0700] {dag.py:3722} INFO - Setting next_dagrun for dataset_produces_1 to 2025-02-17T00:00:00+00:00, run_after=2025-02-18T00:00:00+00:00
[2025-02-17T22:33:40.039-0700] {logging_mixin.py:154} INFO - [2025-02-17T22:33:40.039-0700] {dag.py:3722} INFO - Setting next_dagrun for dataset_produces_2 to None, run_after=None
[2025-02-17T22:33:40.073-0700] {processor.py:179} INFO - Processing /home/jparep/miniconda3/envs/dbt-env/lib/python3.11/site-packages/airflow/example_dags/example_datasets.py took 0.093 seconds
[2025-02-17T22:34:32.606-0700] {processor.py:157} INFO - Started process (PID=157689) to work on /home/jparep/miniconda3/envs/dbt-env/lib/python3.11/site-packages/airflow/example_dags/example_datasets.py
[2025-02-17T22:34:32.608-0700] {processor.py:829} INFO - Processing file /home/jparep/miniconda3/envs/dbt-env/lib/python3.11/site-packages/airflow/example_dags/example_datasets.py for tasks to queue
[2025-02-17T22:34:32.608-0700] {logging_mixin.py:154} INFO - [2025-02-17T22:34:32.608-0700] {dagbag.py:536} INFO - Filling up the DagBag from /home/jparep/miniconda3/envs/dbt-env/lib/python3.11/site-packages/airflow/example_dags/example_datasets.py
[2025-02-17T22:34:32.616-0700] {processor.py:839} INFO - DAG(s) dict_keys(['dataset_produces_2', 'dataset_consumes_1', 'dataset_consumes_1_never_scheduled', 'dataset_consumes_1_and_2', 'dataset_produces_1', 'dataset_consumes_unknown_never_scheduled']) retrieved from /home/jparep/miniconda3/envs/dbt-env/lib/python3.11/site-packages/airflow/example_dags/example_datasets.py
[2025-02-17T22:34:32.635-0700] {logging_mixin.py:154} INFO - [2025-02-17T22:34:32.635-0700] {dag.py:2941} INFO - Sync 6 DAGs
[2025-02-17T22:34:32.649-0700] {logging_mixin.py:154} INFO - [2025-02-17T22:34:32.649-0700] {dag.py:3722} INFO - Setting next_dagrun for dataset_consumes_1 to None, run_after=None
[2025-02-17T22:34:32.651-0700] {logging_mixin.py:154} INFO - [2025-02-17T22:34:32.651-0700] {dag.py:3722} INFO - Setting next_dagrun for dataset_consumes_1_and_2 to None, run_after=None
[2025-02-17T22:34:32.652-0700] {logging_mixin.py:154} INFO - [2025-02-17T22:34:32.652-0700] {dag.py:3722} INFO - Setting next_dagrun for dataset_consumes_1_never_scheduled to None, run_after=None
[2025-02-17T22:34:32.653-0700] {logging_mixin.py:154} INFO - [2025-02-17T22:34:32.652-0700] {dag.py:3722} INFO - Setting next_dagrun for dataset_consumes_unknown_never_scheduled to None, run_after=None
[2025-02-17T22:34:32.654-0700] {logging_mixin.py:154} INFO - [2025-02-17T22:34:32.654-0700] {dag.py:3722} INFO - Setting next_dagrun for dataset_produces_1 to 2025-02-17T00:00:00+00:00, run_after=2025-02-18T00:00:00+00:00
[2025-02-17T22:34:32.655-0700] {logging_mixin.py:154} INFO - [2025-02-17T22:34:32.655-0700] {dag.py:3722} INFO - Setting next_dagrun for dataset_produces_2 to None, run_after=None
[2025-02-17T22:34:32.675-0700] {processor.py:179} INFO - Processing /home/jparep/miniconda3/envs/dbt-env/lib/python3.11/site-packages/airflow/example_dags/example_datasets.py took 0.073 seconds
[2025-02-17T22:35:25.140-0700] {processor.py:157} INFO - Started process (PID=158141) to work on /home/jparep/miniconda3/envs/dbt-env/lib/python3.11/site-packages/airflow/example_dags/example_datasets.py
[2025-02-17T22:35:25.143-0700] {processor.py:829} INFO - Processing file /home/jparep/miniconda3/envs/dbt-env/lib/python3.11/site-packages/airflow/example_dags/example_datasets.py for tasks to queue
[2025-02-17T22:35:25.144-0700] {logging_mixin.py:154} INFO - [2025-02-17T22:35:25.144-0700] {dagbag.py:536} INFO - Filling up the DagBag from /home/jparep/miniconda3/envs/dbt-env/lib/python3.11/site-packages/airflow/example_dags/example_datasets.py
[2025-02-17T22:35:25.157-0700] {processor.py:839} INFO - DAG(s) dict_keys(['dataset_produces_2', 'dataset_produces_1', 'dataset_consumes_1_never_scheduled', 'dataset_consumes_unknown_never_scheduled', 'dataset_consumes_1_and_2', 'dataset_consumes_1']) retrieved from /home/jparep/miniconda3/envs/dbt-env/lib/python3.11/site-packages/airflow/example_dags/example_datasets.py
[2025-02-17T22:35:25.191-0700] {logging_mixin.py:154} INFO - [2025-02-17T22:35:25.191-0700] {dag.py:2941} INFO - Sync 6 DAGs
[2025-02-17T22:35:25.212-0700] {logging_mixin.py:154} INFO - [2025-02-17T22:35:25.212-0700] {dag.py:3722} INFO - Setting next_dagrun for dataset_consumes_1 to None, run_after=None
[2025-02-17T22:35:25.215-0700] {logging_mixin.py:154} INFO - [2025-02-17T22:35:25.215-0700] {dag.py:3722} INFO - Setting next_dagrun for dataset_consumes_1_and_2 to None, run_after=None
[2025-02-17T22:35:25.216-0700] {logging_mixin.py:154} INFO - [2025-02-17T22:35:25.216-0700] {dag.py:3722} INFO - Setting next_dagrun for dataset_consumes_1_never_scheduled to None, run_after=None
[2025-02-17T22:35:25.217-0700] {logging_mixin.py:154} INFO - [2025-02-17T22:35:25.217-0700] {dag.py:3722} INFO - Setting next_dagrun for dataset_consumes_unknown_never_scheduled to None, run_after=None
[2025-02-17T22:35:25.219-0700] {logging_mixin.py:154} INFO - [2025-02-17T22:35:25.219-0700] {dag.py:3722} INFO - Setting next_dagrun for dataset_produces_1 to 2025-02-17T00:00:00+00:00, run_after=2025-02-18T00:00:00+00:00
[2025-02-17T22:35:25.220-0700] {logging_mixin.py:154} INFO - [2025-02-17T22:35:25.220-0700] {dag.py:3722} INFO - Setting next_dagrun for dataset_produces_2 to None, run_after=None
[2025-02-17T22:35:25.246-0700] {processor.py:179} INFO - Processing /home/jparep/miniconda3/envs/dbt-env/lib/python3.11/site-packages/airflow/example_dags/example_datasets.py took 0.110 seconds
[2025-02-17T22:36:06.346-0700] {processor.py:157} INFO - Started process (PID=158582) to work on /home/jparep/miniconda3/envs/dbt-env/lib/python3.11/site-packages/airflow/example_dags/example_datasets.py
[2025-02-17T22:36:06.348-0700] {processor.py:829} INFO - Processing file /home/jparep/miniconda3/envs/dbt-env/lib/python3.11/site-packages/airflow/example_dags/example_datasets.py for tasks to queue
[2025-02-17T22:36:06.349-0700] {logging_mixin.py:154} INFO - [2025-02-17T22:36:06.348-0700] {dagbag.py:536} INFO - Filling up the DagBag from /home/jparep/miniconda3/envs/dbt-env/lib/python3.11/site-packages/airflow/example_dags/example_datasets.py
[2025-02-17T22:36:06.363-0700] {processor.py:839} INFO - DAG(s) dict_keys(['dataset_produces_1', 'dataset_consumes_unknown_never_scheduled', 'dataset_produces_2', 'dataset_consumes_1', 'dataset_consumes_1_and_2', 'dataset_consumes_1_never_scheduled']) retrieved from /home/jparep/miniconda3/envs/dbt-env/lib/python3.11/site-packages/airflow/example_dags/example_datasets.py
[2025-02-17T22:36:06.385-0700] {logging_mixin.py:154} INFO - [2025-02-17T22:36:06.385-0700] {dag.py:2941} INFO - Sync 6 DAGs
[2025-02-17T22:36:06.405-0700] {logging_mixin.py:154} INFO - [2025-02-17T22:36:06.405-0700] {dag.py:3722} INFO - Setting next_dagrun for dataset_consumes_1 to None, run_after=None
[2025-02-17T22:36:06.409-0700] {logging_mixin.py:154} INFO - [2025-02-17T22:36:06.409-0700] {dag.py:3722} INFO - Setting next_dagrun for dataset_consumes_1_and_2 to None, run_after=None
[2025-02-17T22:36:06.412-0700] {logging_mixin.py:154} INFO - [2025-02-17T22:36:06.412-0700] {dag.py:3722} INFO - Setting next_dagrun for dataset_consumes_1_never_scheduled to None, run_after=None
[2025-02-17T22:36:06.413-0700] {logging_mixin.py:154} INFO - [2025-02-17T22:36:06.412-0700] {dag.py:3722} INFO - Setting next_dagrun for dataset_consumes_unknown_never_scheduled to None, run_after=None
[2025-02-17T22:36:06.415-0700] {logging_mixin.py:154} INFO - [2025-02-17T22:36:06.415-0700] {dag.py:3722} INFO - Setting next_dagrun for dataset_produces_1 to 2025-02-17T00:00:00+00:00, run_after=2025-02-18T00:00:00+00:00
[2025-02-17T22:36:06.416-0700] {logging_mixin.py:154} INFO - [2025-02-17T22:36:06.416-0700] {dag.py:3722} INFO - Setting next_dagrun for dataset_produces_2 to None, run_after=None
[2025-02-17T22:36:06.458-0700] {processor.py:179} INFO - Processing /home/jparep/miniconda3/envs/dbt-env/lib/python3.11/site-packages/airflow/example_dags/example_datasets.py took 0.117 seconds
[2025-02-17T22:36:50.276-0700] {processor.py:157} INFO - Started process (PID=159022) to work on /home/jparep/miniconda3/envs/dbt-env/lib/python3.11/site-packages/airflow/example_dags/example_datasets.py
[2025-02-17T22:36:50.279-0700] {processor.py:829} INFO - Processing file /home/jparep/miniconda3/envs/dbt-env/lib/python3.11/site-packages/airflow/example_dags/example_datasets.py for tasks to queue
[2025-02-17T22:36:50.280-0700] {logging_mixin.py:154} INFO - [2025-02-17T22:36:50.280-0700] {dagbag.py:536} INFO - Filling up the DagBag from /home/jparep/miniconda3/envs/dbt-env/lib/python3.11/site-packages/airflow/example_dags/example_datasets.py
[2025-02-17T22:36:50.297-0700] {processor.py:839} INFO - DAG(s) dict_keys(['dataset_produces_1', 'dataset_consumes_1_never_scheduled', 'dataset_consumes_1_and_2', 'dataset_consumes_unknown_never_scheduled', 'dataset_produces_2', 'dataset_consumes_1']) retrieved from /home/jparep/miniconda3/envs/dbt-env/lib/python3.11/site-packages/airflow/example_dags/example_datasets.py
[2025-02-17T22:36:50.335-0700] {logging_mixin.py:154} INFO - [2025-02-17T22:36:50.335-0700] {dag.py:2941} INFO - Sync 6 DAGs
[2025-02-17T22:36:50.359-0700] {logging_mixin.py:154} INFO - [2025-02-17T22:36:50.358-0700] {dag.py:3722} INFO - Setting next_dagrun for dataset_consumes_1 to None, run_after=None
[2025-02-17T22:36:50.361-0700] {logging_mixin.py:154} INFO - [2025-02-17T22:36:50.361-0700] {dag.py:3722} INFO - Setting next_dagrun for dataset_consumes_1_and_2 to None, run_after=None
[2025-02-17T22:36:50.362-0700] {logging_mixin.py:154} INFO - [2025-02-17T22:36:50.362-0700] {dag.py:3722} INFO - Setting next_dagrun for dataset_consumes_1_never_scheduled to None, run_after=None
[2025-02-17T22:36:50.362-0700] {logging_mixin.py:154} INFO - [2025-02-17T22:36:50.362-0700] {dag.py:3722} INFO - Setting next_dagrun for dataset_consumes_unknown_never_scheduled to None, run_after=None
[2025-02-17T22:36:50.364-0700] {logging_mixin.py:154} INFO - [2025-02-17T22:36:50.364-0700] {dag.py:3722} INFO - Setting next_dagrun for dataset_produces_1 to 2025-02-17T00:00:00+00:00, run_after=2025-02-18T00:00:00+00:00
[2025-02-17T22:36:50.365-0700] {logging_mixin.py:154} INFO - [2025-02-17T22:36:50.365-0700] {dag.py:3722} INFO - Setting next_dagrun for dataset_produces_2 to None, run_after=None
[2025-02-17T22:36:50.391-0700] {processor.py:179} INFO - Processing /home/jparep/miniconda3/envs/dbt-env/lib/python3.11/site-packages/airflow/example_dags/example_datasets.py took 0.120 seconds
[2025-02-17T22:37:44.475-0700] {processor.py:157} INFO - Started process (PID=159996) to work on /home/jparep/miniconda3/envs/dbt-env/lib/python3.11/site-packages/airflow/example_dags/example_datasets.py
[2025-02-17T22:37:44.478-0700] {processor.py:829} INFO - Processing file /home/jparep/miniconda3/envs/dbt-env/lib/python3.11/site-packages/airflow/example_dags/example_datasets.py for tasks to queue
[2025-02-17T22:37:44.479-0700] {logging_mixin.py:154} INFO - [2025-02-17T22:37:44.478-0700] {dagbag.py:536} INFO - Filling up the DagBag from /home/jparep/miniconda3/envs/dbt-env/lib/python3.11/site-packages/airflow/example_dags/example_datasets.py
[2025-02-17T22:37:44.494-0700] {processor.py:839} INFO - DAG(s) dict_keys(['dataset_consumes_1', 'dataset_consumes_1_and_2', 'dataset_consumes_1_never_scheduled', 'dataset_produces_1', 'dataset_produces_2', 'dataset_consumes_unknown_never_scheduled']) retrieved from /home/jparep/miniconda3/envs/dbt-env/lib/python3.11/site-packages/airflow/example_dags/example_datasets.py
[2025-02-17T22:37:44.525-0700] {logging_mixin.py:154} INFO - [2025-02-17T22:37:44.525-0700] {dag.py:2941} INFO - Sync 6 DAGs
[2025-02-17T22:37:44.550-0700] {logging_mixin.py:154} INFO - [2025-02-17T22:37:44.550-0700] {dag.py:3722} INFO - Setting next_dagrun for dataset_consumes_1 to None, run_after=None
[2025-02-17T22:37:44.553-0700] {logging_mixin.py:154} INFO - [2025-02-17T22:37:44.553-0700] {dag.py:3722} INFO - Setting next_dagrun for dataset_consumes_1_and_2 to None, run_after=None
[2025-02-17T22:37:44.555-0700] {logging_mixin.py:154} INFO - [2025-02-17T22:37:44.555-0700] {dag.py:3722} INFO - Setting next_dagrun for dataset_consumes_1_never_scheduled to None, run_after=None
[2025-02-17T22:37:44.556-0700] {logging_mixin.py:154} INFO - [2025-02-17T22:37:44.556-0700] {dag.py:3722} INFO - Setting next_dagrun for dataset_consumes_unknown_never_scheduled to None, run_after=None
[2025-02-17T22:37:44.558-0700] {logging_mixin.py:154} INFO - [2025-02-17T22:37:44.557-0700] {dag.py:3722} INFO - Setting next_dagrun for dataset_produces_1 to 2025-02-17T00:00:00+00:00, run_after=2025-02-18T00:00:00+00:00
[2025-02-17T22:37:44.558-0700] {logging_mixin.py:154} INFO - [2025-02-17T22:37:44.558-0700] {dag.py:3722} INFO - Setting next_dagrun for dataset_produces_2 to None, run_after=None
[2025-02-17T22:37:44.582-0700] {processor.py:179} INFO - Processing /home/jparep/miniconda3/envs/dbt-env/lib/python3.11/site-packages/airflow/example_dags/example_datasets.py took 0.112 seconds
[2025-02-17T22:38:37.338-0700] {processor.py:157} INFO - Started process (PID=160644) to work on /home/jparep/miniconda3/envs/dbt-env/lib/python3.11/site-packages/airflow/example_dags/example_datasets.py
[2025-02-17T22:38:37.341-0700] {processor.py:829} INFO - Processing file /home/jparep/miniconda3/envs/dbt-env/lib/python3.11/site-packages/airflow/example_dags/example_datasets.py for tasks to queue
[2025-02-17T22:38:37.342-0700] {logging_mixin.py:154} INFO - [2025-02-17T22:38:37.341-0700] {dagbag.py:536} INFO - Filling up the DagBag from /home/jparep/miniconda3/envs/dbt-env/lib/python3.11/site-packages/airflow/example_dags/example_datasets.py
[2025-02-17T22:38:37.355-0700] {processor.py:839} INFO - DAG(s) dict_keys(['dataset_consumes_1', 'dataset_consumes_1_never_scheduled', 'dataset_produces_1', 'dataset_consumes_1_and_2', 'dataset_produces_2', 'dataset_consumes_unknown_never_scheduled']) retrieved from /home/jparep/miniconda3/envs/dbt-env/lib/python3.11/site-packages/airflow/example_dags/example_datasets.py
[2025-02-17T22:38:37.376-0700] {logging_mixin.py:154} INFO - [2025-02-17T22:38:37.376-0700] {dag.py:2941} INFO - Sync 6 DAGs
[2025-02-17T22:38:37.390-0700] {logging_mixin.py:154} INFO - [2025-02-17T22:38:37.389-0700] {dag.py:3722} INFO - Setting next_dagrun for dataset_consumes_1 to None, run_after=None
[2025-02-17T22:38:37.391-0700] {logging_mixin.py:154} INFO - [2025-02-17T22:38:37.391-0700] {dag.py:3722} INFO - Setting next_dagrun for dataset_consumes_1_and_2 to None, run_after=None
[2025-02-17T22:38:37.392-0700] {logging_mixin.py:154} INFO - [2025-02-17T22:38:37.392-0700] {dag.py:3722} INFO - Setting next_dagrun for dataset_consumes_1_never_scheduled to None, run_after=None
[2025-02-17T22:38:37.393-0700] {logging_mixin.py:154} INFO - [2025-02-17T22:38:37.393-0700] {dag.py:3722} INFO - Setting next_dagrun for dataset_consumes_unknown_never_scheduled to None, run_after=None
[2025-02-17T22:38:37.394-0700] {logging_mixin.py:154} INFO - [2025-02-17T22:38:37.394-0700] {dag.py:3722} INFO - Setting next_dagrun for dataset_produces_1 to 2025-02-17T00:00:00+00:00, run_after=2025-02-18T00:00:00+00:00
[2025-02-17T22:38:37.395-0700] {logging_mixin.py:154} INFO - [2025-02-17T22:38:37.395-0700] {dag.py:3722} INFO - Setting next_dagrun for dataset_produces_2 to None, run_after=None
[2025-02-17T22:38:37.417-0700] {processor.py:179} INFO - Processing /home/jparep/miniconda3/envs/dbt-env/lib/python3.11/site-packages/airflow/example_dags/example_datasets.py took 0.082 seconds
[2025-02-17T22:39:30.418-0700] {processor.py:157} INFO - Started process (PID=161203) to work on /home/jparep/miniconda3/envs/dbt-env/lib/python3.11/site-packages/airflow/example_dags/example_datasets.py
[2025-02-17T22:39:30.419-0700] {processor.py:829} INFO - Processing file /home/jparep/miniconda3/envs/dbt-env/lib/python3.11/site-packages/airflow/example_dags/example_datasets.py for tasks to queue
[2025-02-17T22:39:30.420-0700] {logging_mixin.py:154} INFO - [2025-02-17T22:39:30.420-0700] {dagbag.py:536} INFO - Filling up the DagBag from /home/jparep/miniconda3/envs/dbt-env/lib/python3.11/site-packages/airflow/example_dags/example_datasets.py
[2025-02-17T22:39:30.431-0700] {processor.py:839} INFO - DAG(s) dict_keys(['dataset_consumes_1', 'dataset_consumes_unknown_never_scheduled', 'dataset_produces_1', 'dataset_produces_2', 'dataset_consumes_1_never_scheduled', 'dataset_consumes_1_and_2']) retrieved from /home/jparep/miniconda3/envs/dbt-env/lib/python3.11/site-packages/airflow/example_dags/example_datasets.py
[2025-02-17T22:39:30.451-0700] {logging_mixin.py:154} INFO - [2025-02-17T22:39:30.451-0700] {dag.py:2941} INFO - Sync 6 DAGs
[2025-02-17T22:39:30.466-0700] {logging_mixin.py:154} INFO - [2025-02-17T22:39:30.466-0700] {dag.py:3722} INFO - Setting next_dagrun for dataset_consumes_1 to None, run_after=None
[2025-02-17T22:39:30.469-0700] {logging_mixin.py:154} INFO - [2025-02-17T22:39:30.469-0700] {dag.py:3722} INFO - Setting next_dagrun for dataset_consumes_1_and_2 to None, run_after=None
[2025-02-17T22:39:30.469-0700] {logging_mixin.py:154} INFO - [2025-02-17T22:39:30.469-0700] {dag.py:3722} INFO - Setting next_dagrun for dataset_consumes_1_never_scheduled to None, run_after=None
[2025-02-17T22:39:30.470-0700] {logging_mixin.py:154} INFO - [2025-02-17T22:39:30.470-0700] {dag.py:3722} INFO - Setting next_dagrun for dataset_consumes_unknown_never_scheduled to None, run_after=None
[2025-02-17T22:39:30.471-0700] {logging_mixin.py:154} INFO - [2025-02-17T22:39:30.471-0700] {dag.py:3722} INFO - Setting next_dagrun for dataset_produces_1 to 2025-02-17T00:00:00+00:00, run_after=2025-02-18T00:00:00+00:00
[2025-02-17T22:39:30.472-0700] {logging_mixin.py:154} INFO - [2025-02-17T22:39:30.472-0700] {dag.py:3722} INFO - Setting next_dagrun for dataset_produces_2 to None, run_after=None
[2025-02-17T22:39:30.493-0700] {processor.py:179} INFO - Processing /home/jparep/miniconda3/envs/dbt-env/lib/python3.11/site-packages/airflow/example_dags/example_datasets.py took 0.078 seconds
[2025-02-17T22:40:27.421-0700] {processor.py:157} INFO - Started process (PID=161665) to work on /home/jparep/miniconda3/envs/dbt-env/lib/python3.11/site-packages/airflow/example_dags/example_datasets.py
[2025-02-17T22:40:27.424-0700] {processor.py:829} INFO - Processing file /home/jparep/miniconda3/envs/dbt-env/lib/python3.11/site-packages/airflow/example_dags/example_datasets.py for tasks to queue
[2025-02-17T22:40:27.425-0700] {logging_mixin.py:154} INFO - [2025-02-17T22:40:27.425-0700] {dagbag.py:536} INFO - Filling up the DagBag from /home/jparep/miniconda3/envs/dbt-env/lib/python3.11/site-packages/airflow/example_dags/example_datasets.py
[2025-02-17T22:40:27.441-0700] {processor.py:839} INFO - DAG(s) dict_keys(['dataset_consumes_1', 'dataset_consumes_1_never_scheduled', 'dataset_produces_2', 'dataset_consumes_1_and_2', 'dataset_produces_1', 'dataset_consumes_unknown_never_scheduled']) retrieved from /home/jparep/miniconda3/envs/dbt-env/lib/python3.11/site-packages/airflow/example_dags/example_datasets.py
[2025-02-17T22:40:27.476-0700] {logging_mixin.py:154} INFO - [2025-02-17T22:40:27.476-0700] {dag.py:2941} INFO - Sync 6 DAGs
[2025-02-17T22:40:27.491-0700] {logging_mixin.py:154} INFO - [2025-02-17T22:40:27.491-0700] {dag.py:3722} INFO - Setting next_dagrun for dataset_consumes_1 to None, run_after=None
[2025-02-17T22:40:27.493-0700] {logging_mixin.py:154} INFO - [2025-02-17T22:40:27.493-0700] {dag.py:3722} INFO - Setting next_dagrun for dataset_consumes_1_and_2 to None, run_after=None
[2025-02-17T22:40:27.494-0700] {logging_mixin.py:154} INFO - [2025-02-17T22:40:27.494-0700] {dag.py:3722} INFO - Setting next_dagrun for dataset_consumes_1_never_scheduled to None, run_after=None
[2025-02-17T22:40:27.495-0700] {logging_mixin.py:154} INFO - [2025-02-17T22:40:27.495-0700] {dag.py:3722} INFO - Setting next_dagrun for dataset_consumes_unknown_never_scheduled to None, run_after=None
[2025-02-17T22:40:27.497-0700] {logging_mixin.py:154} INFO - [2025-02-17T22:40:27.496-0700] {dag.py:3722} INFO - Setting next_dagrun for dataset_produces_1 to 2025-02-17T00:00:00+00:00, run_after=2025-02-18T00:00:00+00:00
[2025-02-17T22:40:27.497-0700] {logging_mixin.py:154} INFO - [2025-02-17T22:40:27.497-0700] {dag.py:3722} INFO - Setting next_dagrun for dataset_produces_2 to None, run_after=None
[2025-02-17T22:40:27.525-0700] {processor.py:179} INFO - Processing /home/jparep/miniconda3/envs/dbt-env/lib/python3.11/site-packages/airflow/example_dags/example_datasets.py took 0.109 seconds
