[2025-02-17T22:16:00.198-0700] {processor.py:157} INFO - Started process (PID=148471) to work on /home/jparep/miniconda3/envs/dbt-env/lib/python3.11/site-packages/airflow/example_dags/example_setup_teardown.py
[2025-02-17T22:16:00.199-0700] {processor.py:829} INFO - Processing file /home/jparep/miniconda3/envs/dbt-env/lib/python3.11/site-packages/airflow/example_dags/example_setup_teardown.py for tasks to queue
[2025-02-17T22:16:00.199-0700] {logging_mixin.py:154} INFO - [2025-02-17T22:16:00.199-0700] {dagbag.py:536} INFO - Filling up the DagBag from /home/jparep/miniconda3/envs/dbt-env/lib/python3.11/site-packages/airflow/example_dags/example_setup_teardown.py
[2025-02-17T22:16:00.209-0700] {processor.py:839} INFO - DAG(s) dict_keys(['example_setup_teardown']) retrieved from /home/jparep/miniconda3/envs/dbt-env/lib/python3.11/site-packages/airflow/example_dags/example_setup_teardown.py
[2025-02-17T22:16:00.378-0700] {logging_mixin.py:154} INFO - [2025-02-17T22:16:00.378-0700] {manager.py:499} INFO - Created Permission View: %s
[2025-02-17T22:16:00.389-0700] {logging_mixin.py:154} INFO - [2025-02-17T22:16:00.388-0700] {manager.py:499} INFO - Created Permission View: %s
[2025-02-17T22:16:00.396-0700] {logging_mixin.py:154} INFO - [2025-02-17T22:16:00.395-0700] {manager.py:499} INFO - Created Permission View: %s
[2025-02-17T22:16:00.396-0700] {logging_mixin.py:154} INFO - [2025-02-17T22:16:00.396-0700] {dag.py:2941} INFO - Sync 1 DAGs
[2025-02-17T22:16:00.406-0700] {logging_mixin.py:154} INFO - [2025-02-17T22:16:00.406-0700] {dag.py:2963} INFO - Creating ORM DAG for example_setup_teardown
[2025-02-17T22:16:00.415-0700] {logging_mixin.py:154} INFO - [2025-02-17T22:16:00.415-0700] {dag.py:3722} INFO - Setting next_dagrun for example_setup_teardown to 2025-02-17T05:16:00.414957+00:00, run_after=2025-02-18T05:16:00.414957+00:00
[2025-02-17T22:16:00.440-0700] {processor.py:179} INFO - Processing /home/jparep/miniconda3/envs/dbt-env/lib/python3.11/site-packages/airflow/example_dags/example_setup_teardown.py took 0.245 seconds
[2025-02-17T22:16:55.196-0700] {processor.py:157} INFO - Started process (PID=148850) to work on /home/jparep/miniconda3/envs/dbt-env/lib/python3.11/site-packages/airflow/example_dags/example_setup_teardown.py
[2025-02-17T22:16:55.200-0700] {processor.py:829} INFO - Processing file /home/jparep/miniconda3/envs/dbt-env/lib/python3.11/site-packages/airflow/example_dags/example_setup_teardown.py for tasks to queue
[2025-02-17T22:16:55.202-0700] {logging_mixin.py:154} INFO - [2025-02-17T22:16:55.201-0700] {dagbag.py:536} INFO - Filling up the DagBag from /home/jparep/miniconda3/envs/dbt-env/lib/python3.11/site-packages/airflow/example_dags/example_setup_teardown.py
[2025-02-17T22:16:55.219-0700] {processor.py:839} INFO - DAG(s) dict_keys(['example_setup_teardown']) retrieved from /home/jparep/miniconda3/envs/dbt-env/lib/python3.11/site-packages/airflow/example_dags/example_setup_teardown.py
[2025-02-17T22:16:55.244-0700] {logging_mixin.py:154} INFO - [2025-02-17T22:16:55.244-0700] {dag.py:2941} INFO - Sync 1 DAGs
[2025-02-17T22:16:55.358-0700] {logging_mixin.py:154} INFO - [2025-02-17T22:16:55.357-0700] {dag.py:3722} INFO - Setting next_dagrun for example_setup_teardown to 2025-02-17T05:16:55.357494+00:00, run_after=2025-02-18T05:16:55.357494+00:00
[2025-02-17T22:16:55.379-0700] {processor.py:179} INFO - Processing /home/jparep/miniconda3/envs/dbt-env/lib/python3.11/site-packages/airflow/example_dags/example_setup_teardown.py took 0.187 seconds
[2025-02-17T22:17:44.932-0700] {processor.py:157} INFO - Started process (PID=149314) to work on /home/jparep/miniconda3/envs/dbt-env/lib/python3.11/site-packages/airflow/example_dags/example_setup_teardown.py
[2025-02-17T22:17:44.935-0700] {processor.py:829} INFO - Processing file /home/jparep/miniconda3/envs/dbt-env/lib/python3.11/site-packages/airflow/example_dags/example_setup_teardown.py for tasks to queue
[2025-02-17T22:17:44.936-0700] {logging_mixin.py:154} INFO - [2025-02-17T22:17:44.936-0700] {dagbag.py:536} INFO - Filling up the DagBag from /home/jparep/miniconda3/envs/dbt-env/lib/python3.11/site-packages/airflow/example_dags/example_setup_teardown.py
[2025-02-17T22:17:45.066-0700] {processor.py:839} INFO - DAG(s) dict_keys(['example_setup_teardown']) retrieved from /home/jparep/miniconda3/envs/dbt-env/lib/python3.11/site-packages/airflow/example_dags/example_setup_teardown.py
[2025-02-17T22:17:45.084-0700] {logging_mixin.py:154} INFO - [2025-02-17T22:17:45.084-0700] {dag.py:2941} INFO - Sync 1 DAGs
[2025-02-17T22:17:45.101-0700] {logging_mixin.py:154} INFO - [2025-02-17T22:17:45.101-0700] {dag.py:3722} INFO - Setting next_dagrun for example_setup_teardown to 2025-02-17T05:17:45.101071+00:00, run_after=2025-02-18T05:17:45.101071+00:00
[2025-02-17T22:17:45.121-0700] {processor.py:179} INFO - Processing /home/jparep/miniconda3/envs/dbt-env/lib/python3.11/site-packages/airflow/example_dags/example_setup_teardown.py took 0.196 seconds
[2025-02-17T22:18:32.486-0700] {processor.py:157} INFO - Started process (PID=149799) to work on /home/jparep/miniconda3/envs/dbt-env/lib/python3.11/site-packages/airflow/example_dags/example_setup_teardown.py
[2025-02-17T22:18:32.487-0700] {processor.py:829} INFO - Processing file /home/jparep/miniconda3/envs/dbt-env/lib/python3.11/site-packages/airflow/example_dags/example_setup_teardown.py for tasks to queue
[2025-02-17T22:18:32.488-0700] {logging_mixin.py:154} INFO - [2025-02-17T22:18:32.488-0700] {dagbag.py:536} INFO - Filling up the DagBag from /home/jparep/miniconda3/envs/dbt-env/lib/python3.11/site-packages/airflow/example_dags/example_setup_teardown.py
[2025-02-17T22:18:32.496-0700] {processor.py:839} INFO - DAG(s) dict_keys(['example_setup_teardown']) retrieved from /home/jparep/miniconda3/envs/dbt-env/lib/python3.11/site-packages/airflow/example_dags/example_setup_teardown.py
[2025-02-17T22:18:32.511-0700] {logging_mixin.py:154} INFO - [2025-02-17T22:18:32.511-0700] {dag.py:2941} INFO - Sync 1 DAGs
[2025-02-17T22:18:32.528-0700] {logging_mixin.py:154} INFO - [2025-02-17T22:18:32.528-0700] {dag.py:3722} INFO - Setting next_dagrun for example_setup_teardown to 2025-02-17T05:18:32.528188+00:00, run_after=2025-02-18T05:18:32.528188+00:00
[2025-02-17T22:18:32.545-0700] {processor.py:179} INFO - Processing /home/jparep/miniconda3/envs/dbt-env/lib/python3.11/site-packages/airflow/example_dags/example_setup_teardown.py took 0.061 seconds
[2025-02-17T22:19:13.004-0700] {processor.py:157} INFO - Started process (PID=150069) to work on /home/jparep/miniconda3/envs/dbt-env/lib/python3.11/site-packages/airflow/example_dags/example_setup_teardown.py
[2025-02-17T22:19:13.007-0700] {processor.py:829} INFO - Processing file /home/jparep/miniconda3/envs/dbt-env/lib/python3.11/site-packages/airflow/example_dags/example_setup_teardown.py for tasks to queue
[2025-02-17T22:19:13.008-0700] {logging_mixin.py:154} INFO - [2025-02-17T22:19:13.007-0700] {dagbag.py:536} INFO - Filling up the DagBag from /home/jparep/miniconda3/envs/dbt-env/lib/python3.11/site-packages/airflow/example_dags/example_setup_teardown.py
[2025-02-17T22:19:13.023-0700] {processor.py:839} INFO - DAG(s) dict_keys(['example_setup_teardown']) retrieved from /home/jparep/miniconda3/envs/dbt-env/lib/python3.11/site-packages/airflow/example_dags/example_setup_teardown.py
[2025-02-17T22:19:13.038-0700] {logging_mixin.py:154} INFO - [2025-02-17T22:19:13.038-0700] {dag.py:2941} INFO - Sync 1 DAGs
[2025-02-17T22:19:13.055-0700] {logging_mixin.py:154} INFO - [2025-02-17T22:19:13.055-0700] {dag.py:3722} INFO - Setting next_dagrun for example_setup_teardown to 2025-02-17T05:19:13.054872+00:00, run_after=2025-02-18T05:19:13.054872+00:00
[2025-02-17T22:19:13.075-0700] {processor.py:179} INFO - Processing /home/jparep/miniconda3/envs/dbt-env/lib/python3.11/site-packages/airflow/example_dags/example_setup_teardown.py took 0.077 seconds
[2025-02-17T22:19:53.653-0700] {processor.py:157} INFO - Started process (PID=150495) to work on /home/jparep/miniconda3/envs/dbt-env/lib/python3.11/site-packages/airflow/example_dags/example_setup_teardown.py
[2025-02-17T22:19:53.656-0700] {processor.py:829} INFO - Processing file /home/jparep/miniconda3/envs/dbt-env/lib/python3.11/site-packages/airflow/example_dags/example_setup_teardown.py for tasks to queue
[2025-02-17T22:19:53.657-0700] {logging_mixin.py:154} INFO - [2025-02-17T22:19:53.657-0700] {dagbag.py:536} INFO - Filling up the DagBag from /home/jparep/miniconda3/envs/dbt-env/lib/python3.11/site-packages/airflow/example_dags/example_setup_teardown.py
[2025-02-17T22:19:53.668-0700] {processor.py:839} INFO - DAG(s) dict_keys(['example_setup_teardown']) retrieved from /home/jparep/miniconda3/envs/dbt-env/lib/python3.11/site-packages/airflow/example_dags/example_setup_teardown.py
[2025-02-17T22:19:53.689-0700] {logging_mixin.py:154} INFO - [2025-02-17T22:19:53.689-0700] {dag.py:2941} INFO - Sync 1 DAGs
[2025-02-17T22:19:53.715-0700] {logging_mixin.py:154} INFO - [2025-02-17T22:19:53.715-0700] {dag.py:3722} INFO - Setting next_dagrun for example_setup_teardown to 2025-02-17T05:19:53.714940+00:00, run_after=2025-02-18T05:19:53.714940+00:00
[2025-02-17T22:19:53.744-0700] {processor.py:179} INFO - Processing /home/jparep/miniconda3/envs/dbt-env/lib/python3.11/site-packages/airflow/example_dags/example_setup_teardown.py took 0.095 seconds
[2025-02-17T22:20:31.680-0700] {processor.py:157} INFO - Started process (PID=150748) to work on /home/jparep/miniconda3/envs/dbt-env/lib/python3.11/site-packages/airflow/example_dags/example_setup_teardown.py
[2025-02-17T22:20:31.683-0700] {processor.py:829} INFO - Processing file /home/jparep/miniconda3/envs/dbt-env/lib/python3.11/site-packages/airflow/example_dags/example_setup_teardown.py for tasks to queue
[2025-02-17T22:20:31.684-0700] {logging_mixin.py:154} INFO - [2025-02-17T22:20:31.683-0700] {dagbag.py:536} INFO - Filling up the DagBag from /home/jparep/miniconda3/envs/dbt-env/lib/python3.11/site-packages/airflow/example_dags/example_setup_teardown.py
[2025-02-17T22:20:31.696-0700] {processor.py:839} INFO - DAG(s) dict_keys(['example_setup_teardown']) retrieved from /home/jparep/miniconda3/envs/dbt-env/lib/python3.11/site-packages/airflow/example_dags/example_setup_teardown.py
[2025-02-17T22:20:31.717-0700] {logging_mixin.py:154} INFO - [2025-02-17T22:20:31.717-0700] {dag.py:2941} INFO - Sync 1 DAGs
[2025-02-17T22:20:31.741-0700] {logging_mixin.py:154} INFO - [2025-02-17T22:20:31.741-0700] {dag.py:3722} INFO - Setting next_dagrun for example_setup_teardown to 2025-02-17T05:20:31.740705+00:00, run_after=2025-02-18T05:20:31.740705+00:00
[2025-02-17T22:20:31.769-0700] {processor.py:179} INFO - Processing /home/jparep/miniconda3/envs/dbt-env/lib/python3.11/site-packages/airflow/example_dags/example_setup_teardown.py took 0.093 seconds
[2025-02-17T22:21:14.086-0700] {processor.py:157} INFO - Started process (PID=151177) to work on /home/jparep/miniconda3/envs/dbt-env/lib/python3.11/site-packages/airflow/example_dags/example_setup_teardown.py
[2025-02-17T22:21:14.088-0700] {processor.py:829} INFO - Processing file /home/jparep/miniconda3/envs/dbt-env/lib/python3.11/site-packages/airflow/example_dags/example_setup_teardown.py for tasks to queue
[2025-02-17T22:21:14.089-0700] {logging_mixin.py:154} INFO - [2025-02-17T22:21:14.089-0700] {dagbag.py:536} INFO - Filling up the DagBag from /home/jparep/miniconda3/envs/dbt-env/lib/python3.11/site-packages/airflow/example_dags/example_setup_teardown.py
[2025-02-17T22:21:14.102-0700] {processor.py:839} INFO - DAG(s) dict_keys(['example_setup_teardown']) retrieved from /home/jparep/miniconda3/envs/dbt-env/lib/python3.11/site-packages/airflow/example_dags/example_setup_teardown.py
[2025-02-17T22:21:14.126-0700] {logging_mixin.py:154} INFO - [2025-02-17T22:21:14.126-0700] {dag.py:2941} INFO - Sync 1 DAGs
[2025-02-17T22:21:14.147-0700] {logging_mixin.py:154} INFO - [2025-02-17T22:21:14.147-0700] {dag.py:3722} INFO - Setting next_dagrun for example_setup_teardown to 2025-02-17T05:21:14.147365+00:00, run_after=2025-02-18T05:21:14.147365+00:00
[2025-02-17T22:21:14.168-0700] {processor.py:179} INFO - Processing /home/jparep/miniconda3/envs/dbt-env/lib/python3.11/site-packages/airflow/example_dags/example_setup_teardown.py took 0.086 seconds
[2025-02-17T22:22:02.557-0700] {processor.py:157} INFO - Started process (PID=151621) to work on /home/jparep/miniconda3/envs/dbt-env/lib/python3.11/site-packages/airflow/example_dags/example_setup_teardown.py
[2025-02-17T22:22:02.559-0700] {processor.py:829} INFO - Processing file /home/jparep/miniconda3/envs/dbt-env/lib/python3.11/site-packages/airflow/example_dags/example_setup_teardown.py for tasks to queue
[2025-02-17T22:22:02.560-0700] {logging_mixin.py:154} INFO - [2025-02-17T22:22:02.560-0700] {dagbag.py:536} INFO - Filling up the DagBag from /home/jparep/miniconda3/envs/dbt-env/lib/python3.11/site-packages/airflow/example_dags/example_setup_teardown.py
[2025-02-17T22:22:02.569-0700] {processor.py:839} INFO - DAG(s) dict_keys(['example_setup_teardown']) retrieved from /home/jparep/miniconda3/envs/dbt-env/lib/python3.11/site-packages/airflow/example_dags/example_setup_teardown.py
[2025-02-17T22:22:02.585-0700] {logging_mixin.py:154} INFO - [2025-02-17T22:22:02.585-0700] {dag.py:2941} INFO - Sync 1 DAGs
[2025-02-17T22:22:02.602-0700] {logging_mixin.py:154} INFO - [2025-02-17T22:22:02.602-0700] {dag.py:3722} INFO - Setting next_dagrun for example_setup_teardown to 2025-02-17T05:22:02.601814+00:00, run_after=2025-02-18T05:22:02.601814+00:00
[2025-02-17T22:22:02.622-0700] {processor.py:179} INFO - Processing /home/jparep/miniconda3/envs/dbt-env/lib/python3.11/site-packages/airflow/example_dags/example_setup_teardown.py took 0.068 seconds
[2025-02-17T22:22:56.405-0700] {processor.py:157} INFO - Started process (PID=151988) to work on /home/jparep/miniconda3/envs/dbt-env/lib/python3.11/site-packages/airflow/example_dags/example_setup_teardown.py
[2025-02-17T22:22:56.406-0700] {processor.py:829} INFO - Processing file /home/jparep/miniconda3/envs/dbt-env/lib/python3.11/site-packages/airflow/example_dags/example_setup_teardown.py for tasks to queue
[2025-02-17T22:22:56.407-0700] {logging_mixin.py:154} INFO - [2025-02-17T22:22:56.407-0700] {dagbag.py:536} INFO - Filling up the DagBag from /home/jparep/miniconda3/envs/dbt-env/lib/python3.11/site-packages/airflow/example_dags/example_setup_teardown.py
[2025-02-17T22:22:56.418-0700] {processor.py:839} INFO - DAG(s) dict_keys(['example_setup_teardown']) retrieved from /home/jparep/miniconda3/envs/dbt-env/lib/python3.11/site-packages/airflow/example_dags/example_setup_teardown.py
[2025-02-17T22:22:56.438-0700] {logging_mixin.py:154} INFO - [2025-02-17T22:22:56.438-0700] {dag.py:2941} INFO - Sync 1 DAGs
[2025-02-17T22:22:56.462-0700] {logging_mixin.py:154} INFO - [2025-02-17T22:22:56.461-0700] {dag.py:3722} INFO - Setting next_dagrun for example_setup_teardown to 2025-02-17T05:22:56.461642+00:00, run_after=2025-02-18T05:22:56.461642+00:00
[2025-02-17T22:22:56.493-0700] {processor.py:179} INFO - Processing /home/jparep/miniconda3/envs/dbt-env/lib/python3.11/site-packages/airflow/example_dags/example_setup_teardown.py took 0.093 seconds
[2025-02-17T22:23:51.124-0700] {processor.py:157} INFO - Started process (PID=152474) to work on /home/jparep/miniconda3/envs/dbt-env/lib/python3.11/site-packages/airflow/example_dags/example_setup_teardown.py
[2025-02-17T22:23:51.125-0700] {processor.py:829} INFO - Processing file /home/jparep/miniconda3/envs/dbt-env/lib/python3.11/site-packages/airflow/example_dags/example_setup_teardown.py for tasks to queue
[2025-02-17T22:23:51.126-0700] {logging_mixin.py:154} INFO - [2025-02-17T22:23:51.126-0700] {dagbag.py:536} INFO - Filling up the DagBag from /home/jparep/miniconda3/envs/dbt-env/lib/python3.11/site-packages/airflow/example_dags/example_setup_teardown.py
[2025-02-17T22:23:51.136-0700] {processor.py:839} INFO - DAG(s) dict_keys(['example_setup_teardown']) retrieved from /home/jparep/miniconda3/envs/dbt-env/lib/python3.11/site-packages/airflow/example_dags/example_setup_teardown.py
[2025-02-17T22:23:51.152-0700] {logging_mixin.py:154} INFO - [2025-02-17T22:23:51.152-0700] {dag.py:2941} INFO - Sync 1 DAGs
[2025-02-17T22:23:51.170-0700] {logging_mixin.py:154} INFO - [2025-02-17T22:23:51.169-0700] {dag.py:3722} INFO - Setting next_dagrun for example_setup_teardown to 2025-02-17T05:23:51.169423+00:00, run_after=2025-02-18T05:23:51.169423+00:00
[2025-02-17T22:23:51.196-0700] {processor.py:179} INFO - Processing /home/jparep/miniconda3/envs/dbt-env/lib/python3.11/site-packages/airflow/example_dags/example_setup_teardown.py took 0.075 seconds
[2025-02-17T22:24:45.392-0700] {processor.py:157} INFO - Started process (PID=152855) to work on /home/jparep/miniconda3/envs/dbt-env/lib/python3.11/site-packages/airflow/example_dags/example_setup_teardown.py
[2025-02-17T22:24:45.394-0700] {processor.py:829} INFO - Processing file /home/jparep/miniconda3/envs/dbt-env/lib/python3.11/site-packages/airflow/example_dags/example_setup_teardown.py for tasks to queue
[2025-02-17T22:24:45.395-0700] {logging_mixin.py:154} INFO - [2025-02-17T22:24:45.395-0700] {dagbag.py:536} INFO - Filling up the DagBag from /home/jparep/miniconda3/envs/dbt-env/lib/python3.11/site-packages/airflow/example_dags/example_setup_teardown.py
[2025-02-17T22:24:45.407-0700] {processor.py:839} INFO - DAG(s) dict_keys(['example_setup_teardown']) retrieved from /home/jparep/miniconda3/envs/dbt-env/lib/python3.11/site-packages/airflow/example_dags/example_setup_teardown.py
[2025-02-17T22:24:45.428-0700] {logging_mixin.py:154} INFO - [2025-02-17T22:24:45.428-0700] {dag.py:2941} INFO - Sync 1 DAGs
[2025-02-17T22:24:45.450-0700] {logging_mixin.py:154} INFO - [2025-02-17T22:24:45.450-0700] {dag.py:3722} INFO - Setting next_dagrun for example_setup_teardown to 2025-02-17T05:24:45.449871+00:00, run_after=2025-02-18T05:24:45.449871+00:00
[2025-02-17T22:24:45.478-0700] {processor.py:179} INFO - Processing /home/jparep/miniconda3/envs/dbt-env/lib/python3.11/site-packages/airflow/example_dags/example_setup_teardown.py took 0.091 seconds
[2025-02-17T22:25:38.897-0700] {processor.py:157} INFO - Started process (PID=153376) to work on /home/jparep/miniconda3/envs/dbt-env/lib/python3.11/site-packages/airflow/example_dags/example_setup_teardown.py
[2025-02-17T22:25:38.900-0700] {processor.py:829} INFO - Processing file /home/jparep/miniconda3/envs/dbt-env/lib/python3.11/site-packages/airflow/example_dags/example_setup_teardown.py for tasks to queue
[2025-02-17T22:25:38.901-0700] {logging_mixin.py:154} INFO - [2025-02-17T22:25:38.900-0700] {dagbag.py:536} INFO - Filling up the DagBag from /home/jparep/miniconda3/envs/dbt-env/lib/python3.11/site-packages/airflow/example_dags/example_setup_teardown.py
[2025-02-17T22:25:38.912-0700] {processor.py:839} INFO - DAG(s) dict_keys(['example_setup_teardown']) retrieved from /home/jparep/miniconda3/envs/dbt-env/lib/python3.11/site-packages/airflow/example_dags/example_setup_teardown.py
[2025-02-17T22:25:38.931-0700] {logging_mixin.py:154} INFO - [2025-02-17T22:25:38.930-0700] {dag.py:2941} INFO - Sync 1 DAGs
[2025-02-17T22:25:38.954-0700] {logging_mixin.py:154} INFO - [2025-02-17T22:25:38.954-0700] {dag.py:3722} INFO - Setting next_dagrun for example_setup_teardown to 2025-02-17T05:25:38.954205+00:00, run_after=2025-02-18T05:25:38.954205+00:00
[2025-02-17T22:25:38.976-0700] {processor.py:179} INFO - Processing /home/jparep/miniconda3/envs/dbt-env/lib/python3.11/site-packages/airflow/example_dags/example_setup_teardown.py took 0.083 seconds
[2025-02-17T22:26:21.652-0700] {processor.py:157} INFO - Started process (PID=153812) to work on /home/jparep/miniconda3/envs/dbt-env/lib/python3.11/site-packages/airflow/example_dags/example_setup_teardown.py
[2025-02-17T22:26:21.654-0700] {processor.py:829} INFO - Processing file /home/jparep/miniconda3/envs/dbt-env/lib/python3.11/site-packages/airflow/example_dags/example_setup_teardown.py for tasks to queue
[2025-02-17T22:26:21.655-0700] {logging_mixin.py:154} INFO - [2025-02-17T22:26:21.655-0700] {dagbag.py:536} INFO - Filling up the DagBag from /home/jparep/miniconda3/envs/dbt-env/lib/python3.11/site-packages/airflow/example_dags/example_setup_teardown.py
[2025-02-17T22:26:21.667-0700] {processor.py:839} INFO - DAG(s) dict_keys(['example_setup_teardown']) retrieved from /home/jparep/miniconda3/envs/dbt-env/lib/python3.11/site-packages/airflow/example_dags/example_setup_teardown.py
[2025-02-17T22:26:21.688-0700] {logging_mixin.py:154} INFO - [2025-02-17T22:26:21.688-0700] {dag.py:2941} INFO - Sync 1 DAGs
[2025-02-17T22:26:21.714-0700] {logging_mixin.py:154} INFO - [2025-02-17T22:26:21.713-0700] {dag.py:3722} INFO - Setting next_dagrun for example_setup_teardown to 2025-02-17T05:26:21.712904+00:00, run_after=2025-02-18T05:26:21.712904+00:00
[2025-02-17T22:26:21.743-0700] {processor.py:179} INFO - Processing /home/jparep/miniconda3/envs/dbt-env/lib/python3.11/site-packages/airflow/example_dags/example_setup_teardown.py took 0.095 seconds
[2025-02-17T22:27:12.738-0700] {processor.py:157} INFO - Started process (PID=154316) to work on /home/jparep/miniconda3/envs/dbt-env/lib/python3.11/site-packages/airflow/example_dags/example_setup_teardown.py
[2025-02-17T22:27:12.741-0700] {processor.py:829} INFO - Processing file /home/jparep/miniconda3/envs/dbt-env/lib/python3.11/site-packages/airflow/example_dags/example_setup_teardown.py for tasks to queue
[2025-02-17T22:27:12.742-0700] {logging_mixin.py:154} INFO - [2025-02-17T22:27:12.742-0700] {dagbag.py:536} INFO - Filling up the DagBag from /home/jparep/miniconda3/envs/dbt-env/lib/python3.11/site-packages/airflow/example_dags/example_setup_teardown.py
[2025-02-17T22:27:12.755-0700] {processor.py:839} INFO - DAG(s) dict_keys(['example_setup_teardown']) retrieved from /home/jparep/miniconda3/envs/dbt-env/lib/python3.11/site-packages/airflow/example_dags/example_setup_teardown.py
[2025-02-17T22:27:12.777-0700] {logging_mixin.py:154} INFO - [2025-02-17T22:27:12.776-0700] {dag.py:2941} INFO - Sync 1 DAGs
[2025-02-17T22:27:12.794-0700] {logging_mixin.py:154} INFO - [2025-02-17T22:27:12.794-0700] {dag.py:3722} INFO - Setting next_dagrun for example_setup_teardown to 2025-02-17T05:27:12.793781+00:00, run_after=2025-02-18T05:27:12.793781+00:00
[2025-02-17T22:27:12.814-0700] {processor.py:179} INFO - Processing /home/jparep/miniconda3/envs/dbt-env/lib/python3.11/site-packages/airflow/example_dags/example_setup_teardown.py took 0.080 seconds
[2025-02-17T22:27:51.427-0700] {processor.py:157} INFO - Started process (PID=154563) to work on /home/jparep/miniconda3/envs/dbt-env/lib/python3.11/site-packages/airflow/example_dags/example_setup_teardown.py
[2025-02-17T22:27:51.430-0700] {processor.py:829} INFO - Processing file /home/jparep/miniconda3/envs/dbt-env/lib/python3.11/site-packages/airflow/example_dags/example_setup_teardown.py for tasks to queue
[2025-02-17T22:27:51.431-0700] {logging_mixin.py:154} INFO - [2025-02-17T22:27:51.430-0700] {dagbag.py:536} INFO - Filling up the DagBag from /home/jparep/miniconda3/envs/dbt-env/lib/python3.11/site-packages/airflow/example_dags/example_setup_teardown.py
[2025-02-17T22:27:51.443-0700] {processor.py:839} INFO - DAG(s) dict_keys(['example_setup_teardown']) retrieved from /home/jparep/miniconda3/envs/dbt-env/lib/python3.11/site-packages/airflow/example_dags/example_setup_teardown.py
[2025-02-17T22:27:51.461-0700] {logging_mixin.py:154} INFO - [2025-02-17T22:27:51.461-0700] {dag.py:2941} INFO - Sync 1 DAGs
[2025-02-17T22:27:51.477-0700] {logging_mixin.py:154} INFO - [2025-02-17T22:27:51.477-0700] {dag.py:3722} INFO - Setting next_dagrun for example_setup_teardown to 2025-02-17T05:27:51.477338+00:00, run_after=2025-02-18T05:27:51.477338+00:00
[2025-02-17T22:27:51.497-0700] {processor.py:179} INFO - Processing /home/jparep/miniconda3/envs/dbt-env/lib/python3.11/site-packages/airflow/example_dags/example_setup_teardown.py took 0.075 seconds
[2025-02-17T22:28:47.511-0700] {processor.py:157} INFO - Started process (PID=154991) to work on /home/jparep/miniconda3/envs/dbt-env/lib/python3.11/site-packages/airflow/example_dags/example_setup_teardown.py
[2025-02-17T22:28:47.513-0700] {processor.py:829} INFO - Processing file /home/jparep/miniconda3/envs/dbt-env/lib/python3.11/site-packages/airflow/example_dags/example_setup_teardown.py for tasks to queue
[2025-02-17T22:28:47.515-0700] {logging_mixin.py:154} INFO - [2025-02-17T22:28:47.514-0700] {dagbag.py:536} INFO - Filling up the DagBag from /home/jparep/miniconda3/envs/dbt-env/lib/python3.11/site-packages/airflow/example_dags/example_setup_teardown.py
[2025-02-17T22:28:47.526-0700] {processor.py:839} INFO - DAG(s) dict_keys(['example_setup_teardown']) retrieved from /home/jparep/miniconda3/envs/dbt-env/lib/python3.11/site-packages/airflow/example_dags/example_setup_teardown.py
[2025-02-17T22:28:47.548-0700] {logging_mixin.py:154} INFO - [2025-02-17T22:28:47.547-0700] {dag.py:2941} INFO - Sync 1 DAGs
[2025-02-17T22:28:47.570-0700] {logging_mixin.py:154} INFO - [2025-02-17T22:28:47.570-0700] {dag.py:3722} INFO - Setting next_dagrun for example_setup_teardown to 2025-02-17T05:28:47.570129+00:00, run_after=2025-02-18T05:28:47.570129+00:00
[2025-02-17T22:28:47.591-0700] {processor.py:179} INFO - Processing /home/jparep/miniconda3/envs/dbt-env/lib/python3.11/site-packages/airflow/example_dags/example_setup_teardown.py took 0.085 seconds
[2025-02-17T22:29:28.308-0700] {processor.py:157} INFO - Started process (PID=155331) to work on /home/jparep/miniconda3/envs/dbt-env/lib/python3.11/site-packages/airflow/example_dags/example_setup_teardown.py
[2025-02-17T22:29:28.309-0700] {processor.py:829} INFO - Processing file /home/jparep/miniconda3/envs/dbt-env/lib/python3.11/site-packages/airflow/example_dags/example_setup_teardown.py for tasks to queue
[2025-02-17T22:29:28.310-0700] {logging_mixin.py:154} INFO - [2025-02-17T22:29:28.309-0700] {dagbag.py:536} INFO - Filling up the DagBag from /home/jparep/miniconda3/envs/dbt-env/lib/python3.11/site-packages/airflow/example_dags/example_setup_teardown.py
[2025-02-17T22:29:28.323-0700] {processor.py:839} INFO - DAG(s) dict_keys(['example_setup_teardown']) retrieved from /home/jparep/miniconda3/envs/dbt-env/lib/python3.11/site-packages/airflow/example_dags/example_setup_teardown.py
[2025-02-17T22:29:28.338-0700] {logging_mixin.py:154} INFO - [2025-02-17T22:29:28.337-0700] {dag.py:2941} INFO - Sync 1 DAGs
[2025-02-17T22:29:28.351-0700] {logging_mixin.py:154} INFO - [2025-02-17T22:29:28.351-0700] {dag.py:3722} INFO - Setting next_dagrun for example_setup_teardown to 2025-02-17T05:29:28.350880+00:00, run_after=2025-02-18T05:29:28.350880+00:00
[2025-02-17T22:29:28.365-0700] {processor.py:179} INFO - Processing /home/jparep/miniconda3/envs/dbt-env/lib/python3.11/site-packages/airflow/example_dags/example_setup_teardown.py took 0.062 seconds
[2025-02-17T22:30:10.422-0700] {processor.py:157} INFO - Started process (PID=155539) to work on /home/jparep/miniconda3/envs/dbt-env/lib/python3.11/site-packages/airflow/example_dags/example_setup_teardown.py
[2025-02-17T22:30:10.425-0700] {processor.py:829} INFO - Processing file /home/jparep/miniconda3/envs/dbt-env/lib/python3.11/site-packages/airflow/example_dags/example_setup_teardown.py for tasks to queue
[2025-02-17T22:30:10.427-0700] {logging_mixin.py:154} INFO - [2025-02-17T22:30:10.426-0700] {dagbag.py:536} INFO - Filling up the DagBag from /home/jparep/miniconda3/envs/dbt-env/lib/python3.11/site-packages/airflow/example_dags/example_setup_teardown.py
[2025-02-17T22:30:10.444-0700] {processor.py:839} INFO - DAG(s) dict_keys(['example_setup_teardown']) retrieved from /home/jparep/miniconda3/envs/dbt-env/lib/python3.11/site-packages/airflow/example_dags/example_setup_teardown.py
[2025-02-17T22:30:10.466-0700] {logging_mixin.py:154} INFO - [2025-02-17T22:30:10.466-0700] {dag.py:2941} INFO - Sync 1 DAGs
[2025-02-17T22:30:10.493-0700] {logging_mixin.py:154} INFO - [2025-02-17T22:30:10.493-0700] {dag.py:3722} INFO - Setting next_dagrun for example_setup_teardown to 2025-02-17T05:30:10.492994+00:00, run_after=2025-02-18T05:30:10.492994+00:00
[2025-02-17T22:30:10.528-0700] {processor.py:179} INFO - Processing /home/jparep/miniconda3/envs/dbt-env/lib/python3.11/site-packages/airflow/example_dags/example_setup_teardown.py took 0.110 seconds
[2025-02-17T22:30:48.047-0700] {processor.py:157} INFO - Started process (PID=155973) to work on /home/jparep/miniconda3/envs/dbt-env/lib/python3.11/site-packages/airflow/example_dags/example_setup_teardown.py
[2025-02-17T22:30:48.050-0700] {processor.py:829} INFO - Processing file /home/jparep/miniconda3/envs/dbt-env/lib/python3.11/site-packages/airflow/example_dags/example_setup_teardown.py for tasks to queue
[2025-02-17T22:30:48.051-0700] {logging_mixin.py:154} INFO - [2025-02-17T22:30:48.051-0700] {dagbag.py:536} INFO - Filling up the DagBag from /home/jparep/miniconda3/envs/dbt-env/lib/python3.11/site-packages/airflow/example_dags/example_setup_teardown.py
[2025-02-17T22:30:48.063-0700] {processor.py:839} INFO - DAG(s) dict_keys(['example_setup_teardown']) retrieved from /home/jparep/miniconda3/envs/dbt-env/lib/python3.11/site-packages/airflow/example_dags/example_setup_teardown.py
[2025-02-17T22:30:48.090-0700] {logging_mixin.py:154} INFO - [2025-02-17T22:30:48.089-0700] {dag.py:2941} INFO - Sync 1 DAGs
[2025-02-17T22:30:48.117-0700] {logging_mixin.py:154} INFO - [2025-02-17T22:30:48.117-0700] {dag.py:3722} INFO - Setting next_dagrun for example_setup_teardown to 2025-02-17T05:30:48.117273+00:00, run_after=2025-02-18T05:30:48.117273+00:00
[2025-02-17T22:30:48.144-0700] {processor.py:179} INFO - Processing /home/jparep/miniconda3/envs/dbt-env/lib/python3.11/site-packages/airflow/example_dags/example_setup_teardown.py took 0.101 seconds
[2025-02-17T22:31:42.004-0700] {processor.py:157} INFO - Started process (PID=156504) to work on /home/jparep/miniconda3/envs/dbt-env/lib/python3.11/site-packages/airflow/example_dags/example_setup_teardown.py
[2025-02-17T22:31:42.006-0700] {processor.py:829} INFO - Processing file /home/jparep/miniconda3/envs/dbt-env/lib/python3.11/site-packages/airflow/example_dags/example_setup_teardown.py for tasks to queue
[2025-02-17T22:31:42.007-0700] {logging_mixin.py:154} INFO - [2025-02-17T22:31:42.007-0700] {dagbag.py:536} INFO - Filling up the DagBag from /home/jparep/miniconda3/envs/dbt-env/lib/python3.11/site-packages/airflow/example_dags/example_setup_teardown.py
[2025-02-17T22:31:42.016-0700] {processor.py:839} INFO - DAG(s) dict_keys(['example_setup_teardown']) retrieved from /home/jparep/miniconda3/envs/dbt-env/lib/python3.11/site-packages/airflow/example_dags/example_setup_teardown.py
[2025-02-17T22:31:42.033-0700] {logging_mixin.py:154} INFO - [2025-02-17T22:31:42.033-0700] {dag.py:2941} INFO - Sync 1 DAGs
[2025-02-17T22:31:42.051-0700] {logging_mixin.py:154} INFO - [2025-02-17T22:31:42.051-0700] {dag.py:3722} INFO - Setting next_dagrun for example_setup_teardown to 2025-02-17T05:31:42.050784+00:00, run_after=2025-02-18T05:31:42.050784+00:00
[2025-02-17T22:31:42.071-0700] {processor.py:179} INFO - Processing /home/jparep/miniconda3/envs/dbt-env/lib/python3.11/site-packages/airflow/example_dags/example_setup_teardown.py took 0.071 seconds
[2025-02-17T22:32:20.430-0700] {processor.py:157} INFO - Started process (PID=156710) to work on /home/jparep/miniconda3/envs/dbt-env/lib/python3.11/site-packages/airflow/example_dags/example_setup_teardown.py
[2025-02-17T22:32:20.433-0700] {processor.py:829} INFO - Processing file /home/jparep/miniconda3/envs/dbt-env/lib/python3.11/site-packages/airflow/example_dags/example_setup_teardown.py for tasks to queue
[2025-02-17T22:32:20.434-0700] {logging_mixin.py:154} INFO - [2025-02-17T22:32:20.433-0700] {dagbag.py:536} INFO - Filling up the DagBag from /home/jparep/miniconda3/envs/dbt-env/lib/python3.11/site-packages/airflow/example_dags/example_setup_teardown.py
[2025-02-17T22:32:20.444-0700] {processor.py:839} INFO - DAG(s) dict_keys(['example_setup_teardown']) retrieved from /home/jparep/miniconda3/envs/dbt-env/lib/python3.11/site-packages/airflow/example_dags/example_setup_teardown.py
[2025-02-17T22:32:20.464-0700] {logging_mixin.py:154} INFO - [2025-02-17T22:32:20.464-0700] {dag.py:2941} INFO - Sync 1 DAGs
[2025-02-17T22:32:20.486-0700] {logging_mixin.py:154} INFO - [2025-02-17T22:32:20.486-0700] {dag.py:3722} INFO - Setting next_dagrun for example_setup_teardown to 2025-02-17T05:32:20.485914+00:00, run_after=2025-02-18T05:32:20.485914+00:00
[2025-02-17T22:32:20.514-0700] {processor.py:179} INFO - Processing /home/jparep/miniconda3/envs/dbt-env/lib/python3.11/site-packages/airflow/example_dags/example_setup_teardown.py took 0.088 seconds
[2025-02-17T22:33:17.946-0700] {processor.py:157} INFO - Started process (PID=157138) to work on /home/jparep/miniconda3/envs/dbt-env/lib/python3.11/site-packages/airflow/example_dags/example_setup_teardown.py
[2025-02-17T22:33:17.949-0700] {processor.py:829} INFO - Processing file /home/jparep/miniconda3/envs/dbt-env/lib/python3.11/site-packages/airflow/example_dags/example_setup_teardown.py for tasks to queue
[2025-02-17T22:33:17.950-0700] {logging_mixin.py:154} INFO - [2025-02-17T22:33:17.950-0700] {dagbag.py:536} INFO - Filling up the DagBag from /home/jparep/miniconda3/envs/dbt-env/lib/python3.11/site-packages/airflow/example_dags/example_setup_teardown.py
[2025-02-17T22:33:17.964-0700] {processor.py:839} INFO - DAG(s) dict_keys(['example_setup_teardown']) retrieved from /home/jparep/miniconda3/envs/dbt-env/lib/python3.11/site-packages/airflow/example_dags/example_setup_teardown.py
[2025-02-17T22:33:17.995-0700] {logging_mixin.py:154} INFO - [2025-02-17T22:33:17.995-0700] {dag.py:2941} INFO - Sync 1 DAGs
[2025-02-17T22:33:18.023-0700] {logging_mixin.py:154} INFO - [2025-02-17T22:33:18.022-0700] {dag.py:3722} INFO - Setting next_dagrun for example_setup_teardown to 2025-02-17T05:33:18.022617+00:00, run_after=2025-02-18T05:33:18.022617+00:00
[2025-02-17T22:33:18.045-0700] {processor.py:179} INFO - Processing /home/jparep/miniconda3/envs/dbt-env/lib/python3.11/site-packages/airflow/example_dags/example_setup_teardown.py took 0.103 seconds
[2025-02-17T22:33:58.586-0700] {processor.py:157} INFO - Started process (PID=157536) to work on /home/jparep/miniconda3/envs/dbt-env/lib/python3.11/site-packages/airflow/example_dags/example_setup_teardown.py
[2025-02-17T22:33:58.588-0700] {processor.py:829} INFO - Processing file /home/jparep/miniconda3/envs/dbt-env/lib/python3.11/site-packages/airflow/example_dags/example_setup_teardown.py for tasks to queue
[2025-02-17T22:33:58.589-0700] {logging_mixin.py:154} INFO - [2025-02-17T22:33:58.589-0700] {dagbag.py:536} INFO - Filling up the DagBag from /home/jparep/miniconda3/envs/dbt-env/lib/python3.11/site-packages/airflow/example_dags/example_setup_teardown.py
[2025-02-17T22:33:58.598-0700] {processor.py:839} INFO - DAG(s) dict_keys(['example_setup_teardown']) retrieved from /home/jparep/miniconda3/envs/dbt-env/lib/python3.11/site-packages/airflow/example_dags/example_setup_teardown.py
[2025-02-17T22:33:58.615-0700] {logging_mixin.py:154} INFO - [2025-02-17T22:33:58.615-0700] {dag.py:2941} INFO - Sync 1 DAGs
[2025-02-17T22:33:58.633-0700] {logging_mixin.py:154} INFO - [2025-02-17T22:33:58.632-0700] {dag.py:3722} INFO - Setting next_dagrun for example_setup_teardown to 2025-02-17T05:33:58.632751+00:00, run_after=2025-02-18T05:33:58.632751+00:00
[2025-02-17T22:33:58.659-0700] {processor.py:179} INFO - Processing /home/jparep/miniconda3/envs/dbt-env/lib/python3.11/site-packages/airflow/example_dags/example_setup_teardown.py took 0.076 seconds
[2025-02-17T22:34:50.677-0700] {processor.py:157} INFO - Started process (PID=157943) to work on /home/jparep/miniconda3/envs/dbt-env/lib/python3.11/site-packages/airflow/example_dags/example_setup_teardown.py
[2025-02-17T22:34:50.680-0700] {processor.py:829} INFO - Processing file /home/jparep/miniconda3/envs/dbt-env/lib/python3.11/site-packages/airflow/example_dags/example_setup_teardown.py for tasks to queue
[2025-02-17T22:34:50.681-0700] {logging_mixin.py:154} INFO - [2025-02-17T22:34:50.681-0700] {dagbag.py:536} INFO - Filling up the DagBag from /home/jparep/miniconda3/envs/dbt-env/lib/python3.11/site-packages/airflow/example_dags/example_setup_teardown.py
[2025-02-17T22:34:50.694-0700] {processor.py:839} INFO - DAG(s) dict_keys(['example_setup_teardown']) retrieved from /home/jparep/miniconda3/envs/dbt-env/lib/python3.11/site-packages/airflow/example_dags/example_setup_teardown.py
[2025-02-17T22:34:50.714-0700] {logging_mixin.py:154} INFO - [2025-02-17T22:34:50.714-0700] {dag.py:2941} INFO - Sync 1 DAGs
[2025-02-17T22:34:50.728-0700] {logging_mixin.py:154} INFO - [2025-02-17T22:34:50.728-0700] {dag.py:3722} INFO - Setting next_dagrun for example_setup_teardown to 2025-02-17T05:34:50.728285+00:00, run_after=2025-02-18T05:34:50.728285+00:00
[2025-02-17T22:34:50.745-0700] {processor.py:179} INFO - Processing /home/jparep/miniconda3/envs/dbt-env/lib/python3.11/site-packages/airflow/example_dags/example_setup_teardown.py took 0.073 seconds
[2025-02-17T22:35:45.768-0700] {processor.py:157} INFO - Started process (PID=158442) to work on /home/jparep/miniconda3/envs/dbt-env/lib/python3.11/site-packages/airflow/example_dags/example_setup_teardown.py
[2025-02-17T22:35:45.770-0700] {processor.py:829} INFO - Processing file /home/jparep/miniconda3/envs/dbt-env/lib/python3.11/site-packages/airflow/example_dags/example_setup_teardown.py for tasks to queue
[2025-02-17T22:35:45.772-0700] {logging_mixin.py:154} INFO - [2025-02-17T22:35:45.771-0700] {dagbag.py:536} INFO - Filling up the DagBag from /home/jparep/miniconda3/envs/dbt-env/lib/python3.11/site-packages/airflow/example_dags/example_setup_teardown.py
[2025-02-17T22:35:45.784-0700] {processor.py:839} INFO - DAG(s) dict_keys(['example_setup_teardown']) retrieved from /home/jparep/miniconda3/envs/dbt-env/lib/python3.11/site-packages/airflow/example_dags/example_setup_teardown.py
[2025-02-17T22:35:45.798-0700] {logging_mixin.py:154} INFO - [2025-02-17T22:35:45.798-0700] {dag.py:2941} INFO - Sync 1 DAGs
[2025-02-17T22:35:45.811-0700] {logging_mixin.py:154} INFO - [2025-02-17T22:35:45.811-0700] {dag.py:3722} INFO - Setting next_dagrun for example_setup_teardown to 2025-02-17T05:35:45.811064+00:00, run_after=2025-02-18T05:35:45.811064+00:00
[2025-02-17T22:35:45.827-0700] {processor.py:179} INFO - Processing /home/jparep/miniconda3/envs/dbt-env/lib/python3.11/site-packages/airflow/example_dags/example_setup_teardown.py took 0.064 seconds
[2025-02-17T22:36:26.450-0700] {processor.py:157} INFO - Started process (PID=158704) to work on /home/jparep/miniconda3/envs/dbt-env/lib/python3.11/site-packages/airflow/example_dags/example_setup_teardown.py
[2025-02-17T22:36:26.451-0700] {processor.py:829} INFO - Processing file /home/jparep/miniconda3/envs/dbt-env/lib/python3.11/site-packages/airflow/example_dags/example_setup_teardown.py for tasks to queue
[2025-02-17T22:36:26.452-0700] {logging_mixin.py:154} INFO - [2025-02-17T22:36:26.452-0700] {dagbag.py:536} INFO - Filling up the DagBag from /home/jparep/miniconda3/envs/dbt-env/lib/python3.11/site-packages/airflow/example_dags/example_setup_teardown.py
[2025-02-17T22:36:26.458-0700] {processor.py:839} INFO - DAG(s) dict_keys(['example_setup_teardown']) retrieved from /home/jparep/miniconda3/envs/dbt-env/lib/python3.11/site-packages/airflow/example_dags/example_setup_teardown.py
[2025-02-17T22:36:26.472-0700] {logging_mixin.py:154} INFO - [2025-02-17T22:36:26.471-0700] {dag.py:2941} INFO - Sync 1 DAGs
[2025-02-17T22:36:26.487-0700] {logging_mixin.py:154} INFO - [2025-02-17T22:36:26.487-0700] {dag.py:3722} INFO - Setting next_dagrun for example_setup_teardown to 2025-02-17T05:36:26.487308+00:00, run_after=2025-02-18T05:36:26.487308+00:00
[2025-02-17T22:36:26.503-0700] {processor.py:179} INFO - Processing /home/jparep/miniconda3/envs/dbt-env/lib/python3.11/site-packages/airflow/example_dags/example_setup_teardown.py took 0.055 seconds
[2025-02-17T22:37:05.505-0700] {processor.py:157} INFO - Started process (PID=159132) to work on /home/jparep/miniconda3/envs/dbt-env/lib/python3.11/site-packages/airflow/example_dags/example_setup_teardown.py
[2025-02-17T22:37:05.507-0700] {processor.py:829} INFO - Processing file /home/jparep/miniconda3/envs/dbt-env/lib/python3.11/site-packages/airflow/example_dags/example_setup_teardown.py for tasks to queue
[2025-02-17T22:37:05.508-0700] {logging_mixin.py:154} INFO - [2025-02-17T22:37:05.508-0700] {dagbag.py:536} INFO - Filling up the DagBag from /home/jparep/miniconda3/envs/dbt-env/lib/python3.11/site-packages/airflow/example_dags/example_setup_teardown.py
[2025-02-17T22:37:05.525-0700] {processor.py:839} INFO - DAG(s) dict_keys(['example_setup_teardown']) retrieved from /home/jparep/miniconda3/envs/dbt-env/lib/python3.11/site-packages/airflow/example_dags/example_setup_teardown.py
[2025-02-17T22:37:05.549-0700] {logging_mixin.py:154} INFO - [2025-02-17T22:37:05.549-0700] {dag.py:2941} INFO - Sync 1 DAGs
[2025-02-17T22:37:05.578-0700] {logging_mixin.py:154} INFO - [2025-02-17T22:37:05.578-0700] {dag.py:3722} INFO - Setting next_dagrun for example_setup_teardown to 2025-02-17T05:37:05.577994+00:00, run_after=2025-02-18T05:37:05.577994+00:00
[2025-02-17T22:37:05.612-0700] {processor.py:179} INFO - Processing /home/jparep/miniconda3/envs/dbt-env/lib/python3.11/site-packages/airflow/example_dags/example_setup_teardown.py took 0.112 seconds
[2025-02-17T22:37:58.578-0700] {processor.py:157} INFO - Started process (PID=160276) to work on /home/jparep/miniconda3/envs/dbt-env/lib/python3.11/site-packages/airflow/example_dags/example_setup_teardown.py
[2025-02-17T22:37:58.581-0700] {processor.py:829} INFO - Processing file /home/jparep/miniconda3/envs/dbt-env/lib/python3.11/site-packages/airflow/example_dags/example_setup_teardown.py for tasks to queue
[2025-02-17T22:37:58.582-0700] {logging_mixin.py:154} INFO - [2025-02-17T22:37:58.582-0700] {dagbag.py:536} INFO - Filling up the DagBag from /home/jparep/miniconda3/envs/dbt-env/lib/python3.11/site-packages/airflow/example_dags/example_setup_teardown.py
[2025-02-17T22:37:58.594-0700] {processor.py:839} INFO - DAG(s) dict_keys(['example_setup_teardown']) retrieved from /home/jparep/miniconda3/envs/dbt-env/lib/python3.11/site-packages/airflow/example_dags/example_setup_teardown.py
[2025-02-17T22:37:58.613-0700] {logging_mixin.py:154} INFO - [2025-02-17T22:37:58.613-0700] {dag.py:2941} INFO - Sync 1 DAGs
[2025-02-17T22:37:58.626-0700] {logging_mixin.py:154} INFO - [2025-02-17T22:37:58.626-0700] {dag.py:3722} INFO - Setting next_dagrun for example_setup_teardown to 2025-02-17T05:37:58.626630+00:00, run_after=2025-02-18T05:37:58.626630+00:00
[2025-02-17T22:37:58.643-0700] {processor.py:179} INFO - Processing /home/jparep/miniconda3/envs/dbt-env/lib/python3.11/site-packages/airflow/example_dags/example_setup_teardown.py took 0.070 seconds
[2025-02-17T22:38:52.652-0700] {processor.py:157} INFO - Started process (PID=160810) to work on /home/jparep/miniconda3/envs/dbt-env/lib/python3.11/site-packages/airflow/example_dags/example_setup_teardown.py
[2025-02-17T22:38:52.653-0700] {processor.py:829} INFO - Processing file /home/jparep/miniconda3/envs/dbt-env/lib/python3.11/site-packages/airflow/example_dags/example_setup_teardown.py for tasks to queue
[2025-02-17T22:38:52.654-0700] {logging_mixin.py:154} INFO - [2025-02-17T22:38:52.654-0700] {dagbag.py:536} INFO - Filling up the DagBag from /home/jparep/miniconda3/envs/dbt-env/lib/python3.11/site-packages/airflow/example_dags/example_setup_teardown.py
[2025-02-17T22:38:52.662-0700] {processor.py:839} INFO - DAG(s) dict_keys(['example_setup_teardown']) retrieved from /home/jparep/miniconda3/envs/dbt-env/lib/python3.11/site-packages/airflow/example_dags/example_setup_teardown.py
[2025-02-17T22:38:52.675-0700] {logging_mixin.py:154} INFO - [2025-02-17T22:38:52.675-0700] {dag.py:2941} INFO - Sync 1 DAGs
[2025-02-17T22:38:52.690-0700] {logging_mixin.py:154} INFO - [2025-02-17T22:38:52.690-0700] {dag.py:3722} INFO - Setting next_dagrun for example_setup_teardown to 2025-02-17T05:38:52.690333+00:00, run_after=2025-02-18T05:38:52.690333+00:00
[2025-02-17T22:38:52.710-0700] {processor.py:179} INFO - Processing /home/jparep/miniconda3/envs/dbt-env/lib/python3.11/site-packages/airflow/example_dags/example_setup_teardown.py took 0.061 seconds
[2025-02-17T22:39:45.603-0700] {processor.py:157} INFO - Started process (PID=161255) to work on /home/jparep/miniconda3/envs/dbt-env/lib/python3.11/site-packages/airflow/example_dags/example_setup_teardown.py
[2025-02-17T22:39:45.605-0700] {processor.py:829} INFO - Processing file /home/jparep/miniconda3/envs/dbt-env/lib/python3.11/site-packages/airflow/example_dags/example_setup_teardown.py for tasks to queue
[2025-02-17T22:39:45.606-0700] {logging_mixin.py:154} INFO - [2025-02-17T22:39:45.605-0700] {dagbag.py:536} INFO - Filling up the DagBag from /home/jparep/miniconda3/envs/dbt-env/lib/python3.11/site-packages/airflow/example_dags/example_setup_teardown.py
[2025-02-17T22:39:45.614-0700] {processor.py:839} INFO - DAG(s) dict_keys(['example_setup_teardown']) retrieved from /home/jparep/miniconda3/envs/dbt-env/lib/python3.11/site-packages/airflow/example_dags/example_setup_teardown.py
[2025-02-17T22:39:45.626-0700] {logging_mixin.py:154} INFO - [2025-02-17T22:39:45.626-0700] {dag.py:2941} INFO - Sync 1 DAGs
[2025-02-17T22:39:45.642-0700] {logging_mixin.py:154} INFO - [2025-02-17T22:39:45.641-0700] {dag.py:3722} INFO - Setting next_dagrun for example_setup_teardown to 2025-02-17T05:39:45.641694+00:00, run_after=2025-02-18T05:39:45.641694+00:00
[2025-02-17T22:39:45.659-0700] {processor.py:179} INFO - Processing /home/jparep/miniconda3/envs/dbt-env/lib/python3.11/site-packages/airflow/example_dags/example_setup_teardown.py took 0.060 seconds
[2025-02-17T22:40:23.127-0700] {processor.py:157} INFO - Started process (PID=161626) to work on /home/jparep/miniconda3/envs/dbt-env/lib/python3.11/site-packages/airflow/example_dags/example_setup_teardown.py
[2025-02-17T22:40:23.129-0700] {processor.py:829} INFO - Processing file /home/jparep/miniconda3/envs/dbt-env/lib/python3.11/site-packages/airflow/example_dags/example_setup_teardown.py for tasks to queue
[2025-02-17T22:40:23.130-0700] {logging_mixin.py:154} INFO - [2025-02-17T22:40:23.130-0700] {dagbag.py:536} INFO - Filling up the DagBag from /home/jparep/miniconda3/envs/dbt-env/lib/python3.11/site-packages/airflow/example_dags/example_setup_teardown.py
[2025-02-17T22:40:23.140-0700] {processor.py:839} INFO - DAG(s) dict_keys(['example_setup_teardown']) retrieved from /home/jparep/miniconda3/envs/dbt-env/lib/python3.11/site-packages/airflow/example_dags/example_setup_teardown.py
[2025-02-17T22:40:23.158-0700] {logging_mixin.py:154} INFO - [2025-02-17T22:40:23.158-0700] {dag.py:2941} INFO - Sync 1 DAGs
[2025-02-17T22:40:23.178-0700] {logging_mixin.py:154} INFO - [2025-02-17T22:40:23.178-0700] {dag.py:3722} INFO - Setting next_dagrun for example_setup_teardown to 2025-02-17T05:40:23.177985+00:00, run_after=2025-02-18T05:40:23.177985+00:00
[2025-02-17T22:40:23.200-0700] {processor.py:179} INFO - Processing /home/jparep/miniconda3/envs/dbt-env/lib/python3.11/site-packages/airflow/example_dags/example_setup_teardown.py took 0.078 seconds
[2025-02-17T22:41:01.780-0700] {processor.py:157} INFO - Started process (PID=161891) to work on /home/jparep/miniconda3/envs/dbt-env/lib/python3.11/site-packages/airflow/example_dags/example_setup_teardown.py
[2025-02-17T22:41:01.784-0700] {processor.py:829} INFO - Processing file /home/jparep/miniconda3/envs/dbt-env/lib/python3.11/site-packages/airflow/example_dags/example_setup_teardown.py for tasks to queue
[2025-02-17T22:41:01.786-0700] {logging_mixin.py:154} INFO - [2025-02-17T22:41:01.785-0700] {dagbag.py:536} INFO - Filling up the DagBag from /home/jparep/miniconda3/envs/dbt-env/lib/python3.11/site-packages/airflow/example_dags/example_setup_teardown.py
[2025-02-17T22:41:01.799-0700] {processor.py:839} INFO - DAG(s) dict_keys(['example_setup_teardown']) retrieved from /home/jparep/miniconda3/envs/dbt-env/lib/python3.11/site-packages/airflow/example_dags/example_setup_teardown.py
[2025-02-17T22:41:01.815-0700] {logging_mixin.py:154} INFO - [2025-02-17T22:41:01.815-0700] {dag.py:2941} INFO - Sync 1 DAGs
[2025-02-17T22:41:01.833-0700] {logging_mixin.py:154} INFO - [2025-02-17T22:41:01.833-0700] {dag.py:3722} INFO - Setting next_dagrun for example_setup_teardown to 2025-02-17T05:41:01.833401+00:00, run_after=2025-02-18T05:41:01.833401+00:00
[2025-02-17T22:41:01.863-0700] {processor.py:179} INFO - Processing /home/jparep/miniconda3/envs/dbt-env/lib/python3.11/site-packages/airflow/example_dags/example_setup_teardown.py took 0.089 seconds
[2025-02-17T22:41:41.489-0700] {processor.py:157} INFO - Started process (PID=162240) to work on /home/jparep/miniconda3/envs/dbt-env/lib/python3.11/site-packages/airflow/example_dags/example_setup_teardown.py
[2025-02-17T22:41:41.494-0700] {processor.py:829} INFO - Processing file /home/jparep/miniconda3/envs/dbt-env/lib/python3.11/site-packages/airflow/example_dags/example_setup_teardown.py for tasks to queue
[2025-02-17T22:41:41.496-0700] {logging_mixin.py:154} INFO - [2025-02-17T22:41:41.495-0700] {dagbag.py:536} INFO - Filling up the DagBag from /home/jparep/miniconda3/envs/dbt-env/lib/python3.11/site-packages/airflow/example_dags/example_setup_teardown.py
[2025-02-17T22:41:41.511-0700] {processor.py:839} INFO - DAG(s) dict_keys(['example_setup_teardown']) retrieved from /home/jparep/miniconda3/envs/dbt-env/lib/python3.11/site-packages/airflow/example_dags/example_setup_teardown.py
[2025-02-17T22:41:41.545-0700] {logging_mixin.py:154} INFO - [2025-02-17T22:41:41.544-0700] {dag.py:2941} INFO - Sync 1 DAGs
[2025-02-17T22:41:41.581-0700] {logging_mixin.py:154} INFO - [2025-02-17T22:41:41.581-0700] {dag.py:3722} INFO - Setting next_dagrun for example_setup_teardown to 2025-02-17T05:41:41.581249+00:00, run_after=2025-02-18T05:41:41.581249+00:00
[2025-02-17T22:41:41.614-0700] {processor.py:179} INFO - Processing /home/jparep/miniconda3/envs/dbt-env/lib/python3.11/site-packages/airflow/example_dags/example_setup_teardown.py took 0.130 seconds
