[2025-02-17T22:15:57.299-0700] {processor.py:157} INFO - Started process (PID=148463) to work on /home/jparep/miniconda3/envs/dbt-env/lib/python3.11/site-packages/airflow/example_dags/example_latest_only_with_trigger.py
[2025-02-17T22:15:57.301-0700] {processor.py:829} INFO - Processing file /home/jparep/miniconda3/envs/dbt-env/lib/python3.11/site-packages/airflow/example_dags/example_latest_only_with_trigger.py for tasks to queue
[2025-02-17T22:15:57.302-0700] {logging_mixin.py:154} INFO - [2025-02-17T22:15:57.301-0700] {dagbag.py:536} INFO - Filling up the DagBag from /home/jparep/miniconda3/envs/dbt-env/lib/python3.11/site-packages/airflow/example_dags/example_latest_only_with_trigger.py
[2025-02-17T22:15:57.313-0700] {processor.py:839} INFO - DAG(s) dict_keys(['latest_only_with_trigger']) retrieved from /home/jparep/miniconda3/envs/dbt-env/lib/python3.11/site-packages/airflow/example_dags/example_latest_only_with_trigger.py
[2025-02-17T22:15:57.536-0700] {logging_mixin.py:154} INFO - [2025-02-17T22:15:57.536-0700] {manager.py:499} INFO - Created Permission View: %s
[2025-02-17T22:15:57.552-0700] {logging_mixin.py:154} INFO - [2025-02-17T22:15:57.552-0700] {manager.py:499} INFO - Created Permission View: %s
[2025-02-17T22:15:57.565-0700] {logging_mixin.py:154} INFO - [2025-02-17T22:15:57.564-0700] {manager.py:499} INFO - Created Permission View: %s
[2025-02-17T22:15:57.565-0700] {logging_mixin.py:154} INFO - [2025-02-17T22:15:57.565-0700] {dag.py:2941} INFO - Sync 1 DAGs
[2025-02-17T22:15:57.577-0700] {logging_mixin.py:154} INFO - [2025-02-17T22:15:57.576-0700] {dag.py:2963} INFO - Creating ORM DAG for latest_only_with_trigger
[2025-02-17T22:15:57.585-0700] {logging_mixin.py:154} INFO - [2025-02-17T22:15:57.585-0700] {dag.py:3722} INFO - Setting next_dagrun for latest_only_with_trigger to 2025-02-18T01:15:57.585268+00:00, run_after=2025-02-18T05:15:57.585268+00:00
[2025-02-17T22:15:57.613-0700] {processor.py:179} INFO - Processing /home/jparep/miniconda3/envs/dbt-env/lib/python3.11/site-packages/airflow/example_dags/example_latest_only_with_trigger.py took 0.319 seconds
[2025-02-17T22:16:53.033-0700] {processor.py:157} INFO - Started process (PID=148842) to work on /home/jparep/miniconda3/envs/dbt-env/lib/python3.11/site-packages/airflow/example_dags/example_latest_only_with_trigger.py
[2025-02-17T22:16:53.036-0700] {processor.py:829} INFO - Processing file /home/jparep/miniconda3/envs/dbt-env/lib/python3.11/site-packages/airflow/example_dags/example_latest_only_with_trigger.py for tasks to queue
[2025-02-17T22:16:53.038-0700] {logging_mixin.py:154} INFO - [2025-02-17T22:16:53.038-0700] {dagbag.py:536} INFO - Filling up the DagBag from /home/jparep/miniconda3/envs/dbt-env/lib/python3.11/site-packages/airflow/example_dags/example_latest_only_with_trigger.py
[2025-02-17T22:16:53.048-0700] {processor.py:839} INFO - DAG(s) dict_keys(['latest_only_with_trigger']) retrieved from /home/jparep/miniconda3/envs/dbt-env/lib/python3.11/site-packages/airflow/example_dags/example_latest_only_with_trigger.py
[2025-02-17T22:16:53.072-0700] {logging_mixin.py:154} INFO - [2025-02-17T22:16:53.072-0700] {dag.py:2941} INFO - Sync 1 DAGs
[2025-02-17T22:16:53.214-0700] {logging_mixin.py:154} INFO - [2025-02-17T22:16:53.213-0700] {dag.py:3722} INFO - Setting next_dagrun for latest_only_with_trigger to 2025-02-18T01:16:53.213436+00:00, run_after=2025-02-18T05:16:53.213436+00:00
[2025-02-17T22:16:53.252-0700] {processor.py:179} INFO - Processing /home/jparep/miniconda3/envs/dbt-env/lib/python3.11/site-packages/airflow/example_dags/example_latest_only_with_trigger.py took 0.223 seconds
[2025-02-17T22:17:42.112-0700] {processor.py:157} INFO - Started process (PID=149300) to work on /home/jparep/miniconda3/envs/dbt-env/lib/python3.11/site-packages/airflow/example_dags/example_latest_only_with_trigger.py
[2025-02-17T22:17:42.115-0700] {processor.py:829} INFO - Processing file /home/jparep/miniconda3/envs/dbt-env/lib/python3.11/site-packages/airflow/example_dags/example_latest_only_with_trigger.py for tasks to queue
[2025-02-17T22:17:42.117-0700] {logging_mixin.py:154} INFO - [2025-02-17T22:17:42.116-0700] {dagbag.py:536} INFO - Filling up the DagBag from /home/jparep/miniconda3/envs/dbt-env/lib/python3.11/site-packages/airflow/example_dags/example_latest_only_with_trigger.py
[2025-02-17T22:17:42.127-0700] {processor.py:839} INFO - DAG(s) dict_keys(['latest_only_with_trigger']) retrieved from /home/jparep/miniconda3/envs/dbt-env/lib/python3.11/site-packages/airflow/example_dags/example_latest_only_with_trigger.py
[2025-02-17T22:17:42.255-0700] {logging_mixin.py:154} INFO - [2025-02-17T22:17:42.255-0700] {dag.py:2941} INFO - Sync 1 DAGs
[2025-02-17T22:17:42.273-0700] {logging_mixin.py:154} INFO - [2025-02-17T22:17:42.273-0700] {dag.py:3722} INFO - Setting next_dagrun for latest_only_with_trigger to 2025-02-18T01:17:42.273502+00:00, run_after=2025-02-18T05:17:42.273502+00:00
[2025-02-17T22:17:42.305-0700] {processor.py:179} INFO - Processing /home/jparep/miniconda3/envs/dbt-env/lib/python3.11/site-packages/airflow/example_dags/example_latest_only_with_trigger.py took 0.198 seconds
[2025-02-17T22:18:30.891-0700] {processor.py:157} INFO - Started process (PID=149785) to work on /home/jparep/miniconda3/envs/dbt-env/lib/python3.11/site-packages/airflow/example_dags/example_latest_only_with_trigger.py
[2025-02-17T22:18:30.895-0700] {processor.py:829} INFO - Processing file /home/jparep/miniconda3/envs/dbt-env/lib/python3.11/site-packages/airflow/example_dags/example_latest_only_with_trigger.py for tasks to queue
[2025-02-17T22:18:30.897-0700] {logging_mixin.py:154} INFO - [2025-02-17T22:18:30.896-0700] {dagbag.py:536} INFO - Filling up the DagBag from /home/jparep/miniconda3/envs/dbt-env/lib/python3.11/site-packages/airflow/example_dags/example_latest_only_with_trigger.py
[2025-02-17T22:18:30.908-0700] {processor.py:839} INFO - DAG(s) dict_keys(['latest_only_with_trigger']) retrieved from /home/jparep/miniconda3/envs/dbt-env/lib/python3.11/site-packages/airflow/example_dags/example_latest_only_with_trigger.py
[2025-02-17T22:18:30.949-0700] {logging_mixin.py:154} INFO - [2025-02-17T22:18:30.949-0700] {dag.py:2941} INFO - Sync 1 DAGs
[2025-02-17T22:18:30.968-0700] {logging_mixin.py:154} INFO - [2025-02-17T22:18:30.968-0700] {dag.py:3722} INFO - Setting next_dagrun for latest_only_with_trigger to 2025-02-18T01:18:30.967934+00:00, run_after=2025-02-18T05:18:30.967934+00:00
[2025-02-17T22:18:31.014-0700] {processor.py:179} INFO - Processing /home/jparep/miniconda3/envs/dbt-env/lib/python3.11/site-packages/airflow/example_dags/example_latest_only_with_trigger.py took 0.127 seconds
[2025-02-17T22:19:10.726-0700] {processor.py:157} INFO - Started process (PID=150055) to work on /home/jparep/miniconda3/envs/dbt-env/lib/python3.11/site-packages/airflow/example_dags/example_latest_only_with_trigger.py
[2025-02-17T22:19:10.727-0700] {processor.py:829} INFO - Processing file /home/jparep/miniconda3/envs/dbt-env/lib/python3.11/site-packages/airflow/example_dags/example_latest_only_with_trigger.py for tasks to queue
[2025-02-17T22:19:10.727-0700] {logging_mixin.py:154} INFO - [2025-02-17T22:19:10.727-0700] {dagbag.py:536} INFO - Filling up the DagBag from /home/jparep/miniconda3/envs/dbt-env/lib/python3.11/site-packages/airflow/example_dags/example_latest_only_with_trigger.py
[2025-02-17T22:19:10.734-0700] {processor.py:839} INFO - DAG(s) dict_keys(['latest_only_with_trigger']) retrieved from /home/jparep/miniconda3/envs/dbt-env/lib/python3.11/site-packages/airflow/example_dags/example_latest_only_with_trigger.py
[2025-02-17T22:19:10.748-0700] {logging_mixin.py:154} INFO - [2025-02-17T22:19:10.748-0700] {dag.py:2941} INFO - Sync 1 DAGs
[2025-02-17T22:19:10.763-0700] {logging_mixin.py:154} INFO - [2025-02-17T22:19:10.763-0700] {dag.py:3722} INFO - Setting next_dagrun for latest_only_with_trigger to 2025-02-18T01:19:10.762852+00:00, run_after=2025-02-18T05:19:10.762852+00:00
[2025-02-17T22:19:10.779-0700] {processor.py:179} INFO - Processing /home/jparep/miniconda3/envs/dbt-env/lib/python3.11/site-packages/airflow/example_dags/example_latest_only_with_trigger.py took 0.056 seconds
[2025-02-17T22:19:51.267-0700] {processor.py:157} INFO - Started process (PID=150481) to work on /home/jparep/miniconda3/envs/dbt-env/lib/python3.11/site-packages/airflow/example_dags/example_latest_only_with_trigger.py
[2025-02-17T22:19:51.270-0700] {processor.py:829} INFO - Processing file /home/jparep/miniconda3/envs/dbt-env/lib/python3.11/site-packages/airflow/example_dags/example_latest_only_with_trigger.py for tasks to queue
[2025-02-17T22:19:51.271-0700] {logging_mixin.py:154} INFO - [2025-02-17T22:19:51.270-0700] {dagbag.py:536} INFO - Filling up the DagBag from /home/jparep/miniconda3/envs/dbt-env/lib/python3.11/site-packages/airflow/example_dags/example_latest_only_with_trigger.py
[2025-02-17T22:19:51.281-0700] {processor.py:839} INFO - DAG(s) dict_keys(['latest_only_with_trigger']) retrieved from /home/jparep/miniconda3/envs/dbt-env/lib/python3.11/site-packages/airflow/example_dags/example_latest_only_with_trigger.py
[2025-02-17T22:19:51.304-0700] {logging_mixin.py:154} INFO - [2025-02-17T22:19:51.304-0700] {dag.py:2941} INFO - Sync 1 DAGs
[2025-02-17T22:19:51.328-0700] {logging_mixin.py:154} INFO - [2025-02-17T22:19:51.328-0700] {dag.py:3722} INFO - Setting next_dagrun for latest_only_with_trigger to 2025-02-18T01:19:51.328254+00:00, run_after=2025-02-18T05:19:51.328254+00:00
[2025-02-17T22:19:51.359-0700] {processor.py:179} INFO - Processing /home/jparep/miniconda3/envs/dbt-env/lib/python3.11/site-packages/airflow/example_dags/example_latest_only_with_trigger.py took 0.096 seconds
[2025-02-17T22:20:29.285-0700] {processor.py:157} INFO - Started process (PID=150728) to work on /home/jparep/miniconda3/envs/dbt-env/lib/python3.11/site-packages/airflow/example_dags/example_latest_only_with_trigger.py
[2025-02-17T22:20:29.287-0700] {processor.py:829} INFO - Processing file /home/jparep/miniconda3/envs/dbt-env/lib/python3.11/site-packages/airflow/example_dags/example_latest_only_with_trigger.py for tasks to queue
[2025-02-17T22:20:29.289-0700] {logging_mixin.py:154} INFO - [2025-02-17T22:20:29.288-0700] {dagbag.py:536} INFO - Filling up the DagBag from /home/jparep/miniconda3/envs/dbt-env/lib/python3.11/site-packages/airflow/example_dags/example_latest_only_with_trigger.py
[2025-02-17T22:20:29.297-0700] {processor.py:839} INFO - DAG(s) dict_keys(['latest_only_with_trigger']) retrieved from /home/jparep/miniconda3/envs/dbt-env/lib/python3.11/site-packages/airflow/example_dags/example_latest_only_with_trigger.py
[2025-02-17T22:20:29.315-0700] {logging_mixin.py:154} INFO - [2025-02-17T22:20:29.315-0700] {dag.py:2941} INFO - Sync 1 DAGs
[2025-02-17T22:20:29.333-0700] {logging_mixin.py:154} INFO - [2025-02-17T22:20:29.333-0700] {dag.py:3722} INFO - Setting next_dagrun for latest_only_with_trigger to 2025-02-18T01:20:29.332754+00:00, run_after=2025-02-18T05:20:29.332754+00:00
[2025-02-17T22:20:29.358-0700] {processor.py:179} INFO - Processing /home/jparep/miniconda3/envs/dbt-env/lib/python3.11/site-packages/airflow/example_dags/example_latest_only_with_trigger.py took 0.077 seconds
[2025-02-17T22:21:12.481-0700] {processor.py:157} INFO - Started process (PID=151163) to work on /home/jparep/miniconda3/envs/dbt-env/lib/python3.11/site-packages/airflow/example_dags/example_latest_only_with_trigger.py
[2025-02-17T22:21:12.484-0700] {processor.py:829} INFO - Processing file /home/jparep/miniconda3/envs/dbt-env/lib/python3.11/site-packages/airflow/example_dags/example_latest_only_with_trigger.py for tasks to queue
[2025-02-17T22:21:12.485-0700] {logging_mixin.py:154} INFO - [2025-02-17T22:21:12.485-0700] {dagbag.py:536} INFO - Filling up the DagBag from /home/jparep/miniconda3/envs/dbt-env/lib/python3.11/site-packages/airflow/example_dags/example_latest_only_with_trigger.py
[2025-02-17T22:21:12.495-0700] {processor.py:839} INFO - DAG(s) dict_keys(['latest_only_with_trigger']) retrieved from /home/jparep/miniconda3/envs/dbt-env/lib/python3.11/site-packages/airflow/example_dags/example_latest_only_with_trigger.py
[2025-02-17T22:21:12.517-0700] {logging_mixin.py:154} INFO - [2025-02-17T22:21:12.517-0700] {dag.py:2941} INFO - Sync 1 DAGs
[2025-02-17T22:21:12.536-0700] {logging_mixin.py:154} INFO - [2025-02-17T22:21:12.535-0700] {dag.py:3722} INFO - Setting next_dagrun for latest_only_with_trigger to 2025-02-18T01:21:12.535699+00:00, run_after=2025-02-18T05:21:12.535699+00:00
[2025-02-17T22:21:12.561-0700] {processor.py:179} INFO - Processing /home/jparep/miniconda3/envs/dbt-env/lib/python3.11/site-packages/airflow/example_dags/example_latest_only_with_trigger.py took 0.085 seconds
[2025-02-17T22:22:01.572-0700] {processor.py:157} INFO - Started process (PID=151619) to work on /home/jparep/miniconda3/envs/dbt-env/lib/python3.11/site-packages/airflow/example_dags/example_latest_only_with_trigger.py
[2025-02-17T22:22:01.574-0700] {processor.py:829} INFO - Processing file /home/jparep/miniconda3/envs/dbt-env/lib/python3.11/site-packages/airflow/example_dags/example_latest_only_with_trigger.py for tasks to queue
[2025-02-17T22:22:01.575-0700] {logging_mixin.py:154} INFO - [2025-02-17T22:22:01.575-0700] {dagbag.py:536} INFO - Filling up the DagBag from /home/jparep/miniconda3/envs/dbt-env/lib/python3.11/site-packages/airflow/example_dags/example_latest_only_with_trigger.py
[2025-02-17T22:22:01.585-0700] {processor.py:839} INFO - DAG(s) dict_keys(['latest_only_with_trigger']) retrieved from /home/jparep/miniconda3/envs/dbt-env/lib/python3.11/site-packages/airflow/example_dags/example_latest_only_with_trigger.py
[2025-02-17T22:22:01.608-0700] {logging_mixin.py:154} INFO - [2025-02-17T22:22:01.607-0700] {dag.py:2941} INFO - Sync 1 DAGs
[2025-02-17T22:22:01.635-0700] {logging_mixin.py:154} INFO - [2025-02-17T22:22:01.634-0700] {dag.py:3722} INFO - Setting next_dagrun for latest_only_with_trigger to 2025-02-18T01:22:01.634451+00:00, run_after=2025-02-18T05:22:01.634451+00:00
[2025-02-17T22:22:01.664-0700] {processor.py:179} INFO - Processing /home/jparep/miniconda3/envs/dbt-env/lib/python3.11/site-packages/airflow/example_dags/example_latest_only_with_trigger.py took 0.096 seconds
[2025-02-17T22:22:54.500-0700] {processor.py:157} INFO - Started process (PID=151980) to work on /home/jparep/miniconda3/envs/dbt-env/lib/python3.11/site-packages/airflow/example_dags/example_latest_only_with_trigger.py
[2025-02-17T22:22:54.503-0700] {processor.py:829} INFO - Processing file /home/jparep/miniconda3/envs/dbt-env/lib/python3.11/site-packages/airflow/example_dags/example_latest_only_with_trigger.py for tasks to queue
[2025-02-17T22:22:54.504-0700] {logging_mixin.py:154} INFO - [2025-02-17T22:22:54.503-0700] {dagbag.py:536} INFO - Filling up the DagBag from /home/jparep/miniconda3/envs/dbt-env/lib/python3.11/site-packages/airflow/example_dags/example_latest_only_with_trigger.py
[2025-02-17T22:22:54.514-0700] {processor.py:839} INFO - DAG(s) dict_keys(['latest_only_with_trigger']) retrieved from /home/jparep/miniconda3/envs/dbt-env/lib/python3.11/site-packages/airflow/example_dags/example_latest_only_with_trigger.py
[2025-02-17T22:22:54.536-0700] {logging_mixin.py:154} INFO - [2025-02-17T22:22:54.536-0700] {dag.py:2941} INFO - Sync 1 DAGs
[2025-02-17T22:22:54.556-0700] {logging_mixin.py:154} INFO - [2025-02-17T22:22:54.556-0700] {dag.py:3722} INFO - Setting next_dagrun for latest_only_with_trigger to 2025-02-18T01:22:54.555907+00:00, run_after=2025-02-18T05:22:54.555907+00:00
[2025-02-17T22:22:54.579-0700] {processor.py:179} INFO - Processing /home/jparep/miniconda3/envs/dbt-env/lib/python3.11/site-packages/airflow/example_dags/example_latest_only_with_trigger.py took 0.086 seconds
[2025-02-17T22:23:48.998-0700] {processor.py:157} INFO - Started process (PID=152327) to work on /home/jparep/miniconda3/envs/dbt-env/lib/python3.11/site-packages/airflow/example_dags/example_latest_only_with_trigger.py
[2025-02-17T22:23:49.001-0700] {processor.py:829} INFO - Processing file /home/jparep/miniconda3/envs/dbt-env/lib/python3.11/site-packages/airflow/example_dags/example_latest_only_with_trigger.py for tasks to queue
[2025-02-17T22:23:49.002-0700] {logging_mixin.py:154} INFO - [2025-02-17T22:23:49.002-0700] {dagbag.py:536} INFO - Filling up the DagBag from /home/jparep/miniconda3/envs/dbt-env/lib/python3.11/site-packages/airflow/example_dags/example_latest_only_with_trigger.py
[2025-02-17T22:23:49.013-0700] {processor.py:839} INFO - DAG(s) dict_keys(['latest_only_with_trigger']) retrieved from /home/jparep/miniconda3/envs/dbt-env/lib/python3.11/site-packages/airflow/example_dags/example_latest_only_with_trigger.py
[2025-02-17T22:23:49.037-0700] {logging_mixin.py:154} INFO - [2025-02-17T22:23:49.037-0700] {dag.py:2941} INFO - Sync 1 DAGs
[2025-02-17T22:23:49.061-0700] {logging_mixin.py:154} INFO - [2025-02-17T22:23:49.061-0700] {dag.py:3722} INFO - Setting next_dagrun for latest_only_with_trigger to 2025-02-18T01:23:49.061277+00:00, run_after=2025-02-18T05:23:49.061277+00:00
[2025-02-17T22:23:49.090-0700] {processor.py:179} INFO - Processing /home/jparep/miniconda3/envs/dbt-env/lib/python3.11/site-packages/airflow/example_dags/example_latest_only_with_trigger.py took 0.096 seconds
[2025-02-17T22:24:27.586-0700] {processor.py:157} INFO - Started process (PID=152742) to work on /home/jparep/miniconda3/envs/dbt-env/lib/python3.11/site-packages/airflow/example_dags/example_latest_only_with_trigger.py
[2025-02-17T22:24:27.589-0700] {processor.py:829} INFO - Processing file /home/jparep/miniconda3/envs/dbt-env/lib/python3.11/site-packages/airflow/example_dags/example_latest_only_with_trigger.py for tasks to queue
[2025-02-17T22:24:27.590-0700] {logging_mixin.py:154} INFO - [2025-02-17T22:24:27.589-0700] {dagbag.py:536} INFO - Filling up the DagBag from /home/jparep/miniconda3/envs/dbt-env/lib/python3.11/site-packages/airflow/example_dags/example_latest_only_with_trigger.py
[2025-02-17T22:24:27.601-0700] {processor.py:839} INFO - DAG(s) dict_keys(['latest_only_with_trigger']) retrieved from /home/jparep/miniconda3/envs/dbt-env/lib/python3.11/site-packages/airflow/example_dags/example_latest_only_with_trigger.py
[2025-02-17T22:24:27.618-0700] {logging_mixin.py:154} INFO - [2025-02-17T22:24:27.617-0700] {dag.py:2941} INFO - Sync 1 DAGs
[2025-02-17T22:24:27.649-0700] {logging_mixin.py:154} INFO - [2025-02-17T22:24:27.649-0700] {dag.py:3722} INFO - Setting next_dagrun for latest_only_with_trigger to 2025-02-18T01:24:27.649138+00:00, run_after=2025-02-18T05:24:27.649138+00:00
[2025-02-17T22:24:27.677-0700] {processor.py:179} INFO - Processing /home/jparep/miniconda3/envs/dbt-env/lib/python3.11/site-packages/airflow/example_dags/example_latest_only_with_trigger.py took 0.096 seconds
[2025-02-17T22:25:22.575-0700] {processor.py:157} INFO - Started process (PID=153270) to work on /home/jparep/miniconda3/envs/dbt-env/lib/python3.11/site-packages/airflow/example_dags/example_latest_only_with_trigger.py
[2025-02-17T22:25:22.578-0700] {processor.py:829} INFO - Processing file /home/jparep/miniconda3/envs/dbt-env/lib/python3.11/site-packages/airflow/example_dags/example_latest_only_with_trigger.py for tasks to queue
[2025-02-17T22:25:22.579-0700] {logging_mixin.py:154} INFO - [2025-02-17T22:25:22.578-0700] {dagbag.py:536} INFO - Filling up the DagBag from /home/jparep/miniconda3/envs/dbt-env/lib/python3.11/site-packages/airflow/example_dags/example_latest_only_with_trigger.py
[2025-02-17T22:25:22.585-0700] {processor.py:839} INFO - DAG(s) dict_keys(['latest_only_with_trigger']) retrieved from /home/jparep/miniconda3/envs/dbt-env/lib/python3.11/site-packages/airflow/example_dags/example_latest_only_with_trigger.py
[2025-02-17T22:25:22.603-0700] {logging_mixin.py:154} INFO - [2025-02-17T22:25:22.602-0700] {dag.py:2941} INFO - Sync 1 DAGs
[2025-02-17T22:25:22.619-0700] {logging_mixin.py:154} INFO - [2025-02-17T22:25:22.619-0700] {dag.py:3722} INFO - Setting next_dagrun for latest_only_with_trigger to 2025-02-18T01:25:22.619036+00:00, run_after=2025-02-18T05:25:22.619036+00:00
[2025-02-17T22:25:22.643-0700] {processor.py:179} INFO - Processing /home/jparep/miniconda3/envs/dbt-env/lib/python3.11/site-packages/airflow/example_dags/example_latest_only_with_trigger.py took 0.072 seconds
[2025-02-17T22:26:05.195-0700] {processor.py:157} INFO - Started process (PID=153711) to work on /home/jparep/miniconda3/envs/dbt-env/lib/python3.11/site-packages/airflow/example_dags/example_latest_only_with_trigger.py
[2025-02-17T22:26:05.198-0700] {processor.py:829} INFO - Processing file /home/jparep/miniconda3/envs/dbt-env/lib/python3.11/site-packages/airflow/example_dags/example_latest_only_with_trigger.py for tasks to queue
[2025-02-17T22:26:05.199-0700] {logging_mixin.py:154} INFO - [2025-02-17T22:26:05.199-0700] {dagbag.py:536} INFO - Filling up the DagBag from /home/jparep/miniconda3/envs/dbt-env/lib/python3.11/site-packages/airflow/example_dags/example_latest_only_with_trigger.py
[2025-02-17T22:26:05.211-0700] {processor.py:839} INFO - DAG(s) dict_keys(['latest_only_with_trigger']) retrieved from /home/jparep/miniconda3/envs/dbt-env/lib/python3.11/site-packages/airflow/example_dags/example_latest_only_with_trigger.py
[2025-02-17T22:26:05.236-0700] {logging_mixin.py:154} INFO - [2025-02-17T22:26:05.236-0700] {dag.py:2941} INFO - Sync 1 DAGs
[2025-02-17T22:26:05.259-0700] {logging_mixin.py:154} INFO - [2025-02-17T22:26:05.259-0700] {dag.py:3722} INFO - Setting next_dagrun for latest_only_with_trigger to 2025-02-18T01:26:05.259200+00:00, run_after=2025-02-18T05:26:05.259200+00:00
[2025-02-17T22:26:05.283-0700] {processor.py:179} INFO - Processing /home/jparep/miniconda3/envs/dbt-env/lib/python3.11/site-packages/airflow/example_dags/example_latest_only_with_trigger.py took 0.092 seconds
[2025-02-17T22:26:52.896-0700] {processor.py:157} INFO - Started process (PID=154025) to work on /home/jparep/miniconda3/envs/dbt-env/lib/python3.11/site-packages/airflow/example_dags/example_latest_only_with_trigger.py
[2025-02-17T22:26:52.899-0700] {processor.py:829} INFO - Processing file /home/jparep/miniconda3/envs/dbt-env/lib/python3.11/site-packages/airflow/example_dags/example_latest_only_with_trigger.py for tasks to queue
[2025-02-17T22:26:52.901-0700] {logging_mixin.py:154} INFO - [2025-02-17T22:26:52.900-0700] {dagbag.py:536} INFO - Filling up the DagBag from /home/jparep/miniconda3/envs/dbt-env/lib/python3.11/site-packages/airflow/example_dags/example_latest_only_with_trigger.py
[2025-02-17T22:26:52.911-0700] {processor.py:839} INFO - DAG(s) dict_keys(['latest_only_with_trigger']) retrieved from /home/jparep/miniconda3/envs/dbt-env/lib/python3.11/site-packages/airflow/example_dags/example_latest_only_with_trigger.py
[2025-02-17T22:26:52.934-0700] {logging_mixin.py:154} INFO - [2025-02-17T22:26:52.934-0700] {dag.py:2941} INFO - Sync 1 DAGs
[2025-02-17T22:26:52.951-0700] {logging_mixin.py:154} INFO - [2025-02-17T22:26:52.951-0700] {dag.py:3722} INFO - Setting next_dagrun for latest_only_with_trigger to 2025-02-18T01:26:52.951556+00:00, run_after=2025-02-18T05:26:52.951556+00:00
[2025-02-17T22:26:52.972-0700] {processor.py:179} INFO - Processing /home/jparep/miniconda3/envs/dbt-env/lib/python3.11/site-packages/airflow/example_dags/example_latest_only_with_trigger.py took 0.081 seconds
[2025-02-17T22:27:49.025-0700] {processor.py:157} INFO - Started process (PID=154549) to work on /home/jparep/miniconda3/envs/dbt-env/lib/python3.11/site-packages/airflow/example_dags/example_latest_only_with_trigger.py
[2025-02-17T22:27:49.032-0700] {processor.py:829} INFO - Processing file /home/jparep/miniconda3/envs/dbt-env/lib/python3.11/site-packages/airflow/example_dags/example_latest_only_with_trigger.py for tasks to queue
[2025-02-17T22:27:49.034-0700] {logging_mixin.py:154} INFO - [2025-02-17T22:27:49.034-0700] {dagbag.py:536} INFO - Filling up the DagBag from /home/jparep/miniconda3/envs/dbt-env/lib/python3.11/site-packages/airflow/example_dags/example_latest_only_with_trigger.py
[2025-02-17T22:27:49.042-0700] {processor.py:839} INFO - DAG(s) dict_keys(['latest_only_with_trigger']) retrieved from /home/jparep/miniconda3/envs/dbt-env/lib/python3.11/site-packages/airflow/example_dags/example_latest_only_with_trigger.py
[2025-02-17T22:27:49.058-0700] {logging_mixin.py:154} INFO - [2025-02-17T22:27:49.057-0700] {dag.py:2941} INFO - Sync 1 DAGs
[2025-02-17T22:27:49.073-0700] {logging_mixin.py:154} INFO - [2025-02-17T22:27:49.073-0700] {dag.py:3722} INFO - Setting next_dagrun for latest_only_with_trigger to 2025-02-18T01:27:49.073304+00:00, run_after=2025-02-18T05:27:49.073304+00:00
[2025-02-17T22:27:49.097-0700] {processor.py:179} INFO - Processing /home/jparep/miniconda3/envs/dbt-env/lib/python3.11/site-packages/airflow/example_dags/example_latest_only_with_trigger.py took 0.077 seconds
[2025-02-17T22:28:26.826-0700] {processor.py:157} INFO - Started process (PID=154918) to work on /home/jparep/miniconda3/envs/dbt-env/lib/python3.11/site-packages/airflow/example_dags/example_latest_only_with_trigger.py
[2025-02-17T22:28:26.829-0700] {processor.py:829} INFO - Processing file /home/jparep/miniconda3/envs/dbt-env/lib/python3.11/site-packages/airflow/example_dags/example_latest_only_with_trigger.py for tasks to queue
[2025-02-17T22:28:26.830-0700] {logging_mixin.py:154} INFO - [2025-02-17T22:28:26.830-0700] {dagbag.py:536} INFO - Filling up the DagBag from /home/jparep/miniconda3/envs/dbt-env/lib/python3.11/site-packages/airflow/example_dags/example_latest_only_with_trigger.py
[2025-02-17T22:28:26.841-0700] {processor.py:839} INFO - DAG(s) dict_keys(['latest_only_with_trigger']) retrieved from /home/jparep/miniconda3/envs/dbt-env/lib/python3.11/site-packages/airflow/example_dags/example_latest_only_with_trigger.py
[2025-02-17T22:28:26.870-0700] {logging_mixin.py:154} INFO - [2025-02-17T22:28:26.870-0700] {dag.py:2941} INFO - Sync 1 DAGs
[2025-02-17T22:28:26.892-0700] {logging_mixin.py:154} INFO - [2025-02-17T22:28:26.891-0700] {dag.py:3722} INFO - Setting next_dagrun for latest_only_with_trigger to 2025-02-18T01:28:26.891543+00:00, run_after=2025-02-18T05:28:26.891543+00:00
[2025-02-17T22:28:26.912-0700] {processor.py:179} INFO - Processing /home/jparep/miniconda3/envs/dbt-env/lib/python3.11/site-packages/airflow/example_dags/example_latest_only_with_trigger.py took 0.091 seconds
[2025-02-17T22:29:05.718-0700] {processor.py:157} INFO - Started process (PID=155067) to work on /home/jparep/miniconda3/envs/dbt-env/lib/python3.11/site-packages/airflow/example_dags/example_latest_only_with_trigger.py
[2025-02-17T22:29:05.720-0700] {processor.py:829} INFO - Processing file /home/jparep/miniconda3/envs/dbt-env/lib/python3.11/site-packages/airflow/example_dags/example_latest_only_with_trigger.py for tasks to queue
[2025-02-17T22:29:05.720-0700] {logging_mixin.py:154} INFO - [2025-02-17T22:29:05.720-0700] {dagbag.py:536} INFO - Filling up the DagBag from /home/jparep/miniconda3/envs/dbt-env/lib/python3.11/site-packages/airflow/example_dags/example_latest_only_with_trigger.py
[2025-02-17T22:29:05.726-0700] {processor.py:839} INFO - DAG(s) dict_keys(['latest_only_with_trigger']) retrieved from /home/jparep/miniconda3/envs/dbt-env/lib/python3.11/site-packages/airflow/example_dags/example_latest_only_with_trigger.py
[2025-02-17T22:29:05.739-0700] {logging_mixin.py:154} INFO - [2025-02-17T22:29:05.739-0700] {dag.py:2941} INFO - Sync 1 DAGs
[2025-02-17T22:29:05.753-0700] {logging_mixin.py:154} INFO - [2025-02-17T22:29:05.753-0700] {dag.py:3722} INFO - Setting next_dagrun for latest_only_with_trigger to 2025-02-18T01:29:05.753289+00:00, run_after=2025-02-18T05:29:05.753289+00:00
[2025-02-17T22:29:05.769-0700] {processor.py:179} INFO - Processing /home/jparep/miniconda3/envs/dbt-env/lib/python3.11/site-packages/airflow/example_dags/example_latest_only_with_trigger.py took 0.054 seconds
[2025-02-17T22:29:51.009-0700] {processor.py:157} INFO - Started process (PID=155428) to work on /home/jparep/miniconda3/envs/dbt-env/lib/python3.11/site-packages/airflow/example_dags/example_latest_only_with_trigger.py
[2025-02-17T22:29:51.012-0700] {processor.py:829} INFO - Processing file /home/jparep/miniconda3/envs/dbt-env/lib/python3.11/site-packages/airflow/example_dags/example_latest_only_with_trigger.py for tasks to queue
[2025-02-17T22:29:51.013-0700] {logging_mixin.py:154} INFO - [2025-02-17T22:29:51.012-0700] {dagbag.py:536} INFO - Filling up the DagBag from /home/jparep/miniconda3/envs/dbt-env/lib/python3.11/site-packages/airflow/example_dags/example_latest_only_with_trigger.py
[2025-02-17T22:29:51.023-0700] {processor.py:839} INFO - DAG(s) dict_keys(['latest_only_with_trigger']) retrieved from /home/jparep/miniconda3/envs/dbt-env/lib/python3.11/site-packages/airflow/example_dags/example_latest_only_with_trigger.py
[2025-02-17T22:29:51.046-0700] {logging_mixin.py:154} INFO - [2025-02-17T22:29:51.045-0700] {dag.py:2941} INFO - Sync 1 DAGs
[2025-02-17T22:29:51.069-0700] {logging_mixin.py:154} INFO - [2025-02-17T22:29:51.069-0700] {dag.py:3722} INFO - Setting next_dagrun for latest_only_with_trigger to 2025-02-18T01:29:51.068975+00:00, run_after=2025-02-18T05:29:51.068975+00:00
[2025-02-17T22:29:51.096-0700] {processor.py:179} INFO - Processing /home/jparep/miniconda3/envs/dbt-env/lib/python3.11/site-packages/airflow/example_dags/example_latest_only_with_trigger.py took 0.091 seconds
[2025-02-17T22:30:30.218-0700] {processor.py:157} INFO - Started process (PID=155834) to work on /home/jparep/miniconda3/envs/dbt-env/lib/python3.11/site-packages/airflow/example_dags/example_latest_only_with_trigger.py
[2025-02-17T22:30:30.220-0700] {processor.py:829} INFO - Processing file /home/jparep/miniconda3/envs/dbt-env/lib/python3.11/site-packages/airflow/example_dags/example_latest_only_with_trigger.py for tasks to queue
[2025-02-17T22:30:30.221-0700] {logging_mixin.py:154} INFO - [2025-02-17T22:30:30.221-0700] {dagbag.py:536} INFO - Filling up the DagBag from /home/jparep/miniconda3/envs/dbt-env/lib/python3.11/site-packages/airflow/example_dags/example_latest_only_with_trigger.py
[2025-02-17T22:30:30.232-0700] {processor.py:839} INFO - DAG(s) dict_keys(['latest_only_with_trigger']) retrieved from /home/jparep/miniconda3/envs/dbt-env/lib/python3.11/site-packages/airflow/example_dags/example_latest_only_with_trigger.py
[2025-02-17T22:30:30.247-0700] {logging_mixin.py:154} INFO - [2025-02-17T22:30:30.247-0700] {dag.py:2941} INFO - Sync 1 DAGs
[2025-02-17T22:30:30.262-0700] {logging_mixin.py:154} INFO - [2025-02-17T22:30:30.262-0700] {dag.py:3722} INFO - Setting next_dagrun for latest_only_with_trigger to 2025-02-18T01:30:30.261794+00:00, run_after=2025-02-18T05:30:30.261794+00:00
[2025-02-17T22:30:30.278-0700] {processor.py:179} INFO - Processing /home/jparep/miniconda3/envs/dbt-env/lib/python3.11/site-packages/airflow/example_dags/example_latest_only_with_trigger.py took 0.064 seconds
[2025-02-17T22:31:20.230-0700] {processor.py:157} INFO - Started process (PID=156180) to work on /home/jparep/miniconda3/envs/dbt-env/lib/python3.11/site-packages/airflow/example_dags/example_latest_only_with_trigger.py
[2025-02-17T22:31:20.232-0700] {processor.py:829} INFO - Processing file /home/jparep/miniconda3/envs/dbt-env/lib/python3.11/site-packages/airflow/example_dags/example_latest_only_with_trigger.py for tasks to queue
[2025-02-17T22:31:20.234-0700] {logging_mixin.py:154} INFO - [2025-02-17T22:31:20.233-0700] {dagbag.py:536} INFO - Filling up the DagBag from /home/jparep/miniconda3/envs/dbt-env/lib/python3.11/site-packages/airflow/example_dags/example_latest_only_with_trigger.py
[2025-02-17T22:31:20.246-0700] {processor.py:839} INFO - DAG(s) dict_keys(['latest_only_with_trigger']) retrieved from /home/jparep/miniconda3/envs/dbt-env/lib/python3.11/site-packages/airflow/example_dags/example_latest_only_with_trigger.py
[2025-02-17T22:31:20.272-0700] {logging_mixin.py:154} INFO - [2025-02-17T22:31:20.272-0700] {dag.py:2941} INFO - Sync 1 DAGs
[2025-02-17T22:31:20.296-0700] {logging_mixin.py:154} INFO - [2025-02-17T22:31:20.296-0700] {dag.py:3722} INFO - Setting next_dagrun for latest_only_with_trigger to 2025-02-18T01:31:20.295901+00:00, run_after=2025-02-18T05:31:20.295901+00:00
[2025-02-17T22:31:20.320-0700] {processor.py:179} INFO - Processing /home/jparep/miniconda3/envs/dbt-env/lib/python3.11/site-packages/airflow/example_dags/example_latest_only_with_trigger.py took 0.096 seconds
[2025-02-17T22:31:58.769-0700] {processor.py:157} INFO - Started process (PID=156629) to work on /home/jparep/miniconda3/envs/dbt-env/lib/python3.11/site-packages/airflow/example_dags/example_latest_only_with_trigger.py
[2025-02-17T22:31:58.771-0700] {processor.py:829} INFO - Processing file /home/jparep/miniconda3/envs/dbt-env/lib/python3.11/site-packages/airflow/example_dags/example_latest_only_with_trigger.py for tasks to queue
[2025-02-17T22:31:58.772-0700] {logging_mixin.py:154} INFO - [2025-02-17T22:31:58.771-0700] {dagbag.py:536} INFO - Filling up the DagBag from /home/jparep/miniconda3/envs/dbt-env/lib/python3.11/site-packages/airflow/example_dags/example_latest_only_with_trigger.py
[2025-02-17T22:31:58.778-0700] {processor.py:839} INFO - DAG(s) dict_keys(['latest_only_with_trigger']) retrieved from /home/jparep/miniconda3/envs/dbt-env/lib/python3.11/site-packages/airflow/example_dags/example_latest_only_with_trigger.py
[2025-02-17T22:31:58.796-0700] {logging_mixin.py:154} INFO - [2025-02-17T22:31:58.796-0700] {dag.py:2941} INFO - Sync 1 DAGs
[2025-02-17T22:31:58.816-0700] {logging_mixin.py:154} INFO - [2025-02-17T22:31:58.816-0700] {dag.py:3722} INFO - Setting next_dagrun for latest_only_with_trigger to 2025-02-18T01:31:58.816468+00:00, run_after=2025-02-18T05:31:58.816468+00:00
[2025-02-17T22:31:58.839-0700] {processor.py:179} INFO - Processing /home/jparep/miniconda3/envs/dbt-env/lib/python3.11/site-packages/airflow/example_dags/example_latest_only_with_trigger.py took 0.073 seconds
[2025-02-17T22:32:35.872-0700] {processor.py:157} INFO - Started process (PID=156944) to work on /home/jparep/miniconda3/envs/dbt-env/lib/python3.11/site-packages/airflow/example_dags/example_latest_only_with_trigger.py
[2025-02-17T22:32:35.875-0700] {processor.py:829} INFO - Processing file /home/jparep/miniconda3/envs/dbt-env/lib/python3.11/site-packages/airflow/example_dags/example_latest_only_with_trigger.py for tasks to queue
[2025-02-17T22:32:35.876-0700] {logging_mixin.py:154} INFO - [2025-02-17T22:32:35.876-0700] {dagbag.py:536} INFO - Filling up the DagBag from /home/jparep/miniconda3/envs/dbt-env/lib/python3.11/site-packages/airflow/example_dags/example_latest_only_with_trigger.py
[2025-02-17T22:32:35.886-0700] {processor.py:839} INFO - DAG(s) dict_keys(['latest_only_with_trigger']) retrieved from /home/jparep/miniconda3/envs/dbt-env/lib/python3.11/site-packages/airflow/example_dags/example_latest_only_with_trigger.py
[2025-02-17T22:32:35.909-0700] {logging_mixin.py:154} INFO - [2025-02-17T22:32:35.908-0700] {dag.py:2941} INFO - Sync 1 DAGs
[2025-02-17T22:32:35.931-0700] {logging_mixin.py:154} INFO - [2025-02-17T22:32:35.931-0700] {dag.py:3722} INFO - Setting next_dagrun for latest_only_with_trigger to 2025-02-18T01:32:35.930849+00:00, run_after=2025-02-18T05:32:35.930849+00:00
[2025-02-17T22:32:35.961-0700] {processor.py:179} INFO - Processing /home/jparep/miniconda3/envs/dbt-env/lib/python3.11/site-packages/airflow/example_dags/example_latest_only_with_trigger.py took 0.093 seconds
[2025-02-17T22:33:13.394-0700] {processor.py:157} INFO - Started process (PID=157123) to work on /home/jparep/miniconda3/envs/dbt-env/lib/python3.11/site-packages/airflow/example_dags/example_latest_only_with_trigger.py
[2025-02-17T22:33:13.397-0700] {processor.py:829} INFO - Processing file /home/jparep/miniconda3/envs/dbt-env/lib/python3.11/site-packages/airflow/example_dags/example_latest_only_with_trigger.py for tasks to queue
[2025-02-17T22:33:13.398-0700] {logging_mixin.py:154} INFO - [2025-02-17T22:33:13.397-0700] {dagbag.py:536} INFO - Filling up the DagBag from /home/jparep/miniconda3/envs/dbt-env/lib/python3.11/site-packages/airflow/example_dags/example_latest_only_with_trigger.py
[2025-02-17T22:33:13.404-0700] {processor.py:839} INFO - DAG(s) dict_keys(['latest_only_with_trigger']) retrieved from /home/jparep/miniconda3/envs/dbt-env/lib/python3.11/site-packages/airflow/example_dags/example_latest_only_with_trigger.py
[2025-02-17T22:33:13.418-0700] {logging_mixin.py:154} INFO - [2025-02-17T22:33:13.418-0700] {dag.py:2941} INFO - Sync 1 DAGs
[2025-02-17T22:33:13.432-0700] {logging_mixin.py:154} INFO - [2025-02-17T22:33:13.432-0700] {dag.py:3722} INFO - Setting next_dagrun for latest_only_with_trigger to 2025-02-18T01:33:13.431821+00:00, run_after=2025-02-18T05:33:13.431821+00:00
[2025-02-17T22:33:13.447-0700] {processor.py:179} INFO - Processing /home/jparep/miniconda3/envs/dbt-env/lib/python3.11/site-packages/airflow/example_dags/example_latest_only_with_trigger.py took 0.057 seconds
[2025-02-17T22:33:56.319-0700] {processor.py:157} INFO - Started process (PID=157528) to work on /home/jparep/miniconda3/envs/dbt-env/lib/python3.11/site-packages/airflow/example_dags/example_latest_only_with_trigger.py
[2025-02-17T22:33:56.320-0700] {processor.py:829} INFO - Processing file /home/jparep/miniconda3/envs/dbt-env/lib/python3.11/site-packages/airflow/example_dags/example_latest_only_with_trigger.py for tasks to queue
[2025-02-17T22:33:56.321-0700] {logging_mixin.py:154} INFO - [2025-02-17T22:33:56.320-0700] {dagbag.py:536} INFO - Filling up the DagBag from /home/jparep/miniconda3/envs/dbt-env/lib/python3.11/site-packages/airflow/example_dags/example_latest_only_with_trigger.py
[2025-02-17T22:33:56.326-0700] {processor.py:839} INFO - DAG(s) dict_keys(['latest_only_with_trigger']) retrieved from /home/jparep/miniconda3/envs/dbt-env/lib/python3.11/site-packages/airflow/example_dags/example_latest_only_with_trigger.py
[2025-02-17T22:33:56.341-0700] {logging_mixin.py:154} INFO - [2025-02-17T22:33:56.341-0700] {dag.py:2941} INFO - Sync 1 DAGs
[2025-02-17T22:33:56.355-0700] {logging_mixin.py:154} INFO - [2025-02-17T22:33:56.355-0700] {dag.py:3722} INFO - Setting next_dagrun for latest_only_with_trigger to 2025-02-18T01:33:56.355016+00:00, run_after=2025-02-18T05:33:56.355016+00:00
[2025-02-17T22:33:56.371-0700] {processor.py:179} INFO - Processing /home/jparep/miniconda3/envs/dbt-env/lib/python3.11/site-packages/airflow/example_dags/example_latest_only_with_trigger.py took 0.055 seconds
[2025-02-17T22:34:48.704-0700] {processor.py:157} INFO - Started process (PID=157935) to work on /home/jparep/miniconda3/envs/dbt-env/lib/python3.11/site-packages/airflow/example_dags/example_latest_only_with_trigger.py
[2025-02-17T22:34:48.706-0700] {processor.py:829} INFO - Processing file /home/jparep/miniconda3/envs/dbt-env/lib/python3.11/site-packages/airflow/example_dags/example_latest_only_with_trigger.py for tasks to queue
[2025-02-17T22:34:48.708-0700] {logging_mixin.py:154} INFO - [2025-02-17T22:34:48.707-0700] {dagbag.py:536} INFO - Filling up the DagBag from /home/jparep/miniconda3/envs/dbt-env/lib/python3.11/site-packages/airflow/example_dags/example_latest_only_with_trigger.py
[2025-02-17T22:34:48.717-0700] {processor.py:839} INFO - DAG(s) dict_keys(['latest_only_with_trigger']) retrieved from /home/jparep/miniconda3/envs/dbt-env/lib/python3.11/site-packages/airflow/example_dags/example_latest_only_with_trigger.py
[2025-02-17T22:34:48.739-0700] {logging_mixin.py:154} INFO - [2025-02-17T22:34:48.739-0700] {dag.py:2941} INFO - Sync 1 DAGs
[2025-02-17T22:34:48.754-0700] {logging_mixin.py:154} INFO - [2025-02-17T22:34:48.754-0700] {dag.py:3722} INFO - Setting next_dagrun for latest_only_with_trigger to 2025-02-18T01:34:48.753860+00:00, run_after=2025-02-18T05:34:48.753860+00:00
[2025-02-17T22:34:48.775-0700] {processor.py:179} INFO - Processing /home/jparep/miniconda3/envs/dbt-env/lib/python3.11/site-packages/airflow/example_dags/example_latest_only_with_trigger.py took 0.076 seconds
[2025-02-17T22:35:44.130-0700] {processor.py:157} INFO - Started process (PID=158434) to work on /home/jparep/miniconda3/envs/dbt-env/lib/python3.11/site-packages/airflow/example_dags/example_latest_only_with_trigger.py
[2025-02-17T22:35:44.131-0700] {processor.py:829} INFO - Processing file /home/jparep/miniconda3/envs/dbt-env/lib/python3.11/site-packages/airflow/example_dags/example_latest_only_with_trigger.py for tasks to queue
[2025-02-17T22:35:44.131-0700] {logging_mixin.py:154} INFO - [2025-02-17T22:35:44.131-0700] {dagbag.py:536} INFO - Filling up the DagBag from /home/jparep/miniconda3/envs/dbt-env/lib/python3.11/site-packages/airflow/example_dags/example_latest_only_with_trigger.py
[2025-02-17T22:35:44.137-0700] {processor.py:839} INFO - DAG(s) dict_keys(['latest_only_with_trigger']) retrieved from /home/jparep/miniconda3/envs/dbt-env/lib/python3.11/site-packages/airflow/example_dags/example_latest_only_with_trigger.py
[2025-02-17T22:35:44.154-0700] {logging_mixin.py:154} INFO - [2025-02-17T22:35:44.154-0700] {dag.py:2941} INFO - Sync 1 DAGs
[2025-02-17T22:35:44.173-0700] {logging_mixin.py:154} INFO - [2025-02-17T22:35:44.173-0700] {dag.py:3722} INFO - Setting next_dagrun for latest_only_with_trigger to 2025-02-18T01:35:44.172819+00:00, run_after=2025-02-18T05:35:44.172819+00:00
[2025-02-17T22:35:44.187-0700] {processor.py:179} INFO - Processing /home/jparep/miniconda3/envs/dbt-env/lib/python3.11/site-packages/airflow/example_dags/example_latest_only_with_trigger.py took 0.060 seconds
[2025-02-17T22:36:24.178-0700] {processor.py:157} INFO - Started process (PID=158687) to work on /home/jparep/miniconda3/envs/dbt-env/lib/python3.11/site-packages/airflow/example_dags/example_latest_only_with_trigger.py
[2025-02-17T22:36:24.180-0700] {processor.py:829} INFO - Processing file /home/jparep/miniconda3/envs/dbt-env/lib/python3.11/site-packages/airflow/example_dags/example_latest_only_with_trigger.py for tasks to queue
[2025-02-17T22:36:24.181-0700] {logging_mixin.py:154} INFO - [2025-02-17T22:36:24.180-0700] {dagbag.py:536} INFO - Filling up the DagBag from /home/jparep/miniconda3/envs/dbt-env/lib/python3.11/site-packages/airflow/example_dags/example_latest_only_with_trigger.py
[2025-02-17T22:36:24.187-0700] {processor.py:839} INFO - DAG(s) dict_keys(['latest_only_with_trigger']) retrieved from /home/jparep/miniconda3/envs/dbt-env/lib/python3.11/site-packages/airflow/example_dags/example_latest_only_with_trigger.py
[2025-02-17T22:36:24.202-0700] {logging_mixin.py:154} INFO - [2025-02-17T22:36:24.202-0700] {dag.py:2941} INFO - Sync 1 DAGs
[2025-02-17T22:36:24.219-0700] {logging_mixin.py:154} INFO - [2025-02-17T22:36:24.219-0700] {dag.py:3722} INFO - Setting next_dagrun for latest_only_with_trigger to 2025-02-18T01:36:24.219091+00:00, run_after=2025-02-18T05:36:24.219091+00:00
[2025-02-17T22:36:24.239-0700] {processor.py:179} INFO - Processing /home/jparep/miniconda3/envs/dbt-env/lib/python3.11/site-packages/airflow/example_dags/example_latest_only_with_trigger.py took 0.064 seconds
[2025-02-17T22:37:03.020-0700] {processor.py:157} INFO - Started process (PID=159113) to work on /home/jparep/miniconda3/envs/dbt-env/lib/python3.11/site-packages/airflow/example_dags/example_latest_only_with_trigger.py
[2025-02-17T22:37:03.022-0700] {processor.py:829} INFO - Processing file /home/jparep/miniconda3/envs/dbt-env/lib/python3.11/site-packages/airflow/example_dags/example_latest_only_with_trigger.py for tasks to queue
[2025-02-17T22:37:03.023-0700] {logging_mixin.py:154} INFO - [2025-02-17T22:37:03.023-0700] {dagbag.py:536} INFO - Filling up the DagBag from /home/jparep/miniconda3/envs/dbt-env/lib/python3.11/site-packages/airflow/example_dags/example_latest_only_with_trigger.py
[2025-02-17T22:37:03.036-0700] {processor.py:839} INFO - DAG(s) dict_keys(['latest_only_with_trigger']) retrieved from /home/jparep/miniconda3/envs/dbt-env/lib/python3.11/site-packages/airflow/example_dags/example_latest_only_with_trigger.py
[2025-02-17T22:37:03.060-0700] {logging_mixin.py:154} INFO - [2025-02-17T22:37:03.059-0700] {dag.py:2941} INFO - Sync 1 DAGs
[2025-02-17T22:37:03.088-0700] {logging_mixin.py:154} INFO - [2025-02-17T22:37:03.088-0700] {dag.py:3722} INFO - Setting next_dagrun for latest_only_with_trigger to 2025-02-18T01:37:03.087418+00:00, run_after=2025-02-18T05:37:03.087418+00:00
[2025-02-17T22:37:03.109-0700] {processor.py:179} INFO - Processing /home/jparep/miniconda3/envs/dbt-env/lib/python3.11/site-packages/airflow/example_dags/example_latest_only_with_trigger.py took 0.096 seconds
[2025-02-17T22:37:40.733-0700] {processor.py:157} INFO - Started process (PID=159946) to work on /home/jparep/miniconda3/envs/dbt-env/lib/python3.11/site-packages/airflow/example_dags/example_latest_only_with_trigger.py
[2025-02-17T22:37:40.735-0700] {processor.py:829} INFO - Processing file /home/jparep/miniconda3/envs/dbt-env/lib/python3.11/site-packages/airflow/example_dags/example_latest_only_with_trigger.py for tasks to queue
[2025-02-17T22:37:40.737-0700] {logging_mixin.py:154} INFO - [2025-02-17T22:37:40.736-0700] {dagbag.py:536} INFO - Filling up the DagBag from /home/jparep/miniconda3/envs/dbt-env/lib/python3.11/site-packages/airflow/example_dags/example_latest_only_with_trigger.py
[2025-02-17T22:37:40.745-0700] {processor.py:839} INFO - DAG(s) dict_keys(['latest_only_with_trigger']) retrieved from /home/jparep/miniconda3/envs/dbt-env/lib/python3.11/site-packages/airflow/example_dags/example_latest_only_with_trigger.py
[2025-02-17T22:37:40.760-0700] {logging_mixin.py:154} INFO - [2025-02-17T22:37:40.760-0700] {dag.py:2941} INFO - Sync 1 DAGs
[2025-02-17T22:37:40.773-0700] {logging_mixin.py:154} INFO - [2025-02-17T22:37:40.773-0700] {dag.py:3722} INFO - Setting next_dagrun for latest_only_with_trigger to 2025-02-18T01:37:40.773385+00:00, run_after=2025-02-18T05:37:40.773385+00:00
[2025-02-17T22:37:40.792-0700] {processor.py:179} INFO - Processing /home/jparep/miniconda3/envs/dbt-env/lib/python3.11/site-packages/airflow/example_dags/example_latest_only_with_trigger.py took 0.065 seconds
[2025-02-17T22:38:33.335-0700] {processor.py:157} INFO - Started process (PID=160616) to work on /home/jparep/miniconda3/envs/dbt-env/lib/python3.11/site-packages/airflow/example_dags/example_latest_only_with_trigger.py
[2025-02-17T22:38:33.336-0700] {processor.py:829} INFO - Processing file /home/jparep/miniconda3/envs/dbt-env/lib/python3.11/site-packages/airflow/example_dags/example_latest_only_with_trigger.py for tasks to queue
[2025-02-17T22:38:33.337-0700] {logging_mixin.py:154} INFO - [2025-02-17T22:38:33.336-0700] {dagbag.py:536} INFO - Filling up the DagBag from /home/jparep/miniconda3/envs/dbt-env/lib/python3.11/site-packages/airflow/example_dags/example_latest_only_with_trigger.py
[2025-02-17T22:38:33.344-0700] {processor.py:839} INFO - DAG(s) dict_keys(['latest_only_with_trigger']) retrieved from /home/jparep/miniconda3/envs/dbt-env/lib/python3.11/site-packages/airflow/example_dags/example_latest_only_with_trigger.py
[2025-02-17T22:38:33.358-0700] {logging_mixin.py:154} INFO - [2025-02-17T22:38:33.358-0700] {dag.py:2941} INFO - Sync 1 DAGs
[2025-02-17T22:38:33.373-0700] {logging_mixin.py:154} INFO - [2025-02-17T22:38:33.373-0700] {dag.py:3722} INFO - Setting next_dagrun for latest_only_with_trigger to 2025-02-18T01:38:33.372868+00:00, run_after=2025-02-18T05:38:33.372868+00:00
[2025-02-17T22:38:33.391-0700] {processor.py:179} INFO - Processing /home/jparep/miniconda3/envs/dbt-env/lib/python3.11/site-packages/airflow/example_dags/example_latest_only_with_trigger.py took 0.060 seconds
[2025-02-17T22:39:25.892-0700] {processor.py:157} INFO - Started process (PID=161184) to work on /home/jparep/miniconda3/envs/dbt-env/lib/python3.11/site-packages/airflow/example_dags/example_latest_only_with_trigger.py
[2025-02-17T22:39:25.893-0700] {processor.py:829} INFO - Processing file /home/jparep/miniconda3/envs/dbt-env/lib/python3.11/site-packages/airflow/example_dags/example_latest_only_with_trigger.py for tasks to queue
[2025-02-17T22:39:25.894-0700] {logging_mixin.py:154} INFO - [2025-02-17T22:39:25.893-0700] {dagbag.py:536} INFO - Filling up the DagBag from /home/jparep/miniconda3/envs/dbt-env/lib/python3.11/site-packages/airflow/example_dags/example_latest_only_with_trigger.py
[2025-02-17T22:39:25.900-0700] {processor.py:839} INFO - DAG(s) dict_keys(['latest_only_with_trigger']) retrieved from /home/jparep/miniconda3/envs/dbt-env/lib/python3.11/site-packages/airflow/example_dags/example_latest_only_with_trigger.py
[2025-02-17T22:39:25.913-0700] {logging_mixin.py:154} INFO - [2025-02-17T22:39:25.913-0700] {dag.py:2941} INFO - Sync 1 DAGs
[2025-02-17T22:39:25.927-0700] {logging_mixin.py:154} INFO - [2025-02-17T22:39:25.927-0700] {dag.py:3722} INFO - Setting next_dagrun for latest_only_with_trigger to 2025-02-18T01:39:25.927470+00:00, run_after=2025-02-18T05:39:25.927470+00:00
[2025-02-17T22:39:25.944-0700] {processor.py:179} INFO - Processing /home/jparep/miniconda3/envs/dbt-env/lib/python3.11/site-packages/airflow/example_dags/example_latest_only_with_trigger.py took 0.054 seconds
[2025-02-17T22:40:05.994-0700] {processor.py:157} INFO - Started process (PID=161527) to work on /home/jparep/miniconda3/envs/dbt-env/lib/python3.11/site-packages/airflow/example_dags/example_latest_only_with_trigger.py
[2025-02-17T22:40:05.997-0700] {processor.py:829} INFO - Processing file /home/jparep/miniconda3/envs/dbt-env/lib/python3.11/site-packages/airflow/example_dags/example_latest_only_with_trigger.py for tasks to queue
[2025-02-17T22:40:05.999-0700] {logging_mixin.py:154} INFO - [2025-02-17T22:40:05.998-0700] {dagbag.py:536} INFO - Filling up the DagBag from /home/jparep/miniconda3/envs/dbt-env/lib/python3.11/site-packages/airflow/example_dags/example_latest_only_with_trigger.py
[2025-02-17T22:40:06.011-0700] {processor.py:839} INFO - DAG(s) dict_keys(['latest_only_with_trigger']) retrieved from /home/jparep/miniconda3/envs/dbt-env/lib/python3.11/site-packages/airflow/example_dags/example_latest_only_with_trigger.py
[2025-02-17T22:40:06.047-0700] {logging_mixin.py:154} INFO - [2025-02-17T22:40:06.047-0700] {dag.py:2941} INFO - Sync 1 DAGs
[2025-02-17T22:40:06.070-0700] {logging_mixin.py:154} INFO - [2025-02-17T22:40:06.070-0700] {dag.py:3722} INFO - Setting next_dagrun for latest_only_with_trigger to 2025-02-18T01:40:06.070401+00:00, run_after=2025-02-18T05:40:06.070401+00:00
[2025-02-17T22:40:06.095-0700] {processor.py:179} INFO - Processing /home/jparep/miniconda3/envs/dbt-env/lib/python3.11/site-packages/airflow/example_dags/example_latest_only_with_trigger.py took 0.106 seconds
[2025-02-17T22:40:59.969-0700] {processor.py:157} INFO - Started process (PID=161877) to work on /home/jparep/miniconda3/envs/dbt-env/lib/python3.11/site-packages/airflow/example_dags/example_latest_only_with_trigger.py
[2025-02-17T22:40:59.973-0700] {processor.py:829} INFO - Processing file /home/jparep/miniconda3/envs/dbt-env/lib/python3.11/site-packages/airflow/example_dags/example_latest_only_with_trigger.py for tasks to queue
[2025-02-17T22:40:59.974-0700] {logging_mixin.py:154} INFO - [2025-02-17T22:40:59.973-0700] {dagbag.py:536} INFO - Filling up the DagBag from /home/jparep/miniconda3/envs/dbt-env/lib/python3.11/site-packages/airflow/example_dags/example_latest_only_with_trigger.py
[2025-02-17T22:40:59.985-0700] {processor.py:839} INFO - DAG(s) dict_keys(['latest_only_with_trigger']) retrieved from /home/jparep/miniconda3/envs/dbt-env/lib/python3.11/site-packages/airflow/example_dags/example_latest_only_with_trigger.py
[2025-02-17T22:41:00.005-0700] {logging_mixin.py:154} INFO - [2025-02-17T22:41:00.005-0700] {dag.py:2941} INFO - Sync 1 DAGs
[2025-02-17T22:41:00.021-0700] {logging_mixin.py:154} INFO - [2025-02-17T22:41:00.021-0700] {dag.py:3722} INFO - Setting next_dagrun for latest_only_with_trigger to 2025-02-18T01:41:00.021046+00:00, run_after=2025-02-18T05:41:00.021046+00:00
[2025-02-17T22:41:00.044-0700] {processor.py:179} INFO - Processing /home/jparep/miniconda3/envs/dbt-env/lib/python3.11/site-packages/airflow/example_dags/example_latest_only_with_trigger.py took 0.079 seconds
[2025-02-17T22:41:39.086-0700] {processor.py:157} INFO - Started process (PID=162232) to work on /home/jparep/miniconda3/envs/dbt-env/lib/python3.11/site-packages/airflow/example_dags/example_latest_only_with_trigger.py
[2025-02-17T22:41:39.089-0700] {processor.py:829} INFO - Processing file /home/jparep/miniconda3/envs/dbt-env/lib/python3.11/site-packages/airflow/example_dags/example_latest_only_with_trigger.py for tasks to queue
[2025-02-17T22:41:39.090-0700] {logging_mixin.py:154} INFO - [2025-02-17T22:41:39.089-0700] {dagbag.py:536} INFO - Filling up the DagBag from /home/jparep/miniconda3/envs/dbt-env/lib/python3.11/site-packages/airflow/example_dags/example_latest_only_with_trigger.py
[2025-02-17T22:41:39.101-0700] {processor.py:839} INFO - DAG(s) dict_keys(['latest_only_with_trigger']) retrieved from /home/jparep/miniconda3/envs/dbt-env/lib/python3.11/site-packages/airflow/example_dags/example_latest_only_with_trigger.py
[2025-02-17T22:41:39.128-0700] {logging_mixin.py:154} INFO - [2025-02-17T22:41:39.128-0700] {dag.py:2941} INFO - Sync 1 DAGs
[2025-02-17T22:41:39.151-0700] {logging_mixin.py:154} INFO - [2025-02-17T22:41:39.151-0700] {dag.py:3722} INFO - Setting next_dagrun for latest_only_with_trigger to 2025-02-18T01:41:39.150679+00:00, run_after=2025-02-18T05:41:39.150679+00:00
[2025-02-17T22:41:39.177-0700] {processor.py:179} INFO - Processing /home/jparep/miniconda3/envs/dbt-env/lib/python3.11/site-packages/airflow/example_dags/example_latest_only_with_trigger.py took 0.095 seconds
