[2025-02-17T22:16:12.180-0700] {processor.py:157} INFO - Started process (PID=148523) to work on /home/jparep/miniconda3/envs/dbt-env/lib/python3.11/site-packages/airflow/example_dags/example_branch_python_dop_operator_3.py
[2025-02-17T22:16:12.181-0700] {processor.py:829} INFO - Processing file /home/jparep/miniconda3/envs/dbt-env/lib/python3.11/site-packages/airflow/example_dags/example_branch_python_dop_operator_3.py for tasks to queue
[2025-02-17T22:16:12.181-0700] {logging_mixin.py:154} INFO - [2025-02-17T22:16:12.181-0700] {dagbag.py:536} INFO - Filling up the DagBag from /home/jparep/miniconda3/envs/dbt-env/lib/python3.11/site-packages/airflow/example_dags/example_branch_python_dop_operator_3.py
[2025-02-17T22:16:12.188-0700] {processor.py:839} INFO - DAG(s) dict_keys(['example_branch_dop_operator_v3']) retrieved from /home/jparep/miniconda3/envs/dbt-env/lib/python3.11/site-packages/airflow/example_dags/example_branch_python_dop_operator_3.py
[2025-02-17T22:16:12.452-0700] {logging_mixin.py:154} INFO - [2025-02-17T22:16:12.452-0700] {manager.py:499} INFO - Created Permission View: %s
[2025-02-17T22:16:12.470-0700] {logging_mixin.py:154} INFO - [2025-02-17T22:16:12.469-0700] {manager.py:499} INFO - Created Permission View: %s
[2025-02-17T22:16:12.480-0700] {logging_mixin.py:154} INFO - [2025-02-17T22:16:12.480-0700] {manager.py:499} INFO - Created Permission View: %s
[2025-02-17T22:16:12.481-0700] {logging_mixin.py:154} INFO - [2025-02-17T22:16:12.481-0700] {dag.py:2941} INFO - Sync 1 DAGs
[2025-02-17T22:16:12.492-0700] {logging_mixin.py:154} INFO - [2025-02-17T22:16:12.492-0700] {dag.py:2963} INFO - Creating ORM DAG for example_branch_dop_operator_v3
[2025-02-17T22:16:12.509-0700] {logging_mixin.py:154} INFO - [2025-02-17T22:16:12.509-0700] {dag.py:3722} INFO - Setting next_dagrun for example_branch_dop_operator_v3 to 2025-02-18T05:15:00+00:00, run_after=2025-02-18T05:16:00+00:00
[2025-02-17T22:16:12.539-0700] {processor.py:179} INFO - Processing /home/jparep/miniconda3/envs/dbt-env/lib/python3.11/site-packages/airflow/example_dags/example_branch_python_dop_operator_3.py took 0.361 seconds
[2025-02-17T22:17:08.093-0700] {processor.py:157} INFO - Started process (PID=148917) to work on /home/jparep/miniconda3/envs/dbt-env/lib/python3.11/site-packages/airflow/example_dags/example_branch_python_dop_operator_3.py
[2025-02-17T22:17:08.096-0700] {processor.py:829} INFO - Processing file /home/jparep/miniconda3/envs/dbt-env/lib/python3.11/site-packages/airflow/example_dags/example_branch_python_dop_operator_3.py for tasks to queue
[2025-02-17T22:17:08.097-0700] {logging_mixin.py:154} INFO - [2025-02-17T22:17:08.096-0700] {dagbag.py:536} INFO - Filling up the DagBag from /home/jparep/miniconda3/envs/dbt-env/lib/python3.11/site-packages/airflow/example_dags/example_branch_python_dop_operator_3.py
[2025-02-17T22:17:08.108-0700] {processor.py:839} INFO - DAG(s) dict_keys(['example_branch_dop_operator_v3']) retrieved from /home/jparep/miniconda3/envs/dbt-env/lib/python3.11/site-packages/airflow/example_dags/example_branch_python_dop_operator_3.py
[2025-02-17T22:17:08.126-0700] {logging_mixin.py:154} INFO - [2025-02-17T22:17:08.126-0700] {dag.py:2941} INFO - Sync 1 DAGs
[2025-02-17T22:17:08.229-0700] {logging_mixin.py:154} INFO - [2025-02-17T22:17:08.229-0700] {dag.py:3722} INFO - Setting next_dagrun for example_branch_dop_operator_v3 to 2025-02-18T05:16:00+00:00, run_after=2025-02-18T05:17:00+00:00
[2025-02-17T22:17:08.245-0700] {processor.py:179} INFO - Processing /home/jparep/miniconda3/envs/dbt-env/lib/python3.11/site-packages/airflow/example_dags/example_branch_python_dop_operator_3.py took 0.156 seconds
[2025-02-17T22:17:59.370-0700] {processor.py:157} INFO - Started process (PID=149413) to work on /home/jparep/miniconda3/envs/dbt-env/lib/python3.11/site-packages/airflow/example_dags/example_branch_python_dop_operator_3.py
[2025-02-17T22:17:59.373-0700] {processor.py:829} INFO - Processing file /home/jparep/miniconda3/envs/dbt-env/lib/python3.11/site-packages/airflow/example_dags/example_branch_python_dop_operator_3.py for tasks to queue
[2025-02-17T22:17:59.374-0700] {logging_mixin.py:154} INFO - [2025-02-17T22:17:59.374-0700] {dagbag.py:536} INFO - Filling up the DagBag from /home/jparep/miniconda3/envs/dbt-env/lib/python3.11/site-packages/airflow/example_dags/example_branch_python_dop_operator_3.py
[2025-02-17T22:17:59.391-0700] {processor.py:839} INFO - DAG(s) dict_keys(['example_branch_dop_operator_v3']) retrieved from /home/jparep/miniconda3/envs/dbt-env/lib/python3.11/site-packages/airflow/example_dags/example_branch_python_dop_operator_3.py
[2025-02-17T22:17:59.410-0700] {logging_mixin.py:154} INFO - [2025-02-17T22:17:59.410-0700] {dag.py:2941} INFO - Sync 1 DAGs
[2025-02-17T22:17:59.442-0700] {logging_mixin.py:154} INFO - [2025-02-17T22:17:59.442-0700] {dag.py:3722} INFO - Setting next_dagrun for example_branch_dop_operator_v3 to 2025-02-18T05:16:00+00:00, run_after=2025-02-18T05:17:00+00:00
[2025-02-17T22:17:59.463-0700] {processor.py:179} INFO - Processing /home/jparep/miniconda3/envs/dbt-env/lib/python3.11/site-packages/airflow/example_dags/example_branch_python_dop_operator_3.py took 0.100 seconds
[2025-02-17T22:18:42.621-0700] {processor.py:157} INFO - Started process (PID=149870) to work on /home/jparep/miniconda3/envs/dbt-env/lib/python3.11/site-packages/airflow/example_dags/example_branch_python_dop_operator_3.py
[2025-02-17T22:18:42.622-0700] {processor.py:829} INFO - Processing file /home/jparep/miniconda3/envs/dbt-env/lib/python3.11/site-packages/airflow/example_dags/example_branch_python_dop_operator_3.py for tasks to queue
[2025-02-17T22:18:42.622-0700] {logging_mixin.py:154} INFO - [2025-02-17T22:18:42.622-0700] {dagbag.py:536} INFO - Filling up the DagBag from /home/jparep/miniconda3/envs/dbt-env/lib/python3.11/site-packages/airflow/example_dags/example_branch_python_dop_operator_3.py
[2025-02-17T22:18:42.630-0700] {processor.py:839} INFO - DAG(s) dict_keys(['example_branch_dop_operator_v3']) retrieved from /home/jparep/miniconda3/envs/dbt-env/lib/python3.11/site-packages/airflow/example_dags/example_branch_python_dop_operator_3.py
[2025-02-17T22:18:42.645-0700] {logging_mixin.py:154} INFO - [2025-02-17T22:18:42.645-0700] {dag.py:2941} INFO - Sync 1 DAGs
[2025-02-17T22:18:42.663-0700] {logging_mixin.py:154} INFO - [2025-02-17T22:18:42.662-0700] {dag.py:3722} INFO - Setting next_dagrun for example_branch_dop_operator_v3 to 2025-02-18T05:17:00+00:00, run_after=2025-02-18T05:18:00+00:00
[2025-02-17T22:18:42.679-0700] {processor.py:179} INFO - Processing /home/jparep/miniconda3/envs/dbt-env/lib/python3.11/site-packages/airflow/example_dags/example_branch_python_dop_operator_3.py took 0.061 seconds
[2025-02-17T22:19:38.593-0700] {processor.py:157} INFO - Started process (PID=150396) to work on /home/jparep/miniconda3/envs/dbt-env/lib/python3.11/site-packages/airflow/example_dags/example_branch_python_dop_operator_3.py
[2025-02-17T22:19:38.596-0700] {processor.py:829} INFO - Processing file /home/jparep/miniconda3/envs/dbt-env/lib/python3.11/site-packages/airflow/example_dags/example_branch_python_dop_operator_3.py for tasks to queue
[2025-02-17T22:19:38.604-0700] {logging_mixin.py:154} INFO - [2025-02-17T22:19:38.603-0700] {dagbag.py:536} INFO - Filling up the DagBag from /home/jparep/miniconda3/envs/dbt-env/lib/python3.11/site-packages/airflow/example_dags/example_branch_python_dop_operator_3.py
[2025-02-17T22:19:38.621-0700] {processor.py:839} INFO - DAG(s) dict_keys(['example_branch_dop_operator_v3']) retrieved from /home/jparep/miniconda3/envs/dbt-env/lib/python3.11/site-packages/airflow/example_dags/example_branch_python_dop_operator_3.py
[2025-02-17T22:19:38.646-0700] {logging_mixin.py:154} INFO - [2025-02-17T22:19:38.646-0700] {dag.py:2941} INFO - Sync 1 DAGs
[2025-02-17T22:19:38.674-0700] {logging_mixin.py:154} INFO - [2025-02-17T22:19:38.674-0700] {dag.py:3722} INFO - Setting next_dagrun for example_branch_dop_operator_v3 to 2025-02-18T05:18:00+00:00, run_after=2025-02-18T05:19:00+00:00
[2025-02-17T22:19:38.709-0700] {processor.py:179} INFO - Processing /home/jparep/miniconda3/envs/dbt-env/lib/python3.11/site-packages/airflow/example_dags/example_branch_python_dop_operator_3.py took 0.121 seconds
[2025-02-17T22:20:39.815-0700] {processor.py:157} INFO - Started process (PID=150960) to work on /home/jparep/miniconda3/envs/dbt-env/lib/python3.11/site-packages/airflow/example_dags/example_branch_python_dop_operator_3.py
[2025-02-17T22:20:39.817-0700] {processor.py:829} INFO - Processing file /home/jparep/miniconda3/envs/dbt-env/lib/python3.11/site-packages/airflow/example_dags/example_branch_python_dop_operator_3.py for tasks to queue
[2025-02-17T22:20:39.818-0700] {logging_mixin.py:154} INFO - [2025-02-17T22:20:39.818-0700] {dagbag.py:536} INFO - Filling up the DagBag from /home/jparep/miniconda3/envs/dbt-env/lib/python3.11/site-packages/airflow/example_dags/example_branch_python_dop_operator_3.py
[2025-02-17T22:20:39.828-0700] {processor.py:839} INFO - DAG(s) dict_keys(['example_branch_dop_operator_v3']) retrieved from /home/jparep/miniconda3/envs/dbt-env/lib/python3.11/site-packages/airflow/example_dags/example_branch_python_dop_operator_3.py
[2025-02-17T22:20:39.846-0700] {logging_mixin.py:154} INFO - [2025-02-17T22:20:39.845-0700] {dag.py:2941} INFO - Sync 1 DAGs
[2025-02-17T22:20:39.868-0700] {logging_mixin.py:154} INFO - [2025-02-17T22:20:39.868-0700] {dag.py:3722} INFO - Setting next_dagrun for example_branch_dop_operator_v3 to 2025-02-18T05:19:00+00:00, run_after=2025-02-18T05:20:00+00:00
[2025-02-17T22:20:39.887-0700] {processor.py:179} INFO - Processing /home/jparep/miniconda3/envs/dbt-env/lib/python3.11/site-packages/airflow/example_dags/example_branch_python_dop_operator_3.py took 0.075 seconds
[2025-02-17T22:21:33.351-0700] {processor.py:157} INFO - Started process (PID=151305) to work on /home/jparep/miniconda3/envs/dbt-env/lib/python3.11/site-packages/airflow/example_dags/example_branch_python_dop_operator_3.py
[2025-02-17T22:21:33.353-0700] {processor.py:829} INFO - Processing file /home/jparep/miniconda3/envs/dbt-env/lib/python3.11/site-packages/airflow/example_dags/example_branch_python_dop_operator_3.py for tasks to queue
[2025-02-17T22:21:33.354-0700] {logging_mixin.py:154} INFO - [2025-02-17T22:21:33.354-0700] {dagbag.py:536} INFO - Filling up the DagBag from /home/jparep/miniconda3/envs/dbt-env/lib/python3.11/site-packages/airflow/example_dags/example_branch_python_dop_operator_3.py
[2025-02-17T22:21:33.366-0700] {processor.py:839} INFO - DAG(s) dict_keys(['example_branch_dop_operator_v3']) retrieved from /home/jparep/miniconda3/envs/dbt-env/lib/python3.11/site-packages/airflow/example_dags/example_branch_python_dop_operator_3.py
[2025-02-17T22:21:33.388-0700] {logging_mixin.py:154} INFO - [2025-02-17T22:21:33.388-0700] {dag.py:2941} INFO - Sync 1 DAGs
[2025-02-17T22:21:33.416-0700] {logging_mixin.py:154} INFO - [2025-02-17T22:21:33.416-0700] {dag.py:3722} INFO - Setting next_dagrun for example_branch_dop_operator_v3 to 2025-02-18T05:20:00+00:00, run_after=2025-02-18T05:21:00+00:00
[2025-02-17T22:21:33.448-0700] {processor.py:179} INFO - Processing /home/jparep/miniconda3/envs/dbt-env/lib/python3.11/site-packages/airflow/example_dags/example_branch_python_dop_operator_3.py took 0.101 seconds
[2025-02-17T22:22:24.297-0700] {processor.py:157} INFO - Started process (PID=151701) to work on /home/jparep/miniconda3/envs/dbt-env/lib/python3.11/site-packages/airflow/example_dags/example_branch_python_dop_operator_3.py
[2025-02-17T22:22:24.300-0700] {processor.py:829} INFO - Processing file /home/jparep/miniconda3/envs/dbt-env/lib/python3.11/site-packages/airflow/example_dags/example_branch_python_dop_operator_3.py for tasks to queue
[2025-02-17T22:22:24.301-0700] {logging_mixin.py:154} INFO - [2025-02-17T22:22:24.300-0700] {dagbag.py:536} INFO - Filling up the DagBag from /home/jparep/miniconda3/envs/dbt-env/lib/python3.11/site-packages/airflow/example_dags/example_branch_python_dop_operator_3.py
[2025-02-17T22:22:24.314-0700] {processor.py:839} INFO - DAG(s) dict_keys(['example_branch_dop_operator_v3']) retrieved from /home/jparep/miniconda3/envs/dbt-env/lib/python3.11/site-packages/airflow/example_dags/example_branch_python_dop_operator_3.py
[2025-02-17T22:22:24.338-0700] {logging_mixin.py:154} INFO - [2025-02-17T22:22:24.338-0700] {dag.py:2941} INFO - Sync 1 DAGs
[2025-02-17T22:22:24.366-0700] {logging_mixin.py:154} INFO - [2025-02-17T22:22:24.366-0700] {dag.py:3722} INFO - Setting next_dagrun for example_branch_dop_operator_v3 to 2025-02-18T05:21:00+00:00, run_after=2025-02-18T05:22:00+00:00
[2025-02-17T22:22:24.397-0700] {processor.py:179} INFO - Processing /home/jparep/miniconda3/envs/dbt-env/lib/python3.11/site-packages/airflow/example_dags/example_branch_python_dop_operator_3.py took 0.105 seconds
[2025-02-17T22:23:17.376-0700] {processor.py:157} INFO - Started process (PID=152123) to work on /home/jparep/miniconda3/envs/dbt-env/lib/python3.11/site-packages/airflow/example_dags/example_branch_python_dop_operator_3.py
[2025-02-17T22:23:17.379-0700] {processor.py:829} INFO - Processing file /home/jparep/miniconda3/envs/dbt-env/lib/python3.11/site-packages/airflow/example_dags/example_branch_python_dop_operator_3.py for tasks to queue
[2025-02-17T22:23:17.381-0700] {logging_mixin.py:154} INFO - [2025-02-17T22:23:17.380-0700] {dagbag.py:536} INFO - Filling up the DagBag from /home/jparep/miniconda3/envs/dbt-env/lib/python3.11/site-packages/airflow/example_dags/example_branch_python_dop_operator_3.py
[2025-02-17T22:23:17.392-0700] {processor.py:839} INFO - DAG(s) dict_keys(['example_branch_dop_operator_v3']) retrieved from /home/jparep/miniconda3/envs/dbt-env/lib/python3.11/site-packages/airflow/example_dags/example_branch_python_dop_operator_3.py
[2025-02-17T22:23:17.419-0700] {logging_mixin.py:154} INFO - [2025-02-17T22:23:17.419-0700] {dag.py:2941} INFO - Sync 1 DAGs
[2025-02-17T22:23:17.451-0700] {logging_mixin.py:154} INFO - [2025-02-17T22:23:17.451-0700] {dag.py:3722} INFO - Setting next_dagrun for example_branch_dop_operator_v3 to 2025-02-18T05:22:00+00:00, run_after=2025-02-18T05:23:00+00:00
[2025-02-17T22:23:17.473-0700] {processor.py:179} INFO - Processing /home/jparep/miniconda3/envs/dbt-env/lib/python3.11/site-packages/airflow/example_dags/example_branch_python_dop_operator_3.py took 0.102 seconds
[2025-02-17T22:24:13.720-0700] {processor.py:157} INFO - Started process (PID=152650) to work on /home/jparep/miniconda3/envs/dbt-env/lib/python3.11/site-packages/airflow/example_dags/example_branch_python_dop_operator_3.py
[2025-02-17T22:24:13.724-0700] {processor.py:829} INFO - Processing file /home/jparep/miniconda3/envs/dbt-env/lib/python3.11/site-packages/airflow/example_dags/example_branch_python_dop_operator_3.py for tasks to queue
[2025-02-17T22:24:13.725-0700] {logging_mixin.py:154} INFO - [2025-02-17T22:24:13.724-0700] {dagbag.py:536} INFO - Filling up the DagBag from /home/jparep/miniconda3/envs/dbt-env/lib/python3.11/site-packages/airflow/example_dags/example_branch_python_dop_operator_3.py
[2025-02-17T22:24:13.738-0700] {processor.py:839} INFO - DAG(s) dict_keys(['example_branch_dop_operator_v3']) retrieved from /home/jparep/miniconda3/envs/dbt-env/lib/python3.11/site-packages/airflow/example_dags/example_branch_python_dop_operator_3.py
[2025-02-17T22:24:13.760-0700] {logging_mixin.py:154} INFO - [2025-02-17T22:24:13.760-0700] {dag.py:2941} INFO - Sync 1 DAGs
[2025-02-17T22:24:13.787-0700] {logging_mixin.py:154} INFO - [2025-02-17T22:24:13.787-0700] {dag.py:3722} INFO - Setting next_dagrun for example_branch_dop_operator_v3 to 2025-02-18T05:23:00+00:00, run_after=2025-02-18T05:24:00+00:00
[2025-02-17T22:24:13.831-0700] {processor.py:179} INFO - Processing /home/jparep/miniconda3/envs/dbt-env/lib/python3.11/site-packages/airflow/example_dags/example_branch_python_dop_operator_3.py took 0.115 seconds
[2025-02-17T22:25:04.070-0700] {processor.py:157} INFO - Started process (PID=153159) to work on /home/jparep/miniconda3/envs/dbt-env/lib/python3.11/site-packages/airflow/example_dags/example_branch_python_dop_operator_3.py
[2025-02-17T22:25:04.073-0700] {processor.py:829} INFO - Processing file /home/jparep/miniconda3/envs/dbt-env/lib/python3.11/site-packages/airflow/example_dags/example_branch_python_dop_operator_3.py for tasks to queue
[2025-02-17T22:25:04.074-0700] {logging_mixin.py:154} INFO - [2025-02-17T22:25:04.074-0700] {dagbag.py:536} INFO - Filling up the DagBag from /home/jparep/miniconda3/envs/dbt-env/lib/python3.11/site-packages/airflow/example_dags/example_branch_python_dop_operator_3.py
[2025-02-17T22:25:04.085-0700] {processor.py:839} INFO - DAG(s) dict_keys(['example_branch_dop_operator_v3']) retrieved from /home/jparep/miniconda3/envs/dbt-env/lib/python3.11/site-packages/airflow/example_dags/example_branch_python_dop_operator_3.py
[2025-02-17T22:25:04.103-0700] {logging_mixin.py:154} INFO - [2025-02-17T22:25:04.102-0700] {dag.py:2941} INFO - Sync 1 DAGs
[2025-02-17T22:25:04.128-0700] {logging_mixin.py:154} INFO - [2025-02-17T22:25:04.128-0700] {dag.py:3722} INFO - Setting next_dagrun for example_branch_dop_operator_v3 to 2025-02-18T05:24:00+00:00, run_after=2025-02-18T05:25:00+00:00
[2025-02-17T22:25:04.155-0700] {processor.py:179} INFO - Processing /home/jparep/miniconda3/envs/dbt-env/lib/python3.11/site-packages/airflow/example_dags/example_branch_python_dop_operator_3.py took 0.088 seconds
[2025-02-17T22:25:51.941-0700] {processor.py:157} INFO - Started process (PID=153452) to work on /home/jparep/miniconda3/envs/dbt-env/lib/python3.11/site-packages/airflow/example_dags/example_branch_python_dop_operator_3.py
[2025-02-17T22:25:51.943-0700] {processor.py:829} INFO - Processing file /home/jparep/miniconda3/envs/dbt-env/lib/python3.11/site-packages/airflow/example_dags/example_branch_python_dop_operator_3.py for tasks to queue
[2025-02-17T22:25:51.944-0700] {logging_mixin.py:154} INFO - [2025-02-17T22:25:51.944-0700] {dagbag.py:536} INFO - Filling up the DagBag from /home/jparep/miniconda3/envs/dbt-env/lib/python3.11/site-packages/airflow/example_dags/example_branch_python_dop_operator_3.py
[2025-02-17T22:25:51.957-0700] {processor.py:839} INFO - DAG(s) dict_keys(['example_branch_dop_operator_v3']) retrieved from /home/jparep/miniconda3/envs/dbt-env/lib/python3.11/site-packages/airflow/example_dags/example_branch_python_dop_operator_3.py
[2025-02-17T22:25:51.980-0700] {logging_mixin.py:154} INFO - [2025-02-17T22:25:51.980-0700] {dag.py:2941} INFO - Sync 1 DAGs
[2025-02-17T22:25:52.006-0700] {logging_mixin.py:154} INFO - [2025-02-17T22:25:52.006-0700] {dag.py:3722} INFO - Setting next_dagrun for example_branch_dop_operator_v3 to 2025-02-18T05:24:00+00:00, run_after=2025-02-18T05:25:00+00:00
[2025-02-17T22:25:52.026-0700] {processor.py:179} INFO - Processing /home/jparep/miniconda3/envs/dbt-env/lib/python3.11/site-packages/airflow/example_dags/example_branch_python_dop_operator_3.py took 0.090 seconds
[2025-02-17T22:26:41.765-0700] {processor.py:157} INFO - Started process (PID=153950) to work on /home/jparep/miniconda3/envs/dbt-env/lib/python3.11/site-packages/airflow/example_dags/example_branch_python_dop_operator_3.py
[2025-02-17T22:26:41.768-0700] {processor.py:829} INFO - Processing file /home/jparep/miniconda3/envs/dbt-env/lib/python3.11/site-packages/airflow/example_dags/example_branch_python_dop_operator_3.py for tasks to queue
[2025-02-17T22:26:41.769-0700] {logging_mixin.py:154} INFO - [2025-02-17T22:26:41.768-0700] {dagbag.py:536} INFO - Filling up the DagBag from /home/jparep/miniconda3/envs/dbt-env/lib/python3.11/site-packages/airflow/example_dags/example_branch_python_dop_operator_3.py
[2025-02-17T22:26:41.777-0700] {processor.py:839} INFO - DAG(s) dict_keys(['example_branch_dop_operator_v3']) retrieved from /home/jparep/miniconda3/envs/dbt-env/lib/python3.11/site-packages/airflow/example_dags/example_branch_python_dop_operator_3.py
[2025-02-17T22:26:41.793-0700] {logging_mixin.py:154} INFO - [2025-02-17T22:26:41.793-0700] {dag.py:2941} INFO - Sync 1 DAGs
[2025-02-17T22:26:41.816-0700] {logging_mixin.py:154} INFO - [2025-02-17T22:26:41.815-0700] {dag.py:3722} INFO - Setting next_dagrun for example_branch_dop_operator_v3 to 2025-02-18T05:25:00+00:00, run_after=2025-02-18T05:26:00+00:00
[2025-02-17T22:26:41.840-0700] {processor.py:179} INFO - Processing /home/jparep/miniconda3/envs/dbt-env/lib/python3.11/site-packages/airflow/example_dags/example_branch_python_dop_operator_3.py took 0.078 seconds
[2025-02-17T22:27:37.654-0700] {processor.py:157} INFO - Started process (PID=154471) to work on /home/jparep/miniconda3/envs/dbt-env/lib/python3.11/site-packages/airflow/example_dags/example_branch_python_dop_operator_3.py
[2025-02-17T22:27:37.657-0700] {processor.py:829} INFO - Processing file /home/jparep/miniconda3/envs/dbt-env/lib/python3.11/site-packages/airflow/example_dags/example_branch_python_dop_operator_3.py for tasks to queue
[2025-02-17T22:27:37.658-0700] {logging_mixin.py:154} INFO - [2025-02-17T22:27:37.657-0700] {dagbag.py:536} INFO - Filling up the DagBag from /home/jparep/miniconda3/envs/dbt-env/lib/python3.11/site-packages/airflow/example_dags/example_branch_python_dop_operator_3.py
[2025-02-17T22:27:37.670-0700] {processor.py:839} INFO - DAG(s) dict_keys(['example_branch_dop_operator_v3']) retrieved from /home/jparep/miniconda3/envs/dbt-env/lib/python3.11/site-packages/airflow/example_dags/example_branch_python_dop_operator_3.py
[2025-02-17T22:27:37.695-0700] {logging_mixin.py:154} INFO - [2025-02-17T22:27:37.695-0700] {dag.py:2941} INFO - Sync 1 DAGs
[2025-02-17T22:27:37.717-0700] {logging_mixin.py:154} INFO - [2025-02-17T22:27:37.717-0700] {dag.py:3722} INFO - Setting next_dagrun for example_branch_dop_operator_v3 to 2025-02-18T05:26:00+00:00, run_after=2025-02-18T05:27:00+00:00
[2025-02-17T22:27:37.746-0700] {processor.py:179} INFO - Processing /home/jparep/miniconda3/envs/dbt-env/lib/python3.11/site-packages/airflow/example_dags/example_branch_python_dop_operator_3.py took 0.097 seconds
[2025-02-17T22:28:32.050-0700] {processor.py:157} INFO - Started process (PID=154936) to work on /home/jparep/miniconda3/envs/dbt-env/lib/python3.11/site-packages/airflow/example_dags/example_branch_python_dop_operator_3.py
[2025-02-17T22:28:32.053-0700] {processor.py:829} INFO - Processing file /home/jparep/miniconda3/envs/dbt-env/lib/python3.11/site-packages/airflow/example_dags/example_branch_python_dop_operator_3.py for tasks to queue
[2025-02-17T22:28:32.054-0700] {logging_mixin.py:154} INFO - [2025-02-17T22:28:32.054-0700] {dagbag.py:536} INFO - Filling up the DagBag from /home/jparep/miniconda3/envs/dbt-env/lib/python3.11/site-packages/airflow/example_dags/example_branch_python_dop_operator_3.py
[2025-02-17T22:28:32.069-0700] {processor.py:839} INFO - DAG(s) dict_keys(['example_branch_dop_operator_v3']) retrieved from /home/jparep/miniconda3/envs/dbt-env/lib/python3.11/site-packages/airflow/example_dags/example_branch_python_dop_operator_3.py
[2025-02-17T22:28:32.093-0700] {logging_mixin.py:154} INFO - [2025-02-17T22:28:32.093-0700] {dag.py:2941} INFO - Sync 1 DAGs
[2025-02-17T22:28:32.123-0700] {logging_mixin.py:154} INFO - [2025-02-17T22:28:32.123-0700] {dag.py:3722} INFO - Setting next_dagrun for example_branch_dop_operator_v3 to 2025-02-18T05:27:00+00:00, run_after=2025-02-18T05:28:00+00:00
[2025-02-17T22:28:32.156-0700] {processor.py:179} INFO - Processing /home/jparep/miniconda3/envs/dbt-env/lib/python3.11/site-packages/airflow/example_dags/example_branch_python_dop_operator_3.py took 0.111 seconds
[2025-02-17T22:29:32.162-0700] {processor.py:157} INFO - Started process (PID=155364) to work on /home/jparep/miniconda3/envs/dbt-env/lib/python3.11/site-packages/airflow/example_dags/example_branch_python_dop_operator_3.py
[2025-02-17T22:29:32.164-0700] {processor.py:829} INFO - Processing file /home/jparep/miniconda3/envs/dbt-env/lib/python3.11/site-packages/airflow/example_dags/example_branch_python_dop_operator_3.py for tasks to queue
[2025-02-17T22:29:32.165-0700] {logging_mixin.py:154} INFO - [2025-02-17T22:29:32.165-0700] {dagbag.py:536} INFO - Filling up the DagBag from /home/jparep/miniconda3/envs/dbt-env/lib/python3.11/site-packages/airflow/example_dags/example_branch_python_dop_operator_3.py
[2025-02-17T22:29:32.177-0700] {processor.py:839} INFO - DAG(s) dict_keys(['example_branch_dop_operator_v3']) retrieved from /home/jparep/miniconda3/envs/dbt-env/lib/python3.11/site-packages/airflow/example_dags/example_branch_python_dop_operator_3.py
[2025-02-17T22:29:32.200-0700] {logging_mixin.py:154} INFO - [2025-02-17T22:29:32.200-0700] {dag.py:2941} INFO - Sync 1 DAGs
[2025-02-17T22:29:32.221-0700] {logging_mixin.py:154} INFO - [2025-02-17T22:29:32.221-0700] {dag.py:3722} INFO - Setting next_dagrun for example_branch_dop_operator_v3 to 2025-02-18T05:28:00+00:00, run_after=2025-02-18T05:29:00+00:00
[2025-02-17T22:29:32.243-0700] {processor.py:179} INFO - Processing /home/jparep/miniconda3/envs/dbt-env/lib/python3.11/site-packages/airflow/example_dags/example_branch_python_dop_operator_3.py took 0.084 seconds
[2025-02-17T22:30:15.056-0700] {processor.py:157} INFO - Started process (PID=155569) to work on /home/jparep/miniconda3/envs/dbt-env/lib/python3.11/site-packages/airflow/example_dags/example_branch_python_dop_operator_3.py
[2025-02-17T22:30:15.059-0700] {processor.py:829} INFO - Processing file /home/jparep/miniconda3/envs/dbt-env/lib/python3.11/site-packages/airflow/example_dags/example_branch_python_dop_operator_3.py for tasks to queue
[2025-02-17T22:30:15.060-0700] {logging_mixin.py:154} INFO - [2025-02-17T22:30:15.060-0700] {dagbag.py:536} INFO - Filling up the DagBag from /home/jparep/miniconda3/envs/dbt-env/lib/python3.11/site-packages/airflow/example_dags/example_branch_python_dop_operator_3.py
[2025-02-17T22:30:15.078-0700] {processor.py:839} INFO - DAG(s) dict_keys(['example_branch_dop_operator_v3']) retrieved from /home/jparep/miniconda3/envs/dbt-env/lib/python3.11/site-packages/airflow/example_dags/example_branch_python_dop_operator_3.py
[2025-02-17T22:30:15.100-0700] {logging_mixin.py:154} INFO - [2025-02-17T22:30:15.100-0700] {dag.py:2941} INFO - Sync 1 DAGs
[2025-02-17T22:30:15.130-0700] {logging_mixin.py:154} INFO - [2025-02-17T22:30:15.130-0700] {dag.py:3722} INFO - Setting next_dagrun for example_branch_dop_operator_v3 to 2025-02-18T05:29:00+00:00, run_after=2025-02-18T05:30:00+00:00
[2025-02-17T22:30:15.157-0700] {processor.py:179} INFO - Processing /home/jparep/miniconda3/envs/dbt-env/lib/python3.11/site-packages/airflow/example_dags/example_branch_python_dop_operator_3.py took 0.108 seconds
[2025-02-17T22:31:07.895-0700] {processor.py:157} INFO - Started process (PID=156095) to work on /home/jparep/miniconda3/envs/dbt-env/lib/python3.11/site-packages/airflow/example_dags/example_branch_python_dop_operator_3.py
[2025-02-17T22:31:07.897-0700] {processor.py:829} INFO - Processing file /home/jparep/miniconda3/envs/dbt-env/lib/python3.11/site-packages/airflow/example_dags/example_branch_python_dop_operator_3.py for tasks to queue
[2025-02-17T22:31:07.898-0700] {logging_mixin.py:154} INFO - [2025-02-17T22:31:07.897-0700] {dagbag.py:536} INFO - Filling up the DagBag from /home/jparep/miniconda3/envs/dbt-env/lib/python3.11/site-packages/airflow/example_dags/example_branch_python_dop_operator_3.py
[2025-02-17T22:31:07.907-0700] {processor.py:839} INFO - DAG(s) dict_keys(['example_branch_dop_operator_v3']) retrieved from /home/jparep/miniconda3/envs/dbt-env/lib/python3.11/site-packages/airflow/example_dags/example_branch_python_dop_operator_3.py
[2025-02-17T22:31:07.925-0700] {logging_mixin.py:154} INFO - [2025-02-17T22:31:07.924-0700] {dag.py:2941} INFO - Sync 1 DAGs
[2025-02-17T22:31:07.943-0700] {logging_mixin.py:154} INFO - [2025-02-17T22:31:07.943-0700] {dag.py:3722} INFO - Setting next_dagrun for example_branch_dop_operator_v3 to 2025-02-18T05:30:00+00:00, run_after=2025-02-18T05:31:00+00:00
[2025-02-17T22:31:07.966-0700] {processor.py:179} INFO - Processing /home/jparep/miniconda3/envs/dbt-env/lib/python3.11/site-packages/airflow/example_dags/example_branch_python_dop_operator_3.py took 0.075 seconds
[2025-02-17T22:32:03.930-0700] {processor.py:157} INFO - Started process (PID=156652) to work on /home/jparep/miniconda3/envs/dbt-env/lib/python3.11/site-packages/airflow/example_dags/example_branch_python_dop_operator_3.py
[2025-02-17T22:32:03.932-0700] {processor.py:829} INFO - Processing file /home/jparep/miniconda3/envs/dbt-env/lib/python3.11/site-packages/airflow/example_dags/example_branch_python_dop_operator_3.py for tasks to queue
[2025-02-17T22:32:03.933-0700] {logging_mixin.py:154} INFO - [2025-02-17T22:32:03.932-0700] {dagbag.py:536} INFO - Filling up the DagBag from /home/jparep/miniconda3/envs/dbt-env/lib/python3.11/site-packages/airflow/example_dags/example_branch_python_dop_operator_3.py
[2025-02-17T22:32:03.945-0700] {processor.py:839} INFO - DAG(s) dict_keys(['example_branch_dop_operator_v3']) retrieved from /home/jparep/miniconda3/envs/dbt-env/lib/python3.11/site-packages/airflow/example_dags/example_branch_python_dop_operator_3.py
[2025-02-17T22:32:03.965-0700] {logging_mixin.py:154} INFO - [2025-02-17T22:32:03.965-0700] {dag.py:2941} INFO - Sync 1 DAGs
[2025-02-17T22:32:03.985-0700] {logging_mixin.py:154} INFO - [2025-02-17T22:32:03.984-0700] {dag.py:3722} INFO - Setting next_dagrun for example_branch_dop_operator_v3 to 2025-02-18T05:31:00+00:00, run_after=2025-02-18T05:32:00+00:00
[2025-02-17T22:32:04.007-0700] {processor.py:179} INFO - Processing /home/jparep/miniconda3/envs/dbt-env/lib/python3.11/site-packages/airflow/example_dags/example_branch_python_dop_operator_3.py took 0.083 seconds
[2025-02-17T22:33:00.678-0700] {processor.py:157} INFO - Started process (PID=157039) to work on /home/jparep/miniconda3/envs/dbt-env/lib/python3.11/site-packages/airflow/example_dags/example_branch_python_dop_operator_3.py
[2025-02-17T22:33:00.681-0700] {processor.py:829} INFO - Processing file /home/jparep/miniconda3/envs/dbt-env/lib/python3.11/site-packages/airflow/example_dags/example_branch_python_dop_operator_3.py for tasks to queue
[2025-02-17T22:33:00.682-0700] {logging_mixin.py:154} INFO - [2025-02-17T22:33:00.682-0700] {dagbag.py:536} INFO - Filling up the DagBag from /home/jparep/miniconda3/envs/dbt-env/lib/python3.11/site-packages/airflow/example_dags/example_branch_python_dop_operator_3.py
[2025-02-17T22:33:00.696-0700] {processor.py:839} INFO - DAG(s) dict_keys(['example_branch_dop_operator_v3']) retrieved from /home/jparep/miniconda3/envs/dbt-env/lib/python3.11/site-packages/airflow/example_dags/example_branch_python_dop_operator_3.py
[2025-02-17T22:33:00.719-0700] {logging_mixin.py:154} INFO - [2025-02-17T22:33:00.718-0700] {dag.py:2941} INFO - Sync 1 DAGs
[2025-02-17T22:33:00.745-0700] {logging_mixin.py:154} INFO - [2025-02-17T22:33:00.745-0700] {dag.py:3722} INFO - Setting next_dagrun for example_branch_dop_operator_v3 to 2025-02-18T05:32:00+00:00, run_after=2025-02-18T05:33:00+00:00
[2025-02-17T22:33:00.780-0700] {processor.py:179} INFO - Processing /home/jparep/miniconda3/envs/dbt-env/lib/python3.11/site-packages/airflow/example_dags/example_branch_python_dop_operator_3.py took 0.106 seconds
[2025-02-17T22:33:59.736-0700] {processor.py:157} INFO - Started process (PID=157537) to work on /home/jparep/miniconda3/envs/dbt-env/lib/python3.11/site-packages/airflow/example_dags/example_branch_python_dop_operator_3.py
[2025-02-17T22:33:59.738-0700] {processor.py:829} INFO - Processing file /home/jparep/miniconda3/envs/dbt-env/lib/python3.11/site-packages/airflow/example_dags/example_branch_python_dop_operator_3.py for tasks to queue
[2025-02-17T22:33:59.739-0700] {logging_mixin.py:154} INFO - [2025-02-17T22:33:59.739-0700] {dagbag.py:536} INFO - Filling up the DagBag from /home/jparep/miniconda3/envs/dbt-env/lib/python3.11/site-packages/airflow/example_dags/example_branch_python_dop_operator_3.py
[2025-02-17T22:33:59.746-0700] {processor.py:839} INFO - DAG(s) dict_keys(['example_branch_dop_operator_v3']) retrieved from /home/jparep/miniconda3/envs/dbt-env/lib/python3.11/site-packages/airflow/example_dags/example_branch_python_dop_operator_3.py
[2025-02-17T22:33:59.759-0700] {logging_mixin.py:154} INFO - [2025-02-17T22:33:59.759-0700] {dag.py:2941} INFO - Sync 1 DAGs
[2025-02-17T22:33:59.775-0700] {logging_mixin.py:154} INFO - [2025-02-17T22:33:59.775-0700] {dag.py:3722} INFO - Setting next_dagrun for example_branch_dop_operator_v3 to 2025-02-18T05:32:00+00:00, run_after=2025-02-18T05:33:00+00:00
[2025-02-17T22:33:59.793-0700] {processor.py:179} INFO - Processing /home/jparep/miniconda3/envs/dbt-env/lib/python3.11/site-packages/airflow/example_dags/example_branch_python_dop_operator_3.py took 0.059 seconds
[2025-02-17T22:34:52.263-0700] {processor.py:157} INFO - Started process (PID=157951) to work on /home/jparep/miniconda3/envs/dbt-env/lib/python3.11/site-packages/airflow/example_dags/example_branch_python_dop_operator_3.py
[2025-02-17T22:34:52.265-0700] {processor.py:829} INFO - Processing file /home/jparep/miniconda3/envs/dbt-env/lib/python3.11/site-packages/airflow/example_dags/example_branch_python_dop_operator_3.py for tasks to queue
[2025-02-17T22:34:52.266-0700] {logging_mixin.py:154} INFO - [2025-02-17T22:34:52.265-0700] {dagbag.py:536} INFO - Filling up the DagBag from /home/jparep/miniconda3/envs/dbt-env/lib/python3.11/site-packages/airflow/example_dags/example_branch_python_dop_operator_3.py
[2025-02-17T22:34:52.278-0700] {processor.py:839} INFO - DAG(s) dict_keys(['example_branch_dop_operator_v3']) retrieved from /home/jparep/miniconda3/envs/dbt-env/lib/python3.11/site-packages/airflow/example_dags/example_branch_python_dop_operator_3.py
[2025-02-17T22:34:52.294-0700] {logging_mixin.py:154} INFO - [2025-02-17T22:34:52.294-0700] {dag.py:2941} INFO - Sync 1 DAGs
[2025-02-17T22:34:52.323-0700] {logging_mixin.py:154} INFO - [2025-02-17T22:34:52.322-0700] {dag.py:3722} INFO - Setting next_dagrun for example_branch_dop_operator_v3 to 2025-02-18T05:33:00+00:00, run_after=2025-02-18T05:34:00+00:00
[2025-02-17T22:34:52.356-0700] {processor.py:179} INFO - Processing /home/jparep/miniconda3/envs/dbt-env/lib/python3.11/site-packages/airflow/example_dags/example_branch_python_dop_operator_3.py took 0.097 seconds
[2025-02-17T22:35:49.188-0700] {processor.py:157} INFO - Started process (PID=158469) to work on /home/jparep/miniconda3/envs/dbt-env/lib/python3.11/site-packages/airflow/example_dags/example_branch_python_dop_operator_3.py
[2025-02-17T22:35:49.190-0700] {processor.py:829} INFO - Processing file /home/jparep/miniconda3/envs/dbt-env/lib/python3.11/site-packages/airflow/example_dags/example_branch_python_dop_operator_3.py for tasks to queue
[2025-02-17T22:35:49.192-0700] {logging_mixin.py:154} INFO - [2025-02-17T22:35:49.191-0700] {dagbag.py:536} INFO - Filling up the DagBag from /home/jparep/miniconda3/envs/dbt-env/lib/python3.11/site-packages/airflow/example_dags/example_branch_python_dop_operator_3.py
[2025-02-17T22:35:49.203-0700] {processor.py:839} INFO - DAG(s) dict_keys(['example_branch_dop_operator_v3']) retrieved from /home/jparep/miniconda3/envs/dbt-env/lib/python3.11/site-packages/airflow/example_dags/example_branch_python_dop_operator_3.py
[2025-02-17T22:35:49.226-0700] {logging_mixin.py:154} INFO - [2025-02-17T22:35:49.226-0700] {dag.py:2941} INFO - Sync 1 DAGs
[2025-02-17T22:35:49.244-0700] {logging_mixin.py:154} INFO - [2025-02-17T22:35:49.244-0700] {dag.py:3722} INFO - Setting next_dagrun for example_branch_dop_operator_v3 to 2025-02-18T05:34:00+00:00, run_after=2025-02-18T05:35:00+00:00
[2025-02-17T22:35:49.261-0700] {processor.py:179} INFO - Processing /home/jparep/miniconda3/envs/dbt-env/lib/python3.11/site-packages/airflow/example_dags/example_branch_python_dop_operator_3.py took 0.078 seconds
[2025-02-17T22:36:51.526-0700] {processor.py:157} INFO - Started process (PID=159035) to work on /home/jparep/miniconda3/envs/dbt-env/lib/python3.11/site-packages/airflow/example_dags/example_branch_python_dop_operator_3.py
[2025-02-17T22:36:51.529-0700] {processor.py:829} INFO - Processing file /home/jparep/miniconda3/envs/dbt-env/lib/python3.11/site-packages/airflow/example_dags/example_branch_python_dop_operator_3.py for tasks to queue
[2025-02-17T22:36:51.531-0700] {logging_mixin.py:154} INFO - [2025-02-17T22:36:51.530-0700] {dagbag.py:536} INFO - Filling up the DagBag from /home/jparep/miniconda3/envs/dbt-env/lib/python3.11/site-packages/airflow/example_dags/example_branch_python_dop_operator_3.py
[2025-02-17T22:36:51.545-0700] {processor.py:839} INFO - DAG(s) dict_keys(['example_branch_dop_operator_v3']) retrieved from /home/jparep/miniconda3/envs/dbt-env/lib/python3.11/site-packages/airflow/example_dags/example_branch_python_dop_operator_3.py
[2025-02-17T22:36:51.570-0700] {logging_mixin.py:154} INFO - [2025-02-17T22:36:51.569-0700] {dag.py:2941} INFO - Sync 1 DAGs
[2025-02-17T22:36:51.586-0700] {logging_mixin.py:154} INFO - [2025-02-17T22:36:51.586-0700] {dag.py:3722} INFO - Setting next_dagrun for example_branch_dop_operator_v3 to 2025-02-18T05:35:00+00:00, run_after=2025-02-18T05:36:00+00:00
[2025-02-17T22:36:51.603-0700] {processor.py:179} INFO - Processing /home/jparep/miniconda3/envs/dbt-env/lib/python3.11/site-packages/airflow/example_dags/example_branch_python_dop_operator_3.py took 0.081 seconds
[2025-02-17T22:37:45.716-0700] {processor.py:157} INFO - Started process (PID=160003) to work on /home/jparep/miniconda3/envs/dbt-env/lib/python3.11/site-packages/airflow/example_dags/example_branch_python_dop_operator_3.py
[2025-02-17T22:37:45.719-0700] {processor.py:829} INFO - Processing file /home/jparep/miniconda3/envs/dbt-env/lib/python3.11/site-packages/airflow/example_dags/example_branch_python_dop_operator_3.py for tasks to queue
[2025-02-17T22:37:45.721-0700] {logging_mixin.py:154} INFO - [2025-02-17T22:37:45.720-0700] {dagbag.py:536} INFO - Filling up the DagBag from /home/jparep/miniconda3/envs/dbt-env/lib/python3.11/site-packages/airflow/example_dags/example_branch_python_dop_operator_3.py
[2025-02-17T22:37:45.736-0700] {processor.py:839} INFO - DAG(s) dict_keys(['example_branch_dop_operator_v3']) retrieved from /home/jparep/miniconda3/envs/dbt-env/lib/python3.11/site-packages/airflow/example_dags/example_branch_python_dop_operator_3.py
[2025-02-17T22:37:45.759-0700] {logging_mixin.py:154} INFO - [2025-02-17T22:37:45.759-0700] {dag.py:2941} INFO - Sync 1 DAGs
[2025-02-17T22:37:45.778-0700] {logging_mixin.py:154} INFO - [2025-02-17T22:37:45.777-0700] {dag.py:3722} INFO - Setting next_dagrun for example_branch_dop_operator_v3 to 2025-02-18T05:36:00+00:00, run_after=2025-02-18T05:37:00+00:00
[2025-02-17T22:37:45.806-0700] {processor.py:179} INFO - Processing /home/jparep/miniconda3/envs/dbt-env/lib/python3.11/site-packages/airflow/example_dags/example_branch_python_dop_operator_3.py took 0.094 seconds
[2025-02-17T22:38:37.516-0700] {processor.py:157} INFO - Started process (PID=160645) to work on /home/jparep/miniconda3/envs/dbt-env/lib/python3.11/site-packages/airflow/example_dags/example_branch_python_dop_operator_3.py
[2025-02-17T22:38:37.519-0700] {processor.py:829} INFO - Processing file /home/jparep/miniconda3/envs/dbt-env/lib/python3.11/site-packages/airflow/example_dags/example_branch_python_dop_operator_3.py for tasks to queue
[2025-02-17T22:38:37.520-0700] {logging_mixin.py:154} INFO - [2025-02-17T22:38:37.519-0700] {dagbag.py:536} INFO - Filling up the DagBag from /home/jparep/miniconda3/envs/dbt-env/lib/python3.11/site-packages/airflow/example_dags/example_branch_python_dop_operator_3.py
[2025-02-17T22:38:37.530-0700] {processor.py:839} INFO - DAG(s) dict_keys(['example_branch_dop_operator_v3']) retrieved from /home/jparep/miniconda3/envs/dbt-env/lib/python3.11/site-packages/airflow/example_dags/example_branch_python_dop_operator_3.py
[2025-02-17T22:38:37.545-0700] {logging_mixin.py:154} INFO - [2025-02-17T22:38:37.545-0700] {dag.py:2941} INFO - Sync 1 DAGs
[2025-02-17T22:38:37.560-0700] {logging_mixin.py:154} INFO - [2025-02-17T22:38:37.560-0700] {dag.py:3722} INFO - Setting next_dagrun for example_branch_dop_operator_v3 to 2025-02-18T05:37:00+00:00, run_after=2025-02-18T05:38:00+00:00
[2025-02-17T22:38:37.575-0700] {processor.py:179} INFO - Processing /home/jparep/miniconda3/envs/dbt-env/lib/python3.11/site-packages/airflow/example_dags/example_branch_python_dop_operator_3.py took 0.063 seconds
[2025-02-17T22:39:31.031-0700] {processor.py:157} INFO - Started process (PID=161207) to work on /home/jparep/miniconda3/envs/dbt-env/lib/python3.11/site-packages/airflow/example_dags/example_branch_python_dop_operator_3.py
[2025-02-17T22:39:31.032-0700] {processor.py:829} INFO - Processing file /home/jparep/miniconda3/envs/dbt-env/lib/python3.11/site-packages/airflow/example_dags/example_branch_python_dop_operator_3.py for tasks to queue
[2025-02-17T22:39:31.032-0700] {logging_mixin.py:154} INFO - [2025-02-17T22:39:31.032-0700] {dagbag.py:536} INFO - Filling up the DagBag from /home/jparep/miniconda3/envs/dbt-env/lib/python3.11/site-packages/airflow/example_dags/example_branch_python_dop_operator_3.py
[2025-02-17T22:39:31.044-0700] {processor.py:839} INFO - DAG(s) dict_keys(['example_branch_dop_operator_v3']) retrieved from /home/jparep/miniconda3/envs/dbt-env/lib/python3.11/site-packages/airflow/example_dags/example_branch_python_dop_operator_3.py
[2025-02-17T22:39:31.058-0700] {logging_mixin.py:154} INFO - [2025-02-17T22:39:31.058-0700] {dag.py:2941} INFO - Sync 1 DAGs
[2025-02-17T22:39:31.076-0700] {logging_mixin.py:154} INFO - [2025-02-17T22:39:31.076-0700] {dag.py:3722} INFO - Setting next_dagrun for example_branch_dop_operator_v3 to 2025-02-18T05:38:00+00:00, run_after=2025-02-18T05:39:00+00:00
[2025-02-17T22:39:31.094-0700] {processor.py:179} INFO - Processing /home/jparep/miniconda3/envs/dbt-env/lib/python3.11/site-packages/airflow/example_dags/example_branch_python_dop_operator_3.py took 0.067 seconds
[2025-02-17T22:40:28.675-0700] {processor.py:157} INFO - Started process (PID=161666) to work on /home/jparep/miniconda3/envs/dbt-env/lib/python3.11/site-packages/airflow/example_dags/example_branch_python_dop_operator_3.py
[2025-02-17T22:40:28.677-0700] {processor.py:829} INFO - Processing file /home/jparep/miniconda3/envs/dbt-env/lib/python3.11/site-packages/airflow/example_dags/example_branch_python_dop_operator_3.py for tasks to queue
[2025-02-17T22:40:28.678-0700] {logging_mixin.py:154} INFO - [2025-02-17T22:40:28.678-0700] {dagbag.py:536} INFO - Filling up the DagBag from /home/jparep/miniconda3/envs/dbt-env/lib/python3.11/site-packages/airflow/example_dags/example_branch_python_dop_operator_3.py
[2025-02-17T22:40:28.688-0700] {processor.py:839} INFO - DAG(s) dict_keys(['example_branch_dop_operator_v3']) retrieved from /home/jparep/miniconda3/envs/dbt-env/lib/python3.11/site-packages/airflow/example_dags/example_branch_python_dop_operator_3.py
[2025-02-17T22:40:28.702-0700] {logging_mixin.py:154} INFO - [2025-02-17T22:40:28.702-0700] {dag.py:2941} INFO - Sync 1 DAGs
[2025-02-17T22:40:28.719-0700] {logging_mixin.py:154} INFO - [2025-02-17T22:40:28.719-0700] {dag.py:3722} INFO - Setting next_dagrun for example_branch_dop_operator_v3 to 2025-02-18T05:39:00+00:00, run_after=2025-02-18T05:40:00+00:00
[2025-02-17T22:40:28.739-0700] {processor.py:179} INFO - Processing /home/jparep/miniconda3/envs/dbt-env/lib/python3.11/site-packages/airflow/example_dags/example_branch_python_dop_operator_3.py took 0.068 seconds
