[2025-02-17T22:16:28.230-0700] {processor.py:157} INFO - Started process (PID=148756) to work on /home/jparep/miniconda3/envs/dbt-env/lib/python3.11/site-packages/airflow/example_dags/example_branch_datetime_operator.py
[2025-02-17T22:16:28.231-0700] {processor.py:829} INFO - Processing file /home/jparep/miniconda3/envs/dbt-env/lib/python3.11/site-packages/airflow/example_dags/example_branch_datetime_operator.py for tasks to queue
[2025-02-17T22:16:28.232-0700] {logging_mixin.py:154} INFO - [2025-02-17T22:16:28.232-0700] {dagbag.py:536} INFO - Filling up the DagBag from /home/jparep/miniconda3/envs/dbt-env/lib/python3.11/site-packages/airflow/example_dags/example_branch_datetime_operator.py
[2025-02-17T22:16:28.244-0700] {processor.py:839} INFO - DAG(s) dict_keys(['example_branch_datetime_operator', 'example_branch_datetime_operator_3', 'example_branch_datetime_operator_2']) retrieved from /home/jparep/miniconda3/envs/dbt-env/lib/python3.11/site-packages/airflow/example_dags/example_branch_datetime_operator.py
[2025-02-17T22:16:28.436-0700] {logging_mixin.py:154} INFO - [2025-02-17T22:16:28.435-0700] {manager.py:499} INFO - Created Permission View: %s
[2025-02-17T22:16:28.444-0700] {logging_mixin.py:154} INFO - [2025-02-17T22:16:28.444-0700] {manager.py:499} INFO - Created Permission View: %s
[2025-02-17T22:16:28.452-0700] {logging_mixin.py:154} INFO - [2025-02-17T22:16:28.452-0700] {manager.py:499} INFO - Created Permission View: %s
[2025-02-17T22:16:28.466-0700] {logging_mixin.py:154} INFO - [2025-02-17T22:16:28.466-0700] {manager.py:499} INFO - Created Permission View: %s
[2025-02-17T22:16:28.474-0700] {logging_mixin.py:154} INFO - [2025-02-17T22:16:28.474-0700] {manager.py:499} INFO - Created Permission View: %s
[2025-02-17T22:16:28.480-0700] {logging_mixin.py:154} INFO - [2025-02-17T22:16:28.480-0700] {manager.py:499} INFO - Created Permission View: %s
[2025-02-17T22:16:28.495-0700] {logging_mixin.py:154} INFO - [2025-02-17T22:16:28.495-0700] {manager.py:499} INFO - Created Permission View: %s
[2025-02-17T22:16:28.505-0700] {logging_mixin.py:154} INFO - [2025-02-17T22:16:28.504-0700] {manager.py:499} INFO - Created Permission View: %s
[2025-02-17T22:16:28.514-0700] {logging_mixin.py:154} INFO - [2025-02-17T22:16:28.514-0700] {manager.py:499} INFO - Created Permission View: %s
[2025-02-17T22:16:28.514-0700] {logging_mixin.py:154} INFO - [2025-02-17T22:16:28.514-0700] {dag.py:2941} INFO - Sync 3 DAGs
[2025-02-17T22:16:28.524-0700] {logging_mixin.py:154} INFO - [2025-02-17T22:16:28.524-0700] {dag.py:2963} INFO - Creating ORM DAG for example_branch_datetime_operator
[2025-02-17T22:16:28.525-0700] {logging_mixin.py:154} INFO - [2025-02-17T22:16:28.525-0700] {dag.py:2963} INFO - Creating ORM DAG for example_branch_datetime_operator_2
[2025-02-17T22:16:28.525-0700] {logging_mixin.py:154} INFO - [2025-02-17T22:16:28.525-0700] {dag.py:2963} INFO - Creating ORM DAG for example_branch_datetime_operator_3
[2025-02-17T22:16:28.535-0700] {logging_mixin.py:154} INFO - [2025-02-17T22:16:28.535-0700] {dag.py:3722} INFO - Setting next_dagrun for example_branch_datetime_operator to 2025-02-17T00:00:00+00:00, run_after=2025-02-18T00:00:00+00:00
[2025-02-17T22:16:28.536-0700] {logging_mixin.py:154} INFO - [2025-02-17T22:16:28.536-0700] {dag.py:3722} INFO - Setting next_dagrun for example_branch_datetime_operator_2 to 2025-02-17T00:00:00+00:00, run_after=2025-02-18T00:00:00+00:00
[2025-02-17T22:16:28.538-0700] {logging_mixin.py:154} INFO - [2025-02-17T22:16:28.538-0700] {dag.py:3722} INFO - Setting next_dagrun for example_branch_datetime_operator_3 to 2025-02-17T00:00:00+00:00, run_after=2025-02-18T00:00:00+00:00
[2025-02-17T22:16:28.560-0700] {processor.py:179} INFO - Processing /home/jparep/miniconda3/envs/dbt-env/lib/python3.11/site-packages/airflow/example_dags/example_branch_datetime_operator.py took 0.332 seconds
[2025-02-17T22:17:23.014-0700] {processor.py:157} INFO - Started process (PID=149015) to work on /home/jparep/miniconda3/envs/dbt-env/lib/python3.11/site-packages/airflow/example_dags/example_branch_datetime_operator.py
[2025-02-17T22:17:23.016-0700] {processor.py:829} INFO - Processing file /home/jparep/miniconda3/envs/dbt-env/lib/python3.11/site-packages/airflow/example_dags/example_branch_datetime_operator.py for tasks to queue
[2025-02-17T22:17:23.017-0700] {logging_mixin.py:154} INFO - [2025-02-17T22:17:23.016-0700] {dagbag.py:536} INFO - Filling up the DagBag from /home/jparep/miniconda3/envs/dbt-env/lib/python3.11/site-packages/airflow/example_dags/example_branch_datetime_operator.py
[2025-02-17T22:17:23.024-0700] {processor.py:839} INFO - DAG(s) dict_keys(['example_branch_datetime_operator', 'example_branch_datetime_operator_3', 'example_branch_datetime_operator_2']) retrieved from /home/jparep/miniconda3/envs/dbt-env/lib/python3.11/site-packages/airflow/example_dags/example_branch_datetime_operator.py
[2025-02-17T22:17:23.138-0700] {logging_mixin.py:154} INFO - [2025-02-17T22:17:23.138-0700] {dag.py:2941} INFO - Sync 3 DAGs
[2025-02-17T22:17:23.164-0700] {logging_mixin.py:154} INFO - [2025-02-17T22:17:23.164-0700] {dag.py:3722} INFO - Setting next_dagrun for example_branch_datetime_operator to 2025-02-17T00:00:00+00:00, run_after=2025-02-18T00:00:00+00:00
[2025-02-17T22:17:23.170-0700] {logging_mixin.py:154} INFO - [2025-02-17T22:17:23.170-0700] {dag.py:3722} INFO - Setting next_dagrun for example_branch_datetime_operator_2 to 2025-02-17T00:00:00+00:00, run_after=2025-02-18T00:00:00+00:00
[2025-02-17T22:17:23.173-0700] {logging_mixin.py:154} INFO - [2025-02-17T22:17:23.173-0700] {dag.py:3722} INFO - Setting next_dagrun for example_branch_datetime_operator_3 to 2025-02-17T00:00:00+00:00, run_after=2025-02-18T00:00:00+00:00
[2025-02-17T22:17:23.201-0700] {processor.py:179} INFO - Processing /home/jparep/miniconda3/envs/dbt-env/lib/python3.11/site-packages/airflow/example_dags/example_branch_datetime_operator.py took 0.189 seconds
[2025-02-17T22:18:28.618-0700] {processor.py:157} INFO - Started process (PID=149596) to work on /home/jparep/miniconda3/envs/dbt-env/lib/python3.11/site-packages/airflow/example_dags/example_branch_datetime_operator.py
[2025-02-17T22:18:28.619-0700] {processor.py:829} INFO - Processing file /home/jparep/miniconda3/envs/dbt-env/lib/python3.11/site-packages/airflow/example_dags/example_branch_datetime_operator.py for tasks to queue
[2025-02-17T22:18:28.620-0700] {logging_mixin.py:154} INFO - [2025-02-17T22:18:28.619-0700] {dagbag.py:536} INFO - Filling up the DagBag from /home/jparep/miniconda3/envs/dbt-env/lib/python3.11/site-packages/airflow/example_dags/example_branch_datetime_operator.py
[2025-02-17T22:18:28.628-0700] {processor.py:839} INFO - DAG(s) dict_keys(['example_branch_datetime_operator', 'example_branch_datetime_operator_2', 'example_branch_datetime_operator_3']) retrieved from /home/jparep/miniconda3/envs/dbt-env/lib/python3.11/site-packages/airflow/example_dags/example_branch_datetime_operator.py
[2025-02-17T22:18:28.647-0700] {logging_mixin.py:154} INFO - [2025-02-17T22:18:28.647-0700] {dag.py:2941} INFO - Sync 3 DAGs
[2025-02-17T22:18:28.663-0700] {logging_mixin.py:154} INFO - [2025-02-17T22:18:28.663-0700] {dag.py:3722} INFO - Setting next_dagrun for example_branch_datetime_operator to 2025-02-17T00:00:00+00:00, run_after=2025-02-18T00:00:00+00:00
[2025-02-17T22:18:28.667-0700] {logging_mixin.py:154} INFO - [2025-02-17T22:18:28.667-0700] {dag.py:3722} INFO - Setting next_dagrun for example_branch_datetime_operator_2 to 2025-02-17T00:00:00+00:00, run_after=2025-02-18T00:00:00+00:00
[2025-02-17T22:18:28.668-0700] {logging_mixin.py:154} INFO - [2025-02-17T22:18:28.668-0700] {dag.py:3722} INFO - Setting next_dagrun for example_branch_datetime_operator_3 to 2025-02-17T00:00:00+00:00, run_after=2025-02-18T00:00:00+00:00
[2025-02-17T22:18:28.686-0700] {processor.py:179} INFO - Processing /home/jparep/miniconda3/envs/dbt-env/lib/python3.11/site-packages/airflow/example_dags/example_branch_datetime_operator.py took 0.071 seconds
[2025-02-17T22:19:22.179-0700] {processor.py:157} INFO - Started process (PID=150126) to work on /home/jparep/miniconda3/envs/dbt-env/lib/python3.11/site-packages/airflow/example_dags/example_branch_datetime_operator.py
[2025-02-17T22:19:22.181-0700] {processor.py:829} INFO - Processing file /home/jparep/miniconda3/envs/dbt-env/lib/python3.11/site-packages/airflow/example_dags/example_branch_datetime_operator.py for tasks to queue
[2025-02-17T22:19:22.182-0700] {logging_mixin.py:154} INFO - [2025-02-17T22:19:22.182-0700] {dagbag.py:536} INFO - Filling up the DagBag from /home/jparep/miniconda3/envs/dbt-env/lib/python3.11/site-packages/airflow/example_dags/example_branch_datetime_operator.py
[2025-02-17T22:19:22.191-0700] {processor.py:839} INFO - DAG(s) dict_keys(['example_branch_datetime_operator_2', 'example_branch_datetime_operator', 'example_branch_datetime_operator_3']) retrieved from /home/jparep/miniconda3/envs/dbt-env/lib/python3.11/site-packages/airflow/example_dags/example_branch_datetime_operator.py
[2025-02-17T22:19:22.210-0700] {logging_mixin.py:154} INFO - [2025-02-17T22:19:22.210-0700] {dag.py:2941} INFO - Sync 3 DAGs
[2025-02-17T22:19:22.226-0700] {logging_mixin.py:154} INFO - [2025-02-17T22:19:22.226-0700] {dag.py:3722} INFO - Setting next_dagrun for example_branch_datetime_operator to 2025-02-17T00:00:00+00:00, run_after=2025-02-18T00:00:00+00:00
[2025-02-17T22:19:22.229-0700] {logging_mixin.py:154} INFO - [2025-02-17T22:19:22.229-0700] {dag.py:3722} INFO - Setting next_dagrun for example_branch_datetime_operator_2 to 2025-02-17T00:00:00+00:00, run_after=2025-02-18T00:00:00+00:00
[2025-02-17T22:19:22.231-0700] {logging_mixin.py:154} INFO - [2025-02-17T22:19:22.230-0700] {dag.py:3722} INFO - Setting next_dagrun for example_branch_datetime_operator_3 to 2025-02-17T00:00:00+00:00, run_after=2025-02-18T00:00:00+00:00
[2025-02-17T22:19:22.247-0700] {processor.py:179} INFO - Processing /home/jparep/miniconda3/envs/dbt-env/lib/python3.11/site-packages/airflow/example_dags/example_branch_datetime_operator.py took 0.070 seconds
[2025-02-17T22:20:22.386-0700] {processor.py:157} INFO - Started process (PID=150679) to work on /home/jparep/miniconda3/envs/dbt-env/lib/python3.11/site-packages/airflow/example_dags/example_branch_datetime_operator.py
[2025-02-17T22:20:22.388-0700] {processor.py:829} INFO - Processing file /home/jparep/miniconda3/envs/dbt-env/lib/python3.11/site-packages/airflow/example_dags/example_branch_datetime_operator.py for tasks to queue
[2025-02-17T22:20:22.390-0700] {logging_mixin.py:154} INFO - [2025-02-17T22:20:22.389-0700] {dagbag.py:536} INFO - Filling up the DagBag from /home/jparep/miniconda3/envs/dbt-env/lib/python3.11/site-packages/airflow/example_dags/example_branch_datetime_operator.py
[2025-02-17T22:20:22.403-0700] {processor.py:839} INFO - DAG(s) dict_keys(['example_branch_datetime_operator_2', 'example_branch_datetime_operator', 'example_branch_datetime_operator_3']) retrieved from /home/jparep/miniconda3/envs/dbt-env/lib/python3.11/site-packages/airflow/example_dags/example_branch_datetime_operator.py
[2025-02-17T22:20:22.432-0700] {logging_mixin.py:154} INFO - [2025-02-17T22:20:22.432-0700] {dag.py:2941} INFO - Sync 3 DAGs
[2025-02-17T22:20:22.457-0700] {logging_mixin.py:154} INFO - [2025-02-17T22:20:22.457-0700] {dag.py:3722} INFO - Setting next_dagrun for example_branch_datetime_operator to 2025-02-17T00:00:00+00:00, run_after=2025-02-18T00:00:00+00:00
[2025-02-17T22:20:22.462-0700] {logging_mixin.py:154} INFO - [2025-02-17T22:20:22.461-0700] {dag.py:3722} INFO - Setting next_dagrun for example_branch_datetime_operator_2 to 2025-02-17T00:00:00+00:00, run_after=2025-02-18T00:00:00+00:00
[2025-02-17T22:20:22.464-0700] {logging_mixin.py:154} INFO - [2025-02-17T22:20:22.464-0700] {dag.py:3722} INFO - Setting next_dagrun for example_branch_datetime_operator_3 to 2025-02-17T00:00:00+00:00, run_after=2025-02-18T00:00:00+00:00
[2025-02-17T22:20:22.482-0700] {processor.py:179} INFO - Processing /home/jparep/miniconda3/envs/dbt-env/lib/python3.11/site-packages/airflow/example_dags/example_branch_datetime_operator.py took 0.101 seconds
[2025-02-17T22:21:20.123-0700] {processor.py:157} INFO - Started process (PID=151220) to work on /home/jparep/miniconda3/envs/dbt-env/lib/python3.11/site-packages/airflow/example_dags/example_branch_datetime_operator.py
[2025-02-17T22:21:20.126-0700] {processor.py:829} INFO - Processing file /home/jparep/miniconda3/envs/dbt-env/lib/python3.11/site-packages/airflow/example_dags/example_branch_datetime_operator.py for tasks to queue
[2025-02-17T22:21:20.127-0700] {logging_mixin.py:154} INFO - [2025-02-17T22:21:20.126-0700] {dagbag.py:536} INFO - Filling up the DagBag from /home/jparep/miniconda3/envs/dbt-env/lib/python3.11/site-packages/airflow/example_dags/example_branch_datetime_operator.py
[2025-02-17T22:21:20.141-0700] {processor.py:839} INFO - DAG(s) dict_keys(['example_branch_datetime_operator_2', 'example_branch_datetime_operator', 'example_branch_datetime_operator_3']) retrieved from /home/jparep/miniconda3/envs/dbt-env/lib/python3.11/site-packages/airflow/example_dags/example_branch_datetime_operator.py
[2025-02-17T22:21:20.167-0700] {logging_mixin.py:154} INFO - [2025-02-17T22:21:20.167-0700] {dag.py:2941} INFO - Sync 3 DAGs
[2025-02-17T22:21:20.184-0700] {logging_mixin.py:154} INFO - [2025-02-17T22:21:20.184-0700] {dag.py:3722} INFO - Setting next_dagrun for example_branch_datetime_operator to 2025-02-17T00:00:00+00:00, run_after=2025-02-18T00:00:00+00:00
[2025-02-17T22:21:20.188-0700] {logging_mixin.py:154} INFO - [2025-02-17T22:21:20.187-0700] {dag.py:3722} INFO - Setting next_dagrun for example_branch_datetime_operator_2 to 2025-02-17T00:00:00+00:00, run_after=2025-02-18T00:00:00+00:00
[2025-02-17T22:21:20.189-0700] {logging_mixin.py:154} INFO - [2025-02-17T22:21:20.189-0700] {dag.py:3722} INFO - Setting next_dagrun for example_branch_datetime_operator_3 to 2025-02-17T00:00:00+00:00, run_after=2025-02-18T00:00:00+00:00
[2025-02-17T22:21:20.208-0700] {processor.py:179} INFO - Processing /home/jparep/miniconda3/envs/dbt-env/lib/python3.11/site-packages/airflow/example_dags/example_branch_datetime_operator.py took 0.089 seconds
[2025-02-17T22:22:09.825-0700] {processor.py:157} INFO - Started process (PID=151652) to work on /home/jparep/miniconda3/envs/dbt-env/lib/python3.11/site-packages/airflow/example_dags/example_branch_datetime_operator.py
[2025-02-17T22:22:09.828-0700] {processor.py:829} INFO - Processing file /home/jparep/miniconda3/envs/dbt-env/lib/python3.11/site-packages/airflow/example_dags/example_branch_datetime_operator.py for tasks to queue
[2025-02-17T22:22:09.829-0700] {logging_mixin.py:154} INFO - [2025-02-17T22:22:09.829-0700] {dagbag.py:536} INFO - Filling up the DagBag from /home/jparep/miniconda3/envs/dbt-env/lib/python3.11/site-packages/airflow/example_dags/example_branch_datetime_operator.py
[2025-02-17T22:22:09.843-0700] {processor.py:839} INFO - DAG(s) dict_keys(['example_branch_datetime_operator_3', 'example_branch_datetime_operator', 'example_branch_datetime_operator_2']) retrieved from /home/jparep/miniconda3/envs/dbt-env/lib/python3.11/site-packages/airflow/example_dags/example_branch_datetime_operator.py
[2025-02-17T22:22:09.870-0700] {logging_mixin.py:154} INFO - [2025-02-17T22:22:09.870-0700] {dag.py:2941} INFO - Sync 3 DAGs
[2025-02-17T22:22:09.895-0700] {logging_mixin.py:154} INFO - [2025-02-17T22:22:09.895-0700] {dag.py:3722} INFO - Setting next_dagrun for example_branch_datetime_operator to 2025-02-17T00:00:00+00:00, run_after=2025-02-18T00:00:00+00:00
[2025-02-17T22:22:09.899-0700] {logging_mixin.py:154} INFO - [2025-02-17T22:22:09.899-0700] {dag.py:3722} INFO - Setting next_dagrun for example_branch_datetime_operator_2 to 2025-02-17T00:00:00+00:00, run_after=2025-02-18T00:00:00+00:00
[2025-02-17T22:22:09.901-0700] {logging_mixin.py:154} INFO - [2025-02-17T22:22:09.901-0700] {dag.py:3722} INFO - Setting next_dagrun for example_branch_datetime_operator_3 to 2025-02-17T00:00:00+00:00, run_after=2025-02-18T00:00:00+00:00
[2025-02-17T22:22:09.927-0700] {processor.py:179} INFO - Processing /home/jparep/miniconda3/envs/dbt-env/lib/python3.11/site-packages/airflow/example_dags/example_branch_datetime_operator.py took 0.106 seconds
[2025-02-17T22:23:03.501-0700] {processor.py:157} INFO - Started process (PID=152031) to work on /home/jparep/miniconda3/envs/dbt-env/lib/python3.11/site-packages/airflow/example_dags/example_branch_datetime_operator.py
[2025-02-17T22:23:03.504-0700] {processor.py:829} INFO - Processing file /home/jparep/miniconda3/envs/dbt-env/lib/python3.11/site-packages/airflow/example_dags/example_branch_datetime_operator.py for tasks to queue
[2025-02-17T22:23:03.506-0700] {logging_mixin.py:154} INFO - [2025-02-17T22:23:03.505-0700] {dagbag.py:536} INFO - Filling up the DagBag from /home/jparep/miniconda3/envs/dbt-env/lib/python3.11/site-packages/airflow/example_dags/example_branch_datetime_operator.py
[2025-02-17T22:23:03.520-0700] {processor.py:839} INFO - DAG(s) dict_keys(['example_branch_datetime_operator', 'example_branch_datetime_operator_3', 'example_branch_datetime_operator_2']) retrieved from /home/jparep/miniconda3/envs/dbt-env/lib/python3.11/site-packages/airflow/example_dags/example_branch_datetime_operator.py
[2025-02-17T22:23:03.539-0700] {logging_mixin.py:154} INFO - [2025-02-17T22:23:03.539-0700] {dag.py:2941} INFO - Sync 3 DAGs
[2025-02-17T22:23:03.563-0700] {logging_mixin.py:154} INFO - [2025-02-17T22:23:03.563-0700] {dag.py:3722} INFO - Setting next_dagrun for example_branch_datetime_operator to 2025-02-17T00:00:00+00:00, run_after=2025-02-18T00:00:00+00:00
[2025-02-17T22:23:03.568-0700] {logging_mixin.py:154} INFO - [2025-02-17T22:23:03.568-0700] {dag.py:3722} INFO - Setting next_dagrun for example_branch_datetime_operator_2 to 2025-02-17T00:00:00+00:00, run_after=2025-02-18T00:00:00+00:00
[2025-02-17T22:23:03.570-0700] {logging_mixin.py:154} INFO - [2025-02-17T22:23:03.570-0700] {dag.py:3722} INFO - Setting next_dagrun for example_branch_datetime_operator_3 to 2025-02-17T00:00:00+00:00, run_after=2025-02-18T00:00:00+00:00
[2025-02-17T22:23:03.597-0700] {processor.py:179} INFO - Processing /home/jparep/miniconda3/envs/dbt-env/lib/python3.11/site-packages/airflow/example_dags/example_branch_datetime_operator.py took 0.100 seconds
[2025-02-17T22:23:57.906-0700] {processor.py:157} INFO - Started process (PID=152558) to work on /home/jparep/miniconda3/envs/dbt-env/lib/python3.11/site-packages/airflow/example_dags/example_branch_datetime_operator.py
[2025-02-17T22:23:57.909-0700] {processor.py:829} INFO - Processing file /home/jparep/miniconda3/envs/dbt-env/lib/python3.11/site-packages/airflow/example_dags/example_branch_datetime_operator.py for tasks to queue
[2025-02-17T22:23:57.911-0700] {logging_mixin.py:154} INFO - [2025-02-17T22:23:57.910-0700] {dagbag.py:536} INFO - Filling up the DagBag from /home/jparep/miniconda3/envs/dbt-env/lib/python3.11/site-packages/airflow/example_dags/example_branch_datetime_operator.py
[2025-02-17T22:23:57.925-0700] {processor.py:839} INFO - DAG(s) dict_keys(['example_branch_datetime_operator_3', 'example_branch_datetime_operator', 'example_branch_datetime_operator_2']) retrieved from /home/jparep/miniconda3/envs/dbt-env/lib/python3.11/site-packages/airflow/example_dags/example_branch_datetime_operator.py
[2025-02-17T22:23:57.955-0700] {logging_mixin.py:154} INFO - [2025-02-17T22:23:57.955-0700] {dag.py:2941} INFO - Sync 3 DAGs
[2025-02-17T22:23:57.981-0700] {logging_mixin.py:154} INFO - [2025-02-17T22:23:57.981-0700] {dag.py:3722} INFO - Setting next_dagrun for example_branch_datetime_operator to 2025-02-17T00:00:00+00:00, run_after=2025-02-18T00:00:00+00:00
[2025-02-17T22:23:57.985-0700] {logging_mixin.py:154} INFO - [2025-02-17T22:23:57.985-0700] {dag.py:3722} INFO - Setting next_dagrun for example_branch_datetime_operator_2 to 2025-02-17T00:00:00+00:00, run_after=2025-02-18T00:00:00+00:00
[2025-02-17T22:23:57.987-0700] {logging_mixin.py:154} INFO - [2025-02-17T22:23:57.987-0700] {dag.py:3722} INFO - Setting next_dagrun for example_branch_datetime_operator_3 to 2025-02-17T00:00:00+00:00, run_after=2025-02-18T00:00:00+00:00
[2025-02-17T22:23:58.007-0700] {processor.py:179} INFO - Processing /home/jparep/miniconda3/envs/dbt-env/lib/python3.11/site-packages/airflow/example_dags/example_branch_datetime_operator.py took 0.105 seconds
[2025-02-17T22:24:51.905-0700] {processor.py:157} INFO - Started process (PID=152898) to work on /home/jparep/miniconda3/envs/dbt-env/lib/python3.11/site-packages/airflow/example_dags/example_branch_datetime_operator.py
[2025-02-17T22:24:51.908-0700] {processor.py:829} INFO - Processing file /home/jparep/miniconda3/envs/dbt-env/lib/python3.11/site-packages/airflow/example_dags/example_branch_datetime_operator.py for tasks to queue
[2025-02-17T22:24:51.909-0700] {logging_mixin.py:154} INFO - [2025-02-17T22:24:51.908-0700] {dagbag.py:536} INFO - Filling up the DagBag from /home/jparep/miniconda3/envs/dbt-env/lib/python3.11/site-packages/airflow/example_dags/example_branch_datetime_operator.py
[2025-02-17T22:24:51.923-0700] {processor.py:839} INFO - DAG(s) dict_keys(['example_branch_datetime_operator_2', 'example_branch_datetime_operator_3', 'example_branch_datetime_operator']) retrieved from /home/jparep/miniconda3/envs/dbt-env/lib/python3.11/site-packages/airflow/example_dags/example_branch_datetime_operator.py
[2025-02-17T22:24:51.955-0700] {logging_mixin.py:154} INFO - [2025-02-17T22:24:51.955-0700] {dag.py:2941} INFO - Sync 3 DAGs
[2025-02-17T22:24:51.983-0700] {logging_mixin.py:154} INFO - [2025-02-17T22:24:51.983-0700] {dag.py:3722} INFO - Setting next_dagrun for example_branch_datetime_operator to 2025-02-17T00:00:00+00:00, run_after=2025-02-18T00:00:00+00:00
[2025-02-17T22:24:51.988-0700] {logging_mixin.py:154} INFO - [2025-02-17T22:24:51.988-0700] {dag.py:3722} INFO - Setting next_dagrun for example_branch_datetime_operator_2 to 2025-02-17T00:00:00+00:00, run_after=2025-02-18T00:00:00+00:00
[2025-02-17T22:24:51.990-0700] {logging_mixin.py:154} INFO - [2025-02-17T22:24:51.990-0700] {dag.py:3722} INFO - Setting next_dagrun for example_branch_datetime_operator_3 to 2025-02-17T00:00:00+00:00, run_after=2025-02-18T00:00:00+00:00
[2025-02-17T22:24:52.021-0700] {processor.py:179} INFO - Processing /home/jparep/miniconda3/envs/dbt-env/lib/python3.11/site-packages/airflow/example_dags/example_branch_datetime_operator.py took 0.120 seconds
[2025-02-17T22:25:55.152-0700] {processor.py:157} INFO - Started process (PID=153468) to work on /home/jparep/miniconda3/envs/dbt-env/lib/python3.11/site-packages/airflow/example_dags/example_branch_datetime_operator.py
[2025-02-17T22:25:55.155-0700] {processor.py:829} INFO - Processing file /home/jparep/miniconda3/envs/dbt-env/lib/python3.11/site-packages/airflow/example_dags/example_branch_datetime_operator.py for tasks to queue
[2025-02-17T22:25:55.156-0700] {logging_mixin.py:154} INFO - [2025-02-17T22:25:55.155-0700] {dagbag.py:536} INFO - Filling up the DagBag from /home/jparep/miniconda3/envs/dbt-env/lib/python3.11/site-packages/airflow/example_dags/example_branch_datetime_operator.py
[2025-02-17T22:25:55.170-0700] {processor.py:839} INFO - DAG(s) dict_keys(['example_branch_datetime_operator_3', 'example_branch_datetime_operator_2', 'example_branch_datetime_operator']) retrieved from /home/jparep/miniconda3/envs/dbt-env/lib/python3.11/site-packages/airflow/example_dags/example_branch_datetime_operator.py
[2025-02-17T22:25:55.204-0700] {logging_mixin.py:154} INFO - [2025-02-17T22:25:55.203-0700] {dag.py:2941} INFO - Sync 3 DAGs
[2025-02-17T22:25:55.229-0700] {logging_mixin.py:154} INFO - [2025-02-17T22:25:55.228-0700] {dag.py:3722} INFO - Setting next_dagrun for example_branch_datetime_operator to 2025-02-17T00:00:00+00:00, run_after=2025-02-18T00:00:00+00:00
[2025-02-17T22:25:55.232-0700] {logging_mixin.py:154} INFO - [2025-02-17T22:25:55.232-0700] {dag.py:3722} INFO - Setting next_dagrun for example_branch_datetime_operator_2 to 2025-02-17T00:00:00+00:00, run_after=2025-02-18T00:00:00+00:00
[2025-02-17T22:25:55.234-0700] {logging_mixin.py:154} INFO - [2025-02-17T22:25:55.234-0700] {dag.py:3722} INFO - Setting next_dagrun for example_branch_datetime_operator_3 to 2025-02-17T00:00:00+00:00, run_after=2025-02-18T00:00:00+00:00
[2025-02-17T22:25:55.252-0700] {processor.py:179} INFO - Processing /home/jparep/miniconda3/envs/dbt-env/lib/python3.11/site-packages/airflow/example_dags/example_branch_datetime_operator.py took 0.105 seconds
[2025-02-17T22:26:46.016-0700] {processor.py:157} INFO - Started process (PID=153981) to work on /home/jparep/miniconda3/envs/dbt-env/lib/python3.11/site-packages/airflow/example_dags/example_branch_datetime_operator.py
[2025-02-17T22:26:46.018-0700] {processor.py:829} INFO - Processing file /home/jparep/miniconda3/envs/dbt-env/lib/python3.11/site-packages/airflow/example_dags/example_branch_datetime_operator.py for tasks to queue
[2025-02-17T22:26:46.020-0700] {logging_mixin.py:154} INFO - [2025-02-17T22:26:46.019-0700] {dagbag.py:536} INFO - Filling up the DagBag from /home/jparep/miniconda3/envs/dbt-env/lib/python3.11/site-packages/airflow/example_dags/example_branch_datetime_operator.py
[2025-02-17T22:26:46.034-0700] {processor.py:839} INFO - DAG(s) dict_keys(['example_branch_datetime_operator', 'example_branch_datetime_operator_3', 'example_branch_datetime_operator_2']) retrieved from /home/jparep/miniconda3/envs/dbt-env/lib/python3.11/site-packages/airflow/example_dags/example_branch_datetime_operator.py
[2025-02-17T22:26:46.063-0700] {logging_mixin.py:154} INFO - [2025-02-17T22:26:46.063-0700] {dag.py:2941} INFO - Sync 3 DAGs
[2025-02-17T22:26:46.092-0700] {logging_mixin.py:154} INFO - [2025-02-17T22:26:46.092-0700] {dag.py:3722} INFO - Setting next_dagrun for example_branch_datetime_operator to 2025-02-17T00:00:00+00:00, run_after=2025-02-18T00:00:00+00:00
[2025-02-17T22:26:46.097-0700] {logging_mixin.py:154} INFO - [2025-02-17T22:26:46.097-0700] {dag.py:3722} INFO - Setting next_dagrun for example_branch_datetime_operator_2 to 2025-02-17T00:00:00+00:00, run_after=2025-02-18T00:00:00+00:00
[2025-02-17T22:26:46.100-0700] {logging_mixin.py:154} INFO - [2025-02-17T22:26:46.100-0700] {dag.py:3722} INFO - Setting next_dagrun for example_branch_datetime_operator_3 to 2025-02-17T00:00:00+00:00, run_after=2025-02-18T00:00:00+00:00
[2025-02-17T22:26:46.132-0700] {processor.py:179} INFO - Processing /home/jparep/miniconda3/envs/dbt-env/lib/python3.11/site-packages/airflow/example_dags/example_branch_datetime_operator.py took 0.121 seconds
[2025-02-17T22:27:42.161-0700] {processor.py:157} INFO - Started process (PID=154499) to work on /home/jparep/miniconda3/envs/dbt-env/lib/python3.11/site-packages/airflow/example_dags/example_branch_datetime_operator.py
[2025-02-17T22:27:42.163-0700] {processor.py:829} INFO - Processing file /home/jparep/miniconda3/envs/dbt-env/lib/python3.11/site-packages/airflow/example_dags/example_branch_datetime_operator.py for tasks to queue
[2025-02-17T22:27:42.164-0700] {logging_mixin.py:154} INFO - [2025-02-17T22:27:42.163-0700] {dagbag.py:536} INFO - Filling up the DagBag from /home/jparep/miniconda3/envs/dbt-env/lib/python3.11/site-packages/airflow/example_dags/example_branch_datetime_operator.py
[2025-02-17T22:27:42.177-0700] {processor.py:839} INFO - DAG(s) dict_keys(['example_branch_datetime_operator', 'example_branch_datetime_operator_2', 'example_branch_datetime_operator_3']) retrieved from /home/jparep/miniconda3/envs/dbt-env/lib/python3.11/site-packages/airflow/example_dags/example_branch_datetime_operator.py
[2025-02-17T22:27:42.208-0700] {logging_mixin.py:154} INFO - [2025-02-17T22:27:42.207-0700] {dag.py:2941} INFO - Sync 3 DAGs
[2025-02-17T22:27:42.230-0700] {logging_mixin.py:154} INFO - [2025-02-17T22:27:42.230-0700] {dag.py:3722} INFO - Setting next_dagrun for example_branch_datetime_operator to 2025-02-17T00:00:00+00:00, run_after=2025-02-18T00:00:00+00:00
[2025-02-17T22:27:42.233-0700] {logging_mixin.py:154} INFO - [2025-02-17T22:27:42.233-0700] {dag.py:3722} INFO - Setting next_dagrun for example_branch_datetime_operator_2 to 2025-02-17T00:00:00+00:00, run_after=2025-02-18T00:00:00+00:00
[2025-02-17T22:27:42.235-0700] {logging_mixin.py:154} INFO - [2025-02-17T22:27:42.235-0700] {dag.py:3722} INFO - Setting next_dagrun for example_branch_datetime_operator_3 to 2025-02-17T00:00:00+00:00, run_after=2025-02-18T00:00:00+00:00
[2025-02-17T22:27:42.255-0700] {processor.py:179} INFO - Processing /home/jparep/miniconda3/envs/dbt-env/lib/python3.11/site-packages/airflow/example_dags/example_branch_datetime_operator.py took 0.097 seconds
[2025-02-17T22:28:36.048-0700] {processor.py:157} INFO - Started process (PID=154952) to work on /home/jparep/miniconda3/envs/dbt-env/lib/python3.11/site-packages/airflow/example_dags/example_branch_datetime_operator.py
[2025-02-17T22:28:36.051-0700] {processor.py:829} INFO - Processing file /home/jparep/miniconda3/envs/dbt-env/lib/python3.11/site-packages/airflow/example_dags/example_branch_datetime_operator.py for tasks to queue
[2025-02-17T22:28:36.052-0700] {logging_mixin.py:154} INFO - [2025-02-17T22:28:36.051-0700] {dagbag.py:536} INFO - Filling up the DagBag from /home/jparep/miniconda3/envs/dbt-env/lib/python3.11/site-packages/airflow/example_dags/example_branch_datetime_operator.py
[2025-02-17T22:28:36.067-0700] {processor.py:839} INFO - DAG(s) dict_keys(['example_branch_datetime_operator', 'example_branch_datetime_operator_2', 'example_branch_datetime_operator_3']) retrieved from /home/jparep/miniconda3/envs/dbt-env/lib/python3.11/site-packages/airflow/example_dags/example_branch_datetime_operator.py
[2025-02-17T22:28:36.105-0700] {logging_mixin.py:154} INFO - [2025-02-17T22:28:36.104-0700] {dag.py:2941} INFO - Sync 3 DAGs
[2025-02-17T22:28:36.128-0700] {logging_mixin.py:154} INFO - [2025-02-17T22:28:36.127-0700] {dag.py:3722} INFO - Setting next_dagrun for example_branch_datetime_operator to 2025-02-17T00:00:00+00:00, run_after=2025-02-18T00:00:00+00:00
[2025-02-17T22:28:36.131-0700] {logging_mixin.py:154} INFO - [2025-02-17T22:28:36.131-0700] {dag.py:3722} INFO - Setting next_dagrun for example_branch_datetime_operator_2 to 2025-02-17T00:00:00+00:00, run_after=2025-02-18T00:00:00+00:00
[2025-02-17T22:28:36.133-0700] {logging_mixin.py:154} INFO - [2025-02-17T22:28:36.132-0700] {dag.py:3722} INFO - Setting next_dagrun for example_branch_datetime_operator_3 to 2025-02-17T00:00:00+00:00, run_after=2025-02-18T00:00:00+00:00
[2025-02-17T22:28:36.152-0700] {processor.py:179} INFO - Processing /home/jparep/miniconda3/envs/dbt-env/lib/python3.11/site-packages/airflow/example_dags/example_branch_datetime_operator.py took 0.110 seconds
[2025-02-17T22:29:38.979-0700] {processor.py:157} INFO - Started process (PID=155392) to work on /home/jparep/miniconda3/envs/dbt-env/lib/python3.11/site-packages/airflow/example_dags/example_branch_datetime_operator.py
[2025-02-17T22:29:38.982-0700] {processor.py:829} INFO - Processing file /home/jparep/miniconda3/envs/dbt-env/lib/python3.11/site-packages/airflow/example_dags/example_branch_datetime_operator.py for tasks to queue
[2025-02-17T22:29:38.984-0700] {logging_mixin.py:154} INFO - [2025-02-17T22:29:38.983-0700] {dagbag.py:536} INFO - Filling up the DagBag from /home/jparep/miniconda3/envs/dbt-env/lib/python3.11/site-packages/airflow/example_dags/example_branch_datetime_operator.py
[2025-02-17T22:29:38.999-0700] {processor.py:839} INFO - DAG(s) dict_keys(['example_branch_datetime_operator_3', 'example_branch_datetime_operator_2', 'example_branch_datetime_operator']) retrieved from /home/jparep/miniconda3/envs/dbt-env/lib/python3.11/site-packages/airflow/example_dags/example_branch_datetime_operator.py
[2025-02-17T22:29:39.021-0700] {logging_mixin.py:154} INFO - [2025-02-17T22:29:39.021-0700] {dag.py:2941} INFO - Sync 3 DAGs
[2025-02-17T22:29:39.039-0700] {logging_mixin.py:154} INFO - [2025-02-17T22:29:39.039-0700] {dag.py:3722} INFO - Setting next_dagrun for example_branch_datetime_operator to 2025-02-17T00:00:00+00:00, run_after=2025-02-18T00:00:00+00:00
[2025-02-17T22:29:39.042-0700] {logging_mixin.py:154} INFO - [2025-02-17T22:29:39.042-0700] {dag.py:3722} INFO - Setting next_dagrun for example_branch_datetime_operator_2 to 2025-02-17T00:00:00+00:00, run_after=2025-02-18T00:00:00+00:00
[2025-02-17T22:29:39.044-0700] {logging_mixin.py:154} INFO - [2025-02-17T22:29:39.044-0700] {dag.py:3722} INFO - Setting next_dagrun for example_branch_datetime_operator_3 to 2025-02-17T00:00:00+00:00, run_after=2025-02-18T00:00:00+00:00
[2025-02-17T22:29:39.064-0700] {processor.py:179} INFO - Processing /home/jparep/miniconda3/envs/dbt-env/lib/python3.11/site-packages/airflow/example_dags/example_branch_datetime_operator.py took 0.089 seconds
[2025-02-17T22:30:39.356-0700] {processor.py:157} INFO - Started process (PID=155909) to work on /home/jparep/miniconda3/envs/dbt-env/lib/python3.11/site-packages/airflow/example_dags/example_branch_datetime_operator.py
[2025-02-17T22:30:39.358-0700] {processor.py:829} INFO - Processing file /home/jparep/miniconda3/envs/dbt-env/lib/python3.11/site-packages/airflow/example_dags/example_branch_datetime_operator.py for tasks to queue
[2025-02-17T22:30:39.359-0700] {logging_mixin.py:154} INFO - [2025-02-17T22:30:39.358-0700] {dagbag.py:536} INFO - Filling up the DagBag from /home/jparep/miniconda3/envs/dbt-env/lib/python3.11/site-packages/airflow/example_dags/example_branch_datetime_operator.py
[2025-02-17T22:30:39.368-0700] {processor.py:839} INFO - DAG(s) dict_keys(['example_branch_datetime_operator_2', 'example_branch_datetime_operator_3', 'example_branch_datetime_operator']) retrieved from /home/jparep/miniconda3/envs/dbt-env/lib/python3.11/site-packages/airflow/example_dags/example_branch_datetime_operator.py
[2025-02-17T22:30:39.397-0700] {logging_mixin.py:154} INFO - [2025-02-17T22:30:39.397-0700] {dag.py:2941} INFO - Sync 3 DAGs
[2025-02-17T22:30:39.418-0700] {logging_mixin.py:154} INFO - [2025-02-17T22:30:39.418-0700] {dag.py:3722} INFO - Setting next_dagrun for example_branch_datetime_operator to 2025-02-17T00:00:00+00:00, run_after=2025-02-18T00:00:00+00:00
[2025-02-17T22:30:39.422-0700] {logging_mixin.py:154} INFO - [2025-02-17T22:30:39.422-0700] {dag.py:3722} INFO - Setting next_dagrun for example_branch_datetime_operator_2 to 2025-02-17T00:00:00+00:00, run_after=2025-02-18T00:00:00+00:00
[2025-02-17T22:30:39.424-0700] {logging_mixin.py:154} INFO - [2025-02-17T22:30:39.424-0700] {dag.py:3722} INFO - Setting next_dagrun for example_branch_datetime_operator_3 to 2025-02-17T00:00:00+00:00, run_after=2025-02-18T00:00:00+00:00
[2025-02-17T22:30:39.443-0700] {processor.py:179} INFO - Processing /home/jparep/miniconda3/envs/dbt-env/lib/python3.11/site-packages/airflow/example_dags/example_branch_datetime_operator.py took 0.091 seconds
[2025-02-17T22:31:30.505-0700] {processor.py:157} INFO - Started process (PID=156424) to work on /home/jparep/miniconda3/envs/dbt-env/lib/python3.11/site-packages/airflow/example_dags/example_branch_datetime_operator.py
[2025-02-17T22:31:30.507-0700] {processor.py:829} INFO - Processing file /home/jparep/miniconda3/envs/dbt-env/lib/python3.11/site-packages/airflow/example_dags/example_branch_datetime_operator.py for tasks to queue
[2025-02-17T22:31:30.508-0700] {logging_mixin.py:154} INFO - [2025-02-17T22:31:30.508-0700] {dagbag.py:536} INFO - Filling up the DagBag from /home/jparep/miniconda3/envs/dbt-env/lib/python3.11/site-packages/airflow/example_dags/example_branch_datetime_operator.py
[2025-02-17T22:31:30.515-0700] {processor.py:839} INFO - DAG(s) dict_keys(['example_branch_datetime_operator', 'example_branch_datetime_operator_3', 'example_branch_datetime_operator_2']) retrieved from /home/jparep/miniconda3/envs/dbt-env/lib/python3.11/site-packages/airflow/example_dags/example_branch_datetime_operator.py
[2025-02-17T22:31:30.532-0700] {logging_mixin.py:154} INFO - [2025-02-17T22:31:30.532-0700] {dag.py:2941} INFO - Sync 3 DAGs
[2025-02-17T22:31:30.546-0700] {logging_mixin.py:154} INFO - [2025-02-17T22:31:30.546-0700] {dag.py:3722} INFO - Setting next_dagrun for example_branch_datetime_operator to 2025-02-17T00:00:00+00:00, run_after=2025-02-18T00:00:00+00:00
[2025-02-17T22:31:30.549-0700] {logging_mixin.py:154} INFO - [2025-02-17T22:31:30.548-0700] {dag.py:3722} INFO - Setting next_dagrun for example_branch_datetime_operator_2 to 2025-02-17T00:00:00+00:00, run_after=2025-02-18T00:00:00+00:00
[2025-02-17T22:31:30.550-0700] {logging_mixin.py:154} INFO - [2025-02-17T22:31:30.550-0700] {dag.py:3722} INFO - Setting next_dagrun for example_branch_datetime_operator_3 to 2025-02-17T00:00:00+00:00, run_after=2025-02-18T00:00:00+00:00
[2025-02-17T22:31:30.565-0700] {processor.py:179} INFO - Processing /home/jparep/miniconda3/envs/dbt-env/lib/python3.11/site-packages/airflow/example_dags/example_branch_datetime_operator.py took 0.062 seconds
[2025-02-17T22:32:29.031-0700] {processor.py:157} INFO - Started process (PID=156919) to work on /home/jparep/miniconda3/envs/dbt-env/lib/python3.11/site-packages/airflow/example_dags/example_branch_datetime_operator.py
[2025-02-17T22:32:29.033-0700] {processor.py:829} INFO - Processing file /home/jparep/miniconda3/envs/dbt-env/lib/python3.11/site-packages/airflow/example_dags/example_branch_datetime_operator.py for tasks to queue
[2025-02-17T22:32:29.034-0700] {logging_mixin.py:154} INFO - [2025-02-17T22:32:29.033-0700] {dagbag.py:536} INFO - Filling up the DagBag from /home/jparep/miniconda3/envs/dbt-env/lib/python3.11/site-packages/airflow/example_dags/example_branch_datetime_operator.py
[2025-02-17T22:32:29.047-0700] {processor.py:839} INFO - DAG(s) dict_keys(['example_branch_datetime_operator_3', 'example_branch_datetime_operator', 'example_branch_datetime_operator_2']) retrieved from /home/jparep/miniconda3/envs/dbt-env/lib/python3.11/site-packages/airflow/example_dags/example_branch_datetime_operator.py
[2025-02-17T22:32:29.075-0700] {logging_mixin.py:154} INFO - [2025-02-17T22:32:29.075-0700] {dag.py:2941} INFO - Sync 3 DAGs
[2025-02-17T22:32:29.093-0700] {logging_mixin.py:154} INFO - [2025-02-17T22:32:29.093-0700] {dag.py:3722} INFO - Setting next_dagrun for example_branch_datetime_operator to 2025-02-17T00:00:00+00:00, run_after=2025-02-18T00:00:00+00:00
[2025-02-17T22:32:29.096-0700] {logging_mixin.py:154} INFO - [2025-02-17T22:32:29.096-0700] {dag.py:3722} INFO - Setting next_dagrun for example_branch_datetime_operator_2 to 2025-02-17T00:00:00+00:00, run_after=2025-02-18T00:00:00+00:00
[2025-02-17T22:32:29.098-0700] {logging_mixin.py:154} INFO - [2025-02-17T22:32:29.098-0700] {dag.py:3722} INFO - Setting next_dagrun for example_branch_datetime_operator_3 to 2025-02-17T00:00:00+00:00, run_after=2025-02-18T00:00:00+00:00
[2025-02-17T22:32:29.116-0700] {processor.py:179} INFO - Processing /home/jparep/miniconda3/envs/dbt-env/lib/python3.11/site-packages/airflow/example_dags/example_branch_datetime_operator.py took 0.090 seconds
[2025-02-17T22:33:28.342-0700] {processor.py:157} INFO - Started process (PID=157231) to work on /home/jparep/miniconda3/envs/dbt-env/lib/python3.11/site-packages/airflow/example_dags/example_branch_datetime_operator.py
[2025-02-17T22:33:28.345-0700] {processor.py:829} INFO - Processing file /home/jparep/miniconda3/envs/dbt-env/lib/python3.11/site-packages/airflow/example_dags/example_branch_datetime_operator.py for tasks to queue
[2025-02-17T22:33:28.346-0700] {logging_mixin.py:154} INFO - [2025-02-17T22:33:28.346-0700] {dagbag.py:536} INFO - Filling up the DagBag from /home/jparep/miniconda3/envs/dbt-env/lib/python3.11/site-packages/airflow/example_dags/example_branch_datetime_operator.py
[2025-02-17T22:33:28.360-0700] {processor.py:839} INFO - DAG(s) dict_keys(['example_branch_datetime_operator_3', 'example_branch_datetime_operator_2', 'example_branch_datetime_operator']) retrieved from /home/jparep/miniconda3/envs/dbt-env/lib/python3.11/site-packages/airflow/example_dags/example_branch_datetime_operator.py
[2025-02-17T22:33:28.389-0700] {logging_mixin.py:154} INFO - [2025-02-17T22:33:28.389-0700] {dag.py:2941} INFO - Sync 3 DAGs
[2025-02-17T22:33:28.409-0700] {logging_mixin.py:154} INFO - [2025-02-17T22:33:28.409-0700] {dag.py:3722} INFO - Setting next_dagrun for example_branch_datetime_operator to 2025-02-17T00:00:00+00:00, run_after=2025-02-18T00:00:00+00:00
[2025-02-17T22:33:28.412-0700] {logging_mixin.py:154} INFO - [2025-02-17T22:33:28.412-0700] {dag.py:3722} INFO - Setting next_dagrun for example_branch_datetime_operator_2 to 2025-02-17T00:00:00+00:00, run_after=2025-02-18T00:00:00+00:00
[2025-02-17T22:33:28.414-0700] {logging_mixin.py:154} INFO - [2025-02-17T22:33:28.414-0700] {dag.py:3722} INFO - Setting next_dagrun for example_branch_datetime_operator_3 to 2025-02-17T00:00:00+00:00, run_after=2025-02-18T00:00:00+00:00
[2025-02-17T22:33:28.431-0700] {processor.py:179} INFO - Processing /home/jparep/miniconda3/envs/dbt-env/lib/python3.11/site-packages/airflow/example_dags/example_branch_datetime_operator.py took 0.093 seconds
[2025-02-17T22:34:21.239-0700] {processor.py:157} INFO - Started process (PID=157631) to work on /home/jparep/miniconda3/envs/dbt-env/lib/python3.11/site-packages/airflow/example_dags/example_branch_datetime_operator.py
[2025-02-17T22:34:21.242-0700] {processor.py:829} INFO - Processing file /home/jparep/miniconda3/envs/dbt-env/lib/python3.11/site-packages/airflow/example_dags/example_branch_datetime_operator.py for tasks to queue
[2025-02-17T22:34:21.243-0700] {logging_mixin.py:154} INFO - [2025-02-17T22:34:21.243-0700] {dagbag.py:536} INFO - Filling up the DagBag from /home/jparep/miniconda3/envs/dbt-env/lib/python3.11/site-packages/airflow/example_dags/example_branch_datetime_operator.py
[2025-02-17T22:34:21.258-0700] {processor.py:839} INFO - DAG(s) dict_keys(['example_branch_datetime_operator_2', 'example_branch_datetime_operator', 'example_branch_datetime_operator_3']) retrieved from /home/jparep/miniconda3/envs/dbt-env/lib/python3.11/site-packages/airflow/example_dags/example_branch_datetime_operator.py
[2025-02-17T22:34:21.292-0700] {logging_mixin.py:154} INFO - [2025-02-17T22:34:21.292-0700] {dag.py:2941} INFO - Sync 3 DAGs
[2025-02-17T22:34:21.320-0700] {logging_mixin.py:154} INFO - [2025-02-17T22:34:21.319-0700] {dag.py:3722} INFO - Setting next_dagrun for example_branch_datetime_operator to 2025-02-17T00:00:00+00:00, run_after=2025-02-18T00:00:00+00:00
[2025-02-17T22:34:21.325-0700] {logging_mixin.py:154} INFO - [2025-02-17T22:34:21.325-0700] {dag.py:3722} INFO - Setting next_dagrun for example_branch_datetime_operator_2 to 2025-02-17T00:00:00+00:00, run_after=2025-02-18T00:00:00+00:00
[2025-02-17T22:34:21.328-0700] {logging_mixin.py:154} INFO - [2025-02-17T22:34:21.328-0700] {dag.py:3722} INFO - Setting next_dagrun for example_branch_datetime_operator_3 to 2025-02-17T00:00:00+00:00, run_after=2025-02-18T00:00:00+00:00
[2025-02-17T22:34:21.363-0700] {processor.py:179} INFO - Processing /home/jparep/miniconda3/envs/dbt-env/lib/python3.11/site-packages/airflow/example_dags/example_branch_datetime_operator.py took 0.128 seconds
[2025-02-17T22:35:15.970-0700] {processor.py:157} INFO - Started process (PID=158083) to work on /home/jparep/miniconda3/envs/dbt-env/lib/python3.11/site-packages/airflow/example_dags/example_branch_datetime_operator.py
[2025-02-17T22:35:15.972-0700] {processor.py:829} INFO - Processing file /home/jparep/miniconda3/envs/dbt-env/lib/python3.11/site-packages/airflow/example_dags/example_branch_datetime_operator.py for tasks to queue
[2025-02-17T22:35:15.973-0700] {logging_mixin.py:154} INFO - [2025-02-17T22:35:15.972-0700] {dagbag.py:536} INFO - Filling up the DagBag from /home/jparep/miniconda3/envs/dbt-env/lib/python3.11/site-packages/airflow/example_dags/example_branch_datetime_operator.py
[2025-02-17T22:35:15.981-0700] {processor.py:839} INFO - DAG(s) dict_keys(['example_branch_datetime_operator_3', 'example_branch_datetime_operator_2', 'example_branch_datetime_operator']) retrieved from /home/jparep/miniconda3/envs/dbt-env/lib/python3.11/site-packages/airflow/example_dags/example_branch_datetime_operator.py
[2025-02-17T22:35:15.996-0700] {logging_mixin.py:154} INFO - [2025-02-17T22:35:15.996-0700] {dag.py:2941} INFO - Sync 3 DAGs
[2025-02-17T22:35:16.013-0700] {logging_mixin.py:154} INFO - [2025-02-17T22:35:16.012-0700] {dag.py:3722} INFO - Setting next_dagrun for example_branch_datetime_operator to 2025-02-17T00:00:00+00:00, run_after=2025-02-18T00:00:00+00:00
[2025-02-17T22:35:16.016-0700] {logging_mixin.py:154} INFO - [2025-02-17T22:35:16.016-0700] {dag.py:3722} INFO - Setting next_dagrun for example_branch_datetime_operator_2 to 2025-02-17T00:00:00+00:00, run_after=2025-02-18T00:00:00+00:00
[2025-02-17T22:35:16.018-0700] {logging_mixin.py:154} INFO - [2025-02-17T22:35:16.017-0700] {dag.py:3722} INFO - Setting next_dagrun for example_branch_datetime_operator_3 to 2025-02-17T00:00:00+00:00, run_after=2025-02-18T00:00:00+00:00
[2025-02-17T22:35:16.032-0700] {processor.py:179} INFO - Processing /home/jparep/miniconda3/envs/dbt-env/lib/python3.11/site-packages/airflow/example_dags/example_branch_datetime_operator.py took 0.064 seconds
[2025-02-17T22:36:16.202-0700] {processor.py:157} INFO - Started process (PID=158637) to work on /home/jparep/miniconda3/envs/dbt-env/lib/python3.11/site-packages/airflow/example_dags/example_branch_datetime_operator.py
[2025-02-17T22:36:16.205-0700] {processor.py:829} INFO - Processing file /home/jparep/miniconda3/envs/dbt-env/lib/python3.11/site-packages/airflow/example_dags/example_branch_datetime_operator.py for tasks to queue
[2025-02-17T22:36:16.207-0700] {logging_mixin.py:154} INFO - [2025-02-17T22:36:16.206-0700] {dagbag.py:536} INFO - Filling up the DagBag from /home/jparep/miniconda3/envs/dbt-env/lib/python3.11/site-packages/airflow/example_dags/example_branch_datetime_operator.py
[2025-02-17T22:36:16.222-0700] {processor.py:839} INFO - DAG(s) dict_keys(['example_branch_datetime_operator_3', 'example_branch_datetime_operator', 'example_branch_datetime_operator_2']) retrieved from /home/jparep/miniconda3/envs/dbt-env/lib/python3.11/site-packages/airflow/example_dags/example_branch_datetime_operator.py
[2025-02-17T22:36:16.255-0700] {logging_mixin.py:154} INFO - [2025-02-17T22:36:16.254-0700] {dag.py:2941} INFO - Sync 3 DAGs
[2025-02-17T22:36:16.276-0700] {logging_mixin.py:154} INFO - [2025-02-17T22:36:16.276-0700] {dag.py:3722} INFO - Setting next_dagrun for example_branch_datetime_operator to 2025-02-17T00:00:00+00:00, run_after=2025-02-18T00:00:00+00:00
[2025-02-17T22:36:16.279-0700] {logging_mixin.py:154} INFO - [2025-02-17T22:36:16.279-0700] {dag.py:3722} INFO - Setting next_dagrun for example_branch_datetime_operator_2 to 2025-02-17T00:00:00+00:00, run_after=2025-02-18T00:00:00+00:00
[2025-02-17T22:36:16.281-0700] {logging_mixin.py:154} INFO - [2025-02-17T22:36:16.281-0700] {dag.py:3722} INFO - Setting next_dagrun for example_branch_datetime_operator_3 to 2025-02-17T00:00:00+00:00, run_after=2025-02-18T00:00:00+00:00
[2025-02-17T22:36:16.298-0700] {processor.py:179} INFO - Processing /home/jparep/miniconda3/envs/dbt-env/lib/python3.11/site-packages/airflow/example_dags/example_branch_datetime_operator.py took 0.100 seconds
[2025-02-17T22:37:14.382-0700] {processor.py:157} INFO - Started process (PID=159383) to work on /home/jparep/miniconda3/envs/dbt-env/lib/python3.11/site-packages/airflow/example_dags/example_branch_datetime_operator.py
[2025-02-17T22:37:14.384-0700] {processor.py:829} INFO - Processing file /home/jparep/miniconda3/envs/dbt-env/lib/python3.11/site-packages/airflow/example_dags/example_branch_datetime_operator.py for tasks to queue
[2025-02-17T22:37:14.386-0700] {logging_mixin.py:154} INFO - [2025-02-17T22:37:14.385-0700] {dagbag.py:536} INFO - Filling up the DagBag from /home/jparep/miniconda3/envs/dbt-env/lib/python3.11/site-packages/airflow/example_dags/example_branch_datetime_operator.py
[2025-02-17T22:37:14.398-0700] {processor.py:839} INFO - DAG(s) dict_keys(['example_branch_datetime_operator_2', 'example_branch_datetime_operator', 'example_branch_datetime_operator_3']) retrieved from /home/jparep/miniconda3/envs/dbt-env/lib/python3.11/site-packages/airflow/example_dags/example_branch_datetime_operator.py
[2025-02-17T22:37:14.435-0700] {logging_mixin.py:154} INFO - [2025-02-17T22:37:14.435-0700] {dag.py:2941} INFO - Sync 3 DAGs
[2025-02-17T22:37:14.463-0700] {logging_mixin.py:154} INFO - [2025-02-17T22:37:14.463-0700] {dag.py:3722} INFO - Setting next_dagrun for example_branch_datetime_operator to 2025-02-17T00:00:00+00:00, run_after=2025-02-18T00:00:00+00:00
[2025-02-17T22:37:14.468-0700] {logging_mixin.py:154} INFO - [2025-02-17T22:37:14.468-0700] {dag.py:3722} INFO - Setting next_dagrun for example_branch_datetime_operator_2 to 2025-02-17T00:00:00+00:00, run_after=2025-02-18T00:00:00+00:00
[2025-02-17T22:37:14.472-0700] {logging_mixin.py:154} INFO - [2025-02-17T22:37:14.472-0700] {dag.py:3722} INFO - Setting next_dagrun for example_branch_datetime_operator_3 to 2025-02-17T00:00:00+00:00, run_after=2025-02-18T00:00:00+00:00
[2025-02-17T22:37:14.500-0700] {processor.py:179} INFO - Processing /home/jparep/miniconda3/envs/dbt-env/lib/python3.11/site-packages/airflow/example_dags/example_branch_datetime_operator.py took 0.122 seconds
[2025-02-17T22:38:06.415-0700] {processor.py:157} INFO - Started process (PID=160370) to work on /home/jparep/miniconda3/envs/dbt-env/lib/python3.11/site-packages/airflow/example_dags/example_branch_datetime_operator.py
[2025-02-17T22:38:06.417-0700] {processor.py:829} INFO - Processing file /home/jparep/miniconda3/envs/dbt-env/lib/python3.11/site-packages/airflow/example_dags/example_branch_datetime_operator.py for tasks to queue
[2025-02-17T22:38:06.418-0700] {logging_mixin.py:154} INFO - [2025-02-17T22:38:06.418-0700] {dagbag.py:536} INFO - Filling up the DagBag from /home/jparep/miniconda3/envs/dbt-env/lib/python3.11/site-packages/airflow/example_dags/example_branch_datetime_operator.py
[2025-02-17T22:38:06.427-0700] {processor.py:839} INFO - DAG(s) dict_keys(['example_branch_datetime_operator_2', 'example_branch_datetime_operator', 'example_branch_datetime_operator_3']) retrieved from /home/jparep/miniconda3/envs/dbt-env/lib/python3.11/site-packages/airflow/example_dags/example_branch_datetime_operator.py
[2025-02-17T22:38:06.443-0700] {logging_mixin.py:154} INFO - [2025-02-17T22:38:06.443-0700] {dag.py:2941} INFO - Sync 3 DAGs
[2025-02-17T22:38:06.457-0700] {logging_mixin.py:154} INFO - [2025-02-17T22:38:06.457-0700] {dag.py:3722} INFO - Setting next_dagrun for example_branch_datetime_operator to 2025-02-17T00:00:00+00:00, run_after=2025-02-18T00:00:00+00:00
[2025-02-17T22:38:06.459-0700] {logging_mixin.py:154} INFO - [2025-02-17T22:38:06.459-0700] {dag.py:3722} INFO - Setting next_dagrun for example_branch_datetime_operator_2 to 2025-02-17T00:00:00+00:00, run_after=2025-02-18T00:00:00+00:00
[2025-02-17T22:38:06.461-0700] {logging_mixin.py:154} INFO - [2025-02-17T22:38:06.461-0700] {dag.py:3722} INFO - Setting next_dagrun for example_branch_datetime_operator_3 to 2025-02-17T00:00:00+00:00, run_after=2025-02-18T00:00:00+00:00
[2025-02-17T22:38:06.476-0700] {processor.py:179} INFO - Processing /home/jparep/miniconda3/envs/dbt-env/lib/python3.11/site-packages/airflow/example_dags/example_branch_datetime_operator.py took 0.063 seconds
[2025-02-17T22:39:01.647-0700] {processor.py:157} INFO - Started process (PID=161085) to work on /home/jparep/miniconda3/envs/dbt-env/lib/python3.11/site-packages/airflow/example_dags/example_branch_datetime_operator.py
[2025-02-17T22:39:01.649-0700] {processor.py:829} INFO - Processing file /home/jparep/miniconda3/envs/dbt-env/lib/python3.11/site-packages/airflow/example_dags/example_branch_datetime_operator.py for tasks to queue
[2025-02-17T22:39:01.650-0700] {logging_mixin.py:154} INFO - [2025-02-17T22:39:01.649-0700] {dagbag.py:536} INFO - Filling up the DagBag from /home/jparep/miniconda3/envs/dbt-env/lib/python3.11/site-packages/airflow/example_dags/example_branch_datetime_operator.py
[2025-02-17T22:39:01.659-0700] {processor.py:839} INFO - DAG(s) dict_keys(['example_branch_datetime_operator', 'example_branch_datetime_operator_3', 'example_branch_datetime_operator_2']) retrieved from /home/jparep/miniconda3/envs/dbt-env/lib/python3.11/site-packages/airflow/example_dags/example_branch_datetime_operator.py
[2025-02-17T22:39:01.677-0700] {logging_mixin.py:154} INFO - [2025-02-17T22:39:01.677-0700] {dag.py:2941} INFO - Sync 3 DAGs
[2025-02-17T22:39:01.691-0700] {logging_mixin.py:154} INFO - [2025-02-17T22:39:01.691-0700] {dag.py:3722} INFO - Setting next_dagrun for example_branch_datetime_operator to 2025-02-17T00:00:00+00:00, run_after=2025-02-18T00:00:00+00:00
[2025-02-17T22:39:01.693-0700] {logging_mixin.py:154} INFO - [2025-02-17T22:39:01.693-0700] {dag.py:3722} INFO - Setting next_dagrun for example_branch_datetime_operator_2 to 2025-02-17T00:00:00+00:00, run_after=2025-02-18T00:00:00+00:00
[2025-02-17T22:39:01.695-0700] {logging_mixin.py:154} INFO - [2025-02-17T22:39:01.695-0700] {dag.py:3722} INFO - Setting next_dagrun for example_branch_datetime_operator_3 to 2025-02-17T00:00:00+00:00, run_after=2025-02-18T00:00:00+00:00
[2025-02-17T22:39:01.710-0700] {processor.py:179} INFO - Processing /home/jparep/miniconda3/envs/dbt-env/lib/python3.11/site-packages/airflow/example_dags/example_branch_datetime_operator.py took 0.065 seconds
[2025-02-17T22:39:54.601-0700] {processor.py:157} INFO - Started process (PID=161289) to work on /home/jparep/miniconda3/envs/dbt-env/lib/python3.11/site-packages/airflow/example_dags/example_branch_datetime_operator.py
[2025-02-17T22:39:54.603-0700] {processor.py:829} INFO - Processing file /home/jparep/miniconda3/envs/dbt-env/lib/python3.11/site-packages/airflow/example_dags/example_branch_datetime_operator.py for tasks to queue
[2025-02-17T22:39:54.604-0700] {logging_mixin.py:154} INFO - [2025-02-17T22:39:54.604-0700] {dagbag.py:536} INFO - Filling up the DagBag from /home/jparep/miniconda3/envs/dbt-env/lib/python3.11/site-packages/airflow/example_dags/example_branch_datetime_operator.py
[2025-02-17T22:39:54.614-0700] {processor.py:839} INFO - DAG(s) dict_keys(['example_branch_datetime_operator_3', 'example_branch_datetime_operator', 'example_branch_datetime_operator_2']) retrieved from /home/jparep/miniconda3/envs/dbt-env/lib/python3.11/site-packages/airflow/example_dags/example_branch_datetime_operator.py
[2025-02-17T22:39:54.637-0700] {logging_mixin.py:154} INFO - [2025-02-17T22:39:54.637-0700] {dag.py:2941} INFO - Sync 3 DAGs
[2025-02-17T22:39:54.656-0700] {logging_mixin.py:154} INFO - [2025-02-17T22:39:54.656-0700] {dag.py:3722} INFO - Setting next_dagrun for example_branch_datetime_operator to 2025-02-17T00:00:00+00:00, run_after=2025-02-18T00:00:00+00:00
[2025-02-17T22:39:54.660-0700] {logging_mixin.py:154} INFO - [2025-02-17T22:39:54.659-0700] {dag.py:3722} INFO - Setting next_dagrun for example_branch_datetime_operator_2 to 2025-02-17T00:00:00+00:00, run_after=2025-02-18T00:00:00+00:00
[2025-02-17T22:39:54.661-0700] {logging_mixin.py:154} INFO - [2025-02-17T22:39:54.661-0700] {dag.py:3722} INFO - Setting next_dagrun for example_branch_datetime_operator_3 to 2025-02-17T00:00:00+00:00, run_after=2025-02-18T00:00:00+00:00
[2025-02-17T22:39:54.684-0700] {processor.py:179} INFO - Processing /home/jparep/miniconda3/envs/dbt-env/lib/python3.11/site-packages/airflow/example_dags/example_branch_datetime_operator.py took 0.086 seconds
[2025-02-17T22:40:53.552-0700] {processor.py:157} INFO - Started process (PID=161834) to work on /home/jparep/miniconda3/envs/dbt-env/lib/python3.11/site-packages/airflow/example_dags/example_branch_datetime_operator.py
[2025-02-17T22:40:53.554-0700] {processor.py:829} INFO - Processing file /home/jparep/miniconda3/envs/dbt-env/lib/python3.11/site-packages/airflow/example_dags/example_branch_datetime_operator.py for tasks to queue
[2025-02-17T22:40:53.555-0700] {logging_mixin.py:154} INFO - [2025-02-17T22:40:53.555-0700] {dagbag.py:536} INFO - Filling up the DagBag from /home/jparep/miniconda3/envs/dbt-env/lib/python3.11/site-packages/airflow/example_dags/example_branch_datetime_operator.py
[2025-02-17T22:40:53.566-0700] {processor.py:839} INFO - DAG(s) dict_keys(['example_branch_datetime_operator_3', 'example_branch_datetime_operator_2', 'example_branch_datetime_operator']) retrieved from /home/jparep/miniconda3/envs/dbt-env/lib/python3.11/site-packages/airflow/example_dags/example_branch_datetime_operator.py
[2025-02-17T22:40:53.592-0700] {logging_mixin.py:154} INFO - [2025-02-17T22:40:53.591-0700] {dag.py:2941} INFO - Sync 3 DAGs
[2025-02-17T22:40:53.611-0700] {logging_mixin.py:154} INFO - [2025-02-17T22:40:53.611-0700] {dag.py:3722} INFO - Setting next_dagrun for example_branch_datetime_operator to 2025-02-17T00:00:00+00:00, run_after=2025-02-18T00:00:00+00:00
[2025-02-17T22:40:53.617-0700] {logging_mixin.py:154} INFO - [2025-02-17T22:40:53.617-0700] {dag.py:3722} INFO - Setting next_dagrun for example_branch_datetime_operator_2 to 2025-02-17T00:00:00+00:00, run_after=2025-02-18T00:00:00+00:00
[2025-02-17T22:40:53.619-0700] {logging_mixin.py:154} INFO - [2025-02-17T22:40:53.619-0700] {dag.py:3722} INFO - Setting next_dagrun for example_branch_datetime_operator_3 to 2025-02-17T00:00:00+00:00, run_after=2025-02-18T00:00:00+00:00
[2025-02-17T22:40:53.639-0700] {processor.py:179} INFO - Processing /home/jparep/miniconda3/envs/dbt-env/lib/python3.11/site-packages/airflow/example_dags/example_branch_datetime_operator.py took 0.092 seconds
[2025-02-17T22:41:50.633-0700] {processor.py:157} INFO - Started process (PID=162290) to work on /home/jparep/miniconda3/envs/dbt-env/lib/python3.11/site-packages/airflow/example_dags/example_branch_datetime_operator.py
[2025-02-17T22:41:50.635-0700] {processor.py:829} INFO - Processing file /home/jparep/miniconda3/envs/dbt-env/lib/python3.11/site-packages/airflow/example_dags/example_branch_datetime_operator.py for tasks to queue
[2025-02-17T22:41:50.636-0700] {logging_mixin.py:154} INFO - [2025-02-17T22:41:50.635-0700] {dagbag.py:536} INFO - Filling up the DagBag from /home/jparep/miniconda3/envs/dbt-env/lib/python3.11/site-packages/airflow/example_dags/example_branch_datetime_operator.py
[2025-02-17T22:41:50.647-0700] {processor.py:839} INFO - DAG(s) dict_keys(['example_branch_datetime_operator_3', 'example_branch_datetime_operator_2', 'example_branch_datetime_operator']) retrieved from /home/jparep/miniconda3/envs/dbt-env/lib/python3.11/site-packages/airflow/example_dags/example_branch_datetime_operator.py
[2025-02-17T22:41:50.666-0700] {logging_mixin.py:154} INFO - [2025-02-17T22:41:50.666-0700] {dag.py:2941} INFO - Sync 3 DAGs
[2025-02-17T22:41:50.681-0700] {logging_mixin.py:154} INFO - [2025-02-17T22:41:50.680-0700] {dag.py:3722} INFO - Setting next_dagrun for example_branch_datetime_operator to 2025-02-17T00:00:00+00:00, run_after=2025-02-18T00:00:00+00:00
[2025-02-17T22:41:50.683-0700] {logging_mixin.py:154} INFO - [2025-02-17T22:41:50.683-0700] {dag.py:3722} INFO - Setting next_dagrun for example_branch_datetime_operator_2 to 2025-02-17T00:00:00+00:00, run_after=2025-02-18T00:00:00+00:00
[2025-02-17T22:41:50.684-0700] {logging_mixin.py:154} INFO - [2025-02-17T22:41:50.684-0700] {dag.py:3722} INFO - Setting next_dagrun for example_branch_datetime_operator_3 to 2025-02-17T00:00:00+00:00, run_after=2025-02-18T00:00:00+00:00
[2025-02-17T22:41:50.700-0700] {processor.py:179} INFO - Processing /home/jparep/miniconda3/envs/dbt-env/lib/python3.11/site-packages/airflow/example_dags/example_branch_datetime_operator.py took 0.070 seconds
