[2025-02-17T22:16:05.538-0700] {processor.py:157} INFO - Started process (PID=148500) to work on /home/jparep/miniconda3/envs/dbt-env/lib/python3.11/site-packages/airflow/example_dags/example_subdag_operator.py
[2025-02-17T22:16:05.539-0700] {processor.py:829} INFO - Processing file /home/jparep/miniconda3/envs/dbt-env/lib/python3.11/site-packages/airflow/example_dags/example_subdag_operator.py for tasks to queue
[2025-02-17T22:16:05.540-0700] {logging_mixin.py:154} INFO - [2025-02-17T22:16:05.540-0700] {dagbag.py:536} INFO - Filling up the DagBag from /home/jparep/miniconda3/envs/dbt-env/lib/python3.11/site-packages/airflow/example_dags/example_subdag_operator.py
[2025-02-17T22:16:05.566-0700] {processor.py:839} INFO - DAG(s) dict_keys(['example_subdag_operator.section-1', 'example_subdag_operator.section-2', 'example_subdag_operator']) retrieved from /home/jparep/miniconda3/envs/dbt-env/lib/python3.11/site-packages/airflow/example_dags/example_subdag_operator.py
[2025-02-17T22:16:05.769-0700] {logging_mixin.py:154} INFO - [2025-02-17T22:16:05.769-0700] {manager.py:499} INFO - Created Permission View: %s
[2025-02-17T22:16:05.785-0700] {logging_mixin.py:154} INFO - [2025-02-17T22:16:05.785-0700] {manager.py:499} INFO - Created Permission View: %s
[2025-02-17T22:16:05.796-0700] {logging_mixin.py:154} INFO - [2025-02-17T22:16:05.796-0700] {manager.py:499} INFO - Created Permission View: %s
[2025-02-17T22:16:05.797-0700] {logging_mixin.py:154} INFO - [2025-02-17T22:16:05.797-0700] {dag.py:2941} INFO - Sync 3 DAGs
[2025-02-17T22:16:05.806-0700] {logging_mixin.py:154} INFO - [2025-02-17T22:16:05.806-0700] {dag.py:2963} INFO - Creating ORM DAG for example_subdag_operator.section-1
[2025-02-17T22:16:05.807-0700] {logging_mixin.py:154} INFO - [2025-02-17T22:16:05.807-0700] {dag.py:2963} INFO - Creating ORM DAG for example_subdag_operator.section-2
[2025-02-17T22:16:05.807-0700] {logging_mixin.py:154} INFO - [2025-02-17T22:16:05.807-0700] {dag.py:2963} INFO - Creating ORM DAG for example_subdag_operator
[2025-02-17T22:16:05.815-0700] {logging_mixin.py:154} INFO - [2025-02-17T22:16:05.815-0700] {dag.py:3722} INFO - Setting next_dagrun for example_subdag_operator to 2022-01-01T00:00:00+00:00, run_after=2022-01-01T00:00:00+00:00
[2025-02-17T22:16:05.816-0700] {logging_mixin.py:154} INFO - [2025-02-17T22:16:05.816-0700] {dag.py:3722} INFO - Setting next_dagrun for example_subdag_operator.section-1 to None, run_after=None
[2025-02-17T22:16:05.816-0700] {logging_mixin.py:154} INFO - [2025-02-17T22:16:05.816-0700] {dag.py:3722} INFO - Setting next_dagrun for example_subdag_operator.section-2 to None, run_after=None
[2025-02-17T22:16:05.823-0700] {logging_mixin.py:154} INFO - [2025-02-17T22:16:05.823-0700] {dag.py:2941} INFO - Sync 2 DAGs
[2025-02-17T22:16:05.827-0700] {logging_mixin.py:154} INFO - [2025-02-17T22:16:05.827-0700] {dag.py:3722} INFO - Setting next_dagrun for example_subdag_operator.section-1 to None, run_after=None
[2025-02-17T22:16:05.829-0700] {logging_mixin.py:154} INFO - [2025-02-17T22:16:05.828-0700] {dag.py:3722} INFO - Setting next_dagrun for example_subdag_operator.section-2 to None, run_after=None
[2025-02-17T22:16:05.849-0700] {processor.py:179} INFO - Processing /home/jparep/miniconda3/envs/dbt-env/lib/python3.11/site-packages/airflow/example_dags/example_subdag_operator.py took 0.315 seconds
[2025-02-17T22:17:00.081-0700] {processor.py:157} INFO - Started process (PID=148873) to work on /home/jparep/miniconda3/envs/dbt-env/lib/python3.11/site-packages/airflow/example_dags/example_subdag_operator.py
[2025-02-17T22:17:00.083-0700] {processor.py:829} INFO - Processing file /home/jparep/miniconda3/envs/dbt-env/lib/python3.11/site-packages/airflow/example_dags/example_subdag_operator.py for tasks to queue
[2025-02-17T22:17:00.085-0700] {logging_mixin.py:154} INFO - [2025-02-17T22:17:00.084-0700] {dagbag.py:536} INFO - Filling up the DagBag from /home/jparep/miniconda3/envs/dbt-env/lib/python3.11/site-packages/airflow/example_dags/example_subdag_operator.py
[2025-02-17T22:17:00.105-0700] {processor.py:839} INFO - DAG(s) dict_keys(['example_subdag_operator.section-1', 'example_subdag_operator.section-2', 'example_subdag_operator']) retrieved from /home/jparep/miniconda3/envs/dbt-env/lib/python3.11/site-packages/airflow/example_dags/example_subdag_operator.py
[2025-02-17T22:17:00.119-0700] {logging_mixin.py:154} INFO - [2025-02-17T22:17:00.119-0700] {dag.py:2941} INFO - Sync 3 DAGs
[2025-02-17T22:17:00.211-0700] {logging_mixin.py:154} INFO - [2025-02-17T22:17:00.211-0700] {dag.py:3722} INFO - Setting next_dagrun for example_subdag_operator to 2022-01-01T00:00:00+00:00, run_after=2022-01-01T00:00:00+00:00
[2025-02-17T22:17:00.214-0700] {logging_mixin.py:154} INFO - [2025-02-17T22:17:00.214-0700] {dag.py:3722} INFO - Setting next_dagrun for example_subdag_operator.section-1 to None, run_after=None
[2025-02-17T22:17:00.214-0700] {logging_mixin.py:154} INFO - [2025-02-17T22:17:00.214-0700] {dag.py:3722} INFO - Setting next_dagrun for example_subdag_operator.section-2 to None, run_after=None
[2025-02-17T22:17:00.219-0700] {logging_mixin.py:154} INFO - [2025-02-17T22:17:00.219-0700] {dag.py:2941} INFO - Sync 2 DAGs
[2025-02-17T22:17:00.223-0700] {logging_mixin.py:154} INFO - [2025-02-17T22:17:00.222-0700] {dag.py:3722} INFO - Setting next_dagrun for example_subdag_operator.section-1 to None, run_after=None
[2025-02-17T22:17:00.223-0700] {logging_mixin.py:154} INFO - [2025-02-17T22:17:00.223-0700] {dag.py:3722} INFO - Setting next_dagrun for example_subdag_operator.section-2 to None, run_after=None
[2025-02-17T22:17:00.240-0700] {processor.py:179} INFO - Processing /home/jparep/miniconda3/envs/dbt-env/lib/python3.11/site-packages/airflow/example_dags/example_subdag_operator.py took 0.164 seconds
[2025-02-17T22:17:54.113-0700] {processor.py:157} INFO - Started process (PID=149384) to work on /home/jparep/miniconda3/envs/dbt-env/lib/python3.11/site-packages/airflow/example_dags/example_subdag_operator.py
[2025-02-17T22:17:54.116-0700] {processor.py:829} INFO - Processing file /home/jparep/miniconda3/envs/dbt-env/lib/python3.11/site-packages/airflow/example_dags/example_subdag_operator.py for tasks to queue
[2025-02-17T22:17:54.118-0700] {logging_mixin.py:154} INFO - [2025-02-17T22:17:54.117-0700] {dagbag.py:536} INFO - Filling up the DagBag from /home/jparep/miniconda3/envs/dbt-env/lib/python3.11/site-packages/airflow/example_dags/example_subdag_operator.py
[2025-02-17T22:17:54.153-0700] {processor.py:839} INFO - DAG(s) dict_keys(['example_subdag_operator.section-1', 'example_subdag_operator.section-2', 'example_subdag_operator']) retrieved from /home/jparep/miniconda3/envs/dbt-env/lib/python3.11/site-packages/airflow/example_dags/example_subdag_operator.py
[2025-02-17T22:17:54.166-0700] {logging_mixin.py:154} INFO - [2025-02-17T22:17:54.165-0700] {dag.py:2941} INFO - Sync 3 DAGs
[2025-02-17T22:17:54.180-0700] {logging_mixin.py:154} INFO - [2025-02-17T22:17:54.180-0700] {dag.py:3722} INFO - Setting next_dagrun for example_subdag_operator to 2022-01-01T00:00:00+00:00, run_after=2022-01-01T00:00:00+00:00
[2025-02-17T22:17:54.182-0700] {logging_mixin.py:154} INFO - [2025-02-17T22:17:54.182-0700] {dag.py:3722} INFO - Setting next_dagrun for example_subdag_operator.section-1 to None, run_after=None
[2025-02-17T22:17:54.183-0700] {logging_mixin.py:154} INFO - [2025-02-17T22:17:54.183-0700] {dag.py:3722} INFO - Setting next_dagrun for example_subdag_operator.section-2 to None, run_after=None
[2025-02-17T22:17:54.188-0700] {logging_mixin.py:154} INFO - [2025-02-17T22:17:54.187-0700] {dag.py:2941} INFO - Sync 2 DAGs
[2025-02-17T22:17:54.190-0700] {logging_mixin.py:154} INFO - [2025-02-17T22:17:54.190-0700] {dag.py:3722} INFO - Setting next_dagrun for example_subdag_operator.section-1 to None, run_after=None
[2025-02-17T22:17:54.191-0700] {logging_mixin.py:154} INFO - [2025-02-17T22:17:54.191-0700] {dag.py:3722} INFO - Setting next_dagrun for example_subdag_operator.section-2 to None, run_after=None
[2025-02-17T22:17:54.202-0700] {processor.py:179} INFO - Processing /home/jparep/miniconda3/envs/dbt-env/lib/python3.11/site-packages/airflow/example_dags/example_subdag_operator.py took 0.098 seconds
[2025-02-17T22:18:37.624-0700] {processor.py:157} INFO - Started process (PID=149841) to work on /home/jparep/miniconda3/envs/dbt-env/lib/python3.11/site-packages/airflow/example_dags/example_subdag_operator.py
[2025-02-17T22:18:37.625-0700] {processor.py:829} INFO - Processing file /home/jparep/miniconda3/envs/dbt-env/lib/python3.11/site-packages/airflow/example_dags/example_subdag_operator.py for tasks to queue
[2025-02-17T22:18:37.626-0700] {logging_mixin.py:154} INFO - [2025-02-17T22:18:37.625-0700] {dagbag.py:536} INFO - Filling up the DagBag from /home/jparep/miniconda3/envs/dbt-env/lib/python3.11/site-packages/airflow/example_dags/example_subdag_operator.py
[2025-02-17T22:18:37.643-0700] {processor.py:839} INFO - DAG(s) dict_keys(['example_subdag_operator.section-1', 'example_subdag_operator.section-2', 'example_subdag_operator']) retrieved from /home/jparep/miniconda3/envs/dbt-env/lib/python3.11/site-packages/airflow/example_dags/example_subdag_operator.py
[2025-02-17T22:18:37.656-0700] {logging_mixin.py:154} INFO - [2025-02-17T22:18:37.656-0700] {dag.py:2941} INFO - Sync 3 DAGs
[2025-02-17T22:18:37.671-0700] {logging_mixin.py:154} INFO - [2025-02-17T22:18:37.671-0700] {dag.py:3722} INFO - Setting next_dagrun for example_subdag_operator to 2022-01-01T00:00:00+00:00, run_after=2022-01-01T00:00:00+00:00
[2025-02-17T22:18:37.673-0700] {logging_mixin.py:154} INFO - [2025-02-17T22:18:37.673-0700] {dag.py:3722} INFO - Setting next_dagrun for example_subdag_operator.section-1 to None, run_after=None
[2025-02-17T22:18:37.673-0700] {logging_mixin.py:154} INFO - [2025-02-17T22:18:37.673-0700] {dag.py:3722} INFO - Setting next_dagrun for example_subdag_operator.section-2 to None, run_after=None
[2025-02-17T22:18:37.677-0700] {logging_mixin.py:154} INFO - [2025-02-17T22:18:37.677-0700] {dag.py:2941} INFO - Sync 2 DAGs
[2025-02-17T22:18:37.680-0700] {logging_mixin.py:154} INFO - [2025-02-17T22:18:37.679-0700] {dag.py:3722} INFO - Setting next_dagrun for example_subdag_operator.section-1 to None, run_after=None
[2025-02-17T22:18:37.680-0700] {logging_mixin.py:154} INFO - [2025-02-17T22:18:37.680-0700] {dag.py:3722} INFO - Setting next_dagrun for example_subdag_operator.section-2 to None, run_after=None
[2025-02-17T22:18:37.694-0700] {processor.py:179} INFO - Processing /home/jparep/miniconda3/envs/dbt-env/lib/python3.11/site-packages/airflow/example_dags/example_subdag_operator.py took 0.073 seconds
[2025-02-17T22:19:18.175-0700] {processor.py:157} INFO - Started process (PID=150098) to work on /home/jparep/miniconda3/envs/dbt-env/lib/python3.11/site-packages/airflow/example_dags/example_subdag_operator.py
[2025-02-17T22:19:18.179-0700] {processor.py:829} INFO - Processing file /home/jparep/miniconda3/envs/dbt-env/lib/python3.11/site-packages/airflow/example_dags/example_subdag_operator.py for tasks to queue
[2025-02-17T22:19:18.180-0700] {logging_mixin.py:154} INFO - [2025-02-17T22:19:18.179-0700] {dagbag.py:536} INFO - Filling up the DagBag from /home/jparep/miniconda3/envs/dbt-env/lib/python3.11/site-packages/airflow/example_dags/example_subdag_operator.py
[2025-02-17T22:19:18.207-0700] {processor.py:839} INFO - DAG(s) dict_keys(['example_subdag_operator.section-1', 'example_subdag_operator.section-2', 'example_subdag_operator']) retrieved from /home/jparep/miniconda3/envs/dbt-env/lib/python3.11/site-packages/airflow/example_dags/example_subdag_operator.py
[2025-02-17T22:19:18.221-0700] {logging_mixin.py:154} INFO - [2025-02-17T22:19:18.221-0700] {dag.py:2941} INFO - Sync 3 DAGs
[2025-02-17T22:19:18.235-0700] {logging_mixin.py:154} INFO - [2025-02-17T22:19:18.235-0700] {dag.py:3722} INFO - Setting next_dagrun for example_subdag_operator to 2022-01-01T00:00:00+00:00, run_after=2022-01-01T00:00:00+00:00
[2025-02-17T22:19:18.237-0700] {logging_mixin.py:154} INFO - [2025-02-17T22:19:18.237-0700] {dag.py:3722} INFO - Setting next_dagrun for example_subdag_operator.section-1 to None, run_after=None
[2025-02-17T22:19:18.237-0700] {logging_mixin.py:154} INFO - [2025-02-17T22:19:18.237-0700] {dag.py:3722} INFO - Setting next_dagrun for example_subdag_operator.section-2 to None, run_after=None
[2025-02-17T22:19:18.241-0700] {logging_mixin.py:154} INFO - [2025-02-17T22:19:18.241-0700] {dag.py:2941} INFO - Sync 2 DAGs
[2025-02-17T22:19:18.244-0700] {logging_mixin.py:154} INFO - [2025-02-17T22:19:18.244-0700] {dag.py:3722} INFO - Setting next_dagrun for example_subdag_operator.section-1 to None, run_after=None
[2025-02-17T22:19:18.244-0700] {logging_mixin.py:154} INFO - [2025-02-17T22:19:18.244-0700] {dag.py:3722} INFO - Setting next_dagrun for example_subdag_operator.section-2 to None, run_after=None
[2025-02-17T22:19:18.256-0700] {processor.py:179} INFO - Processing /home/jparep/miniconda3/envs/dbt-env/lib/python3.11/site-packages/airflow/example_dags/example_subdag_operator.py took 0.086 seconds
[2025-02-17T22:20:16.545-0700] {processor.py:157} INFO - Started process (PID=150637) to work on /home/jparep/miniconda3/envs/dbt-env/lib/python3.11/site-packages/airflow/example_dags/example_subdag_operator.py
[2025-02-17T22:20:16.548-0700] {processor.py:829} INFO - Processing file /home/jparep/miniconda3/envs/dbt-env/lib/python3.11/site-packages/airflow/example_dags/example_subdag_operator.py for tasks to queue
[2025-02-17T22:20:16.549-0700] {logging_mixin.py:154} INFO - [2025-02-17T22:20:16.548-0700] {dagbag.py:536} INFO - Filling up the DagBag from /home/jparep/miniconda3/envs/dbt-env/lib/python3.11/site-packages/airflow/example_dags/example_subdag_operator.py
[2025-02-17T22:20:16.577-0700] {processor.py:839} INFO - DAG(s) dict_keys(['example_subdag_operator.section-1', 'example_subdag_operator.section-2', 'example_subdag_operator']) retrieved from /home/jparep/miniconda3/envs/dbt-env/lib/python3.11/site-packages/airflow/example_dags/example_subdag_operator.py
[2025-02-17T22:20:16.595-0700] {logging_mixin.py:154} INFO - [2025-02-17T22:20:16.595-0700] {dag.py:2941} INFO - Sync 3 DAGs
[2025-02-17T22:20:16.615-0700] {logging_mixin.py:154} INFO - [2025-02-17T22:20:16.615-0700] {dag.py:3722} INFO - Setting next_dagrun for example_subdag_operator to 2022-01-01T00:00:00+00:00, run_after=2022-01-01T00:00:00+00:00
[2025-02-17T22:20:16.619-0700] {logging_mixin.py:154} INFO - [2025-02-17T22:20:16.619-0700] {dag.py:3722} INFO - Setting next_dagrun for example_subdag_operator.section-1 to None, run_after=None
[2025-02-17T22:20:16.620-0700] {logging_mixin.py:154} INFO - [2025-02-17T22:20:16.620-0700] {dag.py:3722} INFO - Setting next_dagrun for example_subdag_operator.section-2 to None, run_after=None
[2025-02-17T22:20:16.627-0700] {logging_mixin.py:154} INFO - [2025-02-17T22:20:16.626-0700] {dag.py:2941} INFO - Sync 2 DAGs
[2025-02-17T22:20:16.631-0700] {logging_mixin.py:154} INFO - [2025-02-17T22:20:16.631-0700] {dag.py:3722} INFO - Setting next_dagrun for example_subdag_operator.section-1 to None, run_after=None
[2025-02-17T22:20:16.631-0700] {logging_mixin.py:154} INFO - [2025-02-17T22:20:16.631-0700] {dag.py:3722} INFO - Setting next_dagrun for example_subdag_operator.section-2 to None, run_after=None
[2025-02-17T22:20:16.654-0700] {processor.py:179} INFO - Processing /home/jparep/miniconda3/envs/dbt-env/lib/python3.11/site-packages/airflow/example_dags/example_subdag_operator.py took 0.114 seconds
[2025-02-17T22:21:15.228-0700] {processor.py:157} INFO - Started process (PID=151190) to work on /home/jparep/miniconda3/envs/dbt-env/lib/python3.11/site-packages/airflow/example_dags/example_subdag_operator.py
[2025-02-17T22:21:15.231-0700] {processor.py:829} INFO - Processing file /home/jparep/miniconda3/envs/dbt-env/lib/python3.11/site-packages/airflow/example_dags/example_subdag_operator.py for tasks to queue
[2025-02-17T22:21:15.232-0700] {logging_mixin.py:154} INFO - [2025-02-17T22:21:15.232-0700] {dagbag.py:536} INFO - Filling up the DagBag from /home/jparep/miniconda3/envs/dbt-env/lib/python3.11/site-packages/airflow/example_dags/example_subdag_operator.py
[2025-02-17T22:21:15.262-0700] {processor.py:839} INFO - DAG(s) dict_keys(['example_subdag_operator.section-1', 'example_subdag_operator.section-2', 'example_subdag_operator']) retrieved from /home/jparep/miniconda3/envs/dbt-env/lib/python3.11/site-packages/airflow/example_dags/example_subdag_operator.py
[2025-02-17T22:21:15.280-0700] {logging_mixin.py:154} INFO - [2025-02-17T22:21:15.280-0700] {dag.py:2941} INFO - Sync 3 DAGs
[2025-02-17T22:21:15.303-0700] {logging_mixin.py:154} INFO - [2025-02-17T22:21:15.302-0700] {dag.py:3722} INFO - Setting next_dagrun for example_subdag_operator to 2022-01-01T00:00:00+00:00, run_after=2022-01-01T00:00:00+00:00
[2025-02-17T22:21:15.306-0700] {logging_mixin.py:154} INFO - [2025-02-17T22:21:15.306-0700] {dag.py:3722} INFO - Setting next_dagrun for example_subdag_operator.section-1 to None, run_after=None
[2025-02-17T22:21:15.307-0700] {logging_mixin.py:154} INFO - [2025-02-17T22:21:15.306-0700] {dag.py:3722} INFO - Setting next_dagrun for example_subdag_operator.section-2 to None, run_after=None
[2025-02-17T22:21:15.313-0700] {logging_mixin.py:154} INFO - [2025-02-17T22:21:15.313-0700] {dag.py:2941} INFO - Sync 2 DAGs
[2025-02-17T22:21:15.317-0700] {logging_mixin.py:154} INFO - [2025-02-17T22:21:15.317-0700] {dag.py:3722} INFO - Setting next_dagrun for example_subdag_operator.section-1 to None, run_after=None
[2025-02-17T22:21:15.317-0700] {logging_mixin.py:154} INFO - [2025-02-17T22:21:15.317-0700] {dag.py:3722} INFO - Setting next_dagrun for example_subdag_operator.section-2 to None, run_after=None
[2025-02-17T22:21:15.338-0700] {processor.py:179} INFO - Processing /home/jparep/miniconda3/envs/dbt-env/lib/python3.11/site-packages/airflow/example_dags/example_subdag_operator.py took 0.114 seconds
[2025-02-17T22:22:03.712-0700] {processor.py:157} INFO - Started process (PID=151628) to work on /home/jparep/miniconda3/envs/dbt-env/lib/python3.11/site-packages/airflow/example_dags/example_subdag_operator.py
[2025-02-17T22:22:03.715-0700] {processor.py:829} INFO - Processing file /home/jparep/miniconda3/envs/dbt-env/lib/python3.11/site-packages/airflow/example_dags/example_subdag_operator.py for tasks to queue
[2025-02-17T22:22:03.716-0700] {logging_mixin.py:154} INFO - [2025-02-17T22:22:03.716-0700] {dagbag.py:536} INFO - Filling up the DagBag from /home/jparep/miniconda3/envs/dbt-env/lib/python3.11/site-packages/airflow/example_dags/example_subdag_operator.py
[2025-02-17T22:22:03.745-0700] {processor.py:839} INFO - DAG(s) dict_keys(['example_subdag_operator.section-1', 'example_subdag_operator.section-2', 'example_subdag_operator']) retrieved from /home/jparep/miniconda3/envs/dbt-env/lib/python3.11/site-packages/airflow/example_dags/example_subdag_operator.py
[2025-02-17T22:22:03.764-0700] {logging_mixin.py:154} INFO - [2025-02-17T22:22:03.764-0700] {dag.py:2941} INFO - Sync 3 DAGs
[2025-02-17T22:22:03.788-0700] {logging_mixin.py:154} INFO - [2025-02-17T22:22:03.788-0700] {dag.py:3722} INFO - Setting next_dagrun for example_subdag_operator to 2022-01-01T00:00:00+00:00, run_after=2022-01-01T00:00:00+00:00
[2025-02-17T22:22:03.791-0700] {logging_mixin.py:154} INFO - [2025-02-17T22:22:03.791-0700] {dag.py:3722} INFO - Setting next_dagrun for example_subdag_operator.section-1 to None, run_after=None
[2025-02-17T22:22:03.792-0700] {logging_mixin.py:154} INFO - [2025-02-17T22:22:03.792-0700] {dag.py:3722} INFO - Setting next_dagrun for example_subdag_operator.section-2 to None, run_after=None
[2025-02-17T22:22:03.798-0700] {logging_mixin.py:154} INFO - [2025-02-17T22:22:03.798-0700] {dag.py:2941} INFO - Sync 2 DAGs
[2025-02-17T22:22:03.801-0700] {logging_mixin.py:154} INFO - [2025-02-17T22:22:03.801-0700] {dag.py:3722} INFO - Setting next_dagrun for example_subdag_operator.section-1 to None, run_after=None
[2025-02-17T22:22:03.802-0700] {logging_mixin.py:154} INFO - [2025-02-17T22:22:03.802-0700] {dag.py:3722} INFO - Setting next_dagrun for example_subdag_operator.section-2 to None, run_after=None
[2025-02-17T22:22:03.817-0700] {processor.py:179} INFO - Processing /home/jparep/miniconda3/envs/dbt-env/lib/python3.11/site-packages/airflow/example_dags/example_subdag_operator.py took 0.110 seconds
[2025-02-17T22:22:57.551-0700] {processor.py:157} INFO - Started process (PID=151995) to work on /home/jparep/miniconda3/envs/dbt-env/lib/python3.11/site-packages/airflow/example_dags/example_subdag_operator.py
[2025-02-17T22:22:57.553-0700] {processor.py:829} INFO - Processing file /home/jparep/miniconda3/envs/dbt-env/lib/python3.11/site-packages/airflow/example_dags/example_subdag_operator.py for tasks to queue
[2025-02-17T22:22:57.555-0700] {logging_mixin.py:154} INFO - [2025-02-17T22:22:57.554-0700] {dagbag.py:536} INFO - Filling up the DagBag from /home/jparep/miniconda3/envs/dbt-env/lib/python3.11/site-packages/airflow/example_dags/example_subdag_operator.py
[2025-02-17T22:22:57.581-0700] {processor.py:839} INFO - DAG(s) dict_keys(['example_subdag_operator.section-1', 'example_subdag_operator.section-2', 'example_subdag_operator']) retrieved from /home/jparep/miniconda3/envs/dbt-env/lib/python3.11/site-packages/airflow/example_dags/example_subdag_operator.py
[2025-02-17T22:22:57.598-0700] {logging_mixin.py:154} INFO - [2025-02-17T22:22:57.598-0700] {dag.py:2941} INFO - Sync 3 DAGs
[2025-02-17T22:22:57.613-0700] {logging_mixin.py:154} INFO - [2025-02-17T22:22:57.613-0700] {dag.py:3722} INFO - Setting next_dagrun for example_subdag_operator to 2022-01-01T00:00:00+00:00, run_after=2022-01-01T00:00:00+00:00
[2025-02-17T22:22:57.615-0700] {logging_mixin.py:154} INFO - [2025-02-17T22:22:57.615-0700] {dag.py:3722} INFO - Setting next_dagrun for example_subdag_operator.section-1 to None, run_after=None
[2025-02-17T22:22:57.616-0700] {logging_mixin.py:154} INFO - [2025-02-17T22:22:57.616-0700] {dag.py:3722} INFO - Setting next_dagrun for example_subdag_operator.section-2 to None, run_after=None
[2025-02-17T22:22:57.621-0700] {logging_mixin.py:154} INFO - [2025-02-17T22:22:57.621-0700] {dag.py:2941} INFO - Sync 2 DAGs
[2025-02-17T22:22:57.623-0700] {logging_mixin.py:154} INFO - [2025-02-17T22:22:57.623-0700] {dag.py:3722} INFO - Setting next_dagrun for example_subdag_operator.section-1 to None, run_after=None
[2025-02-17T22:22:57.624-0700] {logging_mixin.py:154} INFO - [2025-02-17T22:22:57.624-0700] {dag.py:3722} INFO - Setting next_dagrun for example_subdag_operator.section-2 to None, run_after=None
[2025-02-17T22:22:57.637-0700] {processor.py:179} INFO - Processing /home/jparep/miniconda3/envs/dbt-env/lib/python3.11/site-packages/airflow/example_dags/example_subdag_operator.py took 0.091 seconds
[2025-02-17T22:23:52.277-0700] {processor.py:157} INFO - Started process (PID=152515) to work on /home/jparep/miniconda3/envs/dbt-env/lib/python3.11/site-packages/airflow/example_dags/example_subdag_operator.py
[2025-02-17T22:23:52.279-0700] {processor.py:829} INFO - Processing file /home/jparep/miniconda3/envs/dbt-env/lib/python3.11/site-packages/airflow/example_dags/example_subdag_operator.py for tasks to queue
[2025-02-17T22:23:52.280-0700] {logging_mixin.py:154} INFO - [2025-02-17T22:23:52.279-0700] {dagbag.py:536} INFO - Filling up the DagBag from /home/jparep/miniconda3/envs/dbt-env/lib/python3.11/site-packages/airflow/example_dags/example_subdag_operator.py
[2025-02-17T22:23:52.304-0700] {processor.py:839} INFO - DAG(s) dict_keys(['example_subdag_operator.section-1', 'example_subdag_operator.section-2', 'example_subdag_operator']) retrieved from /home/jparep/miniconda3/envs/dbt-env/lib/python3.11/site-packages/airflow/example_dags/example_subdag_operator.py
[2025-02-17T22:23:52.316-0700] {logging_mixin.py:154} INFO - [2025-02-17T22:23:52.316-0700] {dag.py:2941} INFO - Sync 3 DAGs
[2025-02-17T22:23:52.334-0700] {logging_mixin.py:154} INFO - [2025-02-17T22:23:52.333-0700] {dag.py:3722} INFO - Setting next_dagrun for example_subdag_operator to 2022-01-01T00:00:00+00:00, run_after=2022-01-01T00:00:00+00:00
[2025-02-17T22:23:52.336-0700] {logging_mixin.py:154} INFO - [2025-02-17T22:23:52.336-0700] {dag.py:3722} INFO - Setting next_dagrun for example_subdag_operator.section-1 to None, run_after=None
[2025-02-17T22:23:52.337-0700] {logging_mixin.py:154} INFO - [2025-02-17T22:23:52.336-0700] {dag.py:3722} INFO - Setting next_dagrun for example_subdag_operator.section-2 to None, run_after=None
[2025-02-17T22:23:52.341-0700] {logging_mixin.py:154} INFO - [2025-02-17T22:23:52.341-0700] {dag.py:2941} INFO - Sync 2 DAGs
[2025-02-17T22:23:52.344-0700] {logging_mixin.py:154} INFO - [2025-02-17T22:23:52.344-0700] {dag.py:3722} INFO - Setting next_dagrun for example_subdag_operator.section-1 to None, run_after=None
[2025-02-17T22:23:52.344-0700] {logging_mixin.py:154} INFO - [2025-02-17T22:23:52.344-0700] {dag.py:3722} INFO - Setting next_dagrun for example_subdag_operator.section-2 to None, run_after=None
[2025-02-17T22:23:52.358-0700] {processor.py:179} INFO - Processing /home/jparep/miniconda3/envs/dbt-env/lib/python3.11/site-packages/airflow/example_dags/example_subdag_operator.py took 0.085 seconds
[2025-02-17T22:24:46.528-0700] {processor.py:157} INFO - Started process (PID=152859) to work on /home/jparep/miniconda3/envs/dbt-env/lib/python3.11/site-packages/airflow/example_dags/example_subdag_operator.py
[2025-02-17T22:24:46.530-0700] {processor.py:829} INFO - Processing file /home/jparep/miniconda3/envs/dbt-env/lib/python3.11/site-packages/airflow/example_dags/example_subdag_operator.py for tasks to queue
[2025-02-17T22:24:46.532-0700] {logging_mixin.py:154} INFO - [2025-02-17T22:24:46.531-0700] {dagbag.py:536} INFO - Filling up the DagBag from /home/jparep/miniconda3/envs/dbt-env/lib/python3.11/site-packages/airflow/example_dags/example_subdag_operator.py
[2025-02-17T22:24:46.553-0700] {processor.py:839} INFO - DAG(s) dict_keys(['example_subdag_operator.section-1', 'example_subdag_operator.section-2', 'example_subdag_operator']) retrieved from /home/jparep/miniconda3/envs/dbt-env/lib/python3.11/site-packages/airflow/example_dags/example_subdag_operator.py
[2025-02-17T22:24:46.567-0700] {logging_mixin.py:154} INFO - [2025-02-17T22:24:46.567-0700] {dag.py:2941} INFO - Sync 3 DAGs
[2025-02-17T22:24:46.582-0700] {logging_mixin.py:154} INFO - [2025-02-17T22:24:46.582-0700] {dag.py:3722} INFO - Setting next_dagrun for example_subdag_operator to 2022-01-01T00:00:00+00:00, run_after=2022-01-01T00:00:00+00:00
[2025-02-17T22:24:46.584-0700] {logging_mixin.py:154} INFO - [2025-02-17T22:24:46.584-0700] {dag.py:3722} INFO - Setting next_dagrun for example_subdag_operator.section-1 to None, run_after=None
[2025-02-17T22:24:46.585-0700] {logging_mixin.py:154} INFO - [2025-02-17T22:24:46.585-0700] {dag.py:3722} INFO - Setting next_dagrun for example_subdag_operator.section-2 to None, run_after=None
[2025-02-17T22:24:46.590-0700] {logging_mixin.py:154} INFO - [2025-02-17T22:24:46.589-0700] {dag.py:2941} INFO - Sync 2 DAGs
[2025-02-17T22:24:46.592-0700] {logging_mixin.py:154} INFO - [2025-02-17T22:24:46.592-0700] {dag.py:3722} INFO - Setting next_dagrun for example_subdag_operator.section-1 to None, run_after=None
[2025-02-17T22:24:46.593-0700] {logging_mixin.py:154} INFO - [2025-02-17T22:24:46.592-0700] {dag.py:3722} INFO - Setting next_dagrun for example_subdag_operator.section-2 to None, run_after=None
[2025-02-17T22:24:46.606-0700] {processor.py:179} INFO - Processing /home/jparep/miniconda3/envs/dbt-env/lib/python3.11/site-packages/airflow/example_dags/example_subdag_operator.py took 0.082 seconds
[2025-02-17T22:25:46.893-0700] {processor.py:157} INFO - Started process (PID=153411) to work on /home/jparep/miniconda3/envs/dbt-env/lib/python3.11/site-packages/airflow/example_dags/example_subdag_operator.py
[2025-02-17T22:25:46.896-0700] {processor.py:829} INFO - Processing file /home/jparep/miniconda3/envs/dbt-env/lib/python3.11/site-packages/airflow/example_dags/example_subdag_operator.py for tasks to queue
[2025-02-17T22:25:46.897-0700] {logging_mixin.py:154} INFO - [2025-02-17T22:25:46.896-0700] {dagbag.py:536} INFO - Filling up the DagBag from /home/jparep/miniconda3/envs/dbt-env/lib/python3.11/site-packages/airflow/example_dags/example_subdag_operator.py
[2025-02-17T22:25:46.926-0700] {processor.py:839} INFO - DAG(s) dict_keys(['example_subdag_operator.section-1', 'example_subdag_operator.section-2', 'example_subdag_operator']) retrieved from /home/jparep/miniconda3/envs/dbt-env/lib/python3.11/site-packages/airflow/example_dags/example_subdag_operator.py
[2025-02-17T22:25:46.945-0700] {logging_mixin.py:154} INFO - [2025-02-17T22:25:46.945-0700] {dag.py:2941} INFO - Sync 3 DAGs
[2025-02-17T22:25:46.969-0700] {logging_mixin.py:154} INFO - [2025-02-17T22:25:46.968-0700] {dag.py:3722} INFO - Setting next_dagrun for example_subdag_operator to 2022-01-01T00:00:00+00:00, run_after=2022-01-01T00:00:00+00:00
[2025-02-17T22:25:46.971-0700] {logging_mixin.py:154} INFO - [2025-02-17T22:25:46.971-0700] {dag.py:3722} INFO - Setting next_dagrun for example_subdag_operator.section-1 to None, run_after=None
[2025-02-17T22:25:46.972-0700] {logging_mixin.py:154} INFO - [2025-02-17T22:25:46.972-0700] {dag.py:3722} INFO - Setting next_dagrun for example_subdag_operator.section-2 to None, run_after=None
[2025-02-17T22:25:46.977-0700] {logging_mixin.py:154} INFO - [2025-02-17T22:25:46.977-0700] {dag.py:2941} INFO - Sync 2 DAGs
[2025-02-17T22:25:46.980-0700] {logging_mixin.py:154} INFO - [2025-02-17T22:25:46.980-0700] {dag.py:3722} INFO - Setting next_dagrun for example_subdag_operator.section-1 to None, run_after=None
[2025-02-17T22:25:46.980-0700] {logging_mixin.py:154} INFO - [2025-02-17T22:25:46.980-0700] {dag.py:3722} INFO - Setting next_dagrun for example_subdag_operator.section-2 to None, run_after=None
[2025-02-17T22:25:46.997-0700] {processor.py:179} INFO - Processing /home/jparep/miniconda3/envs/dbt-env/lib/python3.11/site-packages/airflow/example_dags/example_subdag_operator.py took 0.108 seconds
[2025-02-17T22:26:37.218-0700] {processor.py:157} INFO - Started process (PID=153918) to work on /home/jparep/miniconda3/envs/dbt-env/lib/python3.11/site-packages/airflow/example_dags/example_subdag_operator.py
[2025-02-17T22:26:37.221-0700] {processor.py:829} INFO - Processing file /home/jparep/miniconda3/envs/dbt-env/lib/python3.11/site-packages/airflow/example_dags/example_subdag_operator.py for tasks to queue
[2025-02-17T22:26:37.222-0700] {logging_mixin.py:154} INFO - [2025-02-17T22:26:37.221-0700] {dagbag.py:536} INFO - Filling up the DagBag from /home/jparep/miniconda3/envs/dbt-env/lib/python3.11/site-packages/airflow/example_dags/example_subdag_operator.py
[2025-02-17T22:26:37.255-0700] {processor.py:839} INFO - DAG(s) dict_keys(['example_subdag_operator.section-1', 'example_subdag_operator.section-2', 'example_subdag_operator']) retrieved from /home/jparep/miniconda3/envs/dbt-env/lib/python3.11/site-packages/airflow/example_dags/example_subdag_operator.py
[2025-02-17T22:26:37.271-0700] {logging_mixin.py:154} INFO - [2025-02-17T22:26:37.271-0700] {dag.py:2941} INFO - Sync 3 DAGs
[2025-02-17T22:26:37.286-0700] {logging_mixin.py:154} INFO - [2025-02-17T22:26:37.286-0700] {dag.py:3722} INFO - Setting next_dagrun for example_subdag_operator to 2022-01-01T00:00:00+00:00, run_after=2022-01-01T00:00:00+00:00
[2025-02-17T22:26:37.289-0700] {logging_mixin.py:154} INFO - [2025-02-17T22:26:37.288-0700] {dag.py:3722} INFO - Setting next_dagrun for example_subdag_operator.section-1 to None, run_after=None
[2025-02-17T22:26:37.289-0700] {logging_mixin.py:154} INFO - [2025-02-17T22:26:37.289-0700] {dag.py:3722} INFO - Setting next_dagrun for example_subdag_operator.section-2 to None, run_after=None
[2025-02-17T22:26:37.294-0700] {logging_mixin.py:154} INFO - [2025-02-17T22:26:37.294-0700] {dag.py:2941} INFO - Sync 2 DAGs
[2025-02-17T22:26:37.297-0700] {logging_mixin.py:154} INFO - [2025-02-17T22:26:37.296-0700] {dag.py:3722} INFO - Setting next_dagrun for example_subdag_operator.section-1 to None, run_after=None
[2025-02-17T22:26:37.297-0700] {logging_mixin.py:154} INFO - [2025-02-17T22:26:37.297-0700] {dag.py:3722} INFO - Setting next_dagrun for example_subdag_operator.section-2 to None, run_after=None
[2025-02-17T22:26:37.314-0700] {processor.py:179} INFO - Processing /home/jparep/miniconda3/envs/dbt-env/lib/python3.11/site-packages/airflow/example_dags/example_subdag_operator.py took 0.100 seconds
[2025-02-17T22:27:33.153-0700] {processor.py:157} INFO - Started process (PID=154442) to work on /home/jparep/miniconda3/envs/dbt-env/lib/python3.11/site-packages/airflow/example_dags/example_subdag_operator.py
[2025-02-17T22:27:33.156-0700] {processor.py:829} INFO - Processing file /home/jparep/miniconda3/envs/dbt-env/lib/python3.11/site-packages/airflow/example_dags/example_subdag_operator.py for tasks to queue
[2025-02-17T22:27:33.157-0700] {logging_mixin.py:154} INFO - [2025-02-17T22:27:33.157-0700] {dagbag.py:536} INFO - Filling up the DagBag from /home/jparep/miniconda3/envs/dbt-env/lib/python3.11/site-packages/airflow/example_dags/example_subdag_operator.py
[2025-02-17T22:27:33.187-0700] {processor.py:839} INFO - DAG(s) dict_keys(['example_subdag_operator.section-1', 'example_subdag_operator.section-2', 'example_subdag_operator']) retrieved from /home/jparep/miniconda3/envs/dbt-env/lib/python3.11/site-packages/airflow/example_dags/example_subdag_operator.py
[2025-02-17T22:27:33.202-0700] {logging_mixin.py:154} INFO - [2025-02-17T22:27:33.201-0700] {dag.py:2941} INFO - Sync 3 DAGs
[2025-02-17T22:27:33.217-0700] {logging_mixin.py:154} INFO - [2025-02-17T22:27:33.217-0700] {dag.py:3722} INFO - Setting next_dagrun for example_subdag_operator to 2022-01-01T00:00:00+00:00, run_after=2022-01-01T00:00:00+00:00
[2025-02-17T22:27:33.219-0700] {logging_mixin.py:154} INFO - [2025-02-17T22:27:33.219-0700] {dag.py:3722} INFO - Setting next_dagrun for example_subdag_operator.section-1 to None, run_after=None
[2025-02-17T22:27:33.220-0700] {logging_mixin.py:154} INFO - [2025-02-17T22:27:33.220-0700] {dag.py:3722} INFO - Setting next_dagrun for example_subdag_operator.section-2 to None, run_after=None
[2025-02-17T22:27:33.225-0700] {logging_mixin.py:154} INFO - [2025-02-17T22:27:33.225-0700] {dag.py:2941} INFO - Sync 2 DAGs
[2025-02-17T22:27:33.228-0700] {logging_mixin.py:154} INFO - [2025-02-17T22:27:33.228-0700] {dag.py:3722} INFO - Setting next_dagrun for example_subdag_operator.section-1 to None, run_after=None
[2025-02-17T22:27:33.228-0700] {logging_mixin.py:154} INFO - [2025-02-17T22:27:33.228-0700] {dag.py:3722} INFO - Setting next_dagrun for example_subdag_operator.section-2 to None, run_after=None
[2025-02-17T22:27:33.241-0700] {processor.py:179} INFO - Processing /home/jparep/miniconda3/envs/dbt-env/lib/python3.11/site-packages/airflow/example_dags/example_subdag_operator.py took 0.091 seconds
[2025-02-17T22:28:27.220-0700] {processor.py:157} INFO - Started process (PID=154919) to work on /home/jparep/miniconda3/envs/dbt-env/lib/python3.11/site-packages/airflow/example_dags/example_subdag_operator.py
[2025-02-17T22:28:27.223-0700] {processor.py:829} INFO - Processing file /home/jparep/miniconda3/envs/dbt-env/lib/python3.11/site-packages/airflow/example_dags/example_subdag_operator.py for tasks to queue
[2025-02-17T22:28:27.224-0700] {logging_mixin.py:154} INFO - [2025-02-17T22:28:27.224-0700] {dagbag.py:536} INFO - Filling up the DagBag from /home/jparep/miniconda3/envs/dbt-env/lib/python3.11/site-packages/airflow/example_dags/example_subdag_operator.py
[2025-02-17T22:28:27.255-0700] {processor.py:839} INFO - DAG(s) dict_keys(['example_subdag_operator.section-1', 'example_subdag_operator.section-2', 'example_subdag_operator']) retrieved from /home/jparep/miniconda3/envs/dbt-env/lib/python3.11/site-packages/airflow/example_dags/example_subdag_operator.py
[2025-02-17T22:28:27.269-0700] {logging_mixin.py:154} INFO - [2025-02-17T22:28:27.269-0700] {dag.py:2941} INFO - Sync 3 DAGs
[2025-02-17T22:28:27.285-0700] {logging_mixin.py:154} INFO - [2025-02-17T22:28:27.284-0700] {dag.py:3722} INFO - Setting next_dagrun for example_subdag_operator to 2022-01-01T00:00:00+00:00, run_after=2022-01-01T00:00:00+00:00
[2025-02-17T22:28:27.287-0700] {logging_mixin.py:154} INFO - [2025-02-17T22:28:27.287-0700] {dag.py:3722} INFO - Setting next_dagrun for example_subdag_operator.section-1 to None, run_after=None
[2025-02-17T22:28:27.288-0700] {logging_mixin.py:154} INFO - [2025-02-17T22:28:27.287-0700] {dag.py:3722} INFO - Setting next_dagrun for example_subdag_operator.section-2 to None, run_after=None
[2025-02-17T22:28:27.292-0700] {logging_mixin.py:154} INFO - [2025-02-17T22:28:27.292-0700] {dag.py:2941} INFO - Sync 2 DAGs
[2025-02-17T22:28:27.295-0700] {logging_mixin.py:154} INFO - [2025-02-17T22:28:27.295-0700] {dag.py:3722} INFO - Setting next_dagrun for example_subdag_operator.section-1 to None, run_after=None
[2025-02-17T22:28:27.295-0700] {logging_mixin.py:154} INFO - [2025-02-17T22:28:27.295-0700] {dag.py:3722} INFO - Setting next_dagrun for example_subdag_operator.section-2 to None, run_after=None
[2025-02-17T22:28:27.309-0700] {processor.py:179} INFO - Processing /home/jparep/miniconda3/envs/dbt-env/lib/python3.11/site-packages/airflow/example_dags/example_subdag_operator.py took 0.095 seconds
[2025-02-17T22:29:09.686-0700] {processor.py:157} INFO - Started process (PID=155079) to work on /home/jparep/miniconda3/envs/dbt-env/lib/python3.11/site-packages/airflow/example_dags/example_subdag_operator.py
[2025-02-17T22:29:09.689-0700] {processor.py:829} INFO - Processing file /home/jparep/miniconda3/envs/dbt-env/lib/python3.11/site-packages/airflow/example_dags/example_subdag_operator.py for tasks to queue
[2025-02-17T22:29:09.690-0700] {logging_mixin.py:154} INFO - [2025-02-17T22:29:09.690-0700] {dagbag.py:536} INFO - Filling up the DagBag from /home/jparep/miniconda3/envs/dbt-env/lib/python3.11/site-packages/airflow/example_dags/example_subdag_operator.py
[2025-02-17T22:29:09.718-0700] {processor.py:839} INFO - DAG(s) dict_keys(['example_subdag_operator.section-1', 'example_subdag_operator.section-2', 'example_subdag_operator']) retrieved from /home/jparep/miniconda3/envs/dbt-env/lib/python3.11/site-packages/airflow/example_dags/example_subdag_operator.py
[2025-02-17T22:29:09.729-0700] {logging_mixin.py:154} INFO - [2025-02-17T22:29:09.729-0700] {dag.py:2941} INFO - Sync 3 DAGs
[2025-02-17T22:29:09.743-0700] {logging_mixin.py:154} INFO - [2025-02-17T22:29:09.743-0700] {dag.py:3722} INFO - Setting next_dagrun for example_subdag_operator to 2022-01-01T00:00:00+00:00, run_after=2022-01-01T00:00:00+00:00
[2025-02-17T22:29:09.745-0700] {logging_mixin.py:154} INFO - [2025-02-17T22:29:09.745-0700] {dag.py:3722} INFO - Setting next_dagrun for example_subdag_operator.section-1 to None, run_after=None
[2025-02-17T22:29:09.746-0700] {logging_mixin.py:154} INFO - [2025-02-17T22:29:09.746-0700] {dag.py:3722} INFO - Setting next_dagrun for example_subdag_operator.section-2 to None, run_after=None
[2025-02-17T22:29:09.750-0700] {logging_mixin.py:154} INFO - [2025-02-17T22:29:09.750-0700] {dag.py:2941} INFO - Sync 2 DAGs
[2025-02-17T22:29:09.752-0700] {logging_mixin.py:154} INFO - [2025-02-17T22:29:09.752-0700] {dag.py:3722} INFO - Setting next_dagrun for example_subdag_operator.section-1 to None, run_after=None
[2025-02-17T22:29:09.752-0700] {logging_mixin.py:154} INFO - [2025-02-17T22:29:09.752-0700] {dag.py:3722} INFO - Setting next_dagrun for example_subdag_operator.section-2 to None, run_after=None
[2025-02-17T22:29:09.764-0700] {processor.py:179} INFO - Processing /home/jparep/miniconda3/envs/dbt-env/lib/python3.11/site-packages/airflow/example_dags/example_subdag_operator.py took 0.085 seconds
[2025-02-17T22:29:54.999-0700] {processor.py:157} INFO - Started process (PID=155444) to work on /home/jparep/miniconda3/envs/dbt-env/lib/python3.11/site-packages/airflow/example_dags/example_subdag_operator.py
[2025-02-17T22:29:55.002-0700] {processor.py:829} INFO - Processing file /home/jparep/miniconda3/envs/dbt-env/lib/python3.11/site-packages/airflow/example_dags/example_subdag_operator.py for tasks to queue
[2025-02-17T22:29:55.003-0700] {logging_mixin.py:154} INFO - [2025-02-17T22:29:55.003-0700] {dagbag.py:536} INFO - Filling up the DagBag from /home/jparep/miniconda3/envs/dbt-env/lib/python3.11/site-packages/airflow/example_dags/example_subdag_operator.py
[2025-02-17T22:29:55.034-0700] {processor.py:839} INFO - DAG(s) dict_keys(['example_subdag_operator.section-1', 'example_subdag_operator.section-2', 'example_subdag_operator']) retrieved from /home/jparep/miniconda3/envs/dbt-env/lib/python3.11/site-packages/airflow/example_dags/example_subdag_operator.py
[2025-02-17T22:29:55.053-0700] {logging_mixin.py:154} INFO - [2025-02-17T22:29:55.052-0700] {dag.py:2941} INFO - Sync 3 DAGs
[2025-02-17T22:29:55.071-0700] {logging_mixin.py:154} INFO - [2025-02-17T22:29:55.071-0700] {dag.py:3722} INFO - Setting next_dagrun for example_subdag_operator to 2022-01-01T00:00:00+00:00, run_after=2022-01-01T00:00:00+00:00
[2025-02-17T22:29:55.073-0700] {logging_mixin.py:154} INFO - [2025-02-17T22:29:55.073-0700] {dag.py:3722} INFO - Setting next_dagrun for example_subdag_operator.section-1 to None, run_after=None
[2025-02-17T22:29:55.074-0700] {logging_mixin.py:154} INFO - [2025-02-17T22:29:55.074-0700] {dag.py:3722} INFO - Setting next_dagrun for example_subdag_operator.section-2 to None, run_after=None
[2025-02-17T22:29:55.082-0700] {logging_mixin.py:154} INFO - [2025-02-17T22:29:55.082-0700] {dag.py:2941} INFO - Sync 2 DAGs
[2025-02-17T22:29:55.088-0700] {logging_mixin.py:154} INFO - [2025-02-17T22:29:55.088-0700] {dag.py:3722} INFO - Setting next_dagrun for example_subdag_operator.section-1 to None, run_after=None
[2025-02-17T22:29:55.088-0700] {logging_mixin.py:154} INFO - [2025-02-17T22:29:55.088-0700] {dag.py:3722} INFO - Setting next_dagrun for example_subdag_operator.section-2 to None, run_after=None
[2025-02-17T22:29:55.109-0700] {processor.py:179} INFO - Processing /home/jparep/miniconda3/envs/dbt-env/lib/python3.11/site-packages/airflow/example_dags/example_subdag_operator.py took 0.115 seconds
[2025-02-17T22:30:49.281-0700] {processor.py:157} INFO - Started process (PID=155980) to work on /home/jparep/miniconda3/envs/dbt-env/lib/python3.11/site-packages/airflow/example_dags/example_subdag_operator.py
[2025-02-17T22:30:49.282-0700] {processor.py:829} INFO - Processing file /home/jparep/miniconda3/envs/dbt-env/lib/python3.11/site-packages/airflow/example_dags/example_subdag_operator.py for tasks to queue
[2025-02-17T22:30:49.283-0700] {logging_mixin.py:154} INFO - [2025-02-17T22:30:49.282-0700] {dagbag.py:536} INFO - Filling up the DagBag from /home/jparep/miniconda3/envs/dbt-env/lib/python3.11/site-packages/airflow/example_dags/example_subdag_operator.py
[2025-02-17T22:30:49.306-0700] {processor.py:839} INFO - DAG(s) dict_keys(['example_subdag_operator.section-1', 'example_subdag_operator.section-2', 'example_subdag_operator']) retrieved from /home/jparep/miniconda3/envs/dbt-env/lib/python3.11/site-packages/airflow/example_dags/example_subdag_operator.py
[2025-02-17T22:30:49.321-0700] {logging_mixin.py:154} INFO - [2025-02-17T22:30:49.321-0700] {dag.py:2941} INFO - Sync 3 DAGs
[2025-02-17T22:30:49.338-0700] {logging_mixin.py:154} INFO - [2025-02-17T22:30:49.338-0700] {dag.py:3722} INFO - Setting next_dagrun for example_subdag_operator to 2022-01-01T00:00:00+00:00, run_after=2022-01-01T00:00:00+00:00
[2025-02-17T22:30:49.340-0700] {logging_mixin.py:154} INFO - [2025-02-17T22:30:49.340-0700] {dag.py:3722} INFO - Setting next_dagrun for example_subdag_operator.section-1 to None, run_after=None
[2025-02-17T22:30:49.341-0700] {logging_mixin.py:154} INFO - [2025-02-17T22:30:49.341-0700] {dag.py:3722} INFO - Setting next_dagrun for example_subdag_operator.section-2 to None, run_after=None
[2025-02-17T22:30:49.346-0700] {logging_mixin.py:154} INFO - [2025-02-17T22:30:49.346-0700] {dag.py:2941} INFO - Sync 2 DAGs
[2025-02-17T22:30:49.350-0700] {logging_mixin.py:154} INFO - [2025-02-17T22:30:49.350-0700] {dag.py:3722} INFO - Setting next_dagrun for example_subdag_operator.section-1 to None, run_after=None
[2025-02-17T22:30:49.350-0700] {logging_mixin.py:154} INFO - [2025-02-17T22:30:49.350-0700] {dag.py:3722} INFO - Setting next_dagrun for example_subdag_operator.section-2 to None, run_after=None
[2025-02-17T22:30:49.366-0700] {processor.py:179} INFO - Processing /home/jparep/miniconda3/envs/dbt-env/lib/python3.11/site-packages/airflow/example_dags/example_subdag_operator.py took 0.088 seconds
[2025-02-17T22:31:44.282-0700] {processor.py:157} INFO - Started process (PID=156524) to work on /home/jparep/miniconda3/envs/dbt-env/lib/python3.11/site-packages/airflow/example_dags/example_subdag_operator.py
[2025-02-17T22:31:44.284-0700] {processor.py:829} INFO - Processing file /home/jparep/miniconda3/envs/dbt-env/lib/python3.11/site-packages/airflow/example_dags/example_subdag_operator.py for tasks to queue
[2025-02-17T22:31:44.285-0700] {logging_mixin.py:154} INFO - [2025-02-17T22:31:44.285-0700] {dagbag.py:536} INFO - Filling up the DagBag from /home/jparep/miniconda3/envs/dbt-env/lib/python3.11/site-packages/airflow/example_dags/example_subdag_operator.py
[2025-02-17T22:31:44.312-0700] {processor.py:839} INFO - DAG(s) dict_keys(['example_subdag_operator.section-1', 'example_subdag_operator.section-2', 'example_subdag_operator']) retrieved from /home/jparep/miniconda3/envs/dbt-env/lib/python3.11/site-packages/airflow/example_dags/example_subdag_operator.py
[2025-02-17T22:31:44.327-0700] {logging_mixin.py:154} INFO - [2025-02-17T22:31:44.326-0700] {dag.py:2941} INFO - Sync 3 DAGs
[2025-02-17T22:31:44.348-0700] {logging_mixin.py:154} INFO - [2025-02-17T22:31:44.348-0700] {dag.py:3722} INFO - Setting next_dagrun for example_subdag_operator to 2022-01-01T00:00:00+00:00, run_after=2022-01-01T00:00:00+00:00
[2025-02-17T22:31:44.353-0700] {logging_mixin.py:154} INFO - [2025-02-17T22:31:44.352-0700] {dag.py:3722} INFO - Setting next_dagrun for example_subdag_operator.section-1 to None, run_after=None
[2025-02-17T22:31:44.354-0700] {logging_mixin.py:154} INFO - [2025-02-17T22:31:44.354-0700] {dag.py:3722} INFO - Setting next_dagrun for example_subdag_operator.section-2 to None, run_after=None
[2025-02-17T22:31:44.360-0700] {logging_mixin.py:154} INFO - [2025-02-17T22:31:44.360-0700] {dag.py:2941} INFO - Sync 2 DAGs
[2025-02-17T22:31:44.367-0700] {logging_mixin.py:154} INFO - [2025-02-17T22:31:44.366-0700] {dag.py:3722} INFO - Setting next_dagrun for example_subdag_operator.section-1 to None, run_after=None
[2025-02-17T22:31:44.367-0700] {logging_mixin.py:154} INFO - [2025-02-17T22:31:44.367-0700] {dag.py:3722} INFO - Setting next_dagrun for example_subdag_operator.section-2 to None, run_after=None
[2025-02-17T22:31:44.385-0700] {processor.py:179} INFO - Processing /home/jparep/miniconda3/envs/dbt-env/lib/python3.11/site-packages/airflow/example_dags/example_subdag_operator.py took 0.107 seconds
[2025-02-17T22:32:38.344-0700] {processor.py:157} INFO - Started process (PID=156956) to work on /home/jparep/miniconda3/envs/dbt-env/lib/python3.11/site-packages/airflow/example_dags/example_subdag_operator.py
[2025-02-17T22:32:38.346-0700] {processor.py:829} INFO - Processing file /home/jparep/miniconda3/envs/dbt-env/lib/python3.11/site-packages/airflow/example_dags/example_subdag_operator.py for tasks to queue
[2025-02-17T22:32:38.347-0700] {logging_mixin.py:154} INFO - [2025-02-17T22:32:38.347-0700] {dagbag.py:536} INFO - Filling up the DagBag from /home/jparep/miniconda3/envs/dbt-env/lib/python3.11/site-packages/airflow/example_dags/example_subdag_operator.py
[2025-02-17T22:32:38.368-0700] {processor.py:839} INFO - DAG(s) dict_keys(['example_subdag_operator.section-1', 'example_subdag_operator.section-2', 'example_subdag_operator']) retrieved from /home/jparep/miniconda3/envs/dbt-env/lib/python3.11/site-packages/airflow/example_dags/example_subdag_operator.py
[2025-02-17T22:32:38.381-0700] {logging_mixin.py:154} INFO - [2025-02-17T22:32:38.381-0700] {dag.py:2941} INFO - Sync 3 DAGs
[2025-02-17T22:32:38.404-0700] {logging_mixin.py:154} INFO - [2025-02-17T22:32:38.403-0700] {dag.py:3722} INFO - Setting next_dagrun for example_subdag_operator to 2022-01-01T00:00:00+00:00, run_after=2022-01-01T00:00:00+00:00
[2025-02-17T22:32:38.406-0700] {logging_mixin.py:154} INFO - [2025-02-17T22:32:38.406-0700] {dag.py:3722} INFO - Setting next_dagrun for example_subdag_operator.section-1 to None, run_after=None
[2025-02-17T22:32:38.407-0700] {logging_mixin.py:154} INFO - [2025-02-17T22:32:38.407-0700] {dag.py:3722} INFO - Setting next_dagrun for example_subdag_operator.section-2 to None, run_after=None
[2025-02-17T22:32:38.412-0700] {logging_mixin.py:154} INFO - [2025-02-17T22:32:38.412-0700] {dag.py:2941} INFO - Sync 2 DAGs
[2025-02-17T22:32:38.415-0700] {logging_mixin.py:154} INFO - [2025-02-17T22:32:38.415-0700] {dag.py:3722} INFO - Setting next_dagrun for example_subdag_operator.section-1 to None, run_after=None
[2025-02-17T22:32:38.415-0700] {logging_mixin.py:154} INFO - [2025-02-17T22:32:38.415-0700] {dag.py:3722} INFO - Setting next_dagrun for example_subdag_operator.section-2 to None, run_after=None
[2025-02-17T22:32:38.428-0700] {processor.py:179} INFO - Processing /home/jparep/miniconda3/envs/dbt-env/lib/python3.11/site-packages/airflow/example_dags/example_subdag_operator.py took 0.087 seconds
[2025-02-17T22:33:21.948-0700] {processor.py:157} INFO - Started process (PID=157188) to work on /home/jparep/miniconda3/envs/dbt-env/lib/python3.11/site-packages/airflow/example_dags/example_subdag_operator.py
[2025-02-17T22:33:21.951-0700] {processor.py:829} INFO - Processing file /home/jparep/miniconda3/envs/dbt-env/lib/python3.11/site-packages/airflow/example_dags/example_subdag_operator.py for tasks to queue
[2025-02-17T22:33:21.952-0700] {logging_mixin.py:154} INFO - [2025-02-17T22:33:21.952-0700] {dagbag.py:536} INFO - Filling up the DagBag from /home/jparep/miniconda3/envs/dbt-env/lib/python3.11/site-packages/airflow/example_dags/example_subdag_operator.py
[2025-02-17T22:33:21.986-0700] {processor.py:839} INFO - DAG(s) dict_keys(['example_subdag_operator.section-1', 'example_subdag_operator.section-2', 'example_subdag_operator']) retrieved from /home/jparep/miniconda3/envs/dbt-env/lib/python3.11/site-packages/airflow/example_dags/example_subdag_operator.py
[2025-02-17T22:33:22.007-0700] {logging_mixin.py:154} INFO - [2025-02-17T22:33:22.007-0700] {dag.py:2941} INFO - Sync 3 DAGs
[2025-02-17T22:33:22.029-0700] {logging_mixin.py:154} INFO - [2025-02-17T22:33:22.028-0700] {dag.py:3722} INFO - Setting next_dagrun for example_subdag_operator to 2022-01-01T00:00:00+00:00, run_after=2022-01-01T00:00:00+00:00
[2025-02-17T22:33:22.031-0700] {logging_mixin.py:154} INFO - [2025-02-17T22:33:22.031-0700] {dag.py:3722} INFO - Setting next_dagrun for example_subdag_operator.section-1 to None, run_after=None
[2025-02-17T22:33:22.032-0700] {logging_mixin.py:154} INFO - [2025-02-17T22:33:22.032-0700] {dag.py:3722} INFO - Setting next_dagrun for example_subdag_operator.section-2 to None, run_after=None
[2025-02-17T22:33:22.046-0700] {logging_mixin.py:154} INFO - [2025-02-17T22:33:22.046-0700] {dag.py:2941} INFO - Sync 2 DAGs
[2025-02-17T22:33:22.049-0700] {logging_mixin.py:154} INFO - [2025-02-17T22:33:22.049-0700] {dag.py:3722} INFO - Setting next_dagrun for example_subdag_operator.section-1 to None, run_after=None
[2025-02-17T22:33:22.049-0700] {logging_mixin.py:154} INFO - [2025-02-17T22:33:22.049-0700] {dag.py:3722} INFO - Setting next_dagrun for example_subdag_operator.section-2 to None, run_after=None
[2025-02-17T22:33:22.063-0700] {processor.py:179} INFO - Processing /home/jparep/miniconda3/envs/dbt-env/lib/python3.11/site-packages/airflow/example_dags/example_subdag_operator.py took 0.120 seconds
[2025-02-17T22:34:14.358-0700] {processor.py:157} INFO - Started process (PID=157604) to work on /home/jparep/miniconda3/envs/dbt-env/lib/python3.11/site-packages/airflow/example_dags/example_subdag_operator.py
[2025-02-17T22:34:14.360-0700] {processor.py:829} INFO - Processing file /home/jparep/miniconda3/envs/dbt-env/lib/python3.11/site-packages/airflow/example_dags/example_subdag_operator.py for tasks to queue
[2025-02-17T22:34:14.361-0700] {logging_mixin.py:154} INFO - [2025-02-17T22:34:14.360-0700] {dagbag.py:536} INFO - Filling up the DagBag from /home/jparep/miniconda3/envs/dbt-env/lib/python3.11/site-packages/airflow/example_dags/example_subdag_operator.py
[2025-02-17T22:34:14.389-0700] {processor.py:839} INFO - DAG(s) dict_keys(['example_subdag_operator.section-1', 'example_subdag_operator.section-2', 'example_subdag_operator']) retrieved from /home/jparep/miniconda3/envs/dbt-env/lib/python3.11/site-packages/airflow/example_dags/example_subdag_operator.py
[2025-02-17T22:34:14.410-0700] {logging_mixin.py:154} INFO - [2025-02-17T22:34:14.410-0700] {dag.py:2941} INFO - Sync 3 DAGs
[2025-02-17T22:34:14.433-0700] {logging_mixin.py:154} INFO - [2025-02-17T22:34:14.433-0700] {dag.py:3722} INFO - Setting next_dagrun for example_subdag_operator to 2022-01-01T00:00:00+00:00, run_after=2022-01-01T00:00:00+00:00
[2025-02-17T22:34:14.436-0700] {logging_mixin.py:154} INFO - [2025-02-17T22:34:14.436-0700] {dag.py:3722} INFO - Setting next_dagrun for example_subdag_operator.section-1 to None, run_after=None
[2025-02-17T22:34:14.437-0700] {logging_mixin.py:154} INFO - [2025-02-17T22:34:14.437-0700] {dag.py:3722} INFO - Setting next_dagrun for example_subdag_operator.section-2 to None, run_after=None
[2025-02-17T22:34:14.442-0700] {logging_mixin.py:154} INFO - [2025-02-17T22:34:14.441-0700] {dag.py:2941} INFO - Sync 2 DAGs
[2025-02-17T22:34:14.444-0700] {logging_mixin.py:154} INFO - [2025-02-17T22:34:14.444-0700] {dag.py:3722} INFO - Setting next_dagrun for example_subdag_operator.section-1 to None, run_after=None
[2025-02-17T22:34:14.445-0700] {logging_mixin.py:154} INFO - [2025-02-17T22:34:14.444-0700] {dag.py:3722} INFO - Setting next_dagrun for example_subdag_operator.section-2 to None, run_after=None
[2025-02-17T22:34:14.461-0700] {processor.py:179} INFO - Processing /home/jparep/miniconda3/envs/dbt-env/lib/python3.11/site-packages/airflow/example_dags/example_subdag_operator.py took 0.106 seconds
[2025-02-17T22:35:09.679-0700] {processor.py:157} INFO - Started process (PID=158040) to work on /home/jparep/miniconda3/envs/dbt-env/lib/python3.11/site-packages/airflow/example_dags/example_subdag_operator.py
[2025-02-17T22:35:09.682-0700] {processor.py:829} INFO - Processing file /home/jparep/miniconda3/envs/dbt-env/lib/python3.11/site-packages/airflow/example_dags/example_subdag_operator.py for tasks to queue
[2025-02-17T22:35:09.683-0700] {logging_mixin.py:154} INFO - [2025-02-17T22:35:09.682-0700] {dagbag.py:536} INFO - Filling up the DagBag from /home/jparep/miniconda3/envs/dbt-env/lib/python3.11/site-packages/airflow/example_dags/example_subdag_operator.py
[2025-02-17T22:35:09.714-0700] {processor.py:839} INFO - DAG(s) dict_keys(['example_subdag_operator.section-1', 'example_subdag_operator.section-2', 'example_subdag_operator']) retrieved from /home/jparep/miniconda3/envs/dbt-env/lib/python3.11/site-packages/airflow/example_dags/example_subdag_operator.py
[2025-02-17T22:35:09.732-0700] {logging_mixin.py:154} INFO - [2025-02-17T22:35:09.732-0700] {dag.py:2941} INFO - Sync 3 DAGs
[2025-02-17T22:35:09.755-0700] {logging_mixin.py:154} INFO - [2025-02-17T22:35:09.755-0700] {dag.py:3722} INFO - Setting next_dagrun for example_subdag_operator to 2022-01-01T00:00:00+00:00, run_after=2022-01-01T00:00:00+00:00
[2025-02-17T22:35:09.759-0700] {logging_mixin.py:154} INFO - [2025-02-17T22:35:09.759-0700] {dag.py:3722} INFO - Setting next_dagrun for example_subdag_operator.section-1 to None, run_after=None
[2025-02-17T22:35:09.760-0700] {logging_mixin.py:154} INFO - [2025-02-17T22:35:09.760-0700] {dag.py:3722} INFO - Setting next_dagrun for example_subdag_operator.section-2 to None, run_after=None
[2025-02-17T22:35:09.767-0700] {logging_mixin.py:154} INFO - [2025-02-17T22:35:09.767-0700] {dag.py:2941} INFO - Sync 2 DAGs
[2025-02-17T22:35:09.771-0700] {logging_mixin.py:154} INFO - [2025-02-17T22:35:09.771-0700] {dag.py:3722} INFO - Setting next_dagrun for example_subdag_operator.section-1 to None, run_after=None
[2025-02-17T22:35:09.771-0700] {logging_mixin.py:154} INFO - [2025-02-17T22:35:09.771-0700] {dag.py:3722} INFO - Setting next_dagrun for example_subdag_operator.section-2 to None, run_after=None
[2025-02-17T22:35:09.793-0700] {processor.py:179} INFO - Processing /home/jparep/miniconda3/envs/dbt-env/lib/python3.11/site-packages/airflow/example_dags/example_subdag_operator.py took 0.118 seconds
[2025-02-17T22:36:05.333-0700] {processor.py:157} INFO - Started process (PID=158575) to work on /home/jparep/miniconda3/envs/dbt-env/lib/python3.11/site-packages/airflow/example_dags/example_subdag_operator.py
[2025-02-17T22:36:05.335-0700] {processor.py:829} INFO - Processing file /home/jparep/miniconda3/envs/dbt-env/lib/python3.11/site-packages/airflow/example_dags/example_subdag_operator.py for tasks to queue
[2025-02-17T22:36:05.336-0700] {logging_mixin.py:154} INFO - [2025-02-17T22:36:05.335-0700] {dagbag.py:536} INFO - Filling up the DagBag from /home/jparep/miniconda3/envs/dbt-env/lib/python3.11/site-packages/airflow/example_dags/example_subdag_operator.py
[2025-02-17T22:36:05.353-0700] {processor.py:839} INFO - DAG(s) dict_keys(['example_subdag_operator.section-1', 'example_subdag_operator.section-2', 'example_subdag_operator']) retrieved from /home/jparep/miniconda3/envs/dbt-env/lib/python3.11/site-packages/airflow/example_dags/example_subdag_operator.py
[2025-02-17T22:36:05.364-0700] {logging_mixin.py:154} INFO - [2025-02-17T22:36:05.363-0700] {dag.py:2941} INFO - Sync 3 DAGs
[2025-02-17T22:36:05.376-0700] {logging_mixin.py:154} INFO - [2025-02-17T22:36:05.376-0700] {dag.py:3722} INFO - Setting next_dagrun for example_subdag_operator to 2022-01-01T00:00:00+00:00, run_after=2022-01-01T00:00:00+00:00
[2025-02-17T22:36:05.378-0700] {logging_mixin.py:154} INFO - [2025-02-17T22:36:05.378-0700] {dag.py:3722} INFO - Setting next_dagrun for example_subdag_operator.section-1 to None, run_after=None
[2025-02-17T22:36:05.379-0700] {logging_mixin.py:154} INFO - [2025-02-17T22:36:05.379-0700] {dag.py:3722} INFO - Setting next_dagrun for example_subdag_operator.section-2 to None, run_after=None
[2025-02-17T22:36:05.384-0700] {logging_mixin.py:154} INFO - [2025-02-17T22:36:05.383-0700] {dag.py:2941} INFO - Sync 2 DAGs
[2025-02-17T22:36:05.387-0700] {logging_mixin.py:154} INFO - [2025-02-17T22:36:05.387-0700] {dag.py:3722} INFO - Setting next_dagrun for example_subdag_operator.section-1 to None, run_after=None
[2025-02-17T22:36:05.387-0700] {logging_mixin.py:154} INFO - [2025-02-17T22:36:05.387-0700] {dag.py:3722} INFO - Setting next_dagrun for example_subdag_operator.section-2 to None, run_after=None
[2025-02-17T22:36:05.397-0700] {processor.py:179} INFO - Processing /home/jparep/miniconda3/envs/dbt-env/lib/python3.11/site-packages/airflow/example_dags/example_subdag_operator.py took 0.067 seconds
[2025-02-17T22:36:49.311-0700] {processor.py:157} INFO - Started process (PID=159017) to work on /home/jparep/miniconda3/envs/dbt-env/lib/python3.11/site-packages/airflow/example_dags/example_subdag_operator.py
[2025-02-17T22:36:49.314-0700] {processor.py:829} INFO - Processing file /home/jparep/miniconda3/envs/dbt-env/lib/python3.11/site-packages/airflow/example_dags/example_subdag_operator.py for tasks to queue
[2025-02-17T22:36:49.315-0700] {logging_mixin.py:154} INFO - [2025-02-17T22:36:49.315-0700] {dagbag.py:536} INFO - Filling up the DagBag from /home/jparep/miniconda3/envs/dbt-env/lib/python3.11/site-packages/airflow/example_dags/example_subdag_operator.py
[2025-02-17T22:36:49.337-0700] {processor.py:839} INFO - DAG(s) dict_keys(['example_subdag_operator.section-1', 'example_subdag_operator.section-2', 'example_subdag_operator']) retrieved from /home/jparep/miniconda3/envs/dbt-env/lib/python3.11/site-packages/airflow/example_dags/example_subdag_operator.py
[2025-02-17T22:36:49.350-0700] {logging_mixin.py:154} INFO - [2025-02-17T22:36:49.350-0700] {dag.py:2941} INFO - Sync 3 DAGs
[2025-02-17T22:36:49.368-0700] {logging_mixin.py:154} INFO - [2025-02-17T22:36:49.368-0700] {dag.py:3722} INFO - Setting next_dagrun for example_subdag_operator to 2022-01-01T00:00:00+00:00, run_after=2022-01-01T00:00:00+00:00
[2025-02-17T22:36:49.371-0700] {logging_mixin.py:154} INFO - [2025-02-17T22:36:49.370-0700] {dag.py:3722} INFO - Setting next_dagrun for example_subdag_operator.section-1 to None, run_after=None
[2025-02-17T22:36:49.371-0700] {logging_mixin.py:154} INFO - [2025-02-17T22:36:49.371-0700] {dag.py:3722} INFO - Setting next_dagrun for example_subdag_operator.section-2 to None, run_after=None
[2025-02-17T22:36:49.377-0700] {logging_mixin.py:154} INFO - [2025-02-17T22:36:49.377-0700] {dag.py:2941} INFO - Sync 2 DAGs
[2025-02-17T22:36:49.380-0700] {logging_mixin.py:154} INFO - [2025-02-17T22:36:49.380-0700] {dag.py:3722} INFO - Setting next_dagrun for example_subdag_operator.section-1 to None, run_after=None
[2025-02-17T22:36:49.380-0700] {logging_mixin.py:154} INFO - [2025-02-17T22:36:49.380-0700] {dag.py:3722} INFO - Setting next_dagrun for example_subdag_operator.section-2 to None, run_after=None
[2025-02-17T22:36:49.396-0700] {processor.py:179} INFO - Processing /home/jparep/miniconda3/envs/dbt-env/lib/python3.11/site-packages/airflow/example_dags/example_subdag_operator.py took 0.089 seconds
[2025-02-17T22:37:43.338-0700] {processor.py:157} INFO - Started process (PID=159966) to work on /home/jparep/miniconda3/envs/dbt-env/lib/python3.11/site-packages/airflow/example_dags/example_subdag_operator.py
[2025-02-17T22:37:43.340-0700] {processor.py:829} INFO - Processing file /home/jparep/miniconda3/envs/dbt-env/lib/python3.11/site-packages/airflow/example_dags/example_subdag_operator.py for tasks to queue
[2025-02-17T22:37:43.341-0700] {logging_mixin.py:154} INFO - [2025-02-17T22:37:43.340-0700] {dagbag.py:536} INFO - Filling up the DagBag from /home/jparep/miniconda3/envs/dbt-env/lib/python3.11/site-packages/airflow/example_dags/example_subdag_operator.py
[2025-02-17T22:37:43.370-0700] {processor.py:839} INFO - DAG(s) dict_keys(['example_subdag_operator.section-1', 'example_subdag_operator.section-2', 'example_subdag_operator']) retrieved from /home/jparep/miniconda3/envs/dbt-env/lib/python3.11/site-packages/airflow/example_dags/example_subdag_operator.py
[2025-02-17T22:37:43.385-0700] {logging_mixin.py:154} INFO - [2025-02-17T22:37:43.385-0700] {dag.py:2941} INFO - Sync 3 DAGs
[2025-02-17T22:37:43.408-0700] {logging_mixin.py:154} INFO - [2025-02-17T22:37:43.408-0700] {dag.py:3722} INFO - Setting next_dagrun for example_subdag_operator to 2022-01-01T00:00:00+00:00, run_after=2022-01-01T00:00:00+00:00
[2025-02-17T22:37:43.410-0700] {logging_mixin.py:154} INFO - [2025-02-17T22:37:43.410-0700] {dag.py:3722} INFO - Setting next_dagrun for example_subdag_operator.section-1 to None, run_after=None
[2025-02-17T22:37:43.411-0700] {logging_mixin.py:154} INFO - [2025-02-17T22:37:43.411-0700] {dag.py:3722} INFO - Setting next_dagrun for example_subdag_operator.section-2 to None, run_after=None
[2025-02-17T22:37:43.415-0700] {logging_mixin.py:154} INFO - [2025-02-17T22:37:43.415-0700] {dag.py:2941} INFO - Sync 2 DAGs
[2025-02-17T22:37:43.418-0700] {logging_mixin.py:154} INFO - [2025-02-17T22:37:43.418-0700] {dag.py:3722} INFO - Setting next_dagrun for example_subdag_operator.section-1 to None, run_after=None
[2025-02-17T22:37:43.418-0700] {logging_mixin.py:154} INFO - [2025-02-17T22:37:43.418-0700] {dag.py:3722} INFO - Setting next_dagrun for example_subdag_operator.section-2 to None, run_after=None
[2025-02-17T22:37:43.429-0700] {processor.py:179} INFO - Processing /home/jparep/miniconda3/envs/dbt-env/lib/python3.11/site-packages/airflow/example_dags/example_subdag_operator.py took 0.095 seconds
[2025-02-17T22:38:36.722-0700] {processor.py:157} INFO - Started process (PID=160643) to work on /home/jparep/miniconda3/envs/dbt-env/lib/python3.11/site-packages/airflow/example_dags/example_subdag_operator.py
[2025-02-17T22:38:36.724-0700] {processor.py:829} INFO - Processing file /home/jparep/miniconda3/envs/dbt-env/lib/python3.11/site-packages/airflow/example_dags/example_subdag_operator.py for tasks to queue
[2025-02-17T22:38:36.725-0700] {logging_mixin.py:154} INFO - [2025-02-17T22:38:36.725-0700] {dagbag.py:536} INFO - Filling up the DagBag from /home/jparep/miniconda3/envs/dbt-env/lib/python3.11/site-packages/airflow/example_dags/example_subdag_operator.py
[2025-02-17T22:38:36.744-0700] {processor.py:839} INFO - DAG(s) dict_keys(['example_subdag_operator.section-1', 'example_subdag_operator.section-2', 'example_subdag_operator']) retrieved from /home/jparep/miniconda3/envs/dbt-env/lib/python3.11/site-packages/airflow/example_dags/example_subdag_operator.py
[2025-02-17T22:38:36.756-0700] {logging_mixin.py:154} INFO - [2025-02-17T22:38:36.756-0700] {dag.py:2941} INFO - Sync 3 DAGs
[2025-02-17T22:38:36.770-0700] {logging_mixin.py:154} INFO - [2025-02-17T22:38:36.770-0700] {dag.py:3722} INFO - Setting next_dagrun for example_subdag_operator to 2022-01-01T00:00:00+00:00, run_after=2022-01-01T00:00:00+00:00
[2025-02-17T22:38:36.772-0700] {logging_mixin.py:154} INFO - [2025-02-17T22:38:36.772-0700] {dag.py:3722} INFO - Setting next_dagrun for example_subdag_operator.section-1 to None, run_after=None
[2025-02-17T22:38:36.773-0700] {logging_mixin.py:154} INFO - [2025-02-17T22:38:36.773-0700] {dag.py:3722} INFO - Setting next_dagrun for example_subdag_operator.section-2 to None, run_after=None
[2025-02-17T22:38:36.777-0700] {logging_mixin.py:154} INFO - [2025-02-17T22:38:36.777-0700] {dag.py:2941} INFO - Sync 2 DAGs
[2025-02-17T22:38:36.780-0700] {logging_mixin.py:154} INFO - [2025-02-17T22:38:36.779-0700] {dag.py:3722} INFO - Setting next_dagrun for example_subdag_operator.section-1 to None, run_after=None
[2025-02-17T22:38:36.780-0700] {logging_mixin.py:154} INFO - [2025-02-17T22:38:36.780-0700] {dag.py:3722} INFO - Setting next_dagrun for example_subdag_operator.section-2 to None, run_after=None
[2025-02-17T22:38:36.791-0700] {processor.py:179} INFO - Processing /home/jparep/miniconda3/envs/dbt-env/lib/python3.11/site-packages/airflow/example_dags/example_subdag_operator.py took 0.071 seconds
[2025-02-17T22:39:29.292-0700] {processor.py:157} INFO - Started process (PID=161199) to work on /home/jparep/miniconda3/envs/dbt-env/lib/python3.11/site-packages/airflow/example_dags/example_subdag_operator.py
[2025-02-17T22:39:29.294-0700] {processor.py:829} INFO - Processing file /home/jparep/miniconda3/envs/dbt-env/lib/python3.11/site-packages/airflow/example_dags/example_subdag_operator.py for tasks to queue
[2025-02-17T22:39:29.295-0700] {logging_mixin.py:154} INFO - [2025-02-17T22:39:29.294-0700] {dagbag.py:536} INFO - Filling up the DagBag from /home/jparep/miniconda3/envs/dbt-env/lib/python3.11/site-packages/airflow/example_dags/example_subdag_operator.py
[2025-02-17T22:39:29.312-0700] {processor.py:839} INFO - DAG(s) dict_keys(['example_subdag_operator.section-1', 'example_subdag_operator.section-2', 'example_subdag_operator']) retrieved from /home/jparep/miniconda3/envs/dbt-env/lib/python3.11/site-packages/airflow/example_dags/example_subdag_operator.py
[2025-02-17T22:39:29.321-0700] {logging_mixin.py:154} INFO - [2025-02-17T22:39:29.321-0700] {dag.py:2941} INFO - Sync 3 DAGs
[2025-02-17T22:39:29.333-0700] {logging_mixin.py:154} INFO - [2025-02-17T22:39:29.333-0700] {dag.py:3722} INFO - Setting next_dagrun for example_subdag_operator to 2022-01-01T00:00:00+00:00, run_after=2022-01-01T00:00:00+00:00
[2025-02-17T22:39:29.334-0700] {logging_mixin.py:154} INFO - [2025-02-17T22:39:29.334-0700] {dag.py:3722} INFO - Setting next_dagrun for example_subdag_operator.section-1 to None, run_after=None
[2025-02-17T22:39:29.336-0700] {logging_mixin.py:154} INFO - [2025-02-17T22:39:29.336-0700] {dag.py:3722} INFO - Setting next_dagrun for example_subdag_operator.section-2 to None, run_after=None
[2025-02-17T22:39:29.340-0700] {logging_mixin.py:154} INFO - [2025-02-17T22:39:29.340-0700] {dag.py:2941} INFO - Sync 2 DAGs
[2025-02-17T22:39:29.342-0700] {logging_mixin.py:154} INFO - [2025-02-17T22:39:29.342-0700] {dag.py:3722} INFO - Setting next_dagrun for example_subdag_operator.section-1 to None, run_after=None
[2025-02-17T22:39:29.342-0700] {logging_mixin.py:154} INFO - [2025-02-17T22:39:29.342-0700] {dag.py:3722} INFO - Setting next_dagrun for example_subdag_operator.section-2 to None, run_after=None
[2025-02-17T22:39:29.361-0700] {processor.py:179} INFO - Processing /home/jparep/miniconda3/envs/dbt-env/lib/python3.11/site-packages/airflow/example_dags/example_subdag_operator.py took 0.071 seconds
[2025-02-17T22:40:27.126-0700] {processor.py:157} INFO - Started process (PID=161658) to work on /home/jparep/miniconda3/envs/dbt-env/lib/python3.11/site-packages/airflow/example_dags/example_subdag_operator.py
[2025-02-17T22:40:27.128-0700] {processor.py:829} INFO - Processing file /home/jparep/miniconda3/envs/dbt-env/lib/python3.11/site-packages/airflow/example_dags/example_subdag_operator.py for tasks to queue
[2025-02-17T22:40:27.129-0700] {logging_mixin.py:154} INFO - [2025-02-17T22:40:27.129-0700] {dagbag.py:536} INFO - Filling up the DagBag from /home/jparep/miniconda3/envs/dbt-env/lib/python3.11/site-packages/airflow/example_dags/example_subdag_operator.py
[2025-02-17T22:40:27.150-0700] {processor.py:839} INFO - DAG(s) dict_keys(['example_subdag_operator.section-1', 'example_subdag_operator.section-2', 'example_subdag_operator']) retrieved from /home/jparep/miniconda3/envs/dbt-env/lib/python3.11/site-packages/airflow/example_dags/example_subdag_operator.py
[2025-02-17T22:40:27.162-0700] {logging_mixin.py:154} INFO - [2025-02-17T22:40:27.162-0700] {dag.py:2941} INFO - Sync 3 DAGs
[2025-02-17T22:40:27.175-0700] {logging_mixin.py:154} INFO - [2025-02-17T22:40:27.175-0700] {dag.py:3722} INFO - Setting next_dagrun for example_subdag_operator to 2022-01-01T00:00:00+00:00, run_after=2022-01-01T00:00:00+00:00
[2025-02-17T22:40:27.177-0700] {logging_mixin.py:154} INFO - [2025-02-17T22:40:27.176-0700] {dag.py:3722} INFO - Setting next_dagrun for example_subdag_operator.section-1 to None, run_after=None
[2025-02-17T22:40:27.177-0700] {logging_mixin.py:154} INFO - [2025-02-17T22:40:27.177-0700] {dag.py:3722} INFO - Setting next_dagrun for example_subdag_operator.section-2 to None, run_after=None
[2025-02-17T22:40:27.181-0700] {logging_mixin.py:154} INFO - [2025-02-17T22:40:27.181-0700] {dag.py:2941} INFO - Sync 2 DAGs
[2025-02-17T22:40:27.184-0700] {logging_mixin.py:154} INFO - [2025-02-17T22:40:27.184-0700] {dag.py:3722} INFO - Setting next_dagrun for example_subdag_operator.section-1 to None, run_after=None
[2025-02-17T22:40:27.184-0700] {logging_mixin.py:154} INFO - [2025-02-17T22:40:27.184-0700] {dag.py:3722} INFO - Setting next_dagrun for example_subdag_operator.section-2 to None, run_after=None
[2025-02-17T22:40:27.195-0700] {processor.py:179} INFO - Processing /home/jparep/miniconda3/envs/dbt-env/lib/python3.11/site-packages/airflow/example_dags/example_subdag_operator.py took 0.075 seconds
