[2025-02-17T22:16:04.189-0700] {processor.py:157} INFO - Started process (PID=148493) to work on /home/jparep/miniconda3/envs/dbt-env/lib/python3.11/site-packages/airflow/example_dags/example_setup_teardown_taskflow.py
[2025-02-17T22:16:04.190-0700] {processor.py:829} INFO - Processing file /home/jparep/miniconda3/envs/dbt-env/lib/python3.11/site-packages/airflow/example_dags/example_setup_teardown_taskflow.py for tasks to queue
[2025-02-17T22:16:04.191-0700] {logging_mixin.py:154} INFO - [2025-02-17T22:16:04.190-0700] {dagbag.py:536} INFO - Filling up the DagBag from /home/jparep/miniconda3/envs/dbt-env/lib/python3.11/site-packages/airflow/example_dags/example_setup_teardown_taskflow.py
[2025-02-17T22:16:04.207-0700] {processor.py:839} INFO - DAG(s) dict_keys(['example_setup_teardown_taskflow']) retrieved from /home/jparep/miniconda3/envs/dbt-env/lib/python3.11/site-packages/airflow/example_dags/example_setup_teardown_taskflow.py
[2025-02-17T22:16:04.413-0700] {logging_mixin.py:154} INFO - [2025-02-17T22:16:04.413-0700] {manager.py:499} INFO - Created Permission View: %s
[2025-02-17T22:16:04.427-0700] {logging_mixin.py:154} INFO - [2025-02-17T22:16:04.427-0700] {manager.py:499} INFO - Created Permission View: %s
[2025-02-17T22:16:04.438-0700] {logging_mixin.py:154} INFO - [2025-02-17T22:16:04.437-0700] {manager.py:499} INFO - Created Permission View: %s
[2025-02-17T22:16:04.438-0700] {logging_mixin.py:154} INFO - [2025-02-17T22:16:04.438-0700] {dag.py:2941} INFO - Sync 1 DAGs
[2025-02-17T22:16:04.448-0700] {logging_mixin.py:154} INFO - [2025-02-17T22:16:04.448-0700] {dag.py:2963} INFO - Creating ORM DAG for example_setup_teardown_taskflow
[2025-02-17T22:16:04.456-0700] {logging_mixin.py:154} INFO - [2025-02-17T22:16:04.456-0700] {dag.py:3722} INFO - Setting next_dagrun for example_setup_teardown_taskflow to 2025-02-17T05:16:04.455837+00:00, run_after=2025-02-18T05:16:04.455837+00:00
[2025-02-17T22:16:04.475-0700] {processor.py:179} INFO - Processing /home/jparep/miniconda3/envs/dbt-env/lib/python3.11/site-packages/airflow/example_dags/example_setup_teardown_taskflow.py took 0.290 seconds
[2025-02-17T22:16:58.843-0700] {processor.py:157} INFO - Started process (PID=148860) to work on /home/jparep/miniconda3/envs/dbt-env/lib/python3.11/site-packages/airflow/example_dags/example_setup_teardown_taskflow.py
[2025-02-17T22:16:58.846-0700] {processor.py:829} INFO - Processing file /home/jparep/miniconda3/envs/dbt-env/lib/python3.11/site-packages/airflow/example_dags/example_setup_teardown_taskflow.py for tasks to queue
[2025-02-17T22:16:58.848-0700] {logging_mixin.py:154} INFO - [2025-02-17T22:16:58.847-0700] {dagbag.py:536} INFO - Filling up the DagBag from /home/jparep/miniconda3/envs/dbt-env/lib/python3.11/site-packages/airflow/example_dags/example_setup_teardown_taskflow.py
[2025-02-17T22:16:58.867-0700] {processor.py:839} INFO - DAG(s) dict_keys(['example_setup_teardown_taskflow']) retrieved from /home/jparep/miniconda3/envs/dbt-env/lib/python3.11/site-packages/airflow/example_dags/example_setup_teardown_taskflow.py
[2025-02-17T22:16:58.883-0700] {logging_mixin.py:154} INFO - [2025-02-17T22:16:58.882-0700] {dag.py:2941} INFO - Sync 1 DAGs
[2025-02-17T22:16:59.004-0700] {logging_mixin.py:154} INFO - [2025-02-17T22:16:59.004-0700] {dag.py:3722} INFO - Setting next_dagrun for example_setup_teardown_taskflow to 2025-02-17T05:16:59.004146+00:00, run_after=2025-02-18T05:16:59.004146+00:00
[2025-02-17T22:16:59.020-0700] {processor.py:179} INFO - Processing /home/jparep/miniconda3/envs/dbt-env/lib/python3.11/site-packages/airflow/example_dags/example_setup_teardown_taskflow.py took 0.182 seconds
[2025-02-17T22:17:53.543-0700] {processor.py:157} INFO - Started process (PID=149383) to work on /home/jparep/miniconda3/envs/dbt-env/lib/python3.11/site-packages/airflow/example_dags/example_setup_teardown_taskflow.py
[2025-02-17T22:17:53.546-0700] {processor.py:829} INFO - Processing file /home/jparep/miniconda3/envs/dbt-env/lib/python3.11/site-packages/airflow/example_dags/example_setup_teardown_taskflow.py for tasks to queue
[2025-02-17T22:17:53.547-0700] {logging_mixin.py:154} INFO - [2025-02-17T22:17:53.546-0700] {dagbag.py:536} INFO - Filling up the DagBag from /home/jparep/miniconda3/envs/dbt-env/lib/python3.11/site-packages/airflow/example_dags/example_setup_teardown_taskflow.py
[2025-02-17T22:17:53.574-0700] {processor.py:839} INFO - DAG(s) dict_keys(['example_setup_teardown_taskflow']) retrieved from /home/jparep/miniconda3/envs/dbt-env/lib/python3.11/site-packages/airflow/example_dags/example_setup_teardown_taskflow.py
[2025-02-17T22:17:53.603-0700] {logging_mixin.py:154} INFO - [2025-02-17T22:17:53.603-0700] {dag.py:2941} INFO - Sync 1 DAGs
[2025-02-17T22:17:53.620-0700] {logging_mixin.py:154} INFO - [2025-02-17T22:17:53.619-0700] {dag.py:3722} INFO - Setting next_dagrun for example_setup_teardown_taskflow to 2025-02-17T05:17:53.619652+00:00, run_after=2025-02-18T05:17:53.619652+00:00
[2025-02-17T22:17:53.643-0700] {processor.py:179} INFO - Processing /home/jparep/miniconda3/envs/dbt-env/lib/python3.11/site-packages/airflow/example_dags/example_setup_teardown_taskflow.py took 0.105 seconds
[2025-02-17T22:18:36.728-0700] {processor.py:157} INFO - Started process (PID=149828) to work on /home/jparep/miniconda3/envs/dbt-env/lib/python3.11/site-packages/airflow/example_dags/example_setup_teardown_taskflow.py
[2025-02-17T22:18:36.730-0700] {processor.py:829} INFO - Processing file /home/jparep/miniconda3/envs/dbt-env/lib/python3.11/site-packages/airflow/example_dags/example_setup_teardown_taskflow.py for tasks to queue
[2025-02-17T22:18:36.731-0700] {logging_mixin.py:154} INFO - [2025-02-17T22:18:36.730-0700] {dagbag.py:536} INFO - Filling up the DagBag from /home/jparep/miniconda3/envs/dbt-env/lib/python3.11/site-packages/airflow/example_dags/example_setup_teardown_taskflow.py
[2025-02-17T22:18:36.751-0700] {processor.py:839} INFO - DAG(s) dict_keys(['example_setup_teardown_taskflow']) retrieved from /home/jparep/miniconda3/envs/dbt-env/lib/python3.11/site-packages/airflow/example_dags/example_setup_teardown_taskflow.py
[2025-02-17T22:18:36.777-0700] {logging_mixin.py:154} INFO - [2025-02-17T22:18:36.777-0700] {dag.py:2941} INFO - Sync 1 DAGs
[2025-02-17T22:18:36.813-0700] {logging_mixin.py:154} INFO - [2025-02-17T22:18:36.813-0700] {dag.py:3722} INFO - Setting next_dagrun for example_setup_teardown_taskflow to 2025-02-17T05:18:36.812683+00:00, run_after=2025-02-18T05:18:36.812683+00:00
[2025-02-17T22:18:36.846-0700] {processor.py:179} INFO - Processing /home/jparep/miniconda3/envs/dbt-env/lib/python3.11/site-packages/airflow/example_dags/example_setup_teardown_taskflow.py took 0.123 seconds
[2025-02-17T22:19:17.033-0700] {processor.py:157} INFO - Started process (PID=150097) to work on /home/jparep/miniconda3/envs/dbt-env/lib/python3.11/site-packages/airflow/example_dags/example_setup_teardown_taskflow.py
[2025-02-17T22:19:17.037-0700] {processor.py:829} INFO - Processing file /home/jparep/miniconda3/envs/dbt-env/lib/python3.11/site-packages/airflow/example_dags/example_setup_teardown_taskflow.py for tasks to queue
[2025-02-17T22:19:17.038-0700] {logging_mixin.py:154} INFO - [2025-02-17T22:19:17.038-0700] {dagbag.py:536} INFO - Filling up the DagBag from /home/jparep/miniconda3/envs/dbt-env/lib/python3.11/site-packages/airflow/example_dags/example_setup_teardown_taskflow.py
[2025-02-17T22:19:17.053-0700] {processor.py:839} INFO - DAG(s) dict_keys(['example_setup_teardown_taskflow']) retrieved from /home/jparep/miniconda3/envs/dbt-env/lib/python3.11/site-packages/airflow/example_dags/example_setup_teardown_taskflow.py
[2025-02-17T22:19:17.075-0700] {logging_mixin.py:154} INFO - [2025-02-17T22:19:17.074-0700] {dag.py:2941} INFO - Sync 1 DAGs
[2025-02-17T22:19:17.095-0700] {logging_mixin.py:154} INFO - [2025-02-17T22:19:17.095-0700] {dag.py:3722} INFO - Setting next_dagrun for example_setup_teardown_taskflow to 2025-02-17T05:19:17.095404+00:00, run_after=2025-02-18T05:19:17.095404+00:00
[2025-02-17T22:19:17.111-0700] {processor.py:179} INFO - Processing /home/jparep/miniconda3/envs/dbt-env/lib/python3.11/site-packages/airflow/example_dags/example_setup_teardown_taskflow.py took 0.083 seconds
[2025-02-17T22:20:15.294-0700] {processor.py:157} INFO - Started process (PID=150636) to work on /home/jparep/miniconda3/envs/dbt-env/lib/python3.11/site-packages/airflow/example_dags/example_setup_teardown_taskflow.py
[2025-02-17T22:20:15.296-0700] {processor.py:829} INFO - Processing file /home/jparep/miniconda3/envs/dbt-env/lib/python3.11/site-packages/airflow/example_dags/example_setup_teardown_taskflow.py for tasks to queue
[2025-02-17T22:20:15.297-0700] {logging_mixin.py:154} INFO - [2025-02-17T22:20:15.296-0700] {dagbag.py:536} INFO - Filling up the DagBag from /home/jparep/miniconda3/envs/dbt-env/lib/python3.11/site-packages/airflow/example_dags/example_setup_teardown_taskflow.py
[2025-02-17T22:20:15.310-0700] {processor.py:839} INFO - DAG(s) dict_keys(['example_setup_teardown_taskflow']) retrieved from /home/jparep/miniconda3/envs/dbt-env/lib/python3.11/site-packages/airflow/example_dags/example_setup_teardown_taskflow.py
[2025-02-17T22:20:15.332-0700] {logging_mixin.py:154} INFO - [2025-02-17T22:20:15.332-0700] {dag.py:2941} INFO - Sync 1 DAGs
[2025-02-17T22:20:15.357-0700] {logging_mixin.py:154} INFO - [2025-02-17T22:20:15.356-0700] {dag.py:3722} INFO - Setting next_dagrun for example_setup_teardown_taskflow to 2025-02-17T05:20:15.356662+00:00, run_after=2025-02-18T05:20:15.356662+00:00
[2025-02-17T22:20:15.385-0700] {processor.py:179} INFO - Processing /home/jparep/miniconda3/envs/dbt-env/lib/python3.11/site-packages/airflow/example_dags/example_setup_teardown_taskflow.py took 0.095 seconds
[2025-02-17T22:20:54.184-0700] {processor.py:157} INFO - Started process (PID=151058) to work on /home/jparep/miniconda3/envs/dbt-env/lib/python3.11/site-packages/airflow/example_dags/example_setup_teardown_taskflow.py
[2025-02-17T22:20:54.187-0700] {processor.py:829} INFO - Processing file /home/jparep/miniconda3/envs/dbt-env/lib/python3.11/site-packages/airflow/example_dags/example_setup_teardown_taskflow.py for tasks to queue
[2025-02-17T22:20:54.188-0700] {logging_mixin.py:154} INFO - [2025-02-17T22:20:54.188-0700] {dagbag.py:536} INFO - Filling up the DagBag from /home/jparep/miniconda3/envs/dbt-env/lib/python3.11/site-packages/airflow/example_dags/example_setup_teardown_taskflow.py
[2025-02-17T22:20:54.207-0700] {processor.py:839} INFO - DAG(s) dict_keys(['example_setup_teardown_taskflow']) retrieved from /home/jparep/miniconda3/envs/dbt-env/lib/python3.11/site-packages/airflow/example_dags/example_setup_teardown_taskflow.py
[2025-02-17T22:20:54.231-0700] {logging_mixin.py:154} INFO - [2025-02-17T22:20:54.230-0700] {dag.py:2941} INFO - Sync 1 DAGs
[2025-02-17T22:20:54.251-0700] {logging_mixin.py:154} INFO - [2025-02-17T22:20:54.250-0700] {dag.py:3722} INFO - Setting next_dagrun for example_setup_teardown_taskflow to 2025-02-17T05:20:54.250656+00:00, run_after=2025-02-18T05:20:54.250656+00:00
[2025-02-17T22:20:54.270-0700] {processor.py:179} INFO - Processing /home/jparep/miniconda3/envs/dbt-env/lib/python3.11/site-packages/airflow/example_dags/example_setup_teardown_taskflow.py took 0.090 seconds
[2025-02-17T22:21:45.470-0700] {processor.py:157} INFO - Started process (PID=151548) to work on /home/jparep/miniconda3/envs/dbt-env/lib/python3.11/site-packages/airflow/example_dags/example_setup_teardown_taskflow.py
[2025-02-17T22:21:45.473-0700] {processor.py:829} INFO - Processing file /home/jparep/miniconda3/envs/dbt-env/lib/python3.11/site-packages/airflow/example_dags/example_setup_teardown_taskflow.py for tasks to queue
[2025-02-17T22:21:45.474-0700] {logging_mixin.py:154} INFO - [2025-02-17T22:21:45.473-0700] {dagbag.py:536} INFO - Filling up the DagBag from /home/jparep/miniconda3/envs/dbt-env/lib/python3.11/site-packages/airflow/example_dags/example_setup_teardown_taskflow.py
[2025-02-17T22:21:45.490-0700] {processor.py:839} INFO - DAG(s) dict_keys(['example_setup_teardown_taskflow']) retrieved from /home/jparep/miniconda3/envs/dbt-env/lib/python3.11/site-packages/airflow/example_dags/example_setup_teardown_taskflow.py
[2025-02-17T22:21:45.514-0700] {logging_mixin.py:154} INFO - [2025-02-17T22:21:45.514-0700] {dag.py:2941} INFO - Sync 1 DAGs
[2025-02-17T22:21:45.532-0700] {logging_mixin.py:154} INFO - [2025-02-17T22:21:45.532-0700] {dag.py:3722} INFO - Setting next_dagrun for example_setup_teardown_taskflow to 2025-02-17T05:21:45.531981+00:00, run_after=2025-02-18T05:21:45.531981+00:00
[2025-02-17T22:21:45.552-0700] {processor.py:179} INFO - Processing /home/jparep/miniconda3/envs/dbt-env/lib/python3.11/site-packages/airflow/example_dags/example_setup_teardown_taskflow.py took 0.086 seconds
[2025-02-17T22:22:38.417-0700] {processor.py:157} INFO - Started process (PID=151757) to work on /home/jparep/miniconda3/envs/dbt-env/lib/python3.11/site-packages/airflow/example_dags/example_setup_teardown_taskflow.py
[2025-02-17T22:22:38.420-0700] {processor.py:829} INFO - Processing file /home/jparep/miniconda3/envs/dbt-env/lib/python3.11/site-packages/airflow/example_dags/example_setup_teardown_taskflow.py for tasks to queue
[2025-02-17T22:22:38.423-0700] {logging_mixin.py:154} INFO - [2025-02-17T22:22:38.420-0700] {dagbag.py:536} INFO - Filling up the DagBag from /home/jparep/miniconda3/envs/dbt-env/lib/python3.11/site-packages/airflow/example_dags/example_setup_teardown_taskflow.py
[2025-02-17T22:22:38.441-0700] {processor.py:839} INFO - DAG(s) dict_keys(['example_setup_teardown_taskflow']) retrieved from /home/jparep/miniconda3/envs/dbt-env/lib/python3.11/site-packages/airflow/example_dags/example_setup_teardown_taskflow.py
[2025-02-17T22:22:38.466-0700] {logging_mixin.py:154} INFO - [2025-02-17T22:22:38.465-0700] {dag.py:2941} INFO - Sync 1 DAGs
[2025-02-17T22:22:38.490-0700] {logging_mixin.py:154} INFO - [2025-02-17T22:22:38.490-0700] {dag.py:3722} INFO - Setting next_dagrun for example_setup_teardown_taskflow to 2025-02-17T05:22:38.490091+00:00, run_after=2025-02-18T05:22:38.490091+00:00
[2025-02-17T22:22:38.519-0700] {processor.py:179} INFO - Processing /home/jparep/miniconda3/envs/dbt-env/lib/python3.11/site-packages/airflow/example_dags/example_setup_teardown_taskflow.py took 0.107 seconds
[2025-02-17T22:23:31.700-0700] {processor.py:157} INFO - Started process (PID=152202) to work on /home/jparep/miniconda3/envs/dbt-env/lib/python3.11/site-packages/airflow/example_dags/example_setup_teardown_taskflow.py
[2025-02-17T22:23:31.703-0700] {processor.py:829} INFO - Processing file /home/jparep/miniconda3/envs/dbt-env/lib/python3.11/site-packages/airflow/example_dags/example_setup_teardown_taskflow.py for tasks to queue
[2025-02-17T22:23:31.704-0700] {logging_mixin.py:154} INFO - [2025-02-17T22:23:31.703-0700] {dagbag.py:536} INFO - Filling up the DagBag from /home/jparep/miniconda3/envs/dbt-env/lib/python3.11/site-packages/airflow/example_dags/example_setup_teardown_taskflow.py
[2025-02-17T22:23:31.720-0700] {processor.py:839} INFO - DAG(s) dict_keys(['example_setup_teardown_taskflow']) retrieved from /home/jparep/miniconda3/envs/dbt-env/lib/python3.11/site-packages/airflow/example_dags/example_setup_teardown_taskflow.py
[2025-02-17T22:23:31.741-0700] {logging_mixin.py:154} INFO - [2025-02-17T22:23:31.741-0700] {dag.py:2941} INFO - Sync 1 DAGs
[2025-02-17T22:23:31.764-0700] {logging_mixin.py:154} INFO - [2025-02-17T22:23:31.764-0700] {dag.py:3722} INFO - Setting next_dagrun for example_setup_teardown_taskflow to 2025-02-17T05:23:31.764308+00:00, run_after=2025-02-18T05:23:31.764308+00:00
[2025-02-17T22:23:31.785-0700] {processor.py:179} INFO - Processing /home/jparep/miniconda3/envs/dbt-env/lib/python3.11/site-packages/airflow/example_dags/example_setup_teardown_taskflow.py took 0.089 seconds
[2025-02-17T22:24:10.958-0700] {processor.py:157} INFO - Started process (PID=152629) to work on /home/jparep/miniconda3/envs/dbt-env/lib/python3.11/site-packages/airflow/example_dags/example_setup_teardown_taskflow.py
[2025-02-17T22:24:10.961-0700] {processor.py:829} INFO - Processing file /home/jparep/miniconda3/envs/dbt-env/lib/python3.11/site-packages/airflow/example_dags/example_setup_teardown_taskflow.py for tasks to queue
[2025-02-17T22:24:10.962-0700] {logging_mixin.py:154} INFO - [2025-02-17T22:24:10.961-0700] {dagbag.py:536} INFO - Filling up the DagBag from /home/jparep/miniconda3/envs/dbt-env/lib/python3.11/site-packages/airflow/example_dags/example_setup_teardown_taskflow.py
[2025-02-17T22:24:10.976-0700] {processor.py:839} INFO - DAG(s) dict_keys(['example_setup_teardown_taskflow']) retrieved from /home/jparep/miniconda3/envs/dbt-env/lib/python3.11/site-packages/airflow/example_dags/example_setup_teardown_taskflow.py
[2025-02-17T22:24:10.998-0700] {logging_mixin.py:154} INFO - [2025-02-17T22:24:10.997-0700] {dag.py:2941} INFO - Sync 1 DAGs
[2025-02-17T22:24:11.021-0700] {logging_mixin.py:154} INFO - [2025-02-17T22:24:11.021-0700] {dag.py:3722} INFO - Setting next_dagrun for example_setup_teardown_taskflow to 2025-02-17T05:24:11.020746+00:00, run_after=2025-02-18T05:24:11.020746+00:00
[2025-02-17T22:24:11.048-0700] {processor.py:179} INFO - Processing /home/jparep/miniconda3/envs/dbt-env/lib/python3.11/site-packages/airflow/example_dags/example_setup_teardown_taskflow.py took 0.094 seconds
[2025-02-17T22:25:02.164-0700] {processor.py:157} INFO - Started process (PID=153141) to work on /home/jparep/miniconda3/envs/dbt-env/lib/python3.11/site-packages/airflow/example_dags/example_setup_teardown_taskflow.py
[2025-02-17T22:25:02.168-0700] {processor.py:829} INFO - Processing file /home/jparep/miniconda3/envs/dbt-env/lib/python3.11/site-packages/airflow/example_dags/example_setup_teardown_taskflow.py for tasks to queue
[2025-02-17T22:25:02.169-0700] {logging_mixin.py:154} INFO - [2025-02-17T22:25:02.169-0700] {dagbag.py:536} INFO - Filling up the DagBag from /home/jparep/miniconda3/envs/dbt-env/lib/python3.11/site-packages/airflow/example_dags/example_setup_teardown_taskflow.py
[2025-02-17T22:25:02.184-0700] {processor.py:839} INFO - DAG(s) dict_keys(['example_setup_teardown_taskflow']) retrieved from /home/jparep/miniconda3/envs/dbt-env/lib/python3.11/site-packages/airflow/example_dags/example_setup_teardown_taskflow.py
[2025-02-17T22:25:02.206-0700] {logging_mixin.py:154} INFO - [2025-02-17T22:25:02.206-0700] {dag.py:2941} INFO - Sync 1 DAGs
[2025-02-17T22:25:02.224-0700] {logging_mixin.py:154} INFO - [2025-02-17T22:25:02.224-0700] {dag.py:3722} INFO - Setting next_dagrun for example_setup_teardown_taskflow to 2025-02-17T05:25:02.223793+00:00, run_after=2025-02-18T05:25:02.223793+00:00
[2025-02-17T22:25:02.246-0700] {processor.py:179} INFO - Processing /home/jparep/miniconda3/envs/dbt-env/lib/python3.11/site-packages/airflow/example_dags/example_setup_teardown_taskflow.py took 0.086 seconds
[2025-02-17T22:25:43.388-0700] {processor.py:157} INFO - Started process (PID=153410) to work on /home/jparep/miniconda3/envs/dbt-env/lib/python3.11/site-packages/airflow/example_dags/example_setup_teardown_taskflow.py
[2025-02-17T22:25:43.391-0700] {processor.py:829} INFO - Processing file /home/jparep/miniconda3/envs/dbt-env/lib/python3.11/site-packages/airflow/example_dags/example_setup_teardown_taskflow.py for tasks to queue
[2025-02-17T22:25:43.392-0700] {logging_mixin.py:154} INFO - [2025-02-17T22:25:43.392-0700] {dagbag.py:536} INFO - Filling up the DagBag from /home/jparep/miniconda3/envs/dbt-env/lib/python3.11/site-packages/airflow/example_dags/example_setup_teardown_taskflow.py
[2025-02-17T22:25:43.408-0700] {processor.py:839} INFO - DAG(s) dict_keys(['example_setup_teardown_taskflow']) retrieved from /home/jparep/miniconda3/envs/dbt-env/lib/python3.11/site-packages/airflow/example_dags/example_setup_teardown_taskflow.py
[2025-02-17T22:25:43.431-0700] {logging_mixin.py:154} INFO - [2025-02-17T22:25:43.431-0700] {dag.py:2941} INFO - Sync 1 DAGs
[2025-02-17T22:25:43.455-0700] {logging_mixin.py:154} INFO - [2025-02-17T22:25:43.454-0700] {dag.py:3722} INFO - Setting next_dagrun for example_setup_teardown_taskflow to 2025-02-17T05:25:43.454654+00:00, run_after=2025-02-18T05:25:43.454654+00:00
[2025-02-17T22:25:43.483-0700] {processor.py:179} INFO - Processing /home/jparep/miniconda3/envs/dbt-env/lib/python3.11/site-packages/airflow/example_dags/example_setup_teardown_taskflow.py took 0.100 seconds
[2025-02-17T22:26:26.337-0700] {processor.py:157} INFO - Started process (PID=153840) to work on /home/jparep/miniconda3/envs/dbt-env/lib/python3.11/site-packages/airflow/example_dags/example_setup_teardown_taskflow.py
[2025-02-17T22:26:26.338-0700] {processor.py:829} INFO - Processing file /home/jparep/miniconda3/envs/dbt-env/lib/python3.11/site-packages/airflow/example_dags/example_setup_teardown_taskflow.py for tasks to queue
[2025-02-17T22:26:26.340-0700] {logging_mixin.py:154} INFO - [2025-02-17T22:26:26.339-0700] {dagbag.py:536} INFO - Filling up the DagBag from /home/jparep/miniconda3/envs/dbt-env/lib/python3.11/site-packages/airflow/example_dags/example_setup_teardown_taskflow.py
[2025-02-17T22:26:26.354-0700] {processor.py:839} INFO - DAG(s) dict_keys(['example_setup_teardown_taskflow']) retrieved from /home/jparep/miniconda3/envs/dbt-env/lib/python3.11/site-packages/airflow/example_dags/example_setup_teardown_taskflow.py
[2025-02-17T22:26:26.377-0700] {logging_mixin.py:154} INFO - [2025-02-17T22:26:26.376-0700] {dag.py:2941} INFO - Sync 1 DAGs
[2025-02-17T22:26:26.401-0700] {logging_mixin.py:154} INFO - [2025-02-17T22:26:26.401-0700] {dag.py:3722} INFO - Setting next_dagrun for example_setup_teardown_taskflow to 2025-02-17T05:26:26.400801+00:00, run_after=2025-02-18T05:26:26.400801+00:00
[2025-02-17T22:26:26.428-0700] {processor.py:179} INFO - Processing /home/jparep/miniconda3/envs/dbt-env/lib/python3.11/site-packages/airflow/example_dags/example_setup_teardown_taskflow.py took 0.095 seconds
[2025-02-17T22:27:15.817-0700] {processor.py:157} INFO - Started process (PID=154338) to work on /home/jparep/miniconda3/envs/dbt-env/lib/python3.11/site-packages/airflow/example_dags/example_setup_teardown_taskflow.py
[2025-02-17T22:27:15.820-0700] {processor.py:829} INFO - Processing file /home/jparep/miniconda3/envs/dbt-env/lib/python3.11/site-packages/airflow/example_dags/example_setup_teardown_taskflow.py for tasks to queue
[2025-02-17T22:27:15.821-0700] {logging_mixin.py:154} INFO - [2025-02-17T22:27:15.820-0700] {dagbag.py:536} INFO - Filling up the DagBag from /home/jparep/miniconda3/envs/dbt-env/lib/python3.11/site-packages/airflow/example_dags/example_setup_teardown_taskflow.py
[2025-02-17T22:27:15.835-0700] {processor.py:839} INFO - DAG(s) dict_keys(['example_setup_teardown_taskflow']) retrieved from /home/jparep/miniconda3/envs/dbt-env/lib/python3.11/site-packages/airflow/example_dags/example_setup_teardown_taskflow.py
[2025-02-17T22:27:15.851-0700] {logging_mixin.py:154} INFO - [2025-02-17T22:27:15.851-0700] {dag.py:2941} INFO - Sync 1 DAGs
[2025-02-17T22:27:15.870-0700] {logging_mixin.py:154} INFO - [2025-02-17T22:27:15.870-0700] {dag.py:3722} INFO - Setting next_dagrun for example_setup_teardown_taskflow to 2025-02-17T05:27:15.870441+00:00, run_after=2025-02-18T05:27:15.870441+00:00
[2025-02-17T22:27:15.896-0700] {processor.py:179} INFO - Processing /home/jparep/miniconda3/envs/dbt-env/lib/python3.11/site-packages/airflow/example_dags/example_setup_teardown_taskflow.py took 0.084 seconds
[2025-02-17T22:28:12.801-0700] {processor.py:157} INFO - Started process (PID=154862) to work on /home/jparep/miniconda3/envs/dbt-env/lib/python3.11/site-packages/airflow/example_dags/example_setup_teardown_taskflow.py
[2025-02-17T22:28:12.804-0700] {processor.py:829} INFO - Processing file /home/jparep/miniconda3/envs/dbt-env/lib/python3.11/site-packages/airflow/example_dags/example_setup_teardown_taskflow.py for tasks to queue
[2025-02-17T22:28:12.806-0700] {logging_mixin.py:154} INFO - [2025-02-17T22:28:12.805-0700] {dagbag.py:536} INFO - Filling up the DagBag from /home/jparep/miniconda3/envs/dbt-env/lib/python3.11/site-packages/airflow/example_dags/example_setup_teardown_taskflow.py
[2025-02-17T22:28:12.827-0700] {processor.py:839} INFO - DAG(s) dict_keys(['example_setup_teardown_taskflow']) retrieved from /home/jparep/miniconda3/envs/dbt-env/lib/python3.11/site-packages/airflow/example_dags/example_setup_teardown_taskflow.py
[2025-02-17T22:28:12.857-0700] {logging_mixin.py:154} INFO - [2025-02-17T22:28:12.856-0700] {dag.py:2941} INFO - Sync 1 DAGs
[2025-02-17T22:28:12.888-0700] {logging_mixin.py:154} INFO - [2025-02-17T22:28:12.888-0700] {dag.py:3722} INFO - Setting next_dagrun for example_setup_teardown_taskflow to 2025-02-17T05:28:12.887991+00:00, run_after=2025-02-18T05:28:12.887991+00:00
[2025-02-17T22:28:12.920-0700] {processor.py:179} INFO - Processing /home/jparep/miniconda3/envs/dbt-env/lib/python3.11/site-packages/airflow/example_dags/example_setup_teardown_taskflow.py took 0.125 seconds
[2025-02-17T22:29:08.535-0700] {processor.py:157} INFO - Started process (PID=155078) to work on /home/jparep/miniconda3/envs/dbt-env/lib/python3.11/site-packages/airflow/example_dags/example_setup_teardown_taskflow.py
[2025-02-17T22:29:08.538-0700] {processor.py:829} INFO - Processing file /home/jparep/miniconda3/envs/dbt-env/lib/python3.11/site-packages/airflow/example_dags/example_setup_teardown_taskflow.py for tasks to queue
[2025-02-17T22:29:08.539-0700] {logging_mixin.py:154} INFO - [2025-02-17T22:29:08.538-0700] {dagbag.py:536} INFO - Filling up the DagBag from /home/jparep/miniconda3/envs/dbt-env/lib/python3.11/site-packages/airflow/example_dags/example_setup_teardown_taskflow.py
[2025-02-17T22:29:08.554-0700] {processor.py:839} INFO - DAG(s) dict_keys(['example_setup_teardown_taskflow']) retrieved from /home/jparep/miniconda3/envs/dbt-env/lib/python3.11/site-packages/airflow/example_dags/example_setup_teardown_taskflow.py
[2025-02-17T22:29:08.573-0700] {logging_mixin.py:154} INFO - [2025-02-17T22:29:08.573-0700] {dag.py:2941} INFO - Sync 1 DAGs
[2025-02-17T22:29:08.589-0700] {logging_mixin.py:154} INFO - [2025-02-17T22:29:08.589-0700] {dag.py:3722} INFO - Setting next_dagrun for example_setup_teardown_taskflow to 2025-02-17T05:29:08.589542+00:00, run_after=2025-02-18T05:29:08.589542+00:00
[2025-02-17T22:29:08.606-0700] {processor.py:179} INFO - Processing /home/jparep/miniconda3/envs/dbt-env/lib/python3.11/site-packages/airflow/example_dags/example_setup_teardown_taskflow.py took 0.075 seconds
[2025-02-17T22:29:53.756-0700] {processor.py:157} INFO - Started process (PID=155443) to work on /home/jparep/miniconda3/envs/dbt-env/lib/python3.11/site-packages/airflow/example_dags/example_setup_teardown_taskflow.py
[2025-02-17T22:29:53.758-0700] {processor.py:829} INFO - Processing file /home/jparep/miniconda3/envs/dbt-env/lib/python3.11/site-packages/airflow/example_dags/example_setup_teardown_taskflow.py for tasks to queue
[2025-02-17T22:29:53.760-0700] {logging_mixin.py:154} INFO - [2025-02-17T22:29:53.759-0700] {dagbag.py:536} INFO - Filling up the DagBag from /home/jparep/miniconda3/envs/dbt-env/lib/python3.11/site-packages/airflow/example_dags/example_setup_teardown_taskflow.py
[2025-02-17T22:29:53.775-0700] {processor.py:839} INFO - DAG(s) dict_keys(['example_setup_teardown_taskflow']) retrieved from /home/jparep/miniconda3/envs/dbt-env/lib/python3.11/site-packages/airflow/example_dags/example_setup_teardown_taskflow.py
[2025-02-17T22:29:53.798-0700] {logging_mixin.py:154} INFO - [2025-02-17T22:29:53.797-0700] {dag.py:2941} INFO - Sync 1 DAGs
[2025-02-17T22:29:53.823-0700] {logging_mixin.py:154} INFO - [2025-02-17T22:29:53.823-0700] {dag.py:3722} INFO - Setting next_dagrun for example_setup_teardown_taskflow to 2025-02-17T05:29:53.822849+00:00, run_after=2025-02-18T05:29:53.822849+00:00
[2025-02-17T22:29:53.856-0700] {processor.py:179} INFO - Processing /home/jparep/miniconda3/envs/dbt-env/lib/python3.11/site-packages/airflow/example_dags/example_setup_teardown_taskflow.py took 0.105 seconds
[2025-02-17T22:30:33.619-0700] {processor.py:157} INFO - Started process (PID=155872) to work on /home/jparep/miniconda3/envs/dbt-env/lib/python3.11/site-packages/airflow/example_dags/example_setup_teardown_taskflow.py
[2025-02-17T22:30:33.621-0700] {processor.py:829} INFO - Processing file /home/jparep/miniconda3/envs/dbt-env/lib/python3.11/site-packages/airflow/example_dags/example_setup_teardown_taskflow.py for tasks to queue
[2025-02-17T22:30:33.622-0700] {logging_mixin.py:154} INFO - [2025-02-17T22:30:33.622-0700] {dagbag.py:536} INFO - Filling up the DagBag from /home/jparep/miniconda3/envs/dbt-env/lib/python3.11/site-packages/airflow/example_dags/example_setup_teardown_taskflow.py
[2025-02-17T22:30:33.633-0700] {processor.py:839} INFO - DAG(s) dict_keys(['example_setup_teardown_taskflow']) retrieved from /home/jparep/miniconda3/envs/dbt-env/lib/python3.11/site-packages/airflow/example_dags/example_setup_teardown_taskflow.py
[2025-02-17T22:30:33.648-0700] {logging_mixin.py:154} INFO - [2025-02-17T22:30:33.648-0700] {dag.py:2941} INFO - Sync 1 DAGs
[2025-02-17T22:30:33.667-0700] {logging_mixin.py:154} INFO - [2025-02-17T22:30:33.667-0700] {dag.py:3722} INFO - Setting next_dagrun for example_setup_teardown_taskflow to 2025-02-17T05:30:33.666837+00:00, run_after=2025-02-18T05:30:33.666837+00:00
[2025-02-17T22:30:33.687-0700] {processor.py:179} INFO - Processing /home/jparep/miniconda3/envs/dbt-env/lib/python3.11/site-packages/airflow/example_dags/example_setup_teardown_taskflow.py took 0.074 seconds
[2025-02-17T22:31:23.501-0700] {processor.py:157} INFO - Started process (PID=156372) to work on /home/jparep/miniconda3/envs/dbt-env/lib/python3.11/site-packages/airflow/example_dags/example_setup_teardown_taskflow.py
[2025-02-17T22:31:23.504-0700] {processor.py:829} INFO - Processing file /home/jparep/miniconda3/envs/dbt-env/lib/python3.11/site-packages/airflow/example_dags/example_setup_teardown_taskflow.py for tasks to queue
[2025-02-17T22:31:23.505-0700] {logging_mixin.py:154} INFO - [2025-02-17T22:31:23.504-0700] {dagbag.py:536} INFO - Filling up the DagBag from /home/jparep/miniconda3/envs/dbt-env/lib/python3.11/site-packages/airflow/example_dags/example_setup_teardown_taskflow.py
[2025-02-17T22:31:23.521-0700] {processor.py:839} INFO - DAG(s) dict_keys(['example_setup_teardown_taskflow']) retrieved from /home/jparep/miniconda3/envs/dbt-env/lib/python3.11/site-packages/airflow/example_dags/example_setup_teardown_taskflow.py
[2025-02-17T22:31:23.541-0700] {logging_mixin.py:154} INFO - [2025-02-17T22:31:23.540-0700] {dag.py:2941} INFO - Sync 1 DAGs
[2025-02-17T22:31:23.556-0700] {logging_mixin.py:154} INFO - [2025-02-17T22:31:23.556-0700] {dag.py:3722} INFO - Setting next_dagrun for example_setup_teardown_taskflow to 2025-02-17T05:31:23.556301+00:00, run_after=2025-02-18T05:31:23.556301+00:00
[2025-02-17T22:31:23.576-0700] {processor.py:179} INFO - Processing /home/jparep/miniconda3/envs/dbt-env/lib/python3.11/site-packages/airflow/example_dags/example_setup_teardown_taskflow.py took 0.080 seconds
[2025-02-17T22:32:21.580-0700] {processor.py:157} INFO - Started process (PID=156711) to work on /home/jparep/miniconda3/envs/dbt-env/lib/python3.11/site-packages/airflow/example_dags/example_setup_teardown_taskflow.py
[2025-02-17T22:32:21.584-0700] {processor.py:829} INFO - Processing file /home/jparep/miniconda3/envs/dbt-env/lib/python3.11/site-packages/airflow/example_dags/example_setup_teardown_taskflow.py for tasks to queue
[2025-02-17T22:32:21.585-0700] {logging_mixin.py:154} INFO - [2025-02-17T22:32:21.584-0700] {dagbag.py:536} INFO - Filling up the DagBag from /home/jparep/miniconda3/envs/dbt-env/lib/python3.11/site-packages/airflow/example_dags/example_setup_teardown_taskflow.py
[2025-02-17T22:32:21.600-0700] {processor.py:839} INFO - DAG(s) dict_keys(['example_setup_teardown_taskflow']) retrieved from /home/jparep/miniconda3/envs/dbt-env/lib/python3.11/site-packages/airflow/example_dags/example_setup_teardown_taskflow.py
[2025-02-17T22:32:21.617-0700] {logging_mixin.py:154} INFO - [2025-02-17T22:32:21.617-0700] {dag.py:2941} INFO - Sync 1 DAGs
[2025-02-17T22:32:21.633-0700] {logging_mixin.py:154} INFO - [2025-02-17T22:32:21.633-0700] {dag.py:3722} INFO - Setting next_dagrun for example_setup_teardown_taskflow to 2025-02-17T05:32:21.633597+00:00, run_after=2025-02-18T05:32:21.633597+00:00
[2025-02-17T22:32:21.655-0700] {processor.py:179} INFO - Processing /home/jparep/miniconda3/envs/dbt-env/lib/python3.11/site-packages/airflow/example_dags/example_setup_teardown_taskflow.py took 0.078 seconds
[2025-02-17T22:33:21.581-0700] {processor.py:157} INFO - Started process (PID=157187) to work on /home/jparep/miniconda3/envs/dbt-env/lib/python3.11/site-packages/airflow/example_dags/example_setup_teardown_taskflow.py
[2025-02-17T22:33:21.584-0700] {processor.py:829} INFO - Processing file /home/jparep/miniconda3/envs/dbt-env/lib/python3.11/site-packages/airflow/example_dags/example_setup_teardown_taskflow.py for tasks to queue
[2025-02-17T22:33:21.585-0700] {logging_mixin.py:154} INFO - [2025-02-17T22:33:21.585-0700] {dagbag.py:536} INFO - Filling up the DagBag from /home/jparep/miniconda3/envs/dbt-env/lib/python3.11/site-packages/airflow/example_dags/example_setup_teardown_taskflow.py
[2025-02-17T22:33:21.601-0700] {processor.py:839} INFO - DAG(s) dict_keys(['example_setup_teardown_taskflow']) retrieved from /home/jparep/miniconda3/envs/dbt-env/lib/python3.11/site-packages/airflow/example_dags/example_setup_teardown_taskflow.py
[2025-02-17T22:33:21.629-0700] {logging_mixin.py:154} INFO - [2025-02-17T22:33:21.629-0700] {dag.py:2941} INFO - Sync 1 DAGs
[2025-02-17T22:33:21.652-0700] {logging_mixin.py:154} INFO - [2025-02-17T22:33:21.652-0700] {dag.py:3722} INFO - Setting next_dagrun for example_setup_teardown_taskflow to 2025-02-17T05:33:21.651809+00:00, run_after=2025-02-18T05:33:21.651809+00:00
[2025-02-17T22:33:21.675-0700] {processor.py:179} INFO - Processing /home/jparep/miniconda3/envs/dbt-env/lib/python3.11/site-packages/airflow/example_dags/example_setup_teardown_taskflow.py took 0.098 seconds
[2025-02-17T22:34:13.230-0700] {processor.py:157} INFO - Started process (PID=157599) to work on /home/jparep/miniconda3/envs/dbt-env/lib/python3.11/site-packages/airflow/example_dags/example_setup_teardown_taskflow.py
[2025-02-17T22:34:13.235-0700] {processor.py:829} INFO - Processing file /home/jparep/miniconda3/envs/dbt-env/lib/python3.11/site-packages/airflow/example_dags/example_setup_teardown_taskflow.py for tasks to queue
[2025-02-17T22:34:13.236-0700] {logging_mixin.py:154} INFO - [2025-02-17T22:34:13.236-0700] {dagbag.py:536} INFO - Filling up the DagBag from /home/jparep/miniconda3/envs/dbt-env/lib/python3.11/site-packages/airflow/example_dags/example_setup_teardown_taskflow.py
[2025-02-17T22:34:13.246-0700] {processor.py:839} INFO - DAG(s) dict_keys(['example_setup_teardown_taskflow']) retrieved from /home/jparep/miniconda3/envs/dbt-env/lib/python3.11/site-packages/airflow/example_dags/example_setup_teardown_taskflow.py
[2025-02-17T22:34:13.258-0700] {logging_mixin.py:154} INFO - [2025-02-17T22:34:13.258-0700] {dag.py:2941} INFO - Sync 1 DAGs
[2025-02-17T22:34:13.272-0700] {logging_mixin.py:154} INFO - [2025-02-17T22:34:13.272-0700] {dag.py:3722} INFO - Setting next_dagrun for example_setup_teardown_taskflow to 2025-02-17T05:34:13.272426+00:00, run_after=2025-02-18T05:34:13.272426+00:00
[2025-02-17T22:34:13.291-0700] {processor.py:179} INFO - Processing /home/jparep/miniconda3/envs/dbt-env/lib/python3.11/site-packages/airflow/example_dags/example_setup_teardown_taskflow.py took 0.067 seconds
[2025-02-17T22:35:08.536-0700] {processor.py:157} INFO - Started process (PID=158027) to work on /home/jparep/miniconda3/envs/dbt-env/lib/python3.11/site-packages/airflow/example_dags/example_setup_teardown_taskflow.py
[2025-02-17T22:35:08.539-0700] {processor.py:829} INFO - Processing file /home/jparep/miniconda3/envs/dbt-env/lib/python3.11/site-packages/airflow/example_dags/example_setup_teardown_taskflow.py for tasks to queue
[2025-02-17T22:35:08.541-0700] {logging_mixin.py:154} INFO - [2025-02-17T22:35:08.540-0700] {dagbag.py:536} INFO - Filling up the DagBag from /home/jparep/miniconda3/envs/dbt-env/lib/python3.11/site-packages/airflow/example_dags/example_setup_teardown_taskflow.py
[2025-02-17T22:35:08.556-0700] {processor.py:839} INFO - DAG(s) dict_keys(['example_setup_teardown_taskflow']) retrieved from /home/jparep/miniconda3/envs/dbt-env/lib/python3.11/site-packages/airflow/example_dags/example_setup_teardown_taskflow.py
[2025-02-17T22:35:08.571-0700] {logging_mixin.py:154} INFO - [2025-02-17T22:35:08.571-0700] {dag.py:2941} INFO - Sync 1 DAGs
[2025-02-17T22:35:08.586-0700] {logging_mixin.py:154} INFO - [2025-02-17T22:35:08.586-0700] {dag.py:3722} INFO - Setting next_dagrun for example_setup_teardown_taskflow to 2025-02-17T05:35:08.586459+00:00, run_after=2025-02-18T05:35:08.586459+00:00
[2025-02-17T22:35:08.608-0700] {processor.py:179} INFO - Processing /home/jparep/miniconda3/envs/dbt-env/lib/python3.11/site-packages/airflow/example_dags/example_setup_teardown_taskflow.py took 0.077 seconds
[2025-02-17T22:36:04.729-0700] {processor.py:157} INFO - Started process (PID=158571) to work on /home/jparep/miniconda3/envs/dbt-env/lib/python3.11/site-packages/airflow/example_dags/example_setup_teardown_taskflow.py
[2025-02-17T22:36:04.731-0700] {processor.py:829} INFO - Processing file /home/jparep/miniconda3/envs/dbt-env/lib/python3.11/site-packages/airflow/example_dags/example_setup_teardown_taskflow.py for tasks to queue
[2025-02-17T22:36:04.732-0700] {logging_mixin.py:154} INFO - [2025-02-17T22:36:04.732-0700] {dagbag.py:536} INFO - Filling up the DagBag from /home/jparep/miniconda3/envs/dbt-env/lib/python3.11/site-packages/airflow/example_dags/example_setup_teardown_taskflow.py
[2025-02-17T22:36:04.746-0700] {processor.py:839} INFO - DAG(s) dict_keys(['example_setup_teardown_taskflow']) retrieved from /home/jparep/miniconda3/envs/dbt-env/lib/python3.11/site-packages/airflow/example_dags/example_setup_teardown_taskflow.py
[2025-02-17T22:36:04.764-0700] {logging_mixin.py:154} INFO - [2025-02-17T22:36:04.764-0700] {dag.py:2941} INFO - Sync 1 DAGs
[2025-02-17T22:36:04.782-0700] {logging_mixin.py:154} INFO - [2025-02-17T22:36:04.781-0700] {dag.py:3722} INFO - Setting next_dagrun for example_setup_teardown_taskflow to 2025-02-17T05:36:04.781716+00:00, run_after=2025-02-18T05:36:04.781716+00:00
[2025-02-17T22:36:04.804-0700] {processor.py:179} INFO - Processing /home/jparep/miniconda3/envs/dbt-env/lib/python3.11/site-packages/airflow/example_dags/example_setup_teardown_taskflow.py took 0.080 seconds
[2025-02-17T22:36:48.173-0700] {processor.py:157} INFO - Started process (PID=158927) to work on /home/jparep/miniconda3/envs/dbt-env/lib/python3.11/site-packages/airflow/example_dags/example_setup_teardown_taskflow.py
[2025-02-17T22:36:48.174-0700] {processor.py:829} INFO - Processing file /home/jparep/miniconda3/envs/dbt-env/lib/python3.11/site-packages/airflow/example_dags/example_setup_teardown_taskflow.py for tasks to queue
[2025-02-17T22:36:48.175-0700] {logging_mixin.py:154} INFO - [2025-02-17T22:36:48.175-0700] {dagbag.py:536} INFO - Filling up the DagBag from /home/jparep/miniconda3/envs/dbt-env/lib/python3.11/site-packages/airflow/example_dags/example_setup_teardown_taskflow.py
[2025-02-17T22:36:48.193-0700] {processor.py:839} INFO - DAG(s) dict_keys(['example_setup_teardown_taskflow']) retrieved from /home/jparep/miniconda3/envs/dbt-env/lib/python3.11/site-packages/airflow/example_dags/example_setup_teardown_taskflow.py
[2025-02-17T22:36:48.216-0700] {logging_mixin.py:154} INFO - [2025-02-17T22:36:48.215-0700] {dag.py:2941} INFO - Sync 1 DAGs
[2025-02-17T22:36:48.236-0700] {logging_mixin.py:154} INFO - [2025-02-17T22:36:48.236-0700] {dag.py:3722} INFO - Setting next_dagrun for example_setup_teardown_taskflow to 2025-02-17T05:36:48.236444+00:00, run_after=2025-02-18T05:36:48.236444+00:00
[2025-02-17T22:36:48.260-0700] {processor.py:179} INFO - Processing /home/jparep/miniconda3/envs/dbt-env/lib/python3.11/site-packages/airflow/example_dags/example_setup_teardown_taskflow.py took 0.092 seconds
[2025-02-17T22:37:43.031-0700] {processor.py:157} INFO - Started process (PID=159964) to work on /home/jparep/miniconda3/envs/dbt-env/lib/python3.11/site-packages/airflow/example_dags/example_setup_teardown_taskflow.py
[2025-02-17T22:37:43.033-0700] {processor.py:829} INFO - Processing file /home/jparep/miniconda3/envs/dbt-env/lib/python3.11/site-packages/airflow/example_dags/example_setup_teardown_taskflow.py for tasks to queue
[2025-02-17T22:37:43.033-0700] {logging_mixin.py:154} INFO - [2025-02-17T22:37:43.033-0700] {dagbag.py:536} INFO - Filling up the DagBag from /home/jparep/miniconda3/envs/dbt-env/lib/python3.11/site-packages/airflow/example_dags/example_setup_teardown_taskflow.py
[2025-02-17T22:37:43.043-0700] {processor.py:839} INFO - DAG(s) dict_keys(['example_setup_teardown_taskflow']) retrieved from /home/jparep/miniconda3/envs/dbt-env/lib/python3.11/site-packages/airflow/example_dags/example_setup_teardown_taskflow.py
[2025-02-17T22:37:43.056-0700] {logging_mixin.py:154} INFO - [2025-02-17T22:37:43.056-0700] {dag.py:2941} INFO - Sync 1 DAGs
[2025-02-17T22:37:43.075-0700] {logging_mixin.py:154} INFO - [2025-02-17T22:37:43.075-0700] {dag.py:3722} INFO - Setting next_dagrun for example_setup_teardown_taskflow to 2025-02-17T05:37:43.074971+00:00, run_after=2025-02-18T05:37:43.074971+00:00
[2025-02-17T22:37:43.098-0700] {processor.py:179} INFO - Processing /home/jparep/miniconda3/envs/dbt-env/lib/python3.11/site-packages/airflow/example_dags/example_setup_teardown_taskflow.py took 0.075 seconds
[2025-02-17T22:38:35.595-0700] {processor.py:157} INFO - Started process (PID=160630) to work on /home/jparep/miniconda3/envs/dbt-env/lib/python3.11/site-packages/airflow/example_dags/example_setup_teardown_taskflow.py
[2025-02-17T22:38:35.596-0700] {processor.py:829} INFO - Processing file /home/jparep/miniconda3/envs/dbt-env/lib/python3.11/site-packages/airflow/example_dags/example_setup_teardown_taskflow.py for tasks to queue
[2025-02-17T22:38:35.597-0700] {logging_mixin.py:154} INFO - [2025-02-17T22:38:35.597-0700] {dagbag.py:536} INFO - Filling up the DagBag from /home/jparep/miniconda3/envs/dbt-env/lib/python3.11/site-packages/airflow/example_dags/example_setup_teardown_taskflow.py
[2025-02-17T22:38:35.608-0700] {processor.py:839} INFO - DAG(s) dict_keys(['example_setup_teardown_taskflow']) retrieved from /home/jparep/miniconda3/envs/dbt-env/lib/python3.11/site-packages/airflow/example_dags/example_setup_teardown_taskflow.py
[2025-02-17T22:38:35.623-0700] {logging_mixin.py:154} INFO - [2025-02-17T22:38:35.622-0700] {dag.py:2941} INFO - Sync 1 DAGs
[2025-02-17T22:38:35.640-0700] {logging_mixin.py:154} INFO - [2025-02-17T22:38:35.640-0700] {dag.py:3722} INFO - Setting next_dagrun for example_setup_teardown_taskflow to 2025-02-17T05:38:35.640212+00:00, run_after=2025-02-18T05:38:35.640212+00:00
[2025-02-17T22:38:35.658-0700] {processor.py:179} INFO - Processing /home/jparep/miniconda3/envs/dbt-env/lib/python3.11/site-packages/airflow/example_dags/example_setup_teardown_taskflow.py took 0.066 seconds
[2025-02-17T22:39:28.167-0700] {processor.py:157} INFO - Started process (PID=161192) to work on /home/jparep/miniconda3/envs/dbt-env/lib/python3.11/site-packages/airflow/example_dags/example_setup_teardown_taskflow.py
[2025-02-17T22:39:28.169-0700] {processor.py:829} INFO - Processing file /home/jparep/miniconda3/envs/dbt-env/lib/python3.11/site-packages/airflow/example_dags/example_setup_teardown_taskflow.py for tasks to queue
[2025-02-17T22:39:28.170-0700] {logging_mixin.py:154} INFO - [2025-02-17T22:39:28.169-0700] {dagbag.py:536} INFO - Filling up the DagBag from /home/jparep/miniconda3/envs/dbt-env/lib/python3.11/site-packages/airflow/example_dags/example_setup_teardown_taskflow.py
[2025-02-17T22:39:28.182-0700] {processor.py:839} INFO - DAG(s) dict_keys(['example_setup_teardown_taskflow']) retrieved from /home/jparep/miniconda3/envs/dbt-env/lib/python3.11/site-packages/airflow/example_dags/example_setup_teardown_taskflow.py
[2025-02-17T22:39:28.195-0700] {logging_mixin.py:154} INFO - [2025-02-17T22:39:28.195-0700] {dag.py:2941} INFO - Sync 1 DAGs
[2025-02-17T22:39:28.208-0700] {logging_mixin.py:154} INFO - [2025-02-17T22:39:28.208-0700] {dag.py:3722} INFO - Setting next_dagrun for example_setup_teardown_taskflow to 2025-02-17T05:39:28.208512+00:00, run_after=2025-02-18T05:39:28.208512+00:00
[2025-02-17T22:39:28.224-0700] {processor.py:179} INFO - Processing /home/jparep/miniconda3/envs/dbt-env/lib/python3.11/site-packages/airflow/example_dags/example_setup_teardown_taskflow.py took 0.059 seconds
[2025-02-17T22:40:26.623-0700] {processor.py:157} INFO - Started process (PID=161651) to work on /home/jparep/miniconda3/envs/dbt-env/lib/python3.11/site-packages/airflow/example_dags/example_setup_teardown_taskflow.py
[2025-02-17T22:40:26.625-0700] {processor.py:829} INFO - Processing file /home/jparep/miniconda3/envs/dbt-env/lib/python3.11/site-packages/airflow/example_dags/example_setup_teardown_taskflow.py for tasks to queue
[2025-02-17T22:40:26.626-0700] {logging_mixin.py:154} INFO - [2025-02-17T22:40:26.626-0700] {dagbag.py:536} INFO - Filling up the DagBag from /home/jparep/miniconda3/envs/dbt-env/lib/python3.11/site-packages/airflow/example_dags/example_setup_teardown_taskflow.py
[2025-02-17T22:40:26.638-0700] {processor.py:839} INFO - DAG(s) dict_keys(['example_setup_teardown_taskflow']) retrieved from /home/jparep/miniconda3/envs/dbt-env/lib/python3.11/site-packages/airflow/example_dags/example_setup_teardown_taskflow.py
[2025-02-17T22:40:26.653-0700] {logging_mixin.py:154} INFO - [2025-02-17T22:40:26.653-0700] {dag.py:2941} INFO - Sync 1 DAGs
[2025-02-17T22:40:26.669-0700] {logging_mixin.py:154} INFO - [2025-02-17T22:40:26.668-0700] {dag.py:3722} INFO - Setting next_dagrun for example_setup_teardown_taskflow to 2025-02-17T05:40:26.668633+00:00, run_after=2025-02-18T05:40:26.668633+00:00
[2025-02-17T22:40:26.685-0700] {processor.py:179} INFO - Processing /home/jparep/miniconda3/envs/dbt-env/lib/python3.11/site-packages/airflow/example_dags/example_setup_teardown_taskflow.py took 0.065 seconds
