[2025-02-17T22:16:10.753-0700] {processor.py:157} INFO - Started process (PID=148516) to work on /home/jparep/miniconda3/envs/dbt-env/lib/python3.11/site-packages/airflow/example_dags/example_xcomargs.py
[2025-02-17T22:16:10.754-0700] {processor.py:829} INFO - Processing file /home/jparep/miniconda3/envs/dbt-env/lib/python3.11/site-packages/airflow/example_dags/example_xcomargs.py for tasks to queue
[2025-02-17T22:16:10.756-0700] {logging_mixin.py:154} INFO - [2025-02-17T22:16:10.755-0700] {dagbag.py:536} INFO - Filling up the DagBag from /home/jparep/miniconda3/envs/dbt-env/lib/python3.11/site-packages/airflow/example_dags/example_xcomargs.py
[2025-02-17T22:16:10.770-0700] {processor.py:839} INFO - DAG(s) dict_keys(['example_xcom_args_with_operators', 'example_xcom_args']) retrieved from /home/jparep/miniconda3/envs/dbt-env/lib/python3.11/site-packages/airflow/example_dags/example_xcomargs.py
[2025-02-17T22:16:11.009-0700] {logging_mixin.py:154} INFO - [2025-02-17T22:16:11.009-0700] {manager.py:499} INFO - Created Permission View: %s
[2025-02-17T22:16:11.023-0700] {logging_mixin.py:154} INFO - [2025-02-17T22:16:11.023-0700] {manager.py:499} INFO - Created Permission View: %s
[2025-02-17T22:16:11.035-0700] {logging_mixin.py:154} INFO - [2025-02-17T22:16:11.034-0700] {manager.py:499} INFO - Created Permission View: %s
[2025-02-17T22:16:11.053-0700] {logging_mixin.py:154} INFO - [2025-02-17T22:16:11.053-0700] {manager.py:499} INFO - Created Permission View: %s
[2025-02-17T22:16:11.062-0700] {logging_mixin.py:154} INFO - [2025-02-17T22:16:11.061-0700] {manager.py:499} INFO - Created Permission View: %s
[2025-02-17T22:16:11.077-0700] {logging_mixin.py:154} INFO - [2025-02-17T22:16:11.077-0700] {manager.py:499} INFO - Created Permission View: %s
[2025-02-17T22:16:11.078-0700] {logging_mixin.py:154} INFO - [2025-02-17T22:16:11.077-0700] {dag.py:2941} INFO - Sync 2 DAGs
[2025-02-17T22:16:11.090-0700] {logging_mixin.py:154} INFO - [2025-02-17T22:16:11.090-0700] {dag.py:2963} INFO - Creating ORM DAG for example_xcom_args
[2025-02-17T22:16:11.091-0700] {logging_mixin.py:154} INFO - [2025-02-17T22:16:11.091-0700] {dag.py:2963} INFO - Creating ORM DAG for example_xcom_args_with_operators
[2025-02-17T22:16:11.092-0700] {logging_mixin.py:154} INFO - [2025-02-17T22:16:11.092-0700] {dag.py:3722} INFO - Setting next_dagrun for example_xcom_args to None, run_after=None
[2025-02-17T22:16:11.092-0700] {logging_mixin.py:154} INFO - [2025-02-17T22:16:11.092-0700] {dag.py:3722} INFO - Setting next_dagrun for example_xcom_args_with_operators to None, run_after=None
[2025-02-17T22:16:11.120-0700] {processor.py:179} INFO - Processing /home/jparep/miniconda3/envs/dbt-env/lib/python3.11/site-packages/airflow/example_dags/example_xcomargs.py took 0.374 seconds
[2025-02-17T22:17:06.736-0700] {processor.py:157} INFO - Started process (PID=148904) to work on /home/jparep/miniconda3/envs/dbt-env/lib/python3.11/site-packages/airflow/example_dags/example_xcomargs.py
[2025-02-17T22:17:06.739-0700] {processor.py:829} INFO - Processing file /home/jparep/miniconda3/envs/dbt-env/lib/python3.11/site-packages/airflow/example_dags/example_xcomargs.py for tasks to queue
[2025-02-17T22:17:06.740-0700] {logging_mixin.py:154} INFO - [2025-02-17T22:17:06.740-0700] {dagbag.py:536} INFO - Filling up the DagBag from /home/jparep/miniconda3/envs/dbt-env/lib/python3.11/site-packages/airflow/example_dags/example_xcomargs.py
[2025-02-17T22:17:06.754-0700] {processor.py:839} INFO - DAG(s) dict_keys(['example_xcom_args_with_operators', 'example_xcom_args']) retrieved from /home/jparep/miniconda3/envs/dbt-env/lib/python3.11/site-packages/airflow/example_dags/example_xcomargs.py
[2025-02-17T22:17:06.781-0700] {logging_mixin.py:154} INFO - [2025-02-17T22:17:06.781-0700] {dag.py:2941} INFO - Sync 2 DAGs
[2025-02-17T22:17:06.934-0700] {logging_mixin.py:154} INFO - [2025-02-17T22:17:06.933-0700] {dag.py:3722} INFO - Setting next_dagrun for example_xcom_args to None, run_after=None
[2025-02-17T22:17:06.939-0700] {logging_mixin.py:154} INFO - [2025-02-17T22:17:06.939-0700] {dag.py:3722} INFO - Setting next_dagrun for example_xcom_args_with_operators to None, run_after=None
[2025-02-17T22:17:06.970-0700] {processor.py:179} INFO - Processing /home/jparep/miniconda3/envs/dbt-env/lib/python3.11/site-packages/airflow/example_dags/example_xcomargs.py took 0.239 seconds
[2025-02-17T22:17:59.039-0700] {processor.py:157} INFO - Started process (PID=149412) to work on /home/jparep/miniconda3/envs/dbt-env/lib/python3.11/site-packages/airflow/example_dags/example_xcomargs.py
[2025-02-17T22:17:59.041-0700] {processor.py:829} INFO - Processing file /home/jparep/miniconda3/envs/dbt-env/lib/python3.11/site-packages/airflow/example_dags/example_xcomargs.py for tasks to queue
[2025-02-17T22:17:59.041-0700] {logging_mixin.py:154} INFO - [2025-02-17T22:17:59.041-0700] {dagbag.py:536} INFO - Filling up the DagBag from /home/jparep/miniconda3/envs/dbt-env/lib/python3.11/site-packages/airflow/example_dags/example_xcomargs.py
[2025-02-17T22:17:59.049-0700] {processor.py:839} INFO - DAG(s) dict_keys(['example_xcom_args_with_operators', 'example_xcom_args']) retrieved from /home/jparep/miniconda3/envs/dbt-env/lib/python3.11/site-packages/airflow/example_dags/example_xcomargs.py
[2025-02-17T22:17:59.063-0700] {logging_mixin.py:154} INFO - [2025-02-17T22:17:59.063-0700] {dag.py:2941} INFO - Sync 2 DAGs
[2025-02-17T22:17:59.071-0700] {logging_mixin.py:154} INFO - [2025-02-17T22:17:59.071-0700] {dag.py:3722} INFO - Setting next_dagrun for example_xcom_args to None, run_after=None
[2025-02-17T22:17:59.073-0700] {logging_mixin.py:154} INFO - [2025-02-17T22:17:59.073-0700] {dag.py:3722} INFO - Setting next_dagrun for example_xcom_args_with_operators to None, run_after=None
[2025-02-17T22:17:59.090-0700] {processor.py:179} INFO - Processing /home/jparep/miniconda3/envs/dbt-env/lib/python3.11/site-packages/airflow/example_dags/example_xcomargs.py took 0.054 seconds
[2025-02-17T22:18:42.330-0700] {processor.py:157} INFO - Started process (PID=149869) to work on /home/jparep/miniconda3/envs/dbt-env/lib/python3.11/site-packages/airflow/example_dags/example_xcomargs.py
[2025-02-17T22:18:42.332-0700] {processor.py:829} INFO - Processing file /home/jparep/miniconda3/envs/dbt-env/lib/python3.11/site-packages/airflow/example_dags/example_xcomargs.py for tasks to queue
[2025-02-17T22:18:42.333-0700] {logging_mixin.py:154} INFO - [2025-02-17T22:18:42.333-0700] {dagbag.py:536} INFO - Filling up the DagBag from /home/jparep/miniconda3/envs/dbt-env/lib/python3.11/site-packages/airflow/example_dags/example_xcomargs.py
[2025-02-17T22:18:42.340-0700] {processor.py:839} INFO - DAG(s) dict_keys(['example_xcom_args', 'example_xcom_args_with_operators']) retrieved from /home/jparep/miniconda3/envs/dbt-env/lib/python3.11/site-packages/airflow/example_dags/example_xcomargs.py
[2025-02-17T22:18:42.359-0700] {logging_mixin.py:154} INFO - [2025-02-17T22:18:42.359-0700] {dag.py:2941} INFO - Sync 2 DAGs
[2025-02-17T22:18:42.374-0700] {logging_mixin.py:154} INFO - [2025-02-17T22:18:42.374-0700] {dag.py:3722} INFO - Setting next_dagrun for example_xcom_args to None, run_after=None
[2025-02-17T22:18:42.379-0700] {logging_mixin.py:154} INFO - [2025-02-17T22:18:42.379-0700] {dag.py:3722} INFO - Setting next_dagrun for example_xcom_args_with_operators to None, run_after=None
[2025-02-17T22:18:42.403-0700] {processor.py:179} INFO - Processing /home/jparep/miniconda3/envs/dbt-env/lib/python3.11/site-packages/airflow/example_dags/example_xcomargs.py took 0.075 seconds
[2025-02-17T22:19:37.572-0700] {processor.py:157} INFO - Started process (PID=150395) to work on /home/jparep/miniconda3/envs/dbt-env/lib/python3.11/site-packages/airflow/example_dags/example_xcomargs.py
[2025-02-17T22:19:37.575-0700] {processor.py:829} INFO - Processing file /home/jparep/miniconda3/envs/dbt-env/lib/python3.11/site-packages/airflow/example_dags/example_xcomargs.py for tasks to queue
[2025-02-17T22:19:37.576-0700] {logging_mixin.py:154} INFO - [2025-02-17T22:19:37.576-0700] {dagbag.py:536} INFO - Filling up the DagBag from /home/jparep/miniconda3/envs/dbt-env/lib/python3.11/site-packages/airflow/example_dags/example_xcomargs.py
[2025-02-17T22:19:37.589-0700] {processor.py:839} INFO - DAG(s) dict_keys(['example_xcom_args_with_operators', 'example_xcom_args']) retrieved from /home/jparep/miniconda3/envs/dbt-env/lib/python3.11/site-packages/airflow/example_dags/example_xcomargs.py
[2025-02-17T22:19:37.615-0700] {logging_mixin.py:154} INFO - [2025-02-17T22:19:37.615-0700] {dag.py:2941} INFO - Sync 2 DAGs
[2025-02-17T22:19:37.629-0700] {logging_mixin.py:154} INFO - [2025-02-17T22:19:37.629-0700] {dag.py:3722} INFO - Setting next_dagrun for example_xcom_args to None, run_after=None
[2025-02-17T22:19:37.632-0700] {logging_mixin.py:154} INFO - [2025-02-17T22:19:37.632-0700] {dag.py:3722} INFO - Setting next_dagrun for example_xcom_args_with_operators to None, run_after=None
[2025-02-17T22:19:37.661-0700] {processor.py:179} INFO - Processing /home/jparep/miniconda3/envs/dbt-env/lib/python3.11/site-packages/airflow/example_dags/example_xcomargs.py took 0.093 seconds
[2025-02-17T22:20:38.586-0700] {processor.py:157} INFO - Started process (PID=150778) to work on /home/jparep/miniconda3/envs/dbt-env/lib/python3.11/site-packages/airflow/example_dags/example_xcomargs.py
[2025-02-17T22:20:38.599-0700] {processor.py:829} INFO - Processing file /home/jparep/miniconda3/envs/dbt-env/lib/python3.11/site-packages/airflow/example_dags/example_xcomargs.py for tasks to queue
[2025-02-17T22:20:38.599-0700] {logging_mixin.py:154} INFO - [2025-02-17T22:20:38.599-0700] {dagbag.py:536} INFO - Filling up the DagBag from /home/jparep/miniconda3/envs/dbt-env/lib/python3.11/site-packages/airflow/example_dags/example_xcomargs.py
[2025-02-17T22:20:38.618-0700] {processor.py:839} INFO - DAG(s) dict_keys(['example_xcom_args_with_operators', 'example_xcom_args']) retrieved from /home/jparep/miniconda3/envs/dbt-env/lib/python3.11/site-packages/airflow/example_dags/example_xcomargs.py
[2025-02-17T22:20:38.640-0700] {logging_mixin.py:154} INFO - [2025-02-17T22:20:38.640-0700] {dag.py:2941} INFO - Sync 2 DAGs
[2025-02-17T22:20:38.651-0700] {logging_mixin.py:154} INFO - [2025-02-17T22:20:38.651-0700] {dag.py:3722} INFO - Setting next_dagrun for example_xcom_args to None, run_after=None
[2025-02-17T22:20:38.654-0700] {logging_mixin.py:154} INFO - [2025-02-17T22:20:38.653-0700] {dag.py:3722} INFO - Setting next_dagrun for example_xcom_args_with_operators to None, run_after=None
[2025-02-17T22:20:38.679-0700] {processor.py:179} INFO - Processing /home/jparep/miniconda3/envs/dbt-env/lib/python3.11/site-packages/airflow/example_dags/example_xcomargs.py took 0.107 seconds
[2025-02-17T22:21:32.112-0700] {processor.py:157} INFO - Started process (PID=151304) to work on /home/jparep/miniconda3/envs/dbt-env/lib/python3.11/site-packages/airflow/example_dags/example_xcomargs.py
[2025-02-17T22:21:32.115-0700] {processor.py:829} INFO - Processing file /home/jparep/miniconda3/envs/dbt-env/lib/python3.11/site-packages/airflow/example_dags/example_xcomargs.py for tasks to queue
[2025-02-17T22:21:32.117-0700] {logging_mixin.py:154} INFO - [2025-02-17T22:21:32.116-0700] {dagbag.py:536} INFO - Filling up the DagBag from /home/jparep/miniconda3/envs/dbt-env/lib/python3.11/site-packages/airflow/example_dags/example_xcomargs.py
[2025-02-17T22:21:32.133-0700] {processor.py:839} INFO - DAG(s) dict_keys(['example_xcom_args', 'example_xcom_args_with_operators']) retrieved from /home/jparep/miniconda3/envs/dbt-env/lib/python3.11/site-packages/airflow/example_dags/example_xcomargs.py
[2025-02-17T22:21:32.161-0700] {logging_mixin.py:154} INFO - [2025-02-17T22:21:32.161-0700] {dag.py:2941} INFO - Sync 2 DAGs
[2025-02-17T22:21:32.171-0700] {logging_mixin.py:154} INFO - [2025-02-17T22:21:32.171-0700] {dag.py:3722} INFO - Setting next_dagrun for example_xcom_args to None, run_after=None
[2025-02-17T22:21:32.173-0700] {logging_mixin.py:154} INFO - [2025-02-17T22:21:32.173-0700] {dag.py:3722} INFO - Setting next_dagrun for example_xcom_args_with_operators to None, run_after=None
[2025-02-17T22:21:32.201-0700] {processor.py:179} INFO - Processing /home/jparep/miniconda3/envs/dbt-env/lib/python3.11/site-packages/airflow/example_dags/example_xcomargs.py took 0.096 seconds
[2025-02-17T22:22:23.995-0700] {processor.py:157} INFO - Started process (PID=151700) to work on /home/jparep/miniconda3/envs/dbt-env/lib/python3.11/site-packages/airflow/example_dags/example_xcomargs.py
[2025-02-17T22:22:23.998-0700] {processor.py:829} INFO - Processing file /home/jparep/miniconda3/envs/dbt-env/lib/python3.11/site-packages/airflow/example_dags/example_xcomargs.py for tasks to queue
[2025-02-17T22:22:23.998-0700] {logging_mixin.py:154} INFO - [2025-02-17T22:22:23.998-0700] {dagbag.py:536} INFO - Filling up the DagBag from /home/jparep/miniconda3/envs/dbt-env/lib/python3.11/site-packages/airflow/example_dags/example_xcomargs.py
[2025-02-17T22:22:24.009-0700] {processor.py:839} INFO - DAG(s) dict_keys(['example_xcom_args_with_operators', 'example_xcom_args']) retrieved from /home/jparep/miniconda3/envs/dbt-env/lib/python3.11/site-packages/airflow/example_dags/example_xcomargs.py
[2025-02-17T22:22:24.029-0700] {logging_mixin.py:154} INFO - [2025-02-17T22:22:24.029-0700] {dag.py:2941} INFO - Sync 2 DAGs
[2025-02-17T22:22:24.039-0700] {logging_mixin.py:154} INFO - [2025-02-17T22:22:24.039-0700] {dag.py:3722} INFO - Setting next_dagrun for example_xcom_args to None, run_after=None
[2025-02-17T22:22:24.042-0700] {logging_mixin.py:154} INFO - [2025-02-17T22:22:24.042-0700] {dag.py:3722} INFO - Setting next_dagrun for example_xcom_args_with_operators to None, run_after=None
[2025-02-17T22:22:24.059-0700] {processor.py:179} INFO - Processing /home/jparep/miniconda3/envs/dbt-env/lib/python3.11/site-packages/airflow/example_dags/example_xcomargs.py took 0.068 seconds
[2025-02-17T22:23:16.246-0700] {processor.py:157} INFO - Started process (PID=152116) to work on /home/jparep/miniconda3/envs/dbt-env/lib/python3.11/site-packages/airflow/example_dags/example_xcomargs.py
[2025-02-17T22:23:16.248-0700] {processor.py:829} INFO - Processing file /home/jparep/miniconda3/envs/dbt-env/lib/python3.11/site-packages/airflow/example_dags/example_xcomargs.py for tasks to queue
[2025-02-17T22:23:16.249-0700] {logging_mixin.py:154} INFO - [2025-02-17T22:23:16.248-0700] {dagbag.py:536} INFO - Filling up the DagBag from /home/jparep/miniconda3/envs/dbt-env/lib/python3.11/site-packages/airflow/example_dags/example_xcomargs.py
[2025-02-17T22:23:16.259-0700] {processor.py:839} INFO - DAG(s) dict_keys(['example_xcom_args_with_operators', 'example_xcom_args']) retrieved from /home/jparep/miniconda3/envs/dbt-env/lib/python3.11/site-packages/airflow/example_dags/example_xcomargs.py
[2025-02-17T22:23:16.276-0700] {logging_mixin.py:154} INFO - [2025-02-17T22:23:16.276-0700] {dag.py:2941} INFO - Sync 2 DAGs
[2025-02-17T22:23:16.287-0700] {logging_mixin.py:154} INFO - [2025-02-17T22:23:16.287-0700] {dag.py:3722} INFO - Setting next_dagrun for example_xcom_args to None, run_after=None
[2025-02-17T22:23:16.289-0700] {logging_mixin.py:154} INFO - [2025-02-17T22:23:16.289-0700] {dag.py:3722} INFO - Setting next_dagrun for example_xcom_args_with_operators to None, run_after=None
[2025-02-17T22:23:16.309-0700] {processor.py:179} INFO - Processing /home/jparep/miniconda3/envs/dbt-env/lib/python3.11/site-packages/airflow/example_dags/example_xcomargs.py took 0.076 seconds
[2025-02-17T22:24:12.578-0700] {processor.py:157} INFO - Started process (PID=152643) to work on /home/jparep/miniconda3/envs/dbt-env/lib/python3.11/site-packages/airflow/example_dags/example_xcomargs.py
[2025-02-17T22:24:12.579-0700] {processor.py:829} INFO - Processing file /home/jparep/miniconda3/envs/dbt-env/lib/python3.11/site-packages/airflow/example_dags/example_xcomargs.py for tasks to queue
[2025-02-17T22:24:12.581-0700] {logging_mixin.py:154} INFO - [2025-02-17T22:24:12.580-0700] {dagbag.py:536} INFO - Filling up the DagBag from /home/jparep/miniconda3/envs/dbt-env/lib/python3.11/site-packages/airflow/example_dags/example_xcomargs.py
[2025-02-17T22:24:12.597-0700] {processor.py:839} INFO - DAG(s) dict_keys(['example_xcom_args_with_operators', 'example_xcom_args']) retrieved from /home/jparep/miniconda3/envs/dbt-env/lib/python3.11/site-packages/airflow/example_dags/example_xcomargs.py
[2025-02-17T22:24:12.618-0700] {logging_mixin.py:154} INFO - [2025-02-17T22:24:12.618-0700] {dag.py:2941} INFO - Sync 2 DAGs
[2025-02-17T22:24:12.627-0700] {logging_mixin.py:154} INFO - [2025-02-17T22:24:12.627-0700] {dag.py:3722} INFO - Setting next_dagrun for example_xcom_args to None, run_after=None
[2025-02-17T22:24:12.630-0700] {logging_mixin.py:154} INFO - [2025-02-17T22:24:12.630-0700] {dag.py:3722} INFO - Setting next_dagrun for example_xcom_args_with_operators to None, run_after=None
[2025-02-17T22:24:12.651-0700] {processor.py:179} INFO - Processing /home/jparep/miniconda3/envs/dbt-env/lib/python3.11/site-packages/airflow/example_dags/example_xcomargs.py took 0.078 seconds
[2025-02-17T22:25:03.689-0700] {processor.py:157} INFO - Started process (PID=153149) to work on /home/jparep/miniconda3/envs/dbt-env/lib/python3.11/site-packages/airflow/example_dags/example_xcomargs.py
[2025-02-17T22:25:03.691-0700] {processor.py:829} INFO - Processing file /home/jparep/miniconda3/envs/dbt-env/lib/python3.11/site-packages/airflow/example_dags/example_xcomargs.py for tasks to queue
[2025-02-17T22:25:03.693-0700] {logging_mixin.py:154} INFO - [2025-02-17T22:25:03.692-0700] {dagbag.py:536} INFO - Filling up the DagBag from /home/jparep/miniconda3/envs/dbt-env/lib/python3.11/site-packages/airflow/example_dags/example_xcomargs.py
[2025-02-17T22:25:03.704-0700] {processor.py:839} INFO - DAG(s) dict_keys(['example_xcom_args', 'example_xcom_args_with_operators']) retrieved from /home/jparep/miniconda3/envs/dbt-env/lib/python3.11/site-packages/airflow/example_dags/example_xcomargs.py
[2025-02-17T22:25:03.723-0700] {logging_mixin.py:154} INFO - [2025-02-17T22:25:03.723-0700] {dag.py:2941} INFO - Sync 2 DAGs
[2025-02-17T22:25:03.734-0700] {logging_mixin.py:154} INFO - [2025-02-17T22:25:03.734-0700] {dag.py:3722} INFO - Setting next_dagrun for example_xcom_args to None, run_after=None
[2025-02-17T22:25:03.737-0700] {logging_mixin.py:154} INFO - [2025-02-17T22:25:03.737-0700] {dag.py:3722} INFO - Setting next_dagrun for example_xcom_args_with_operators to None, run_after=None
[2025-02-17T22:25:03.755-0700] {processor.py:179} INFO - Processing /home/jparep/miniconda3/envs/dbt-env/lib/python3.11/site-packages/airflow/example_dags/example_xcomargs.py took 0.071 seconds
[2025-02-17T22:25:50.796-0700] {processor.py:157} INFO - Started process (PID=153439) to work on /home/jparep/miniconda3/envs/dbt-env/lib/python3.11/site-packages/airflow/example_dags/example_xcomargs.py
[2025-02-17T22:25:50.799-0700] {processor.py:829} INFO - Processing file /home/jparep/miniconda3/envs/dbt-env/lib/python3.11/site-packages/airflow/example_dags/example_xcomargs.py for tasks to queue
[2025-02-17T22:25:50.800-0700] {logging_mixin.py:154} INFO - [2025-02-17T22:25:50.800-0700] {dagbag.py:536} INFO - Filling up the DagBag from /home/jparep/miniconda3/envs/dbt-env/lib/python3.11/site-packages/airflow/example_dags/example_xcomargs.py
[2025-02-17T22:25:50.816-0700] {processor.py:839} INFO - DAG(s) dict_keys(['example_xcom_args_with_operators', 'example_xcom_args']) retrieved from /home/jparep/miniconda3/envs/dbt-env/lib/python3.11/site-packages/airflow/example_dags/example_xcomargs.py
[2025-02-17T22:25:50.839-0700] {logging_mixin.py:154} INFO - [2025-02-17T22:25:50.839-0700] {dag.py:2941} INFO - Sync 2 DAGs
[2025-02-17T22:25:50.848-0700] {logging_mixin.py:154} INFO - [2025-02-17T22:25:50.848-0700] {dag.py:3722} INFO - Setting next_dagrun for example_xcom_args to None, run_after=None
[2025-02-17T22:25:50.851-0700] {logging_mixin.py:154} INFO - [2025-02-17T22:25:50.851-0700] {dag.py:3722} INFO - Setting next_dagrun for example_xcom_args_with_operators to None, run_after=None
[2025-02-17T22:25:50.868-0700] {processor.py:179} INFO - Processing /home/jparep/miniconda3/envs/dbt-env/lib/python3.11/site-packages/airflow/example_dags/example_xcomargs.py took 0.076 seconds
[2025-02-17T22:26:41.212-0700] {processor.py:157} INFO - Started process (PID=153946) to work on /home/jparep/miniconda3/envs/dbt-env/lib/python3.11/site-packages/airflow/example_dags/example_xcomargs.py
[2025-02-17T22:26:41.215-0700] {processor.py:829} INFO - Processing file /home/jparep/miniconda3/envs/dbt-env/lib/python3.11/site-packages/airflow/example_dags/example_xcomargs.py for tasks to queue
[2025-02-17T22:26:41.218-0700] {logging_mixin.py:154} INFO - [2025-02-17T22:26:41.217-0700] {dagbag.py:536} INFO - Filling up the DagBag from /home/jparep/miniconda3/envs/dbt-env/lib/python3.11/site-packages/airflow/example_dags/example_xcomargs.py
[2025-02-17T22:26:41.230-0700] {processor.py:839} INFO - DAG(s) dict_keys(['example_xcom_args', 'example_xcom_args_with_operators']) retrieved from /home/jparep/miniconda3/envs/dbt-env/lib/python3.11/site-packages/airflow/example_dags/example_xcomargs.py
[2025-02-17T22:26:41.255-0700] {logging_mixin.py:154} INFO - [2025-02-17T22:26:41.255-0700] {dag.py:2941} INFO - Sync 2 DAGs
[2025-02-17T22:26:41.268-0700] {logging_mixin.py:154} INFO - [2025-02-17T22:26:41.268-0700] {dag.py:3722} INFO - Setting next_dagrun for example_xcom_args to None, run_after=None
[2025-02-17T22:26:41.272-0700] {logging_mixin.py:154} INFO - [2025-02-17T22:26:41.272-0700] {dag.py:3722} INFO - Setting next_dagrun for example_xcom_args_with_operators to None, run_after=None
[2025-02-17T22:26:41.300-0700] {processor.py:179} INFO - Processing /home/jparep/miniconda3/envs/dbt-env/lib/python3.11/site-packages/airflow/example_dags/example_xcomargs.py took 0.092 seconds
[2025-02-17T22:27:36.510-0700] {processor.py:157} INFO - Started process (PID=154464) to work on /home/jparep/miniconda3/envs/dbt-env/lib/python3.11/site-packages/airflow/example_dags/example_xcomargs.py
[2025-02-17T22:27:36.513-0700] {processor.py:829} INFO - Processing file /home/jparep/miniconda3/envs/dbt-env/lib/python3.11/site-packages/airflow/example_dags/example_xcomargs.py for tasks to queue
[2025-02-17T22:27:36.514-0700] {logging_mixin.py:154} INFO - [2025-02-17T22:27:36.513-0700] {dagbag.py:536} INFO - Filling up the DagBag from /home/jparep/miniconda3/envs/dbt-env/lib/python3.11/site-packages/airflow/example_dags/example_xcomargs.py
[2025-02-17T22:27:36.526-0700] {processor.py:839} INFO - DAG(s) dict_keys(['example_xcom_args', 'example_xcom_args_with_operators']) retrieved from /home/jparep/miniconda3/envs/dbt-env/lib/python3.11/site-packages/airflow/example_dags/example_xcomargs.py
[2025-02-17T22:27:36.551-0700] {logging_mixin.py:154} INFO - [2025-02-17T22:27:36.550-0700] {dag.py:2941} INFO - Sync 2 DAGs
[2025-02-17T22:27:36.565-0700] {logging_mixin.py:154} INFO - [2025-02-17T22:27:36.564-0700] {dag.py:3722} INFO - Setting next_dagrun for example_xcom_args to None, run_after=None
[2025-02-17T22:27:36.568-0700] {logging_mixin.py:154} INFO - [2025-02-17T22:27:36.568-0700] {dag.py:3722} INFO - Setting next_dagrun for example_xcom_args_with_operators to None, run_after=None
[2025-02-17T22:27:36.590-0700] {processor.py:179} INFO - Processing /home/jparep/miniconda3/envs/dbt-env/lib/python3.11/site-packages/airflow/example_dags/example_xcomargs.py took 0.083 seconds
[2025-02-17T22:28:30.914-0700] {processor.py:157} INFO - Started process (PID=154935) to work on /home/jparep/miniconda3/envs/dbt-env/lib/python3.11/site-packages/airflow/example_dags/example_xcomargs.py
[2025-02-17T22:28:30.917-0700] {processor.py:829} INFO - Processing file /home/jparep/miniconda3/envs/dbt-env/lib/python3.11/site-packages/airflow/example_dags/example_xcomargs.py for tasks to queue
[2025-02-17T22:28:30.918-0700] {logging_mixin.py:154} INFO - [2025-02-17T22:28:30.918-0700] {dagbag.py:536} INFO - Filling up the DagBag from /home/jparep/miniconda3/envs/dbt-env/lib/python3.11/site-packages/airflow/example_dags/example_xcomargs.py
[2025-02-17T22:28:30.934-0700] {processor.py:839} INFO - DAG(s) dict_keys(['example_xcom_args_with_operators', 'example_xcom_args']) retrieved from /home/jparep/miniconda3/envs/dbt-env/lib/python3.11/site-packages/airflow/example_dags/example_xcomargs.py
[2025-02-17T22:28:30.964-0700] {logging_mixin.py:154} INFO - [2025-02-17T22:28:30.964-0700] {dag.py:2941} INFO - Sync 2 DAGs
[2025-02-17T22:28:30.980-0700] {logging_mixin.py:154} INFO - [2025-02-17T22:28:30.980-0700] {dag.py:3722} INFO - Setting next_dagrun for example_xcom_args to None, run_after=None
[2025-02-17T22:28:30.983-0700] {logging_mixin.py:154} INFO - [2025-02-17T22:28:30.983-0700] {dag.py:3722} INFO - Setting next_dagrun for example_xcom_args_with_operators to None, run_after=None
[2025-02-17T22:28:31.001-0700] {processor.py:179} INFO - Processing /home/jparep/miniconda3/envs/dbt-env/lib/python3.11/site-packages/airflow/example_dags/example_xcomargs.py took 0.093 seconds
[2025-02-17T22:29:30.973-0700] {processor.py:157} INFO - Started process (PID=155363) to work on /home/jparep/miniconda3/envs/dbt-env/lib/python3.11/site-packages/airflow/example_dags/example_xcomargs.py
[2025-02-17T22:29:30.977-0700] {processor.py:829} INFO - Processing file /home/jparep/miniconda3/envs/dbt-env/lib/python3.11/site-packages/airflow/example_dags/example_xcomargs.py for tasks to queue
[2025-02-17T22:29:30.978-0700] {logging_mixin.py:154} INFO - [2025-02-17T22:29:30.977-0700] {dagbag.py:536} INFO - Filling up the DagBag from /home/jparep/miniconda3/envs/dbt-env/lib/python3.11/site-packages/airflow/example_dags/example_xcomargs.py
[2025-02-17T22:29:30.996-0700] {processor.py:839} INFO - DAG(s) dict_keys(['example_xcom_args_with_operators', 'example_xcom_args']) retrieved from /home/jparep/miniconda3/envs/dbt-env/lib/python3.11/site-packages/airflow/example_dags/example_xcomargs.py
[2025-02-17T22:29:31.032-0700] {logging_mixin.py:154} INFO - [2025-02-17T22:29:31.032-0700] {dag.py:2941} INFO - Sync 2 DAGs
[2025-02-17T22:29:31.047-0700] {logging_mixin.py:154} INFO - [2025-02-17T22:29:31.047-0700] {dag.py:3722} INFO - Setting next_dagrun for example_xcom_args to None, run_after=None
[2025-02-17T22:29:31.050-0700] {logging_mixin.py:154} INFO - [2025-02-17T22:29:31.050-0700] {dag.py:3722} INFO - Setting next_dagrun for example_xcom_args_with_operators to None, run_after=None
[2025-02-17T22:29:31.073-0700] {processor.py:179} INFO - Processing /home/jparep/miniconda3/envs/dbt-env/lib/python3.11/site-packages/airflow/example_dags/example_xcomargs.py took 0.104 seconds
[2025-02-17T22:30:13.910-0700] {processor.py:157} INFO - Started process (PID=155561) to work on /home/jparep/miniconda3/envs/dbt-env/lib/python3.11/site-packages/airflow/example_dags/example_xcomargs.py
[2025-02-17T22:30:13.912-0700] {processor.py:829} INFO - Processing file /home/jparep/miniconda3/envs/dbt-env/lib/python3.11/site-packages/airflow/example_dags/example_xcomargs.py for tasks to queue
[2025-02-17T22:30:13.914-0700] {logging_mixin.py:154} INFO - [2025-02-17T22:30:13.913-0700] {dagbag.py:536} INFO - Filling up the DagBag from /home/jparep/miniconda3/envs/dbt-env/lib/python3.11/site-packages/airflow/example_dags/example_xcomargs.py
[2025-02-17T22:30:13.926-0700] {processor.py:839} INFO - DAG(s) dict_keys(['example_xcom_args', 'example_xcom_args_with_operators']) retrieved from /home/jparep/miniconda3/envs/dbt-env/lib/python3.11/site-packages/airflow/example_dags/example_xcomargs.py
[2025-02-17T22:30:13.951-0700] {logging_mixin.py:154} INFO - [2025-02-17T22:30:13.951-0700] {dag.py:2941} INFO - Sync 2 DAGs
[2025-02-17T22:30:13.961-0700] {logging_mixin.py:154} INFO - [2025-02-17T22:30:13.961-0700] {dag.py:3722} INFO - Setting next_dagrun for example_xcom_args to None, run_after=None
[2025-02-17T22:30:13.965-0700] {logging_mixin.py:154} INFO - [2025-02-17T22:30:13.964-0700] {dag.py:3722} INFO - Setting next_dagrun for example_xcom_args_with_operators to None, run_after=None
[2025-02-17T22:30:13.984-0700] {processor.py:179} INFO - Processing /home/jparep/miniconda3/envs/dbt-env/lib/python3.11/site-packages/airflow/example_dags/example_xcomargs.py took 0.078 seconds
[2025-02-17T22:31:06.755-0700] {processor.py:157} INFO - Started process (PID=156088) to work on /home/jparep/miniconda3/envs/dbt-env/lib/python3.11/site-packages/airflow/example_dags/example_xcomargs.py
[2025-02-17T22:31:06.757-0700] {processor.py:829} INFO - Processing file /home/jparep/miniconda3/envs/dbt-env/lib/python3.11/site-packages/airflow/example_dags/example_xcomargs.py for tasks to queue
[2025-02-17T22:31:06.759-0700] {logging_mixin.py:154} INFO - [2025-02-17T22:31:06.758-0700] {dagbag.py:536} INFO - Filling up the DagBag from /home/jparep/miniconda3/envs/dbt-env/lib/python3.11/site-packages/airflow/example_dags/example_xcomargs.py
[2025-02-17T22:31:06.772-0700] {processor.py:839} INFO - DAG(s) dict_keys(['example_xcom_args', 'example_xcom_args_with_operators']) retrieved from /home/jparep/miniconda3/envs/dbt-env/lib/python3.11/site-packages/airflow/example_dags/example_xcomargs.py
[2025-02-17T22:31:06.795-0700] {logging_mixin.py:154} INFO - [2025-02-17T22:31:06.795-0700] {dag.py:2941} INFO - Sync 2 DAGs
[2025-02-17T22:31:06.805-0700] {logging_mixin.py:154} INFO - [2025-02-17T22:31:06.805-0700] {dag.py:3722} INFO - Setting next_dagrun for example_xcom_args to None, run_after=None
[2025-02-17T22:31:06.808-0700] {logging_mixin.py:154} INFO - [2025-02-17T22:31:06.808-0700] {dag.py:3722} INFO - Setting next_dagrun for example_xcom_args_with_operators to None, run_after=None
[2025-02-17T22:31:06.825-0700] {processor.py:179} INFO - Processing /home/jparep/miniconda3/envs/dbt-env/lib/python3.11/site-packages/airflow/example_dags/example_xcomargs.py took 0.076 seconds
[2025-02-17T22:32:02.776-0700] {processor.py:157} INFO - Started process (PID=156645) to work on /home/jparep/miniconda3/envs/dbt-env/lib/python3.11/site-packages/airflow/example_dags/example_xcomargs.py
[2025-02-17T22:32:02.779-0700] {processor.py:829} INFO - Processing file /home/jparep/miniconda3/envs/dbt-env/lib/python3.11/site-packages/airflow/example_dags/example_xcomargs.py for tasks to queue
[2025-02-17T22:32:02.780-0700] {logging_mixin.py:154} INFO - [2025-02-17T22:32:02.779-0700] {dagbag.py:536} INFO - Filling up the DagBag from /home/jparep/miniconda3/envs/dbt-env/lib/python3.11/site-packages/airflow/example_dags/example_xcomargs.py
[2025-02-17T22:32:02.793-0700] {processor.py:839} INFO - DAG(s) dict_keys(['example_xcom_args_with_operators', 'example_xcom_args']) retrieved from /home/jparep/miniconda3/envs/dbt-env/lib/python3.11/site-packages/airflow/example_dags/example_xcomargs.py
[2025-02-17T22:32:02.819-0700] {logging_mixin.py:154} INFO - [2025-02-17T22:32:02.819-0700] {dag.py:2941} INFO - Sync 2 DAGs
[2025-02-17T22:32:02.829-0700] {logging_mixin.py:154} INFO - [2025-02-17T22:32:02.829-0700] {dag.py:3722} INFO - Setting next_dagrun for example_xcom_args to None, run_after=None
[2025-02-17T22:32:02.831-0700] {logging_mixin.py:154} INFO - [2025-02-17T22:32:02.831-0700] {dag.py:3722} INFO - Setting next_dagrun for example_xcom_args_with_operators to None, run_after=None
[2025-02-17T22:32:02.850-0700] {processor.py:179} INFO - Processing /home/jparep/miniconda3/envs/dbt-env/lib/python3.11/site-packages/airflow/example_dags/example_xcomargs.py took 0.078 seconds
[2025-02-17T22:33:00.083-0700] {processor.py:157} INFO - Started process (PID=157038) to work on /home/jparep/miniconda3/envs/dbt-env/lib/python3.11/site-packages/airflow/example_dags/example_xcomargs.py
[2025-02-17T22:33:00.086-0700] {processor.py:829} INFO - Processing file /home/jparep/miniconda3/envs/dbt-env/lib/python3.11/site-packages/airflow/example_dags/example_xcomargs.py for tasks to queue
[2025-02-17T22:33:00.094-0700] {logging_mixin.py:154} INFO - [2025-02-17T22:33:00.093-0700] {dagbag.py:536} INFO - Filling up the DagBag from /home/jparep/miniconda3/envs/dbt-env/lib/python3.11/site-packages/airflow/example_dags/example_xcomargs.py
[2025-02-17T22:33:00.114-0700] {processor.py:839} INFO - DAG(s) dict_keys(['example_xcom_args_with_operators', 'example_xcom_args']) retrieved from /home/jparep/miniconda3/envs/dbt-env/lib/python3.11/site-packages/airflow/example_dags/example_xcomargs.py
[2025-02-17T22:33:00.144-0700] {logging_mixin.py:154} INFO - [2025-02-17T22:33:00.144-0700] {dag.py:2941} INFO - Sync 2 DAGs
[2025-02-17T22:33:00.157-0700] {logging_mixin.py:154} INFO - [2025-02-17T22:33:00.157-0700] {dag.py:3722} INFO - Setting next_dagrun for example_xcom_args to None, run_after=None
[2025-02-17T22:33:00.160-0700] {logging_mixin.py:154} INFO - [2025-02-17T22:33:00.160-0700] {dag.py:3722} INFO - Setting next_dagrun for example_xcom_args_with_operators to None, run_after=None
[2025-02-17T22:33:00.176-0700] {processor.py:179} INFO - Processing /home/jparep/miniconda3/envs/dbt-env/lib/python3.11/site-packages/airflow/example_dags/example_xcomargs.py took 0.098 seconds
[2025-02-17T22:33:42.847-0700] {processor.py:157} INFO - Started process (PID=157480) to work on /home/jparep/miniconda3/envs/dbt-env/lib/python3.11/site-packages/airflow/example_dags/example_xcomargs.py
[2025-02-17T22:33:42.849-0700] {processor.py:829} INFO - Processing file /home/jparep/miniconda3/envs/dbt-env/lib/python3.11/site-packages/airflow/example_dags/example_xcomargs.py for tasks to queue
[2025-02-17T22:33:42.850-0700] {logging_mixin.py:154} INFO - [2025-02-17T22:33:42.850-0700] {dagbag.py:536} INFO - Filling up the DagBag from /home/jparep/miniconda3/envs/dbt-env/lib/python3.11/site-packages/airflow/example_dags/example_xcomargs.py
[2025-02-17T22:33:42.858-0700] {processor.py:839} INFO - DAG(s) dict_keys(['example_xcom_args', 'example_xcom_args_with_operators']) retrieved from /home/jparep/miniconda3/envs/dbt-env/lib/python3.11/site-packages/airflow/example_dags/example_xcomargs.py
[2025-02-17T22:33:42.874-0700] {logging_mixin.py:154} INFO - [2025-02-17T22:33:42.874-0700] {dag.py:2941} INFO - Sync 2 DAGs
[2025-02-17T22:33:42.884-0700] {logging_mixin.py:154} INFO - [2025-02-17T22:33:42.884-0700] {dag.py:3722} INFO - Setting next_dagrun for example_xcom_args to None, run_after=None
[2025-02-17T22:33:42.888-0700] {logging_mixin.py:154} INFO - [2025-02-17T22:33:42.888-0700] {dag.py:3722} INFO - Setting next_dagrun for example_xcom_args_with_operators to None, run_after=None
[2025-02-17T22:33:42.915-0700] {processor.py:179} INFO - Processing /home/jparep/miniconda3/envs/dbt-env/lib/python3.11/site-packages/airflow/example_dags/example_xcomargs.py took 0.072 seconds
[2025-02-17T22:34:35.121-0700] {processor.py:157} INFO - Started process (PID=157701) to work on /home/jparep/miniconda3/envs/dbt-env/lib/python3.11/site-packages/airflow/example_dags/example_xcomargs.py
[2025-02-17T22:34:35.124-0700] {processor.py:829} INFO - Processing file /home/jparep/miniconda3/envs/dbt-env/lib/python3.11/site-packages/airflow/example_dags/example_xcomargs.py for tasks to queue
[2025-02-17T22:34:35.125-0700] {logging_mixin.py:154} INFO - [2025-02-17T22:34:35.125-0700] {dagbag.py:536} INFO - Filling up the DagBag from /home/jparep/miniconda3/envs/dbt-env/lib/python3.11/site-packages/airflow/example_dags/example_xcomargs.py
[2025-02-17T22:34:35.148-0700] {processor.py:839} INFO - DAG(s) dict_keys(['example_xcom_args_with_operators', 'example_xcom_args']) retrieved from /home/jparep/miniconda3/envs/dbt-env/lib/python3.11/site-packages/airflow/example_dags/example_xcomargs.py
[2025-02-17T22:34:35.181-0700] {logging_mixin.py:154} INFO - [2025-02-17T22:34:35.181-0700] {dag.py:2941} INFO - Sync 2 DAGs
[2025-02-17T22:34:35.193-0700] {logging_mixin.py:154} INFO - [2025-02-17T22:34:35.193-0700] {dag.py:3722} INFO - Setting next_dagrun for example_xcom_args to None, run_after=None
[2025-02-17T22:34:35.195-0700] {logging_mixin.py:154} INFO - [2025-02-17T22:34:35.195-0700] {dag.py:3722} INFO - Setting next_dagrun for example_xcom_args_with_operators to None, run_after=None
[2025-02-17T22:34:35.221-0700] {processor.py:179} INFO - Processing /home/jparep/miniconda3/envs/dbt-env/lib/python3.11/site-packages/airflow/example_dags/example_xcomargs.py took 0.107 seconds
[2025-02-17T22:35:28.008-0700] {processor.py:157} INFO - Started process (PID=158162) to work on /home/jparep/miniconda3/envs/dbt-env/lib/python3.11/site-packages/airflow/example_dags/example_xcomargs.py
[2025-02-17T22:35:28.011-0700] {processor.py:829} INFO - Processing file /home/jparep/miniconda3/envs/dbt-env/lib/python3.11/site-packages/airflow/example_dags/example_xcomargs.py for tasks to queue
[2025-02-17T22:35:28.012-0700] {logging_mixin.py:154} INFO - [2025-02-17T22:35:28.011-0700] {dagbag.py:536} INFO - Filling up the DagBag from /home/jparep/miniconda3/envs/dbt-env/lib/python3.11/site-packages/airflow/example_dags/example_xcomargs.py
[2025-02-17T22:35:28.025-0700] {processor.py:839} INFO - DAG(s) dict_keys(['example_xcom_args_with_operators', 'example_xcom_args']) retrieved from /home/jparep/miniconda3/envs/dbt-env/lib/python3.11/site-packages/airflow/example_dags/example_xcomargs.py
[2025-02-17T22:35:28.054-0700] {logging_mixin.py:154} INFO - [2025-02-17T22:35:28.054-0700] {dag.py:2941} INFO - Sync 2 DAGs
[2025-02-17T22:35:28.067-0700] {logging_mixin.py:154} INFO - [2025-02-17T22:35:28.067-0700] {dag.py:3722} INFO - Setting next_dagrun for example_xcom_args to None, run_after=None
[2025-02-17T22:35:28.069-0700] {logging_mixin.py:154} INFO - [2025-02-17T22:35:28.069-0700] {dag.py:3722} INFO - Setting next_dagrun for example_xcom_args_with_operators to None, run_after=None
[2025-02-17T22:35:28.086-0700] {processor.py:179} INFO - Processing /home/jparep/miniconda3/envs/dbt-env/lib/python3.11/site-packages/airflow/example_dags/example_xcomargs.py took 0.082 seconds
[2025-02-17T22:36:29.308-0700] {processor.py:157} INFO - Started process (PID=158723) to work on /home/jparep/miniconda3/envs/dbt-env/lib/python3.11/site-packages/airflow/example_dags/example_xcomargs.py
[2025-02-17T22:36:29.310-0700] {processor.py:829} INFO - Processing file /home/jparep/miniconda3/envs/dbt-env/lib/python3.11/site-packages/airflow/example_dags/example_xcomargs.py for tasks to queue
[2025-02-17T22:36:29.310-0700] {logging_mixin.py:154} INFO - [2025-02-17T22:36:29.310-0700] {dagbag.py:536} INFO - Filling up the DagBag from /home/jparep/miniconda3/envs/dbt-env/lib/python3.11/site-packages/airflow/example_dags/example_xcomargs.py
[2025-02-17T22:36:29.317-0700] {processor.py:839} INFO - DAG(s) dict_keys(['example_xcom_args_with_operators', 'example_xcom_args']) retrieved from /home/jparep/miniconda3/envs/dbt-env/lib/python3.11/site-packages/airflow/example_dags/example_xcomargs.py
[2025-02-17T22:36:29.331-0700] {logging_mixin.py:154} INFO - [2025-02-17T22:36:29.331-0700] {dag.py:2941} INFO - Sync 2 DAGs
[2025-02-17T22:36:29.340-0700] {logging_mixin.py:154} INFO - [2025-02-17T22:36:29.340-0700] {dag.py:3722} INFO - Setting next_dagrun for example_xcom_args to None, run_after=None
[2025-02-17T22:36:29.342-0700] {logging_mixin.py:154} INFO - [2025-02-17T22:36:29.342-0700] {dag.py:3722} INFO - Setting next_dagrun for example_xcom_args_with_operators to None, run_after=None
[2025-02-17T22:36:29.357-0700] {processor.py:179} INFO - Processing /home/jparep/miniconda3/envs/dbt-env/lib/python3.11/site-packages/airflow/example_dags/example_xcomargs.py took 0.052 seconds
[2025-02-17T22:37:28.728-0700] {processor.py:157} INFO - Started process (PID=159841) to work on /home/jparep/miniconda3/envs/dbt-env/lib/python3.11/site-packages/airflow/example_dags/example_xcomargs.py
[2025-02-17T22:37:28.731-0700] {processor.py:829} INFO - Processing file /home/jparep/miniconda3/envs/dbt-env/lib/python3.11/site-packages/airflow/example_dags/example_xcomargs.py for tasks to queue
[2025-02-17T22:37:28.732-0700] {logging_mixin.py:154} INFO - [2025-02-17T22:37:28.731-0700] {dagbag.py:536} INFO - Filling up the DagBag from /home/jparep/miniconda3/envs/dbt-env/lib/python3.11/site-packages/airflow/example_dags/example_xcomargs.py
[2025-02-17T22:37:28.744-0700] {processor.py:839} INFO - DAG(s) dict_keys(['example_xcom_args_with_operators', 'example_xcom_args']) retrieved from /home/jparep/miniconda3/envs/dbt-env/lib/python3.11/site-packages/airflow/example_dags/example_xcomargs.py
[2025-02-17T22:37:28.766-0700] {logging_mixin.py:154} INFO - [2025-02-17T22:37:28.765-0700] {dag.py:2941} INFO - Sync 2 DAGs
[2025-02-17T22:37:28.773-0700] {logging_mixin.py:154} INFO - [2025-02-17T22:37:28.773-0700] {dag.py:3722} INFO - Setting next_dagrun for example_xcom_args to None, run_after=None
[2025-02-17T22:37:28.775-0700] {logging_mixin.py:154} INFO - [2025-02-17T22:37:28.775-0700] {dag.py:3722} INFO - Setting next_dagrun for example_xcom_args_with_operators to None, run_after=None
[2025-02-17T22:37:28.794-0700] {processor.py:179} INFO - Processing /home/jparep/miniconda3/envs/dbt-env/lib/python3.11/site-packages/airflow/example_dags/example_xcomargs.py took 0.071 seconds
[2025-02-17T22:38:18.828-0700] {processor.py:157} INFO - Started process (PID=160532) to work on /home/jparep/miniconda3/envs/dbt-env/lib/python3.11/site-packages/airflow/example_dags/example_xcomargs.py
[2025-02-17T22:38:18.830-0700] {processor.py:829} INFO - Processing file /home/jparep/miniconda3/envs/dbt-env/lib/python3.11/site-packages/airflow/example_dags/example_xcomargs.py for tasks to queue
[2025-02-17T22:38:18.831-0700] {logging_mixin.py:154} INFO - [2025-02-17T22:38:18.831-0700] {dagbag.py:536} INFO - Filling up the DagBag from /home/jparep/miniconda3/envs/dbt-env/lib/python3.11/site-packages/airflow/example_dags/example_xcomargs.py
[2025-02-17T22:38:18.840-0700] {processor.py:839} INFO - DAG(s) dict_keys(['example_xcom_args_with_operators', 'example_xcom_args']) retrieved from /home/jparep/miniconda3/envs/dbt-env/lib/python3.11/site-packages/airflow/example_dags/example_xcomargs.py
[2025-02-17T22:38:18.856-0700] {logging_mixin.py:154} INFO - [2025-02-17T22:38:18.856-0700] {dag.py:2941} INFO - Sync 2 DAGs
[2025-02-17T22:38:18.865-0700] {logging_mixin.py:154} INFO - [2025-02-17T22:38:18.865-0700] {dag.py:3722} INFO - Setting next_dagrun for example_xcom_args to None, run_after=None
[2025-02-17T22:38:18.867-0700] {logging_mixin.py:154} INFO - [2025-02-17T22:38:18.867-0700] {dag.py:3722} INFO - Setting next_dagrun for example_xcom_args_with_operators to None, run_after=None
[2025-02-17T22:38:18.883-0700] {processor.py:179} INFO - Processing /home/jparep/miniconda3/envs/dbt-env/lib/python3.11/site-packages/airflow/example_dags/example_xcomargs.py took 0.060 seconds
[2025-02-17T22:39:12.917-0700] {processor.py:157} INFO - Started process (PID=161135) to work on /home/jparep/miniconda3/envs/dbt-env/lib/python3.11/site-packages/airflow/example_dags/example_xcomargs.py
[2025-02-17T22:39:12.919-0700] {processor.py:829} INFO - Processing file /home/jparep/miniconda3/envs/dbt-env/lib/python3.11/site-packages/airflow/example_dags/example_xcomargs.py for tasks to queue
[2025-02-17T22:39:12.920-0700] {logging_mixin.py:154} INFO - [2025-02-17T22:39:12.920-0700] {dagbag.py:536} INFO - Filling up the DagBag from /home/jparep/miniconda3/envs/dbt-env/lib/python3.11/site-packages/airflow/example_dags/example_xcomargs.py
[2025-02-17T22:39:12.929-0700] {processor.py:839} INFO - DAG(s) dict_keys(['example_xcom_args', 'example_xcom_args_with_operators']) retrieved from /home/jparep/miniconda3/envs/dbt-env/lib/python3.11/site-packages/airflow/example_dags/example_xcomargs.py
[2025-02-17T22:39:12.945-0700] {logging_mixin.py:154} INFO - [2025-02-17T22:39:12.945-0700] {dag.py:2941} INFO - Sync 2 DAGs
[2025-02-17T22:39:12.955-0700] {logging_mixin.py:154} INFO - [2025-02-17T22:39:12.954-0700] {dag.py:3722} INFO - Setting next_dagrun for example_xcom_args to None, run_after=None
[2025-02-17T22:39:12.957-0700] {logging_mixin.py:154} INFO - [2025-02-17T22:39:12.957-0700] {dag.py:3722} INFO - Setting next_dagrun for example_xcom_args_with_operators to None, run_after=None
[2025-02-17T22:39:12.974-0700] {processor.py:179} INFO - Processing /home/jparep/miniconda3/envs/dbt-env/lib/python3.11/site-packages/airflow/example_dags/example_xcomargs.py took 0.060 seconds
[2025-02-17T22:40:09.188-0700] {processor.py:157} INFO - Started process (PID=161548) to work on /home/jparep/miniconda3/envs/dbt-env/lib/python3.11/site-packages/airflow/example_dags/example_xcomargs.py
[2025-02-17T22:40:09.192-0700] {processor.py:829} INFO - Processing file /home/jparep/miniconda3/envs/dbt-env/lib/python3.11/site-packages/airflow/example_dags/example_xcomargs.py for tasks to queue
[2025-02-17T22:40:09.193-0700] {logging_mixin.py:154} INFO - [2025-02-17T22:40:09.193-0700] {dagbag.py:536} INFO - Filling up the DagBag from /home/jparep/miniconda3/envs/dbt-env/lib/python3.11/site-packages/airflow/example_dags/example_xcomargs.py
[2025-02-17T22:40:09.211-0700] {processor.py:839} INFO - DAG(s) dict_keys(['example_xcom_args', 'example_xcom_args_with_operators']) retrieved from /home/jparep/miniconda3/envs/dbt-env/lib/python3.11/site-packages/airflow/example_dags/example_xcomargs.py
[2025-02-17T22:40:09.248-0700] {logging_mixin.py:154} INFO - [2025-02-17T22:40:09.247-0700] {dag.py:2941} INFO - Sync 2 DAGs
[2025-02-17T22:40:09.263-0700] {logging_mixin.py:154} INFO - [2025-02-17T22:40:09.262-0700] {dag.py:3722} INFO - Setting next_dagrun for example_xcom_args to None, run_after=None
[2025-02-17T22:40:09.266-0700] {logging_mixin.py:154} INFO - [2025-02-17T22:40:09.265-0700] {dag.py:3722} INFO - Setting next_dagrun for example_xcom_args_with_operators to None, run_after=None
[2025-02-17T22:40:09.285-0700] {processor.py:179} INFO - Processing /home/jparep/miniconda3/envs/dbt-env/lib/python3.11/site-packages/airflow/example_dags/example_xcomargs.py took 0.103 seconds
[2025-02-17T22:41:05.775-0700] {processor.py:157} INFO - Started process (PID=161920) to work on /home/jparep/miniconda3/envs/dbt-env/lib/python3.11/site-packages/airflow/example_dags/example_xcomargs.py
[2025-02-17T22:41:05.778-0700] {processor.py:829} INFO - Processing file /home/jparep/miniconda3/envs/dbt-env/lib/python3.11/site-packages/airflow/example_dags/example_xcomargs.py for tasks to queue
[2025-02-17T22:41:05.780-0700] {logging_mixin.py:154} INFO - [2025-02-17T22:41:05.779-0700] {dagbag.py:536} INFO - Filling up the DagBag from /home/jparep/miniconda3/envs/dbt-env/lib/python3.11/site-packages/airflow/example_dags/example_xcomargs.py
[2025-02-17T22:41:05.794-0700] {processor.py:839} INFO - DAG(s) dict_keys(['example_xcom_args_with_operators', 'example_xcom_args']) retrieved from /home/jparep/miniconda3/envs/dbt-env/lib/python3.11/site-packages/airflow/example_dags/example_xcomargs.py
[2025-02-17T22:41:05.822-0700] {logging_mixin.py:154} INFO - [2025-02-17T22:41:05.822-0700] {dag.py:2941} INFO - Sync 2 DAGs
[2025-02-17T22:41:05.833-0700] {logging_mixin.py:154} INFO - [2025-02-17T22:41:05.833-0700] {dag.py:3722} INFO - Setting next_dagrun for example_xcom_args to None, run_after=None
[2025-02-17T22:41:05.838-0700] {logging_mixin.py:154} INFO - [2025-02-17T22:41:05.837-0700] {dag.py:3722} INFO - Setting next_dagrun for example_xcom_args_with_operators to None, run_after=None
[2025-02-17T22:41:05.859-0700] {processor.py:179} INFO - Processing /home/jparep/miniconda3/envs/dbt-env/lib/python3.11/site-packages/airflow/example_dags/example_xcomargs.py took 0.088 seconds
