[2025-02-17T22:16:09.738-0700] {processor.py:157} INFO - Started process (PID=148515) to work on /home/jparep/miniconda3/envs/dbt-env/lib/python3.11/site-packages/airflow/example_dags/example_params_trigger_ui.py
[2025-02-17T22:16:09.739-0700] {processor.py:829} INFO - Processing file /home/jparep/miniconda3/envs/dbt-env/lib/python3.11/site-packages/airflow/example_dags/example_params_trigger_ui.py for tasks to queue
[2025-02-17T22:16:09.740-0700] {logging_mixin.py:154} INFO - [2025-02-17T22:16:09.739-0700] {dagbag.py:536} INFO - Filling up the DagBag from /home/jparep/miniconda3/envs/dbt-env/lib/python3.11/site-packages/airflow/example_dags/example_params_trigger_ui.py
[2025-02-17T22:16:09.763-0700] {processor.py:839} INFO - DAG(s) dict_keys(['example_params_trigger_ui']) retrieved from /home/jparep/miniconda3/envs/dbt-env/lib/python3.11/site-packages/airflow/example_dags/example_params_trigger_ui.py
[2025-02-17T22:16:10.054-0700] {logging_mixin.py:154} INFO - [2025-02-17T22:16:10.053-0700] {manager.py:499} INFO - Created Permission View: %s
[2025-02-17T22:16:10.071-0700] {logging_mixin.py:154} INFO - [2025-02-17T22:16:10.070-0700] {manager.py:499} INFO - Created Permission View: %s
[2025-02-17T22:16:10.082-0700] {logging_mixin.py:154} INFO - [2025-02-17T22:16:10.081-0700] {manager.py:499} INFO - Created Permission View: %s
[2025-02-17T22:16:10.082-0700] {logging_mixin.py:154} INFO - [2025-02-17T22:16:10.082-0700] {dag.py:2941} INFO - Sync 1 DAGs
[2025-02-17T22:16:10.094-0700] {logging_mixin.py:154} INFO - [2025-02-17T22:16:10.094-0700] {dag.py:2963} INFO - Creating ORM DAG for example_params_trigger_ui
[2025-02-17T22:16:10.095-0700] {logging_mixin.py:154} INFO - [2025-02-17T22:16:10.095-0700] {dag.py:3722} INFO - Setting next_dagrun for example_params_trigger_ui to None, run_after=None
[2025-02-17T22:16:10.115-0700] {processor.py:179} INFO - Processing /home/jparep/miniconda3/envs/dbt-env/lib/python3.11/site-packages/airflow/example_dags/example_params_trigger_ui.py took 0.382 seconds
[2025-02-17T22:17:03.632-0700] {processor.py:157} INFO - Started process (PID=148900) to work on /home/jparep/miniconda3/envs/dbt-env/lib/python3.11/site-packages/airflow/example_dags/example_params_trigger_ui.py
[2025-02-17T22:17:03.636-0700] {processor.py:829} INFO - Processing file /home/jparep/miniconda3/envs/dbt-env/lib/python3.11/site-packages/airflow/example_dags/example_params_trigger_ui.py for tasks to queue
[2025-02-17T22:17:03.637-0700] {logging_mixin.py:154} INFO - [2025-02-17T22:17:03.637-0700] {dagbag.py:536} INFO - Filling up the DagBag from /home/jparep/miniconda3/envs/dbt-env/lib/python3.11/site-packages/airflow/example_dags/example_params_trigger_ui.py
[2025-02-17T22:17:03.651-0700] {processor.py:839} INFO - DAG(s) dict_keys(['example_params_trigger_ui']) retrieved from /home/jparep/miniconda3/envs/dbt-env/lib/python3.11/site-packages/airflow/example_dags/example_params_trigger_ui.py
[2025-02-17T22:17:03.789-0700] {logging_mixin.py:154} INFO - [2025-02-17T22:17:03.789-0700] {dag.py:2941} INFO - Sync 1 DAGs
[2025-02-17T22:17:03.805-0700] {logging_mixin.py:154} INFO - [2025-02-17T22:17:03.804-0700] {dag.py:3722} INFO - Setting next_dagrun for example_params_trigger_ui to None, run_after=None
[2025-02-17T22:17:03.834-0700] {processor.py:179} INFO - Processing /home/jparep/miniconda3/envs/dbt-env/lib/python3.11/site-packages/airflow/example_dags/example_params_trigger_ui.py took 0.206 seconds
[2025-02-17T22:17:57.774-0700] {processor.py:157} INFO - Started process (PID=149411) to work on /home/jparep/miniconda3/envs/dbt-env/lib/python3.11/site-packages/airflow/example_dags/example_params_trigger_ui.py
[2025-02-17T22:17:57.777-0700] {processor.py:829} INFO - Processing file /home/jparep/miniconda3/envs/dbt-env/lib/python3.11/site-packages/airflow/example_dags/example_params_trigger_ui.py for tasks to queue
[2025-02-17T22:17:57.779-0700] {logging_mixin.py:154} INFO - [2025-02-17T22:17:57.778-0700] {dagbag.py:536} INFO - Filling up the DagBag from /home/jparep/miniconda3/envs/dbt-env/lib/python3.11/site-packages/airflow/example_dags/example_params_trigger_ui.py
[2025-02-17T22:17:57.827-0700] {processor.py:839} INFO - DAG(s) dict_keys(['example_params_trigger_ui']) retrieved from /home/jparep/miniconda3/envs/dbt-env/lib/python3.11/site-packages/airflow/example_dags/example_params_trigger_ui.py
[2025-02-17T22:17:57.878-0700] {logging_mixin.py:154} INFO - [2025-02-17T22:17:57.877-0700] {dag.py:2941} INFO - Sync 1 DAGs
[2025-02-17T22:17:57.900-0700] {logging_mixin.py:154} INFO - [2025-02-17T22:17:57.899-0700] {dag.py:3722} INFO - Setting next_dagrun for example_params_trigger_ui to None, run_after=None
[2025-02-17T22:17:57.937-0700] {processor.py:179} INFO - Processing /home/jparep/miniconda3/envs/dbt-env/lib/python3.11/site-packages/airflow/example_dags/example_params_trigger_ui.py took 0.170 seconds
[2025-02-17T22:18:41.196-0700] {processor.py:157} INFO - Started process (PID=149856) to work on /home/jparep/miniconda3/envs/dbt-env/lib/python3.11/site-packages/airflow/example_dags/example_params_trigger_ui.py
[2025-02-17T22:18:41.197-0700] {processor.py:829} INFO - Processing file /home/jparep/miniconda3/envs/dbt-env/lib/python3.11/site-packages/airflow/example_dags/example_params_trigger_ui.py for tasks to queue
[2025-02-17T22:18:41.198-0700] {logging_mixin.py:154} INFO - [2025-02-17T22:18:41.198-0700] {dagbag.py:536} INFO - Filling up the DagBag from /home/jparep/miniconda3/envs/dbt-env/lib/python3.11/site-packages/airflow/example_dags/example_params_trigger_ui.py
[2025-02-17T22:18:41.214-0700] {processor.py:839} INFO - DAG(s) dict_keys(['example_params_trigger_ui']) retrieved from /home/jparep/miniconda3/envs/dbt-env/lib/python3.11/site-packages/airflow/example_dags/example_params_trigger_ui.py
[2025-02-17T22:18:41.246-0700] {logging_mixin.py:154} INFO - [2025-02-17T22:18:41.245-0700] {dag.py:2941} INFO - Sync 1 DAGs
[2025-02-17T22:18:41.253-0700] {logging_mixin.py:154} INFO - [2025-02-17T22:18:41.253-0700] {dag.py:3722} INFO - Setting next_dagrun for example_params_trigger_ui to None, run_after=None
[2025-02-17T22:18:41.270-0700] {processor.py:179} INFO - Processing /home/jparep/miniconda3/envs/dbt-env/lib/python3.11/site-packages/airflow/example_dags/example_params_trigger_ui.py took 0.077 seconds
[2025-02-17T22:19:36.883-0700] {processor.py:157} INFO - Started process (PID=150382) to work on /home/jparep/miniconda3/envs/dbt-env/lib/python3.11/site-packages/airflow/example_dags/example_params_trigger_ui.py
[2025-02-17T22:19:36.885-0700] {processor.py:829} INFO - Processing file /home/jparep/miniconda3/envs/dbt-env/lib/python3.11/site-packages/airflow/example_dags/example_params_trigger_ui.py for tasks to queue
[2025-02-17T22:19:36.886-0700] {logging_mixin.py:154} INFO - [2025-02-17T22:19:36.885-0700] {dagbag.py:536} INFO - Filling up the DagBag from /home/jparep/miniconda3/envs/dbt-env/lib/python3.11/site-packages/airflow/example_dags/example_params_trigger_ui.py
[2025-02-17T22:19:36.911-0700] {processor.py:839} INFO - DAG(s) dict_keys(['example_params_trigger_ui']) retrieved from /home/jparep/miniconda3/envs/dbt-env/lib/python3.11/site-packages/airflow/example_dags/example_params_trigger_ui.py
[2025-02-17T22:19:36.950-0700] {logging_mixin.py:154} INFO - [2025-02-17T22:19:36.949-0700] {dag.py:2941} INFO - Sync 1 DAGs
[2025-02-17T22:19:36.959-0700] {logging_mixin.py:154} INFO - [2025-02-17T22:19:36.959-0700] {dag.py:3722} INFO - Setting next_dagrun for example_params_trigger_ui to None, run_after=None
[2025-02-17T22:19:36.979-0700] {processor.py:179} INFO - Processing /home/jparep/miniconda3/envs/dbt-env/lib/python3.11/site-packages/airflow/example_dags/example_params_trigger_ui.py took 0.100 seconds
[2025-02-17T22:20:37.305-0700] {processor.py:157} INFO - Started process (PID=150763) to work on /home/jparep/miniconda3/envs/dbt-env/lib/python3.11/site-packages/airflow/example_dags/example_params_trigger_ui.py
[2025-02-17T22:20:37.308-0700] {processor.py:829} INFO - Processing file /home/jparep/miniconda3/envs/dbt-env/lib/python3.11/site-packages/airflow/example_dags/example_params_trigger_ui.py for tasks to queue
[2025-02-17T22:20:37.310-0700] {logging_mixin.py:154} INFO - [2025-02-17T22:20:37.309-0700] {dagbag.py:536} INFO - Filling up the DagBag from /home/jparep/miniconda3/envs/dbt-env/lib/python3.11/site-packages/airflow/example_dags/example_params_trigger_ui.py
[2025-02-17T22:20:37.333-0700] {processor.py:839} INFO - DAG(s) dict_keys(['example_params_trigger_ui']) retrieved from /home/jparep/miniconda3/envs/dbt-env/lib/python3.11/site-packages/airflow/example_dags/example_params_trigger_ui.py
[2025-02-17T22:20:37.368-0700] {logging_mixin.py:154} INFO - [2025-02-17T22:20:37.368-0700] {dag.py:2941} INFO - Sync 1 DAGs
[2025-02-17T22:20:37.377-0700] {logging_mixin.py:154} INFO - [2025-02-17T22:20:37.377-0700] {dag.py:3722} INFO - Setting next_dagrun for example_params_trigger_ui to None, run_after=None
[2025-02-17T22:20:37.397-0700] {processor.py:179} INFO - Processing /home/jparep/miniconda3/envs/dbt-env/lib/python3.11/site-packages/airflow/example_dags/example_params_trigger_ui.py took 0.096 seconds
[2025-02-17T22:21:30.864-0700] {processor.py:157} INFO - Started process (PID=151291) to work on /home/jparep/miniconda3/envs/dbt-env/lib/python3.11/site-packages/airflow/example_dags/example_params_trigger_ui.py
[2025-02-17T22:21:30.867-0700] {processor.py:829} INFO - Processing file /home/jparep/miniconda3/envs/dbt-env/lib/python3.11/site-packages/airflow/example_dags/example_params_trigger_ui.py for tasks to queue
[2025-02-17T22:21:30.868-0700] {logging_mixin.py:154} INFO - [2025-02-17T22:21:30.867-0700] {dagbag.py:536} INFO - Filling up the DagBag from /home/jparep/miniconda3/envs/dbt-env/lib/python3.11/site-packages/airflow/example_dags/example_params_trigger_ui.py
[2025-02-17T22:21:30.894-0700] {processor.py:839} INFO - DAG(s) dict_keys(['example_params_trigger_ui']) retrieved from /home/jparep/miniconda3/envs/dbt-env/lib/python3.11/site-packages/airflow/example_dags/example_params_trigger_ui.py
[2025-02-17T22:21:30.929-0700] {logging_mixin.py:154} INFO - [2025-02-17T22:21:30.929-0700] {dag.py:2941} INFO - Sync 1 DAGs
[2025-02-17T22:21:30.939-0700] {logging_mixin.py:154} INFO - [2025-02-17T22:21:30.939-0700] {dag.py:3722} INFO - Setting next_dagrun for example_params_trigger_ui to None, run_after=None
[2025-02-17T22:21:30.965-0700] {processor.py:179} INFO - Processing /home/jparep/miniconda3/envs/dbt-env/lib/python3.11/site-packages/airflow/example_dags/example_params_trigger_ui.py took 0.105 seconds
[2025-02-17T22:22:23.330-0700] {processor.py:157} INFO - Started process (PID=151693) to work on /home/jparep/miniconda3/envs/dbt-env/lib/python3.11/site-packages/airflow/example_dags/example_params_trigger_ui.py
[2025-02-17T22:22:23.333-0700] {processor.py:829} INFO - Processing file /home/jparep/miniconda3/envs/dbt-env/lib/python3.11/site-packages/airflow/example_dags/example_params_trigger_ui.py for tasks to queue
[2025-02-17T22:22:23.334-0700] {logging_mixin.py:154} INFO - [2025-02-17T22:22:23.334-0700] {dagbag.py:536} INFO - Filling up the DagBag from /home/jparep/miniconda3/envs/dbt-env/lib/python3.11/site-packages/airflow/example_dags/example_params_trigger_ui.py
[2025-02-17T22:22:23.360-0700] {processor.py:839} INFO - DAG(s) dict_keys(['example_params_trigger_ui']) retrieved from /home/jparep/miniconda3/envs/dbt-env/lib/python3.11/site-packages/airflow/example_dags/example_params_trigger_ui.py
[2025-02-17T22:22:23.400-0700] {logging_mixin.py:154} INFO - [2025-02-17T22:22:23.399-0700] {dag.py:2941} INFO - Sync 1 DAGs
[2025-02-17T22:22:23.411-0700] {logging_mixin.py:154} INFO - [2025-02-17T22:22:23.411-0700] {dag.py:3722} INFO - Setting next_dagrun for example_params_trigger_ui to None, run_after=None
[2025-02-17T22:22:23.430-0700] {processor.py:179} INFO - Processing /home/jparep/miniconda3/envs/dbt-env/lib/python3.11/site-packages/airflow/example_dags/example_params_trigger_ui.py took 0.104 seconds
[2025-02-17T22:23:14.997-0700] {processor.py:157} INFO - Started process (PID=152103) to work on /home/jparep/miniconda3/envs/dbt-env/lib/python3.11/site-packages/airflow/example_dags/example_params_trigger_ui.py
[2025-02-17T22:23:15.000-0700] {processor.py:829} INFO - Processing file /home/jparep/miniconda3/envs/dbt-env/lib/python3.11/site-packages/airflow/example_dags/example_params_trigger_ui.py for tasks to queue
[2025-02-17T22:23:15.001-0700] {logging_mixin.py:154} INFO - [2025-02-17T22:23:15.001-0700] {dagbag.py:536} INFO - Filling up the DagBag from /home/jparep/miniconda3/envs/dbt-env/lib/python3.11/site-packages/airflow/example_dags/example_params_trigger_ui.py
[2025-02-17T22:23:15.024-0700] {processor.py:839} INFO - DAG(s) dict_keys(['example_params_trigger_ui']) retrieved from /home/jparep/miniconda3/envs/dbt-env/lib/python3.11/site-packages/airflow/example_dags/example_params_trigger_ui.py
[2025-02-17T22:23:15.060-0700] {logging_mixin.py:154} INFO - [2025-02-17T22:23:15.060-0700] {dag.py:2941} INFO - Sync 1 DAGs
[2025-02-17T22:23:15.071-0700] {logging_mixin.py:154} INFO - [2025-02-17T22:23:15.070-0700] {dag.py:3722} INFO - Setting next_dagrun for example_params_trigger_ui to None, run_after=None
[2025-02-17T22:23:15.092-0700] {processor.py:179} INFO - Processing /home/jparep/miniconda3/envs/dbt-env/lib/python3.11/site-packages/airflow/example_dags/example_params_trigger_ui.py took 0.100 seconds
[2025-02-17T22:24:11.325-0700] {processor.py:157} INFO - Started process (PID=152633) to work on /home/jparep/miniconda3/envs/dbt-env/lib/python3.11/site-packages/airflow/example_dags/example_params_trigger_ui.py
[2025-02-17T22:24:11.328-0700] {processor.py:829} INFO - Processing file /home/jparep/miniconda3/envs/dbt-env/lib/python3.11/site-packages/airflow/example_dags/example_params_trigger_ui.py for tasks to queue
[2025-02-17T22:24:11.328-0700] {logging_mixin.py:154} INFO - [2025-02-17T22:24:11.328-0700] {dagbag.py:536} INFO - Filling up the DagBag from /home/jparep/miniconda3/envs/dbt-env/lib/python3.11/site-packages/airflow/example_dags/example_params_trigger_ui.py
[2025-02-17T22:24:11.345-0700] {processor.py:839} INFO - DAG(s) dict_keys(['example_params_trigger_ui']) retrieved from /home/jparep/miniconda3/envs/dbt-env/lib/python3.11/site-packages/airflow/example_dags/example_params_trigger_ui.py
[2025-02-17T22:24:11.383-0700] {logging_mixin.py:154} INFO - [2025-02-17T22:24:11.382-0700] {dag.py:2941} INFO - Sync 1 DAGs
[2025-02-17T22:24:11.396-0700] {logging_mixin.py:154} INFO - [2025-02-17T22:24:11.396-0700] {dag.py:3722} INFO - Setting next_dagrun for example_params_trigger_ui to None, run_after=None
[2025-02-17T22:24:11.424-0700] {processor.py:179} INFO - Processing /home/jparep/miniconda3/envs/dbt-env/lib/python3.11/site-packages/airflow/example_dags/example_params_trigger_ui.py took 0.102 seconds
[2025-02-17T22:25:02.432-0700] {processor.py:157} INFO - Started process (PID=153142) to work on /home/jparep/miniconda3/envs/dbt-env/lib/python3.11/site-packages/airflow/example_dags/example_params_trigger_ui.py
[2025-02-17T22:25:02.436-0700] {processor.py:829} INFO - Processing file /home/jparep/miniconda3/envs/dbt-env/lib/python3.11/site-packages/airflow/example_dags/example_params_trigger_ui.py for tasks to queue
[2025-02-17T22:25:02.437-0700] {logging_mixin.py:154} INFO - [2025-02-17T22:25:02.436-0700] {dagbag.py:536} INFO - Filling up the DagBag from /home/jparep/miniconda3/envs/dbt-env/lib/python3.11/site-packages/airflow/example_dags/example_params_trigger_ui.py
[2025-02-17T22:25:02.462-0700] {processor.py:839} INFO - DAG(s) dict_keys(['example_params_trigger_ui']) retrieved from /home/jparep/miniconda3/envs/dbt-env/lib/python3.11/site-packages/airflow/example_dags/example_params_trigger_ui.py
[2025-02-17T22:25:02.504-0700] {logging_mixin.py:154} INFO - [2025-02-17T22:25:02.504-0700] {dag.py:2941} INFO - Sync 1 DAGs
[2025-02-17T22:25:02.518-0700] {logging_mixin.py:154} INFO - [2025-02-17T22:25:02.517-0700] {dag.py:3722} INFO - Setting next_dagrun for example_params_trigger_ui to None, run_after=None
[2025-02-17T22:25:02.548-0700] {processor.py:179} INFO - Processing /home/jparep/miniconda3/envs/dbt-env/lib/python3.11/site-packages/airflow/example_dags/example_params_trigger_ui.py took 0.120 seconds
[2025-02-17T22:25:49.550-0700] {processor.py:157} INFO - Started process (PID=153432) to work on /home/jparep/miniconda3/envs/dbt-env/lib/python3.11/site-packages/airflow/example_dags/example_params_trigger_ui.py
[2025-02-17T22:25:49.551-0700] {processor.py:829} INFO - Processing file /home/jparep/miniconda3/envs/dbt-env/lib/python3.11/site-packages/airflow/example_dags/example_params_trigger_ui.py for tasks to queue
[2025-02-17T22:25:49.552-0700] {logging_mixin.py:154} INFO - [2025-02-17T22:25:49.552-0700] {dagbag.py:536} INFO - Filling up the DagBag from /home/jparep/miniconda3/envs/dbt-env/lib/python3.11/site-packages/airflow/example_dags/example_params_trigger_ui.py
[2025-02-17T22:25:49.576-0700] {processor.py:839} INFO - DAG(s) dict_keys(['example_params_trigger_ui']) retrieved from /home/jparep/miniconda3/envs/dbt-env/lib/python3.11/site-packages/airflow/example_dags/example_params_trigger_ui.py
[2025-02-17T22:25:49.611-0700] {logging_mixin.py:154} INFO - [2025-02-17T22:25:49.611-0700] {dag.py:2941} INFO - Sync 1 DAGs
[2025-02-17T22:25:49.621-0700] {logging_mixin.py:154} INFO - [2025-02-17T22:25:49.620-0700] {dag.py:3722} INFO - Setting next_dagrun for example_params_trigger_ui to None, run_after=None
[2025-02-17T22:25:49.643-0700] {processor.py:179} INFO - Processing /home/jparep/miniconda3/envs/dbt-env/lib/python3.11/site-packages/airflow/example_dags/example_params_trigger_ui.py took 0.097 seconds
[2025-02-17T22:26:39.964-0700] {processor.py:157} INFO - Started process (PID=153939) to work on /home/jparep/miniconda3/envs/dbt-env/lib/python3.11/site-packages/airflow/example_dags/example_params_trigger_ui.py
[2025-02-17T22:26:39.966-0700] {processor.py:829} INFO - Processing file /home/jparep/miniconda3/envs/dbt-env/lib/python3.11/site-packages/airflow/example_dags/example_params_trigger_ui.py for tasks to queue
[2025-02-17T22:26:39.967-0700] {logging_mixin.py:154} INFO - [2025-02-17T22:26:39.967-0700] {dagbag.py:536} INFO - Filling up the DagBag from /home/jparep/miniconda3/envs/dbt-env/lib/python3.11/site-packages/airflow/example_dags/example_params_trigger_ui.py
[2025-02-17T22:26:39.991-0700] {processor.py:839} INFO - DAG(s) dict_keys(['example_params_trigger_ui']) retrieved from /home/jparep/miniconda3/envs/dbt-env/lib/python3.11/site-packages/airflow/example_dags/example_params_trigger_ui.py
[2025-02-17T22:26:40.034-0700] {logging_mixin.py:154} INFO - [2025-02-17T22:26:40.033-0700] {dag.py:2941} INFO - Sync 1 DAGs
[2025-02-17T22:26:40.047-0700] {logging_mixin.py:154} INFO - [2025-02-17T22:26:40.047-0700] {dag.py:3722} INFO - Setting next_dagrun for example_params_trigger_ui to None, run_after=None
[2025-02-17T22:26:40.071-0700] {processor.py:179} INFO - Processing /home/jparep/miniconda3/envs/dbt-env/lib/python3.11/site-packages/airflow/example_dags/example_params_trigger_ui.py took 0.111 seconds
[2025-02-17T22:27:35.262-0700] {processor.py:157} INFO - Started process (PID=154457) to work on /home/jparep/miniconda3/envs/dbt-env/lib/python3.11/site-packages/airflow/example_dags/example_params_trigger_ui.py
[2025-02-17T22:27:35.263-0700] {processor.py:829} INFO - Processing file /home/jparep/miniconda3/envs/dbt-env/lib/python3.11/site-packages/airflow/example_dags/example_params_trigger_ui.py for tasks to queue
[2025-02-17T22:27:35.264-0700] {logging_mixin.py:154} INFO - [2025-02-17T22:27:35.264-0700] {dagbag.py:536} INFO - Filling up the DagBag from /home/jparep/miniconda3/envs/dbt-env/lib/python3.11/site-packages/airflow/example_dags/example_params_trigger_ui.py
[2025-02-17T22:27:35.288-0700] {processor.py:839} INFO - DAG(s) dict_keys(['example_params_trigger_ui']) retrieved from /home/jparep/miniconda3/envs/dbt-env/lib/python3.11/site-packages/airflow/example_dags/example_params_trigger_ui.py
[2025-02-17T22:27:35.331-0700] {logging_mixin.py:154} INFO - [2025-02-17T22:27:35.331-0700] {dag.py:2941} INFO - Sync 1 DAGs
[2025-02-17T22:27:35.345-0700] {logging_mixin.py:154} INFO - [2025-02-17T22:27:35.344-0700] {dag.py:3722} INFO - Setting next_dagrun for example_params_trigger_ui to None, run_after=None
[2025-02-17T22:27:35.372-0700] {processor.py:179} INFO - Processing /home/jparep/miniconda3/envs/dbt-env/lib/python3.11/site-packages/airflow/example_dags/example_params_trigger_ui.py took 0.115 seconds
[2025-02-17T22:28:29.668-0700] {processor.py:157} INFO - Started process (PID=154928) to work on /home/jparep/miniconda3/envs/dbt-env/lib/python3.11/site-packages/airflow/example_dags/example_params_trigger_ui.py
[2025-02-17T22:28:29.670-0700] {processor.py:829} INFO - Processing file /home/jparep/miniconda3/envs/dbt-env/lib/python3.11/site-packages/airflow/example_dags/example_params_trigger_ui.py for tasks to queue
[2025-02-17T22:28:29.672-0700] {logging_mixin.py:154} INFO - [2025-02-17T22:28:29.671-0700] {dagbag.py:536} INFO - Filling up the DagBag from /home/jparep/miniconda3/envs/dbt-env/lib/python3.11/site-packages/airflow/example_dags/example_params_trigger_ui.py
[2025-02-17T22:28:29.705-0700] {processor.py:839} INFO - DAG(s) dict_keys(['example_params_trigger_ui']) retrieved from /home/jparep/miniconda3/envs/dbt-env/lib/python3.11/site-packages/airflow/example_dags/example_params_trigger_ui.py
[2025-02-17T22:28:29.754-0700] {logging_mixin.py:154} INFO - [2025-02-17T22:28:29.754-0700] {dag.py:2941} INFO - Sync 1 DAGs
[2025-02-17T22:28:29.767-0700] {logging_mixin.py:154} INFO - [2025-02-17T22:28:29.767-0700] {dag.py:3722} INFO - Setting next_dagrun for example_params_trigger_ui to None, run_after=None
[2025-02-17T22:28:29.799-0700] {processor.py:179} INFO - Processing /home/jparep/miniconda3/envs/dbt-env/lib/python3.11/site-packages/airflow/example_dags/example_params_trigger_ui.py took 0.137 seconds
[2025-02-17T22:29:29.730-0700] {processor.py:157} INFO - Started process (PID=155339) to work on /home/jparep/miniconda3/envs/dbt-env/lib/python3.11/site-packages/airflow/example_dags/example_params_trigger_ui.py
[2025-02-17T22:29:29.733-0700] {processor.py:829} INFO - Processing file /home/jparep/miniconda3/envs/dbt-env/lib/python3.11/site-packages/airflow/example_dags/example_params_trigger_ui.py for tasks to queue
[2025-02-17T22:29:29.735-0700] {logging_mixin.py:154} INFO - [2025-02-17T22:29:29.734-0700] {dagbag.py:536} INFO - Filling up the DagBag from /home/jparep/miniconda3/envs/dbt-env/lib/python3.11/site-packages/airflow/example_dags/example_params_trigger_ui.py
[2025-02-17T22:29:29.761-0700] {processor.py:839} INFO - DAG(s) dict_keys(['example_params_trigger_ui']) retrieved from /home/jparep/miniconda3/envs/dbt-env/lib/python3.11/site-packages/airflow/example_dags/example_params_trigger_ui.py
[2025-02-17T22:29:29.806-0700] {logging_mixin.py:154} INFO - [2025-02-17T22:29:29.806-0700] {dag.py:2941} INFO - Sync 1 DAGs
[2025-02-17T22:29:29.816-0700] {logging_mixin.py:154} INFO - [2025-02-17T22:29:29.816-0700] {dag.py:3722} INFO - Setting next_dagrun for example_params_trigger_ui to None, run_after=None
[2025-02-17T22:29:29.838-0700] {processor.py:179} INFO - Processing /home/jparep/miniconda3/envs/dbt-env/lib/python3.11/site-packages/airflow/example_dags/example_params_trigger_ui.py took 0.113 seconds
[2025-02-17T22:30:12.757-0700] {processor.py:157} INFO - Started process (PID=155554) to work on /home/jparep/miniconda3/envs/dbt-env/lib/python3.11/site-packages/airflow/example_dags/example_params_trigger_ui.py
[2025-02-17T22:30:12.760-0700] {processor.py:829} INFO - Processing file /home/jparep/miniconda3/envs/dbt-env/lib/python3.11/site-packages/airflow/example_dags/example_params_trigger_ui.py for tasks to queue
[2025-02-17T22:30:12.761-0700] {logging_mixin.py:154} INFO - [2025-02-17T22:30:12.760-0700] {dagbag.py:536} INFO - Filling up the DagBag from /home/jparep/miniconda3/envs/dbt-env/lib/python3.11/site-packages/airflow/example_dags/example_params_trigger_ui.py
[2025-02-17T22:30:12.783-0700] {processor.py:839} INFO - DAG(s) dict_keys(['example_params_trigger_ui']) retrieved from /home/jparep/miniconda3/envs/dbt-env/lib/python3.11/site-packages/airflow/example_dags/example_params_trigger_ui.py
[2025-02-17T22:30:12.810-0700] {logging_mixin.py:154} INFO - [2025-02-17T22:30:12.810-0700] {dag.py:2941} INFO - Sync 1 DAGs
[2025-02-17T22:30:12.818-0700] {logging_mixin.py:154} INFO - [2025-02-17T22:30:12.818-0700] {dag.py:3722} INFO - Setting next_dagrun for example_params_trigger_ui to None, run_after=None
[2025-02-17T22:30:12.836-0700] {processor.py:179} INFO - Processing /home/jparep/miniconda3/envs/dbt-env/lib/python3.11/site-packages/airflow/example_dags/example_params_trigger_ui.py took 0.083 seconds
[2025-02-17T22:31:05.611-0700] {processor.py:157} INFO - Started process (PID=156081) to work on /home/jparep/miniconda3/envs/dbt-env/lib/python3.11/site-packages/airflow/example_dags/example_params_trigger_ui.py
[2025-02-17T22:31:05.614-0700] {processor.py:829} INFO - Processing file /home/jparep/miniconda3/envs/dbt-env/lib/python3.11/site-packages/airflow/example_dags/example_params_trigger_ui.py for tasks to queue
[2025-02-17T22:31:05.615-0700] {logging_mixin.py:154} INFO - [2025-02-17T22:31:05.614-0700] {dagbag.py:536} INFO - Filling up the DagBag from /home/jparep/miniconda3/envs/dbt-env/lib/python3.11/site-packages/airflow/example_dags/example_params_trigger_ui.py
[2025-02-17T22:31:05.632-0700] {processor.py:839} INFO - DAG(s) dict_keys(['example_params_trigger_ui']) retrieved from /home/jparep/miniconda3/envs/dbt-env/lib/python3.11/site-packages/airflow/example_dags/example_params_trigger_ui.py
[2025-02-17T22:31:05.668-0700] {logging_mixin.py:154} INFO - [2025-02-17T22:31:05.668-0700] {dag.py:2941} INFO - Sync 1 DAGs
[2025-02-17T22:31:05.678-0700] {logging_mixin.py:154} INFO - [2025-02-17T22:31:05.677-0700] {dag.py:3722} INFO - Setting next_dagrun for example_params_trigger_ui to None, run_after=None
[2025-02-17T22:31:05.696-0700] {processor.py:179} INFO - Processing /home/jparep/miniconda3/envs/dbt-env/lib/python3.11/site-packages/airflow/example_dags/example_params_trigger_ui.py took 0.089 seconds
[2025-02-17T22:32:02.415-0700] {processor.py:157} INFO - Started process (PID=156644) to work on /home/jparep/miniconda3/envs/dbt-env/lib/python3.11/site-packages/airflow/example_dags/example_params_trigger_ui.py
[2025-02-17T22:32:02.418-0700] {processor.py:829} INFO - Processing file /home/jparep/miniconda3/envs/dbt-env/lib/python3.11/site-packages/airflow/example_dags/example_params_trigger_ui.py for tasks to queue
[2025-02-17T22:32:02.420-0700] {logging_mixin.py:154} INFO - [2025-02-17T22:32:02.419-0700] {dagbag.py:536} INFO - Filling up the DagBag from /home/jparep/miniconda3/envs/dbt-env/lib/python3.11/site-packages/airflow/example_dags/example_params_trigger_ui.py
[2025-02-17T22:32:02.440-0700] {processor.py:839} INFO - DAG(s) dict_keys(['example_params_trigger_ui']) retrieved from /home/jparep/miniconda3/envs/dbt-env/lib/python3.11/site-packages/airflow/example_dags/example_params_trigger_ui.py
[2025-02-17T22:32:02.477-0700] {logging_mixin.py:154} INFO - [2025-02-17T22:32:02.477-0700] {dag.py:2941} INFO - Sync 1 DAGs
[2025-02-17T22:32:02.489-0700] {logging_mixin.py:154} INFO - [2025-02-17T22:32:02.489-0700] {dag.py:3722} INFO - Setting next_dagrun for example_params_trigger_ui to None, run_after=None
[2025-02-17T22:32:02.517-0700] {processor.py:179} INFO - Processing /home/jparep/miniconda3/envs/dbt-env/lib/python3.11/site-packages/airflow/example_dags/example_params_trigger_ui.py took 0.110 seconds
[2025-02-17T22:32:58.819-0700] {processor.py:157} INFO - Started process (PID=157025) to work on /home/jparep/miniconda3/envs/dbt-env/lib/python3.11/site-packages/airflow/example_dags/example_params_trigger_ui.py
[2025-02-17T22:32:58.822-0700] {processor.py:829} INFO - Processing file /home/jparep/miniconda3/envs/dbt-env/lib/python3.11/site-packages/airflow/example_dags/example_params_trigger_ui.py for tasks to queue
[2025-02-17T22:32:58.824-0700] {logging_mixin.py:154} INFO - [2025-02-17T22:32:58.823-0700] {dagbag.py:536} INFO - Filling up the DagBag from /home/jparep/miniconda3/envs/dbt-env/lib/python3.11/site-packages/airflow/example_dags/example_params_trigger_ui.py
[2025-02-17T22:32:58.846-0700] {processor.py:839} INFO - DAG(s) dict_keys(['example_params_trigger_ui']) retrieved from /home/jparep/miniconda3/envs/dbt-env/lib/python3.11/site-packages/airflow/example_dags/example_params_trigger_ui.py
[2025-02-17T22:32:58.889-0700] {logging_mixin.py:154} INFO - [2025-02-17T22:32:58.888-0700] {dag.py:2941} INFO - Sync 1 DAGs
[2025-02-17T22:32:58.901-0700] {logging_mixin.py:154} INFO - [2025-02-17T22:32:58.901-0700] {dag.py:3722} INFO - Setting next_dagrun for example_params_trigger_ui to None, run_after=None
[2025-02-17T22:32:58.930-0700] {processor.py:179} INFO - Processing /home/jparep/miniconda3/envs/dbt-env/lib/python3.11/site-packages/airflow/example_dags/example_params_trigger_ui.py took 0.116 seconds
[2025-02-17T22:33:42.274-0700] {processor.py:157} INFO - Started process (PID=157479) to work on /home/jparep/miniconda3/envs/dbt-env/lib/python3.11/site-packages/airflow/example_dags/example_params_trigger_ui.py
[2025-02-17T22:33:42.276-0700] {processor.py:829} INFO - Processing file /home/jparep/miniconda3/envs/dbt-env/lib/python3.11/site-packages/airflow/example_dags/example_params_trigger_ui.py for tasks to queue
[2025-02-17T22:33:42.277-0700] {logging_mixin.py:154} INFO - [2025-02-17T22:33:42.277-0700] {dagbag.py:536} INFO - Filling up the DagBag from /home/jparep/miniconda3/envs/dbt-env/lib/python3.11/site-packages/airflow/example_dags/example_params_trigger_ui.py
[2025-02-17T22:33:42.291-0700] {processor.py:839} INFO - DAG(s) dict_keys(['example_params_trigger_ui']) retrieved from /home/jparep/miniconda3/envs/dbt-env/lib/python3.11/site-packages/airflow/example_dags/example_params_trigger_ui.py
[2025-02-17T22:33:42.319-0700] {logging_mixin.py:154} INFO - [2025-02-17T22:33:42.319-0700] {dag.py:2941} INFO - Sync 1 DAGs
[2025-02-17T22:33:42.329-0700] {logging_mixin.py:154} INFO - [2025-02-17T22:33:42.329-0700] {dag.py:3722} INFO - Setting next_dagrun for example_params_trigger_ui to None, run_after=None
[2025-02-17T22:33:42.353-0700] {processor.py:179} INFO - Processing /home/jparep/miniconda3/envs/dbt-env/lib/python3.11/site-packages/airflow/example_dags/example_params_trigger_ui.py took 0.082 seconds
[2025-02-17T22:34:33.975-0700] {processor.py:157} INFO - Started process (PID=157700) to work on /home/jparep/miniconda3/envs/dbt-env/lib/python3.11/site-packages/airflow/example_dags/example_params_trigger_ui.py
[2025-02-17T22:34:33.977-0700] {processor.py:829} INFO - Processing file /home/jparep/miniconda3/envs/dbt-env/lib/python3.11/site-packages/airflow/example_dags/example_params_trigger_ui.py for tasks to queue
[2025-02-17T22:34:33.978-0700] {logging_mixin.py:154} INFO - [2025-02-17T22:34:33.977-0700] {dagbag.py:536} INFO - Filling up the DagBag from /home/jparep/miniconda3/envs/dbt-env/lib/python3.11/site-packages/airflow/example_dags/example_params_trigger_ui.py
[2025-02-17T22:34:33.993-0700] {processor.py:839} INFO - DAG(s) dict_keys(['example_params_trigger_ui']) retrieved from /home/jparep/miniconda3/envs/dbt-env/lib/python3.11/site-packages/airflow/example_dags/example_params_trigger_ui.py
[2025-02-17T22:34:34.018-0700] {logging_mixin.py:154} INFO - [2025-02-17T22:34:34.018-0700] {dag.py:2941} INFO - Sync 1 DAGs
[2025-02-17T22:34:34.027-0700] {logging_mixin.py:154} INFO - [2025-02-17T22:34:34.026-0700] {dag.py:3722} INFO - Setting next_dagrun for example_params_trigger_ui to None, run_after=None
[2025-02-17T22:34:34.043-0700] {processor.py:179} INFO - Processing /home/jparep/miniconda3/envs/dbt-env/lib/python3.11/site-packages/airflow/example_dags/example_params_trigger_ui.py took 0.071 seconds
[2025-02-17T22:35:27.526-0700] {processor.py:157} INFO - Started process (PID=158161) to work on /home/jparep/miniconda3/envs/dbt-env/lib/python3.11/site-packages/airflow/example_dags/example_params_trigger_ui.py
[2025-02-17T22:35:27.529-0700] {processor.py:829} INFO - Processing file /home/jparep/miniconda3/envs/dbt-env/lib/python3.11/site-packages/airflow/example_dags/example_params_trigger_ui.py for tasks to queue
[2025-02-17T22:35:27.530-0700] {logging_mixin.py:154} INFO - [2025-02-17T22:35:27.529-0700] {dagbag.py:536} INFO - Filling up the DagBag from /home/jparep/miniconda3/envs/dbt-env/lib/python3.11/site-packages/airflow/example_dags/example_params_trigger_ui.py
[2025-02-17T22:35:27.554-0700] {processor.py:839} INFO - DAG(s) dict_keys(['example_params_trigger_ui']) retrieved from /home/jparep/miniconda3/envs/dbt-env/lib/python3.11/site-packages/airflow/example_dags/example_params_trigger_ui.py
[2025-02-17T22:35:27.593-0700] {logging_mixin.py:154} INFO - [2025-02-17T22:35:27.593-0700] {dag.py:2941} INFO - Sync 1 DAGs
[2025-02-17T22:35:27.600-0700] {logging_mixin.py:154} INFO - [2025-02-17T22:35:27.600-0700] {dag.py:3722} INFO - Setting next_dagrun for example_params_trigger_ui to None, run_after=None
[2025-02-17T22:35:27.622-0700] {processor.py:179} INFO - Processing /home/jparep/miniconda3/envs/dbt-env/lib/python3.11/site-packages/airflow/example_dags/example_params_trigger_ui.py took 0.100 seconds
[2025-02-17T22:36:28.945-0700] {processor.py:157} INFO - Started process (PID=158722) to work on /home/jparep/miniconda3/envs/dbt-env/lib/python3.11/site-packages/airflow/example_dags/example_params_trigger_ui.py
[2025-02-17T22:36:28.947-0700] {processor.py:829} INFO - Processing file /home/jparep/miniconda3/envs/dbt-env/lib/python3.11/site-packages/airflow/example_dags/example_params_trigger_ui.py for tasks to queue
[2025-02-17T22:36:28.948-0700] {logging_mixin.py:154} INFO - [2025-02-17T22:36:28.948-0700] {dagbag.py:536} INFO - Filling up the DagBag from /home/jparep/miniconda3/envs/dbt-env/lib/python3.11/site-packages/airflow/example_dags/example_params_trigger_ui.py
[2025-02-17T22:36:28.961-0700] {processor.py:839} INFO - DAG(s) dict_keys(['example_params_trigger_ui']) retrieved from /home/jparep/miniconda3/envs/dbt-env/lib/python3.11/site-packages/airflow/example_dags/example_params_trigger_ui.py
[2025-02-17T22:36:28.987-0700] {logging_mixin.py:154} INFO - [2025-02-17T22:36:28.987-0700] {dag.py:2941} INFO - Sync 1 DAGs
[2025-02-17T22:36:28.996-0700] {logging_mixin.py:154} INFO - [2025-02-17T22:36:28.996-0700] {dag.py:3722} INFO - Setting next_dagrun for example_params_trigger_ui to None, run_after=None
[2025-02-17T22:36:29.014-0700] {processor.py:179} INFO - Processing /home/jparep/miniconda3/envs/dbt-env/lib/python3.11/site-packages/airflow/example_dags/example_params_trigger_ui.py took 0.071 seconds
[2025-02-17T22:37:27.592-0700] {processor.py:157} INFO - Started process (PID=159840) to work on /home/jparep/miniconda3/envs/dbt-env/lib/python3.11/site-packages/airflow/example_dags/example_params_trigger_ui.py
[2025-02-17T22:37:27.596-0700] {processor.py:829} INFO - Processing file /home/jparep/miniconda3/envs/dbt-env/lib/python3.11/site-packages/airflow/example_dags/example_params_trigger_ui.py for tasks to queue
[2025-02-17T22:37:27.597-0700] {logging_mixin.py:154} INFO - [2025-02-17T22:37:27.597-0700] {dagbag.py:536} INFO - Filling up the DagBag from /home/jparep/miniconda3/envs/dbt-env/lib/python3.11/site-packages/airflow/example_dags/example_params_trigger_ui.py
[2025-02-17T22:37:27.613-0700] {processor.py:839} INFO - DAG(s) dict_keys(['example_params_trigger_ui']) retrieved from /home/jparep/miniconda3/envs/dbt-env/lib/python3.11/site-packages/airflow/example_dags/example_params_trigger_ui.py
[2025-02-17T22:37:27.639-0700] {logging_mixin.py:154} INFO - [2025-02-17T22:37:27.639-0700] {dag.py:2941} INFO - Sync 1 DAGs
[2025-02-17T22:37:27.647-0700] {logging_mixin.py:154} INFO - [2025-02-17T22:37:27.647-0700] {dag.py:3722} INFO - Setting next_dagrun for example_params_trigger_ui to None, run_after=None
[2025-02-17T22:37:27.663-0700] {processor.py:179} INFO - Processing /home/jparep/miniconda3/envs/dbt-env/lib/python3.11/site-packages/airflow/example_dags/example_params_trigger_ui.py took 0.076 seconds
[2025-02-17T22:38:17.692-0700] {processor.py:157} INFO - Started process (PID=160513) to work on /home/jparep/miniconda3/envs/dbt-env/lib/python3.11/site-packages/airflow/example_dags/example_params_trigger_ui.py
[2025-02-17T22:38:17.696-0700] {processor.py:829} INFO - Processing file /home/jparep/miniconda3/envs/dbt-env/lib/python3.11/site-packages/airflow/example_dags/example_params_trigger_ui.py for tasks to queue
[2025-02-17T22:38:17.697-0700] {logging_mixin.py:154} INFO - [2025-02-17T22:38:17.697-0700] {dagbag.py:536} INFO - Filling up the DagBag from /home/jparep/miniconda3/envs/dbt-env/lib/python3.11/site-packages/airflow/example_dags/example_params_trigger_ui.py
[2025-02-17T22:38:17.717-0700] {processor.py:839} INFO - DAG(s) dict_keys(['example_params_trigger_ui']) retrieved from /home/jparep/miniconda3/envs/dbt-env/lib/python3.11/site-packages/airflow/example_dags/example_params_trigger_ui.py
[2025-02-17T22:38:17.747-0700] {logging_mixin.py:154} INFO - [2025-02-17T22:38:17.747-0700] {dag.py:2941} INFO - Sync 1 DAGs
[2025-02-17T22:38:17.756-0700] {logging_mixin.py:154} INFO - [2025-02-17T22:38:17.756-0700] {dag.py:3722} INFO - Setting next_dagrun for example_params_trigger_ui to None, run_after=None
[2025-02-17T22:38:17.773-0700] {processor.py:179} INFO - Processing /home/jparep/miniconda3/envs/dbt-env/lib/python3.11/site-packages/airflow/example_dags/example_params_trigger_ui.py took 0.087 seconds
[2025-02-17T22:39:11.786-0700] {processor.py:157} INFO - Started process (PID=161128) to work on /home/jparep/miniconda3/envs/dbt-env/lib/python3.11/site-packages/airflow/example_dags/example_params_trigger_ui.py
[2025-02-17T22:39:11.788-0700] {processor.py:829} INFO - Processing file /home/jparep/miniconda3/envs/dbt-env/lib/python3.11/site-packages/airflow/example_dags/example_params_trigger_ui.py for tasks to queue
[2025-02-17T22:39:11.789-0700] {logging_mixin.py:154} INFO - [2025-02-17T22:39:11.788-0700] {dagbag.py:536} INFO - Filling up the DagBag from /home/jparep/miniconda3/envs/dbt-env/lib/python3.11/site-packages/airflow/example_dags/example_params_trigger_ui.py
[2025-02-17T22:39:11.801-0700] {processor.py:839} INFO - DAG(s) dict_keys(['example_params_trigger_ui']) retrieved from /home/jparep/miniconda3/envs/dbt-env/lib/python3.11/site-packages/airflow/example_dags/example_params_trigger_ui.py
[2025-02-17T22:39:11.826-0700] {logging_mixin.py:154} INFO - [2025-02-17T22:39:11.826-0700] {dag.py:2941} INFO - Sync 1 DAGs
[2025-02-17T22:39:11.834-0700] {logging_mixin.py:154} INFO - [2025-02-17T22:39:11.834-0700] {dag.py:3722} INFO - Setting next_dagrun for example_params_trigger_ui to None, run_after=None
[2025-02-17T22:39:11.849-0700] {processor.py:179} INFO - Processing /home/jparep/miniconda3/envs/dbt-env/lib/python3.11/site-packages/airflow/example_dags/example_params_trigger_ui.py took 0.067 seconds
[2025-02-17T22:40:08.487-0700] {processor.py:157} INFO - Started process (PID=161547) to work on /home/jparep/miniconda3/envs/dbt-env/lib/python3.11/site-packages/airflow/example_dags/example_params_trigger_ui.py
[2025-02-17T22:40:08.490-0700] {processor.py:829} INFO - Processing file /home/jparep/miniconda3/envs/dbt-env/lib/python3.11/site-packages/airflow/example_dags/example_params_trigger_ui.py for tasks to queue
[2025-02-17T22:40:08.491-0700] {logging_mixin.py:154} INFO - [2025-02-17T22:40:08.490-0700] {dagbag.py:536} INFO - Filling up the DagBag from /home/jparep/miniconda3/envs/dbt-env/lib/python3.11/site-packages/airflow/example_dags/example_params_trigger_ui.py
[2025-02-17T22:40:08.522-0700] {processor.py:839} INFO - DAG(s) dict_keys(['example_params_trigger_ui']) retrieved from /home/jparep/miniconda3/envs/dbt-env/lib/python3.11/site-packages/airflow/example_dags/example_params_trigger_ui.py
[2025-02-17T22:40:08.559-0700] {logging_mixin.py:154} INFO - [2025-02-17T22:40:08.559-0700] {dag.py:2941} INFO - Sync 1 DAGs
[2025-02-17T22:40:08.569-0700] {logging_mixin.py:154} INFO - [2025-02-17T22:40:08.569-0700] {dag.py:3722} INFO - Setting next_dagrun for example_params_trigger_ui to None, run_after=None
[2025-02-17T22:40:08.590-0700] {processor.py:179} INFO - Processing /home/jparep/miniconda3/envs/dbt-env/lib/python3.11/site-packages/airflow/example_dags/example_params_trigger_ui.py took 0.110 seconds
[2025-02-17T22:41:05.226-0700] {processor.py:157} INFO - Started process (PID=161919) to work on /home/jparep/miniconda3/envs/dbt-env/lib/python3.11/site-packages/airflow/example_dags/example_params_trigger_ui.py
[2025-02-17T22:41:05.229-0700] {processor.py:829} INFO - Processing file /home/jparep/miniconda3/envs/dbt-env/lib/python3.11/site-packages/airflow/example_dags/example_params_trigger_ui.py for tasks to queue
[2025-02-17T22:41:05.230-0700] {logging_mixin.py:154} INFO - [2025-02-17T22:41:05.229-0700] {dagbag.py:536} INFO - Filling up the DagBag from /home/jparep/miniconda3/envs/dbt-env/lib/python3.11/site-packages/airflow/example_dags/example_params_trigger_ui.py
[2025-02-17T22:41:05.255-0700] {processor.py:839} INFO - DAG(s) dict_keys(['example_params_trigger_ui']) retrieved from /home/jparep/miniconda3/envs/dbt-env/lib/python3.11/site-packages/airflow/example_dags/example_params_trigger_ui.py
[2025-02-17T22:41:05.299-0700] {logging_mixin.py:154} INFO - [2025-02-17T22:41:05.299-0700] {dag.py:2941} INFO - Sync 1 DAGs
[2025-02-17T22:41:05.314-0700] {logging_mixin.py:154} INFO - [2025-02-17T22:41:05.313-0700] {dag.py:3722} INFO - Setting next_dagrun for example_params_trigger_ui to None, run_after=None
[2025-02-17T22:41:05.343-0700] {processor.py:179} INFO - Processing /home/jparep/miniconda3/envs/dbt-env/lib/python3.11/site-packages/airflow/example_dags/example_params_trigger_ui.py took 0.121 seconds
[2025-02-17T22:42:07.303-0700] {processor.py:157} INFO - Started process (PID=162369) to work on /home/jparep/miniconda3/envs/dbt-env/lib/python3.11/site-packages/airflow/example_dags/example_params_trigger_ui.py
[2025-02-17T22:42:07.306-0700] {processor.py:829} INFO - Processing file /home/jparep/miniconda3/envs/dbt-env/lib/python3.11/site-packages/airflow/example_dags/example_params_trigger_ui.py for tasks to queue
[2025-02-17T22:42:07.307-0700] {logging_mixin.py:154} INFO - [2025-02-17T22:42:07.306-0700] {dagbag.py:536} INFO - Filling up the DagBag from /home/jparep/miniconda3/envs/dbt-env/lib/python3.11/site-packages/airflow/example_dags/example_params_trigger_ui.py
[2025-02-17T22:42:07.329-0700] {processor.py:839} INFO - DAG(s) dict_keys(['example_params_trigger_ui']) retrieved from /home/jparep/miniconda3/envs/dbt-env/lib/python3.11/site-packages/airflow/example_dags/example_params_trigger_ui.py
[2025-02-17T22:42:07.371-0700] {logging_mixin.py:154} INFO - [2025-02-17T22:42:07.371-0700] {dag.py:2941} INFO - Sync 1 DAGs
[2025-02-17T22:42:07.386-0700] {logging_mixin.py:154} INFO - [2025-02-17T22:42:07.386-0700] {dag.py:3722} INFO - Setting next_dagrun for example_params_trigger_ui to None, run_after=None
[2025-02-17T22:42:07.407-0700] {processor.py:179} INFO - Processing /home/jparep/miniconda3/envs/dbt-env/lib/python3.11/site-packages/airflow/example_dags/example_params_trigger_ui.py took 0.108 seconds
