[2025-02-17T22:16:13.648-0700] {processor.py:157} INFO - Started process (PID=148530) to work on /home/jparep/miniconda3/envs/dbt-env/lib/python3.11/site-packages/airflow/example_dags/example_latest_only.py
[2025-02-17T22:16:13.649-0700] {processor.py:829} INFO - Processing file /home/jparep/miniconda3/envs/dbt-env/lib/python3.11/site-packages/airflow/example_dags/example_latest_only.py for tasks to queue
[2025-02-17T22:16:13.651-0700] {logging_mixin.py:154} INFO - [2025-02-17T22:16:13.650-0700] {dagbag.py:536} INFO - Filling up the DagBag from /home/jparep/miniconda3/envs/dbt-env/lib/python3.11/site-packages/airflow/example_dags/example_latest_only.py
[2025-02-17T22:16:13.662-0700] {processor.py:839} INFO - DAG(s) dict_keys(['latest_only']) retrieved from /home/jparep/miniconda3/envs/dbt-env/lib/python3.11/site-packages/airflow/example_dags/example_latest_only.py
[2025-02-17T22:16:13.952-0700] {logging_mixin.py:154} INFO - [2025-02-17T22:16:13.952-0700] {manager.py:499} INFO - Created Permission View: %s
[2025-02-17T22:16:13.964-0700] {logging_mixin.py:154} INFO - [2025-02-17T22:16:13.964-0700] {manager.py:499} INFO - Created Permission View: %s
[2025-02-17T22:16:13.971-0700] {logging_mixin.py:154} INFO - [2025-02-17T22:16:13.971-0700] {manager.py:499} INFO - Created Permission View: %s
[2025-02-17T22:16:13.971-0700] {logging_mixin.py:154} INFO - [2025-02-17T22:16:13.971-0700] {dag.py:2941} INFO - Sync 1 DAGs
[2025-02-17T22:16:13.978-0700] {logging_mixin.py:154} INFO - [2025-02-17T22:16:13.978-0700] {dag.py:2963} INFO - Creating ORM DAG for latest_only
[2025-02-17T22:16:13.984-0700] {logging_mixin.py:154} INFO - [2025-02-17T22:16:13.984-0700] {dag.py:3722} INFO - Setting next_dagrun for latest_only to 2025-02-18T01:16:13.983969+00:00, run_after=2025-02-18T05:16:13.983969+00:00
[2025-02-17T22:16:14.001-0700] {processor.py:179} INFO - Processing /home/jparep/miniconda3/envs/dbt-env/lib/python3.11/site-packages/airflow/example_dags/example_latest_only.py took 0.361 seconds
[2025-02-17T22:17:09.334-0700] {processor.py:157} INFO - Started process (PID=148918) to work on /home/jparep/miniconda3/envs/dbt-env/lib/python3.11/site-packages/airflow/example_dags/example_latest_only.py
[2025-02-17T22:17:09.337-0700] {processor.py:829} INFO - Processing file /home/jparep/miniconda3/envs/dbt-env/lib/python3.11/site-packages/airflow/example_dags/example_latest_only.py for tasks to queue
[2025-02-17T22:17:09.339-0700] {logging_mixin.py:154} INFO - [2025-02-17T22:17:09.338-0700] {dagbag.py:536} INFO - Filling up the DagBag from /home/jparep/miniconda3/envs/dbt-env/lib/python3.11/site-packages/airflow/example_dags/example_latest_only.py
[2025-02-17T22:17:09.351-0700] {processor.py:839} INFO - DAG(s) dict_keys(['latest_only']) retrieved from /home/jparep/miniconda3/envs/dbt-env/lib/python3.11/site-packages/airflow/example_dags/example_latest_only.py
[2025-02-17T22:17:09.383-0700] {logging_mixin.py:154} INFO - [2025-02-17T22:17:09.382-0700] {dag.py:2941} INFO - Sync 1 DAGs
[2025-02-17T22:17:09.537-0700] {logging_mixin.py:154} INFO - [2025-02-17T22:17:09.537-0700] {dag.py:3722} INFO - Setting next_dagrun for latest_only to 2025-02-18T01:17:09.536954+00:00, run_after=2025-02-18T05:17:09.536954+00:00
[2025-02-17T22:17:09.560-0700] {processor.py:179} INFO - Processing /home/jparep/miniconda3/envs/dbt-env/lib/python3.11/site-packages/airflow/example_dags/example_latest_only.py took 0.234 seconds
[2025-02-17T22:18:00.037-0700] {processor.py:157} INFO - Started process (PID=149426) to work on /home/jparep/miniconda3/envs/dbt-env/lib/python3.11/site-packages/airflow/example_dags/example_latest_only.py
[2025-02-17T22:18:00.041-0700] {processor.py:829} INFO - Processing file /home/jparep/miniconda3/envs/dbt-env/lib/python3.11/site-packages/airflow/example_dags/example_latest_only.py for tasks to queue
[2025-02-17T22:18:00.043-0700] {logging_mixin.py:154} INFO - [2025-02-17T22:18:00.042-0700] {dagbag.py:536} INFO - Filling up the DagBag from /home/jparep/miniconda3/envs/dbt-env/lib/python3.11/site-packages/airflow/example_dags/example_latest_only.py
[2025-02-17T22:18:00.055-0700] {processor.py:839} INFO - DAG(s) dict_keys(['latest_only']) retrieved from /home/jparep/miniconda3/envs/dbt-env/lib/python3.11/site-packages/airflow/example_dags/example_latest_only.py
[2025-02-17T22:18:00.074-0700] {logging_mixin.py:154} INFO - [2025-02-17T22:18:00.074-0700] {dag.py:2941} INFO - Sync 1 DAGs
[2025-02-17T22:18:00.092-0700] {logging_mixin.py:154} INFO - [2025-02-17T22:18:00.092-0700] {dag.py:3722} INFO - Setting next_dagrun for latest_only to 2025-02-18T01:18:00.092436+00:00, run_after=2025-02-18T05:18:00.092436+00:00
[2025-02-17T22:18:00.114-0700] {processor.py:179} INFO - Processing /home/jparep/miniconda3/envs/dbt-env/lib/python3.11/site-packages/airflow/example_dags/example_latest_only.py took 0.086 seconds
[2025-02-17T22:18:42.782-0700] {processor.py:157} INFO - Started process (PID=149871) to work on /home/jparep/miniconda3/envs/dbt-env/lib/python3.11/site-packages/airflow/example_dags/example_latest_only.py
[2025-02-17T22:18:42.784-0700] {processor.py:829} INFO - Processing file /home/jparep/miniconda3/envs/dbt-env/lib/python3.11/site-packages/airflow/example_dags/example_latest_only.py for tasks to queue
[2025-02-17T22:18:42.785-0700] {logging_mixin.py:154} INFO - [2025-02-17T22:18:42.784-0700] {dagbag.py:536} INFO - Filling up the DagBag from /home/jparep/miniconda3/envs/dbt-env/lib/python3.11/site-packages/airflow/example_dags/example_latest_only.py
[2025-02-17T22:18:42.789-0700] {processor.py:839} INFO - DAG(s) dict_keys(['latest_only']) retrieved from /home/jparep/miniconda3/envs/dbt-env/lib/python3.11/site-packages/airflow/example_dags/example_latest_only.py
[2025-02-17T22:18:42.803-0700] {logging_mixin.py:154} INFO - [2025-02-17T22:18:42.803-0700] {dag.py:2941} INFO - Sync 1 DAGs
[2025-02-17T22:18:42.818-0700] {logging_mixin.py:154} INFO - [2025-02-17T22:18:42.818-0700] {dag.py:3722} INFO - Setting next_dagrun for latest_only to 2025-02-18T01:18:42.818032+00:00, run_after=2025-02-18T05:18:42.818032+00:00
[2025-02-17T22:18:42.833-0700] {processor.py:179} INFO - Processing /home/jparep/miniconda3/envs/dbt-env/lib/python3.11/site-packages/airflow/example_dags/example_latest_only.py took 0.053 seconds
[2025-02-17T22:19:39.838-0700] {processor.py:157} INFO - Started process (PID=150410) to work on /home/jparep/miniconda3/envs/dbt-env/lib/python3.11/site-packages/airflow/example_dags/example_latest_only.py
[2025-02-17T22:19:39.841-0700] {processor.py:829} INFO - Processing file /home/jparep/miniconda3/envs/dbt-env/lib/python3.11/site-packages/airflow/example_dags/example_latest_only.py for tasks to queue
[2025-02-17T22:19:39.842-0700] {logging_mixin.py:154} INFO - [2025-02-17T22:19:39.842-0700] {dagbag.py:536} INFO - Filling up the DagBag from /home/jparep/miniconda3/envs/dbt-env/lib/python3.11/site-packages/airflow/example_dags/example_latest_only.py
[2025-02-17T22:19:39.851-0700] {processor.py:839} INFO - DAG(s) dict_keys(['latest_only']) retrieved from /home/jparep/miniconda3/envs/dbt-env/lib/python3.11/site-packages/airflow/example_dags/example_latest_only.py
[2025-02-17T22:19:39.875-0700] {logging_mixin.py:154} INFO - [2025-02-17T22:19:39.875-0700] {dag.py:2941} INFO - Sync 1 DAGs
[2025-02-17T22:19:39.899-0700] {logging_mixin.py:154} INFO - [2025-02-17T22:19:39.899-0700] {dag.py:3722} INFO - Setting next_dagrun for latest_only to 2025-02-18T01:19:39.898867+00:00, run_after=2025-02-18T05:19:39.898867+00:00
[2025-02-17T22:19:39.920-0700] {processor.py:179} INFO - Processing /home/jparep/miniconda3/envs/dbt-env/lib/python3.11/site-packages/airflow/example_dags/example_latest_only.py took 0.086 seconds
[2025-02-17T22:20:40.066-0700] {processor.py:157} INFO - Started process (PID=150963) to work on /home/jparep/miniconda3/envs/dbt-env/lib/python3.11/site-packages/airflow/example_dags/example_latest_only.py
[2025-02-17T22:20:40.069-0700] {processor.py:829} INFO - Processing file /home/jparep/miniconda3/envs/dbt-env/lib/python3.11/site-packages/airflow/example_dags/example_latest_only.py for tasks to queue
[2025-02-17T22:20:40.070-0700] {logging_mixin.py:154} INFO - [2025-02-17T22:20:40.069-0700] {dagbag.py:536} INFO - Filling up the DagBag from /home/jparep/miniconda3/envs/dbt-env/lib/python3.11/site-packages/airflow/example_dags/example_latest_only.py
[2025-02-17T22:20:40.080-0700] {processor.py:839} INFO - DAG(s) dict_keys(['latest_only']) retrieved from /home/jparep/miniconda3/envs/dbt-env/lib/python3.11/site-packages/airflow/example_dags/example_latest_only.py
[2025-02-17T22:20:40.101-0700] {logging_mixin.py:154} INFO - [2025-02-17T22:20:40.101-0700] {dag.py:2941} INFO - Sync 1 DAGs
[2025-02-17T22:20:40.124-0700] {logging_mixin.py:154} INFO - [2025-02-17T22:20:40.124-0700] {dag.py:3722} INFO - Setting next_dagrun for latest_only to 2025-02-18T01:20:40.123929+00:00, run_after=2025-02-18T05:20:40.123929+00:00
[2025-02-17T22:20:40.148-0700] {processor.py:179} INFO - Processing /home/jparep/miniconda3/envs/dbt-env/lib/python3.11/site-packages/airflow/example_dags/example_latest_only.py took 0.087 seconds
[2025-02-17T22:21:33.619-0700] {processor.py:157} INFO - Started process (PID=151312) to work on /home/jparep/miniconda3/envs/dbt-env/lib/python3.11/site-packages/airflow/example_dags/example_latest_only.py
[2025-02-17T22:21:33.621-0700] {processor.py:829} INFO - Processing file /home/jparep/miniconda3/envs/dbt-env/lib/python3.11/site-packages/airflow/example_dags/example_latest_only.py for tasks to queue
[2025-02-17T22:21:33.622-0700] {logging_mixin.py:154} INFO - [2025-02-17T22:21:33.621-0700] {dagbag.py:536} INFO - Filling up the DagBag from /home/jparep/miniconda3/envs/dbt-env/lib/python3.11/site-packages/airflow/example_dags/example_latest_only.py
[2025-02-17T22:21:33.630-0700] {processor.py:839} INFO - DAG(s) dict_keys(['latest_only']) retrieved from /home/jparep/miniconda3/envs/dbt-env/lib/python3.11/site-packages/airflow/example_dags/example_latest_only.py
[2025-02-17T22:21:33.647-0700] {logging_mixin.py:154} INFO - [2025-02-17T22:21:33.647-0700] {dag.py:2941} INFO - Sync 1 DAGs
[2025-02-17T22:21:33.666-0700] {logging_mixin.py:154} INFO - [2025-02-17T22:21:33.666-0700] {dag.py:3722} INFO - Setting next_dagrun for latest_only to 2025-02-18T01:21:33.665999+00:00, run_after=2025-02-18T05:21:33.665999+00:00
[2025-02-17T22:21:33.703-0700] {processor.py:179} INFO - Processing /home/jparep/miniconda3/envs/dbt-env/lib/python3.11/site-packages/airflow/example_dags/example_latest_only.py took 0.091 seconds
[2025-02-17T22:22:25.542-0700] {processor.py:157} INFO - Started process (PID=151702) to work on /home/jparep/miniconda3/envs/dbt-env/lib/python3.11/site-packages/airflow/example_dags/example_latest_only.py
[2025-02-17T22:22:25.545-0700] {processor.py:829} INFO - Processing file /home/jparep/miniconda3/envs/dbt-env/lib/python3.11/site-packages/airflow/example_dags/example_latest_only.py for tasks to queue
[2025-02-17T22:22:25.546-0700] {logging_mixin.py:154} INFO - [2025-02-17T22:22:25.546-0700] {dagbag.py:536} INFO - Filling up the DagBag from /home/jparep/miniconda3/envs/dbt-env/lib/python3.11/site-packages/airflow/example_dags/example_latest_only.py
[2025-02-17T22:22:25.555-0700] {processor.py:839} INFO - DAG(s) dict_keys(['latest_only']) retrieved from /home/jparep/miniconda3/envs/dbt-env/lib/python3.11/site-packages/airflow/example_dags/example_latest_only.py
[2025-02-17T22:22:25.576-0700] {logging_mixin.py:154} INFO - [2025-02-17T22:22:25.576-0700] {dag.py:2941} INFO - Sync 1 DAGs
[2025-02-17T22:22:25.597-0700] {logging_mixin.py:154} INFO - [2025-02-17T22:22:25.597-0700] {dag.py:3722} INFO - Setting next_dagrun for latest_only to 2025-02-18T01:22:25.597377+00:00, run_after=2025-02-18T05:22:25.597377+00:00
[2025-02-17T22:22:25.620-0700] {processor.py:179} INFO - Processing /home/jparep/miniconda3/envs/dbt-env/lib/python3.11/site-packages/airflow/example_dags/example_latest_only.py took 0.081 seconds
[2025-02-17T22:23:18.128-0700] {processor.py:157} INFO - Started process (PID=152130) to work on /home/jparep/miniconda3/envs/dbt-env/lib/python3.11/site-packages/airflow/example_dags/example_latest_only.py
[2025-02-17T22:23:18.131-0700] {processor.py:829} INFO - Processing file /home/jparep/miniconda3/envs/dbt-env/lib/python3.11/site-packages/airflow/example_dags/example_latest_only.py for tasks to queue
[2025-02-17T22:23:18.132-0700] {logging_mixin.py:154} INFO - [2025-02-17T22:23:18.132-0700] {dagbag.py:536} INFO - Filling up the DagBag from /home/jparep/miniconda3/envs/dbt-env/lib/python3.11/site-packages/airflow/example_dags/example_latest_only.py
[2025-02-17T22:23:18.140-0700] {processor.py:839} INFO - DAG(s) dict_keys(['latest_only']) retrieved from /home/jparep/miniconda3/envs/dbt-env/lib/python3.11/site-packages/airflow/example_dags/example_latest_only.py
[2025-02-17T22:23:18.163-0700] {logging_mixin.py:154} INFO - [2025-02-17T22:23:18.163-0700] {dag.py:2941} INFO - Sync 1 DAGs
[2025-02-17T22:23:18.180-0700] {logging_mixin.py:154} INFO - [2025-02-17T22:23:18.180-0700] {dag.py:3722} INFO - Setting next_dagrun for latest_only to 2025-02-18T01:23:18.179821+00:00, run_after=2025-02-18T05:23:18.179821+00:00
[2025-02-17T22:23:18.200-0700] {processor.py:179} INFO - Processing /home/jparep/miniconda3/envs/dbt-env/lib/python3.11/site-packages/airflow/example_dags/example_latest_only.py took 0.077 seconds
[2025-02-17T22:24:14.988-0700] {processor.py:157} INFO - Started process (PID=152657) to work on /home/jparep/miniconda3/envs/dbt-env/lib/python3.11/site-packages/airflow/example_dags/example_latest_only.py
[2025-02-17T22:24:14.991-0700] {processor.py:829} INFO - Processing file /home/jparep/miniconda3/envs/dbt-env/lib/python3.11/site-packages/airflow/example_dags/example_latest_only.py for tasks to queue
[2025-02-17T22:24:14.992-0700] {logging_mixin.py:154} INFO - [2025-02-17T22:24:14.991-0700] {dagbag.py:536} INFO - Filling up the DagBag from /home/jparep/miniconda3/envs/dbt-env/lib/python3.11/site-packages/airflow/example_dags/example_latest_only.py
[2025-02-17T22:24:15.001-0700] {processor.py:839} INFO - DAG(s) dict_keys(['latest_only']) retrieved from /home/jparep/miniconda3/envs/dbt-env/lib/python3.11/site-packages/airflow/example_dags/example_latest_only.py
[2025-02-17T22:24:15.024-0700] {logging_mixin.py:154} INFO - [2025-02-17T22:24:15.024-0700] {dag.py:2941} INFO - Sync 1 DAGs
[2025-02-17T22:24:15.042-0700] {logging_mixin.py:154} INFO - [2025-02-17T22:24:15.042-0700] {dag.py:3722} INFO - Setting next_dagrun for latest_only to 2025-02-18T01:24:15.042493+00:00, run_after=2025-02-18T05:24:15.042493+00:00
[2025-02-17T22:24:15.062-0700] {processor.py:179} INFO - Processing /home/jparep/miniconda3/envs/dbt-env/lib/python3.11/site-packages/airflow/example_dags/example_latest_only.py took 0.078 seconds
[2025-02-17T22:25:05.213-0700] {processor.py:157} INFO - Started process (PID=153166) to work on /home/jparep/miniconda3/envs/dbt-env/lib/python3.11/site-packages/airflow/example_dags/example_latest_only.py
[2025-02-17T22:25:05.216-0700] {processor.py:829} INFO - Processing file /home/jparep/miniconda3/envs/dbt-env/lib/python3.11/site-packages/airflow/example_dags/example_latest_only.py for tasks to queue
[2025-02-17T22:25:05.217-0700] {logging_mixin.py:154} INFO - [2025-02-17T22:25:05.216-0700] {dagbag.py:536} INFO - Filling up the DagBag from /home/jparep/miniconda3/envs/dbt-env/lib/python3.11/site-packages/airflow/example_dags/example_latest_only.py
[2025-02-17T22:25:05.226-0700] {processor.py:839} INFO - DAG(s) dict_keys(['latest_only']) retrieved from /home/jparep/miniconda3/envs/dbt-env/lib/python3.11/site-packages/airflow/example_dags/example_latest_only.py
[2025-02-17T22:25:05.250-0700] {logging_mixin.py:154} INFO - [2025-02-17T22:25:05.250-0700] {dag.py:2941} INFO - Sync 1 DAGs
[2025-02-17T22:25:05.284-0700] {logging_mixin.py:154} INFO - [2025-02-17T22:25:05.284-0700] {dag.py:3722} INFO - Setting next_dagrun for latest_only to 2025-02-18T01:25:05.284092+00:00, run_after=2025-02-18T05:25:05.284092+00:00
[2025-02-17T22:25:05.315-0700] {processor.py:179} INFO - Processing /home/jparep/miniconda3/envs/dbt-env/lib/python3.11/site-packages/airflow/example_dags/example_latest_only.py took 0.106 seconds
[2025-02-17T22:26:07.295-0700] {processor.py:157} INFO - Started process (PID=153726) to work on /home/jparep/miniconda3/envs/dbt-env/lib/python3.11/site-packages/airflow/example_dags/example_latest_only.py
[2025-02-17T22:26:07.298-0700] {processor.py:829} INFO - Processing file /home/jparep/miniconda3/envs/dbt-env/lib/python3.11/site-packages/airflow/example_dags/example_latest_only.py for tasks to queue
[2025-02-17T22:26:07.299-0700] {logging_mixin.py:154} INFO - [2025-02-17T22:26:07.299-0700] {dagbag.py:536} INFO - Filling up the DagBag from /home/jparep/miniconda3/envs/dbt-env/lib/python3.11/site-packages/airflow/example_dags/example_latest_only.py
[2025-02-17T22:26:07.308-0700] {processor.py:839} INFO - DAG(s) dict_keys(['latest_only']) retrieved from /home/jparep/miniconda3/envs/dbt-env/lib/python3.11/site-packages/airflow/example_dags/example_latest_only.py
[2025-02-17T22:26:07.330-0700] {logging_mixin.py:154} INFO - [2025-02-17T22:26:07.330-0700] {dag.py:2941} INFO - Sync 1 DAGs
[2025-02-17T22:26:07.355-0700] {logging_mixin.py:154} INFO - [2025-02-17T22:26:07.355-0700] {dag.py:3722} INFO - Setting next_dagrun for latest_only to 2025-02-18T01:26:07.355113+00:00, run_after=2025-02-18T05:26:07.355113+00:00
[2025-02-17T22:26:07.384-0700] {processor.py:179} INFO - Processing /home/jparep/miniconda3/envs/dbt-env/lib/python3.11/site-packages/airflow/example_dags/example_latest_only.py took 0.093 seconds
[2025-02-17T22:26:57.408-0700] {processor.py:157} INFO - Started process (PID=154039) to work on /home/jparep/miniconda3/envs/dbt-env/lib/python3.11/site-packages/airflow/example_dags/example_latest_only.py
[2025-02-17T22:26:57.411-0700] {processor.py:829} INFO - Processing file /home/jparep/miniconda3/envs/dbt-env/lib/python3.11/site-packages/airflow/example_dags/example_latest_only.py for tasks to queue
[2025-02-17T22:26:57.412-0700] {logging_mixin.py:154} INFO - [2025-02-17T22:26:57.412-0700] {dagbag.py:536} INFO - Filling up the DagBag from /home/jparep/miniconda3/envs/dbt-env/lib/python3.11/site-packages/airflow/example_dags/example_latest_only.py
[2025-02-17T22:26:57.421-0700] {processor.py:839} INFO - DAG(s) dict_keys(['latest_only']) retrieved from /home/jparep/miniconda3/envs/dbt-env/lib/python3.11/site-packages/airflow/example_dags/example_latest_only.py
[2025-02-17T22:26:57.443-0700] {logging_mixin.py:154} INFO - [2025-02-17T22:26:57.443-0700] {dag.py:2941} INFO - Sync 1 DAGs
[2025-02-17T22:26:57.464-0700] {logging_mixin.py:154} INFO - [2025-02-17T22:26:57.463-0700] {dag.py:3722} INFO - Setting next_dagrun for latest_only to 2025-02-18T01:26:57.463624+00:00, run_after=2025-02-18T05:26:57.463624+00:00
[2025-02-17T22:26:57.483-0700] {processor.py:179} INFO - Processing /home/jparep/miniconda3/envs/dbt-env/lib/python3.11/site-packages/airflow/example_dags/example_latest_only.py took 0.080 seconds
[2025-02-17T22:27:52.568-0700] {processor.py:157} INFO - Started process (PID=154570) to work on /home/jparep/miniconda3/envs/dbt-env/lib/python3.11/site-packages/airflow/example_dags/example_latest_only.py
[2025-02-17T22:27:52.570-0700] {processor.py:829} INFO - Processing file /home/jparep/miniconda3/envs/dbt-env/lib/python3.11/site-packages/airflow/example_dags/example_latest_only.py for tasks to queue
[2025-02-17T22:27:52.573-0700] {logging_mixin.py:154} INFO - [2025-02-17T22:27:52.571-0700] {dagbag.py:536} INFO - Filling up the DagBag from /home/jparep/miniconda3/envs/dbt-env/lib/python3.11/site-packages/airflow/example_dags/example_latest_only.py
[2025-02-17T22:27:52.583-0700] {processor.py:839} INFO - DAG(s) dict_keys(['latest_only']) retrieved from /home/jparep/miniconda3/envs/dbt-env/lib/python3.11/site-packages/airflow/example_dags/example_latest_only.py
[2025-02-17T22:27:52.601-0700] {logging_mixin.py:154} INFO - [2025-02-17T22:27:52.600-0700] {dag.py:2941} INFO - Sync 1 DAGs
[2025-02-17T22:27:52.617-0700] {logging_mixin.py:154} INFO - [2025-02-17T22:27:52.617-0700] {dag.py:3722} INFO - Setting next_dagrun for latest_only to 2025-02-18T01:27:52.617499+00:00, run_after=2025-02-18T05:27:52.617499+00:00
[2025-02-17T22:27:52.649-0700] {processor.py:179} INFO - Processing /home/jparep/miniconda3/envs/dbt-env/lib/python3.11/site-packages/airflow/example_dags/example_latest_only.py took 0.087 seconds
[2025-02-17T22:28:49.800-0700] {processor.py:157} INFO - Started process (PID=154999) to work on /home/jparep/miniconda3/envs/dbt-env/lib/python3.11/site-packages/airflow/example_dags/example_latest_only.py
[2025-02-17T22:28:49.803-0700] {processor.py:829} INFO - Processing file /home/jparep/miniconda3/envs/dbt-env/lib/python3.11/site-packages/airflow/example_dags/example_latest_only.py for tasks to queue
[2025-02-17T22:28:49.804-0700] {logging_mixin.py:154} INFO - [2025-02-17T22:28:49.804-0700] {dagbag.py:536} INFO - Filling up the DagBag from /home/jparep/miniconda3/envs/dbt-env/lib/python3.11/site-packages/airflow/example_dags/example_latest_only.py
[2025-02-17T22:28:49.814-0700] {processor.py:839} INFO - DAG(s) dict_keys(['latest_only']) retrieved from /home/jparep/miniconda3/envs/dbt-env/lib/python3.11/site-packages/airflow/example_dags/example_latest_only.py
[2025-02-17T22:28:49.833-0700] {logging_mixin.py:154} INFO - [2025-02-17T22:28:49.833-0700] {dag.py:2941} INFO - Sync 1 DAGs
[2025-02-17T22:28:49.857-0700] {logging_mixin.py:154} INFO - [2025-02-17T22:28:49.856-0700] {dag.py:3722} INFO - Setting next_dagrun for latest_only to 2025-02-18T01:28:49.856538+00:00, run_after=2025-02-18T05:28:49.856538+00:00
[2025-02-17T22:28:49.886-0700] {processor.py:179} INFO - Processing /home/jparep/miniconda3/envs/dbt-env/lib/python3.11/site-packages/airflow/example_dags/example_latest_only.py took 0.090 seconds
[2025-02-17T22:29:33.319-0700] {processor.py:157} INFO - Started process (PID=155371) to work on /home/jparep/miniconda3/envs/dbt-env/lib/python3.11/site-packages/airflow/example_dags/example_latest_only.py
[2025-02-17T22:29:33.322-0700] {processor.py:829} INFO - Processing file /home/jparep/miniconda3/envs/dbt-env/lib/python3.11/site-packages/airflow/example_dags/example_latest_only.py for tasks to queue
[2025-02-17T22:29:33.323-0700] {logging_mixin.py:154} INFO - [2025-02-17T22:29:33.322-0700] {dagbag.py:536} INFO - Filling up the DagBag from /home/jparep/miniconda3/envs/dbt-env/lib/python3.11/site-packages/airflow/example_dags/example_latest_only.py
[2025-02-17T22:29:33.333-0700] {processor.py:839} INFO - DAG(s) dict_keys(['latest_only']) retrieved from /home/jparep/miniconda3/envs/dbt-env/lib/python3.11/site-packages/airflow/example_dags/example_latest_only.py
[2025-02-17T22:29:33.356-0700] {logging_mixin.py:154} INFO - [2025-02-17T22:29:33.356-0700] {dag.py:2941} INFO - Sync 1 DAGs
[2025-02-17T22:29:33.375-0700] {logging_mixin.py:154} INFO - [2025-02-17T22:29:33.375-0700] {dag.py:3722} INFO - Setting next_dagrun for latest_only to 2025-02-18T01:29:33.375395+00:00, run_after=2025-02-18T05:29:33.375395+00:00
[2025-02-17T22:29:33.398-0700] {processor.py:179} INFO - Processing /home/jparep/miniconda3/envs/dbt-env/lib/python3.11/site-packages/airflow/example_dags/example_latest_only.py took 0.084 seconds
[2025-02-17T22:30:34.749-0700] {processor.py:157} INFO - Started process (PID=155879) to work on /home/jparep/miniconda3/envs/dbt-env/lib/python3.11/site-packages/airflow/example_dags/example_latest_only.py
[2025-02-17T22:30:34.752-0700] {processor.py:829} INFO - Processing file /home/jparep/miniconda3/envs/dbt-env/lib/python3.11/site-packages/airflow/example_dags/example_latest_only.py for tasks to queue
[2025-02-17T22:30:34.753-0700] {logging_mixin.py:154} INFO - [2025-02-17T22:30:34.753-0700] {dagbag.py:536} INFO - Filling up the DagBag from /home/jparep/miniconda3/envs/dbt-env/lib/python3.11/site-packages/airflow/example_dags/example_latest_only.py
[2025-02-17T22:30:34.761-0700] {processor.py:839} INFO - DAG(s) dict_keys(['latest_only']) retrieved from /home/jparep/miniconda3/envs/dbt-env/lib/python3.11/site-packages/airflow/example_dags/example_latest_only.py
[2025-02-17T22:30:34.787-0700] {logging_mixin.py:154} INFO - [2025-02-17T22:30:34.787-0700] {dag.py:2941} INFO - Sync 1 DAGs
[2025-02-17T22:30:34.812-0700] {logging_mixin.py:154} INFO - [2025-02-17T22:30:34.812-0700] {dag.py:3722} INFO - Setting next_dagrun for latest_only to 2025-02-18T01:30:34.811908+00:00, run_after=2025-02-18T05:30:34.811908+00:00
[2025-02-17T22:30:34.839-0700] {processor.py:179} INFO - Processing /home/jparep/miniconda3/envs/dbt-env/lib/python3.11/site-packages/airflow/example_dags/example_latest_only.py took 0.094 seconds
[2025-02-17T22:31:24.227-0700] {processor.py:157} INFO - Started process (PID=156381) to work on /home/jparep/miniconda3/envs/dbt-env/lib/python3.11/site-packages/airflow/example_dags/example_latest_only.py
[2025-02-17T22:31:24.230-0700] {processor.py:829} INFO - Processing file /home/jparep/miniconda3/envs/dbt-env/lib/python3.11/site-packages/airflow/example_dags/example_latest_only.py for tasks to queue
[2025-02-17T22:31:24.232-0700] {logging_mixin.py:154} INFO - [2025-02-17T22:31:24.231-0700] {dagbag.py:536} INFO - Filling up the DagBag from /home/jparep/miniconda3/envs/dbt-env/lib/python3.11/site-packages/airflow/example_dags/example_latest_only.py
[2025-02-17T22:31:24.243-0700] {processor.py:839} INFO - DAG(s) dict_keys(['latest_only']) retrieved from /home/jparep/miniconda3/envs/dbt-env/lib/python3.11/site-packages/airflow/example_dags/example_latest_only.py
[2025-02-17T22:31:24.262-0700] {logging_mixin.py:154} INFO - [2025-02-17T22:31:24.262-0700] {dag.py:2941} INFO - Sync 1 DAGs
[2025-02-17T22:31:24.278-0700] {logging_mixin.py:154} INFO - [2025-02-17T22:31:24.277-0700] {dag.py:3722} INFO - Setting next_dagrun for latest_only to 2025-02-18T01:31:24.277601+00:00, run_after=2025-02-18T05:31:24.277601+00:00
[2025-02-17T22:31:24.309-0700] {processor.py:179} INFO - Processing /home/jparep/miniconda3/envs/dbt-env/lib/python3.11/site-packages/airflow/example_dags/example_latest_only.py took 0.088 seconds
[2025-02-17T22:32:22.724-0700] {processor.py:157} INFO - Started process (PID=156718) to work on /home/jparep/miniconda3/envs/dbt-env/lib/python3.11/site-packages/airflow/example_dags/example_latest_only.py
[2025-02-17T22:32:22.726-0700] {processor.py:829} INFO - Processing file /home/jparep/miniconda3/envs/dbt-env/lib/python3.11/site-packages/airflow/example_dags/example_latest_only.py for tasks to queue
[2025-02-17T22:32:22.728-0700] {logging_mixin.py:154} INFO - [2025-02-17T22:32:22.727-0700] {dagbag.py:536} INFO - Filling up the DagBag from /home/jparep/miniconda3/envs/dbt-env/lib/python3.11/site-packages/airflow/example_dags/example_latest_only.py
[2025-02-17T22:32:22.739-0700] {processor.py:839} INFO - DAG(s) dict_keys(['latest_only']) retrieved from /home/jparep/miniconda3/envs/dbt-env/lib/python3.11/site-packages/airflow/example_dags/example_latest_only.py
[2025-02-17T22:32:22.762-0700] {logging_mixin.py:154} INFO - [2025-02-17T22:32:22.762-0700] {dag.py:2941} INFO - Sync 1 DAGs
[2025-02-17T22:32:22.779-0700] {logging_mixin.py:154} INFO - [2025-02-17T22:32:22.778-0700] {dag.py:3722} INFO - Setting next_dagrun for latest_only to 2025-02-18T01:32:22.778734+00:00, run_after=2025-02-18T05:32:22.778734+00:00
[2025-02-17T22:32:22.797-0700] {processor.py:179} INFO - Processing /home/jparep/miniconda3/envs/dbt-env/lib/python3.11/site-packages/airflow/example_dags/example_latest_only.py took 0.081 seconds
[2025-02-17T22:33:23.194-0700] {processor.py:157} INFO - Started process (PID=157201) to work on /home/jparep/miniconda3/envs/dbt-env/lib/python3.11/site-packages/airflow/example_dags/example_latest_only.py
[2025-02-17T22:33:23.197-0700] {processor.py:829} INFO - Processing file /home/jparep/miniconda3/envs/dbt-env/lib/python3.11/site-packages/airflow/example_dags/example_latest_only.py for tasks to queue
[2025-02-17T22:33:23.198-0700] {logging_mixin.py:154} INFO - [2025-02-17T22:33:23.197-0700] {dagbag.py:536} INFO - Filling up the DagBag from /home/jparep/miniconda3/envs/dbt-env/lib/python3.11/site-packages/airflow/example_dags/example_latest_only.py
[2025-02-17T22:33:23.207-0700] {processor.py:839} INFO - DAG(s) dict_keys(['latest_only']) retrieved from /home/jparep/miniconda3/envs/dbt-env/lib/python3.11/site-packages/airflow/example_dags/example_latest_only.py
[2025-02-17T22:33:23.230-0700] {logging_mixin.py:154} INFO - [2025-02-17T22:33:23.229-0700] {dag.py:2941} INFO - Sync 1 DAGs
[2025-02-17T22:33:23.256-0700] {logging_mixin.py:154} INFO - [2025-02-17T22:33:23.256-0700] {dag.py:3722} INFO - Setting next_dagrun for latest_only to 2025-02-18T01:33:23.255977+00:00, run_after=2025-02-18T05:33:23.255977+00:00
[2025-02-17T22:33:23.284-0700] {processor.py:179} INFO - Processing /home/jparep/miniconda3/envs/dbt-env/lib/python3.11/site-packages/airflow/example_dags/example_latest_only.py took 0.094 seconds
[2025-02-17T22:34:15.606-0700] {processor.py:157} INFO - Started process (PID=157607) to work on /home/jparep/miniconda3/envs/dbt-env/lib/python3.11/site-packages/airflow/example_dags/example_latest_only.py
[2025-02-17T22:34:15.609-0700] {processor.py:829} INFO - Processing file /home/jparep/miniconda3/envs/dbt-env/lib/python3.11/site-packages/airflow/example_dags/example_latest_only.py for tasks to queue
[2025-02-17T22:34:15.610-0700] {logging_mixin.py:154} INFO - [2025-02-17T22:34:15.609-0700] {dagbag.py:536} INFO - Filling up the DagBag from /home/jparep/miniconda3/envs/dbt-env/lib/python3.11/site-packages/airflow/example_dags/example_latest_only.py
[2025-02-17T22:34:15.619-0700] {processor.py:839} INFO - DAG(s) dict_keys(['latest_only']) retrieved from /home/jparep/miniconda3/envs/dbt-env/lib/python3.11/site-packages/airflow/example_dags/example_latest_only.py
[2025-02-17T22:34:15.641-0700] {logging_mixin.py:154} INFO - [2025-02-17T22:34:15.641-0700] {dag.py:2941} INFO - Sync 1 DAGs
[2025-02-17T22:34:15.663-0700] {logging_mixin.py:154} INFO - [2025-02-17T22:34:15.663-0700] {dag.py:3722} INFO - Setting next_dagrun for latest_only to 2025-02-18T01:34:15.663007+00:00, run_after=2025-02-18T05:34:15.663007+00:00
[2025-02-17T22:34:15.686-0700] {processor.py:179} INFO - Processing /home/jparep/miniconda3/envs/dbt-env/lib/python3.11/site-packages/airflow/example_dags/example_latest_only.py took 0.084 seconds
[2025-02-17T22:35:10.931-0700] {processor.py:157} INFO - Started process (PID=158047) to work on /home/jparep/miniconda3/envs/dbt-env/lib/python3.11/site-packages/airflow/example_dags/example_latest_only.py
[2025-02-17T22:35:10.935-0700] {processor.py:829} INFO - Processing file /home/jparep/miniconda3/envs/dbt-env/lib/python3.11/site-packages/airflow/example_dags/example_latest_only.py for tasks to queue
[2025-02-17T22:35:10.937-0700] {logging_mixin.py:154} INFO - [2025-02-17T22:35:10.936-0700] {dagbag.py:536} INFO - Filling up the DagBag from /home/jparep/miniconda3/envs/dbt-env/lib/python3.11/site-packages/airflow/example_dags/example_latest_only.py
[2025-02-17T22:35:10.948-0700] {processor.py:839} INFO - DAG(s) dict_keys(['latest_only']) retrieved from /home/jparep/miniconda3/envs/dbt-env/lib/python3.11/site-packages/airflow/example_dags/example_latest_only.py
[2025-02-17T22:35:10.967-0700] {logging_mixin.py:154} INFO - [2025-02-17T22:35:10.967-0700] {dag.py:2941} INFO - Sync 1 DAGs
[2025-02-17T22:35:10.991-0700] {logging_mixin.py:154} INFO - [2025-02-17T22:35:10.991-0700] {dag.py:3722} INFO - Setting next_dagrun for latest_only to 2025-02-18T01:35:10.991355+00:00, run_after=2025-02-18T05:35:10.991355+00:00
[2025-02-17T22:35:11.014-0700] {processor.py:179} INFO - Processing /home/jparep/miniconda3/envs/dbt-env/lib/python3.11/site-packages/airflow/example_dags/example_latest_only.py took 0.091 seconds
[2025-02-17T22:36:07.610-0700] {processor.py:157} INFO - Started process (PID=158595) to work on /home/jparep/miniconda3/envs/dbt-env/lib/python3.11/site-packages/airflow/example_dags/example_latest_only.py
[2025-02-17T22:36:07.614-0700] {processor.py:829} INFO - Processing file /home/jparep/miniconda3/envs/dbt-env/lib/python3.11/site-packages/airflow/example_dags/example_latest_only.py for tasks to queue
[2025-02-17T22:36:07.616-0700] {logging_mixin.py:154} INFO - [2025-02-17T22:36:07.615-0700] {dagbag.py:536} INFO - Filling up the DagBag from /home/jparep/miniconda3/envs/dbt-env/lib/python3.11/site-packages/airflow/example_dags/example_latest_only.py
[2025-02-17T22:36:07.626-0700] {processor.py:839} INFO - DAG(s) dict_keys(['latest_only']) retrieved from /home/jparep/miniconda3/envs/dbt-env/lib/python3.11/site-packages/airflow/example_dags/example_latest_only.py
[2025-02-17T22:36:07.651-0700] {logging_mixin.py:154} INFO - [2025-02-17T22:36:07.651-0700] {dag.py:2941} INFO - Sync 1 DAGs
[2025-02-17T22:36:07.679-0700] {logging_mixin.py:154} INFO - [2025-02-17T22:36:07.679-0700] {dag.py:3722} INFO - Setting next_dagrun for latest_only to 2025-02-18T01:36:07.678621+00:00, run_after=2025-02-18T05:36:07.678621+00:00
[2025-02-17T22:36:07.715-0700] {processor.py:179} INFO - Processing /home/jparep/miniconda3/envs/dbt-env/lib/python3.11/site-packages/airflow/example_dags/example_latest_only.py took 0.110 seconds
[2025-02-17T22:37:08.883-0700] {processor.py:157} INFO - Started process (PID=159157) to work on /home/jparep/miniconda3/envs/dbt-env/lib/python3.11/site-packages/airflow/example_dags/example_latest_only.py
[2025-02-17T22:37:08.885-0700] {processor.py:829} INFO - Processing file /home/jparep/miniconda3/envs/dbt-env/lib/python3.11/site-packages/airflow/example_dags/example_latest_only.py for tasks to queue
[2025-02-17T22:37:08.887-0700] {logging_mixin.py:154} INFO - [2025-02-17T22:37:08.886-0700] {dagbag.py:536} INFO - Filling up the DagBag from /home/jparep/miniconda3/envs/dbt-env/lib/python3.11/site-packages/airflow/example_dags/example_latest_only.py
[2025-02-17T22:37:08.896-0700] {processor.py:839} INFO - DAG(s) dict_keys(['latest_only']) retrieved from /home/jparep/miniconda3/envs/dbt-env/lib/python3.11/site-packages/airflow/example_dags/example_latest_only.py
[2025-02-17T22:37:08.919-0700] {logging_mixin.py:154} INFO - [2025-02-17T22:37:08.919-0700] {dag.py:2941} INFO - Sync 1 DAGs
[2025-02-17T22:37:08.946-0700] {logging_mixin.py:154} INFO - [2025-02-17T22:37:08.945-0700] {dag.py:3722} INFO - Setting next_dagrun for latest_only to 2025-02-18T01:37:08.945599+00:00, run_after=2025-02-18T05:37:08.945599+00:00
[2025-02-17T22:37:08.973-0700] {processor.py:179} INFO - Processing /home/jparep/miniconda3/envs/dbt-env/lib/python3.11/site-packages/airflow/example_dags/example_latest_only.py took 0.096 seconds
[2025-02-17T22:38:01.256-0700] {processor.py:157} INFO - Started process (PID=160318) to work on /home/jparep/miniconda3/envs/dbt-env/lib/python3.11/site-packages/airflow/example_dags/example_latest_only.py
[2025-02-17T22:38:01.258-0700] {processor.py:829} INFO - Processing file /home/jparep/miniconda3/envs/dbt-env/lib/python3.11/site-packages/airflow/example_dags/example_latest_only.py for tasks to queue
[2025-02-17T22:38:01.260-0700] {logging_mixin.py:154} INFO - [2025-02-17T22:38:01.259-0700] {dagbag.py:536} INFO - Filling up the DagBag from /home/jparep/miniconda3/envs/dbt-env/lib/python3.11/site-packages/airflow/example_dags/example_latest_only.py
[2025-02-17T22:38:01.270-0700] {processor.py:839} INFO - DAG(s) dict_keys(['latest_only']) retrieved from /home/jparep/miniconda3/envs/dbt-env/lib/python3.11/site-packages/airflow/example_dags/example_latest_only.py
[2025-02-17T22:38:01.292-0700] {logging_mixin.py:154} INFO - [2025-02-17T22:38:01.291-0700] {dag.py:2941} INFO - Sync 1 DAGs
[2025-02-17T22:38:01.312-0700] {logging_mixin.py:154} INFO - [2025-02-17T22:38:01.311-0700] {dag.py:3722} INFO - Setting next_dagrun for latest_only to 2025-02-18T01:38:01.311792+00:00, run_after=2025-02-18T05:38:01.311792+00:00
[2025-02-17T22:38:01.330-0700] {processor.py:179} INFO - Processing /home/jparep/miniconda3/envs/dbt-env/lib/python3.11/site-packages/airflow/example_dags/example_latest_only.py took 0.079 seconds
[2025-02-17T22:38:56.207-0700] {processor.py:157} INFO - Started process (PID=160850) to work on /home/jparep/miniconda3/envs/dbt-env/lib/python3.11/site-packages/airflow/example_dags/example_latest_only.py
[2025-02-17T22:38:56.209-0700] {processor.py:829} INFO - Processing file /home/jparep/miniconda3/envs/dbt-env/lib/python3.11/site-packages/airflow/example_dags/example_latest_only.py for tasks to queue
[2025-02-17T22:38:56.210-0700] {logging_mixin.py:154} INFO - [2025-02-17T22:38:56.210-0700] {dagbag.py:536} INFO - Filling up the DagBag from /home/jparep/miniconda3/envs/dbt-env/lib/python3.11/site-packages/airflow/example_dags/example_latest_only.py
[2025-02-17T22:38:56.219-0700] {processor.py:839} INFO - DAG(s) dict_keys(['latest_only']) retrieved from /home/jparep/miniconda3/envs/dbt-env/lib/python3.11/site-packages/airflow/example_dags/example_latest_only.py
[2025-02-17T22:38:56.244-0700] {logging_mixin.py:154} INFO - [2025-02-17T22:38:56.244-0700] {dag.py:2941} INFO - Sync 1 DAGs
[2025-02-17T22:38:56.270-0700] {logging_mixin.py:154} INFO - [2025-02-17T22:38:56.270-0700] {dag.py:3722} INFO - Setting next_dagrun for latest_only to 2025-02-18T01:38:56.270500+00:00, run_after=2025-02-18T05:38:56.270500+00:00
[2025-02-17T22:38:56.292-0700] {processor.py:179} INFO - Processing /home/jparep/miniconda3/envs/dbt-env/lib/python3.11/site-packages/airflow/example_dags/example_latest_only.py took 0.089 seconds
[2025-02-17T22:39:48.736-0700] {processor.py:157} INFO - Started process (PID=161264) to work on /home/jparep/miniconda3/envs/dbt-env/lib/python3.11/site-packages/airflow/example_dags/example_latest_only.py
[2025-02-17T22:39:48.738-0700] {processor.py:829} INFO - Processing file /home/jparep/miniconda3/envs/dbt-env/lib/python3.11/site-packages/airflow/example_dags/example_latest_only.py for tasks to queue
[2025-02-17T22:39:48.739-0700] {logging_mixin.py:154} INFO - [2025-02-17T22:39:48.739-0700] {dagbag.py:536} INFO - Filling up the DagBag from /home/jparep/miniconda3/envs/dbt-env/lib/python3.11/site-packages/airflow/example_dags/example_latest_only.py
[2025-02-17T22:39:48.746-0700] {processor.py:839} INFO - DAG(s) dict_keys(['latest_only']) retrieved from /home/jparep/miniconda3/envs/dbt-env/lib/python3.11/site-packages/airflow/example_dags/example_latest_only.py
[2025-02-17T22:39:48.770-0700] {logging_mixin.py:154} INFO - [2025-02-17T22:39:48.770-0700] {dag.py:2941} INFO - Sync 1 DAGs
[2025-02-17T22:39:48.787-0700] {logging_mixin.py:154} INFO - [2025-02-17T22:39:48.786-0700] {dag.py:3722} INFO - Setting next_dagrun for latest_only to 2025-02-18T01:39:48.786674+00:00, run_after=2025-02-18T05:39:48.786674+00:00
[2025-02-17T22:39:48.803-0700] {processor.py:179} INFO - Processing /home/jparep/miniconda3/envs/dbt-env/lib/python3.11/site-packages/airflow/example_dags/example_latest_only.py took 0.069 seconds
[2025-02-17T22:40:45.388-0700] {processor.py:157} INFO - Started process (PID=161792) to work on /home/jparep/miniconda3/envs/dbt-env/lib/python3.11/site-packages/airflow/example_dags/example_latest_only.py
[2025-02-17T22:40:45.390-0700] {processor.py:829} INFO - Processing file /home/jparep/miniconda3/envs/dbt-env/lib/python3.11/site-packages/airflow/example_dags/example_latest_only.py for tasks to queue
[2025-02-17T22:40:45.391-0700] {logging_mixin.py:154} INFO - [2025-02-17T22:40:45.391-0700] {dagbag.py:536} INFO - Filling up the DagBag from /home/jparep/miniconda3/envs/dbt-env/lib/python3.11/site-packages/airflow/example_dags/example_latest_only.py
[2025-02-17T22:40:45.396-0700] {processor.py:839} INFO - DAG(s) dict_keys(['latest_only']) retrieved from /home/jparep/miniconda3/envs/dbt-env/lib/python3.11/site-packages/airflow/example_dags/example_latest_only.py
[2025-02-17T22:40:45.410-0700] {logging_mixin.py:154} INFO - [2025-02-17T22:40:45.410-0700] {dag.py:2941} INFO - Sync 1 DAGs
[2025-02-17T22:40:45.424-0700] {logging_mixin.py:154} INFO - [2025-02-17T22:40:45.424-0700] {dag.py:3722} INFO - Setting next_dagrun for latest_only to 2025-02-18T01:40:45.424541+00:00, run_after=2025-02-18T05:40:45.424541+00:00
[2025-02-17T22:40:45.442-0700] {processor.py:179} INFO - Processing /home/jparep/miniconda3/envs/dbt-env/lib/python3.11/site-packages/airflow/example_dags/example_latest_only.py took 0.056 seconds
