[2025-02-17T22:16:33.227-0700] {processor.py:157} INFO - Started process (PID=148764) to work on /home/jparep/miniconda3/envs/dbt-env/lib/python3.11/site-packages/airflow/example_dags/example_branch_operator_decorator.py
[2025-02-17T22:16:33.228-0700] {processor.py:829} INFO - Processing file /home/jparep/miniconda3/envs/dbt-env/lib/python3.11/site-packages/airflow/example_dags/example_branch_operator_decorator.py for tasks to queue
[2025-02-17T22:16:33.229-0700] {logging_mixin.py:154} INFO - [2025-02-17T22:16:33.229-0700] {dagbag.py:536} INFO - Filling up the DagBag from /home/jparep/miniconda3/envs/dbt-env/lib/python3.11/site-packages/airflow/example_dags/example_branch_operator_decorator.py
[2025-02-17T22:16:33.244-0700] {processor.py:839} INFO - DAG(s) dict_keys(['example_branch_python_operator_decorator']) retrieved from /home/jparep/miniconda3/envs/dbt-env/lib/python3.11/site-packages/airflow/example_dags/example_branch_operator_decorator.py
[2025-02-17T22:16:33.414-0700] {logging_mixin.py:154} INFO - [2025-02-17T22:16:33.414-0700] {manager.py:499} INFO - Created Permission View: %s
[2025-02-17T22:16:33.421-0700] {logging_mixin.py:154} INFO - [2025-02-17T22:16:33.421-0700] {manager.py:499} INFO - Created Permission View: %s
[2025-02-17T22:16:33.431-0700] {logging_mixin.py:154} INFO - [2025-02-17T22:16:33.430-0700] {manager.py:499} INFO - Created Permission View: %s
[2025-02-17T22:16:33.431-0700] {logging_mixin.py:154} INFO - [2025-02-17T22:16:33.431-0700] {dag.py:2941} INFO - Sync 1 DAGs
[2025-02-17T22:16:33.440-0700] {logging_mixin.py:154} INFO - [2025-02-17T22:16:33.439-0700] {dag.py:2963} INFO - Creating ORM DAG for example_branch_python_operator_decorator
[2025-02-17T22:16:33.446-0700] {logging_mixin.py:154} INFO - [2025-02-17T22:16:33.446-0700] {dag.py:3722} INFO - Setting next_dagrun for example_branch_python_operator_decorator to 2025-02-17T00:00:00+00:00, run_after=2025-02-18T00:00:00+00:00
[2025-02-17T22:16:33.461-0700] {processor.py:179} INFO - Processing /home/jparep/miniconda3/envs/dbt-env/lib/python3.11/site-packages/airflow/example_dags/example_branch_operator_decorator.py took 0.237 seconds
[2025-02-17T22:17:46.268-0700] {processor.py:157} INFO - Started process (PID=149327) to work on /home/jparep/miniconda3/envs/dbt-env/lib/python3.11/site-packages/airflow/example_dags/example_branch_operator_decorator.py
[2025-02-17T22:17:46.271-0700] {processor.py:829} INFO - Processing file /home/jparep/miniconda3/envs/dbt-env/lib/python3.11/site-packages/airflow/example_dags/example_branch_operator_decorator.py for tasks to queue
[2025-02-17T22:17:46.272-0700] {logging_mixin.py:154} INFO - [2025-02-17T22:17:46.271-0700] {dagbag.py:536} INFO - Filling up the DagBag from /home/jparep/miniconda3/envs/dbt-env/lib/python3.11/site-packages/airflow/example_dags/example_branch_operator_decorator.py
[2025-02-17T22:17:46.373-0700] {processor.py:839} INFO - DAG(s) dict_keys(['example_branch_python_operator_decorator']) retrieved from /home/jparep/miniconda3/envs/dbt-env/lib/python3.11/site-packages/airflow/example_dags/example_branch_operator_decorator.py
[2025-02-17T22:17:46.382-0700] {logging_mixin.py:154} INFO - [2025-02-17T22:17:46.382-0700] {dag.py:2941} INFO - Sync 1 DAGs
[2025-02-17T22:17:46.395-0700] {logging_mixin.py:154} INFO - [2025-02-17T22:17:46.395-0700] {dag.py:3722} INFO - Setting next_dagrun for example_branch_python_operator_decorator to 2025-02-17T00:00:00+00:00, run_after=2025-02-18T00:00:00+00:00
[2025-02-17T22:17:46.414-0700] {processor.py:179} INFO - Processing /home/jparep/miniconda3/envs/dbt-env/lib/python3.11/site-packages/airflow/example_dags/example_branch_operator_decorator.py took 0.152 seconds
[2025-02-17T22:18:43.923-0700] {processor.py:157} INFO - Started process (PID=149884) to work on /home/jparep/miniconda3/envs/dbt-env/lib/python3.11/site-packages/airflow/example_dags/example_branch_operator_decorator.py
[2025-02-17T22:18:43.925-0700] {processor.py:829} INFO - Processing file /home/jparep/miniconda3/envs/dbt-env/lib/python3.11/site-packages/airflow/example_dags/example_branch_operator_decorator.py for tasks to queue
[2025-02-17T22:18:43.925-0700] {logging_mixin.py:154} INFO - [2025-02-17T22:18:43.925-0700] {dagbag.py:536} INFO - Filling up the DagBag from /home/jparep/miniconda3/envs/dbt-env/lib/python3.11/site-packages/airflow/example_dags/example_branch_operator_decorator.py
[2025-02-17T22:18:43.934-0700] {processor.py:839} INFO - DAG(s) dict_keys(['example_branch_python_operator_decorator']) retrieved from /home/jparep/miniconda3/envs/dbt-env/lib/python3.11/site-packages/airflow/example_dags/example_branch_operator_decorator.py
[2025-02-17T22:18:43.948-0700] {logging_mixin.py:154} INFO - [2025-02-17T22:18:43.948-0700] {dag.py:2941} INFO - Sync 1 DAGs
[2025-02-17T22:18:43.962-0700] {logging_mixin.py:154} INFO - [2025-02-17T22:18:43.962-0700] {dag.py:3722} INFO - Setting next_dagrun for example_branch_python_operator_decorator to 2025-02-17T00:00:00+00:00, run_after=2025-02-18T00:00:00+00:00
[2025-02-17T22:18:43.978-0700] {processor.py:179} INFO - Processing /home/jparep/miniconda3/envs/dbt-env/lib/python3.11/site-packages/airflow/example_dags/example_branch_operator_decorator.py took 0.058 seconds
[2025-02-17T22:19:40.973-0700] {processor.py:157} INFO - Started process (PID=150411) to work on /home/jparep/miniconda3/envs/dbt-env/lib/python3.11/site-packages/airflow/example_dags/example_branch_operator_decorator.py
[2025-02-17T22:19:40.976-0700] {processor.py:829} INFO - Processing file /home/jparep/miniconda3/envs/dbt-env/lib/python3.11/site-packages/airflow/example_dags/example_branch_operator_decorator.py for tasks to queue
[2025-02-17T22:19:40.978-0700] {logging_mixin.py:154} INFO - [2025-02-17T22:19:40.978-0700] {dagbag.py:536} INFO - Filling up the DagBag from /home/jparep/miniconda3/envs/dbt-env/lib/python3.11/site-packages/airflow/example_dags/example_branch_operator_decorator.py
[2025-02-17T22:19:40.994-0700] {processor.py:839} INFO - DAG(s) dict_keys(['example_branch_python_operator_decorator']) retrieved from /home/jparep/miniconda3/envs/dbt-env/lib/python3.11/site-packages/airflow/example_dags/example_branch_operator_decorator.py
[2025-02-17T22:19:41.016-0700] {logging_mixin.py:154} INFO - [2025-02-17T22:19:41.016-0700] {dag.py:2941} INFO - Sync 1 DAGs
[2025-02-17T22:19:41.037-0700] {logging_mixin.py:154} INFO - [2025-02-17T22:19:41.037-0700] {dag.py:3722} INFO - Setting next_dagrun for example_branch_python_operator_decorator to 2025-02-17T00:00:00+00:00, run_after=2025-02-18T00:00:00+00:00
[2025-02-17T22:19:41.064-0700] {processor.py:179} INFO - Processing /home/jparep/miniconda3/envs/dbt-env/lib/python3.11/site-packages/airflow/example_dags/example_branch_operator_decorator.py took 0.096 seconds
[2025-02-17T22:20:41.220-0700] {processor.py:157} INFO - Started process (PID=150964) to work on /home/jparep/miniconda3/envs/dbt-env/lib/python3.11/site-packages/airflow/example_dags/example_branch_operator_decorator.py
[2025-02-17T22:20:41.222-0700] {processor.py:829} INFO - Processing file /home/jparep/miniconda3/envs/dbt-env/lib/python3.11/site-packages/airflow/example_dags/example_branch_operator_decorator.py for tasks to queue
[2025-02-17T22:20:41.223-0700] {logging_mixin.py:154} INFO - [2025-02-17T22:20:41.223-0700] {dagbag.py:536} INFO - Filling up the DagBag from /home/jparep/miniconda3/envs/dbt-env/lib/python3.11/site-packages/airflow/example_dags/example_branch_operator_decorator.py
[2025-02-17T22:20:41.237-0700] {processor.py:839} INFO - DAG(s) dict_keys(['example_branch_python_operator_decorator']) retrieved from /home/jparep/miniconda3/envs/dbt-env/lib/python3.11/site-packages/airflow/example_dags/example_branch_operator_decorator.py
[2025-02-17T22:20:41.260-0700] {logging_mixin.py:154} INFO - [2025-02-17T22:20:41.259-0700] {dag.py:2941} INFO - Sync 1 DAGs
[2025-02-17T22:20:41.277-0700] {logging_mixin.py:154} INFO - [2025-02-17T22:20:41.277-0700] {dag.py:3722} INFO - Setting next_dagrun for example_branch_python_operator_decorator to 2025-02-17T00:00:00+00:00, run_after=2025-02-18T00:00:00+00:00
[2025-02-17T22:20:41.296-0700] {processor.py:179} INFO - Processing /home/jparep/miniconda3/envs/dbt-env/lib/python3.11/site-packages/airflow/example_dags/example_branch_operator_decorator.py took 0.080 seconds
[2025-02-17T22:21:34.123-0700] {processor.py:157} INFO - Started process (PID=151319) to work on /home/jparep/miniconda3/envs/dbt-env/lib/python3.11/site-packages/airflow/example_dags/example_branch_operator_decorator.py
[2025-02-17T22:21:34.126-0700] {processor.py:829} INFO - Processing file /home/jparep/miniconda3/envs/dbt-env/lib/python3.11/site-packages/airflow/example_dags/example_branch_operator_decorator.py for tasks to queue
[2025-02-17T22:21:34.127-0700] {logging_mixin.py:154} INFO - [2025-02-17T22:21:34.126-0700] {dagbag.py:536} INFO - Filling up the DagBag from /home/jparep/miniconda3/envs/dbt-env/lib/python3.11/site-packages/airflow/example_dags/example_branch_operator_decorator.py
[2025-02-17T22:21:34.142-0700] {processor.py:839} INFO - DAG(s) dict_keys(['example_branch_python_operator_decorator']) retrieved from /home/jparep/miniconda3/envs/dbt-env/lib/python3.11/site-packages/airflow/example_dags/example_branch_operator_decorator.py
[2025-02-17T22:21:34.166-0700] {logging_mixin.py:154} INFO - [2025-02-17T22:21:34.166-0700] {dag.py:2941} INFO - Sync 1 DAGs
[2025-02-17T22:21:34.191-0700] {logging_mixin.py:154} INFO - [2025-02-17T22:21:34.190-0700] {dag.py:3722} INFO - Setting next_dagrun for example_branch_python_operator_decorator to 2025-02-17T00:00:00+00:00, run_after=2025-02-18T00:00:00+00:00
[2025-02-17T22:21:34.221-0700] {processor.py:179} INFO - Processing /home/jparep/miniconda3/envs/dbt-env/lib/python3.11/site-packages/airflow/example_dags/example_branch_operator_decorator.py took 0.103 seconds
[2025-02-17T22:22:26.682-0700] {processor.py:157} INFO - Started process (PID=151709) to work on /home/jparep/miniconda3/envs/dbt-env/lib/python3.11/site-packages/airflow/example_dags/example_branch_operator_decorator.py
[2025-02-17T22:22:26.685-0700] {processor.py:829} INFO - Processing file /home/jparep/miniconda3/envs/dbt-env/lib/python3.11/site-packages/airflow/example_dags/example_branch_operator_decorator.py for tasks to queue
[2025-02-17T22:22:26.686-0700] {logging_mixin.py:154} INFO - [2025-02-17T22:22:26.685-0700] {dagbag.py:536} INFO - Filling up the DagBag from /home/jparep/miniconda3/envs/dbt-env/lib/python3.11/site-packages/airflow/example_dags/example_branch_operator_decorator.py
[2025-02-17T22:22:26.701-0700] {processor.py:839} INFO - DAG(s) dict_keys(['example_branch_python_operator_decorator']) retrieved from /home/jparep/miniconda3/envs/dbt-env/lib/python3.11/site-packages/airflow/example_dags/example_branch_operator_decorator.py
[2025-02-17T22:22:26.724-0700] {logging_mixin.py:154} INFO - [2025-02-17T22:22:26.724-0700] {dag.py:2941} INFO - Sync 1 DAGs
[2025-02-17T22:22:26.750-0700] {logging_mixin.py:154} INFO - [2025-02-17T22:22:26.750-0700] {dag.py:3722} INFO - Setting next_dagrun for example_branch_python_operator_decorator to 2025-02-17T00:00:00+00:00, run_after=2025-02-18T00:00:00+00:00
[2025-02-17T22:22:26.775-0700] {processor.py:179} INFO - Processing /home/jparep/miniconda3/envs/dbt-env/lib/python3.11/site-packages/airflow/example_dags/example_branch_operator_decorator.py took 0.097 seconds
[2025-02-17T22:23:19.284-0700] {processor.py:157} INFO - Started process (PID=152131) to work on /home/jparep/miniconda3/envs/dbt-env/lib/python3.11/site-packages/airflow/example_dags/example_branch_operator_decorator.py
[2025-02-17T22:23:19.287-0700] {processor.py:829} INFO - Processing file /home/jparep/miniconda3/envs/dbt-env/lib/python3.11/site-packages/airflow/example_dags/example_branch_operator_decorator.py for tasks to queue
[2025-02-17T22:23:19.288-0700] {logging_mixin.py:154} INFO - [2025-02-17T22:23:19.288-0700] {dagbag.py:536} INFO - Filling up the DagBag from /home/jparep/miniconda3/envs/dbt-env/lib/python3.11/site-packages/airflow/example_dags/example_branch_operator_decorator.py
[2025-02-17T22:23:19.305-0700] {processor.py:839} INFO - DAG(s) dict_keys(['example_branch_python_operator_decorator']) retrieved from /home/jparep/miniconda3/envs/dbt-env/lib/python3.11/site-packages/airflow/example_dags/example_branch_operator_decorator.py
[2025-02-17T22:23:19.328-0700] {logging_mixin.py:154} INFO - [2025-02-17T22:23:19.328-0700] {dag.py:2941} INFO - Sync 1 DAGs
[2025-02-17T22:23:19.353-0700] {logging_mixin.py:154} INFO - [2025-02-17T22:23:19.353-0700] {dag.py:3722} INFO - Setting next_dagrun for example_branch_python_operator_decorator to 2025-02-17T00:00:00+00:00, run_after=2025-02-18T00:00:00+00:00
[2025-02-17T22:23:19.382-0700] {processor.py:179} INFO - Processing /home/jparep/miniconda3/envs/dbt-env/lib/python3.11/site-packages/airflow/example_dags/example_branch_operator_decorator.py took 0.104 seconds
[2025-02-17T22:24:16.128-0700] {processor.py:157} INFO - Started process (PID=152670) to work on /home/jparep/miniconda3/envs/dbt-env/lib/python3.11/site-packages/airflow/example_dags/example_branch_operator_decorator.py
[2025-02-17T22:24:16.130-0700] {processor.py:829} INFO - Processing file /home/jparep/miniconda3/envs/dbt-env/lib/python3.11/site-packages/airflow/example_dags/example_branch_operator_decorator.py for tasks to queue
[2025-02-17T22:24:16.132-0700] {logging_mixin.py:154} INFO - [2025-02-17T22:24:16.131-0700] {dagbag.py:536} INFO - Filling up the DagBag from /home/jparep/miniconda3/envs/dbt-env/lib/python3.11/site-packages/airflow/example_dags/example_branch_operator_decorator.py
[2025-02-17T22:24:16.148-0700] {processor.py:839} INFO - DAG(s) dict_keys(['example_branch_python_operator_decorator']) retrieved from /home/jparep/miniconda3/envs/dbt-env/lib/python3.11/site-packages/airflow/example_dags/example_branch_operator_decorator.py
[2025-02-17T22:24:16.171-0700] {logging_mixin.py:154} INFO - [2025-02-17T22:24:16.171-0700] {dag.py:2941} INFO - Sync 1 DAGs
[2025-02-17T22:24:16.188-0700] {logging_mixin.py:154} INFO - [2025-02-17T22:24:16.188-0700] {dag.py:3722} INFO - Setting next_dagrun for example_branch_python_operator_decorator to 2025-02-17T00:00:00+00:00, run_after=2025-02-18T00:00:00+00:00
[2025-02-17T22:24:16.209-0700] {processor.py:179} INFO - Processing /home/jparep/miniconda3/envs/dbt-env/lib/python3.11/site-packages/airflow/example_dags/example_branch_operator_decorator.py took 0.086 seconds
[2025-02-17T22:25:06.458-0700] {processor.py:157} INFO - Started process (PID=153173) to work on /home/jparep/miniconda3/envs/dbt-env/lib/python3.11/site-packages/airflow/example_dags/example_branch_operator_decorator.py
[2025-02-17T22:25:06.461-0700] {processor.py:829} INFO - Processing file /home/jparep/miniconda3/envs/dbt-env/lib/python3.11/site-packages/airflow/example_dags/example_branch_operator_decorator.py for tasks to queue
[2025-02-17T22:25:06.462-0700] {logging_mixin.py:154} INFO - [2025-02-17T22:25:06.461-0700] {dagbag.py:536} INFO - Filling up the DagBag from /home/jparep/miniconda3/envs/dbt-env/lib/python3.11/site-packages/airflow/example_dags/example_branch_operator_decorator.py
[2025-02-17T22:25:06.477-0700] {processor.py:839} INFO - DAG(s) dict_keys(['example_branch_python_operator_decorator']) retrieved from /home/jparep/miniconda3/envs/dbt-env/lib/python3.11/site-packages/airflow/example_dags/example_branch_operator_decorator.py
[2025-02-17T22:25:06.499-0700] {logging_mixin.py:154} INFO - [2025-02-17T22:25:06.499-0700] {dag.py:2941} INFO - Sync 1 DAGs
[2025-02-17T22:25:06.520-0700] {logging_mixin.py:154} INFO - [2025-02-17T22:25:06.519-0700] {dag.py:3722} INFO - Setting next_dagrun for example_branch_python_operator_decorator to 2025-02-17T00:00:00+00:00, run_after=2025-02-18T00:00:00+00:00
[2025-02-17T22:25:06.539-0700] {processor.py:179} INFO - Processing /home/jparep/miniconda3/envs/dbt-env/lib/python3.11/site-packages/airflow/example_dags/example_branch_operator_decorator.py took 0.084 seconds
[2025-02-17T22:26:11.444-0700] {processor.py:157} INFO - Started process (PID=153754) to work on /home/jparep/miniconda3/envs/dbt-env/lib/python3.11/site-packages/airflow/example_dags/example_branch_operator_decorator.py
[2025-02-17T22:26:11.446-0700] {processor.py:829} INFO - Processing file /home/jparep/miniconda3/envs/dbt-env/lib/python3.11/site-packages/airflow/example_dags/example_branch_operator_decorator.py for tasks to queue
[2025-02-17T22:26:11.447-0700] {logging_mixin.py:154} INFO - [2025-02-17T22:26:11.447-0700] {dagbag.py:536} INFO - Filling up the DagBag from /home/jparep/miniconda3/envs/dbt-env/lib/python3.11/site-packages/airflow/example_dags/example_branch_operator_decorator.py
[2025-02-17T22:26:11.462-0700] {processor.py:839} INFO - DAG(s) dict_keys(['example_branch_python_operator_decorator']) retrieved from /home/jparep/miniconda3/envs/dbt-env/lib/python3.11/site-packages/airflow/example_dags/example_branch_operator_decorator.py
[2025-02-17T22:26:11.485-0700] {logging_mixin.py:154} INFO - [2025-02-17T22:26:11.485-0700] {dag.py:2941} INFO - Sync 1 DAGs
[2025-02-17T22:26:11.502-0700] {logging_mixin.py:154} INFO - [2025-02-17T22:26:11.502-0700] {dag.py:3722} INFO - Setting next_dagrun for example_branch_python_operator_decorator to 2025-02-17T00:00:00+00:00, run_after=2025-02-18T00:00:00+00:00
[2025-02-17T22:26:11.522-0700] {processor.py:179} INFO - Processing /home/jparep/miniconda3/envs/dbt-env/lib/python3.11/site-packages/airflow/example_dags/example_branch_operator_decorator.py took 0.083 seconds
[2025-02-17T22:27:01.528-0700] {processor.py:157} INFO - Started process (PID=154067) to work on /home/jparep/miniconda3/envs/dbt-env/lib/python3.11/site-packages/airflow/example_dags/example_branch_operator_decorator.py
[2025-02-17T22:27:01.532-0700] {processor.py:829} INFO - Processing file /home/jparep/miniconda3/envs/dbt-env/lib/python3.11/site-packages/airflow/example_dags/example_branch_operator_decorator.py for tasks to queue
[2025-02-17T22:27:01.533-0700] {logging_mixin.py:154} INFO - [2025-02-17T22:27:01.533-0700] {dagbag.py:536} INFO - Filling up the DagBag from /home/jparep/miniconda3/envs/dbt-env/lib/python3.11/site-packages/airflow/example_dags/example_branch_operator_decorator.py
[2025-02-17T22:27:01.549-0700] {processor.py:839} INFO - DAG(s) dict_keys(['example_branch_python_operator_decorator']) retrieved from /home/jparep/miniconda3/envs/dbt-env/lib/python3.11/site-packages/airflow/example_dags/example_branch_operator_decorator.py
[2025-02-17T22:27:01.573-0700] {logging_mixin.py:154} INFO - [2025-02-17T22:27:01.573-0700] {dag.py:2941} INFO - Sync 1 DAGs
[2025-02-17T22:27:01.597-0700] {logging_mixin.py:154} INFO - [2025-02-17T22:27:01.597-0700] {dag.py:3722} INFO - Setting next_dagrun for example_branch_python_operator_decorator to 2025-02-17T00:00:00+00:00, run_after=2025-02-18T00:00:00+00:00
[2025-02-17T22:27:01.620-0700] {processor.py:179} INFO - Processing /home/jparep/miniconda3/envs/dbt-env/lib/python3.11/site-packages/airflow/example_dags/example_branch_operator_decorator.py took 0.096 seconds
[2025-02-17T22:27:55.646-0700] {processor.py:157} INFO - Started process (PID=154592) to work on /home/jparep/miniconda3/envs/dbt-env/lib/python3.11/site-packages/airflow/example_dags/example_branch_operator_decorator.py
[2025-02-17T22:27:55.649-0700] {processor.py:829} INFO - Processing file /home/jparep/miniconda3/envs/dbt-env/lib/python3.11/site-packages/airflow/example_dags/example_branch_operator_decorator.py for tasks to queue
[2025-02-17T22:27:55.650-0700] {logging_mixin.py:154} INFO - [2025-02-17T22:27:55.649-0700] {dagbag.py:536} INFO - Filling up the DagBag from /home/jparep/miniconda3/envs/dbt-env/lib/python3.11/site-packages/airflow/example_dags/example_branch_operator_decorator.py
[2025-02-17T22:27:55.668-0700] {processor.py:839} INFO - DAG(s) dict_keys(['example_branch_python_operator_decorator']) retrieved from /home/jparep/miniconda3/envs/dbt-env/lib/python3.11/site-packages/airflow/example_dags/example_branch_operator_decorator.py
[2025-02-17T22:27:55.694-0700] {logging_mixin.py:154} INFO - [2025-02-17T22:27:55.694-0700] {dag.py:2941} INFO - Sync 1 DAGs
[2025-02-17T22:27:55.720-0700] {logging_mixin.py:154} INFO - [2025-02-17T22:27:55.720-0700] {dag.py:3722} INFO - Setting next_dagrun for example_branch_python_operator_decorator to 2025-02-17T00:00:00+00:00, run_after=2025-02-18T00:00:00+00:00
[2025-02-17T22:27:55.743-0700] {processor.py:179} INFO - Processing /home/jparep/miniconda3/envs/dbt-env/lib/python3.11/site-packages/airflow/example_dags/example_branch_operator_decorator.py took 0.101 seconds
[2025-02-17T22:28:53.394-0700] {processor.py:157} INFO - Started process (PID=155015) to work on /home/jparep/miniconda3/envs/dbt-env/lib/python3.11/site-packages/airflow/example_dags/example_branch_operator_decorator.py
[2025-02-17T22:28:53.397-0700] {processor.py:829} INFO - Processing file /home/jparep/miniconda3/envs/dbt-env/lib/python3.11/site-packages/airflow/example_dags/example_branch_operator_decorator.py for tasks to queue
[2025-02-17T22:28:53.399-0700] {logging_mixin.py:154} INFO - [2025-02-17T22:28:53.398-0700] {dagbag.py:536} INFO - Filling up the DagBag from /home/jparep/miniconda3/envs/dbt-env/lib/python3.11/site-packages/airflow/example_dags/example_branch_operator_decorator.py
[2025-02-17T22:28:53.417-0700] {processor.py:839} INFO - DAG(s) dict_keys(['example_branch_python_operator_decorator']) retrieved from /home/jparep/miniconda3/envs/dbt-env/lib/python3.11/site-packages/airflow/example_dags/example_branch_operator_decorator.py
[2025-02-17T22:28:53.446-0700] {logging_mixin.py:154} INFO - [2025-02-17T22:28:53.446-0700] {dag.py:2941} INFO - Sync 1 DAGs
[2025-02-17T22:28:53.482-0700] {logging_mixin.py:154} INFO - [2025-02-17T22:28:53.482-0700] {dag.py:3722} INFO - Setting next_dagrun for example_branch_python_operator_decorator to 2025-02-17T00:00:00+00:00, run_after=2025-02-18T00:00:00+00:00
[2025-02-17T22:28:53.519-0700] {processor.py:179} INFO - Processing /home/jparep/miniconda3/envs/dbt-env/lib/python3.11/site-packages/airflow/example_dags/example_branch_operator_decorator.py took 0.130 seconds
[2025-02-17T22:29:57.512-0700] {processor.py:157} INFO - Started process (PID=155453) to work on /home/jparep/miniconda3/envs/dbt-env/lib/python3.11/site-packages/airflow/example_dags/example_branch_operator_decorator.py
[2025-02-17T22:29:57.515-0700] {processor.py:829} INFO - Processing file /home/jparep/miniconda3/envs/dbt-env/lib/python3.11/site-packages/airflow/example_dags/example_branch_operator_decorator.py for tasks to queue
[2025-02-17T22:29:57.516-0700] {logging_mixin.py:154} INFO - [2025-02-17T22:29:57.516-0700] {dagbag.py:536} INFO - Filling up the DagBag from /home/jparep/miniconda3/envs/dbt-env/lib/python3.11/site-packages/airflow/example_dags/example_branch_operator_decorator.py
[2025-02-17T22:29:57.534-0700] {processor.py:839} INFO - DAG(s) dict_keys(['example_branch_python_operator_decorator']) retrieved from /home/jparep/miniconda3/envs/dbt-env/lib/python3.11/site-packages/airflow/example_dags/example_branch_operator_decorator.py
[2025-02-17T22:29:57.562-0700] {logging_mixin.py:154} INFO - [2025-02-17T22:29:57.562-0700] {dag.py:2941} INFO - Sync 1 DAGs
[2025-02-17T22:29:57.581-0700] {logging_mixin.py:154} INFO - [2025-02-17T22:29:57.581-0700] {dag.py:3722} INFO - Setting next_dagrun for example_branch_python_operator_decorator to 2025-02-17T00:00:00+00:00, run_after=2025-02-18T00:00:00+00:00
[2025-02-17T22:29:57.605-0700] {processor.py:179} INFO - Processing /home/jparep/miniconda3/envs/dbt-env/lib/python3.11/site-packages/airflow/example_dags/example_branch_operator_decorator.py took 0.098 seconds
[2025-02-17T22:30:51.900-0700] {processor.py:157} INFO - Started process (PID=155998) to work on /home/jparep/miniconda3/envs/dbt-env/lib/python3.11/site-packages/airflow/example_dags/example_branch_operator_decorator.py
[2025-02-17T22:30:51.903-0700] {processor.py:829} INFO - Processing file /home/jparep/miniconda3/envs/dbt-env/lib/python3.11/site-packages/airflow/example_dags/example_branch_operator_decorator.py for tasks to queue
[2025-02-17T22:30:51.904-0700] {logging_mixin.py:154} INFO - [2025-02-17T22:30:51.904-0700] {dagbag.py:536} INFO - Filling up the DagBag from /home/jparep/miniconda3/envs/dbt-env/lib/python3.11/site-packages/airflow/example_dags/example_branch_operator_decorator.py
[2025-02-17T22:30:51.921-0700] {processor.py:839} INFO - DAG(s) dict_keys(['example_branch_python_operator_decorator']) retrieved from /home/jparep/miniconda3/envs/dbt-env/lib/python3.11/site-packages/airflow/example_dags/example_branch_operator_decorator.py
[2025-02-17T22:30:51.947-0700] {logging_mixin.py:154} INFO - [2025-02-17T22:30:51.947-0700] {dag.py:2941} INFO - Sync 1 DAGs
[2025-02-17T22:30:51.968-0700] {logging_mixin.py:154} INFO - [2025-02-17T22:30:51.968-0700] {dag.py:3722} INFO - Setting next_dagrun for example_branch_python_operator_decorator to 2025-02-17T00:00:00+00:00, run_after=2025-02-18T00:00:00+00:00
[2025-02-17T22:30:51.991-0700] {processor.py:179} INFO - Processing /home/jparep/miniconda3/envs/dbt-env/lib/python3.11/site-packages/airflow/example_dags/example_branch_operator_decorator.py took 0.096 seconds
[2025-02-17T22:31:48.390-0700] {processor.py:157} INFO - Started process (PID=156552) to work on /home/jparep/miniconda3/envs/dbt-env/lib/python3.11/site-packages/airflow/example_dags/example_branch_operator_decorator.py
[2025-02-17T22:31:48.393-0700] {processor.py:829} INFO - Processing file /home/jparep/miniconda3/envs/dbt-env/lib/python3.11/site-packages/airflow/example_dags/example_branch_operator_decorator.py for tasks to queue
[2025-02-17T22:31:48.395-0700] {logging_mixin.py:154} INFO - [2025-02-17T22:31:48.394-0700] {dagbag.py:536} INFO - Filling up the DagBag from /home/jparep/miniconda3/envs/dbt-env/lib/python3.11/site-packages/airflow/example_dags/example_branch_operator_decorator.py
[2025-02-17T22:31:48.411-0700] {processor.py:839} INFO - DAG(s) dict_keys(['example_branch_python_operator_decorator']) retrieved from /home/jparep/miniconda3/envs/dbt-env/lib/python3.11/site-packages/airflow/example_dags/example_branch_operator_decorator.py
[2025-02-17T22:31:48.429-0700] {logging_mixin.py:154} INFO - [2025-02-17T22:31:48.429-0700] {dag.py:2941} INFO - Sync 1 DAGs
[2025-02-17T22:31:48.449-0700] {logging_mixin.py:154} INFO - [2025-02-17T22:31:48.449-0700] {dag.py:3722} INFO - Setting next_dagrun for example_branch_python_operator_decorator to 2025-02-17T00:00:00+00:00, run_after=2025-02-18T00:00:00+00:00
[2025-02-17T22:31:48.474-0700] {processor.py:179} INFO - Processing /home/jparep/miniconda3/envs/dbt-env/lib/python3.11/site-packages/airflow/example_dags/example_branch_operator_decorator.py took 0.088 seconds
[2025-02-17T22:32:44.521-0700] {processor.py:157} INFO - Started process (PID=156969) to work on /home/jparep/miniconda3/envs/dbt-env/lib/python3.11/site-packages/airflow/example_dags/example_branch_operator_decorator.py
[2025-02-17T22:32:44.524-0700] {processor.py:829} INFO - Processing file /home/jparep/miniconda3/envs/dbt-env/lib/python3.11/site-packages/airflow/example_dags/example_branch_operator_decorator.py for tasks to queue
[2025-02-17T22:32:44.525-0700] {logging_mixin.py:154} INFO - [2025-02-17T22:32:44.525-0700] {dagbag.py:536} INFO - Filling up the DagBag from /home/jparep/miniconda3/envs/dbt-env/lib/python3.11/site-packages/airflow/example_dags/example_branch_operator_decorator.py
[2025-02-17T22:32:44.542-0700] {processor.py:839} INFO - DAG(s) dict_keys(['example_branch_python_operator_decorator']) retrieved from /home/jparep/miniconda3/envs/dbt-env/lib/python3.11/site-packages/airflow/example_dags/example_branch_operator_decorator.py
[2025-02-17T22:32:44.565-0700] {logging_mixin.py:154} INFO - [2025-02-17T22:32:44.565-0700] {dag.py:2941} INFO - Sync 1 DAGs
[2025-02-17T22:32:44.595-0700] {logging_mixin.py:154} INFO - [2025-02-17T22:32:44.595-0700] {dag.py:3722} INFO - Setting next_dagrun for example_branch_python_operator_decorator to 2025-02-17T00:00:00+00:00, run_after=2025-02-18T00:00:00+00:00
[2025-02-17T22:32:44.630-0700] {processor.py:179} INFO - Processing /home/jparep/miniconda3/envs/dbt-env/lib/python3.11/site-packages/airflow/example_dags/example_branch_operator_decorator.py took 0.114 seconds
[2025-02-17T22:33:43.749-0700] {processor.py:157} INFO - Started process (PID=157488) to work on /home/jparep/miniconda3/envs/dbt-env/lib/python3.11/site-packages/airflow/example_dags/example_branch_operator_decorator.py
[2025-02-17T22:33:43.752-0700] {processor.py:829} INFO - Processing file /home/jparep/miniconda3/envs/dbt-env/lib/python3.11/site-packages/airflow/example_dags/example_branch_operator_decorator.py for tasks to queue
[2025-02-17T22:33:43.754-0700] {logging_mixin.py:154} INFO - [2025-02-17T22:33:43.753-0700] {dagbag.py:536} INFO - Filling up the DagBag from /home/jparep/miniconda3/envs/dbt-env/lib/python3.11/site-packages/airflow/example_dags/example_branch_operator_decorator.py
[2025-02-17T22:33:43.773-0700] {processor.py:839} INFO - DAG(s) dict_keys(['example_branch_python_operator_decorator']) retrieved from /home/jparep/miniconda3/envs/dbt-env/lib/python3.11/site-packages/airflow/example_dags/example_branch_operator_decorator.py
[2025-02-17T22:33:43.798-0700] {logging_mixin.py:154} INFO - [2025-02-17T22:33:43.798-0700] {dag.py:2941} INFO - Sync 1 DAGs
[2025-02-17T22:33:43.828-0700] {logging_mixin.py:154} INFO - [2025-02-17T22:33:43.827-0700] {dag.py:3722} INFO - Setting next_dagrun for example_branch_python_operator_decorator to 2025-02-17T00:00:00+00:00, run_after=2025-02-18T00:00:00+00:00
[2025-02-17T22:33:43.848-0700] {processor.py:179} INFO - Processing /home/jparep/miniconda3/envs/dbt-env/lib/python3.11/site-packages/airflow/example_dags/example_branch_operator_decorator.py took 0.104 seconds
[2025-02-17T22:34:37.495-0700] {processor.py:157} INFO - Started process (PID=157716) to work on /home/jparep/miniconda3/envs/dbt-env/lib/python3.11/site-packages/airflow/example_dags/example_branch_operator_decorator.py
[2025-02-17T22:34:37.496-0700] {processor.py:829} INFO - Processing file /home/jparep/miniconda3/envs/dbt-env/lib/python3.11/site-packages/airflow/example_dags/example_branch_operator_decorator.py for tasks to queue
[2025-02-17T22:34:37.498-0700] {logging_mixin.py:154} INFO - [2025-02-17T22:34:37.497-0700] {dagbag.py:536} INFO - Filling up the DagBag from /home/jparep/miniconda3/envs/dbt-env/lib/python3.11/site-packages/airflow/example_dags/example_branch_operator_decorator.py
[2025-02-17T22:34:37.507-0700] {processor.py:839} INFO - DAG(s) dict_keys(['example_branch_python_operator_decorator']) retrieved from /home/jparep/miniconda3/envs/dbt-env/lib/python3.11/site-packages/airflow/example_dags/example_branch_operator_decorator.py
[2025-02-17T22:34:37.521-0700] {logging_mixin.py:154} INFO - [2025-02-17T22:34:37.521-0700] {dag.py:2941} INFO - Sync 1 DAGs
[2025-02-17T22:34:37.537-0700] {logging_mixin.py:154} INFO - [2025-02-17T22:34:37.537-0700] {dag.py:3722} INFO - Setting next_dagrun for example_branch_python_operator_decorator to 2025-02-17T00:00:00+00:00, run_after=2025-02-18T00:00:00+00:00
[2025-02-17T22:34:37.556-0700] {processor.py:179} INFO - Processing /home/jparep/miniconda3/envs/dbt-env/lib/python3.11/site-packages/airflow/example_dags/example_branch_operator_decorator.py took 0.065 seconds
[2025-02-17T22:35:30.389-0700] {processor.py:157} INFO - Started process (PID=158182) to work on /home/jparep/miniconda3/envs/dbt-env/lib/python3.11/site-packages/airflow/example_dags/example_branch_operator_decorator.py
[2025-02-17T22:35:30.392-0700] {processor.py:829} INFO - Processing file /home/jparep/miniconda3/envs/dbt-env/lib/python3.11/site-packages/airflow/example_dags/example_branch_operator_decorator.py for tasks to queue
[2025-02-17T22:35:30.394-0700] {logging_mixin.py:154} INFO - [2025-02-17T22:35:30.393-0700] {dagbag.py:536} INFO - Filling up the DagBag from /home/jparep/miniconda3/envs/dbt-env/lib/python3.11/site-packages/airflow/example_dags/example_branch_operator_decorator.py
[2025-02-17T22:35:30.411-0700] {processor.py:839} INFO - DAG(s) dict_keys(['example_branch_python_operator_decorator']) retrieved from /home/jparep/miniconda3/envs/dbt-env/lib/python3.11/site-packages/airflow/example_dags/example_branch_operator_decorator.py
[2025-02-17T22:35:30.437-0700] {logging_mixin.py:154} INFO - [2025-02-17T22:35:30.437-0700] {dag.py:2941} INFO - Sync 1 DAGs
[2025-02-17T22:35:30.460-0700] {logging_mixin.py:154} INFO - [2025-02-17T22:35:30.460-0700] {dag.py:3722} INFO - Setting next_dagrun for example_branch_python_operator_decorator to 2025-02-17T00:00:00+00:00, run_after=2025-02-18T00:00:00+00:00
[2025-02-17T22:35:30.480-0700] {processor.py:179} INFO - Processing /home/jparep/miniconda3/envs/dbt-env/lib/python3.11/site-packages/airflow/example_dags/example_branch_operator_decorator.py took 0.094 seconds
[2025-02-17T22:36:31.578-0700] {processor.py:157} INFO - Started process (PID=158737) to work on /home/jparep/miniconda3/envs/dbt-env/lib/python3.11/site-packages/airflow/example_dags/example_branch_operator_decorator.py
[2025-02-17T22:36:31.580-0700] {processor.py:829} INFO - Processing file /home/jparep/miniconda3/envs/dbt-env/lib/python3.11/site-packages/airflow/example_dags/example_branch_operator_decorator.py for tasks to queue
[2025-02-17T22:36:31.581-0700] {logging_mixin.py:154} INFO - [2025-02-17T22:36:31.581-0700] {dagbag.py:536} INFO - Filling up the DagBag from /home/jparep/miniconda3/envs/dbt-env/lib/python3.11/site-packages/airflow/example_dags/example_branch_operator_decorator.py
[2025-02-17T22:36:31.596-0700] {processor.py:839} INFO - DAG(s) dict_keys(['example_branch_python_operator_decorator']) retrieved from /home/jparep/miniconda3/envs/dbt-env/lib/python3.11/site-packages/airflow/example_dags/example_branch_operator_decorator.py
[2025-02-17T22:36:31.613-0700] {logging_mixin.py:154} INFO - [2025-02-17T22:36:31.613-0700] {dag.py:2941} INFO - Sync 1 DAGs
[2025-02-17T22:36:31.629-0700] {logging_mixin.py:154} INFO - [2025-02-17T22:36:31.629-0700] {dag.py:3722} INFO - Setting next_dagrun for example_branch_python_operator_decorator to 2025-02-17T00:00:00+00:00, run_after=2025-02-18T00:00:00+00:00
[2025-02-17T22:36:31.648-0700] {processor.py:179} INFO - Processing /home/jparep/miniconda3/envs/dbt-env/lib/python3.11/site-packages/airflow/example_dags/example_branch_operator_decorator.py took 0.075 seconds
[2025-02-17T22:37:30.455-0700] {processor.py:157} INFO - Started process (PID=159855) to work on /home/jparep/miniconda3/envs/dbt-env/lib/python3.11/site-packages/airflow/example_dags/example_branch_operator_decorator.py
[2025-02-17T22:37:30.458-0700] {processor.py:829} INFO - Processing file /home/jparep/miniconda3/envs/dbt-env/lib/python3.11/site-packages/airflow/example_dags/example_branch_operator_decorator.py for tasks to queue
[2025-02-17T22:37:30.459-0700] {logging_mixin.py:154} INFO - [2025-02-17T22:37:30.458-0700] {dagbag.py:536} INFO - Filling up the DagBag from /home/jparep/miniconda3/envs/dbt-env/lib/python3.11/site-packages/airflow/example_dags/example_branch_operator_decorator.py
[2025-02-17T22:37:30.474-0700] {processor.py:839} INFO - DAG(s) dict_keys(['example_branch_python_operator_decorator']) retrieved from /home/jparep/miniconda3/envs/dbt-env/lib/python3.11/site-packages/airflow/example_dags/example_branch_operator_decorator.py
[2025-02-17T22:37:30.491-0700] {logging_mixin.py:154} INFO - [2025-02-17T22:37:30.490-0700] {dag.py:2941} INFO - Sync 1 DAGs
[2025-02-17T22:37:30.505-0700] {logging_mixin.py:154} INFO - [2025-02-17T22:37:30.505-0700] {dag.py:3722} INFO - Setting next_dagrun for example_branch_python_operator_decorator to 2025-02-17T00:00:00+00:00, run_after=2025-02-18T00:00:00+00:00
[2025-02-17T22:37:30.520-0700] {processor.py:179} INFO - Processing /home/jparep/miniconda3/envs/dbt-env/lib/python3.11/site-packages/airflow/example_dags/example_branch_operator_decorator.py took 0.069 seconds
[2025-02-17T22:38:20.128-0700] {processor.py:157} INFO - Started process (PID=160546) to work on /home/jparep/miniconda3/envs/dbt-env/lib/python3.11/site-packages/airflow/example_dags/example_branch_operator_decorator.py
[2025-02-17T22:38:20.133-0700] {processor.py:829} INFO - Processing file /home/jparep/miniconda3/envs/dbt-env/lib/python3.11/site-packages/airflow/example_dags/example_branch_operator_decorator.py for tasks to queue
[2025-02-17T22:38:20.134-0700] {logging_mixin.py:154} INFO - [2025-02-17T22:38:20.134-0700] {dagbag.py:536} INFO - Filling up the DagBag from /home/jparep/miniconda3/envs/dbt-env/lib/python3.11/site-packages/airflow/example_dags/example_branch_operator_decorator.py
[2025-02-17T22:38:20.148-0700] {processor.py:839} INFO - DAG(s) dict_keys(['example_branch_python_operator_decorator']) retrieved from /home/jparep/miniconda3/envs/dbt-env/lib/python3.11/site-packages/airflow/example_dags/example_branch_operator_decorator.py
[2025-02-17T22:38:20.173-0700] {logging_mixin.py:154} INFO - [2025-02-17T22:38:20.172-0700] {dag.py:2941} INFO - Sync 1 DAGs
[2025-02-17T22:38:20.189-0700] {logging_mixin.py:154} INFO - [2025-02-17T22:38:20.189-0700] {dag.py:3722} INFO - Setting next_dagrun for example_branch_python_operator_decorator to 2025-02-17T00:00:00+00:00, run_after=2025-02-18T00:00:00+00:00
[2025-02-17T22:38:20.207-0700] {processor.py:179} INFO - Processing /home/jparep/miniconda3/envs/dbt-env/lib/python3.11/site-packages/airflow/example_dags/example_branch_operator_decorator.py took 0.088 seconds
[2025-02-17T22:39:15.188-0700] {processor.py:157} INFO - Started process (PID=161143) to work on /home/jparep/miniconda3/envs/dbt-env/lib/python3.11/site-packages/airflow/example_dags/example_branch_operator_decorator.py
[2025-02-17T22:39:15.190-0700] {processor.py:829} INFO - Processing file /home/jparep/miniconda3/envs/dbt-env/lib/python3.11/site-packages/airflow/example_dags/example_branch_operator_decorator.py for tasks to queue
[2025-02-17T22:39:15.191-0700] {logging_mixin.py:154} INFO - [2025-02-17T22:39:15.191-0700] {dagbag.py:536} INFO - Filling up the DagBag from /home/jparep/miniconda3/envs/dbt-env/lib/python3.11/site-packages/airflow/example_dags/example_branch_operator_decorator.py
[2025-02-17T22:39:15.202-0700] {processor.py:839} INFO - DAG(s) dict_keys(['example_branch_python_operator_decorator']) retrieved from /home/jparep/miniconda3/envs/dbt-env/lib/python3.11/site-packages/airflow/example_dags/example_branch_operator_decorator.py
[2025-02-17T22:39:15.219-0700] {logging_mixin.py:154} INFO - [2025-02-17T22:39:15.219-0700] {dag.py:2941} INFO - Sync 1 DAGs
[2025-02-17T22:39:15.235-0700] {logging_mixin.py:154} INFO - [2025-02-17T22:39:15.235-0700] {dag.py:3722} INFO - Setting next_dagrun for example_branch_python_operator_decorator to 2025-02-17T00:00:00+00:00, run_after=2025-02-18T00:00:00+00:00
[2025-02-17T22:39:15.252-0700] {processor.py:179} INFO - Processing /home/jparep/miniconda3/envs/dbt-env/lib/python3.11/site-packages/airflow/example_dags/example_branch_operator_decorator.py took 0.068 seconds
[2025-02-17T22:40:11.579-0700] {processor.py:157} INFO - Started process (PID=161562) to work on /home/jparep/miniconda3/envs/dbt-env/lib/python3.11/site-packages/airflow/example_dags/example_branch_operator_decorator.py
[2025-02-17T22:40:11.581-0700] {processor.py:829} INFO - Processing file /home/jparep/miniconda3/envs/dbt-env/lib/python3.11/site-packages/airflow/example_dags/example_branch_operator_decorator.py for tasks to queue
[2025-02-17T22:40:11.582-0700] {logging_mixin.py:154} INFO - [2025-02-17T22:40:11.582-0700] {dagbag.py:536} INFO - Filling up the DagBag from /home/jparep/miniconda3/envs/dbt-env/lib/python3.11/site-packages/airflow/example_dags/example_branch_operator_decorator.py
[2025-02-17T22:40:11.598-0700] {processor.py:839} INFO - DAG(s) dict_keys(['example_branch_python_operator_decorator']) retrieved from /home/jparep/miniconda3/envs/dbt-env/lib/python3.11/site-packages/airflow/example_dags/example_branch_operator_decorator.py
[2025-02-17T22:40:11.625-0700] {logging_mixin.py:154} INFO - [2025-02-17T22:40:11.625-0700] {dag.py:2941} INFO - Sync 1 DAGs
[2025-02-17T22:40:11.651-0700] {logging_mixin.py:154} INFO - [2025-02-17T22:40:11.651-0700] {dag.py:3722} INFO - Setting next_dagrun for example_branch_python_operator_decorator to 2025-02-17T00:00:00+00:00, run_after=2025-02-18T00:00:00+00:00
[2025-02-17T22:40:11.678-0700] {processor.py:179} INFO - Processing /home/jparep/miniconda3/envs/dbt-env/lib/python3.11/site-packages/airflow/example_dags/example_branch_operator_decorator.py took 0.104 seconds
[2025-02-17T22:41:08.063-0700] {processor.py:157} INFO - Started process (PID=162107) to work on /home/jparep/miniconda3/envs/dbt-env/lib/python3.11/site-packages/airflow/example_dags/example_branch_operator_decorator.py
[2025-02-17T22:41:08.065-0700] {processor.py:829} INFO - Processing file /home/jparep/miniconda3/envs/dbt-env/lib/python3.11/site-packages/airflow/example_dags/example_branch_operator_decorator.py for tasks to queue
[2025-02-17T22:41:08.067-0700] {logging_mixin.py:154} INFO - [2025-02-17T22:41:08.066-0700] {dagbag.py:536} INFO - Filling up the DagBag from /home/jparep/miniconda3/envs/dbt-env/lib/python3.11/site-packages/airflow/example_dags/example_branch_operator_decorator.py
[2025-02-17T22:41:08.083-0700] {processor.py:839} INFO - DAG(s) dict_keys(['example_branch_python_operator_decorator']) retrieved from /home/jparep/miniconda3/envs/dbt-env/lib/python3.11/site-packages/airflow/example_dags/example_branch_operator_decorator.py
[2025-02-17T22:41:08.098-0700] {logging_mixin.py:154} INFO - [2025-02-17T22:41:08.098-0700] {dag.py:2941} INFO - Sync 1 DAGs
[2025-02-17T22:41:08.112-0700] {logging_mixin.py:154} INFO - [2025-02-17T22:41:08.112-0700] {dag.py:3722} INFO - Setting next_dagrun for example_branch_python_operator_decorator to 2025-02-17T00:00:00+00:00, run_after=2025-02-18T00:00:00+00:00
[2025-02-17T22:41:08.131-0700] {processor.py:179} INFO - Processing /home/jparep/miniconda3/envs/dbt-env/lib/python3.11/site-packages/airflow/example_dags/example_branch_operator_decorator.py took 0.073 seconds
