[2025-02-17T22:16:02.748-0700] {processor.py:157} INFO - Started process (PID=148486) to work on /home/jparep/miniconda3/envs/dbt-env/lib/python3.11/site-packages/airflow/example_dags/example_nested_branch_dag.py
[2025-02-17T22:16:02.750-0700] {processor.py:829} INFO - Processing file /home/jparep/miniconda3/envs/dbt-env/lib/python3.11/site-packages/airflow/example_dags/example_nested_branch_dag.py for tasks to queue
[2025-02-17T22:16:02.751-0700] {logging_mixin.py:154} INFO - [2025-02-17T22:16:02.750-0700] {dagbag.py:536} INFO - Filling up the DagBag from /home/jparep/miniconda3/envs/dbt-env/lib/python3.11/site-packages/airflow/example_dags/example_nested_branch_dag.py
[2025-02-17T22:16:02.767-0700] {processor.py:839} INFO - DAG(s) dict_keys(['example_nested_branch_dag']) retrieved from /home/jparep/miniconda3/envs/dbt-env/lib/python3.11/site-packages/airflow/example_dags/example_nested_branch_dag.py
[2025-02-17T22:16:02.977-0700] {logging_mixin.py:154} INFO - [2025-02-17T22:16:02.977-0700] {manager.py:499} INFO - Created Permission View: %s
[2025-02-17T22:16:02.992-0700] {logging_mixin.py:154} INFO - [2025-02-17T22:16:02.992-0700] {manager.py:499} INFO - Created Permission View: %s
[2025-02-17T22:16:03.003-0700] {logging_mixin.py:154} INFO - [2025-02-17T22:16:03.003-0700] {manager.py:499} INFO - Created Permission View: %s
[2025-02-17T22:16:03.003-0700] {logging_mixin.py:154} INFO - [2025-02-17T22:16:03.003-0700] {dag.py:2941} INFO - Sync 1 DAGs
[2025-02-17T22:16:03.014-0700] {logging_mixin.py:154} INFO - [2025-02-17T22:16:03.014-0700] {dag.py:2963} INFO - Creating ORM DAG for example_nested_branch_dag
[2025-02-17T22:16:03.025-0700] {logging_mixin.py:154} INFO - [2025-02-17T22:16:03.025-0700] {dag.py:3722} INFO - Setting next_dagrun for example_nested_branch_dag to 2025-02-17T00:00:00+00:00, run_after=2025-02-18T00:00:00+00:00
[2025-02-17T22:16:03.054-0700] {processor.py:179} INFO - Processing /home/jparep/miniconda3/envs/dbt-env/lib/python3.11/site-packages/airflow/example_dags/example_nested_branch_dag.py took 0.310 seconds
[2025-02-17T22:16:58.384-0700] {processor.py:157} INFO - Started process (PID=148859) to work on /home/jparep/miniconda3/envs/dbt-env/lib/python3.11/site-packages/airflow/example_dags/example_nested_branch_dag.py
[2025-02-17T22:16:58.387-0700] {processor.py:829} INFO - Processing file /home/jparep/miniconda3/envs/dbt-env/lib/python3.11/site-packages/airflow/example_dags/example_nested_branch_dag.py for tasks to queue
[2025-02-17T22:16:58.388-0700] {logging_mixin.py:154} INFO - [2025-02-17T22:16:58.388-0700] {dagbag.py:536} INFO - Filling up the DagBag from /home/jparep/miniconda3/envs/dbt-env/lib/python3.11/site-packages/airflow/example_dags/example_nested_branch_dag.py
[2025-02-17T22:16:58.403-0700] {processor.py:839} INFO - DAG(s) dict_keys(['example_nested_branch_dag']) retrieved from /home/jparep/miniconda3/envs/dbt-env/lib/python3.11/site-packages/airflow/example_dags/example_nested_branch_dag.py
[2025-02-17T22:16:58.430-0700] {logging_mixin.py:154} INFO - [2025-02-17T22:16:58.430-0700] {dag.py:2941} INFO - Sync 1 DAGs
[2025-02-17T22:16:58.580-0700] {logging_mixin.py:154} INFO - [2025-02-17T22:16:58.579-0700] {dag.py:3722} INFO - Setting next_dagrun for example_nested_branch_dag to 2025-02-17T00:00:00+00:00, run_after=2025-02-18T00:00:00+00:00
[2025-02-17T22:16:58.603-0700] {processor.py:179} INFO - Processing /home/jparep/miniconda3/envs/dbt-env/lib/python3.11/site-packages/airflow/example_dags/example_nested_branch_dag.py took 0.224 seconds
[2025-02-17T22:17:52.279-0700] {processor.py:157} INFO - Started process (PID=149370) to work on /home/jparep/miniconda3/envs/dbt-env/lib/python3.11/site-packages/airflow/example_dags/example_nested_branch_dag.py
[2025-02-17T22:17:52.283-0700] {processor.py:829} INFO - Processing file /home/jparep/miniconda3/envs/dbt-env/lib/python3.11/site-packages/airflow/example_dags/example_nested_branch_dag.py for tasks to queue
[2025-02-17T22:17:52.284-0700] {logging_mixin.py:154} INFO - [2025-02-17T22:17:52.284-0700] {dagbag.py:536} INFO - Filling up the DagBag from /home/jparep/miniconda3/envs/dbt-env/lib/python3.11/site-packages/airflow/example_dags/example_nested_branch_dag.py
[2025-02-17T22:17:52.303-0700] {processor.py:839} INFO - DAG(s) dict_keys(['example_nested_branch_dag']) retrieved from /home/jparep/miniconda3/envs/dbt-env/lib/python3.11/site-packages/airflow/example_dags/example_nested_branch_dag.py
[2025-02-17T22:17:52.323-0700] {logging_mixin.py:154} INFO - [2025-02-17T22:17:52.323-0700] {dag.py:2941} INFO - Sync 1 DAGs
[2025-02-17T22:17:52.345-0700] {logging_mixin.py:154} INFO - [2025-02-17T22:17:52.345-0700] {dag.py:3722} INFO - Setting next_dagrun for example_nested_branch_dag to 2025-02-17T00:00:00+00:00, run_after=2025-02-18T00:00:00+00:00
[2025-02-17T22:17:52.366-0700] {processor.py:179} INFO - Processing /home/jparep/miniconda3/envs/dbt-env/lib/python3.11/site-packages/airflow/example_dags/example_nested_branch_dag.py took 0.094 seconds
[2025-02-17T22:18:36.138-0700] {processor.py:157} INFO - Started process (PID=149827) to work on /home/jparep/miniconda3/envs/dbt-env/lib/python3.11/site-packages/airflow/example_dags/example_nested_branch_dag.py
[2025-02-17T22:18:36.141-0700] {processor.py:829} INFO - Processing file /home/jparep/miniconda3/envs/dbt-env/lib/python3.11/site-packages/airflow/example_dags/example_nested_branch_dag.py for tasks to queue
[2025-02-17T22:18:36.142-0700] {logging_mixin.py:154} INFO - [2025-02-17T22:18:36.141-0700] {dagbag.py:536} INFO - Filling up the DagBag from /home/jparep/miniconda3/envs/dbt-env/lib/python3.11/site-packages/airflow/example_dags/example_nested_branch_dag.py
[2025-02-17T22:18:36.154-0700] {processor.py:839} INFO - DAG(s) dict_keys(['example_nested_branch_dag']) retrieved from /home/jparep/miniconda3/envs/dbt-env/lib/python3.11/site-packages/airflow/example_dags/example_nested_branch_dag.py
[2025-02-17T22:18:36.169-0700] {logging_mixin.py:154} INFO - [2025-02-17T22:18:36.169-0700] {dag.py:2941} INFO - Sync 1 DAGs
[2025-02-17T22:18:36.186-0700] {logging_mixin.py:154} INFO - [2025-02-17T22:18:36.186-0700] {dag.py:3722} INFO - Setting next_dagrun for example_nested_branch_dag to 2025-02-17T00:00:00+00:00, run_after=2025-02-18T00:00:00+00:00
[2025-02-17T22:18:36.206-0700] {processor.py:179} INFO - Processing /home/jparep/miniconda3/envs/dbt-env/lib/python3.11/site-packages/airflow/example_dags/example_nested_branch_dag.py took 0.071 seconds
[2025-02-17T22:19:15.870-0700] {processor.py:157} INFO - Started process (PID=150084) to work on /home/jparep/miniconda3/envs/dbt-env/lib/python3.11/site-packages/airflow/example_dags/example_nested_branch_dag.py
[2025-02-17T22:19:15.873-0700] {processor.py:829} INFO - Processing file /home/jparep/miniconda3/envs/dbt-env/lib/python3.11/site-packages/airflow/example_dags/example_nested_branch_dag.py for tasks to queue
[2025-02-17T22:19:15.876-0700] {logging_mixin.py:154} INFO - [2025-02-17T22:19:15.874-0700] {dagbag.py:536} INFO - Filling up the DagBag from /home/jparep/miniconda3/envs/dbt-env/lib/python3.11/site-packages/airflow/example_dags/example_nested_branch_dag.py
[2025-02-17T22:19:15.886-0700] {processor.py:839} INFO - DAG(s) dict_keys(['example_nested_branch_dag']) retrieved from /home/jparep/miniconda3/envs/dbt-env/lib/python3.11/site-packages/airflow/example_dags/example_nested_branch_dag.py
[2025-02-17T22:19:15.902-0700] {logging_mixin.py:154} INFO - [2025-02-17T22:19:15.902-0700] {dag.py:2941} INFO - Sync 1 DAGs
[2025-02-17T22:19:15.917-0700] {logging_mixin.py:154} INFO - [2025-02-17T22:19:15.917-0700] {dag.py:3722} INFO - Setting next_dagrun for example_nested_branch_dag to 2025-02-17T00:00:00+00:00, run_after=2025-02-18T00:00:00+00:00
[2025-02-17T22:19:15.935-0700] {processor.py:179} INFO - Processing /home/jparep/miniconda3/envs/dbt-env/lib/python3.11/site-packages/airflow/example_dags/example_nested_branch_dag.py took 0.070 seconds
[2025-02-17T22:19:55.283-0700] {processor.py:157} INFO - Started process (PID=150510) to work on /home/jparep/miniconda3/envs/dbt-env/lib/python3.11/site-packages/airflow/example_dags/example_nested_branch_dag.py
[2025-02-17T22:19:55.285-0700] {processor.py:829} INFO - Processing file /home/jparep/miniconda3/envs/dbt-env/lib/python3.11/site-packages/airflow/example_dags/example_nested_branch_dag.py for tasks to queue
[2025-02-17T22:19:55.286-0700] {logging_mixin.py:154} INFO - [2025-02-17T22:19:55.286-0700] {dagbag.py:536} INFO - Filling up the DagBag from /home/jparep/miniconda3/envs/dbt-env/lib/python3.11/site-packages/airflow/example_dags/example_nested_branch_dag.py
[2025-02-17T22:19:55.301-0700] {processor.py:839} INFO - DAG(s) dict_keys(['example_nested_branch_dag']) retrieved from /home/jparep/miniconda3/envs/dbt-env/lib/python3.11/site-packages/airflow/example_dags/example_nested_branch_dag.py
[2025-02-17T22:19:55.322-0700] {logging_mixin.py:154} INFO - [2025-02-17T22:19:55.322-0700] {dag.py:2941} INFO - Sync 1 DAGs
[2025-02-17T22:19:55.339-0700] {logging_mixin.py:154} INFO - [2025-02-17T22:19:55.339-0700] {dag.py:3722} INFO - Setting next_dagrun for example_nested_branch_dag to 2025-02-17T00:00:00+00:00, run_after=2025-02-18T00:00:00+00:00
[2025-02-17T22:19:55.360-0700] {processor.py:179} INFO - Processing /home/jparep/miniconda3/envs/dbt-env/lib/python3.11/site-packages/airflow/example_dags/example_nested_branch_dag.py took 0.081 seconds
[2025-02-17T22:20:52.934-0700] {processor.py:157} INFO - Started process (PID=151051) to work on /home/jparep/miniconda3/envs/dbt-env/lib/python3.11/site-packages/airflow/example_dags/example_nested_branch_dag.py
[2025-02-17T22:20:52.937-0700] {processor.py:829} INFO - Processing file /home/jparep/miniconda3/envs/dbt-env/lib/python3.11/site-packages/airflow/example_dags/example_nested_branch_dag.py for tasks to queue
[2025-02-17T22:20:52.938-0700] {logging_mixin.py:154} INFO - [2025-02-17T22:20:52.937-0700] {dagbag.py:536} INFO - Filling up the DagBag from /home/jparep/miniconda3/envs/dbt-env/lib/python3.11/site-packages/airflow/example_dags/example_nested_branch_dag.py
[2025-02-17T22:20:52.954-0700] {processor.py:839} INFO - DAG(s) dict_keys(['example_nested_branch_dag']) retrieved from /home/jparep/miniconda3/envs/dbt-env/lib/python3.11/site-packages/airflow/example_dags/example_nested_branch_dag.py
[2025-02-17T22:20:52.983-0700] {logging_mixin.py:154} INFO - [2025-02-17T22:20:52.983-0700] {dag.py:2941} INFO - Sync 1 DAGs
[2025-02-17T22:20:53.008-0700] {logging_mixin.py:154} INFO - [2025-02-17T22:20:53.008-0700] {dag.py:3722} INFO - Setting next_dagrun for example_nested_branch_dag to 2025-02-17T00:00:00+00:00, run_after=2025-02-18T00:00:00+00:00
[2025-02-17T22:20:53.031-0700] {processor.py:179} INFO - Processing /home/jparep/miniconda3/envs/dbt-env/lib/python3.11/site-packages/airflow/example_dags/example_nested_branch_dag.py took 0.102 seconds
[2025-02-17T22:21:44.320-0700] {processor.py:157} INFO - Started process (PID=151547) to work on /home/jparep/miniconda3/envs/dbt-env/lib/python3.11/site-packages/airflow/example_dags/example_nested_branch_dag.py
[2025-02-17T22:21:44.322-0700] {processor.py:829} INFO - Processing file /home/jparep/miniconda3/envs/dbt-env/lib/python3.11/site-packages/airflow/example_dags/example_nested_branch_dag.py for tasks to queue
[2025-02-17T22:21:44.323-0700] {logging_mixin.py:154} INFO - [2025-02-17T22:21:44.322-0700] {dagbag.py:536} INFO - Filling up the DagBag from /home/jparep/miniconda3/envs/dbt-env/lib/python3.11/site-packages/airflow/example_dags/example_nested_branch_dag.py
[2025-02-17T22:21:44.340-0700] {processor.py:839} INFO - DAG(s) dict_keys(['example_nested_branch_dag']) retrieved from /home/jparep/miniconda3/envs/dbt-env/lib/python3.11/site-packages/airflow/example_dags/example_nested_branch_dag.py
[2025-02-17T22:21:44.357-0700] {logging_mixin.py:154} INFO - [2025-02-17T22:21:44.357-0700] {dag.py:2941} INFO - Sync 1 DAGs
[2025-02-17T22:21:44.376-0700] {logging_mixin.py:154} INFO - [2025-02-17T22:21:44.376-0700] {dag.py:3722} INFO - Setting next_dagrun for example_nested_branch_dag to 2025-02-17T00:00:00+00:00, run_after=2025-02-18T00:00:00+00:00
[2025-02-17T22:21:44.402-0700] {processor.py:179} INFO - Processing /home/jparep/miniconda3/envs/dbt-env/lib/python3.11/site-packages/airflow/example_dags/example_nested_branch_dag.py took 0.094 seconds
[2025-02-17T22:22:37.177-0700] {processor.py:157} INFO - Started process (PID=151750) to work on /home/jparep/miniconda3/envs/dbt-env/lib/python3.11/site-packages/airflow/example_dags/example_nested_branch_dag.py
[2025-02-17T22:22:37.180-0700] {processor.py:829} INFO - Processing file /home/jparep/miniconda3/envs/dbt-env/lib/python3.11/site-packages/airflow/example_dags/example_nested_branch_dag.py for tasks to queue
[2025-02-17T22:22:37.181-0700] {logging_mixin.py:154} INFO - [2025-02-17T22:22:37.181-0700] {dagbag.py:536} INFO - Filling up the DagBag from /home/jparep/miniconda3/envs/dbt-env/lib/python3.11/site-packages/airflow/example_dags/example_nested_branch_dag.py
[2025-02-17T22:22:37.195-0700] {processor.py:839} INFO - DAG(s) dict_keys(['example_nested_branch_dag']) retrieved from /home/jparep/miniconda3/envs/dbt-env/lib/python3.11/site-packages/airflow/example_dags/example_nested_branch_dag.py
[2025-02-17T22:22:37.220-0700] {logging_mixin.py:154} INFO - [2025-02-17T22:22:37.220-0700] {dag.py:2941} INFO - Sync 1 DAGs
[2025-02-17T22:22:37.247-0700] {logging_mixin.py:154} INFO - [2025-02-17T22:22:37.247-0700] {dag.py:3722} INFO - Setting next_dagrun for example_nested_branch_dag to 2025-02-17T00:00:00+00:00, run_after=2025-02-18T00:00:00+00:00
[2025-02-17T22:22:37.274-0700] {processor.py:179} INFO - Processing /home/jparep/miniconda3/envs/dbt-env/lib/python3.11/site-packages/airflow/example_dags/example_nested_branch_dag.py took 0.101 seconds
[2025-02-17T22:23:30.555-0700] {processor.py:157} INFO - Started process (PID=152201) to work on /home/jparep/miniconda3/envs/dbt-env/lib/python3.11/site-packages/airflow/example_dags/example_nested_branch_dag.py
[2025-02-17T22:23:30.556-0700] {processor.py:829} INFO - Processing file /home/jparep/miniconda3/envs/dbt-env/lib/python3.11/site-packages/airflow/example_dags/example_nested_branch_dag.py for tasks to queue
[2025-02-17T22:23:30.558-0700] {logging_mixin.py:154} INFO - [2025-02-17T22:23:30.557-0700] {dagbag.py:536} INFO - Filling up the DagBag from /home/jparep/miniconda3/envs/dbt-env/lib/python3.11/site-packages/airflow/example_dags/example_nested_branch_dag.py
[2025-02-17T22:23:30.572-0700] {processor.py:839} INFO - DAG(s) dict_keys(['example_nested_branch_dag']) retrieved from /home/jparep/miniconda3/envs/dbt-env/lib/python3.11/site-packages/airflow/example_dags/example_nested_branch_dag.py
[2025-02-17T22:23:30.593-0700] {logging_mixin.py:154} INFO - [2025-02-17T22:23:30.593-0700] {dag.py:2941} INFO - Sync 1 DAGs
[2025-02-17T22:23:30.611-0700] {logging_mixin.py:154} INFO - [2025-02-17T22:23:30.611-0700] {dag.py:3722} INFO - Setting next_dagrun for example_nested_branch_dag to 2025-02-17T00:00:00+00:00, run_after=2025-02-18T00:00:00+00:00
[2025-02-17T22:23:30.630-0700] {processor.py:179} INFO - Processing /home/jparep/miniconda3/envs/dbt-env/lib/python3.11/site-packages/airflow/example_dags/example_nested_branch_dag.py took 0.080 seconds
[2025-02-17T22:24:10.280-0700] {processor.py:157} INFO - Started process (PID=152628) to work on /home/jparep/miniconda3/envs/dbt-env/lib/python3.11/site-packages/airflow/example_dags/example_nested_branch_dag.py
[2025-02-17T22:24:10.283-0700] {processor.py:829} INFO - Processing file /home/jparep/miniconda3/envs/dbt-env/lib/python3.11/site-packages/airflow/example_dags/example_nested_branch_dag.py for tasks to queue
[2025-02-17T22:24:10.285-0700] {logging_mixin.py:154} INFO - [2025-02-17T22:24:10.284-0700] {dagbag.py:536} INFO - Filling up the DagBag from /home/jparep/miniconda3/envs/dbt-env/lib/python3.11/site-packages/airflow/example_dags/example_nested_branch_dag.py
[2025-02-17T22:24:10.301-0700] {processor.py:839} INFO - DAG(s) dict_keys(['example_nested_branch_dag']) retrieved from /home/jparep/miniconda3/envs/dbt-env/lib/python3.11/site-packages/airflow/example_dags/example_nested_branch_dag.py
[2025-02-17T22:24:10.322-0700] {logging_mixin.py:154} INFO - [2025-02-17T22:24:10.322-0700] {dag.py:2941} INFO - Sync 1 DAGs
[2025-02-17T22:24:10.339-0700] {logging_mixin.py:154} INFO - [2025-02-17T22:24:10.339-0700] {dag.py:3722} INFO - Setting next_dagrun for example_nested_branch_dag to 2025-02-17T00:00:00+00:00, run_after=2025-02-18T00:00:00+00:00
[2025-02-17T22:24:10.361-0700] {processor.py:179} INFO - Processing /home/jparep/miniconda3/envs/dbt-env/lib/python3.11/site-packages/airflow/example_dags/example_nested_branch_dag.py took 0.086 seconds
[2025-02-17T22:25:01.966-0700] {processor.py:157} INFO - Started process (PID=153140) to work on /home/jparep/miniconda3/envs/dbt-env/lib/python3.11/site-packages/airflow/example_dags/example_nested_branch_dag.py
[2025-02-17T22:25:01.969-0700] {processor.py:829} INFO - Processing file /home/jparep/miniconda3/envs/dbt-env/lib/python3.11/site-packages/airflow/example_dags/example_nested_branch_dag.py for tasks to queue
[2025-02-17T22:25:01.970-0700] {logging_mixin.py:154} INFO - [2025-02-17T22:25:01.970-0700] {dagbag.py:536} INFO - Filling up the DagBag from /home/jparep/miniconda3/envs/dbt-env/lib/python3.11/site-packages/airflow/example_dags/example_nested_branch_dag.py
[2025-02-17T22:25:01.984-0700] {processor.py:839} INFO - DAG(s) dict_keys(['example_nested_branch_dag']) retrieved from /home/jparep/miniconda3/envs/dbt-env/lib/python3.11/site-packages/airflow/example_dags/example_nested_branch_dag.py
[2025-02-17T22:25:02.007-0700] {logging_mixin.py:154} INFO - [2025-02-17T22:25:02.007-0700] {dag.py:2941} INFO - Sync 1 DAGs
[2025-02-17T22:25:02.027-0700] {logging_mixin.py:154} INFO - [2025-02-17T22:25:02.027-0700] {dag.py:3722} INFO - Setting next_dagrun for example_nested_branch_dag to 2025-02-17T00:00:00+00:00, run_after=2025-02-18T00:00:00+00:00
[2025-02-17T22:25:02.047-0700] {processor.py:179} INFO - Processing /home/jparep/miniconda3/envs/dbt-env/lib/python3.11/site-packages/airflow/example_dags/example_nested_branch_dag.py took 0.085 seconds
[2025-02-17T22:25:42.140-0700] {processor.py:157} INFO - Started process (PID=153397) to work on /home/jparep/miniconda3/envs/dbt-env/lib/python3.11/site-packages/airflow/example_dags/example_nested_branch_dag.py
[2025-02-17T22:25:42.143-0700] {processor.py:829} INFO - Processing file /home/jparep/miniconda3/envs/dbt-env/lib/python3.11/site-packages/airflow/example_dags/example_nested_branch_dag.py for tasks to queue
[2025-02-17T22:25:42.144-0700] {logging_mixin.py:154} INFO - [2025-02-17T22:25:42.144-0700] {dagbag.py:536} INFO - Filling up the DagBag from /home/jparep/miniconda3/envs/dbt-env/lib/python3.11/site-packages/airflow/example_dags/example_nested_branch_dag.py
[2025-02-17T22:25:42.158-0700] {processor.py:839} INFO - DAG(s) dict_keys(['example_nested_branch_dag']) retrieved from /home/jparep/miniconda3/envs/dbt-env/lib/python3.11/site-packages/airflow/example_dags/example_nested_branch_dag.py
[2025-02-17T22:25:42.185-0700] {logging_mixin.py:154} INFO - [2025-02-17T22:25:42.184-0700] {dag.py:2941} INFO - Sync 1 DAGs
[2025-02-17T22:25:42.211-0700] {logging_mixin.py:154} INFO - [2025-02-17T22:25:42.211-0700] {dag.py:3722} INFO - Setting next_dagrun for example_nested_branch_dag to 2025-02-17T00:00:00+00:00, run_after=2025-02-18T00:00:00+00:00
[2025-02-17T22:25:42.240-0700] {processor.py:179} INFO - Processing /home/jparep/miniconda3/envs/dbt-env/lib/python3.11/site-packages/airflow/example_dags/example_nested_branch_dag.py took 0.104 seconds
[2025-02-17T22:26:25.198-0700] {processor.py:157} INFO - Started process (PID=153839) to work on /home/jparep/miniconda3/envs/dbt-env/lib/python3.11/site-packages/airflow/example_dags/example_nested_branch_dag.py
[2025-02-17T22:26:25.200-0700] {processor.py:829} INFO - Processing file /home/jparep/miniconda3/envs/dbt-env/lib/python3.11/site-packages/airflow/example_dags/example_nested_branch_dag.py for tasks to queue
[2025-02-17T22:26:25.201-0700] {logging_mixin.py:154} INFO - [2025-02-17T22:26:25.201-0700] {dagbag.py:536} INFO - Filling up the DagBag from /home/jparep/miniconda3/envs/dbt-env/lib/python3.11/site-packages/airflow/example_dags/example_nested_branch_dag.py
[2025-02-17T22:26:25.215-0700] {processor.py:839} INFO - DAG(s) dict_keys(['example_nested_branch_dag']) retrieved from /home/jparep/miniconda3/envs/dbt-env/lib/python3.11/site-packages/airflow/example_dags/example_nested_branch_dag.py
[2025-02-17T22:26:25.239-0700] {logging_mixin.py:154} INFO - [2025-02-17T22:26:25.238-0700] {dag.py:2941} INFO - Sync 1 DAGs
[2025-02-17T22:26:25.263-0700] {logging_mixin.py:154} INFO - [2025-02-17T22:26:25.263-0700] {dag.py:3722} INFO - Setting next_dagrun for example_nested_branch_dag to 2025-02-17T00:00:00+00:00, run_after=2025-02-18T00:00:00+00:00
[2025-02-17T22:26:25.286-0700] {processor.py:179} INFO - Processing /home/jparep/miniconda3/envs/dbt-env/lib/python3.11/site-packages/airflow/example_dags/example_nested_branch_dag.py took 0.093 seconds
[2025-02-17T22:27:15.669-0700] {processor.py:157} INFO - Started process (PID=154337) to work on /home/jparep/miniconda3/envs/dbt-env/lib/python3.11/site-packages/airflow/example_dags/example_nested_branch_dag.py
[2025-02-17T22:27:15.671-0700] {processor.py:829} INFO - Processing file /home/jparep/miniconda3/envs/dbt-env/lib/python3.11/site-packages/airflow/example_dags/example_nested_branch_dag.py for tasks to queue
[2025-02-17T22:27:15.672-0700] {logging_mixin.py:154} INFO - [2025-02-17T22:27:15.672-0700] {dagbag.py:536} INFO - Filling up the DagBag from /home/jparep/miniconda3/envs/dbt-env/lib/python3.11/site-packages/airflow/example_dags/example_nested_branch_dag.py
[2025-02-17T22:27:15.687-0700] {processor.py:839} INFO - DAG(s) dict_keys(['example_nested_branch_dag']) retrieved from /home/jparep/miniconda3/envs/dbt-env/lib/python3.11/site-packages/airflow/example_dags/example_nested_branch_dag.py
[2025-02-17T22:27:15.709-0700] {logging_mixin.py:154} INFO - [2025-02-17T22:27:15.709-0700] {dag.py:2941} INFO - Sync 1 DAGs
[2025-02-17T22:27:15.733-0700] {logging_mixin.py:154} INFO - [2025-02-17T22:27:15.733-0700] {dag.py:3722} INFO - Setting next_dagrun for example_nested_branch_dag to 2025-02-17T00:00:00+00:00, run_after=2025-02-18T00:00:00+00:00
[2025-02-17T22:27:15.756-0700] {processor.py:179} INFO - Processing /home/jparep/miniconda3/envs/dbt-env/lib/python3.11/site-packages/airflow/example_dags/example_nested_branch_dag.py took 0.091 seconds
[2025-02-17T22:28:11.644-0700] {processor.py:157} INFO - Started process (PID=154861) to work on /home/jparep/miniconda3/envs/dbt-env/lib/python3.11/site-packages/airflow/example_dags/example_nested_branch_dag.py
[2025-02-17T22:28:11.647-0700] {processor.py:829} INFO - Processing file /home/jparep/miniconda3/envs/dbt-env/lib/python3.11/site-packages/airflow/example_dags/example_nested_branch_dag.py for tasks to queue
[2025-02-17T22:28:11.648-0700] {logging_mixin.py:154} INFO - [2025-02-17T22:28:11.648-0700] {dagbag.py:536} INFO - Filling up the DagBag from /home/jparep/miniconda3/envs/dbt-env/lib/python3.11/site-packages/airflow/example_dags/example_nested_branch_dag.py
[2025-02-17T22:28:11.662-0700] {processor.py:839} INFO - DAG(s) dict_keys(['example_nested_branch_dag']) retrieved from /home/jparep/miniconda3/envs/dbt-env/lib/python3.11/site-packages/airflow/example_dags/example_nested_branch_dag.py
[2025-02-17T22:28:11.684-0700] {logging_mixin.py:154} INFO - [2025-02-17T22:28:11.684-0700] {dag.py:2941} INFO - Sync 1 DAGs
[2025-02-17T22:28:11.701-0700] {logging_mixin.py:154} INFO - [2025-02-17T22:28:11.701-0700] {dag.py:3722} INFO - Setting next_dagrun for example_nested_branch_dag to 2025-02-17T00:00:00+00:00, run_after=2025-02-18T00:00:00+00:00
[2025-02-17T22:28:11.724-0700] {processor.py:179} INFO - Processing /home/jparep/miniconda3/envs/dbt-env/lib/python3.11/site-packages/airflow/example_dags/example_nested_branch_dag.py took 0.084 seconds
[2025-02-17T22:29:07.394-0700] {processor.py:157} INFO - Started process (PID=155071) to work on /home/jparep/miniconda3/envs/dbt-env/lib/python3.11/site-packages/airflow/example_dags/example_nested_branch_dag.py
[2025-02-17T22:29:07.397-0700] {processor.py:829} INFO - Processing file /home/jparep/miniconda3/envs/dbt-env/lib/python3.11/site-packages/airflow/example_dags/example_nested_branch_dag.py for tasks to queue
[2025-02-17T22:29:07.399-0700] {logging_mixin.py:154} INFO - [2025-02-17T22:29:07.398-0700] {dagbag.py:536} INFO - Filling up the DagBag from /home/jparep/miniconda3/envs/dbt-env/lib/python3.11/site-packages/airflow/example_dags/example_nested_branch_dag.py
[2025-02-17T22:29:07.416-0700] {processor.py:839} INFO - DAG(s) dict_keys(['example_nested_branch_dag']) retrieved from /home/jparep/miniconda3/envs/dbt-env/lib/python3.11/site-packages/airflow/example_dags/example_nested_branch_dag.py
[2025-02-17T22:29:07.432-0700] {logging_mixin.py:154} INFO - [2025-02-17T22:29:07.432-0700] {dag.py:2941} INFO - Sync 1 DAGs
[2025-02-17T22:29:07.447-0700] {logging_mixin.py:154} INFO - [2025-02-17T22:29:07.447-0700] {dag.py:3722} INFO - Setting next_dagrun for example_nested_branch_dag to 2025-02-17T00:00:00+00:00, run_after=2025-02-18T00:00:00+00:00
[2025-02-17T22:29:07.468-0700] {processor.py:179} INFO - Processing /home/jparep/miniconda3/envs/dbt-env/lib/python3.11/site-packages/airflow/example_dags/example_nested_branch_dag.py took 0.079 seconds
[2025-02-17T22:29:52.612-0700] {processor.py:157} INFO - Started process (PID=155436) to work on /home/jparep/miniconda3/envs/dbt-env/lib/python3.11/site-packages/airflow/example_dags/example_nested_branch_dag.py
[2025-02-17T22:29:52.614-0700] {processor.py:829} INFO - Processing file /home/jparep/miniconda3/envs/dbt-env/lib/python3.11/site-packages/airflow/example_dags/example_nested_branch_dag.py for tasks to queue
[2025-02-17T22:29:52.616-0700] {logging_mixin.py:154} INFO - [2025-02-17T22:29:52.615-0700] {dagbag.py:536} INFO - Filling up the DagBag from /home/jparep/miniconda3/envs/dbt-env/lib/python3.11/site-packages/airflow/example_dags/example_nested_branch_dag.py
[2025-02-17T22:29:52.631-0700] {processor.py:839} INFO - DAG(s) dict_keys(['example_nested_branch_dag']) retrieved from /home/jparep/miniconda3/envs/dbt-env/lib/python3.11/site-packages/airflow/example_dags/example_nested_branch_dag.py
[2025-02-17T22:29:52.656-0700] {logging_mixin.py:154} INFO - [2025-02-17T22:29:52.656-0700] {dag.py:2941} INFO - Sync 1 DAGs
[2025-02-17T22:29:52.674-0700] {logging_mixin.py:154} INFO - [2025-02-17T22:29:52.674-0700] {dag.py:3722} INFO - Setting next_dagrun for example_nested_branch_dag to 2025-02-17T00:00:00+00:00, run_after=2025-02-18T00:00:00+00:00
[2025-02-17T22:29:52.695-0700] {processor.py:179} INFO - Processing /home/jparep/miniconda3/envs/dbt-env/lib/python3.11/site-packages/airflow/example_dags/example_nested_branch_dag.py took 0.088 seconds
[2025-02-17T22:30:32.481-0700] {processor.py:157} INFO - Started process (PID=155848) to work on /home/jparep/miniconda3/envs/dbt-env/lib/python3.11/site-packages/airflow/example_dags/example_nested_branch_dag.py
[2025-02-17T22:30:32.483-0700] {processor.py:829} INFO - Processing file /home/jparep/miniconda3/envs/dbt-env/lib/python3.11/site-packages/airflow/example_dags/example_nested_branch_dag.py for tasks to queue
[2025-02-17T22:30:32.484-0700] {logging_mixin.py:154} INFO - [2025-02-17T22:30:32.483-0700] {dagbag.py:536} INFO - Filling up the DagBag from /home/jparep/miniconda3/envs/dbt-env/lib/python3.11/site-packages/airflow/example_dags/example_nested_branch_dag.py
[2025-02-17T22:30:32.494-0700] {processor.py:839} INFO - DAG(s) dict_keys(['example_nested_branch_dag']) retrieved from /home/jparep/miniconda3/envs/dbt-env/lib/python3.11/site-packages/airflow/example_dags/example_nested_branch_dag.py
[2025-02-17T22:30:32.512-0700] {logging_mixin.py:154} INFO - [2025-02-17T22:30:32.512-0700] {dag.py:2941} INFO - Sync 1 DAGs
[2025-02-17T22:30:32.531-0700] {logging_mixin.py:154} INFO - [2025-02-17T22:30:32.531-0700] {dag.py:3722} INFO - Setting next_dagrun for example_nested_branch_dag to 2025-02-17T00:00:00+00:00, run_after=2025-02-18T00:00:00+00:00
[2025-02-17T22:30:32.551-0700] {processor.py:179} INFO - Processing /home/jparep/miniconda3/envs/dbt-env/lib/python3.11/site-packages/airflow/example_dags/example_nested_branch_dag.py took 0.075 seconds
[2025-02-17T22:31:22.262-0700] {processor.py:157} INFO - Started process (PID=156194) to work on /home/jparep/miniconda3/envs/dbt-env/lib/python3.11/site-packages/airflow/example_dags/example_nested_branch_dag.py
[2025-02-17T22:31:22.272-0700] {processor.py:829} INFO - Processing file /home/jparep/miniconda3/envs/dbt-env/lib/python3.11/site-packages/airflow/example_dags/example_nested_branch_dag.py for tasks to queue
[2025-02-17T22:31:22.274-0700] {logging_mixin.py:154} INFO - [2025-02-17T22:31:22.273-0700] {dagbag.py:536} INFO - Filling up the DagBag from /home/jparep/miniconda3/envs/dbt-env/lib/python3.11/site-packages/airflow/example_dags/example_nested_branch_dag.py
[2025-02-17T22:31:22.291-0700] {processor.py:839} INFO - DAG(s) dict_keys(['example_nested_branch_dag']) retrieved from /home/jparep/miniconda3/envs/dbt-env/lib/python3.11/site-packages/airflow/example_dags/example_nested_branch_dag.py
[2025-02-17T22:31:22.321-0700] {logging_mixin.py:154} INFO - [2025-02-17T22:31:22.321-0700] {dag.py:2941} INFO - Sync 1 DAGs
[2025-02-17T22:31:22.343-0700] {logging_mixin.py:154} INFO - [2025-02-17T22:31:22.343-0700] {dag.py:3722} INFO - Setting next_dagrun for example_nested_branch_dag to 2025-02-17T00:00:00+00:00, run_after=2025-02-18T00:00:00+00:00
[2025-02-17T22:31:22.367-0700] {processor.py:179} INFO - Processing /home/jparep/miniconda3/envs/dbt-env/lib/python3.11/site-packages/airflow/example_dags/example_nested_branch_dag.py took 0.111 seconds
[2025-02-17T22:32:01.166-0700] {processor.py:157} INFO - Started process (PID=156643) to work on /home/jparep/miniconda3/envs/dbt-env/lib/python3.11/site-packages/airflow/example_dags/example_nested_branch_dag.py
[2025-02-17T22:32:01.169-0700] {processor.py:829} INFO - Processing file /home/jparep/miniconda3/envs/dbt-env/lib/python3.11/site-packages/airflow/example_dags/example_nested_branch_dag.py for tasks to queue
[2025-02-17T22:32:01.170-0700] {logging_mixin.py:154} INFO - [2025-02-17T22:32:01.170-0700] {dagbag.py:536} INFO - Filling up the DagBag from /home/jparep/miniconda3/envs/dbt-env/lib/python3.11/site-packages/airflow/example_dags/example_nested_branch_dag.py
[2025-02-17T22:32:01.186-0700] {processor.py:839} INFO - DAG(s) dict_keys(['example_nested_branch_dag']) retrieved from /home/jparep/miniconda3/envs/dbt-env/lib/python3.11/site-packages/airflow/example_dags/example_nested_branch_dag.py
[2025-02-17T22:32:01.214-0700] {logging_mixin.py:154} INFO - [2025-02-17T22:32:01.213-0700] {dag.py:2941} INFO - Sync 1 DAGs
[2025-02-17T22:32:01.236-0700] {logging_mixin.py:154} INFO - [2025-02-17T22:32:01.236-0700] {dag.py:3722} INFO - Setting next_dagrun for example_nested_branch_dag to 2025-02-17T00:00:00+00:00, run_after=2025-02-18T00:00:00+00:00
[2025-02-17T22:32:01.262-0700] {processor.py:179} INFO - Processing /home/jparep/miniconda3/envs/dbt-env/lib/python3.11/site-packages/airflow/example_dags/example_nested_branch_dag.py took 0.102 seconds
[2025-02-17T22:32:58.040-0700] {processor.py:157} INFO - Started process (PID=157024) to work on /home/jparep/miniconda3/envs/dbt-env/lib/python3.11/site-packages/airflow/example_dags/example_nested_branch_dag.py
[2025-02-17T22:32:58.043-0700] {processor.py:829} INFO - Processing file /home/jparep/miniconda3/envs/dbt-env/lib/python3.11/site-packages/airflow/example_dags/example_nested_branch_dag.py for tasks to queue
[2025-02-17T22:32:58.045-0700] {logging_mixin.py:154} INFO - [2025-02-17T22:32:58.043-0700] {dagbag.py:536} INFO - Filling up the DagBag from /home/jparep/miniconda3/envs/dbt-env/lib/python3.11/site-packages/airflow/example_dags/example_nested_branch_dag.py
[2025-02-17T22:32:58.060-0700] {processor.py:839} INFO - DAG(s) dict_keys(['example_nested_branch_dag']) retrieved from /home/jparep/miniconda3/envs/dbt-env/lib/python3.11/site-packages/airflow/example_dags/example_nested_branch_dag.py
[2025-02-17T22:32:58.083-0700] {logging_mixin.py:154} INFO - [2025-02-17T22:32:58.083-0700] {dag.py:2941} INFO - Sync 1 DAGs
[2025-02-17T22:32:58.107-0700] {logging_mixin.py:154} INFO - [2025-02-17T22:32:58.107-0700] {dag.py:3722} INFO - Setting next_dagrun for example_nested_branch_dag to 2025-02-17T00:00:00+00:00, run_after=2025-02-18T00:00:00+00:00
[2025-02-17T22:32:58.130-0700] {processor.py:179} INFO - Processing /home/jparep/miniconda3/envs/dbt-env/lib/python3.11/site-packages/airflow/example_dags/example_nested_branch_dag.py took 0.095 seconds
[2025-02-17T22:33:38.849-0700] {processor.py:157} INFO - Started process (PID=157464) to work on /home/jparep/miniconda3/envs/dbt-env/lib/python3.11/site-packages/airflow/example_dags/example_nested_branch_dag.py
[2025-02-17T22:33:38.852-0700] {processor.py:829} INFO - Processing file /home/jparep/miniconda3/envs/dbt-env/lib/python3.11/site-packages/airflow/example_dags/example_nested_branch_dag.py for tasks to queue
[2025-02-17T22:33:38.853-0700] {logging_mixin.py:154} INFO - [2025-02-17T22:33:38.853-0700] {dagbag.py:536} INFO - Filling up the DagBag from /home/jparep/miniconda3/envs/dbt-env/lib/python3.11/site-packages/airflow/example_dags/example_nested_branch_dag.py
[2025-02-17T22:33:38.869-0700] {processor.py:839} INFO - DAG(s) dict_keys(['example_nested_branch_dag']) retrieved from /home/jparep/miniconda3/envs/dbt-env/lib/python3.11/site-packages/airflow/example_dags/example_nested_branch_dag.py
[2025-02-17T22:33:38.887-0700] {logging_mixin.py:154} INFO - [2025-02-17T22:33:38.887-0700] {dag.py:2941} INFO - Sync 1 DAGs
[2025-02-17T22:33:38.904-0700] {logging_mixin.py:154} INFO - [2025-02-17T22:33:38.904-0700] {dag.py:3722} INFO - Setting next_dagrun for example_nested_branch_dag to 2025-02-17T00:00:00+00:00, run_after=2025-02-18T00:00:00+00:00
[2025-02-17T22:33:38.923-0700] {processor.py:179} INFO - Processing /home/jparep/miniconda3/envs/dbt-env/lib/python3.11/site-packages/airflow/example_dags/example_nested_branch_dag.py took 0.078 seconds
[2025-02-17T22:34:31.470-0700] {processor.py:157} INFO - Started process (PID=157678) to work on /home/jparep/miniconda3/envs/dbt-env/lib/python3.11/site-packages/airflow/example_dags/example_nested_branch_dag.py
[2025-02-17T22:34:31.473-0700] {processor.py:829} INFO - Processing file /home/jparep/miniconda3/envs/dbt-env/lib/python3.11/site-packages/airflow/example_dags/example_nested_branch_dag.py for tasks to queue
[2025-02-17T22:34:31.474-0700] {logging_mixin.py:154} INFO - [2025-02-17T22:34:31.474-0700] {dagbag.py:536} INFO - Filling up the DagBag from /home/jparep/miniconda3/envs/dbt-env/lib/python3.11/site-packages/airflow/example_dags/example_nested_branch_dag.py
[2025-02-17T22:34:31.489-0700] {processor.py:839} INFO - DAG(s) dict_keys(['example_nested_branch_dag']) retrieved from /home/jparep/miniconda3/envs/dbt-env/lib/python3.11/site-packages/airflow/example_dags/example_nested_branch_dag.py
[2025-02-17T22:34:31.508-0700] {logging_mixin.py:154} INFO - [2025-02-17T22:34:31.508-0700] {dag.py:2941} INFO - Sync 1 DAGs
[2025-02-17T22:34:31.522-0700] {logging_mixin.py:154} INFO - [2025-02-17T22:34:31.522-0700] {dag.py:3722} INFO - Setting next_dagrun for example_nested_branch_dag to 2025-02-17T00:00:00+00:00, run_after=2025-02-18T00:00:00+00:00
[2025-02-17T22:34:31.540-0700] {processor.py:179} INFO - Processing /home/jparep/miniconda3/envs/dbt-env/lib/python3.11/site-packages/airflow/example_dags/example_nested_branch_dag.py took 0.075 seconds
[2025-02-17T22:35:23.998-0700] {processor.py:157} INFO - Started process (PID=158137) to work on /home/jparep/miniconda3/envs/dbt-env/lib/python3.11/site-packages/airflow/example_dags/example_nested_branch_dag.py
[2025-02-17T22:35:24.000-0700] {processor.py:829} INFO - Processing file /home/jparep/miniconda3/envs/dbt-env/lib/python3.11/site-packages/airflow/example_dags/example_nested_branch_dag.py for tasks to queue
[2025-02-17T22:35:24.000-0700] {logging_mixin.py:154} INFO - [2025-02-17T22:35:24.000-0700] {dagbag.py:536} INFO - Filling up the DagBag from /home/jparep/miniconda3/envs/dbt-env/lib/python3.11/site-packages/airflow/example_dags/example_nested_branch_dag.py
[2025-02-17T22:35:24.009-0700] {processor.py:839} INFO - DAG(s) dict_keys(['example_nested_branch_dag']) retrieved from /home/jparep/miniconda3/envs/dbt-env/lib/python3.11/site-packages/airflow/example_dags/example_nested_branch_dag.py
[2025-02-17T22:35:24.022-0700] {logging_mixin.py:154} INFO - [2025-02-17T22:35:24.022-0700] {dag.py:2941} INFO - Sync 1 DAGs
[2025-02-17T22:35:24.036-0700] {logging_mixin.py:154} INFO - [2025-02-17T22:35:24.036-0700] {dag.py:3722} INFO - Setting next_dagrun for example_nested_branch_dag to 2025-02-17T00:00:00+00:00, run_after=2025-02-18T00:00:00+00:00
[2025-02-17T22:35:24.052-0700] {processor.py:179} INFO - Processing /home/jparep/miniconda3/envs/dbt-env/lib/python3.11/site-packages/airflow/example_dags/example_nested_branch_dag.py took 0.056 seconds
[2025-02-17T22:36:03.486-0700] {processor.py:157} INFO - Started process (PID=158567) to work on /home/jparep/miniconda3/envs/dbt-env/lib/python3.11/site-packages/airflow/example_dags/example_nested_branch_dag.py
[2025-02-17T22:36:03.490-0700] {processor.py:829} INFO - Processing file /home/jparep/miniconda3/envs/dbt-env/lib/python3.11/site-packages/airflow/example_dags/example_nested_branch_dag.py for tasks to queue
[2025-02-17T22:36:03.491-0700] {logging_mixin.py:154} INFO - [2025-02-17T22:36:03.490-0700] {dagbag.py:536} INFO - Filling up the DagBag from /home/jparep/miniconda3/envs/dbt-env/lib/python3.11/site-packages/airflow/example_dags/example_nested_branch_dag.py
[2025-02-17T22:36:03.507-0700] {processor.py:839} INFO - DAG(s) dict_keys(['example_nested_branch_dag']) retrieved from /home/jparep/miniconda3/envs/dbt-env/lib/python3.11/site-packages/airflow/example_dags/example_nested_branch_dag.py
[2025-02-17T22:36:03.537-0700] {logging_mixin.py:154} INFO - [2025-02-17T22:36:03.537-0700] {dag.py:2941} INFO - Sync 1 DAGs
[2025-02-17T22:36:03.566-0700] {logging_mixin.py:154} INFO - [2025-02-17T22:36:03.566-0700] {dag.py:3722} INFO - Setting next_dagrun for example_nested_branch_dag to 2025-02-17T00:00:00+00:00, run_after=2025-02-18T00:00:00+00:00
[2025-02-17T22:36:03.597-0700] {processor.py:179} INFO - Processing /home/jparep/miniconda3/envs/dbt-env/lib/python3.11/site-packages/airflow/example_dags/example_nested_branch_dag.py took 0.116 seconds
[2025-02-17T22:36:47.026-0700] {processor.py:157} INFO - Started process (PID=158829) to work on /home/jparep/miniconda3/envs/dbt-env/lib/python3.11/site-packages/airflow/example_dags/example_nested_branch_dag.py
[2025-02-17T22:36:47.028-0700] {processor.py:829} INFO - Processing file /home/jparep/miniconda3/envs/dbt-env/lib/python3.11/site-packages/airflow/example_dags/example_nested_branch_dag.py for tasks to queue
[2025-02-17T22:36:47.031-0700] {logging_mixin.py:154} INFO - [2025-02-17T22:36:47.030-0700] {dagbag.py:536} INFO - Filling up the DagBag from /home/jparep/miniconda3/envs/dbt-env/lib/python3.11/site-packages/airflow/example_dags/example_nested_branch_dag.py
[2025-02-17T22:36:47.043-0700] {processor.py:839} INFO - DAG(s) dict_keys(['example_nested_branch_dag']) retrieved from /home/jparep/miniconda3/envs/dbt-env/lib/python3.11/site-packages/airflow/example_dags/example_nested_branch_dag.py
[2025-02-17T22:36:47.057-0700] {logging_mixin.py:154} INFO - [2025-02-17T22:36:47.056-0700] {dag.py:2941} INFO - Sync 1 DAGs
[2025-02-17T22:36:47.073-0700] {logging_mixin.py:154} INFO - [2025-02-17T22:36:47.073-0700] {dag.py:3722} INFO - Setting next_dagrun for example_nested_branch_dag to 2025-02-17T00:00:00+00:00, run_after=2025-02-18T00:00:00+00:00
[2025-02-17T22:36:47.093-0700] {processor.py:179} INFO - Processing /home/jparep/miniconda3/envs/dbt-env/lib/python3.11/site-packages/airflow/example_dags/example_nested_branch_dag.py took 0.071 seconds
[2025-02-17T22:37:41.879-0700] {processor.py:157} INFO - Started process (PID=159963) to work on /home/jparep/miniconda3/envs/dbt-env/lib/python3.11/site-packages/airflow/example_dags/example_nested_branch_dag.py
[2025-02-17T22:37:41.882-0700] {processor.py:829} INFO - Processing file /home/jparep/miniconda3/envs/dbt-env/lib/python3.11/site-packages/airflow/example_dags/example_nested_branch_dag.py for tasks to queue
[2025-02-17T22:37:41.883-0700] {logging_mixin.py:154} INFO - [2025-02-17T22:37:41.882-0700] {dagbag.py:536} INFO - Filling up the DagBag from /home/jparep/miniconda3/envs/dbt-env/lib/python3.11/site-packages/airflow/example_dags/example_nested_branch_dag.py
[2025-02-17T22:37:41.897-0700] {processor.py:839} INFO - DAG(s) dict_keys(['example_nested_branch_dag']) retrieved from /home/jparep/miniconda3/envs/dbt-env/lib/python3.11/site-packages/airflow/example_dags/example_nested_branch_dag.py
[2025-02-17T22:37:41.919-0700] {logging_mixin.py:154} INFO - [2025-02-17T22:37:41.919-0700] {dag.py:2941} INFO - Sync 1 DAGs
[2025-02-17T22:37:41.936-0700] {logging_mixin.py:154} INFO - [2025-02-17T22:37:41.936-0700] {dag.py:3722} INFO - Setting next_dagrun for example_nested_branch_dag to 2025-02-17T00:00:00+00:00, run_after=2025-02-18T00:00:00+00:00
[2025-02-17T22:37:41.955-0700] {processor.py:179} INFO - Processing /home/jparep/miniconda3/envs/dbt-env/lib/python3.11/site-packages/airflow/example_dags/example_nested_branch_dag.py took 0.081 seconds
[2025-02-17T22:38:34.460-0700] {processor.py:157} INFO - Started process (PID=160629) to work on /home/jparep/miniconda3/envs/dbt-env/lib/python3.11/site-packages/airflow/example_dags/example_nested_branch_dag.py
[2025-02-17T22:38:34.462-0700] {processor.py:829} INFO - Processing file /home/jparep/miniconda3/envs/dbt-env/lib/python3.11/site-packages/airflow/example_dags/example_nested_branch_dag.py for tasks to queue
[2025-02-17T22:38:34.462-0700] {logging_mixin.py:154} INFO - [2025-02-17T22:38:34.462-0700] {dagbag.py:536} INFO - Filling up the DagBag from /home/jparep/miniconda3/envs/dbt-env/lib/python3.11/site-packages/airflow/example_dags/example_nested_branch_dag.py
[2025-02-17T22:38:34.475-0700] {processor.py:839} INFO - DAG(s) dict_keys(['example_nested_branch_dag']) retrieved from /home/jparep/miniconda3/envs/dbt-env/lib/python3.11/site-packages/airflow/example_dags/example_nested_branch_dag.py
[2025-02-17T22:38:34.492-0700] {logging_mixin.py:154} INFO - [2025-02-17T22:38:34.491-0700] {dag.py:2941} INFO - Sync 1 DAGs
[2025-02-17T22:38:34.512-0700] {logging_mixin.py:154} INFO - [2025-02-17T22:38:34.512-0700] {dag.py:3722} INFO - Setting next_dagrun for example_nested_branch_dag to 2025-02-17T00:00:00+00:00, run_after=2025-02-18T00:00:00+00:00
[2025-02-17T22:38:34.532-0700] {processor.py:179} INFO - Processing /home/jparep/miniconda3/envs/dbt-env/lib/python3.11/site-packages/airflow/example_dags/example_nested_branch_dag.py took 0.075 seconds
[2025-02-17T22:39:27.030-0700] {processor.py:157} INFO - Started process (PID=161191) to work on /home/jparep/miniconda3/envs/dbt-env/lib/python3.11/site-packages/airflow/example_dags/example_nested_branch_dag.py
[2025-02-17T22:39:27.031-0700] {processor.py:829} INFO - Processing file /home/jparep/miniconda3/envs/dbt-env/lib/python3.11/site-packages/airflow/example_dags/example_nested_branch_dag.py for tasks to queue
[2025-02-17T22:39:27.033-0700] {logging_mixin.py:154} INFO - [2025-02-17T22:39:27.032-0700] {dagbag.py:536} INFO - Filling up the DagBag from /home/jparep/miniconda3/envs/dbt-env/lib/python3.11/site-packages/airflow/example_dags/example_nested_branch_dag.py
[2025-02-17T22:39:27.045-0700] {processor.py:839} INFO - DAG(s) dict_keys(['example_nested_branch_dag']) retrieved from /home/jparep/miniconda3/envs/dbt-env/lib/python3.11/site-packages/airflow/example_dags/example_nested_branch_dag.py
[2025-02-17T22:39:27.060-0700] {logging_mixin.py:154} INFO - [2025-02-17T22:39:27.059-0700] {dag.py:2941} INFO - Sync 1 DAGs
[2025-02-17T22:39:27.077-0700] {logging_mixin.py:154} INFO - [2025-02-17T22:39:27.076-0700] {dag.py:3722} INFO - Setting next_dagrun for example_nested_branch_dag to 2025-02-17T00:00:00+00:00, run_after=2025-02-18T00:00:00+00:00
[2025-02-17T22:39:27.098-0700] {processor.py:179} INFO - Processing /home/jparep/miniconda3/envs/dbt-env/lib/python3.11/site-packages/airflow/example_dags/example_nested_branch_dag.py took 0.071 seconds
[2025-02-17T22:40:25.398-0700] {processor.py:157} INFO - Started process (PID=161650) to work on /home/jparep/miniconda3/envs/dbt-env/lib/python3.11/site-packages/airflow/example_dags/example_nested_branch_dag.py
[2025-02-17T22:40:25.401-0700] {processor.py:829} INFO - Processing file /home/jparep/miniconda3/envs/dbt-env/lib/python3.11/site-packages/airflow/example_dags/example_nested_branch_dag.py for tasks to queue
[2025-02-17T22:40:25.403-0700] {logging_mixin.py:154} INFO - [2025-02-17T22:40:25.402-0700] {dagbag.py:536} INFO - Filling up the DagBag from /home/jparep/miniconda3/envs/dbt-env/lib/python3.11/site-packages/airflow/example_dags/example_nested_branch_dag.py
[2025-02-17T22:40:25.425-0700] {processor.py:839} INFO - DAG(s) dict_keys(['example_nested_branch_dag']) retrieved from /home/jparep/miniconda3/envs/dbt-env/lib/python3.11/site-packages/airflow/example_dags/example_nested_branch_dag.py
[2025-02-17T22:40:25.449-0700] {logging_mixin.py:154} INFO - [2025-02-17T22:40:25.449-0700] {dag.py:2941} INFO - Sync 1 DAGs
[2025-02-17T22:40:25.471-0700] {logging_mixin.py:154} INFO - [2025-02-17T22:40:25.470-0700] {dag.py:3722} INFO - Setting next_dagrun for example_nested_branch_dag to 2025-02-17T00:00:00+00:00, run_after=2025-02-18T00:00:00+00:00
[2025-02-17T22:40:25.499-0700] {processor.py:179} INFO - Processing /home/jparep/miniconda3/envs/dbt-env/lib/python3.11/site-packages/airflow/example_dags/example_nested_branch_dag.py took 0.107 seconds
[2025-02-17T22:41:20.161-0700] {processor.py:157} INFO - Started process (PID=162156) to work on /home/jparep/miniconda3/envs/dbt-env/lib/python3.11/site-packages/airflow/example_dags/example_nested_branch_dag.py
[2025-02-17T22:41:20.162-0700] {processor.py:829} INFO - Processing file /home/jparep/miniconda3/envs/dbt-env/lib/python3.11/site-packages/airflow/example_dags/example_nested_branch_dag.py for tasks to queue
[2025-02-17T22:41:20.164-0700] {logging_mixin.py:154} INFO - [2025-02-17T22:41:20.163-0700] {dagbag.py:536} INFO - Filling up the DagBag from /home/jparep/miniconda3/envs/dbt-env/lib/python3.11/site-packages/airflow/example_dags/example_nested_branch_dag.py
[2025-02-17T22:41:20.179-0700] {processor.py:839} INFO - DAG(s) dict_keys(['example_nested_branch_dag']) retrieved from /home/jparep/miniconda3/envs/dbt-env/lib/python3.11/site-packages/airflow/example_dags/example_nested_branch_dag.py
[2025-02-17T22:41:20.206-0700] {logging_mixin.py:154} INFO - [2025-02-17T22:41:20.206-0700] {dag.py:2941} INFO - Sync 1 DAGs
[2025-02-17T22:41:20.227-0700] {logging_mixin.py:154} INFO - [2025-02-17T22:41:20.227-0700] {dag.py:3722} INFO - Setting next_dagrun for example_nested_branch_dag to 2025-02-17T00:00:00+00:00, run_after=2025-02-18T00:00:00+00:00
[2025-02-17T22:41:20.247-0700] {processor.py:179} INFO - Processing /home/jparep/miniconda3/envs/dbt-env/lib/python3.11/site-packages/airflow/example_dags/example_nested_branch_dag.py took 0.091 seconds
[2025-02-17T22:42:04.539-0700] {processor.py:157} INFO - Started process (PID=162360) to work on /home/jparep/miniconda3/envs/dbt-env/lib/python3.11/site-packages/airflow/example_dags/example_nested_branch_dag.py
[2025-02-17T22:42:04.542-0700] {processor.py:829} INFO - Processing file /home/jparep/miniconda3/envs/dbt-env/lib/python3.11/site-packages/airflow/example_dags/example_nested_branch_dag.py for tasks to queue
[2025-02-17T22:42:04.543-0700] {logging_mixin.py:154} INFO - [2025-02-17T22:42:04.542-0700] {dagbag.py:536} INFO - Filling up the DagBag from /home/jparep/miniconda3/envs/dbt-env/lib/python3.11/site-packages/airflow/example_dags/example_nested_branch_dag.py
[2025-02-17T22:42:04.558-0700] {processor.py:839} INFO - DAG(s) dict_keys(['example_nested_branch_dag']) retrieved from /home/jparep/miniconda3/envs/dbt-env/lib/python3.11/site-packages/airflow/example_dags/example_nested_branch_dag.py
[2025-02-17T22:42:04.572-0700] {logging_mixin.py:154} INFO - [2025-02-17T22:42:04.572-0700] {dag.py:2941} INFO - Sync 1 DAGs
[2025-02-17T22:42:04.586-0700] {logging_mixin.py:154} INFO - [2025-02-17T22:42:04.586-0700] {dag.py:3722} INFO - Setting next_dagrun for example_nested_branch_dag to 2025-02-17T00:00:00+00:00, run_after=2025-02-18T00:00:00+00:00
[2025-02-17T22:42:04.602-0700] {processor.py:179} INFO - Processing /home/jparep/miniconda3/envs/dbt-env/lib/python3.11/site-packages/airflow/example_dags/example_nested_branch_dag.py took 0.069 seconds
