[2025-02-17T22:15:45.618-0700] {processor.py:157} INFO - Started process (PID=148425) to work on /home/jparep/miniconda3/envs/dbt-env/lib/python3.11/site-packages/airflow/example_dags/example_trigger_controller_dag.py
[2025-02-17T22:15:45.620-0700] {processor.py:829} INFO - Processing file /home/jparep/miniconda3/envs/dbt-env/lib/python3.11/site-packages/airflow/example_dags/example_trigger_controller_dag.py for tasks to queue
[2025-02-17T22:15:45.622-0700] {logging_mixin.py:154} INFO - [2025-02-17T22:15:45.621-0700] {dagbag.py:536} INFO - Filling up the DagBag from /home/jparep/miniconda3/envs/dbt-env/lib/python3.11/site-packages/airflow/example_dags/example_trigger_controller_dag.py
[2025-02-17T22:15:45.638-0700] {processor.py:839} INFO - DAG(s) dict_keys(['example_trigger_controller_dag']) retrieved from /home/jparep/miniconda3/envs/dbt-env/lib/python3.11/site-packages/airflow/example_dags/example_trigger_controller_dag.py
[2025-02-17T22:15:45.944-0700] {logging_mixin.py:154} INFO - [2025-02-17T22:15:45.943-0700] {manager.py:499} INFO - Created Permission View: %s
[2025-02-17T22:15:45.968-0700] {logging_mixin.py:154} INFO - [2025-02-17T22:15:45.967-0700] {manager.py:499} INFO - Created Permission View: %s
[2025-02-17T22:15:45.979-0700] {logging_mixin.py:154} INFO - [2025-02-17T22:15:45.978-0700] {manager.py:499} INFO - Created Permission View: %s
[2025-02-17T22:15:45.979-0700] {logging_mixin.py:154} INFO - [2025-02-17T22:15:45.979-0700] {dag.py:2941} INFO - Sync 1 DAGs
[2025-02-17T22:15:45.986-0700] {logging_mixin.py:154} INFO - [2025-02-17T22:15:45.986-0700] {dag.py:2963} INFO - Creating ORM DAG for example_trigger_controller_dag
[2025-02-17T22:15:45.992-0700] {logging_mixin.py:154} INFO - [2025-02-17T22:15:45.992-0700] {dag.py:3722} INFO - Setting next_dagrun for example_trigger_controller_dag to 2021-01-01T00:00:00+00:00, run_after=2021-01-01T00:00:00+00:00
[2025-02-17T22:15:46.008-0700] {processor.py:179} INFO - Processing /home/jparep/miniconda3/envs/dbt-env/lib/python3.11/site-packages/airflow/example_dags/example_trigger_controller_dag.py took 0.394 seconds
[2025-02-17T22:16:43.574-0700] {processor.py:157} INFO - Started process (PID=148804) to work on /home/jparep/miniconda3/envs/dbt-env/lib/python3.11/site-packages/airflow/example_dags/example_trigger_controller_dag.py
[2025-02-17T22:16:43.577-0700] {processor.py:829} INFO - Processing file /home/jparep/miniconda3/envs/dbt-env/lib/python3.11/site-packages/airflow/example_dags/example_trigger_controller_dag.py for tasks to queue
[2025-02-17T22:16:43.578-0700] {logging_mixin.py:154} INFO - [2025-02-17T22:16:43.578-0700] {dagbag.py:536} INFO - Filling up the DagBag from /home/jparep/miniconda3/envs/dbt-env/lib/python3.11/site-packages/airflow/example_dags/example_trigger_controller_dag.py
[2025-02-17T22:16:43.585-0700] {processor.py:839} INFO - DAG(s) dict_keys(['example_trigger_controller_dag']) retrieved from /home/jparep/miniconda3/envs/dbt-env/lib/python3.11/site-packages/airflow/example_dags/example_trigger_controller_dag.py
[2025-02-17T22:16:43.603-0700] {logging_mixin.py:154} INFO - [2025-02-17T22:16:43.602-0700] {dag.py:2941} INFO - Sync 1 DAGs
[2025-02-17T22:16:43.623-0700] {logging_mixin.py:154} INFO - [2025-02-17T22:16:43.622-0700] {dag.py:3722} INFO - Setting next_dagrun for example_trigger_controller_dag to 2021-01-01T00:00:00+00:00, run_after=2021-01-01T00:00:00+00:00
[2025-02-17T22:16:43.729-0700] {processor.py:179} INFO - Processing /home/jparep/miniconda3/envs/dbt-env/lib/python3.11/site-packages/airflow/example_dags/example_trigger_controller_dag.py took 0.158 seconds
[2025-02-17T22:17:31.066-0700] {processor.py:157} INFO - Started process (PID=149244) to work on /home/jparep/miniconda3/envs/dbt-env/lib/python3.11/site-packages/airflow/example_dags/example_trigger_controller_dag.py
[2025-02-17T22:17:31.068-0700] {processor.py:829} INFO - Processing file /home/jparep/miniconda3/envs/dbt-env/lib/python3.11/site-packages/airflow/example_dags/example_trigger_controller_dag.py for tasks to queue
[2025-02-17T22:17:31.069-0700] {logging_mixin.py:154} INFO - [2025-02-17T22:17:31.068-0700] {dagbag.py:536} INFO - Filling up the DagBag from /home/jparep/miniconda3/envs/dbt-env/lib/python3.11/site-packages/airflow/example_dags/example_trigger_controller_dag.py
[2025-02-17T22:17:31.074-0700] {processor.py:839} INFO - DAG(s) dict_keys(['example_trigger_controller_dag']) retrieved from /home/jparep/miniconda3/envs/dbt-env/lib/python3.11/site-packages/airflow/example_dags/example_trigger_controller_dag.py
[2025-02-17T22:17:31.173-0700] {logging_mixin.py:154} INFO - [2025-02-17T22:17:31.173-0700] {dag.py:2941} INFO - Sync 1 DAGs
[2025-02-17T22:17:31.186-0700] {logging_mixin.py:154} INFO - [2025-02-17T22:17:31.185-0700] {dag.py:3722} INFO - Setting next_dagrun for example_trigger_controller_dag to 2021-01-01T00:00:00+00:00, run_after=2021-01-01T00:00:00+00:00
[2025-02-17T22:17:31.203-0700] {processor.py:179} INFO - Processing /home/jparep/miniconda3/envs/dbt-env/lib/python3.11/site-packages/airflow/example_dags/example_trigger_controller_dag.py took 0.139 seconds
[2025-02-17T22:18:17.110-0700] {processor.py:157} INFO - Started process (PID=149525) to work on /home/jparep/miniconda3/envs/dbt-env/lib/python3.11/site-packages/airflow/example_dags/example_trigger_controller_dag.py
[2025-02-17T22:18:17.112-0700] {processor.py:829} INFO - Processing file /home/jparep/miniconda3/envs/dbt-env/lib/python3.11/site-packages/airflow/example_dags/example_trigger_controller_dag.py for tasks to queue
[2025-02-17T22:18:17.114-0700] {logging_mixin.py:154} INFO - [2025-02-17T22:18:17.113-0700] {dagbag.py:536} INFO - Filling up the DagBag from /home/jparep/miniconda3/envs/dbt-env/lib/python3.11/site-packages/airflow/example_dags/example_trigger_controller_dag.py
[2025-02-17T22:18:17.127-0700] {processor.py:839} INFO - DAG(s) dict_keys(['example_trigger_controller_dag']) retrieved from /home/jparep/miniconda3/envs/dbt-env/lib/python3.11/site-packages/airflow/example_dags/example_trigger_controller_dag.py
[2025-02-17T22:18:17.157-0700] {logging_mixin.py:154} INFO - [2025-02-17T22:18:17.157-0700] {dag.py:2941} INFO - Sync 1 DAGs
[2025-02-17T22:18:17.192-0700] {logging_mixin.py:154} INFO - [2025-02-17T22:18:17.192-0700] {dag.py:3722} INFO - Setting next_dagrun for example_trigger_controller_dag to 2021-01-01T00:00:00+00:00, run_after=2021-01-01T00:00:00+00:00
[2025-02-17T22:18:17.231-0700] {processor.py:179} INFO - Processing /home/jparep/miniconda3/envs/dbt-env/lib/python3.11/site-packages/airflow/example_dags/example_trigger_controller_dag.py took 0.127 seconds
[2025-02-17T22:18:54.879-0700] {processor.py:157} INFO - Started process (PID=149942) to work on /home/jparep/miniconda3/envs/dbt-env/lib/python3.11/site-packages/airflow/example_dags/example_trigger_controller_dag.py
[2025-02-17T22:18:54.881-0700] {processor.py:829} INFO - Processing file /home/jparep/miniconda3/envs/dbt-env/lib/python3.11/site-packages/airflow/example_dags/example_trigger_controller_dag.py for tasks to queue
[2025-02-17T22:18:54.882-0700] {logging_mixin.py:154} INFO - [2025-02-17T22:18:54.882-0700] {dagbag.py:536} INFO - Filling up the DagBag from /home/jparep/miniconda3/envs/dbt-env/lib/python3.11/site-packages/airflow/example_dags/example_trigger_controller_dag.py
[2025-02-17T22:18:54.890-0700] {processor.py:839} INFO - DAG(s) dict_keys(['example_trigger_controller_dag']) retrieved from /home/jparep/miniconda3/envs/dbt-env/lib/python3.11/site-packages/airflow/example_dags/example_trigger_controller_dag.py
[2025-02-17T22:18:54.910-0700] {logging_mixin.py:154} INFO - [2025-02-17T22:18:54.910-0700] {dag.py:2941} INFO - Sync 1 DAGs
[2025-02-17T22:18:54.924-0700] {logging_mixin.py:154} INFO - [2025-02-17T22:18:54.924-0700] {dag.py:3722} INFO - Setting next_dagrun for example_trigger_controller_dag to 2021-01-01T00:00:00+00:00, run_after=2021-01-01T00:00:00+00:00
[2025-02-17T22:18:54.939-0700] {processor.py:179} INFO - Processing /home/jparep/miniconda3/envs/dbt-env/lib/python3.11/site-packages/airflow/example_dags/example_trigger_controller_dag.py took 0.065 seconds
[2025-02-17T22:19:31.732-0700] {processor.py:157} INFO - Started process (PID=150181) to work on /home/jparep/miniconda3/envs/dbt-env/lib/python3.11/site-packages/airflow/example_dags/example_trigger_controller_dag.py
[2025-02-17T22:19:31.734-0700] {processor.py:829} INFO - Processing file /home/jparep/miniconda3/envs/dbt-env/lib/python3.11/site-packages/airflow/example_dags/example_trigger_controller_dag.py for tasks to queue
[2025-02-17T22:19:31.736-0700] {logging_mixin.py:154} INFO - [2025-02-17T22:19:31.735-0700] {dagbag.py:536} INFO - Filling up the DagBag from /home/jparep/miniconda3/envs/dbt-env/lib/python3.11/site-packages/airflow/example_dags/example_trigger_controller_dag.py
[2025-02-17T22:19:31.745-0700] {processor.py:839} INFO - DAG(s) dict_keys(['example_trigger_controller_dag']) retrieved from /home/jparep/miniconda3/envs/dbt-env/lib/python3.11/site-packages/airflow/example_dags/example_trigger_controller_dag.py
[2025-02-17T22:19:31.772-0700] {logging_mixin.py:154} INFO - [2025-02-17T22:19:31.772-0700] {dag.py:2941} INFO - Sync 1 DAGs
[2025-02-17T22:19:31.788-0700] {logging_mixin.py:154} INFO - [2025-02-17T22:19:31.788-0700] {dag.py:3722} INFO - Setting next_dagrun for example_trigger_controller_dag to 2021-01-01T00:00:00+00:00, run_after=2021-01-01T00:00:00+00:00
[2025-02-17T22:19:31.809-0700] {processor.py:179} INFO - Processing /home/jparep/miniconda3/envs/dbt-env/lib/python3.11/site-packages/airflow/example_dags/example_trigger_controller_dag.py took 0.081 seconds
[2025-02-17T22:20:11.896-0700] {processor.py:157} INFO - Started process (PID=150609) to work on /home/jparep/miniconda3/envs/dbt-env/lib/python3.11/site-packages/airflow/example_dags/example_trigger_controller_dag.py
[2025-02-17T22:20:11.898-0700] {processor.py:829} INFO - Processing file /home/jparep/miniconda3/envs/dbt-env/lib/python3.11/site-packages/airflow/example_dags/example_trigger_controller_dag.py for tasks to queue
[2025-02-17T22:20:11.899-0700] {logging_mixin.py:154} INFO - [2025-02-17T22:20:11.899-0700] {dagbag.py:536} INFO - Filling up the DagBag from /home/jparep/miniconda3/envs/dbt-env/lib/python3.11/site-packages/airflow/example_dags/example_trigger_controller_dag.py
[2025-02-17T22:20:11.908-0700] {processor.py:839} INFO - DAG(s) dict_keys(['example_trigger_controller_dag']) retrieved from /home/jparep/miniconda3/envs/dbt-env/lib/python3.11/site-packages/airflow/example_dags/example_trigger_controller_dag.py
[2025-02-17T22:20:11.932-0700] {logging_mixin.py:154} INFO - [2025-02-17T22:20:11.931-0700] {dag.py:2941} INFO - Sync 1 DAGs
[2025-02-17T22:20:11.958-0700] {logging_mixin.py:154} INFO - [2025-02-17T22:20:11.958-0700] {dag.py:3722} INFO - Setting next_dagrun for example_trigger_controller_dag to 2021-01-01T00:00:00+00:00, run_after=2021-01-01T00:00:00+00:00
[2025-02-17T22:20:11.991-0700] {processor.py:179} INFO - Processing /home/jparep/miniconda3/envs/dbt-env/lib/python3.11/site-packages/airflow/example_dags/example_trigger_controller_dag.py took 0.100 seconds
[2025-02-17T22:20:50.230-0700] {processor.py:157} INFO - Started process (PID=151036) to work on /home/jparep/miniconda3/envs/dbt-env/lib/python3.11/site-packages/airflow/example_dags/example_trigger_controller_dag.py
[2025-02-17T22:20:50.232-0700] {processor.py:829} INFO - Processing file /home/jparep/miniconda3/envs/dbt-env/lib/python3.11/site-packages/airflow/example_dags/example_trigger_controller_dag.py for tasks to queue
[2025-02-17T22:20:50.233-0700] {logging_mixin.py:154} INFO - [2025-02-17T22:20:50.233-0700] {dagbag.py:536} INFO - Filling up the DagBag from /home/jparep/miniconda3/envs/dbt-env/lib/python3.11/site-packages/airflow/example_dags/example_trigger_controller_dag.py
[2025-02-17T22:20:50.241-0700] {processor.py:839} INFO - DAG(s) dict_keys(['example_trigger_controller_dag']) retrieved from /home/jparep/miniconda3/envs/dbt-env/lib/python3.11/site-packages/airflow/example_dags/example_trigger_controller_dag.py
[2025-02-17T22:20:50.264-0700] {logging_mixin.py:154} INFO - [2025-02-17T22:20:50.264-0700] {dag.py:2941} INFO - Sync 1 DAGs
[2025-02-17T22:20:50.288-0700] {logging_mixin.py:154} INFO - [2025-02-17T22:20:50.288-0700] {dag.py:3722} INFO - Setting next_dagrun for example_trigger_controller_dag to 2021-01-01T00:00:00+00:00, run_after=2021-01-01T00:00:00+00:00
[2025-02-17T22:20:50.317-0700] {processor.py:179} INFO - Processing /home/jparep/miniconda3/envs/dbt-env/lib/python3.11/site-packages/airflow/example_dags/example_trigger_controller_dag.py took 0.091 seconds
[2025-02-17T22:21:27.028-0700] {processor.py:157} INFO - Started process (PID=151263) to work on /home/jparep/miniconda3/envs/dbt-env/lib/python3.11/site-packages/airflow/example_dags/example_trigger_controller_dag.py
[2025-02-17T22:21:27.031-0700] {processor.py:829} INFO - Processing file /home/jparep/miniconda3/envs/dbt-env/lib/python3.11/site-packages/airflow/example_dags/example_trigger_controller_dag.py for tasks to queue
[2025-02-17T22:21:27.032-0700] {logging_mixin.py:154} INFO - [2025-02-17T22:21:27.032-0700] {dagbag.py:536} INFO - Filling up the DagBag from /home/jparep/miniconda3/envs/dbt-env/lib/python3.11/site-packages/airflow/example_dags/example_trigger_controller_dag.py
[2025-02-17T22:21:27.040-0700] {processor.py:839} INFO - DAG(s) dict_keys(['example_trigger_controller_dag']) retrieved from /home/jparep/miniconda3/envs/dbt-env/lib/python3.11/site-packages/airflow/example_dags/example_trigger_controller_dag.py
[2025-02-17T22:21:27.064-0700] {logging_mixin.py:154} INFO - [2025-02-17T22:21:27.064-0700] {dag.py:2941} INFO - Sync 1 DAGs
[2025-02-17T22:21:27.094-0700] {logging_mixin.py:154} INFO - [2025-02-17T22:21:27.094-0700] {dag.py:3722} INFO - Setting next_dagrun for example_trigger_controller_dag to 2021-01-01T00:00:00+00:00, run_after=2021-01-01T00:00:00+00:00
[2025-02-17T22:21:27.125-0700] {processor.py:179} INFO - Processing /home/jparep/miniconda3/envs/dbt-env/lib/python3.11/site-packages/airflow/example_dags/example_trigger_controller_dag.py took 0.102 seconds
[2025-02-17T22:22:14.178-0700] {processor.py:157} INFO - Started process (PID=151668) to work on /home/jparep/miniconda3/envs/dbt-env/lib/python3.11/site-packages/airflow/example_dags/example_trigger_controller_dag.py
[2025-02-17T22:22:14.181-0700] {processor.py:829} INFO - Processing file /home/jparep/miniconda3/envs/dbt-env/lib/python3.11/site-packages/airflow/example_dags/example_trigger_controller_dag.py for tasks to queue
[2025-02-17T22:22:14.182-0700] {logging_mixin.py:154} INFO - [2025-02-17T22:22:14.181-0700] {dagbag.py:536} INFO - Filling up the DagBag from /home/jparep/miniconda3/envs/dbt-env/lib/python3.11/site-packages/airflow/example_dags/example_trigger_controller_dag.py
[2025-02-17T22:22:14.188-0700] {processor.py:839} INFO - DAG(s) dict_keys(['example_trigger_controller_dag']) retrieved from /home/jparep/miniconda3/envs/dbt-env/lib/python3.11/site-packages/airflow/example_dags/example_trigger_controller_dag.py
[2025-02-17T22:22:14.213-0700] {logging_mixin.py:154} INFO - [2025-02-17T22:22:14.213-0700] {dag.py:2941} INFO - Sync 1 DAGs
[2025-02-17T22:22:14.237-0700] {logging_mixin.py:154} INFO - [2025-02-17T22:22:14.236-0700] {dag.py:3722} INFO - Setting next_dagrun for example_trigger_controller_dag to 2021-01-01T00:00:00+00:00, run_after=2021-01-01T00:00:00+00:00
[2025-02-17T22:22:14.256-0700] {processor.py:179} INFO - Processing /home/jparep/miniconda3/envs/dbt-env/lib/python3.11/site-packages/airflow/example_dags/example_trigger_controller_dag.py took 0.082 seconds
[2025-02-17T22:22:50.350-0700] {processor.py:157} INFO - Started process (PID=151972) to work on /home/jparep/miniconda3/envs/dbt-env/lib/python3.11/site-packages/airflow/example_dags/example_trigger_controller_dag.py
[2025-02-17T22:22:50.352-0700] {processor.py:829} INFO - Processing file /home/jparep/miniconda3/envs/dbt-env/lib/python3.11/site-packages/airflow/example_dags/example_trigger_controller_dag.py for tasks to queue
[2025-02-17T22:22:50.353-0700] {logging_mixin.py:154} INFO - [2025-02-17T22:22:50.353-0700] {dagbag.py:536} INFO - Filling up the DagBag from /home/jparep/miniconda3/envs/dbt-env/lib/python3.11/site-packages/airflow/example_dags/example_trigger_controller_dag.py
[2025-02-17T22:22:50.361-0700] {processor.py:839} INFO - DAG(s) dict_keys(['example_trigger_controller_dag']) retrieved from /home/jparep/miniconda3/envs/dbt-env/lib/python3.11/site-packages/airflow/example_dags/example_trigger_controller_dag.py
[2025-02-17T22:22:50.381-0700] {logging_mixin.py:154} INFO - [2025-02-17T22:22:50.381-0700] {dag.py:2941} INFO - Sync 1 DAGs
[2025-02-17T22:22:50.397-0700] {logging_mixin.py:154} INFO - [2025-02-17T22:22:50.397-0700] {dag.py:3722} INFO - Setting next_dagrun for example_trigger_controller_dag to 2021-01-01T00:00:00+00:00, run_after=2021-01-01T00:00:00+00:00
[2025-02-17T22:22:50.415-0700] {processor.py:179} INFO - Processing /home/jparep/miniconda3/envs/dbt-env/lib/python3.11/site-packages/airflow/example_dags/example_trigger_controller_dag.py took 0.069 seconds
[2025-02-17T22:23:28.606-0700] {processor.py:157} INFO - Started process (PID=152186) to work on /home/jparep/miniconda3/envs/dbt-env/lib/python3.11/site-packages/airflow/example_dags/example_trigger_controller_dag.py
[2025-02-17T22:23:28.607-0700] {processor.py:829} INFO - Processing file /home/jparep/miniconda3/envs/dbt-env/lib/python3.11/site-packages/airflow/example_dags/example_trigger_controller_dag.py for tasks to queue
[2025-02-17T22:23:28.608-0700] {logging_mixin.py:154} INFO - [2025-02-17T22:23:28.608-0700] {dagbag.py:536} INFO - Filling up the DagBag from /home/jparep/miniconda3/envs/dbt-env/lib/python3.11/site-packages/airflow/example_dags/example_trigger_controller_dag.py
[2025-02-17T22:23:28.615-0700] {processor.py:839} INFO - DAG(s) dict_keys(['example_trigger_controller_dag']) retrieved from /home/jparep/miniconda3/envs/dbt-env/lib/python3.11/site-packages/airflow/example_dags/example_trigger_controller_dag.py
[2025-02-17T22:23:28.638-0700] {logging_mixin.py:154} INFO - [2025-02-17T22:23:28.638-0700] {dag.py:2941} INFO - Sync 1 DAGs
[2025-02-17T22:23:28.661-0700] {logging_mixin.py:154} INFO - [2025-02-17T22:23:28.661-0700] {dag.py:3722} INFO - Setting next_dagrun for example_trigger_controller_dag to 2021-01-01T00:00:00+00:00, run_after=2021-01-01T00:00:00+00:00
[2025-02-17T22:23:28.688-0700] {processor.py:179} INFO - Processing /home/jparep/miniconda3/envs/dbt-env/lib/python3.11/site-packages/airflow/example_dags/example_trigger_controller_dag.py took 0.086 seconds
[2025-02-17T22:24:04.793-0700] {processor.py:157} INFO - Started process (PID=152586) to work on /home/jparep/miniconda3/envs/dbt-env/lib/python3.11/site-packages/airflow/example_dags/example_trigger_controller_dag.py
[2025-02-17T22:24:04.796-0700] {processor.py:829} INFO - Processing file /home/jparep/miniconda3/envs/dbt-env/lib/python3.11/site-packages/airflow/example_dags/example_trigger_controller_dag.py for tasks to queue
[2025-02-17T22:24:04.797-0700] {logging_mixin.py:154} INFO - [2025-02-17T22:24:04.797-0700] {dagbag.py:536} INFO - Filling up the DagBag from /home/jparep/miniconda3/envs/dbt-env/lib/python3.11/site-packages/airflow/example_dags/example_trigger_controller_dag.py
[2025-02-17T22:24:04.804-0700] {processor.py:839} INFO - DAG(s) dict_keys(['example_trigger_controller_dag']) retrieved from /home/jparep/miniconda3/envs/dbt-env/lib/python3.11/site-packages/airflow/example_dags/example_trigger_controller_dag.py
[2025-02-17T22:24:04.829-0700] {logging_mixin.py:154} INFO - [2025-02-17T22:24:04.829-0700] {dag.py:2941} INFO - Sync 1 DAGs
[2025-02-17T22:24:04.852-0700] {logging_mixin.py:154} INFO - [2025-02-17T22:24:04.852-0700] {dag.py:3722} INFO - Setting next_dagrun for example_trigger_controller_dag to 2021-01-01T00:00:00+00:00, run_after=2021-01-01T00:00:00+00:00
[2025-02-17T22:24:04.876-0700] {processor.py:179} INFO - Processing /home/jparep/miniconda3/envs/dbt-env/lib/python3.11/site-packages/airflow/example_dags/example_trigger_controller_dag.py took 0.088 seconds
[2025-02-17T22:24:41.015-0700] {processor.py:157} INFO - Started process (PID=152826) to work on /home/jparep/miniconda3/envs/dbt-env/lib/python3.11/site-packages/airflow/example_dags/example_trigger_controller_dag.py
[2025-02-17T22:24:41.018-0700] {processor.py:829} INFO - Processing file /home/jparep/miniconda3/envs/dbt-env/lib/python3.11/site-packages/airflow/example_dags/example_trigger_controller_dag.py for tasks to queue
[2025-02-17T22:24:41.019-0700] {logging_mixin.py:154} INFO - [2025-02-17T22:24:41.019-0700] {dagbag.py:536} INFO - Filling up the DagBag from /home/jparep/miniconda3/envs/dbt-env/lib/python3.11/site-packages/airflow/example_dags/example_trigger_controller_dag.py
[2025-02-17T22:24:41.026-0700] {processor.py:839} INFO - DAG(s) dict_keys(['example_trigger_controller_dag']) retrieved from /home/jparep/miniconda3/envs/dbt-env/lib/python3.11/site-packages/airflow/example_dags/example_trigger_controller_dag.py
[2025-02-17T22:24:41.050-0700] {logging_mixin.py:154} INFO - [2025-02-17T22:24:41.049-0700] {dag.py:2941} INFO - Sync 1 DAGs
[2025-02-17T22:24:41.072-0700] {logging_mixin.py:154} INFO - [2025-02-17T22:24:41.072-0700] {dag.py:3722} INFO - Setting next_dagrun for example_trigger_controller_dag to 2021-01-01T00:00:00+00:00, run_after=2021-01-01T00:00:00+00:00
[2025-02-17T22:24:41.097-0700] {processor.py:179} INFO - Processing /home/jparep/miniconda3/envs/dbt-env/lib/python3.11/site-packages/airflow/example_dags/example_trigger_controller_dag.py took 0.086 seconds
[2025-02-17T22:25:15.860-0700] {processor.py:157} INFO - Started process (PID=153222) to work on /home/jparep/miniconda3/envs/dbt-env/lib/python3.11/site-packages/airflow/example_dags/example_trigger_controller_dag.py
[2025-02-17T22:25:15.862-0700] {processor.py:829} INFO - Processing file /home/jparep/miniconda3/envs/dbt-env/lib/python3.11/site-packages/airflow/example_dags/example_trigger_controller_dag.py for tasks to queue
[2025-02-17T22:25:15.863-0700] {logging_mixin.py:154} INFO - [2025-02-17T22:25:15.863-0700] {dagbag.py:536} INFO - Filling up the DagBag from /home/jparep/miniconda3/envs/dbt-env/lib/python3.11/site-packages/airflow/example_dags/example_trigger_controller_dag.py
[2025-02-17T22:25:15.869-0700] {processor.py:839} INFO - DAG(s) dict_keys(['example_trigger_controller_dag']) retrieved from /home/jparep/miniconda3/envs/dbt-env/lib/python3.11/site-packages/airflow/example_dags/example_trigger_controller_dag.py
[2025-02-17T22:25:15.893-0700] {logging_mixin.py:154} INFO - [2025-02-17T22:25:15.893-0700] {dag.py:2941} INFO - Sync 1 DAGs
[2025-02-17T22:25:15.920-0700] {logging_mixin.py:154} INFO - [2025-02-17T22:25:15.920-0700] {dag.py:3722} INFO - Setting next_dagrun for example_trigger_controller_dag to 2021-01-01T00:00:00+00:00, run_after=2021-01-01T00:00:00+00:00
[2025-02-17T22:25:15.949-0700] {processor.py:179} INFO - Processing /home/jparep/miniconda3/envs/dbt-env/lib/python3.11/site-packages/airflow/example_dags/example_trigger_controller_dag.py took 0.093 seconds
[2025-02-17T22:25:58.798-0700] {processor.py:157} INFO - Started process (PID=153496) to work on /home/jparep/miniconda3/envs/dbt-env/lib/python3.11/site-packages/airflow/example_dags/example_trigger_controller_dag.py
[2025-02-17T22:25:58.801-0700] {processor.py:829} INFO - Processing file /home/jparep/miniconda3/envs/dbt-env/lib/python3.11/site-packages/airflow/example_dags/example_trigger_controller_dag.py for tasks to queue
[2025-02-17T22:25:58.803-0700] {logging_mixin.py:154} INFO - [2025-02-17T22:25:58.802-0700] {dagbag.py:536} INFO - Filling up the DagBag from /home/jparep/miniconda3/envs/dbt-env/lib/python3.11/site-packages/airflow/example_dags/example_trigger_controller_dag.py
[2025-02-17T22:25:58.809-0700] {processor.py:839} INFO - DAG(s) dict_keys(['example_trigger_controller_dag']) retrieved from /home/jparep/miniconda3/envs/dbt-env/lib/python3.11/site-packages/airflow/example_dags/example_trigger_controller_dag.py
[2025-02-17T22:25:58.832-0700] {logging_mixin.py:154} INFO - [2025-02-17T22:25:58.832-0700] {dag.py:2941} INFO - Sync 1 DAGs
[2025-02-17T22:25:58.852-0700] {logging_mixin.py:154} INFO - [2025-02-17T22:25:58.852-0700] {dag.py:3722} INFO - Setting next_dagrun for example_trigger_controller_dag to 2021-01-01T00:00:00+00:00, run_after=2021-01-01T00:00:00+00:00
[2025-02-17T22:25:58.872-0700] {processor.py:179} INFO - Processing /home/jparep/miniconda3/envs/dbt-env/lib/python3.11/site-packages/airflow/example_dags/example_trigger_controller_dag.py took 0.078 seconds
[2025-02-17T22:26:34.464-0700] {processor.py:157} INFO - Started process (PID=153897) to work on /home/jparep/miniconda3/envs/dbt-env/lib/python3.11/site-packages/airflow/example_dags/example_trigger_controller_dag.py
[2025-02-17T22:26:34.467-0700] {processor.py:829} INFO - Processing file /home/jparep/miniconda3/envs/dbt-env/lib/python3.11/site-packages/airflow/example_dags/example_trigger_controller_dag.py for tasks to queue
[2025-02-17T22:26:34.469-0700] {logging_mixin.py:154} INFO - [2025-02-17T22:26:34.468-0700] {dagbag.py:536} INFO - Filling up the DagBag from /home/jparep/miniconda3/envs/dbt-env/lib/python3.11/site-packages/airflow/example_dags/example_trigger_controller_dag.py
[2025-02-17T22:26:34.476-0700] {processor.py:839} INFO - DAG(s) dict_keys(['example_trigger_controller_dag']) retrieved from /home/jparep/miniconda3/envs/dbt-env/lib/python3.11/site-packages/airflow/example_dags/example_trigger_controller_dag.py
[2025-02-17T22:26:34.500-0700] {logging_mixin.py:154} INFO - [2025-02-17T22:26:34.500-0700] {dag.py:2941} INFO - Sync 1 DAGs
[2025-02-17T22:26:34.523-0700] {logging_mixin.py:154} INFO - [2025-02-17T22:26:34.523-0700] {dag.py:3722} INFO - Setting next_dagrun for example_trigger_controller_dag to 2021-01-01T00:00:00+00:00, run_after=2021-01-01T00:00:00+00:00
[2025-02-17T22:26:34.547-0700] {processor.py:179} INFO - Processing /home/jparep/miniconda3/envs/dbt-env/lib/python3.11/site-packages/airflow/example_dags/example_trigger_controller_dag.py took 0.087 seconds
[2025-02-17T22:27:09.050-0700] {processor.py:157} INFO - Started process (PID=154294) to work on /home/jparep/miniconda3/envs/dbt-env/lib/python3.11/site-packages/airflow/example_dags/example_trigger_controller_dag.py
[2025-02-17T22:27:09.053-0700] {processor.py:829} INFO - Processing file /home/jparep/miniconda3/envs/dbt-env/lib/python3.11/site-packages/airflow/example_dags/example_trigger_controller_dag.py for tasks to queue
[2025-02-17T22:27:09.054-0700] {logging_mixin.py:154} INFO - [2025-02-17T22:27:09.053-0700] {dagbag.py:536} INFO - Filling up the DagBag from /home/jparep/miniconda3/envs/dbt-env/lib/python3.11/site-packages/airflow/example_dags/example_trigger_controller_dag.py
[2025-02-17T22:27:09.060-0700] {processor.py:839} INFO - DAG(s) dict_keys(['example_trigger_controller_dag']) retrieved from /home/jparep/miniconda3/envs/dbt-env/lib/python3.11/site-packages/airflow/example_dags/example_trigger_controller_dag.py
[2025-02-17T22:27:09.083-0700] {logging_mixin.py:154} INFO - [2025-02-17T22:27:09.083-0700] {dag.py:2941} INFO - Sync 1 DAGs
[2025-02-17T22:27:09.102-0700] {logging_mixin.py:154} INFO - [2025-02-17T22:27:09.102-0700] {dag.py:3722} INFO - Setting next_dagrun for example_trigger_controller_dag to 2021-01-01T00:00:00+00:00, run_after=2021-01-01T00:00:00+00:00
[2025-02-17T22:27:09.123-0700] {processor.py:179} INFO - Processing /home/jparep/miniconda3/envs/dbt-env/lib/python3.11/site-packages/airflow/example_dags/example_trigger_controller_dag.py took 0.078 seconds
[2025-02-17T22:27:45.509-0700] {processor.py:157} INFO - Started process (PID=154521) to work on /home/jparep/miniconda3/envs/dbt-env/lib/python3.11/site-packages/airflow/example_dags/example_trigger_controller_dag.py
[2025-02-17T22:27:45.512-0700] {processor.py:829} INFO - Processing file /home/jparep/miniconda3/envs/dbt-env/lib/python3.11/site-packages/airflow/example_dags/example_trigger_controller_dag.py for tasks to queue
[2025-02-17T22:27:45.513-0700] {logging_mixin.py:154} INFO - [2025-02-17T22:27:45.512-0700] {dagbag.py:536} INFO - Filling up the DagBag from /home/jparep/miniconda3/envs/dbt-env/lib/python3.11/site-packages/airflow/example_dags/example_trigger_controller_dag.py
[2025-02-17T22:27:45.520-0700] {processor.py:839} INFO - DAG(s) dict_keys(['example_trigger_controller_dag']) retrieved from /home/jparep/miniconda3/envs/dbt-env/lib/python3.11/site-packages/airflow/example_dags/example_trigger_controller_dag.py
[2025-02-17T22:27:45.546-0700] {logging_mixin.py:154} INFO - [2025-02-17T22:27:45.546-0700] {dag.py:2941} INFO - Sync 1 DAGs
[2025-02-17T22:27:45.565-0700] {logging_mixin.py:154} INFO - [2025-02-17T22:27:45.565-0700] {dag.py:3722} INFO - Setting next_dagrun for example_trigger_controller_dag to 2021-01-01T00:00:00+00:00, run_after=2021-01-01T00:00:00+00:00
[2025-02-17T22:27:45.589-0700] {processor.py:179} INFO - Processing /home/jparep/miniconda3/envs/dbt-env/lib/python3.11/site-packages/airflow/example_dags/example_trigger_controller_dag.py took 0.084 seconds
[2025-02-17T22:28:20.929-0700] {processor.py:157} INFO - Started process (PID=154895) to work on /home/jparep/miniconda3/envs/dbt-env/lib/python3.11/site-packages/airflow/example_dags/example_trigger_controller_dag.py
[2025-02-17T22:28:20.931-0700] {processor.py:829} INFO - Processing file /home/jparep/miniconda3/envs/dbt-env/lib/python3.11/site-packages/airflow/example_dags/example_trigger_controller_dag.py for tasks to queue
[2025-02-17T22:28:20.933-0700] {logging_mixin.py:154} INFO - [2025-02-17T22:28:20.932-0700] {dagbag.py:536} INFO - Filling up the DagBag from /home/jparep/miniconda3/envs/dbt-env/lib/python3.11/site-packages/airflow/example_dags/example_trigger_controller_dag.py
[2025-02-17T22:28:20.939-0700] {processor.py:839} INFO - DAG(s) dict_keys(['example_trigger_controller_dag']) retrieved from /home/jparep/miniconda3/envs/dbt-env/lib/python3.11/site-packages/airflow/example_dags/example_trigger_controller_dag.py
[2025-02-17T22:28:20.964-0700] {logging_mixin.py:154} INFO - [2025-02-17T22:28:20.963-0700] {dag.py:2941} INFO - Sync 1 DAGs
[2025-02-17T22:28:20.988-0700] {logging_mixin.py:154} INFO - [2025-02-17T22:28:20.988-0700] {dag.py:3722} INFO - Setting next_dagrun for example_trigger_controller_dag to 2021-01-01T00:00:00+00:00, run_after=2021-01-01T00:00:00+00:00
[2025-02-17T22:28:21.020-0700] {processor.py:179} INFO - Processing /home/jparep/miniconda3/envs/dbt-env/lib/python3.11/site-packages/airflow/example_dags/example_trigger_controller_dag.py took 0.095 seconds
[2025-02-17T22:29:00.581-0700] {processor.py:157} INFO - Started process (PID=155046) to work on /home/jparep/miniconda3/envs/dbt-env/lib/python3.11/site-packages/airflow/example_dags/example_trigger_controller_dag.py
[2025-02-17T22:29:00.583-0700] {processor.py:829} INFO - Processing file /home/jparep/miniconda3/envs/dbt-env/lib/python3.11/site-packages/airflow/example_dags/example_trigger_controller_dag.py for tasks to queue
[2025-02-17T22:29:00.583-0700] {logging_mixin.py:154} INFO - [2025-02-17T22:29:00.583-0700] {dagbag.py:536} INFO - Filling up the DagBag from /home/jparep/miniconda3/envs/dbt-env/lib/python3.11/site-packages/airflow/example_dags/example_trigger_controller_dag.py
[2025-02-17T22:29:00.588-0700] {processor.py:839} INFO - DAG(s) dict_keys(['example_trigger_controller_dag']) retrieved from /home/jparep/miniconda3/envs/dbt-env/lib/python3.11/site-packages/airflow/example_dags/example_trigger_controller_dag.py
[2025-02-17T22:29:00.603-0700] {logging_mixin.py:154} INFO - [2025-02-17T22:29:00.602-0700] {dag.py:2941} INFO - Sync 1 DAGs
[2025-02-17T22:29:00.617-0700] {logging_mixin.py:154} INFO - [2025-02-17T22:29:00.617-0700] {dag.py:3722} INFO - Setting next_dagrun for example_trigger_controller_dag to 2021-01-01T00:00:00+00:00, run_after=2021-01-01T00:00:00+00:00
[2025-02-17T22:29:00.634-0700] {processor.py:179} INFO - Processing /home/jparep/miniconda3/envs/dbt-env/lib/python3.11/site-packages/airflow/example_dags/example_trigger_controller_dag.py took 0.055 seconds
[2025-02-17T22:29:43.775-0700] {processor.py:157} INFO - Started process (PID=155411) to work on /home/jparep/miniconda3/envs/dbt-env/lib/python3.11/site-packages/airflow/example_dags/example_trigger_controller_dag.py
[2025-02-17T22:29:43.778-0700] {processor.py:829} INFO - Processing file /home/jparep/miniconda3/envs/dbt-env/lib/python3.11/site-packages/airflow/example_dags/example_trigger_controller_dag.py for tasks to queue
[2025-02-17T22:29:43.779-0700] {logging_mixin.py:154} INFO - [2025-02-17T22:29:43.779-0700] {dagbag.py:536} INFO - Filling up the DagBag from /home/jparep/miniconda3/envs/dbt-env/lib/python3.11/site-packages/airflow/example_dags/example_trigger_controller_dag.py
[2025-02-17T22:29:43.785-0700] {processor.py:839} INFO - DAG(s) dict_keys(['example_trigger_controller_dag']) retrieved from /home/jparep/miniconda3/envs/dbt-env/lib/python3.11/site-packages/airflow/example_dags/example_trigger_controller_dag.py
[2025-02-17T22:29:43.811-0700] {logging_mixin.py:154} INFO - [2025-02-17T22:29:43.810-0700] {dag.py:2941} INFO - Sync 1 DAGs
[2025-02-17T22:29:43.833-0700] {logging_mixin.py:154} INFO - [2025-02-17T22:29:43.833-0700] {dag.py:3722} INFO - Setting next_dagrun for example_trigger_controller_dag to 2021-01-01T00:00:00+00:00, run_after=2021-01-01T00:00:00+00:00
[2025-02-17T22:29:43.863-0700] {processor.py:179} INFO - Processing /home/jparep/miniconda3/envs/dbt-env/lib/python3.11/site-packages/airflow/example_dags/example_trigger_controller_dag.py took 0.093 seconds
[2025-02-17T22:30:25.878-0700] {processor.py:157} INFO - Started process (PID=155805) to work on /home/jparep/miniconda3/envs/dbt-env/lib/python3.11/site-packages/airflow/example_dags/example_trigger_controller_dag.py
[2025-02-17T22:30:25.880-0700] {processor.py:829} INFO - Processing file /home/jparep/miniconda3/envs/dbt-env/lib/python3.11/site-packages/airflow/example_dags/example_trigger_controller_dag.py for tasks to queue
[2025-02-17T22:30:25.880-0700] {logging_mixin.py:154} INFO - [2025-02-17T22:30:25.880-0700] {dagbag.py:536} INFO - Filling up the DagBag from /home/jparep/miniconda3/envs/dbt-env/lib/python3.11/site-packages/airflow/example_dags/example_trigger_controller_dag.py
[2025-02-17T22:30:25.884-0700] {processor.py:839} INFO - DAG(s) dict_keys(['example_trigger_controller_dag']) retrieved from /home/jparep/miniconda3/envs/dbt-env/lib/python3.11/site-packages/airflow/example_dags/example_trigger_controller_dag.py
[2025-02-17T22:30:25.899-0700] {logging_mixin.py:154} INFO - [2025-02-17T22:30:25.899-0700] {dag.py:2941} INFO - Sync 1 DAGs
[2025-02-17T22:30:25.915-0700] {logging_mixin.py:154} INFO - [2025-02-17T22:30:25.915-0700] {dag.py:3722} INFO - Setting next_dagrun for example_trigger_controller_dag to 2021-01-01T00:00:00+00:00, run_after=2021-01-01T00:00:00+00:00
[2025-02-17T22:30:25.934-0700] {processor.py:179} INFO - Processing /home/jparep/miniconda3/envs/dbt-env/lib/python3.11/site-packages/airflow/example_dags/example_trigger_controller_dag.py took 0.059 seconds
[2025-02-17T22:31:01.803-0700] {processor.py:157} INFO - Started process (PID=156052) to work on /home/jparep/miniconda3/envs/dbt-env/lib/python3.11/site-packages/airflow/example_dags/example_trigger_controller_dag.py
[2025-02-17T22:31:01.806-0700] {processor.py:829} INFO - Processing file /home/jparep/miniconda3/envs/dbt-env/lib/python3.11/site-packages/airflow/example_dags/example_trigger_controller_dag.py for tasks to queue
[2025-02-17T22:31:01.807-0700] {logging_mixin.py:154} INFO - [2025-02-17T22:31:01.806-0700] {dagbag.py:536} INFO - Filling up the DagBag from /home/jparep/miniconda3/envs/dbt-env/lib/python3.11/site-packages/airflow/example_dags/example_trigger_controller_dag.py
[2025-02-17T22:31:01.814-0700] {processor.py:839} INFO - DAG(s) dict_keys(['example_trigger_controller_dag']) retrieved from /home/jparep/miniconda3/envs/dbt-env/lib/python3.11/site-packages/airflow/example_dags/example_trigger_controller_dag.py
[2025-02-17T22:31:01.839-0700] {logging_mixin.py:154} INFO - [2025-02-17T22:31:01.839-0700] {dag.py:2941} INFO - Sync 1 DAGs
[2025-02-17T22:31:01.863-0700] {logging_mixin.py:154} INFO - [2025-02-17T22:31:01.863-0700] {dag.py:3722} INFO - Setting next_dagrun for example_trigger_controller_dag to 2021-01-01T00:00:00+00:00, run_after=2021-01-01T00:00:00+00:00
[2025-02-17T22:31:01.889-0700] {processor.py:179} INFO - Processing /home/jparep/miniconda3/envs/dbt-env/lib/python3.11/site-packages/airflow/example_dags/example_trigger_controller_dag.py took 0.091 seconds
[2025-02-17T22:31:36.664-0700] {processor.py:157} INFO - Started process (PID=156453) to work on /home/jparep/miniconda3/envs/dbt-env/lib/python3.11/site-packages/airflow/example_dags/example_trigger_controller_dag.py
[2025-02-17T22:31:36.667-0700] {processor.py:829} INFO - Processing file /home/jparep/miniconda3/envs/dbt-env/lib/python3.11/site-packages/airflow/example_dags/example_trigger_controller_dag.py for tasks to queue
[2025-02-17T22:31:36.667-0700] {logging_mixin.py:154} INFO - [2025-02-17T22:31:36.667-0700] {dagbag.py:536} INFO - Filling up the DagBag from /home/jparep/miniconda3/envs/dbt-env/lib/python3.11/site-packages/airflow/example_dags/example_trigger_controller_dag.py
[2025-02-17T22:31:36.672-0700] {processor.py:839} INFO - DAG(s) dict_keys(['example_trigger_controller_dag']) retrieved from /home/jparep/miniconda3/envs/dbt-env/lib/python3.11/site-packages/airflow/example_dags/example_trigger_controller_dag.py
[2025-02-17T22:31:36.692-0700] {logging_mixin.py:154} INFO - [2025-02-17T22:31:36.691-0700] {dag.py:2941} INFO - Sync 1 DAGs
[2025-02-17T22:31:36.711-0700] {logging_mixin.py:154} INFO - [2025-02-17T22:31:36.711-0700] {dag.py:3722} INFO - Setting next_dagrun for example_trigger_controller_dag to 2021-01-01T00:00:00+00:00, run_after=2021-01-01T00:00:00+00:00
[2025-02-17T22:31:36.737-0700] {processor.py:179} INFO - Processing /home/jparep/miniconda3/envs/dbt-env/lib/python3.11/site-packages/airflow/example_dags/example_trigger_controller_dag.py took 0.076 seconds
[2025-02-17T22:32:14.920-0700] {processor.py:157} INFO - Started process (PID=156685) to work on /home/jparep/miniconda3/envs/dbt-env/lib/python3.11/site-packages/airflow/example_dags/example_trigger_controller_dag.py
[2025-02-17T22:32:14.923-0700] {processor.py:829} INFO - Processing file /home/jparep/miniconda3/envs/dbt-env/lib/python3.11/site-packages/airflow/example_dags/example_trigger_controller_dag.py for tasks to queue
[2025-02-17T22:32:14.924-0700] {logging_mixin.py:154} INFO - [2025-02-17T22:32:14.923-0700] {dagbag.py:536} INFO - Filling up the DagBag from /home/jparep/miniconda3/envs/dbt-env/lib/python3.11/site-packages/airflow/example_dags/example_trigger_controller_dag.py
[2025-02-17T22:32:14.931-0700] {processor.py:839} INFO - DAG(s) dict_keys(['example_trigger_controller_dag']) retrieved from /home/jparep/miniconda3/envs/dbt-env/lib/python3.11/site-packages/airflow/example_dags/example_trigger_controller_dag.py
[2025-02-17T22:32:14.954-0700] {logging_mixin.py:154} INFO - [2025-02-17T22:32:14.954-0700] {dag.py:2941} INFO - Sync 1 DAGs
[2025-02-17T22:32:14.976-0700] {logging_mixin.py:154} INFO - [2025-02-17T22:32:14.976-0700] {dag.py:3722} INFO - Setting next_dagrun for example_trigger_controller_dag to 2021-01-01T00:00:00+00:00, run_after=2021-01-01T00:00:00+00:00
[2025-02-17T22:32:14.998-0700] {processor.py:179} INFO - Processing /home/jparep/miniconda3/envs/dbt-env/lib/python3.11/site-packages/airflow/example_dags/example_trigger_controller_dag.py took 0.082 seconds
[2025-02-17T22:32:51.678-0700] {processor.py:157} INFO - Started process (PID=157000) to work on /home/jparep/miniconda3/envs/dbt-env/lib/python3.11/site-packages/airflow/example_dags/example_trigger_controller_dag.py
[2025-02-17T22:32:51.681-0700] {processor.py:829} INFO - Processing file /home/jparep/miniconda3/envs/dbt-env/lib/python3.11/site-packages/airflow/example_dags/example_trigger_controller_dag.py for tasks to queue
[2025-02-17T22:32:51.682-0700] {logging_mixin.py:154} INFO - [2025-02-17T22:32:51.682-0700] {dagbag.py:536} INFO - Filling up the DagBag from /home/jparep/miniconda3/envs/dbt-env/lib/python3.11/site-packages/airflow/example_dags/example_trigger_controller_dag.py
[2025-02-17T22:32:51.689-0700] {processor.py:839} INFO - DAG(s) dict_keys(['example_trigger_controller_dag']) retrieved from /home/jparep/miniconda3/envs/dbt-env/lib/python3.11/site-packages/airflow/example_dags/example_trigger_controller_dag.py
[2025-02-17T22:32:51.713-0700] {logging_mixin.py:154} INFO - [2025-02-17T22:32:51.712-0700] {dag.py:2941} INFO - Sync 1 DAGs
[2025-02-17T22:32:51.734-0700] {logging_mixin.py:154} INFO - [2025-02-17T22:32:51.734-0700] {dag.py:3722} INFO - Setting next_dagrun for example_trigger_controller_dag to 2021-01-01T00:00:00+00:00, run_after=2021-01-01T00:00:00+00:00
[2025-02-17T22:32:51.754-0700] {processor.py:179} INFO - Processing /home/jparep/miniconda3/envs/dbt-env/lib/python3.11/site-packages/airflow/example_dags/example_trigger_controller_dag.py took 0.080 seconds
[2025-02-17T22:33:32.343-0700] {processor.py:157} INFO - Started process (PID=157260) to work on /home/jparep/miniconda3/envs/dbt-env/lib/python3.11/site-packages/airflow/example_dags/example_trigger_controller_dag.py
[2025-02-17T22:33:32.345-0700] {processor.py:829} INFO - Processing file /home/jparep/miniconda3/envs/dbt-env/lib/python3.11/site-packages/airflow/example_dags/example_trigger_controller_dag.py for tasks to queue
[2025-02-17T22:33:32.348-0700] {logging_mixin.py:154} INFO - [2025-02-17T22:33:32.346-0700] {dagbag.py:536} INFO - Filling up the DagBag from /home/jparep/miniconda3/envs/dbt-env/lib/python3.11/site-packages/airflow/example_dags/example_trigger_controller_dag.py
[2025-02-17T22:33:32.355-0700] {processor.py:839} INFO - DAG(s) dict_keys(['example_trigger_controller_dag']) retrieved from /home/jparep/miniconda3/envs/dbt-env/lib/python3.11/site-packages/airflow/example_dags/example_trigger_controller_dag.py
[2025-02-17T22:33:32.385-0700] {logging_mixin.py:154} INFO - [2025-02-17T22:33:32.385-0700] {dag.py:2941} INFO - Sync 1 DAGs
[2025-02-17T22:33:32.414-0700] {logging_mixin.py:154} INFO - [2025-02-17T22:33:32.414-0700] {dag.py:3722} INFO - Setting next_dagrun for example_trigger_controller_dag to 2021-01-01T00:00:00+00:00, run_after=2021-01-01T00:00:00+00:00
[2025-02-17T22:33:32.442-0700] {processor.py:179} INFO - Processing /home/jparep/miniconda3/envs/dbt-env/lib/python3.11/site-packages/airflow/example_dags/example_trigger_controller_dag.py took 0.105 seconds
[2025-02-17T22:34:07.596-0700] {processor.py:157} INFO - Started process (PID=157576) to work on /home/jparep/miniconda3/envs/dbt-env/lib/python3.11/site-packages/airflow/example_dags/example_trigger_controller_dag.py
[2025-02-17T22:34:07.599-0700] {processor.py:829} INFO - Processing file /home/jparep/miniconda3/envs/dbt-env/lib/python3.11/site-packages/airflow/example_dags/example_trigger_controller_dag.py for tasks to queue
[2025-02-17T22:34:07.600-0700] {logging_mixin.py:154} INFO - [2025-02-17T22:34:07.599-0700] {dagbag.py:536} INFO - Filling up the DagBag from /home/jparep/miniconda3/envs/dbt-env/lib/python3.11/site-packages/airflow/example_dags/example_trigger_controller_dag.py
[2025-02-17T22:34:07.605-0700] {processor.py:839} INFO - DAG(s) dict_keys(['example_trigger_controller_dag']) retrieved from /home/jparep/miniconda3/envs/dbt-env/lib/python3.11/site-packages/airflow/example_dags/example_trigger_controller_dag.py
[2025-02-17T22:34:07.628-0700] {logging_mixin.py:154} INFO - [2025-02-17T22:34:07.628-0700] {dag.py:2941} INFO - Sync 1 DAGs
[2025-02-17T22:34:07.652-0700] {logging_mixin.py:154} INFO - [2025-02-17T22:34:07.652-0700] {dag.py:3722} INFO - Setting next_dagrun for example_trigger_controller_dag to 2021-01-01T00:00:00+00:00, run_after=2021-01-01T00:00:00+00:00
[2025-02-17T22:34:07.671-0700] {processor.py:179} INFO - Processing /home/jparep/miniconda3/envs/dbt-env/lib/python3.11/site-packages/airflow/example_dags/example_trigger_controller_dag.py took 0.078 seconds
[2025-02-17T22:34:43.912-0700] {processor.py:157} INFO - Started process (PID=157918) to work on /home/jparep/miniconda3/envs/dbt-env/lib/python3.11/site-packages/airflow/example_dags/example_trigger_controller_dag.py
[2025-02-17T22:34:43.915-0700] {processor.py:829} INFO - Processing file /home/jparep/miniconda3/envs/dbt-env/lib/python3.11/site-packages/airflow/example_dags/example_trigger_controller_dag.py for tasks to queue
[2025-02-17T22:34:43.917-0700] {logging_mixin.py:154} INFO - [2025-02-17T22:34:43.916-0700] {dagbag.py:536} INFO - Filling up the DagBag from /home/jparep/miniconda3/envs/dbt-env/lib/python3.11/site-packages/airflow/example_dags/example_trigger_controller_dag.py
[2025-02-17T22:34:43.924-0700] {processor.py:839} INFO - DAG(s) dict_keys(['example_trigger_controller_dag']) retrieved from /home/jparep/miniconda3/envs/dbt-env/lib/python3.11/site-packages/airflow/example_dags/example_trigger_controller_dag.py
[2025-02-17T22:34:43.949-0700] {logging_mixin.py:154} INFO - [2025-02-17T22:34:43.949-0700] {dag.py:2941} INFO - Sync 1 DAGs
[2025-02-17T22:34:43.978-0700] {logging_mixin.py:154} INFO - [2025-02-17T22:34:43.978-0700] {dag.py:3722} INFO - Setting next_dagrun for example_trigger_controller_dag to 2021-01-01T00:00:00+00:00, run_after=2021-01-01T00:00:00+00:00
[2025-02-17T22:34:44.022-0700] {processor.py:179} INFO - Processing /home/jparep/miniconda3/envs/dbt-env/lib/python3.11/site-packages/airflow/example_dags/example_trigger_controller_dag.py took 0.119 seconds
[2025-02-17T22:35:19.994-0700] {processor.py:157} INFO - Started process (PID=158111) to work on /home/jparep/miniconda3/envs/dbt-env/lib/python3.11/site-packages/airflow/example_dags/example_trigger_controller_dag.py
[2025-02-17T22:35:19.997-0700] {processor.py:829} INFO - Processing file /home/jparep/miniconda3/envs/dbt-env/lib/python3.11/site-packages/airflow/example_dags/example_trigger_controller_dag.py for tasks to queue
[2025-02-17T22:35:19.998-0700] {logging_mixin.py:154} INFO - [2025-02-17T22:35:19.998-0700] {dagbag.py:536} INFO - Filling up the DagBag from /home/jparep/miniconda3/envs/dbt-env/lib/python3.11/site-packages/airflow/example_dags/example_trigger_controller_dag.py
[2025-02-17T22:35:20.004-0700] {processor.py:839} INFO - DAG(s) dict_keys(['example_trigger_controller_dag']) retrieved from /home/jparep/miniconda3/envs/dbt-env/lib/python3.11/site-packages/airflow/example_dags/example_trigger_controller_dag.py
[2025-02-17T22:35:20.018-0700] {logging_mixin.py:154} INFO - [2025-02-17T22:35:20.018-0700] {dag.py:2941} INFO - Sync 1 DAGs
[2025-02-17T22:35:20.031-0700] {logging_mixin.py:154} INFO - [2025-02-17T22:35:20.031-0700] {dag.py:3722} INFO - Setting next_dagrun for example_trigger_controller_dag to 2021-01-01T00:00:00+00:00, run_after=2021-01-01T00:00:00+00:00
[2025-02-17T22:35:20.047-0700] {processor.py:179} INFO - Processing /home/jparep/miniconda3/envs/dbt-env/lib/python3.11/site-packages/airflow/example_dags/example_trigger_controller_dag.py took 0.058 seconds
[2025-02-17T22:35:58.282-0700] {processor.py:157} INFO - Started process (PID=158526) to work on /home/jparep/miniconda3/envs/dbt-env/lib/python3.11/site-packages/airflow/example_dags/example_trigger_controller_dag.py
[2025-02-17T22:35:58.285-0700] {processor.py:829} INFO - Processing file /home/jparep/miniconda3/envs/dbt-env/lib/python3.11/site-packages/airflow/example_dags/example_trigger_controller_dag.py for tasks to queue
[2025-02-17T22:35:58.287-0700] {logging_mixin.py:154} INFO - [2025-02-17T22:35:58.286-0700] {dagbag.py:536} INFO - Filling up the DagBag from /home/jparep/miniconda3/envs/dbt-env/lib/python3.11/site-packages/airflow/example_dags/example_trigger_controller_dag.py
[2025-02-17T22:35:58.297-0700] {processor.py:839} INFO - DAG(s) dict_keys(['example_trigger_controller_dag']) retrieved from /home/jparep/miniconda3/envs/dbt-env/lib/python3.11/site-packages/airflow/example_dags/example_trigger_controller_dag.py
[2025-02-17T22:35:58.323-0700] {logging_mixin.py:154} INFO - [2025-02-17T22:35:58.323-0700] {dag.py:2941} INFO - Sync 1 DAGs
[2025-02-17T22:35:58.341-0700] {logging_mixin.py:154} INFO - [2025-02-17T22:35:58.341-0700] {dag.py:3722} INFO - Setting next_dagrun for example_trigger_controller_dag to 2021-01-01T00:00:00+00:00, run_after=2021-01-01T00:00:00+00:00
[2025-02-17T22:35:58.360-0700] {processor.py:179} INFO - Processing /home/jparep/miniconda3/envs/dbt-env/lib/python3.11/site-packages/airflow/example_dags/example_trigger_controller_dag.py took 0.087 seconds
[2025-02-17T22:36:38.981-0700] {processor.py:157} INFO - Started process (PID=158792) to work on /home/jparep/miniconda3/envs/dbt-env/lib/python3.11/site-packages/airflow/example_dags/example_trigger_controller_dag.py
[2025-02-17T22:36:38.983-0700] {processor.py:829} INFO - Processing file /home/jparep/miniconda3/envs/dbt-env/lib/python3.11/site-packages/airflow/example_dags/example_trigger_controller_dag.py for tasks to queue
[2025-02-17T22:36:38.984-0700] {logging_mixin.py:154} INFO - [2025-02-17T22:36:38.984-0700] {dagbag.py:536} INFO - Filling up the DagBag from /home/jparep/miniconda3/envs/dbt-env/lib/python3.11/site-packages/airflow/example_dags/example_trigger_controller_dag.py
[2025-02-17T22:36:38.988-0700] {processor.py:839} INFO - DAG(s) dict_keys(['example_trigger_controller_dag']) retrieved from /home/jparep/miniconda3/envs/dbt-env/lib/python3.11/site-packages/airflow/example_dags/example_trigger_controller_dag.py
[2025-02-17T22:36:39.002-0700] {logging_mixin.py:154} INFO - [2025-02-17T22:36:39.001-0700] {dag.py:2941} INFO - Sync 1 DAGs
[2025-02-17T22:36:39.016-0700] {logging_mixin.py:154} INFO - [2025-02-17T22:36:39.016-0700] {dag.py:3722} INFO - Setting next_dagrun for example_trigger_controller_dag to 2021-01-01T00:00:00+00:00, run_after=2021-01-01T00:00:00+00:00
[2025-02-17T22:36:39.031-0700] {processor.py:179} INFO - Processing /home/jparep/miniconda3/envs/dbt-env/lib/python3.11/site-packages/airflow/example_dags/example_trigger_controller_dag.py took 0.053 seconds
[2025-02-17T22:37:21.361-0700] {processor.py:157} INFO - Started process (PID=159534) to work on /home/jparep/miniconda3/envs/dbt-env/lib/python3.11/site-packages/airflow/example_dags/example_trigger_controller_dag.py
[2025-02-17T22:37:21.363-0700] {processor.py:829} INFO - Processing file /home/jparep/miniconda3/envs/dbt-env/lib/python3.11/site-packages/airflow/example_dags/example_trigger_controller_dag.py for tasks to queue
[2025-02-17T22:37:21.364-0700] {logging_mixin.py:154} INFO - [2025-02-17T22:37:21.364-0700] {dagbag.py:536} INFO - Filling up the DagBag from /home/jparep/miniconda3/envs/dbt-env/lib/python3.11/site-packages/airflow/example_dags/example_trigger_controller_dag.py
[2025-02-17T22:37:21.371-0700] {processor.py:839} INFO - DAG(s) dict_keys(['example_trigger_controller_dag']) retrieved from /home/jparep/miniconda3/envs/dbt-env/lib/python3.11/site-packages/airflow/example_dags/example_trigger_controller_dag.py
[2025-02-17T22:37:21.399-0700] {logging_mixin.py:154} INFO - [2025-02-17T22:37:21.398-0700] {dag.py:2941} INFO - Sync 1 DAGs
[2025-02-17T22:37:21.426-0700] {logging_mixin.py:154} INFO - [2025-02-17T22:37:21.425-0700] {dag.py:3722} INFO - Setting next_dagrun for example_trigger_controller_dag to 2021-01-01T00:00:00+00:00, run_after=2021-01-01T00:00:00+00:00
[2025-02-17T22:37:21.449-0700] {processor.py:179} INFO - Processing /home/jparep/miniconda3/envs/dbt-env/lib/python3.11/site-packages/airflow/example_dags/example_trigger_controller_dag.py took 0.093 seconds
[2025-02-17T22:37:53.475-0700] {processor.py:157} INFO - Started process (PID=160246) to work on /home/jparep/miniconda3/envs/dbt-env/lib/python3.11/site-packages/airflow/example_dags/example_trigger_controller_dag.py
[2025-02-17T22:37:53.477-0700] {processor.py:829} INFO - Processing file /home/jparep/miniconda3/envs/dbt-env/lib/python3.11/site-packages/airflow/example_dags/example_trigger_controller_dag.py for tasks to queue
[2025-02-17T22:37:53.478-0700] {logging_mixin.py:154} INFO - [2025-02-17T22:37:53.478-0700] {dagbag.py:536} INFO - Filling up the DagBag from /home/jparep/miniconda3/envs/dbt-env/lib/python3.11/site-packages/airflow/example_dags/example_trigger_controller_dag.py
[2025-02-17T22:37:53.485-0700] {processor.py:839} INFO - DAG(s) dict_keys(['example_trigger_controller_dag']) retrieved from /home/jparep/miniconda3/envs/dbt-env/lib/python3.11/site-packages/airflow/example_dags/example_trigger_controller_dag.py
[2025-02-17T22:37:53.506-0700] {logging_mixin.py:154} INFO - [2025-02-17T22:37:53.506-0700] {dag.py:2941} INFO - Sync 1 DAGs
[2025-02-17T22:37:53.528-0700] {logging_mixin.py:154} INFO - [2025-02-17T22:37:53.528-0700] {dag.py:3722} INFO - Setting next_dagrun for example_trigger_controller_dag to 2021-01-01T00:00:00+00:00, run_after=2021-01-01T00:00:00+00:00
[2025-02-17T22:37:53.548-0700] {processor.py:179} INFO - Processing /home/jparep/miniconda3/envs/dbt-env/lib/python3.11/site-packages/airflow/example_dags/example_trigger_controller_dag.py took 0.077 seconds
[2025-02-17T22:38:27.822-0700] {processor.py:157} INFO - Started process (PID=160595) to work on /home/jparep/miniconda3/envs/dbt-env/lib/python3.11/site-packages/airflow/example_dags/example_trigger_controller_dag.py
[2025-02-17T22:38:27.824-0700] {processor.py:829} INFO - Processing file /home/jparep/miniconda3/envs/dbt-env/lib/python3.11/site-packages/airflow/example_dags/example_trigger_controller_dag.py for tasks to queue
[2025-02-17T22:38:27.825-0700] {logging_mixin.py:154} INFO - [2025-02-17T22:38:27.824-0700] {dagbag.py:536} INFO - Filling up the DagBag from /home/jparep/miniconda3/envs/dbt-env/lib/python3.11/site-packages/airflow/example_dags/example_trigger_controller_dag.py
[2025-02-17T22:38:27.829-0700] {processor.py:839} INFO - DAG(s) dict_keys(['example_trigger_controller_dag']) retrieved from /home/jparep/miniconda3/envs/dbt-env/lib/python3.11/site-packages/airflow/example_dags/example_trigger_controller_dag.py
[2025-02-17T22:38:27.844-0700] {logging_mixin.py:154} INFO - [2025-02-17T22:38:27.844-0700] {dag.py:2941} INFO - Sync 1 DAGs
[2025-02-17T22:38:27.858-0700] {logging_mixin.py:154} INFO - [2025-02-17T22:38:27.858-0700] {dag.py:3722} INFO - Setting next_dagrun for example_trigger_controller_dag to 2021-01-01T00:00:00+00:00, run_after=2021-01-01T00:00:00+00:00
[2025-02-17T22:38:27.877-0700] {processor.py:179} INFO - Processing /home/jparep/miniconda3/envs/dbt-env/lib/python3.11/site-packages/airflow/example_dags/example_trigger_controller_dag.py took 0.058 seconds
[2025-02-17T22:39:07.641-0700] {processor.py:157} INFO - Started process (PID=161111) to work on /home/jparep/miniconda3/envs/dbt-env/lib/python3.11/site-packages/airflow/example_dags/example_trigger_controller_dag.py
[2025-02-17T22:39:07.644-0700] {processor.py:829} INFO - Processing file /home/jparep/miniconda3/envs/dbt-env/lib/python3.11/site-packages/airflow/example_dags/example_trigger_controller_dag.py for tasks to queue
[2025-02-17T22:39:07.645-0700] {logging_mixin.py:154} INFO - [2025-02-17T22:39:07.645-0700] {dagbag.py:536} INFO - Filling up the DagBag from /home/jparep/miniconda3/envs/dbt-env/lib/python3.11/site-packages/airflow/example_dags/example_trigger_controller_dag.py
[2025-02-17T22:39:07.652-0700] {processor.py:839} INFO - DAG(s) dict_keys(['example_trigger_controller_dag']) retrieved from /home/jparep/miniconda3/envs/dbt-env/lib/python3.11/site-packages/airflow/example_dags/example_trigger_controller_dag.py
[2025-02-17T22:39:07.678-0700] {logging_mixin.py:154} INFO - [2025-02-17T22:39:07.678-0700] {dag.py:2941} INFO - Sync 1 DAGs
[2025-02-17T22:39:07.701-0700] {logging_mixin.py:154} INFO - [2025-02-17T22:39:07.701-0700] {dag.py:3722} INFO - Setting next_dagrun for example_trigger_controller_dag to 2021-01-01T00:00:00+00:00, run_after=2021-01-01T00:00:00+00:00
[2025-02-17T22:39:07.722-0700] {processor.py:179} INFO - Processing /home/jparep/miniconda3/envs/dbt-env/lib/python3.11/site-packages/airflow/example_dags/example_trigger_controller_dag.py took 0.085 seconds
[2025-02-17T22:39:42.602-0700] {processor.py:157} INFO - Started process (PID=161240) to work on /home/jparep/miniconda3/envs/dbt-env/lib/python3.11/site-packages/airflow/example_dags/example_trigger_controller_dag.py
[2025-02-17T22:39:42.603-0700] {processor.py:829} INFO - Processing file /home/jparep/miniconda3/envs/dbt-env/lib/python3.11/site-packages/airflow/example_dags/example_trigger_controller_dag.py for tasks to queue
[2025-02-17T22:39:42.604-0700] {logging_mixin.py:154} INFO - [2025-02-17T22:39:42.604-0700] {dagbag.py:536} INFO - Filling up the DagBag from /home/jparep/miniconda3/envs/dbt-env/lib/python3.11/site-packages/airflow/example_dags/example_trigger_controller_dag.py
[2025-02-17T22:39:42.608-0700] {processor.py:839} INFO - DAG(s) dict_keys(['example_trigger_controller_dag']) retrieved from /home/jparep/miniconda3/envs/dbt-env/lib/python3.11/site-packages/airflow/example_dags/example_trigger_controller_dag.py
[2025-02-17T22:39:42.625-0700] {logging_mixin.py:154} INFO - [2025-02-17T22:39:42.625-0700] {dag.py:2941} INFO - Sync 1 DAGs
[2025-02-17T22:39:42.641-0700] {logging_mixin.py:154} INFO - [2025-02-17T22:39:42.640-0700] {dag.py:3722} INFO - Setting next_dagrun for example_trigger_controller_dag to 2021-01-01T00:00:00+00:00, run_after=2021-01-01T00:00:00+00:00
[2025-02-17T22:39:42.656-0700] {processor.py:179} INFO - Processing /home/jparep/miniconda3/envs/dbt-env/lib/python3.11/site-packages/airflow/example_dags/example_trigger_controller_dag.py took 0.056 seconds
[2025-02-17T22:40:20.123-0700] {processor.py:157} INFO - Started process (PID=161605) to work on /home/jparep/miniconda3/envs/dbt-env/lib/python3.11/site-packages/airflow/example_dags/example_trigger_controller_dag.py
[2025-02-17T22:40:20.126-0700] {processor.py:829} INFO - Processing file /home/jparep/miniconda3/envs/dbt-env/lib/python3.11/site-packages/airflow/example_dags/example_trigger_controller_dag.py for tasks to queue
[2025-02-17T22:40:20.127-0700] {logging_mixin.py:154} INFO - [2025-02-17T22:40:20.127-0700] {dagbag.py:536} INFO - Filling up the DagBag from /home/jparep/miniconda3/envs/dbt-env/lib/python3.11/site-packages/airflow/example_dags/example_trigger_controller_dag.py
[2025-02-17T22:40:20.134-0700] {processor.py:839} INFO - DAG(s) dict_keys(['example_trigger_controller_dag']) retrieved from /home/jparep/miniconda3/envs/dbt-env/lib/python3.11/site-packages/airflow/example_dags/example_trigger_controller_dag.py
[2025-02-17T22:40:20.163-0700] {logging_mixin.py:154} INFO - [2025-02-17T22:40:20.163-0700] {dag.py:2941} INFO - Sync 1 DAGs
[2025-02-17T22:40:20.192-0700] {logging_mixin.py:154} INFO - [2025-02-17T22:40:20.192-0700] {dag.py:3722} INFO - Setting next_dagrun for example_trigger_controller_dag to 2021-01-01T00:00:00+00:00, run_after=2021-01-01T00:00:00+00:00
[2025-02-17T22:40:20.214-0700] {processor.py:179} INFO - Processing /home/jparep/miniconda3/envs/dbt-env/lib/python3.11/site-packages/airflow/example_dags/example_trigger_controller_dag.py took 0.095 seconds
[2025-02-17T22:40:57.675-0700] {processor.py:157} INFO - Started process (PID=161862) to work on /home/jparep/miniconda3/envs/dbt-env/lib/python3.11/site-packages/airflow/example_dags/example_trigger_controller_dag.py
[2025-02-17T22:40:57.678-0700] {processor.py:829} INFO - Processing file /home/jparep/miniconda3/envs/dbt-env/lib/python3.11/site-packages/airflow/example_dags/example_trigger_controller_dag.py for tasks to queue
[2025-02-17T22:40:57.679-0700] {logging_mixin.py:154} INFO - [2025-02-17T22:40:57.679-0700] {dagbag.py:536} INFO - Filling up the DagBag from /home/jparep/miniconda3/envs/dbt-env/lib/python3.11/site-packages/airflow/example_dags/example_trigger_controller_dag.py
[2025-02-17T22:40:57.684-0700] {processor.py:839} INFO - DAG(s) dict_keys(['example_trigger_controller_dag']) retrieved from /home/jparep/miniconda3/envs/dbt-env/lib/python3.11/site-packages/airflow/example_dags/example_trigger_controller_dag.py
[2025-02-17T22:40:57.702-0700] {logging_mixin.py:154} INFO - [2025-02-17T22:40:57.702-0700] {dag.py:2941} INFO - Sync 1 DAGs
[2025-02-17T22:40:57.719-0700] {logging_mixin.py:154} INFO - [2025-02-17T22:40:57.719-0700] {dag.py:3722} INFO - Setting next_dagrun for example_trigger_controller_dag to 2021-01-01T00:00:00+00:00, run_after=2021-01-01T00:00:00+00:00
[2025-02-17T22:40:57.739-0700] {processor.py:179} INFO - Processing /home/jparep/miniconda3/envs/dbt-env/lib/python3.11/site-packages/airflow/example_dags/example_trigger_controller_dag.py took 0.069 seconds
[2025-02-17T22:41:35.397-0700] {processor.py:157} INFO - Started process (PID=162216) to work on /home/jparep/miniconda3/envs/dbt-env/lib/python3.11/site-packages/airflow/example_dags/example_trigger_controller_dag.py
[2025-02-17T22:41:35.399-0700] {processor.py:829} INFO - Processing file /home/jparep/miniconda3/envs/dbt-env/lib/python3.11/site-packages/airflow/example_dags/example_trigger_controller_dag.py for tasks to queue
[2025-02-17T22:41:35.401-0700] {logging_mixin.py:154} INFO - [2025-02-17T22:41:35.400-0700] {dagbag.py:536} INFO - Filling up the DagBag from /home/jparep/miniconda3/envs/dbt-env/lib/python3.11/site-packages/airflow/example_dags/example_trigger_controller_dag.py
[2025-02-17T22:41:35.409-0700] {processor.py:839} INFO - DAG(s) dict_keys(['example_trigger_controller_dag']) retrieved from /home/jparep/miniconda3/envs/dbt-env/lib/python3.11/site-packages/airflow/example_dags/example_trigger_controller_dag.py
[2025-02-17T22:41:35.439-0700] {logging_mixin.py:154} INFO - [2025-02-17T22:41:35.438-0700] {dag.py:2941} INFO - Sync 1 DAGs
[2025-02-17T22:41:35.466-0700] {logging_mixin.py:154} INFO - [2025-02-17T22:41:35.465-0700] {dag.py:3722} INFO - Setting next_dagrun for example_trigger_controller_dag to 2021-01-01T00:00:00+00:00, run_after=2021-01-01T00:00:00+00:00
[2025-02-17T22:41:35.498-0700] {processor.py:179} INFO - Processing /home/jparep/miniconda3/envs/dbt-env/lib/python3.11/site-packages/airflow/example_dags/example_trigger_controller_dag.py took 0.106 seconds
[2025-02-17T22:42:17.701-0700] {processor.py:157} INFO - Started process (PID=162584) to work on /home/jparep/miniconda3/envs/dbt-env/lib/python3.11/site-packages/airflow/example_dags/example_trigger_controller_dag.py
[2025-02-17T22:42:17.704-0700] {processor.py:829} INFO - Processing file /home/jparep/miniconda3/envs/dbt-env/lib/python3.11/site-packages/airflow/example_dags/example_trigger_controller_dag.py for tasks to queue
[2025-02-17T22:42:17.706-0700] {logging_mixin.py:154} INFO - [2025-02-17T22:42:17.705-0700] {dagbag.py:536} INFO - Filling up the DagBag from /home/jparep/miniconda3/envs/dbt-env/lib/python3.11/site-packages/airflow/example_dags/example_trigger_controller_dag.py
[2025-02-17T22:42:17.712-0700] {processor.py:839} INFO - DAG(s) dict_keys(['example_trigger_controller_dag']) retrieved from /home/jparep/miniconda3/envs/dbt-env/lib/python3.11/site-packages/airflow/example_dags/example_trigger_controller_dag.py
[2025-02-17T22:42:17.737-0700] {logging_mixin.py:154} INFO - [2025-02-17T22:42:17.736-0700] {dag.py:2941} INFO - Sync 1 DAGs
[2025-02-17T22:42:17.760-0700] {logging_mixin.py:154} INFO - [2025-02-17T22:42:17.759-0700] {dag.py:3722} INFO - Setting next_dagrun for example_trigger_controller_dag to 2021-01-01T00:00:00+00:00, run_after=2021-01-01T00:00:00+00:00
[2025-02-17T22:42:17.791-0700] {processor.py:179} INFO - Processing /home/jparep/miniconda3/envs/dbt-env/lib/python3.11/site-packages/airflow/example_dags/example_trigger_controller_dag.py took 0.095 seconds
