[2025-02-17T22:16:24.240-0700] {processor.py:157} INFO - Started process (PID=148739) to work on /home/jparep/miniconda3/envs/dbt-env/lib/python3.11/site-packages/airflow/example_dags/example_branch_day_of_week_operator.py
[2025-02-17T22:16:24.241-0700] {processor.py:829} INFO - Processing file /home/jparep/miniconda3/envs/dbt-env/lib/python3.11/site-packages/airflow/example_dags/example_branch_day_of_week_operator.py for tasks to queue
[2025-02-17T22:16:24.243-0700] {logging_mixin.py:154} INFO - [2025-02-17T22:16:24.242-0700] {dagbag.py:536} INFO - Filling up the DagBag from /home/jparep/miniconda3/envs/dbt-env/lib/python3.11/site-packages/airflow/example_dags/example_branch_day_of_week_operator.py
[2025-02-17T22:16:24.255-0700] {processor.py:839} INFO - DAG(s) dict_keys(['example_weekday_branch_operator']) retrieved from /home/jparep/miniconda3/envs/dbt-env/lib/python3.11/site-packages/airflow/example_dags/example_branch_day_of_week_operator.py
[2025-02-17T22:16:24.444-0700] {logging_mixin.py:154} INFO - [2025-02-17T22:16:24.443-0700] {manager.py:499} INFO - Created Permission View: %s
[2025-02-17T22:16:24.452-0700] {logging_mixin.py:154} INFO - [2025-02-17T22:16:24.452-0700] {manager.py:499} INFO - Created Permission View: %s
[2025-02-17T22:16:24.457-0700] {logging_mixin.py:154} INFO - [2025-02-17T22:16:24.457-0700] {manager.py:499} INFO - Created Permission View: %s
[2025-02-17T22:16:24.457-0700] {logging_mixin.py:154} INFO - [2025-02-17T22:16:24.457-0700] {dag.py:2941} INFO - Sync 1 DAGs
[2025-02-17T22:16:24.463-0700] {logging_mixin.py:154} INFO - [2025-02-17T22:16:24.463-0700] {dag.py:2963} INFO - Creating ORM DAG for example_weekday_branch_operator
[2025-02-17T22:16:24.469-0700] {logging_mixin.py:154} INFO - [2025-02-17T22:16:24.469-0700] {dag.py:3722} INFO - Setting next_dagrun for example_weekday_branch_operator to 2025-02-17T00:00:00+00:00, run_after=2025-02-18T00:00:00+00:00
[2025-02-17T22:16:24.484-0700] {processor.py:179} INFO - Processing /home/jparep/miniconda3/envs/dbt-env/lib/python3.11/site-packages/airflow/example_dags/example_branch_day_of_week_operator.py took 0.249 seconds
[2025-02-17T22:17:18.331-0700] {processor.py:157} INFO - Started process (PID=148987) to work on /home/jparep/miniconda3/envs/dbt-env/lib/python3.11/site-packages/airflow/example_dags/example_branch_day_of_week_operator.py
[2025-02-17T22:17:18.334-0700] {processor.py:829} INFO - Processing file /home/jparep/miniconda3/envs/dbt-env/lib/python3.11/site-packages/airflow/example_dags/example_branch_day_of_week_operator.py for tasks to queue
[2025-02-17T22:17:18.335-0700] {logging_mixin.py:154} INFO - [2025-02-17T22:17:18.335-0700] {dagbag.py:536} INFO - Filling up the DagBag from /home/jparep/miniconda3/envs/dbt-env/lib/python3.11/site-packages/airflow/example_dags/example_branch_day_of_week_operator.py
[2025-02-17T22:17:18.346-0700] {processor.py:839} INFO - DAG(s) dict_keys(['example_weekday_branch_operator']) retrieved from /home/jparep/miniconda3/envs/dbt-env/lib/python3.11/site-packages/airflow/example_dags/example_branch_day_of_week_operator.py
[2025-02-17T22:17:18.363-0700] {logging_mixin.py:154} INFO - [2025-02-17T22:17:18.363-0700] {dag.py:2941} INFO - Sync 1 DAGs
[2025-02-17T22:17:18.484-0700] {logging_mixin.py:154} INFO - [2025-02-17T22:17:18.484-0700] {dag.py:3722} INFO - Setting next_dagrun for example_weekday_branch_operator to 2025-02-17T00:00:00+00:00, run_after=2025-02-18T00:00:00+00:00
[2025-02-17T22:17:18.501-0700] {processor.py:179} INFO - Processing /home/jparep/miniconda3/envs/dbt-env/lib/python3.11/site-packages/airflow/example_dags/example_branch_day_of_week_operator.py took 0.175 seconds
[2025-02-17T22:18:09.418-0700] {processor.py:157} INFO - Started process (PID=149483) to work on /home/jparep/miniconda3/envs/dbt-env/lib/python3.11/site-packages/airflow/example_dags/example_branch_day_of_week_operator.py
[2025-02-17T22:18:09.422-0700] {processor.py:829} INFO - Processing file /home/jparep/miniconda3/envs/dbt-env/lib/python3.11/site-packages/airflow/example_dags/example_branch_day_of_week_operator.py for tasks to queue
[2025-02-17T22:18:09.424-0700] {logging_mixin.py:154} INFO - [2025-02-17T22:18:09.424-0700] {dagbag.py:536} INFO - Filling up the DagBag from /home/jparep/miniconda3/envs/dbt-env/lib/python3.11/site-packages/airflow/example_dags/example_branch_day_of_week_operator.py
[2025-02-17T22:18:09.436-0700] {processor.py:839} INFO - DAG(s) dict_keys(['example_weekday_branch_operator']) retrieved from /home/jparep/miniconda3/envs/dbt-env/lib/python3.11/site-packages/airflow/example_dags/example_branch_day_of_week_operator.py
[2025-02-17T22:18:09.466-0700] {logging_mixin.py:154} INFO - [2025-02-17T22:18:09.465-0700] {dag.py:2941} INFO - Sync 1 DAGs
[2025-02-17T22:18:09.491-0700] {logging_mixin.py:154} INFO - [2025-02-17T22:18:09.491-0700] {dag.py:3722} INFO - Setting next_dagrun for example_weekday_branch_operator to 2025-02-17T00:00:00+00:00, run_after=2025-02-18T00:00:00+00:00
[2025-02-17T22:18:09.513-0700] {processor.py:179} INFO - Processing /home/jparep/miniconda3/envs/dbt-env/lib/python3.11/site-packages/airflow/example_dags/example_branch_day_of_week_operator.py took 0.101 seconds
[2025-02-17T22:19:06.736-0700] {processor.py:157} INFO - Started process (PID=150026) to work on /home/jparep/miniconda3/envs/dbt-env/lib/python3.11/site-packages/airflow/example_dags/example_branch_day_of_week_operator.py
[2025-02-17T22:19:06.738-0700] {processor.py:829} INFO - Processing file /home/jparep/miniconda3/envs/dbt-env/lib/python3.11/site-packages/airflow/example_dags/example_branch_day_of_week_operator.py for tasks to queue
[2025-02-17T22:19:06.740-0700] {logging_mixin.py:154} INFO - [2025-02-17T22:19:06.739-0700] {dagbag.py:536} INFO - Filling up the DagBag from /home/jparep/miniconda3/envs/dbt-env/lib/python3.11/site-packages/airflow/example_dags/example_branch_day_of_week_operator.py
[2025-02-17T22:19:06.751-0700] {processor.py:839} INFO - DAG(s) dict_keys(['example_weekday_branch_operator']) retrieved from /home/jparep/miniconda3/envs/dbt-env/lib/python3.11/site-packages/airflow/example_dags/example_branch_day_of_week_operator.py
[2025-02-17T22:19:06.771-0700] {logging_mixin.py:154} INFO - [2025-02-17T22:19:06.771-0700] {dag.py:2941} INFO - Sync 1 DAGs
[2025-02-17T22:19:06.793-0700] {logging_mixin.py:154} INFO - [2025-02-17T22:19:06.792-0700] {dag.py:3722} INFO - Setting next_dagrun for example_weekday_branch_operator to 2025-02-17T00:00:00+00:00, run_after=2025-02-18T00:00:00+00:00
[2025-02-17T22:19:06.811-0700] {processor.py:179} INFO - Processing /home/jparep/miniconda3/envs/dbt-env/lib/python3.11/site-packages/airflow/example_dags/example_branch_day_of_week_operator.py took 0.081 seconds
[2025-02-17T22:20:06.173-0700] {processor.py:157} INFO - Started process (PID=150567) to work on /home/jparep/miniconda3/envs/dbt-env/lib/python3.11/site-packages/airflow/example_dags/example_branch_day_of_week_operator.py
[2025-02-17T22:20:06.176-0700] {processor.py:829} INFO - Processing file /home/jparep/miniconda3/envs/dbt-env/lib/python3.11/site-packages/airflow/example_dags/example_branch_day_of_week_operator.py for tasks to queue
[2025-02-17T22:20:06.177-0700] {logging_mixin.py:154} INFO - [2025-02-17T22:20:06.176-0700] {dagbag.py:536} INFO - Filling up the DagBag from /home/jparep/miniconda3/envs/dbt-env/lib/python3.11/site-packages/airflow/example_dags/example_branch_day_of_week_operator.py
[2025-02-17T22:20:06.188-0700] {processor.py:839} INFO - DAG(s) dict_keys(['example_weekday_branch_operator']) retrieved from /home/jparep/miniconda3/envs/dbt-env/lib/python3.11/site-packages/airflow/example_dags/example_branch_day_of_week_operator.py
[2025-02-17T22:20:06.210-0700] {logging_mixin.py:154} INFO - [2025-02-17T22:20:06.210-0700] {dag.py:2941} INFO - Sync 1 DAGs
[2025-02-17T22:20:06.229-0700] {logging_mixin.py:154} INFO - [2025-02-17T22:20:06.229-0700] {dag.py:3722} INFO - Setting next_dagrun for example_weekday_branch_operator to 2025-02-17T00:00:00+00:00, run_after=2025-02-18T00:00:00+00:00
[2025-02-17T22:20:06.260-0700] {processor.py:179} INFO - Processing /home/jparep/miniconda3/envs/dbt-env/lib/python3.11/site-packages/airflow/example_dags/example_branch_day_of_week_operator.py took 0.091 seconds
[2025-02-17T22:21:03.185-0700] {processor.py:157} INFO - Started process (PID=151121) to work on /home/jparep/miniconda3/envs/dbt-env/lib/python3.11/site-packages/airflow/example_dags/example_branch_day_of_week_operator.py
[2025-02-17T22:21:03.187-0700] {processor.py:829} INFO - Processing file /home/jparep/miniconda3/envs/dbt-env/lib/python3.11/site-packages/airflow/example_dags/example_branch_day_of_week_operator.py for tasks to queue
[2025-02-17T22:21:03.189-0700] {logging_mixin.py:154} INFO - [2025-02-17T22:21:03.188-0700] {dagbag.py:536} INFO - Filling up the DagBag from /home/jparep/miniconda3/envs/dbt-env/lib/python3.11/site-packages/airflow/example_dags/example_branch_day_of_week_operator.py
[2025-02-17T22:21:03.200-0700] {processor.py:839} INFO - DAG(s) dict_keys(['example_weekday_branch_operator']) retrieved from /home/jparep/miniconda3/envs/dbt-env/lib/python3.11/site-packages/airflow/example_dags/example_branch_day_of_week_operator.py
[2025-02-17T22:21:03.226-0700] {logging_mixin.py:154} INFO - [2025-02-17T22:21:03.226-0700] {dag.py:2941} INFO - Sync 1 DAGs
[2025-02-17T22:21:03.252-0700] {logging_mixin.py:154} INFO - [2025-02-17T22:21:03.252-0700] {dag.py:3722} INFO - Setting next_dagrun for example_weekday_branch_operator to 2025-02-17T00:00:00+00:00, run_after=2025-02-18T00:00:00+00:00
[2025-02-17T22:21:03.277-0700] {processor.py:179} INFO - Processing /home/jparep/miniconda3/envs/dbt-env/lib/python3.11/site-packages/airflow/example_dags/example_branch_day_of_week_operator.py took 0.097 seconds
[2025-02-17T22:21:53.968-0700] {processor.py:157} INFO - Started process (PID=151582) to work on /home/jparep/miniconda3/envs/dbt-env/lib/python3.11/site-packages/airflow/example_dags/example_branch_day_of_week_operator.py
[2025-02-17T22:21:53.971-0700] {processor.py:829} INFO - Processing file /home/jparep/miniconda3/envs/dbt-env/lib/python3.11/site-packages/airflow/example_dags/example_branch_day_of_week_operator.py for tasks to queue
[2025-02-17T22:21:53.973-0700] {logging_mixin.py:154} INFO - [2025-02-17T22:21:53.972-0700] {dagbag.py:536} INFO - Filling up the DagBag from /home/jparep/miniconda3/envs/dbt-env/lib/python3.11/site-packages/airflow/example_dags/example_branch_day_of_week_operator.py
[2025-02-17T22:21:53.987-0700] {processor.py:839} INFO - DAG(s) dict_keys(['example_weekday_branch_operator']) retrieved from /home/jparep/miniconda3/envs/dbt-env/lib/python3.11/site-packages/airflow/example_dags/example_branch_day_of_week_operator.py
[2025-02-17T22:21:54.014-0700] {logging_mixin.py:154} INFO - [2025-02-17T22:21:54.014-0700] {dag.py:2941} INFO - Sync 1 DAGs
[2025-02-17T22:21:54.040-0700] {logging_mixin.py:154} INFO - [2025-02-17T22:21:54.040-0700] {dag.py:3722} INFO - Setting next_dagrun for example_weekday_branch_operator to 2025-02-17T00:00:00+00:00, run_after=2025-02-18T00:00:00+00:00
[2025-02-17T22:21:54.069-0700] {processor.py:179} INFO - Processing /home/jparep/miniconda3/envs/dbt-env/lib/python3.11/site-packages/airflow/example_dags/example_branch_day_of_week_operator.py took 0.105 seconds
[2025-02-17T22:22:47.492-0700] {processor.py:157} INFO - Started process (PID=151962) to work on /home/jparep/miniconda3/envs/dbt-env/lib/python3.11/site-packages/airflow/example_dags/example_branch_day_of_week_operator.py
[2025-02-17T22:22:47.495-0700] {processor.py:829} INFO - Processing file /home/jparep/miniconda3/envs/dbt-env/lib/python3.11/site-packages/airflow/example_dags/example_branch_day_of_week_operator.py for tasks to queue
[2025-02-17T22:22:47.496-0700] {logging_mixin.py:154} INFO - [2025-02-17T22:22:47.495-0700] {dagbag.py:536} INFO - Filling up the DagBag from /home/jparep/miniconda3/envs/dbt-env/lib/python3.11/site-packages/airflow/example_dags/example_branch_day_of_week_operator.py
[2025-02-17T22:22:47.506-0700] {processor.py:839} INFO - DAG(s) dict_keys(['example_weekday_branch_operator']) retrieved from /home/jparep/miniconda3/envs/dbt-env/lib/python3.11/site-packages/airflow/example_dags/example_branch_day_of_week_operator.py
[2025-02-17T22:22:47.529-0700] {logging_mixin.py:154} INFO - [2025-02-17T22:22:47.529-0700] {dag.py:2941} INFO - Sync 1 DAGs
[2025-02-17T22:22:47.555-0700] {logging_mixin.py:154} INFO - [2025-02-17T22:22:47.555-0700] {dag.py:3722} INFO - Setting next_dagrun for example_weekday_branch_operator to 2025-02-17T00:00:00+00:00, run_after=2025-02-18T00:00:00+00:00
[2025-02-17T22:22:47.585-0700] {processor.py:179} INFO - Processing /home/jparep/miniconda3/envs/dbt-env/lib/python3.11/site-packages/airflow/example_dags/example_branch_day_of_week_operator.py took 0.097 seconds
[2025-02-17T22:23:40.837-0700] {processor.py:157} INFO - Started process (PID=152271) to work on /home/jparep/miniconda3/envs/dbt-env/lib/python3.11/site-packages/airflow/example_dags/example_branch_day_of_week_operator.py
[2025-02-17T22:23:40.840-0700] {processor.py:829} INFO - Processing file /home/jparep/miniconda3/envs/dbt-env/lib/python3.11/site-packages/airflow/example_dags/example_branch_day_of_week_operator.py for tasks to queue
[2025-02-17T22:23:40.841-0700] {logging_mixin.py:154} INFO - [2025-02-17T22:23:40.841-0700] {dagbag.py:536} INFO - Filling up the DagBag from /home/jparep/miniconda3/envs/dbt-env/lib/python3.11/site-packages/airflow/example_dags/example_branch_day_of_week_operator.py
[2025-02-17T22:23:40.853-0700] {processor.py:839} INFO - DAG(s) dict_keys(['example_weekday_branch_operator']) retrieved from /home/jparep/miniconda3/envs/dbt-env/lib/python3.11/site-packages/airflow/example_dags/example_branch_day_of_week_operator.py
[2025-02-17T22:23:40.877-0700] {logging_mixin.py:154} INFO - [2025-02-17T22:23:40.877-0700] {dag.py:2941} INFO - Sync 1 DAGs
[2025-02-17T22:23:40.904-0700] {logging_mixin.py:154} INFO - [2025-02-17T22:23:40.904-0700] {dag.py:3722} INFO - Setting next_dagrun for example_weekday_branch_operator to 2025-02-17T00:00:00+00:00, run_after=2025-02-18T00:00:00+00:00
[2025-02-17T22:23:40.926-0700] {processor.py:179} INFO - Processing /home/jparep/miniconda3/envs/dbt-env/lib/python3.11/site-packages/airflow/example_dags/example_branch_day_of_week_operator.py took 0.093 seconds
[2025-02-17T22:24:37.600-0700] {processor.py:157} INFO - Started process (PID=152799) to work on /home/jparep/miniconda3/envs/dbt-env/lib/python3.11/site-packages/airflow/example_dags/example_branch_day_of_week_operator.py
[2025-02-17T22:24:37.606-0700] {processor.py:829} INFO - Processing file /home/jparep/miniconda3/envs/dbt-env/lib/python3.11/site-packages/airflow/example_dags/example_branch_day_of_week_operator.py for tasks to queue
[2025-02-17T22:24:37.607-0700] {logging_mixin.py:154} INFO - [2025-02-17T22:24:37.606-0700] {dagbag.py:536} INFO - Filling up the DagBag from /home/jparep/miniconda3/envs/dbt-env/lib/python3.11/site-packages/airflow/example_dags/example_branch_day_of_week_operator.py
[2025-02-17T22:24:37.619-0700] {processor.py:839} INFO - DAG(s) dict_keys(['example_weekday_branch_operator']) retrieved from /home/jparep/miniconda3/envs/dbt-env/lib/python3.11/site-packages/airflow/example_dags/example_branch_day_of_week_operator.py
[2025-02-17T22:24:37.644-0700] {logging_mixin.py:154} INFO - [2025-02-17T22:24:37.643-0700] {dag.py:2941} INFO - Sync 1 DAGs
[2025-02-17T22:24:37.668-0700] {logging_mixin.py:154} INFO - [2025-02-17T22:24:37.668-0700] {dag.py:3722} INFO - Setting next_dagrun for example_weekday_branch_operator to 2025-02-17T00:00:00+00:00, run_after=2025-02-18T00:00:00+00:00
[2025-02-17T22:24:37.687-0700] {processor.py:179} INFO - Processing /home/jparep/miniconda3/envs/dbt-env/lib/python3.11/site-packages/airflow/example_dags/example_branch_day_of_week_operator.py took 0.091 seconds
[2025-02-17T22:25:32.969-0700] {processor.py:157} INFO - Started process (PID=153340) to work on /home/jparep/miniconda3/envs/dbt-env/lib/python3.11/site-packages/airflow/example_dags/example_branch_day_of_week_operator.py
[2025-02-17T22:25:32.972-0700] {processor.py:829} INFO - Processing file /home/jparep/miniconda3/envs/dbt-env/lib/python3.11/site-packages/airflow/example_dags/example_branch_day_of_week_operator.py for tasks to queue
[2025-02-17T22:25:32.973-0700] {logging_mixin.py:154} INFO - [2025-02-17T22:25:32.973-0700] {dagbag.py:536} INFO - Filling up the DagBag from /home/jparep/miniconda3/envs/dbt-env/lib/python3.11/site-packages/airflow/example_dags/example_branch_day_of_week_operator.py
[2025-02-17T22:25:32.986-0700] {processor.py:839} INFO - DAG(s) dict_keys(['example_weekday_branch_operator']) retrieved from /home/jparep/miniconda3/envs/dbt-env/lib/python3.11/site-packages/airflow/example_dags/example_branch_day_of_week_operator.py
[2025-02-17T22:25:33.010-0700] {logging_mixin.py:154} INFO - [2025-02-17T22:25:33.010-0700] {dag.py:2941} INFO - Sync 1 DAGs
[2025-02-17T22:25:33.035-0700] {logging_mixin.py:154} INFO - [2025-02-17T22:25:33.035-0700] {dag.py:3722} INFO - Setting next_dagrun for example_weekday_branch_operator to 2025-02-17T00:00:00+00:00, run_after=2025-02-18T00:00:00+00:00
[2025-02-17T22:25:33.065-0700] {processor.py:179} INFO - Processing /home/jparep/miniconda3/envs/dbt-env/lib/python3.11/site-packages/airflow/example_dags/example_branch_day_of_week_operator.py took 0.101 seconds
[2025-02-17T22:26:30.968-0700] {processor.py:157} INFO - Started process (PID=153876) to work on /home/jparep/miniconda3/envs/dbt-env/lib/python3.11/site-packages/airflow/example_dags/example_branch_day_of_week_operator.py
[2025-02-17T22:26:30.972-0700] {processor.py:829} INFO - Processing file /home/jparep/miniconda3/envs/dbt-env/lib/python3.11/site-packages/airflow/example_dags/example_branch_day_of_week_operator.py for tasks to queue
[2025-02-17T22:26:30.973-0700] {logging_mixin.py:154} INFO - [2025-02-17T22:26:30.973-0700] {dagbag.py:536} INFO - Filling up the DagBag from /home/jparep/miniconda3/envs/dbt-env/lib/python3.11/site-packages/airflow/example_dags/example_branch_day_of_week_operator.py
[2025-02-17T22:26:30.989-0700] {processor.py:839} INFO - DAG(s) dict_keys(['example_weekday_branch_operator']) retrieved from /home/jparep/miniconda3/envs/dbt-env/lib/python3.11/site-packages/airflow/example_dags/example_branch_day_of_week_operator.py
[2025-02-17T22:26:31.010-0700] {logging_mixin.py:154} INFO - [2025-02-17T22:26:31.010-0700] {dag.py:2941} INFO - Sync 1 DAGs
[2025-02-17T22:26:31.030-0700] {logging_mixin.py:154} INFO - [2025-02-17T22:26:31.029-0700] {dag.py:3722} INFO - Setting next_dagrun for example_weekday_branch_operator to 2025-02-17T00:00:00+00:00, run_after=2025-02-18T00:00:00+00:00
[2025-02-17T22:26:31.051-0700] {processor.py:179} INFO - Processing /home/jparep/miniconda3/envs/dbt-env/lib/python3.11/site-packages/airflow/example_dags/example_branch_day_of_week_operator.py took 0.089 seconds
[2025-02-17T22:27:22.109-0700] {processor.py:157} INFO - Started process (PID=154380) to work on /home/jparep/miniconda3/envs/dbt-env/lib/python3.11/site-packages/airflow/example_dags/example_branch_day_of_week_operator.py
[2025-02-17T22:27:22.112-0700] {processor.py:829} INFO - Processing file /home/jparep/miniconda3/envs/dbt-env/lib/python3.11/site-packages/airflow/example_dags/example_branch_day_of_week_operator.py for tasks to queue
[2025-02-17T22:27:22.113-0700] {logging_mixin.py:154} INFO - [2025-02-17T22:27:22.113-0700] {dagbag.py:536} INFO - Filling up the DagBag from /home/jparep/miniconda3/envs/dbt-env/lib/python3.11/site-packages/airflow/example_dags/example_branch_day_of_week_operator.py
[2025-02-17T22:27:22.125-0700] {processor.py:839} INFO - DAG(s) dict_keys(['example_weekday_branch_operator']) retrieved from /home/jparep/miniconda3/envs/dbt-env/lib/python3.11/site-packages/airflow/example_dags/example_branch_day_of_week_operator.py
[2025-02-17T22:27:22.148-0700] {logging_mixin.py:154} INFO - [2025-02-17T22:27:22.148-0700] {dag.py:2941} INFO - Sync 1 DAGs
[2025-02-17T22:27:22.172-0700] {logging_mixin.py:154} INFO - [2025-02-17T22:27:22.172-0700] {dag.py:3722} INFO - Setting next_dagrun for example_weekday_branch_operator to 2025-02-17T00:00:00+00:00, run_after=2025-02-18T00:00:00+00:00
[2025-02-17T22:27:22.195-0700] {processor.py:179} INFO - Processing /home/jparep/miniconda3/envs/dbt-env/lib/python3.11/site-packages/airflow/example_dags/example_branch_day_of_week_operator.py took 0.090 seconds
[2025-02-17T22:28:18.267-0700] {processor.py:157} INFO - Started process (PID=154886) to work on /home/jparep/miniconda3/envs/dbt-env/lib/python3.11/site-packages/airflow/example_dags/example_branch_day_of_week_operator.py
[2025-02-17T22:28:18.269-0700] {processor.py:829} INFO - Processing file /home/jparep/miniconda3/envs/dbt-env/lib/python3.11/site-packages/airflow/example_dags/example_branch_day_of_week_operator.py for tasks to queue
[2025-02-17T22:28:18.270-0700] {logging_mixin.py:154} INFO - [2025-02-17T22:28:18.269-0700] {dagbag.py:536} INFO - Filling up the DagBag from /home/jparep/miniconda3/envs/dbt-env/lib/python3.11/site-packages/airflow/example_dags/example_branch_day_of_week_operator.py
[2025-02-17T22:28:18.281-0700] {processor.py:839} INFO - DAG(s) dict_keys(['example_weekday_branch_operator']) retrieved from /home/jparep/miniconda3/envs/dbt-env/lib/python3.11/site-packages/airflow/example_dags/example_branch_day_of_week_operator.py
[2025-02-17T22:28:18.302-0700] {logging_mixin.py:154} INFO - [2025-02-17T22:28:18.302-0700] {dag.py:2941} INFO - Sync 1 DAGs
[2025-02-17T22:28:18.322-0700] {logging_mixin.py:154} INFO - [2025-02-17T22:28:18.321-0700] {dag.py:3722} INFO - Setting next_dagrun for example_weekday_branch_operator to 2025-02-17T00:00:00+00:00, run_after=2025-02-18T00:00:00+00:00
[2025-02-17T22:28:18.345-0700] {processor.py:179} INFO - Processing /home/jparep/miniconda3/envs/dbt-env/lib/python3.11/site-packages/airflow/example_dags/example_branch_day_of_week_operator.py took 0.083 seconds
[2025-02-17T22:29:20.562-0700] {processor.py:157} INFO - Started process (PID=155305) to work on /home/jparep/miniconda3/envs/dbt-env/lib/python3.11/site-packages/airflow/example_dags/example_branch_day_of_week_operator.py
[2025-02-17T22:29:20.564-0700] {processor.py:829} INFO - Processing file /home/jparep/miniconda3/envs/dbt-env/lib/python3.11/site-packages/airflow/example_dags/example_branch_day_of_week_operator.py for tasks to queue
[2025-02-17T22:29:20.565-0700] {logging_mixin.py:154} INFO - [2025-02-17T22:29:20.565-0700] {dagbag.py:536} INFO - Filling up the DagBag from /home/jparep/miniconda3/envs/dbt-env/lib/python3.11/site-packages/airflow/example_dags/example_branch_day_of_week_operator.py
[2025-02-17T22:29:20.576-0700] {processor.py:839} INFO - DAG(s) dict_keys(['example_weekday_branch_operator']) retrieved from /home/jparep/miniconda3/envs/dbt-env/lib/python3.11/site-packages/airflow/example_dags/example_branch_day_of_week_operator.py
[2025-02-17T22:29:20.599-0700] {logging_mixin.py:154} INFO - [2025-02-17T22:29:20.598-0700] {dag.py:2941} INFO - Sync 1 DAGs
[2025-02-17T22:29:20.619-0700] {logging_mixin.py:154} INFO - [2025-02-17T22:29:20.619-0700] {dag.py:3722} INFO - Setting next_dagrun for example_weekday_branch_operator to 2025-02-17T00:00:00+00:00, run_after=2025-02-18T00:00:00+00:00
[2025-02-17T22:29:20.647-0700] {processor.py:179} INFO - Processing /home/jparep/miniconda3/envs/dbt-env/lib/python3.11/site-packages/airflow/example_dags/example_branch_day_of_week_operator.py took 0.089 seconds
[2025-02-17T22:30:20.815-0700] {processor.py:157} INFO - Started process (PID=155784) to work on /home/jparep/miniconda3/envs/dbt-env/lib/python3.11/site-packages/airflow/example_dags/example_branch_day_of_week_operator.py
[2025-02-17T22:30:20.817-0700] {processor.py:829} INFO - Processing file /home/jparep/miniconda3/envs/dbt-env/lib/python3.11/site-packages/airflow/example_dags/example_branch_day_of_week_operator.py for tasks to queue
[2025-02-17T22:30:20.818-0700] {logging_mixin.py:154} INFO - [2025-02-17T22:30:20.818-0700] {dagbag.py:536} INFO - Filling up the DagBag from /home/jparep/miniconda3/envs/dbt-env/lib/python3.11/site-packages/airflow/example_dags/example_branch_day_of_week_operator.py
[2025-02-17T22:30:20.824-0700] {processor.py:839} INFO - DAG(s) dict_keys(['example_weekday_branch_operator']) retrieved from /home/jparep/miniconda3/envs/dbt-env/lib/python3.11/site-packages/airflow/example_dags/example_branch_day_of_week_operator.py
[2025-02-17T22:30:20.840-0700] {logging_mixin.py:154} INFO - [2025-02-17T22:30:20.840-0700] {dag.py:2941} INFO - Sync 1 DAGs
[2025-02-17T22:30:20.858-0700] {logging_mixin.py:154} INFO - [2025-02-17T22:30:20.858-0700] {dag.py:3722} INFO - Setting next_dagrun for example_weekday_branch_operator to 2025-02-17T00:00:00+00:00, run_after=2025-02-18T00:00:00+00:00
[2025-02-17T22:30:20.875-0700] {processor.py:179} INFO - Processing /home/jparep/miniconda3/envs/dbt-env/lib/python3.11/site-packages/airflow/example_dags/example_branch_day_of_week_operator.py took 0.063 seconds
[2025-02-17T22:31:13.621-0700] {processor.py:157} INFO - Started process (PID=156138) to work on /home/jparep/miniconda3/envs/dbt-env/lib/python3.11/site-packages/airflow/example_dags/example_branch_day_of_week_operator.py
[2025-02-17T22:31:13.624-0700] {processor.py:829} INFO - Processing file /home/jparep/miniconda3/envs/dbt-env/lib/python3.11/site-packages/airflow/example_dags/example_branch_day_of_week_operator.py for tasks to queue
[2025-02-17T22:31:13.625-0700] {logging_mixin.py:154} INFO - [2025-02-17T22:31:13.624-0700] {dagbag.py:536} INFO - Filling up the DagBag from /home/jparep/miniconda3/envs/dbt-env/lib/python3.11/site-packages/airflow/example_dags/example_branch_day_of_week_operator.py
[2025-02-17T22:31:13.637-0700] {processor.py:839} INFO - DAG(s) dict_keys(['example_weekday_branch_operator']) retrieved from /home/jparep/miniconda3/envs/dbt-env/lib/python3.11/site-packages/airflow/example_dags/example_branch_day_of_week_operator.py
[2025-02-17T22:31:13.660-0700] {logging_mixin.py:154} INFO - [2025-02-17T22:31:13.660-0700] {dag.py:2941} INFO - Sync 1 DAGs
[2025-02-17T22:31:13.684-0700] {logging_mixin.py:154} INFO - [2025-02-17T22:31:13.684-0700] {dag.py:3722} INFO - Setting next_dagrun for example_weekday_branch_operator to 2025-02-17T00:00:00+00:00, run_after=2025-02-18T00:00:00+00:00
[2025-02-17T22:31:13.716-0700] {processor.py:179} INFO - Processing /home/jparep/miniconda3/envs/dbt-env/lib/python3.11/site-packages/airflow/example_dags/example_branch_day_of_week_operator.py took 0.101 seconds
[2025-02-17T22:32:11.284-0700] {processor.py:157} INFO - Started process (PID=156670) to work on /home/jparep/miniconda3/envs/dbt-env/lib/python3.11/site-packages/airflow/example_dags/example_branch_day_of_week_operator.py
[2025-02-17T22:32:11.288-0700] {processor.py:829} INFO - Processing file /home/jparep/miniconda3/envs/dbt-env/lib/python3.11/site-packages/airflow/example_dags/example_branch_day_of_week_operator.py for tasks to queue
[2025-02-17T22:32:11.289-0700] {logging_mixin.py:154} INFO - [2025-02-17T22:32:11.288-0700] {dagbag.py:536} INFO - Filling up the DagBag from /home/jparep/miniconda3/envs/dbt-env/lib/python3.11/site-packages/airflow/example_dags/example_branch_day_of_week_operator.py
[2025-02-17T22:32:11.301-0700] {processor.py:839} INFO - DAG(s) dict_keys(['example_weekday_branch_operator']) retrieved from /home/jparep/miniconda3/envs/dbt-env/lib/python3.11/site-packages/airflow/example_dags/example_branch_day_of_week_operator.py
[2025-02-17T22:32:11.325-0700] {logging_mixin.py:154} INFO - [2025-02-17T22:32:11.324-0700] {dag.py:2941} INFO - Sync 1 DAGs
[2025-02-17T22:32:11.345-0700] {logging_mixin.py:154} INFO - [2025-02-17T22:32:11.345-0700] {dag.py:3722} INFO - Setting next_dagrun for example_weekday_branch_operator to 2025-02-17T00:00:00+00:00, run_after=2025-02-18T00:00:00+00:00
[2025-02-17T22:32:11.365-0700] {processor.py:179} INFO - Processing /home/jparep/miniconda3/envs/dbt-env/lib/python3.11/site-packages/airflow/example_dags/example_branch_day_of_week_operator.py took 0.086 seconds
[2025-02-17T22:33:07.734-0700] {processor.py:157} INFO - Started process (PID=157087) to work on /home/jparep/miniconda3/envs/dbt-env/lib/python3.11/site-packages/airflow/example_dags/example_branch_day_of_week_operator.py
[2025-02-17T22:33:07.737-0700] {processor.py:829} INFO - Processing file /home/jparep/miniconda3/envs/dbt-env/lib/python3.11/site-packages/airflow/example_dags/example_branch_day_of_week_operator.py for tasks to queue
[2025-02-17T22:33:07.738-0700] {logging_mixin.py:154} INFO - [2025-02-17T22:33:07.738-0700] {dagbag.py:536} INFO - Filling up the DagBag from /home/jparep/miniconda3/envs/dbt-env/lib/python3.11/site-packages/airflow/example_dags/example_branch_day_of_week_operator.py
[2025-02-17T22:33:07.751-0700] {processor.py:839} INFO - DAG(s) dict_keys(['example_weekday_branch_operator']) retrieved from /home/jparep/miniconda3/envs/dbt-env/lib/python3.11/site-packages/airflow/example_dags/example_branch_day_of_week_operator.py
[2025-02-17T22:33:07.775-0700] {logging_mixin.py:154} INFO - [2025-02-17T22:33:07.774-0700] {dag.py:2941} INFO - Sync 1 DAGs
[2025-02-17T22:33:07.802-0700] {logging_mixin.py:154} INFO - [2025-02-17T22:33:07.801-0700] {dag.py:3722} INFO - Setting next_dagrun for example_weekday_branch_operator to 2025-02-17T00:00:00+00:00, run_after=2025-02-18T00:00:00+00:00
[2025-02-17T22:33:07.829-0700] {processor.py:179} INFO - Processing /home/jparep/miniconda3/envs/dbt-env/lib/python3.11/site-packages/airflow/example_dags/example_branch_day_of_week_operator.py took 0.100 seconds
[2025-02-17T22:34:05.497-0700] {processor.py:157} INFO - Started process (PID=157567) to work on /home/jparep/miniconda3/envs/dbt-env/lib/python3.11/site-packages/airflow/example_dags/example_branch_day_of_week_operator.py
[2025-02-17T22:34:05.499-0700] {processor.py:829} INFO - Processing file /home/jparep/miniconda3/envs/dbt-env/lib/python3.11/site-packages/airflow/example_dags/example_branch_day_of_week_operator.py for tasks to queue
[2025-02-17T22:34:05.500-0700] {logging_mixin.py:154} INFO - [2025-02-17T22:34:05.499-0700] {dagbag.py:536} INFO - Filling up the DagBag from /home/jparep/miniconda3/envs/dbt-env/lib/python3.11/site-packages/airflow/example_dags/example_branch_day_of_week_operator.py
[2025-02-17T22:34:05.505-0700] {processor.py:839} INFO - DAG(s) dict_keys(['example_weekday_branch_operator']) retrieved from /home/jparep/miniconda3/envs/dbt-env/lib/python3.11/site-packages/airflow/example_dags/example_branch_day_of_week_operator.py
[2025-02-17T22:34:05.519-0700] {logging_mixin.py:154} INFO - [2025-02-17T22:34:05.519-0700] {dag.py:2941} INFO - Sync 1 DAGs
[2025-02-17T22:34:05.533-0700] {logging_mixin.py:154} INFO - [2025-02-17T22:34:05.533-0700] {dag.py:3722} INFO - Setting next_dagrun for example_weekday_branch_operator to 2025-02-17T00:00:00+00:00, run_after=2025-02-18T00:00:00+00:00
[2025-02-17T22:34:05.549-0700] {processor.py:179} INFO - Processing /home/jparep/miniconda3/envs/dbt-env/lib/python3.11/site-packages/airflow/example_dags/example_branch_day_of_week_operator.py took 0.054 seconds
[2025-02-17T22:34:59.419-0700] {processor.py:157} INFO - Started process (PID=157981) to work on /home/jparep/miniconda3/envs/dbt-env/lib/python3.11/site-packages/airflow/example_dags/example_branch_day_of_week_operator.py
[2025-02-17T22:34:59.422-0700] {processor.py:829} INFO - Processing file /home/jparep/miniconda3/envs/dbt-env/lib/python3.11/site-packages/airflow/example_dags/example_branch_day_of_week_operator.py for tasks to queue
[2025-02-17T22:34:59.423-0700] {logging_mixin.py:154} INFO - [2025-02-17T22:34:59.423-0700] {dagbag.py:536} INFO - Filling up the DagBag from /home/jparep/miniconda3/envs/dbt-env/lib/python3.11/site-packages/airflow/example_dags/example_branch_day_of_week_operator.py
[2025-02-17T22:34:59.437-0700] {processor.py:839} INFO - DAG(s) dict_keys(['example_weekday_branch_operator']) retrieved from /home/jparep/miniconda3/envs/dbt-env/lib/python3.11/site-packages/airflow/example_dags/example_branch_day_of_week_operator.py
[2025-02-17T22:34:59.466-0700] {logging_mixin.py:154} INFO - [2025-02-17T22:34:59.466-0700] {dag.py:2941} INFO - Sync 1 DAGs
[2025-02-17T22:34:59.496-0700] {logging_mixin.py:154} INFO - [2025-02-17T22:34:59.496-0700] {dag.py:3722} INFO - Setting next_dagrun for example_weekday_branch_operator to 2025-02-17T00:00:00+00:00, run_after=2025-02-18T00:00:00+00:00
[2025-02-17T22:34:59.527-0700] {processor.py:179} INFO - Processing /home/jparep/miniconda3/envs/dbt-env/lib/python3.11/site-packages/airflow/example_dags/example_branch_day_of_week_operator.py took 0.114 seconds
[2025-02-17T22:35:55.181-0700] {processor.py:157} INFO - Started process (PID=158508) to work on /home/jparep/miniconda3/envs/dbt-env/lib/python3.11/site-packages/airflow/example_dags/example_branch_day_of_week_operator.py
[2025-02-17T22:35:55.183-0700] {processor.py:829} INFO - Processing file /home/jparep/miniconda3/envs/dbt-env/lib/python3.11/site-packages/airflow/example_dags/example_branch_day_of_week_operator.py for tasks to queue
[2025-02-17T22:35:55.184-0700] {logging_mixin.py:154} INFO - [2025-02-17T22:35:55.184-0700] {dagbag.py:536} INFO - Filling up the DagBag from /home/jparep/miniconda3/envs/dbt-env/lib/python3.11/site-packages/airflow/example_dags/example_branch_day_of_week_operator.py
[2025-02-17T22:35:55.191-0700] {processor.py:839} INFO - DAG(s) dict_keys(['example_weekday_branch_operator']) retrieved from /home/jparep/miniconda3/envs/dbt-env/lib/python3.11/site-packages/airflow/example_dags/example_branch_day_of_week_operator.py
[2025-02-17T22:35:55.204-0700] {logging_mixin.py:154} INFO - [2025-02-17T22:35:55.204-0700] {dag.py:2941} INFO - Sync 1 DAGs
[2025-02-17T22:35:55.220-0700] {logging_mixin.py:154} INFO - [2025-02-17T22:35:55.220-0700] {dag.py:3722} INFO - Setting next_dagrun for example_weekday_branch_operator to 2025-02-17T00:00:00+00:00, run_after=2025-02-18T00:00:00+00:00
[2025-02-17T22:35:55.239-0700] {processor.py:179} INFO - Processing /home/jparep/miniconda3/envs/dbt-env/lib/python3.11/site-packages/airflow/example_dags/example_branch_day_of_week_operator.py took 0.062 seconds
[2025-02-17T22:36:57.321-0700] {processor.py:157} INFO - Started process (PID=159071) to work on /home/jparep/miniconda3/envs/dbt-env/lib/python3.11/site-packages/airflow/example_dags/example_branch_day_of_week_operator.py
[2025-02-17T22:36:57.323-0700] {processor.py:829} INFO - Processing file /home/jparep/miniconda3/envs/dbt-env/lib/python3.11/site-packages/airflow/example_dags/example_branch_day_of_week_operator.py for tasks to queue
[2025-02-17T22:36:57.324-0700] {logging_mixin.py:154} INFO - [2025-02-17T22:36:57.323-0700] {dagbag.py:536} INFO - Filling up the DagBag from /home/jparep/miniconda3/envs/dbt-env/lib/python3.11/site-packages/airflow/example_dags/example_branch_day_of_week_operator.py
[2025-02-17T22:36:57.334-0700] {processor.py:839} INFO - DAG(s) dict_keys(['example_weekday_branch_operator']) retrieved from /home/jparep/miniconda3/envs/dbt-env/lib/python3.11/site-packages/airflow/example_dags/example_branch_day_of_week_operator.py
[2025-02-17T22:36:57.357-0700] {logging_mixin.py:154} INFO - [2025-02-17T22:36:57.356-0700] {dag.py:2941} INFO - Sync 1 DAGs
[2025-02-17T22:36:57.374-0700] {logging_mixin.py:154} INFO - [2025-02-17T22:36:57.374-0700] {dag.py:3722} INFO - Setting next_dagrun for example_weekday_branch_operator to 2025-02-17T00:00:00+00:00, run_after=2025-02-18T00:00:00+00:00
[2025-02-17T22:36:57.395-0700] {processor.py:179} INFO - Processing /home/jparep/miniconda3/envs/dbt-env/lib/python3.11/site-packages/airflow/example_dags/example_branch_day_of_week_operator.py took 0.078 seconds
[2025-02-17T22:37:51.026-0700] {processor.py:157} INFO - Started process (PID=160169) to work on /home/jparep/miniconda3/envs/dbt-env/lib/python3.11/site-packages/airflow/example_dags/example_branch_day_of_week_operator.py
[2025-02-17T22:37:51.027-0700] {processor.py:829} INFO - Processing file /home/jparep/miniconda3/envs/dbt-env/lib/python3.11/site-packages/airflow/example_dags/example_branch_day_of_week_operator.py for tasks to queue
[2025-02-17T22:37:51.029-0700] {logging_mixin.py:154} INFO - [2025-02-17T22:37:51.028-0700] {dagbag.py:536} INFO - Filling up the DagBag from /home/jparep/miniconda3/envs/dbt-env/lib/python3.11/site-packages/airflow/example_dags/example_branch_day_of_week_operator.py
[2025-02-17T22:37:51.040-0700] {processor.py:839} INFO - DAG(s) dict_keys(['example_weekday_branch_operator']) retrieved from /home/jparep/miniconda3/envs/dbt-env/lib/python3.11/site-packages/airflow/example_dags/example_branch_day_of_week_operator.py
[2025-02-17T22:37:51.065-0700] {logging_mixin.py:154} INFO - [2025-02-17T22:37:51.065-0700] {dag.py:2941} INFO - Sync 1 DAGs
[2025-02-17T22:37:51.084-0700] {logging_mixin.py:154} INFO - [2025-02-17T22:37:51.084-0700] {dag.py:3722} INFO - Setting next_dagrun for example_weekday_branch_operator to 2025-02-17T00:00:00+00:00, run_after=2025-02-18T00:00:00+00:00
[2025-02-17T22:37:51.102-0700] {processor.py:179} INFO - Processing /home/jparep/miniconda3/envs/dbt-env/lib/python3.11/site-packages/airflow/example_dags/example_branch_day_of_week_operator.py took 0.081 seconds
[2025-02-17T22:38:43.632-0700] {processor.py:157} INFO - Started process (PID=160687) to work on /home/jparep/miniconda3/envs/dbt-env/lib/python3.11/site-packages/airflow/example_dags/example_branch_day_of_week_operator.py
[2025-02-17T22:38:43.634-0700] {processor.py:829} INFO - Processing file /home/jparep/miniconda3/envs/dbt-env/lib/python3.11/site-packages/airflow/example_dags/example_branch_day_of_week_operator.py for tasks to queue
[2025-02-17T22:38:43.636-0700] {logging_mixin.py:154} INFO - [2025-02-17T22:38:43.635-0700] {dagbag.py:536} INFO - Filling up the DagBag from /home/jparep/miniconda3/envs/dbt-env/lib/python3.11/site-packages/airflow/example_dags/example_branch_day_of_week_operator.py
[2025-02-17T22:38:43.648-0700] {processor.py:839} INFO - DAG(s) dict_keys(['example_weekday_branch_operator']) retrieved from /home/jparep/miniconda3/envs/dbt-env/lib/python3.11/site-packages/airflow/example_dags/example_branch_day_of_week_operator.py
[2025-02-17T22:38:43.670-0700] {logging_mixin.py:154} INFO - [2025-02-17T22:38:43.670-0700] {dag.py:2941} INFO - Sync 1 DAGs
[2025-02-17T22:38:43.691-0700] {logging_mixin.py:154} INFO - [2025-02-17T22:38:43.690-0700] {dag.py:3722} INFO - Setting next_dagrun for example_weekday_branch_operator to 2025-02-17T00:00:00+00:00, run_after=2025-02-18T00:00:00+00:00
[2025-02-17T22:38:43.709-0700] {processor.py:179} INFO - Processing /home/jparep/miniconda3/envs/dbt-env/lib/python3.11/site-packages/airflow/example_dags/example_branch_day_of_week_operator.py took 0.082 seconds
[2025-02-17T22:39:37.322-0700] {processor.py:157} INFO - Started process (PID=161231) to work on /home/jparep/miniconda3/envs/dbt-env/lib/python3.11/site-packages/airflow/example_dags/example_branch_day_of_week_operator.py
[2025-02-17T22:39:37.325-0700] {processor.py:829} INFO - Processing file /home/jparep/miniconda3/envs/dbt-env/lib/python3.11/site-packages/airflow/example_dags/example_branch_day_of_week_operator.py for tasks to queue
[2025-02-17T22:39:37.327-0700] {logging_mixin.py:154} INFO - [2025-02-17T22:39:37.326-0700] {dagbag.py:536} INFO - Filling up the DagBag from /home/jparep/miniconda3/envs/dbt-env/lib/python3.11/site-packages/airflow/example_dags/example_branch_day_of_week_operator.py
[2025-02-17T22:39:37.338-0700] {processor.py:839} INFO - DAG(s) dict_keys(['example_weekday_branch_operator']) retrieved from /home/jparep/miniconda3/envs/dbt-env/lib/python3.11/site-packages/airflow/example_dags/example_branch_day_of_week_operator.py
[2025-02-17T22:39:37.361-0700] {logging_mixin.py:154} INFO - [2025-02-17T22:39:37.361-0700] {dag.py:2941} INFO - Sync 1 DAGs
[2025-02-17T22:39:37.376-0700] {logging_mixin.py:154} INFO - [2025-02-17T22:39:37.376-0700] {dag.py:3722} INFO - Setting next_dagrun for example_weekday_branch_operator to 2025-02-17T00:00:00+00:00, run_after=2025-02-18T00:00:00+00:00
[2025-02-17T22:39:37.393-0700] {processor.py:179} INFO - Processing /home/jparep/miniconda3/envs/dbt-env/lib/python3.11/site-packages/airflow/example_dags/example_branch_day_of_week_operator.py took 0.075 seconds
[2025-02-17T22:40:34.697-0700] {processor.py:157} INFO - Started process (PID=161721) to work on /home/jparep/miniconda3/envs/dbt-env/lib/python3.11/site-packages/airflow/example_dags/example_branch_day_of_week_operator.py
[2025-02-17T22:40:34.699-0700] {processor.py:829} INFO - Processing file /home/jparep/miniconda3/envs/dbt-env/lib/python3.11/site-packages/airflow/example_dags/example_branch_day_of_week_operator.py for tasks to queue
[2025-02-17T22:40:34.700-0700] {logging_mixin.py:154} INFO - [2025-02-17T22:40:34.700-0700] {dagbag.py:536} INFO - Filling up the DagBag from /home/jparep/miniconda3/envs/dbt-env/lib/python3.11/site-packages/airflow/example_dags/example_branch_day_of_week_operator.py
[2025-02-17T22:40:34.710-0700] {processor.py:839} INFO - DAG(s) dict_keys(['example_weekday_branch_operator']) retrieved from /home/jparep/miniconda3/envs/dbt-env/lib/python3.11/site-packages/airflow/example_dags/example_branch_day_of_week_operator.py
[2025-02-17T22:40:34.728-0700] {logging_mixin.py:154} INFO - [2025-02-17T22:40:34.728-0700] {dag.py:2941} INFO - Sync 1 DAGs
[2025-02-17T22:40:34.744-0700] {logging_mixin.py:154} INFO - [2025-02-17T22:40:34.744-0700] {dag.py:3722} INFO - Setting next_dagrun for example_weekday_branch_operator to 2025-02-17T00:00:00+00:00, run_after=2025-02-18T00:00:00+00:00
[2025-02-17T22:40:34.763-0700] {processor.py:179} INFO - Processing /home/jparep/miniconda3/envs/dbt-env/lib/python3.11/site-packages/airflow/example_dags/example_branch_day_of_week_operator.py took 0.069 seconds
[2025-02-17T22:41:32.588-0700] {processor.py:157} INFO - Started process (PID=162207) to work on /home/jparep/miniconda3/envs/dbt-env/lib/python3.11/site-packages/airflow/example_dags/example_branch_day_of_week_operator.py
[2025-02-17T22:41:32.591-0700] {processor.py:829} INFO - Processing file /home/jparep/miniconda3/envs/dbt-env/lib/python3.11/site-packages/airflow/example_dags/example_branch_day_of_week_operator.py for tasks to queue
[2025-02-17T22:41:32.593-0700] {logging_mixin.py:154} INFO - [2025-02-17T22:41:32.592-0700] {dagbag.py:536} INFO - Filling up the DagBag from /home/jparep/miniconda3/envs/dbt-env/lib/python3.11/site-packages/airflow/example_dags/example_branch_day_of_week_operator.py
[2025-02-17T22:41:32.606-0700] {processor.py:839} INFO - DAG(s) dict_keys(['example_weekday_branch_operator']) retrieved from /home/jparep/miniconda3/envs/dbt-env/lib/python3.11/site-packages/airflow/example_dags/example_branch_day_of_week_operator.py
[2025-02-17T22:41:32.639-0700] {logging_mixin.py:154} INFO - [2025-02-17T22:41:32.639-0700] {dag.py:2941} INFO - Sync 1 DAGs
[2025-02-17T22:41:32.666-0700] {logging_mixin.py:154} INFO - [2025-02-17T22:41:32.666-0700] {dag.py:3722} INFO - Setting next_dagrun for example_weekday_branch_operator to 2025-02-17T00:00:00+00:00, run_after=2025-02-18T00:00:00+00:00
[2025-02-17T22:41:32.687-0700] {processor.py:179} INFO - Processing /home/jparep/miniconda3/envs/dbt-env/lib/python3.11/site-packages/airflow/example_dags/example_branch_day_of_week_operator.py took 0.104 seconds
