[2025-02-17T22:16:26.192-0700] {processor.py:157} INFO - Started process (PID=148748) to work on /home/jparep/miniconda3/envs/dbt-env/lib/python3.11/site-packages/airflow/example_dags/example_xcom.py
[2025-02-17T22:16:26.194-0700] {processor.py:829} INFO - Processing file /home/jparep/miniconda3/envs/dbt-env/lib/python3.11/site-packages/airflow/example_dags/example_xcom.py for tasks to queue
[2025-02-17T22:16:26.195-0700] {logging_mixin.py:154} INFO - [2025-02-17T22:16:26.194-0700] {dagbag.py:536} INFO - Filling up the DagBag from /home/jparep/miniconda3/envs/dbt-env/lib/python3.11/site-packages/airflow/example_dags/example_xcom.py
[2025-02-17T22:16:26.207-0700] {processor.py:839} INFO - DAG(s) dict_keys(['example_xcom']) retrieved from /home/jparep/miniconda3/envs/dbt-env/lib/python3.11/site-packages/airflow/example_dags/example_xcom.py
[2025-02-17T22:16:26.432-0700] {logging_mixin.py:154} INFO - [2025-02-17T22:16:26.432-0700] {manager.py:499} INFO - Created Permission View: %s
[2025-02-17T22:16:26.441-0700] {logging_mixin.py:154} INFO - [2025-02-17T22:16:26.441-0700] {manager.py:499} INFO - Created Permission View: %s
[2025-02-17T22:16:26.447-0700] {logging_mixin.py:154} INFO - [2025-02-17T22:16:26.447-0700] {manager.py:499} INFO - Created Permission View: %s
[2025-02-17T22:16:26.447-0700] {logging_mixin.py:154} INFO - [2025-02-17T22:16:26.447-0700] {dag.py:2941} INFO - Sync 1 DAGs
[2025-02-17T22:16:26.454-0700] {logging_mixin.py:154} INFO - [2025-02-17T22:16:26.454-0700] {dag.py:2963} INFO - Creating ORM DAG for example_xcom
[2025-02-17T22:16:26.461-0700] {logging_mixin.py:154} INFO - [2025-02-17T22:16:26.461-0700] {dag.py:3722} INFO - Setting next_dagrun for example_xcom to 2021-01-01T00:00:00+00:00, run_after=2021-01-01T00:00:00+00:00
[2025-02-17T22:16:26.475-0700] {processor.py:179} INFO - Processing /home/jparep/miniconda3/envs/dbt-env/lib/python3.11/site-packages/airflow/example_dags/example_xcom.py took 0.287 seconds
[2025-02-17T22:17:20.561-0700] {processor.py:157} INFO - Started process (PID=149001) to work on /home/jparep/miniconda3/envs/dbt-env/lib/python3.11/site-packages/airflow/example_dags/example_xcom.py
[2025-02-17T22:17:20.564-0700] {processor.py:829} INFO - Processing file /home/jparep/miniconda3/envs/dbt-env/lib/python3.11/site-packages/airflow/example_dags/example_xcom.py for tasks to queue
[2025-02-17T22:17:20.565-0700] {logging_mixin.py:154} INFO - [2025-02-17T22:17:20.565-0700] {dagbag.py:536} INFO - Filling up the DagBag from /home/jparep/miniconda3/envs/dbt-env/lib/python3.11/site-packages/airflow/example_dags/example_xcom.py
[2025-02-17T22:17:20.578-0700] {processor.py:839} INFO - DAG(s) dict_keys(['example_xcom']) retrieved from /home/jparep/miniconda3/envs/dbt-env/lib/python3.11/site-packages/airflow/example_dags/example_xcom.py
[2025-02-17T22:17:20.713-0700] {logging_mixin.py:154} INFO - [2025-02-17T22:17:20.713-0700] {dag.py:2941} INFO - Sync 1 DAGs
[2025-02-17T22:17:20.741-0700] {logging_mixin.py:154} INFO - [2025-02-17T22:17:20.741-0700] {dag.py:3722} INFO - Setting next_dagrun for example_xcom to 2021-01-01T00:00:00+00:00, run_after=2021-01-01T00:00:00+00:00
[2025-02-17T22:17:20.769-0700] {processor.py:179} INFO - Processing /home/jparep/miniconda3/envs/dbt-env/lib/python3.11/site-packages/airflow/example_dags/example_xcom.py took 0.215 seconds
[2025-02-17T22:18:27.098-0700] {processor.py:157} INFO - Started process (PID=149590) to work on /home/jparep/miniconda3/envs/dbt-env/lib/python3.11/site-packages/airflow/example_dags/example_xcom.py
[2025-02-17T22:18:27.101-0700] {processor.py:829} INFO - Processing file /home/jparep/miniconda3/envs/dbt-env/lib/python3.11/site-packages/airflow/example_dags/example_xcom.py for tasks to queue
[2025-02-17T22:18:27.101-0700] {logging_mixin.py:154} INFO - [2025-02-17T22:18:27.101-0700] {dagbag.py:536} INFO - Filling up the DagBag from /home/jparep/miniconda3/envs/dbt-env/lib/python3.11/site-packages/airflow/example_dags/example_xcom.py
[2025-02-17T22:18:27.109-0700] {processor.py:839} INFO - DAG(s) dict_keys(['example_xcom']) retrieved from /home/jparep/miniconda3/envs/dbt-env/lib/python3.11/site-packages/airflow/example_dags/example_xcom.py
[2025-02-17T22:18:27.123-0700] {logging_mixin.py:154} INFO - [2025-02-17T22:18:27.123-0700] {dag.py:2941} INFO - Sync 1 DAGs
[2025-02-17T22:18:27.139-0700] {logging_mixin.py:154} INFO - [2025-02-17T22:18:27.138-0700] {dag.py:3722} INFO - Setting next_dagrun for example_xcom to 2021-01-01T00:00:00+00:00, run_after=2021-01-01T00:00:00+00:00
[2025-02-17T22:18:27.161-0700] {processor.py:179} INFO - Processing /home/jparep/miniconda3/envs/dbt-env/lib/python3.11/site-packages/airflow/example_dags/example_xcom.py took 0.067 seconds
[2025-02-17T22:19:20.457-0700] {processor.py:157} INFO - Started process (PID=150112) to work on /home/jparep/miniconda3/envs/dbt-env/lib/python3.11/site-packages/airflow/example_dags/example_xcom.py
[2025-02-17T22:19:20.460-0700] {processor.py:829} INFO - Processing file /home/jparep/miniconda3/envs/dbt-env/lib/python3.11/site-packages/airflow/example_dags/example_xcom.py for tasks to queue
[2025-02-17T22:19:20.461-0700] {logging_mixin.py:154} INFO - [2025-02-17T22:19:20.461-0700] {dagbag.py:536} INFO - Filling up the DagBag from /home/jparep/miniconda3/envs/dbt-env/lib/python3.11/site-packages/airflow/example_dags/example_xcom.py
[2025-02-17T22:19:20.474-0700] {processor.py:839} INFO - DAG(s) dict_keys(['example_xcom']) retrieved from /home/jparep/miniconda3/envs/dbt-env/lib/python3.11/site-packages/airflow/example_dags/example_xcom.py
[2025-02-17T22:19:20.489-0700] {logging_mixin.py:154} INFO - [2025-02-17T22:19:20.488-0700] {dag.py:2941} INFO - Sync 1 DAGs
[2025-02-17T22:19:20.501-0700] {logging_mixin.py:154} INFO - [2025-02-17T22:19:20.501-0700] {dag.py:3722} INFO - Setting next_dagrun for example_xcom to 2021-01-01T00:00:00+00:00, run_after=2021-01-01T00:00:00+00:00
[2025-02-17T22:19:20.516-0700] {processor.py:179} INFO - Processing /home/jparep/miniconda3/envs/dbt-env/lib/python3.11/site-packages/airflow/example_dags/example_xcom.py took 0.064 seconds
[2025-02-17T22:20:20.292-0700] {processor.py:157} INFO - Started process (PID=150665) to work on /home/jparep/miniconda3/envs/dbt-env/lib/python3.11/site-packages/airflow/example_dags/example_xcom.py
[2025-02-17T22:20:20.296-0700] {processor.py:829} INFO - Processing file /home/jparep/miniconda3/envs/dbt-env/lib/python3.11/site-packages/airflow/example_dags/example_xcom.py for tasks to queue
[2025-02-17T22:20:20.297-0700] {logging_mixin.py:154} INFO - [2025-02-17T22:20:20.297-0700] {dagbag.py:536} INFO - Filling up the DagBag from /home/jparep/miniconda3/envs/dbt-env/lib/python3.11/site-packages/airflow/example_dags/example_xcom.py
[2025-02-17T22:20:20.309-0700] {processor.py:839} INFO - DAG(s) dict_keys(['example_xcom']) retrieved from /home/jparep/miniconda3/envs/dbt-env/lib/python3.11/site-packages/airflow/example_dags/example_xcom.py
[2025-02-17T22:20:20.333-0700] {logging_mixin.py:154} INFO - [2025-02-17T22:20:20.332-0700] {dag.py:2941} INFO - Sync 1 DAGs
[2025-02-17T22:20:20.356-0700] {logging_mixin.py:154} INFO - [2025-02-17T22:20:20.356-0700] {dag.py:3722} INFO - Setting next_dagrun for example_xcom to 2021-01-01T00:00:00+00:00, run_after=2021-01-01T00:00:00+00:00
[2025-02-17T22:20:20.385-0700] {processor.py:179} INFO - Processing /home/jparep/miniconda3/envs/dbt-env/lib/python3.11/site-packages/airflow/example_dags/example_xcom.py took 0.096 seconds
[2025-02-17T22:21:18.089-0700] {processor.py:157} INFO - Started process (PID=151206) to work on /home/jparep/miniconda3/envs/dbt-env/lib/python3.11/site-packages/airflow/example_dags/example_xcom.py
[2025-02-17T22:21:18.093-0700] {processor.py:829} INFO - Processing file /home/jparep/miniconda3/envs/dbt-env/lib/python3.11/site-packages/airflow/example_dags/example_xcom.py for tasks to queue
[2025-02-17T22:21:18.094-0700] {logging_mixin.py:154} INFO - [2025-02-17T22:21:18.094-0700] {dagbag.py:536} INFO - Filling up the DagBag from /home/jparep/miniconda3/envs/dbt-env/lib/python3.11/site-packages/airflow/example_dags/example_xcom.py
[2025-02-17T22:21:18.107-0700] {processor.py:839} INFO - DAG(s) dict_keys(['example_xcom']) retrieved from /home/jparep/miniconda3/envs/dbt-env/lib/python3.11/site-packages/airflow/example_dags/example_xcom.py
[2025-02-17T22:21:18.130-0700] {logging_mixin.py:154} INFO - [2025-02-17T22:21:18.129-0700] {dag.py:2941} INFO - Sync 1 DAGs
[2025-02-17T22:21:18.155-0700] {logging_mixin.py:154} INFO - [2025-02-17T22:21:18.154-0700] {dag.py:3722} INFO - Setting next_dagrun for example_xcom to 2021-01-01T00:00:00+00:00, run_after=2021-01-01T00:00:00+00:00
[2025-02-17T22:21:18.185-0700] {processor.py:179} INFO - Processing /home/jparep/miniconda3/envs/dbt-env/lib/python3.11/site-packages/airflow/example_dags/example_xcom.py took 0.100 seconds
[2025-02-17T22:22:07.877-0700] {processor.py:157} INFO - Started process (PID=151644) to work on /home/jparep/miniconda3/envs/dbt-env/lib/python3.11/site-packages/airflow/example_dags/example_xcom.py
[2025-02-17T22:22:07.880-0700] {processor.py:829} INFO - Processing file /home/jparep/miniconda3/envs/dbt-env/lib/python3.11/site-packages/airflow/example_dags/example_xcom.py for tasks to queue
[2025-02-17T22:22:07.881-0700] {logging_mixin.py:154} INFO - [2025-02-17T22:22:07.880-0700] {dagbag.py:536} INFO - Filling up the DagBag from /home/jparep/miniconda3/envs/dbt-env/lib/python3.11/site-packages/airflow/example_dags/example_xcom.py
[2025-02-17T22:22:07.892-0700] {processor.py:839} INFO - DAG(s) dict_keys(['example_xcom']) retrieved from /home/jparep/miniconda3/envs/dbt-env/lib/python3.11/site-packages/airflow/example_dags/example_xcom.py
[2025-02-17T22:22:07.916-0700] {logging_mixin.py:154} INFO - [2025-02-17T22:22:07.916-0700] {dag.py:2941} INFO - Sync 1 DAGs
[2025-02-17T22:22:07.935-0700] {logging_mixin.py:154} INFO - [2025-02-17T22:22:07.935-0700] {dag.py:3722} INFO - Setting next_dagrun for example_xcom to 2021-01-01T00:00:00+00:00, run_after=2021-01-01T00:00:00+00:00
[2025-02-17T22:22:07.957-0700] {processor.py:179} INFO - Processing /home/jparep/miniconda3/envs/dbt-env/lib/python3.11/site-packages/airflow/example_dags/example_xcom.py took 0.085 seconds
[2025-02-17T22:23:02.235-0700] {processor.py:157} INFO - Started process (PID=152017) to work on /home/jparep/miniconda3/envs/dbt-env/lib/python3.11/site-packages/airflow/example_dags/example_xcom.py
[2025-02-17T22:23:02.238-0700] {processor.py:829} INFO - Processing file /home/jparep/miniconda3/envs/dbt-env/lib/python3.11/site-packages/airflow/example_dags/example_xcom.py for tasks to queue
[2025-02-17T22:23:02.239-0700] {logging_mixin.py:154} INFO - [2025-02-17T22:23:02.238-0700] {dagbag.py:536} INFO - Filling up the DagBag from /home/jparep/miniconda3/envs/dbt-env/lib/python3.11/site-packages/airflow/example_dags/example_xcom.py
[2025-02-17T22:23:02.250-0700] {processor.py:839} INFO - DAG(s) dict_keys(['example_xcom']) retrieved from /home/jparep/miniconda3/envs/dbt-env/lib/python3.11/site-packages/airflow/example_dags/example_xcom.py
[2025-02-17T22:23:02.275-0700] {logging_mixin.py:154} INFO - [2025-02-17T22:23:02.275-0700] {dag.py:2941} INFO - Sync 1 DAGs
[2025-02-17T22:23:02.291-0700] {logging_mixin.py:154} INFO - [2025-02-17T22:23:02.291-0700] {dag.py:3722} INFO - Setting next_dagrun for example_xcom to 2021-01-01T00:00:00+00:00, run_after=2021-01-01T00:00:00+00:00
[2025-02-17T22:23:02.311-0700] {processor.py:179} INFO - Processing /home/jparep/miniconda3/envs/dbt-env/lib/python3.11/site-packages/airflow/example_dags/example_xcom.py took 0.081 seconds
[2025-02-17T22:23:56.278-0700] {processor.py:157} INFO - Started process (PID=152544) to work on /home/jparep/miniconda3/envs/dbt-env/lib/python3.11/site-packages/airflow/example_dags/example_xcom.py
[2025-02-17T22:23:56.280-0700] {processor.py:829} INFO - Processing file /home/jparep/miniconda3/envs/dbt-env/lib/python3.11/site-packages/airflow/example_dags/example_xcom.py for tasks to queue
[2025-02-17T22:23:56.281-0700] {logging_mixin.py:154} INFO - [2025-02-17T22:23:56.281-0700] {dagbag.py:536} INFO - Filling up the DagBag from /home/jparep/miniconda3/envs/dbt-env/lib/python3.11/site-packages/airflow/example_dags/example_xcom.py
[2025-02-17T22:23:56.293-0700] {processor.py:839} INFO - DAG(s) dict_keys(['example_xcom']) retrieved from /home/jparep/miniconda3/envs/dbt-env/lib/python3.11/site-packages/airflow/example_dags/example_xcom.py
[2025-02-17T22:23:56.321-0700] {logging_mixin.py:154} INFO - [2025-02-17T22:23:56.320-0700] {dag.py:2941} INFO - Sync 1 DAGs
[2025-02-17T22:23:56.345-0700] {logging_mixin.py:154} INFO - [2025-02-17T22:23:56.345-0700] {dag.py:3722} INFO - Setting next_dagrun for example_xcom to 2021-01-01T00:00:00+00:00, run_after=2021-01-01T00:00:00+00:00
[2025-02-17T22:23:56.375-0700] {processor.py:179} INFO - Processing /home/jparep/miniconda3/envs/dbt-env/lib/python3.11/site-packages/airflow/example_dags/example_xcom.py took 0.101 seconds
[2025-02-17T22:24:50.077-0700] {processor.py:157} INFO - Started process (PID=152884) to work on /home/jparep/miniconda3/envs/dbt-env/lib/python3.11/site-packages/airflow/example_dags/example_xcom.py
[2025-02-17T22:24:50.080-0700] {processor.py:829} INFO - Processing file /home/jparep/miniconda3/envs/dbt-env/lib/python3.11/site-packages/airflow/example_dags/example_xcom.py for tasks to queue
[2025-02-17T22:24:50.082-0700] {logging_mixin.py:154} INFO - [2025-02-17T22:24:50.081-0700] {dagbag.py:536} INFO - Filling up the DagBag from /home/jparep/miniconda3/envs/dbt-env/lib/python3.11/site-packages/airflow/example_dags/example_xcom.py
[2025-02-17T22:24:50.094-0700] {processor.py:839} INFO - DAG(s) dict_keys(['example_xcom']) retrieved from /home/jparep/miniconda3/envs/dbt-env/lib/python3.11/site-packages/airflow/example_dags/example_xcom.py
[2025-02-17T22:24:50.119-0700] {logging_mixin.py:154} INFO - [2025-02-17T22:24:50.118-0700] {dag.py:2941} INFO - Sync 1 DAGs
[2025-02-17T22:24:50.137-0700] {logging_mixin.py:154} INFO - [2025-02-17T22:24:50.137-0700] {dag.py:3722} INFO - Setting next_dagrun for example_xcom to 2021-01-01T00:00:00+00:00, run_after=2021-01-01T00:00:00+00:00
[2025-02-17T22:24:50.167-0700] {processor.py:179} INFO - Processing /home/jparep/miniconda3/envs/dbt-env/lib/python3.11/site-packages/airflow/example_dags/example_xcom.py took 0.094 seconds
[2025-02-17T22:25:53.552-0700] {processor.py:157} INFO - Started process (PID=153460) to work on /home/jparep/miniconda3/envs/dbt-env/lib/python3.11/site-packages/airflow/example_dags/example_xcom.py
[2025-02-17T22:25:53.555-0700] {processor.py:829} INFO - Processing file /home/jparep/miniconda3/envs/dbt-env/lib/python3.11/site-packages/airflow/example_dags/example_xcom.py for tasks to queue
[2025-02-17T22:25:53.556-0700] {logging_mixin.py:154} INFO - [2025-02-17T22:25:53.555-0700] {dagbag.py:536} INFO - Filling up the DagBag from /home/jparep/miniconda3/envs/dbt-env/lib/python3.11/site-packages/airflow/example_dags/example_xcom.py
[2025-02-17T22:25:53.568-0700] {processor.py:839} INFO - DAG(s) dict_keys(['example_xcom']) retrieved from /home/jparep/miniconda3/envs/dbt-env/lib/python3.11/site-packages/airflow/example_dags/example_xcom.py
[2025-02-17T22:25:53.593-0700] {logging_mixin.py:154} INFO - [2025-02-17T22:25:53.593-0700] {dag.py:2941} INFO - Sync 1 DAGs
[2025-02-17T22:25:53.617-0700] {logging_mixin.py:154} INFO - [2025-02-17T22:25:53.617-0700] {dag.py:3722} INFO - Setting next_dagrun for example_xcom to 2021-01-01T00:00:00+00:00, run_after=2021-01-01T00:00:00+00:00
[2025-02-17T22:25:53.650-0700] {processor.py:179} INFO - Processing /home/jparep/miniconda3/envs/dbt-env/lib/python3.11/site-packages/airflow/example_dags/example_xcom.py took 0.102 seconds
[2025-02-17T22:26:43.743-0700] {processor.py:157} INFO - Started process (PID=153961) to work on /home/jparep/miniconda3/envs/dbt-env/lib/python3.11/site-packages/airflow/example_dags/example_xcom.py
[2025-02-17T22:26:43.746-0700] {processor.py:829} INFO - Processing file /home/jparep/miniconda3/envs/dbt-env/lib/python3.11/site-packages/airflow/example_dags/example_xcom.py for tasks to queue
[2025-02-17T22:26:43.748-0700] {logging_mixin.py:154} INFO - [2025-02-17T22:26:43.747-0700] {dagbag.py:536} INFO - Filling up the DagBag from /home/jparep/miniconda3/envs/dbt-env/lib/python3.11/site-packages/airflow/example_dags/example_xcom.py
[2025-02-17T22:26:43.760-0700] {processor.py:839} INFO - DAG(s) dict_keys(['example_xcom']) retrieved from /home/jparep/miniconda3/envs/dbt-env/lib/python3.11/site-packages/airflow/example_dags/example_xcom.py
[2025-02-17T22:26:43.784-0700] {logging_mixin.py:154} INFO - [2025-02-17T22:26:43.784-0700] {dag.py:2941} INFO - Sync 1 DAGs
[2025-02-17T22:26:43.809-0700] {logging_mixin.py:154} INFO - [2025-02-17T22:26:43.809-0700] {dag.py:3722} INFO - Setting next_dagrun for example_xcom to 2021-01-01T00:00:00+00:00, run_after=2021-01-01T00:00:00+00:00
[2025-02-17T22:26:43.830-0700] {processor.py:179} INFO - Processing /home/jparep/miniconda3/envs/dbt-env/lib/python3.11/site-packages/airflow/example_dags/example_xcom.py took 0.091 seconds
[2025-02-17T22:27:39.877-0700] {processor.py:157} INFO - Started process (PID=154485) to work on /home/jparep/miniconda3/envs/dbt-env/lib/python3.11/site-packages/airflow/example_dags/example_xcom.py
[2025-02-17T22:27:39.880-0700] {processor.py:829} INFO - Processing file /home/jparep/miniconda3/envs/dbt-env/lib/python3.11/site-packages/airflow/example_dags/example_xcom.py for tasks to queue
[2025-02-17T22:27:39.882-0700] {logging_mixin.py:154} INFO - [2025-02-17T22:27:39.881-0700] {dagbag.py:536} INFO - Filling up the DagBag from /home/jparep/miniconda3/envs/dbt-env/lib/python3.11/site-packages/airflow/example_dags/example_xcom.py
[2025-02-17T22:27:39.894-0700] {processor.py:839} INFO - DAG(s) dict_keys(['example_xcom']) retrieved from /home/jparep/miniconda3/envs/dbt-env/lib/python3.11/site-packages/airflow/example_dags/example_xcom.py
[2025-02-17T22:27:39.915-0700] {logging_mixin.py:154} INFO - [2025-02-17T22:27:39.915-0700] {dag.py:2941} INFO - Sync 1 DAGs
[2025-02-17T22:27:39.931-0700] {logging_mixin.py:154} INFO - [2025-02-17T22:27:39.931-0700] {dag.py:3722} INFO - Setting next_dagrun for example_xcom to 2021-01-01T00:00:00+00:00, run_after=2021-01-01T00:00:00+00:00
[2025-02-17T22:27:39.952-0700] {processor.py:179} INFO - Processing /home/jparep/miniconda3/envs/dbt-env/lib/python3.11/site-packages/airflow/example_dags/example_xcom.py took 0.079 seconds
[2025-02-17T22:28:33.641-0700] {processor.py:157} INFO - Started process (PID=154944) to work on /home/jparep/miniconda3/envs/dbt-env/lib/python3.11/site-packages/airflow/example_dags/example_xcom.py
[2025-02-17T22:28:33.644-0700] {processor.py:829} INFO - Processing file /home/jparep/miniconda3/envs/dbt-env/lib/python3.11/site-packages/airflow/example_dags/example_xcom.py for tasks to queue
[2025-02-17T22:28:33.645-0700] {logging_mixin.py:154} INFO - [2025-02-17T22:28:33.645-0700] {dagbag.py:536} INFO - Filling up the DagBag from /home/jparep/miniconda3/envs/dbt-env/lib/python3.11/site-packages/airflow/example_dags/example_xcom.py
[2025-02-17T22:28:33.657-0700] {processor.py:839} INFO - DAG(s) dict_keys(['example_xcom']) retrieved from /home/jparep/miniconda3/envs/dbt-env/lib/python3.11/site-packages/airflow/example_dags/example_xcom.py
[2025-02-17T22:28:33.681-0700] {logging_mixin.py:154} INFO - [2025-02-17T22:28:33.680-0700] {dag.py:2941} INFO - Sync 1 DAGs
[2025-02-17T22:28:33.712-0700] {logging_mixin.py:154} INFO - [2025-02-17T22:28:33.712-0700] {dag.py:3722} INFO - Setting next_dagrun for example_xcom to 2021-01-01T00:00:00+00:00, run_after=2021-01-01T00:00:00+00:00
[2025-02-17T22:28:33.746-0700] {processor.py:179} INFO - Processing /home/jparep/miniconda3/envs/dbt-env/lib/python3.11/site-packages/airflow/example_dags/example_xcom.py took 0.110 seconds
[2025-02-17T22:29:37.473-0700] {processor.py:157} INFO - Started process (PID=155387) to work on /home/jparep/miniconda3/envs/dbt-env/lib/python3.11/site-packages/airflow/example_dags/example_xcom.py
[2025-02-17T22:29:37.475-0700] {processor.py:829} INFO - Processing file /home/jparep/miniconda3/envs/dbt-env/lib/python3.11/site-packages/airflow/example_dags/example_xcom.py for tasks to queue
[2025-02-17T22:29:37.476-0700] {logging_mixin.py:154} INFO - [2025-02-17T22:29:37.476-0700] {dagbag.py:536} INFO - Filling up the DagBag from /home/jparep/miniconda3/envs/dbt-env/lib/python3.11/site-packages/airflow/example_dags/example_xcom.py
[2025-02-17T22:29:37.487-0700] {processor.py:839} INFO - DAG(s) dict_keys(['example_xcom']) retrieved from /home/jparep/miniconda3/envs/dbt-env/lib/python3.11/site-packages/airflow/example_dags/example_xcom.py
[2025-02-17T22:29:37.512-0700] {logging_mixin.py:154} INFO - [2025-02-17T22:29:37.512-0700] {dag.py:2941} INFO - Sync 1 DAGs
[2025-02-17T22:29:37.537-0700] {logging_mixin.py:154} INFO - [2025-02-17T22:29:37.537-0700] {dag.py:3722} INFO - Setting next_dagrun for example_xcom to 2021-01-01T00:00:00+00:00, run_after=2021-01-01T00:00:00+00:00
[2025-02-17T22:29:37.561-0700] {processor.py:179} INFO - Processing /home/jparep/miniconda3/envs/dbt-env/lib/python3.11/site-packages/airflow/example_dags/example_xcom.py took 0.092 seconds
[2025-02-17T22:30:38.000-0700] {processor.py:157} INFO - Started process (PID=155901) to work on /home/jparep/miniconda3/envs/dbt-env/lib/python3.11/site-packages/airflow/example_dags/example_xcom.py
[2025-02-17T22:30:38.002-0700] {processor.py:829} INFO - Processing file /home/jparep/miniconda3/envs/dbt-env/lib/python3.11/site-packages/airflow/example_dags/example_xcom.py for tasks to queue
[2025-02-17T22:30:38.003-0700] {logging_mixin.py:154} INFO - [2025-02-17T22:30:38.003-0700] {dagbag.py:536} INFO - Filling up the DagBag from /home/jparep/miniconda3/envs/dbt-env/lib/python3.11/site-packages/airflow/example_dags/example_xcom.py
[2025-02-17T22:30:38.011-0700] {processor.py:839} INFO - DAG(s) dict_keys(['example_xcom']) retrieved from /home/jparep/miniconda3/envs/dbt-env/lib/python3.11/site-packages/airflow/example_dags/example_xcom.py
[2025-02-17T22:30:38.029-0700] {logging_mixin.py:154} INFO - [2025-02-17T22:30:38.029-0700] {dag.py:2941} INFO - Sync 1 DAGs
[2025-02-17T22:30:38.045-0700] {logging_mixin.py:154} INFO - [2025-02-17T22:30:38.045-0700] {dag.py:3722} INFO - Setting next_dagrun for example_xcom to 2021-01-01T00:00:00+00:00, run_after=2021-01-01T00:00:00+00:00
[2025-02-17T22:30:38.063-0700] {processor.py:179} INFO - Processing /home/jparep/miniconda3/envs/dbt-env/lib/python3.11/site-packages/airflow/example_dags/example_xcom.py took 0.066 seconds
[2025-02-17T22:31:28.776-0700] {processor.py:157} INFO - Started process (PID=156410) to work on /home/jparep/miniconda3/envs/dbt-env/lib/python3.11/site-packages/airflow/example_dags/example_xcom.py
[2025-02-17T22:31:28.777-0700] {processor.py:829} INFO - Processing file /home/jparep/miniconda3/envs/dbt-env/lib/python3.11/site-packages/airflow/example_dags/example_xcom.py for tasks to queue
[2025-02-17T22:31:28.777-0700] {logging_mixin.py:154} INFO - [2025-02-17T22:31:28.777-0700] {dagbag.py:536} INFO - Filling up the DagBag from /home/jparep/miniconda3/envs/dbt-env/lib/python3.11/site-packages/airflow/example_dags/example_xcom.py
[2025-02-17T22:31:28.784-0700] {processor.py:839} INFO - DAG(s) dict_keys(['example_xcom']) retrieved from /home/jparep/miniconda3/envs/dbt-env/lib/python3.11/site-packages/airflow/example_dags/example_xcom.py
[2025-02-17T22:31:28.798-0700] {logging_mixin.py:154} INFO - [2025-02-17T22:31:28.798-0700] {dag.py:2941} INFO - Sync 1 DAGs
[2025-02-17T22:31:28.813-0700] {logging_mixin.py:154} INFO - [2025-02-17T22:31:28.813-0700] {dag.py:3722} INFO - Setting next_dagrun for example_xcom to 2021-01-01T00:00:00+00:00, run_after=2021-01-01T00:00:00+00:00
[2025-02-17T22:31:28.830-0700] {processor.py:179} INFO - Processing /home/jparep/miniconda3/envs/dbt-env/lib/python3.11/site-packages/airflow/example_dags/example_xcom.py took 0.057 seconds
[2025-02-17T22:32:26.636-0700] {processor.py:157} INFO - Started process (PID=156734) to work on /home/jparep/miniconda3/envs/dbt-env/lib/python3.11/site-packages/airflow/example_dags/example_xcom.py
[2025-02-17T22:32:26.638-0700] {processor.py:829} INFO - Processing file /home/jparep/miniconda3/envs/dbt-env/lib/python3.11/site-packages/airflow/example_dags/example_xcom.py for tasks to queue
[2025-02-17T22:32:26.640-0700] {logging_mixin.py:154} INFO - [2025-02-17T22:32:26.639-0700] {dagbag.py:536} INFO - Filling up the DagBag from /home/jparep/miniconda3/envs/dbt-env/lib/python3.11/site-packages/airflow/example_dags/example_xcom.py
[2025-02-17T22:32:26.650-0700] {processor.py:839} INFO - DAG(s) dict_keys(['example_xcom']) retrieved from /home/jparep/miniconda3/envs/dbt-env/lib/python3.11/site-packages/airflow/example_dags/example_xcom.py
[2025-02-17T22:32:26.675-0700] {logging_mixin.py:154} INFO - [2025-02-17T22:32:26.675-0700] {dag.py:2941} INFO - Sync 1 DAGs
[2025-02-17T22:32:26.699-0700] {logging_mixin.py:154} INFO - [2025-02-17T22:32:26.699-0700] {dag.py:3722} INFO - Setting next_dagrun for example_xcom to 2021-01-01T00:00:00+00:00, run_after=2021-01-01T00:00:00+00:00
[2025-02-17T22:32:26.732-0700] {processor.py:179} INFO - Processing /home/jparep/miniconda3/envs/dbt-env/lib/python3.11/site-packages/airflow/example_dags/example_xcom.py took 0.101 seconds
[2025-02-17T22:33:26.885-0700] {processor.py:157} INFO - Started process (PID=157223) to work on /home/jparep/miniconda3/envs/dbt-env/lib/python3.11/site-packages/airflow/example_dags/example_xcom.py
[2025-02-17T22:33:26.888-0700] {processor.py:829} INFO - Processing file /home/jparep/miniconda3/envs/dbt-env/lib/python3.11/site-packages/airflow/example_dags/example_xcom.py for tasks to queue
[2025-02-17T22:33:26.889-0700] {logging_mixin.py:154} INFO - [2025-02-17T22:33:26.889-0700] {dagbag.py:536} INFO - Filling up the DagBag from /home/jparep/miniconda3/envs/dbt-env/lib/python3.11/site-packages/airflow/example_dags/example_xcom.py
[2025-02-17T22:33:26.902-0700] {processor.py:839} INFO - DAG(s) dict_keys(['example_xcom']) retrieved from /home/jparep/miniconda3/envs/dbt-env/lib/python3.11/site-packages/airflow/example_dags/example_xcom.py
[2025-02-17T22:33:26.929-0700] {logging_mixin.py:154} INFO - [2025-02-17T22:33:26.929-0700] {dag.py:2941} INFO - Sync 1 DAGs
[2025-02-17T22:33:26.953-0700] {logging_mixin.py:154} INFO - [2025-02-17T22:33:26.953-0700] {dag.py:3722} INFO - Setting next_dagrun for example_xcom to 2021-01-01T00:00:00+00:00, run_after=2021-01-01T00:00:00+00:00
[2025-02-17T22:33:26.974-0700] {processor.py:179} INFO - Processing /home/jparep/miniconda3/envs/dbt-env/lib/python3.11/site-packages/airflow/example_dags/example_xcom.py took 0.094 seconds
[2025-02-17T22:34:18.877-0700] {processor.py:157} INFO - Started process (PID=157623) to work on /home/jparep/miniconda3/envs/dbt-env/lib/python3.11/site-packages/airflow/example_dags/example_xcom.py
[2025-02-17T22:34:18.880-0700] {processor.py:829} INFO - Processing file /home/jparep/miniconda3/envs/dbt-env/lib/python3.11/site-packages/airflow/example_dags/example_xcom.py for tasks to queue
[2025-02-17T22:34:18.882-0700] {logging_mixin.py:154} INFO - [2025-02-17T22:34:18.881-0700] {dagbag.py:536} INFO - Filling up the DagBag from /home/jparep/miniconda3/envs/dbt-env/lib/python3.11/site-packages/airflow/example_dags/example_xcom.py
[2025-02-17T22:34:18.895-0700] {processor.py:839} INFO - DAG(s) dict_keys(['example_xcom']) retrieved from /home/jparep/miniconda3/envs/dbt-env/lib/python3.11/site-packages/airflow/example_dags/example_xcom.py
[2025-02-17T22:34:18.921-0700] {logging_mixin.py:154} INFO - [2025-02-17T22:34:18.921-0700] {dag.py:2941} INFO - Sync 1 DAGs
[2025-02-17T22:34:18.949-0700] {logging_mixin.py:154} INFO - [2025-02-17T22:34:18.948-0700] {dag.py:3722} INFO - Setting next_dagrun for example_xcom to 2021-01-01T00:00:00+00:00, run_after=2021-01-01T00:00:00+00:00
[2025-02-17T22:34:18.982-0700] {processor.py:179} INFO - Processing /home/jparep/miniconda3/envs/dbt-env/lib/python3.11/site-packages/airflow/example_dags/example_xcom.py took 0.109 seconds
[2025-02-17T22:35:13.692-0700] {processor.py:157} INFO - Started process (PID=158069) to work on /home/jparep/miniconda3/envs/dbt-env/lib/python3.11/site-packages/airflow/example_dags/example_xcom.py
[2025-02-17T22:35:13.695-0700] {processor.py:829} INFO - Processing file /home/jparep/miniconda3/envs/dbt-env/lib/python3.11/site-packages/airflow/example_dags/example_xcom.py for tasks to queue
[2025-02-17T22:35:13.697-0700] {logging_mixin.py:154} INFO - [2025-02-17T22:35:13.696-0700] {dagbag.py:536} INFO - Filling up the DagBag from /home/jparep/miniconda3/envs/dbt-env/lib/python3.11/site-packages/airflow/example_dags/example_xcom.py
[2025-02-17T22:35:13.708-0700] {processor.py:839} INFO - DAG(s) dict_keys(['example_xcom']) retrieved from /home/jparep/miniconda3/envs/dbt-env/lib/python3.11/site-packages/airflow/example_dags/example_xcom.py
[2025-02-17T22:35:13.729-0700] {logging_mixin.py:154} INFO - [2025-02-17T22:35:13.729-0700] {dag.py:2941} INFO - Sync 1 DAGs
[2025-02-17T22:35:13.746-0700] {logging_mixin.py:154} INFO - [2025-02-17T22:35:13.746-0700] {dag.py:3722} INFO - Setting next_dagrun for example_xcom to 2021-01-01T00:00:00+00:00, run_after=2021-01-01T00:00:00+00:00
[2025-02-17T22:35:13.775-0700] {processor.py:179} INFO - Processing /home/jparep/miniconda3/envs/dbt-env/lib/python3.11/site-packages/airflow/example_dags/example_xcom.py took 0.087 seconds
[2025-02-17T22:36:13.806-0700] {processor.py:157} INFO - Started process (PID=158617) to work on /home/jparep/miniconda3/envs/dbt-env/lib/python3.11/site-packages/airflow/example_dags/example_xcom.py
[2025-02-17T22:36:13.809-0700] {processor.py:829} INFO - Processing file /home/jparep/miniconda3/envs/dbt-env/lib/python3.11/site-packages/airflow/example_dags/example_xcom.py for tasks to queue
[2025-02-17T22:36:13.811-0700] {logging_mixin.py:154} INFO - [2025-02-17T22:36:13.810-0700] {dagbag.py:536} INFO - Filling up the DagBag from /home/jparep/miniconda3/envs/dbt-env/lib/python3.11/site-packages/airflow/example_dags/example_xcom.py
[2025-02-17T22:36:13.823-0700] {processor.py:839} INFO - DAG(s) dict_keys(['example_xcom']) retrieved from /home/jparep/miniconda3/envs/dbt-env/lib/python3.11/site-packages/airflow/example_dags/example_xcom.py
[2025-02-17T22:36:13.847-0700] {logging_mixin.py:154} INFO - [2025-02-17T22:36:13.847-0700] {dag.py:2941} INFO - Sync 1 DAGs
[2025-02-17T22:36:13.871-0700] {logging_mixin.py:154} INFO - [2025-02-17T22:36:13.871-0700] {dag.py:3722} INFO - Setting next_dagrun for example_xcom to 2021-01-01T00:00:00+00:00, run_after=2021-01-01T00:00:00+00:00
[2025-02-17T22:36:13.902-0700] {processor.py:179} INFO - Processing /home/jparep/miniconda3/envs/dbt-env/lib/python3.11/site-packages/airflow/example_dags/example_xcom.py took 0.100 seconds
[2025-02-17T22:37:12.879-0700] {processor.py:157} INFO - Started process (PID=159344) to work on /home/jparep/miniconda3/envs/dbt-env/lib/python3.11/site-packages/airflow/example_dags/example_xcom.py
[2025-02-17T22:37:12.880-0700] {processor.py:829} INFO - Processing file /home/jparep/miniconda3/envs/dbt-env/lib/python3.11/site-packages/airflow/example_dags/example_xcom.py for tasks to queue
[2025-02-17T22:37:12.881-0700] {logging_mixin.py:154} INFO - [2025-02-17T22:37:12.880-0700] {dagbag.py:536} INFO - Filling up the DagBag from /home/jparep/miniconda3/envs/dbt-env/lib/python3.11/site-packages/airflow/example_dags/example_xcom.py
[2025-02-17T22:37:12.895-0700] {processor.py:839} INFO - DAG(s) dict_keys(['example_xcom']) retrieved from /home/jparep/miniconda3/envs/dbt-env/lib/python3.11/site-packages/airflow/example_dags/example_xcom.py
[2025-02-17T22:37:12.924-0700] {logging_mixin.py:154} INFO - [2025-02-17T22:37:12.924-0700] {dag.py:2941} INFO - Sync 1 DAGs
[2025-02-17T22:37:12.946-0700] {logging_mixin.py:154} INFO - [2025-02-17T22:37:12.946-0700] {dag.py:3722} INFO - Setting next_dagrun for example_xcom to 2021-01-01T00:00:00+00:00, run_after=2021-01-01T00:00:00+00:00
[2025-02-17T22:37:12.971-0700] {processor.py:179} INFO - Processing /home/jparep/miniconda3/envs/dbt-env/lib/python3.11/site-packages/airflow/example_dags/example_xcom.py took 0.096 seconds
[2025-02-17T22:38:04.974-0700] {processor.py:157} INFO - Started process (PID=160360) to work on /home/jparep/miniconda3/envs/dbt-env/lib/python3.11/site-packages/airflow/example_dags/example_xcom.py
[2025-02-17T22:38:04.976-0700] {processor.py:829} INFO - Processing file /home/jparep/miniconda3/envs/dbt-env/lib/python3.11/site-packages/airflow/example_dags/example_xcom.py for tasks to queue
[2025-02-17T22:38:04.976-0700] {logging_mixin.py:154} INFO - [2025-02-17T22:38:04.976-0700] {dagbag.py:536} INFO - Filling up the DagBag from /home/jparep/miniconda3/envs/dbt-env/lib/python3.11/site-packages/airflow/example_dags/example_xcom.py
[2025-02-17T22:38:04.983-0700] {processor.py:839} INFO - DAG(s) dict_keys(['example_xcom']) retrieved from /home/jparep/miniconda3/envs/dbt-env/lib/python3.11/site-packages/airflow/example_dags/example_xcom.py
[2025-02-17T22:38:04.996-0700] {logging_mixin.py:154} INFO - [2025-02-17T22:38:04.996-0700] {dag.py:2941} INFO - Sync 1 DAGs
[2025-02-17T22:38:05.013-0700] {logging_mixin.py:154} INFO - [2025-02-17T22:38:05.013-0700] {dag.py:3722} INFO - Setting next_dagrun for example_xcom to 2021-01-01T00:00:00+00:00, run_after=2021-01-01T00:00:00+00:00
[2025-02-17T22:38:05.037-0700] {processor.py:179} INFO - Processing /home/jparep/miniconda3/envs/dbt-env/lib/python3.11/site-packages/airflow/example_dags/example_xcom.py took 0.066 seconds
[2025-02-17T22:38:59.361-0700] {processor.py:157} INFO - Started process (PID=161066) to work on /home/jparep/miniconda3/envs/dbt-env/lib/python3.11/site-packages/airflow/example_dags/example_xcom.py
[2025-02-17T22:38:59.363-0700] {processor.py:829} INFO - Processing file /home/jparep/miniconda3/envs/dbt-env/lib/python3.11/site-packages/airflow/example_dags/example_xcom.py for tasks to queue
[2025-02-17T22:38:59.364-0700] {logging_mixin.py:154} INFO - [2025-02-17T22:38:59.364-0700] {dagbag.py:536} INFO - Filling up the DagBag from /home/jparep/miniconda3/envs/dbt-env/lib/python3.11/site-packages/airflow/example_dags/example_xcom.py
[2025-02-17T22:38:59.372-0700] {processor.py:839} INFO - DAG(s) dict_keys(['example_xcom']) retrieved from /home/jparep/miniconda3/envs/dbt-env/lib/python3.11/site-packages/airflow/example_dags/example_xcom.py
[2025-02-17T22:38:59.389-0700] {logging_mixin.py:154} INFO - [2025-02-17T22:38:59.389-0700] {dag.py:2941} INFO - Sync 1 DAGs
[2025-02-17T22:38:59.405-0700] {logging_mixin.py:154} INFO - [2025-02-17T22:38:59.405-0700] {dag.py:3722} INFO - Setting next_dagrun for example_xcom to 2021-01-01T00:00:00+00:00, run_after=2021-01-01T00:00:00+00:00
[2025-02-17T22:38:59.425-0700] {processor.py:179} INFO - Processing /home/jparep/miniconda3/envs/dbt-env/lib/python3.11/site-packages/airflow/example_dags/example_xcom.py took 0.068 seconds
[2025-02-17T22:39:53.267-0700] {processor.py:157} INFO - Started process (PID=161280) to work on /home/jparep/miniconda3/envs/dbt-env/lib/python3.11/site-packages/airflow/example_dags/example_xcom.py
[2025-02-17T22:39:53.269-0700] {processor.py:829} INFO - Processing file /home/jparep/miniconda3/envs/dbt-env/lib/python3.11/site-packages/airflow/example_dags/example_xcom.py for tasks to queue
[2025-02-17T22:39:53.270-0700] {logging_mixin.py:154} INFO - [2025-02-17T22:39:53.270-0700] {dagbag.py:536} INFO - Filling up the DagBag from /home/jparep/miniconda3/envs/dbt-env/lib/python3.11/site-packages/airflow/example_dags/example_xcom.py
[2025-02-17T22:39:53.278-0700] {processor.py:839} INFO - DAG(s) dict_keys(['example_xcom']) retrieved from /home/jparep/miniconda3/envs/dbt-env/lib/python3.11/site-packages/airflow/example_dags/example_xcom.py
[2025-02-17T22:39:53.293-0700] {logging_mixin.py:154} INFO - [2025-02-17T22:39:53.293-0700] {dag.py:2941} INFO - Sync 1 DAGs
[2025-02-17T22:39:53.307-0700] {logging_mixin.py:154} INFO - [2025-02-17T22:39:53.307-0700] {dag.py:3722} INFO - Setting next_dagrun for example_xcom to 2021-01-01T00:00:00+00:00, run_after=2021-01-01T00:00:00+00:00
[2025-02-17T22:39:53.326-0700] {processor.py:179} INFO - Processing /home/jparep/miniconda3/envs/dbt-env/lib/python3.11/site-packages/airflow/example_dags/example_xcom.py took 0.062 seconds
[2025-02-17T22:40:51.277-0700] {processor.py:157} INFO - Started process (PID=161820) to work on /home/jparep/miniconda3/envs/dbt-env/lib/python3.11/site-packages/airflow/example_dags/example_xcom.py
[2025-02-17T22:40:51.279-0700] {processor.py:829} INFO - Processing file /home/jparep/miniconda3/envs/dbt-env/lib/python3.11/site-packages/airflow/example_dags/example_xcom.py for tasks to queue
[2025-02-17T22:40:51.280-0700] {logging_mixin.py:154} INFO - [2025-02-17T22:40:51.280-0700] {dagbag.py:536} INFO - Filling up the DagBag from /home/jparep/miniconda3/envs/dbt-env/lib/python3.11/site-packages/airflow/example_dags/example_xcom.py
[2025-02-17T22:40:51.288-0700] {processor.py:839} INFO - DAG(s) dict_keys(['example_xcom']) retrieved from /home/jparep/miniconda3/envs/dbt-env/lib/python3.11/site-packages/airflow/example_dags/example_xcom.py
[2025-02-17T22:40:51.303-0700] {logging_mixin.py:154} INFO - [2025-02-17T22:40:51.303-0700] {dag.py:2941} INFO - Sync 1 DAGs
[2025-02-17T22:40:51.321-0700] {logging_mixin.py:154} INFO - [2025-02-17T22:40:51.321-0700] {dag.py:3722} INFO - Setting next_dagrun for example_xcom to 2021-01-01T00:00:00+00:00, run_after=2021-01-01T00:00:00+00:00
[2025-02-17T22:40:51.339-0700] {processor.py:179} INFO - Processing /home/jparep/miniconda3/envs/dbt-env/lib/python3.11/site-packages/airflow/example_dags/example_xcom.py took 0.065 seconds
