[2025-02-17T22:15:53.035-0700] {processor.py:157} INFO - Started process (PID=148455) to work on /home/jparep/miniconda3/envs/dbt-env/lib/python3.11/site-packages/airflow/example_dags/example_short_circuit_operator.py
[2025-02-17T22:15:53.036-0700] {processor.py:829} INFO - Processing file /home/jparep/miniconda3/envs/dbt-env/lib/python3.11/site-packages/airflow/example_dags/example_short_circuit_operator.py for tasks to queue
[2025-02-17T22:15:53.037-0700] {logging_mixin.py:154} INFO - [2025-02-17T22:15:53.037-0700] {dagbag.py:536} INFO - Filling up the DagBag from /home/jparep/miniconda3/envs/dbt-env/lib/python3.11/site-packages/airflow/example_dags/example_short_circuit_operator.py
[2025-02-17T22:15:53.056-0700] {processor.py:839} INFO - DAG(s) dict_keys(['example_short_circuit_operator']) retrieved from /home/jparep/miniconda3/envs/dbt-env/lib/python3.11/site-packages/airflow/example_dags/example_short_circuit_operator.py
[2025-02-17T22:15:53.304-0700] {logging_mixin.py:154} INFO - [2025-02-17T22:15:53.304-0700] {manager.py:499} INFO - Created Permission View: %s
[2025-02-17T22:15:53.322-0700] {logging_mixin.py:154} INFO - [2025-02-17T22:15:53.321-0700] {manager.py:499} INFO - Created Permission View: %s
[2025-02-17T22:15:53.334-0700] {logging_mixin.py:154} INFO - [2025-02-17T22:15:53.334-0700] {manager.py:499} INFO - Created Permission View: %s
[2025-02-17T22:15:53.334-0700] {logging_mixin.py:154} INFO - [2025-02-17T22:15:53.334-0700] {dag.py:2941} INFO - Sync 1 DAGs
[2025-02-17T22:15:53.347-0700] {logging_mixin.py:154} INFO - [2025-02-17T22:15:53.347-0700] {dag.py:2963} INFO - Creating ORM DAG for example_short_circuit_operator
[2025-02-17T22:15:53.357-0700] {logging_mixin.py:154} INFO - [2025-02-17T22:15:53.357-0700] {dag.py:3722} INFO - Setting next_dagrun for example_short_circuit_operator to 2025-02-17T05:15:53.356772+00:00, run_after=2025-02-18T05:15:53.356772+00:00
[2025-02-17T22:15:53.381-0700] {processor.py:179} INFO - Processing /home/jparep/miniconda3/envs/dbt-env/lib/python3.11/site-packages/airflow/example_dags/example_short_circuit_operator.py took 0.350 seconds
[2025-02-17T22:16:50.428-0700] {processor.py:157} INFO - Started process (PID=148828) to work on /home/jparep/miniconda3/envs/dbt-env/lib/python3.11/site-packages/airflow/example_dags/example_short_circuit_operator.py
[2025-02-17T22:16:50.431-0700] {processor.py:829} INFO - Processing file /home/jparep/miniconda3/envs/dbt-env/lib/python3.11/site-packages/airflow/example_dags/example_short_circuit_operator.py for tasks to queue
[2025-02-17T22:16:50.432-0700] {logging_mixin.py:154} INFO - [2025-02-17T22:16:50.432-0700] {dagbag.py:536} INFO - Filling up the DagBag from /home/jparep/miniconda3/envs/dbt-env/lib/python3.11/site-packages/airflow/example_dags/example_short_circuit_operator.py
[2025-02-17T22:16:50.443-0700] {processor.py:839} INFO - DAG(s) dict_keys(['example_short_circuit_operator']) retrieved from /home/jparep/miniconda3/envs/dbt-env/lib/python3.11/site-packages/airflow/example_dags/example_short_circuit_operator.py
[2025-02-17T22:16:50.464-0700] {logging_mixin.py:154} INFO - [2025-02-17T22:16:50.464-0700] {dag.py:2941} INFO - Sync 1 DAGs
[2025-02-17T22:16:50.564-0700] {logging_mixin.py:154} INFO - [2025-02-17T22:16:50.564-0700] {dag.py:3722} INFO - Setting next_dagrun for example_short_circuit_operator to 2025-02-17T05:16:50.563788+00:00, run_after=2025-02-18T05:16:50.563788+00:00
[2025-02-17T22:16:50.582-0700] {processor.py:179} INFO - Processing /home/jparep/miniconda3/envs/dbt-env/lib/python3.11/site-packages/airflow/example_dags/example_short_circuit_operator.py took 0.157 seconds
[2025-02-17T22:17:37.453-0700] {processor.py:157} INFO - Started process (PID=149286) to work on /home/jparep/miniconda3/envs/dbt-env/lib/python3.11/site-packages/airflow/example_dags/example_short_circuit_operator.py
[2025-02-17T22:17:37.455-0700] {processor.py:829} INFO - Processing file /home/jparep/miniconda3/envs/dbt-env/lib/python3.11/site-packages/airflow/example_dags/example_short_circuit_operator.py for tasks to queue
[2025-02-17T22:17:37.456-0700] {logging_mixin.py:154} INFO - [2025-02-17T22:17:37.455-0700] {dagbag.py:536} INFO - Filling up the DagBag from /home/jparep/miniconda3/envs/dbt-env/lib/python3.11/site-packages/airflow/example_dags/example_short_circuit_operator.py
[2025-02-17T22:17:37.462-0700] {processor.py:839} INFO - DAG(s) dict_keys(['example_short_circuit_operator']) retrieved from /home/jparep/miniconda3/envs/dbt-env/lib/python3.11/site-packages/airflow/example_dags/example_short_circuit_operator.py
[2025-02-17T22:17:37.582-0700] {logging_mixin.py:154} INFO - [2025-02-17T22:17:37.581-0700] {dag.py:2941} INFO - Sync 1 DAGs
[2025-02-17T22:17:37.593-0700] {logging_mixin.py:154} INFO - [2025-02-17T22:17:37.593-0700] {dag.py:3722} INFO - Setting next_dagrun for example_short_circuit_operator to 2025-02-17T05:17:37.593223+00:00, run_after=2025-02-18T05:17:37.593223+00:00
[2025-02-17T22:17:37.610-0700] {processor.py:179} INFO - Processing /home/jparep/miniconda3/envs/dbt-env/lib/python3.11/site-packages/airflow/example_dags/example_short_circuit_operator.py took 0.159 seconds
[2025-02-17T22:18:23.499-0700] {processor.py:157} INFO - Started process (PID=149567) to work on /home/jparep/miniconda3/envs/dbt-env/lib/python3.11/site-packages/airflow/example_dags/example_short_circuit_operator.py
[2025-02-17T22:18:23.500-0700] {processor.py:829} INFO - Processing file /home/jparep/miniconda3/envs/dbt-env/lib/python3.11/site-packages/airflow/example_dags/example_short_circuit_operator.py for tasks to queue
[2025-02-17T22:18:23.502-0700] {logging_mixin.py:154} INFO - [2025-02-17T22:18:23.501-0700] {dagbag.py:536} INFO - Filling up the DagBag from /home/jparep/miniconda3/envs/dbt-env/lib/python3.11/site-packages/airflow/example_dags/example_short_circuit_operator.py
[2025-02-17T22:18:23.516-0700] {processor.py:839} INFO - DAG(s) dict_keys(['example_short_circuit_operator']) retrieved from /home/jparep/miniconda3/envs/dbt-env/lib/python3.11/site-packages/airflow/example_dags/example_short_circuit_operator.py
[2025-02-17T22:18:23.534-0700] {logging_mixin.py:154} INFO - [2025-02-17T22:18:23.534-0700] {dag.py:2941} INFO - Sync 1 DAGs
[2025-02-17T22:18:23.560-0700] {logging_mixin.py:154} INFO - [2025-02-17T22:18:23.560-0700] {dag.py:3722} INFO - Setting next_dagrun for example_short_circuit_operator to 2025-02-17T05:18:23.560376+00:00, run_after=2025-02-18T05:18:23.560376+00:00
[2025-02-17T22:18:23.587-0700] {processor.py:179} INFO - Processing /home/jparep/miniconda3/envs/dbt-env/lib/python3.11/site-packages/airflow/example_dags/example_short_circuit_operator.py took 0.091 seconds
[2025-02-17T22:19:09.238-0700] {processor.py:157} INFO - Started process (PID=150041) to work on /home/jparep/miniconda3/envs/dbt-env/lib/python3.11/site-packages/airflow/example_dags/example_short_circuit_operator.py
[2025-02-17T22:19:09.242-0700] {processor.py:829} INFO - Processing file /home/jparep/miniconda3/envs/dbt-env/lib/python3.11/site-packages/airflow/example_dags/example_short_circuit_operator.py for tasks to queue
[2025-02-17T22:19:09.243-0700] {logging_mixin.py:154} INFO - [2025-02-17T22:19:09.242-0700] {dagbag.py:536} INFO - Filling up the DagBag from /home/jparep/miniconda3/envs/dbt-env/lib/python3.11/site-packages/airflow/example_dags/example_short_circuit_operator.py
[2025-02-17T22:19:09.260-0700] {processor.py:839} INFO - DAG(s) dict_keys(['example_short_circuit_operator']) retrieved from /home/jparep/miniconda3/envs/dbt-env/lib/python3.11/site-packages/airflow/example_dags/example_short_circuit_operator.py
[2025-02-17T22:19:09.282-0700] {logging_mixin.py:154} INFO - [2025-02-17T22:19:09.281-0700] {dag.py:2941} INFO - Sync 1 DAGs
[2025-02-17T22:19:09.301-0700] {logging_mixin.py:154} INFO - [2025-02-17T22:19:09.301-0700] {dag.py:3722} INFO - Setting next_dagrun for example_short_circuit_operator to 2025-02-17T05:19:09.301582+00:00, run_after=2025-02-18T05:19:09.301582+00:00
[2025-02-17T22:19:09.317-0700] {processor.py:179} INFO - Processing /home/jparep/miniconda3/envs/dbt-env/lib/python3.11/site-packages/airflow/example_dags/example_short_circuit_operator.py took 0.087 seconds
[2025-02-17T22:19:48.863-0700] {processor.py:157} INFO - Started process (PID=150467) to work on /home/jparep/miniconda3/envs/dbt-env/lib/python3.11/site-packages/airflow/example_dags/example_short_circuit_operator.py
[2025-02-17T22:19:48.866-0700] {processor.py:829} INFO - Processing file /home/jparep/miniconda3/envs/dbt-env/lib/python3.11/site-packages/airflow/example_dags/example_short_circuit_operator.py for tasks to queue
[2025-02-17T22:19:48.868-0700] {logging_mixin.py:154} INFO - [2025-02-17T22:19:48.867-0700] {dagbag.py:536} INFO - Filling up the DagBag from /home/jparep/miniconda3/envs/dbt-env/lib/python3.11/site-packages/airflow/example_dags/example_short_circuit_operator.py
[2025-02-17T22:19:48.881-0700] {processor.py:839} INFO - DAG(s) dict_keys(['example_short_circuit_operator']) retrieved from /home/jparep/miniconda3/envs/dbt-env/lib/python3.11/site-packages/airflow/example_dags/example_short_circuit_operator.py
[2025-02-17T22:19:48.904-0700] {logging_mixin.py:154} INFO - [2025-02-17T22:19:48.904-0700] {dag.py:2941} INFO - Sync 1 DAGs
[2025-02-17T22:19:48.921-0700] {logging_mixin.py:154} INFO - [2025-02-17T22:19:48.921-0700] {dag.py:3722} INFO - Setting next_dagrun for example_short_circuit_operator to 2025-02-17T05:19:48.920952+00:00, run_after=2025-02-18T05:19:48.920952+00:00
[2025-02-17T22:19:48.941-0700] {processor.py:179} INFO - Processing /home/jparep/miniconda3/envs/dbt-env/lib/python3.11/site-packages/airflow/example_dags/example_short_circuit_operator.py took 0.082 seconds
[2025-02-17T22:20:27.643-0700] {processor.py:157} INFO - Started process (PID=150720) to work on /home/jparep/miniconda3/envs/dbt-env/lib/python3.11/site-packages/airflow/example_dags/example_short_circuit_operator.py
[2025-02-17T22:20:27.644-0700] {processor.py:829} INFO - Processing file /home/jparep/miniconda3/envs/dbt-env/lib/python3.11/site-packages/airflow/example_dags/example_short_circuit_operator.py for tasks to queue
[2025-02-17T22:20:27.646-0700] {logging_mixin.py:154} INFO - [2025-02-17T22:20:27.645-0700] {dagbag.py:536} INFO - Filling up the DagBag from /home/jparep/miniconda3/envs/dbt-env/lib/python3.11/site-packages/airflow/example_dags/example_short_circuit_operator.py
[2025-02-17T22:20:27.658-0700] {processor.py:839} INFO - DAG(s) dict_keys(['example_short_circuit_operator']) retrieved from /home/jparep/miniconda3/envs/dbt-env/lib/python3.11/site-packages/airflow/example_dags/example_short_circuit_operator.py
[2025-02-17T22:20:27.680-0700] {logging_mixin.py:154} INFO - [2025-02-17T22:20:27.680-0700] {dag.py:2941} INFO - Sync 1 DAGs
[2025-02-17T22:20:27.703-0700] {logging_mixin.py:154} INFO - [2025-02-17T22:20:27.703-0700] {dag.py:3722} INFO - Setting next_dagrun for example_short_circuit_operator to 2025-02-17T05:20:27.703286+00:00, run_after=2025-02-18T05:20:27.703286+00:00
[2025-02-17T22:20:27.734-0700] {processor.py:179} INFO - Processing /home/jparep/miniconda3/envs/dbt-env/lib/python3.11/site-packages/airflow/example_dags/example_short_circuit_operator.py took 0.096 seconds
[2025-02-17T22:21:09.978-0700] {processor.py:157} INFO - Started process (PID=151149) to work on /home/jparep/miniconda3/envs/dbt-env/lib/python3.11/site-packages/airflow/example_dags/example_short_circuit_operator.py
[2025-02-17T22:21:09.981-0700] {processor.py:829} INFO - Processing file /home/jparep/miniconda3/envs/dbt-env/lib/python3.11/site-packages/airflow/example_dags/example_short_circuit_operator.py for tasks to queue
[2025-02-17T22:21:09.982-0700] {logging_mixin.py:154} INFO - [2025-02-17T22:21:09.982-0700] {dagbag.py:536} INFO - Filling up the DagBag from /home/jparep/miniconda3/envs/dbt-env/lib/python3.11/site-packages/airflow/example_dags/example_short_circuit_operator.py
[2025-02-17T22:21:09.996-0700] {processor.py:839} INFO - DAG(s) dict_keys(['example_short_circuit_operator']) retrieved from /home/jparep/miniconda3/envs/dbt-env/lib/python3.11/site-packages/airflow/example_dags/example_short_circuit_operator.py
[2025-02-17T22:21:10.019-0700] {logging_mixin.py:154} INFO - [2025-02-17T22:21:10.018-0700] {dag.py:2941} INFO - Sync 1 DAGs
[2025-02-17T22:21:10.040-0700] {logging_mixin.py:154} INFO - [2025-02-17T22:21:10.040-0700] {dag.py:3722} INFO - Setting next_dagrun for example_short_circuit_operator to 2025-02-17T05:21:10.040250+00:00, run_after=2025-02-18T05:21:10.040250+00:00
[2025-02-17T22:21:10.069-0700] {processor.py:179} INFO - Processing /home/jparep/miniconda3/envs/dbt-env/lib/python3.11/site-packages/airflow/example_dags/example_short_circuit_operator.py took 0.096 seconds
[2025-02-17T22:21:59.673-0700] {processor.py:157} INFO - Started process (PID=151605) to work on /home/jparep/miniconda3/envs/dbt-env/lib/python3.11/site-packages/airflow/example_dags/example_short_circuit_operator.py
[2025-02-17T22:21:59.676-0700] {processor.py:829} INFO - Processing file /home/jparep/miniconda3/envs/dbt-env/lib/python3.11/site-packages/airflow/example_dags/example_short_circuit_operator.py for tasks to queue
[2025-02-17T22:21:59.677-0700] {logging_mixin.py:154} INFO - [2025-02-17T22:21:59.676-0700] {dagbag.py:536} INFO - Filling up the DagBag from /home/jparep/miniconda3/envs/dbt-env/lib/python3.11/site-packages/airflow/example_dags/example_short_circuit_operator.py
[2025-02-17T22:21:59.689-0700] {processor.py:839} INFO - DAG(s) dict_keys(['example_short_circuit_operator']) retrieved from /home/jparep/miniconda3/envs/dbt-env/lib/python3.11/site-packages/airflow/example_dags/example_short_circuit_operator.py
[2025-02-17T22:21:59.713-0700] {logging_mixin.py:154} INFO - [2025-02-17T22:21:59.713-0700] {dag.py:2941} INFO - Sync 1 DAGs
[2025-02-17T22:21:59.734-0700] {logging_mixin.py:154} INFO - [2025-02-17T22:21:59.734-0700] {dag.py:3722} INFO - Setting next_dagrun for example_short_circuit_operator to 2025-02-17T05:21:59.733950+00:00, run_after=2025-02-18T05:21:59.733950+00:00
[2025-02-17T22:21:59.757-0700] {processor.py:179} INFO - Processing /home/jparep/miniconda3/envs/dbt-env/lib/python3.11/site-packages/airflow/example_dags/example_short_circuit_operator.py took 0.088 seconds
[2025-02-17T22:22:34.691-0700] {processor.py:157} INFO - Started process (PID=151742) to work on /home/jparep/miniconda3/envs/dbt-env/lib/python3.11/site-packages/airflow/example_dags/example_short_circuit_operator.py
[2025-02-17T22:22:34.694-0700] {processor.py:829} INFO - Processing file /home/jparep/miniconda3/envs/dbt-env/lib/python3.11/site-packages/airflow/example_dags/example_short_circuit_operator.py for tasks to queue
[2025-02-17T22:22:34.695-0700] {logging_mixin.py:154} INFO - [2025-02-17T22:22:34.695-0700] {dagbag.py:536} INFO - Filling up the DagBag from /home/jparep/miniconda3/envs/dbt-env/lib/python3.11/site-packages/airflow/example_dags/example_short_circuit_operator.py
[2025-02-17T22:22:34.709-0700] {processor.py:839} INFO - DAG(s) dict_keys(['example_short_circuit_operator']) retrieved from /home/jparep/miniconda3/envs/dbt-env/lib/python3.11/site-packages/airflow/example_dags/example_short_circuit_operator.py
[2025-02-17T22:22:34.734-0700] {logging_mixin.py:154} INFO - [2025-02-17T22:22:34.734-0700] {dag.py:2941} INFO - Sync 1 DAGs
[2025-02-17T22:22:34.761-0700] {logging_mixin.py:154} INFO - [2025-02-17T22:22:34.761-0700] {dag.py:3722} INFO - Setting next_dagrun for example_short_circuit_operator to 2025-02-17T05:22:34.760652+00:00, run_after=2025-02-18T05:22:34.760652+00:00
[2025-02-17T22:22:34.790-0700] {processor.py:179} INFO - Processing /home/jparep/miniconda3/envs/dbt-env/lib/python3.11/site-packages/airflow/example_dags/example_short_circuit_operator.py took 0.103 seconds
[2025-02-17T22:23:12.796-0700] {processor.py:157} INFO - Started process (PID=152088) to work on /home/jparep/miniconda3/envs/dbt-env/lib/python3.11/site-packages/airflow/example_dags/example_short_circuit_operator.py
[2025-02-17T22:23:12.799-0700] {processor.py:829} INFO - Processing file /home/jparep/miniconda3/envs/dbt-env/lib/python3.11/site-packages/airflow/example_dags/example_short_circuit_operator.py for tasks to queue
[2025-02-17T22:23:12.800-0700] {logging_mixin.py:154} INFO - [2025-02-17T22:23:12.799-0700] {dagbag.py:536} INFO - Filling up the DagBag from /home/jparep/miniconda3/envs/dbt-env/lib/python3.11/site-packages/airflow/example_dags/example_short_circuit_operator.py
[2025-02-17T22:23:12.814-0700] {processor.py:839} INFO - DAG(s) dict_keys(['example_short_circuit_operator']) retrieved from /home/jparep/miniconda3/envs/dbt-env/lib/python3.11/site-packages/airflow/example_dags/example_short_circuit_operator.py
[2025-02-17T22:23:12.839-0700] {logging_mixin.py:154} INFO - [2025-02-17T22:23:12.839-0700] {dag.py:2941} INFO - Sync 1 DAGs
[2025-02-17T22:23:12.861-0700] {logging_mixin.py:154} INFO - [2025-02-17T22:23:12.861-0700] {dag.py:3722} INFO - Setting next_dagrun for example_short_circuit_operator to 2025-02-17T05:23:12.860966+00:00, run_after=2025-02-18T05:23:12.860966+00:00
[2025-02-17T22:23:12.881-0700] {processor.py:179} INFO - Processing /home/jparep/miniconda3/envs/dbt-env/lib/python3.11/site-packages/airflow/example_dags/example_short_circuit_operator.py took 0.089 seconds
[2025-02-17T22:24:07.069-0700] {processor.py:157} INFO - Started process (PID=152600) to work on /home/jparep/miniconda3/envs/dbt-env/lib/python3.11/site-packages/airflow/example_dags/example_short_circuit_operator.py
[2025-02-17T22:24:07.071-0700] {processor.py:829} INFO - Processing file /home/jparep/miniconda3/envs/dbt-env/lib/python3.11/site-packages/airflow/example_dags/example_short_circuit_operator.py for tasks to queue
[2025-02-17T22:24:07.072-0700] {logging_mixin.py:154} INFO - [2025-02-17T22:24:07.072-0700] {dagbag.py:536} INFO - Filling up the DagBag from /home/jparep/miniconda3/envs/dbt-env/lib/python3.11/site-packages/airflow/example_dags/example_short_circuit_operator.py
[2025-02-17T22:24:07.081-0700] {processor.py:839} INFO - DAG(s) dict_keys(['example_short_circuit_operator']) retrieved from /home/jparep/miniconda3/envs/dbt-env/lib/python3.11/site-packages/airflow/example_dags/example_short_circuit_operator.py
[2025-02-17T22:24:07.098-0700] {logging_mixin.py:154} INFO - [2025-02-17T22:24:07.097-0700] {dag.py:2941} INFO - Sync 1 DAGs
[2025-02-17T22:24:07.114-0700] {logging_mixin.py:154} INFO - [2025-02-17T22:24:07.114-0700] {dag.py:3722} INFO - Setting next_dagrun for example_short_circuit_operator to 2025-02-17T05:24:07.113874+00:00, run_after=2025-02-18T05:24:07.113874+00:00
[2025-02-17T22:24:07.134-0700] {processor.py:179} INFO - Processing /home/jparep/miniconda3/envs/dbt-env/lib/python3.11/site-packages/airflow/example_dags/example_short_circuit_operator.py took 0.068 seconds
[2025-02-17T22:24:41.759-0700] {processor.py:157} INFO - Started process (PID=152828) to work on /home/jparep/miniconda3/envs/dbt-env/lib/python3.11/site-packages/airflow/example_dags/example_short_circuit_operator.py
[2025-02-17T22:24:41.761-0700] {processor.py:829} INFO - Processing file /home/jparep/miniconda3/envs/dbt-env/lib/python3.11/site-packages/airflow/example_dags/example_short_circuit_operator.py for tasks to queue
[2025-02-17T22:24:41.762-0700] {logging_mixin.py:154} INFO - [2025-02-17T22:24:41.761-0700] {dagbag.py:536} INFO - Filling up the DagBag from /home/jparep/miniconda3/envs/dbt-env/lib/python3.11/site-packages/airflow/example_dags/example_short_circuit_operator.py
[2025-02-17T22:24:41.776-0700] {processor.py:839} INFO - DAG(s) dict_keys(['example_short_circuit_operator']) retrieved from /home/jparep/miniconda3/envs/dbt-env/lib/python3.11/site-packages/airflow/example_dags/example_short_circuit_operator.py
[2025-02-17T22:24:41.800-0700] {logging_mixin.py:154} INFO - [2025-02-17T22:24:41.800-0700] {dag.py:2941} INFO - Sync 1 DAGs
[2025-02-17T22:24:41.823-0700] {logging_mixin.py:154} INFO - [2025-02-17T22:24:41.823-0700] {dag.py:3722} INFO - Setting next_dagrun for example_short_circuit_operator to 2025-02-17T05:24:41.822822+00:00, run_after=2025-02-18T05:24:41.822822+00:00
[2025-02-17T22:24:41.851-0700] {processor.py:179} INFO - Processing /home/jparep/miniconda3/envs/dbt-env/lib/python3.11/site-packages/airflow/example_dags/example_short_circuit_operator.py took 0.096 seconds
[2025-02-17T22:25:20.186-0700] {processor.py:157} INFO - Started process (PID=153250) to work on /home/jparep/miniconda3/envs/dbt-env/lib/python3.11/site-packages/airflow/example_dags/example_short_circuit_operator.py
[2025-02-17T22:25:20.189-0700] {processor.py:829} INFO - Processing file /home/jparep/miniconda3/envs/dbt-env/lib/python3.11/site-packages/airflow/example_dags/example_short_circuit_operator.py for tasks to queue
[2025-02-17T22:25:20.190-0700] {logging_mixin.py:154} INFO - [2025-02-17T22:25:20.190-0700] {dagbag.py:536} INFO - Filling up the DagBag from /home/jparep/miniconda3/envs/dbt-env/lib/python3.11/site-packages/airflow/example_dags/example_short_circuit_operator.py
[2025-02-17T22:25:20.203-0700] {processor.py:839} INFO - DAG(s) dict_keys(['example_short_circuit_operator']) retrieved from /home/jparep/miniconda3/envs/dbt-env/lib/python3.11/site-packages/airflow/example_dags/example_short_circuit_operator.py
[2025-02-17T22:25:20.224-0700] {logging_mixin.py:154} INFO - [2025-02-17T22:25:20.224-0700] {dag.py:2941} INFO - Sync 1 DAGs
[2025-02-17T22:25:20.240-0700] {logging_mixin.py:154} INFO - [2025-02-17T22:25:20.240-0700] {dag.py:3722} INFO - Setting next_dagrun for example_short_circuit_operator to 2025-02-17T05:25:20.240335+00:00, run_after=2025-02-18T05:25:20.240335+00:00
[2025-02-17T22:25:20.262-0700] {processor.py:179} INFO - Processing /home/jparep/miniconda3/envs/dbt-env/lib/python3.11/site-packages/airflow/example_dags/example_short_circuit_operator.py took 0.079 seconds
[2025-02-17T22:26:03.369-0700] {processor.py:157} INFO - Started process (PID=153697) to work on /home/jparep/miniconda3/envs/dbt-env/lib/python3.11/site-packages/airflow/example_dags/example_short_circuit_operator.py
[2025-02-17T22:26:03.372-0700] {processor.py:829} INFO - Processing file /home/jparep/miniconda3/envs/dbt-env/lib/python3.11/site-packages/airflow/example_dags/example_short_circuit_operator.py for tasks to queue
[2025-02-17T22:26:03.373-0700] {logging_mixin.py:154} INFO - [2025-02-17T22:26:03.372-0700] {dagbag.py:536} INFO - Filling up the DagBag from /home/jparep/miniconda3/envs/dbt-env/lib/python3.11/site-packages/airflow/example_dags/example_short_circuit_operator.py
[2025-02-17T22:26:03.386-0700] {processor.py:839} INFO - DAG(s) dict_keys(['example_short_circuit_operator']) retrieved from /home/jparep/miniconda3/envs/dbt-env/lib/python3.11/site-packages/airflow/example_dags/example_short_circuit_operator.py
[2025-02-17T22:26:03.409-0700] {logging_mixin.py:154} INFO - [2025-02-17T22:26:03.409-0700] {dag.py:2941} INFO - Sync 1 DAGs
[2025-02-17T22:26:03.426-0700] {logging_mixin.py:154} INFO - [2025-02-17T22:26:03.425-0700] {dag.py:3722} INFO - Setting next_dagrun for example_short_circuit_operator to 2025-02-17T05:26:03.425597+00:00, run_after=2025-02-18T05:26:03.425597+00:00
[2025-02-17T22:26:03.446-0700] {processor.py:179} INFO - Processing /home/jparep/miniconda3/envs/dbt-env/lib/python3.11/site-packages/airflow/example_dags/example_short_circuit_operator.py took 0.081 seconds
[2025-02-17T22:26:51.352-0700] {processor.py:157} INFO - Started process (PID=154017) to work on /home/jparep/miniconda3/envs/dbt-env/lib/python3.11/site-packages/airflow/example_dags/example_short_circuit_operator.py
[2025-02-17T22:26:51.355-0700] {processor.py:829} INFO - Processing file /home/jparep/miniconda3/envs/dbt-env/lib/python3.11/site-packages/airflow/example_dags/example_short_circuit_operator.py for tasks to queue
[2025-02-17T22:26:51.356-0700] {logging_mixin.py:154} INFO - [2025-02-17T22:26:51.356-0700] {dagbag.py:536} INFO - Filling up the DagBag from /home/jparep/miniconda3/envs/dbt-env/lib/python3.11/site-packages/airflow/example_dags/example_short_circuit_operator.py
[2025-02-17T22:26:51.369-0700] {processor.py:839} INFO - DAG(s) dict_keys(['example_short_circuit_operator']) retrieved from /home/jparep/miniconda3/envs/dbt-env/lib/python3.11/site-packages/airflow/example_dags/example_short_circuit_operator.py
[2025-02-17T22:26:51.390-0700] {logging_mixin.py:154} INFO - [2025-02-17T22:26:51.390-0700] {dag.py:2941} INFO - Sync 1 DAGs
[2025-02-17T22:26:51.406-0700] {logging_mixin.py:154} INFO - [2025-02-17T22:26:51.406-0700] {dag.py:3722} INFO - Setting next_dagrun for example_short_circuit_operator to 2025-02-17T05:26:51.406207+00:00, run_after=2025-02-18T05:26:51.406207+00:00
[2025-02-17T22:26:51.428-0700] {processor.py:179} INFO - Processing /home/jparep/miniconda3/envs/dbt-env/lib/python3.11/site-packages/airflow/example_dags/example_short_circuit_operator.py took 0.081 seconds
[2025-02-17T22:27:30.736-0700] {processor.py:157} INFO - Started process (PID=154422) to work on /home/jparep/miniconda3/envs/dbt-env/lib/python3.11/site-packages/airflow/example_dags/example_short_circuit_operator.py
[2025-02-17T22:27:30.739-0700] {processor.py:829} INFO - Processing file /home/jparep/miniconda3/envs/dbt-env/lib/python3.11/site-packages/airflow/example_dags/example_short_circuit_operator.py for tasks to queue
[2025-02-17T22:27:30.741-0700] {logging_mixin.py:154} INFO - [2025-02-17T22:27:30.740-0700] {dagbag.py:536} INFO - Filling up the DagBag from /home/jparep/miniconda3/envs/dbt-env/lib/python3.11/site-packages/airflow/example_dags/example_short_circuit_operator.py
[2025-02-17T22:27:30.754-0700] {processor.py:839} INFO - DAG(s) dict_keys(['example_short_circuit_operator']) retrieved from /home/jparep/miniconda3/envs/dbt-env/lib/python3.11/site-packages/airflow/example_dags/example_short_circuit_operator.py
[2025-02-17T22:27:30.777-0700] {logging_mixin.py:154} INFO - [2025-02-17T22:27:30.776-0700] {dag.py:2941} INFO - Sync 1 DAGs
[2025-02-17T22:27:30.800-0700] {logging_mixin.py:154} INFO - [2025-02-17T22:27:30.800-0700] {dag.py:3722} INFO - Setting next_dagrun for example_short_circuit_operator to 2025-02-17T05:27:30.799844+00:00, run_after=2025-02-18T05:27:30.799844+00:00
[2025-02-17T22:27:30.831-0700] {processor.py:179} INFO - Processing /home/jparep/miniconda3/envs/dbt-env/lib/python3.11/site-packages/airflow/example_dags/example_short_circuit_operator.py took 0.099 seconds
[2025-02-17T22:28:08.124-0700] {processor.py:157} INFO - Started process (PID=154662) to work on /home/jparep/miniconda3/envs/dbt-env/lib/python3.11/site-packages/airflow/example_dags/example_short_circuit_operator.py
[2025-02-17T22:28:08.127-0700] {processor.py:829} INFO - Processing file /home/jparep/miniconda3/envs/dbt-env/lib/python3.11/site-packages/airflow/example_dags/example_short_circuit_operator.py for tasks to queue
[2025-02-17T22:28:08.128-0700] {logging_mixin.py:154} INFO - [2025-02-17T22:28:08.128-0700] {dagbag.py:536} INFO - Filling up the DagBag from /home/jparep/miniconda3/envs/dbt-env/lib/python3.11/site-packages/airflow/example_dags/example_short_circuit_operator.py
[2025-02-17T22:28:08.141-0700] {processor.py:839} INFO - DAG(s) dict_keys(['example_short_circuit_operator']) retrieved from /home/jparep/miniconda3/envs/dbt-env/lib/python3.11/site-packages/airflow/example_dags/example_short_circuit_operator.py
[2025-02-17T22:28:08.164-0700] {logging_mixin.py:154} INFO - [2025-02-17T22:28:08.163-0700] {dag.py:2941} INFO - Sync 1 DAGs
[2025-02-17T22:28:08.186-0700] {logging_mixin.py:154} INFO - [2025-02-17T22:28:08.185-0700] {dag.py:3722} INFO - Setting next_dagrun for example_short_circuit_operator to 2025-02-17T05:28:08.185689+00:00, run_after=2025-02-18T05:28:08.185689+00:00
[2025-02-17T22:28:08.215-0700] {processor.py:179} INFO - Processing /home/jparep/miniconda3/envs/dbt-env/lib/python3.11/site-packages/airflow/example_dags/example_short_circuit_operator.py took 0.095 seconds
[2025-02-17T22:28:44.989-0700] {processor.py:157} INFO - Started process (PID=154980) to work on /home/jparep/miniconda3/envs/dbt-env/lib/python3.11/site-packages/airflow/example_dags/example_short_circuit_operator.py
[2025-02-17T22:28:44.992-0700] {processor.py:829} INFO - Processing file /home/jparep/miniconda3/envs/dbt-env/lib/python3.11/site-packages/airflow/example_dags/example_short_circuit_operator.py for tasks to queue
[2025-02-17T22:28:44.993-0700] {logging_mixin.py:154} INFO - [2025-02-17T22:28:44.992-0700] {dagbag.py:536} INFO - Filling up the DagBag from /home/jparep/miniconda3/envs/dbt-env/lib/python3.11/site-packages/airflow/example_dags/example_short_circuit_operator.py
[2025-02-17T22:28:45.005-0700] {processor.py:839} INFO - DAG(s) dict_keys(['example_short_circuit_operator']) retrieved from /home/jparep/miniconda3/envs/dbt-env/lib/python3.11/site-packages/airflow/example_dags/example_short_circuit_operator.py
[2025-02-17T22:28:45.028-0700] {logging_mixin.py:154} INFO - [2025-02-17T22:28:45.028-0700] {dag.py:2941} INFO - Sync 1 DAGs
[2025-02-17T22:28:45.055-0700] {logging_mixin.py:154} INFO - [2025-02-17T22:28:45.055-0700] {dag.py:3722} INFO - Setting next_dagrun for example_short_circuit_operator to 2025-02-17T05:28:45.055056+00:00, run_after=2025-02-18T05:28:45.055056+00:00
[2025-02-17T22:28:45.089-0700] {processor.py:179} INFO - Processing /home/jparep/miniconda3/envs/dbt-env/lib/python3.11/site-packages/airflow/example_dags/example_short_circuit_operator.py took 0.104 seconds
[2025-02-17T22:29:26.023-0700] {processor.py:157} INFO - Started process (PID=155323) to work on /home/jparep/miniconda3/envs/dbt-env/lib/python3.11/site-packages/airflow/example_dags/example_short_circuit_operator.py
[2025-02-17T22:29:26.025-0700] {processor.py:829} INFO - Processing file /home/jparep/miniconda3/envs/dbt-env/lib/python3.11/site-packages/airflow/example_dags/example_short_circuit_operator.py for tasks to queue
[2025-02-17T22:29:26.026-0700] {logging_mixin.py:154} INFO - [2025-02-17T22:29:26.026-0700] {dagbag.py:536} INFO - Filling up the DagBag from /home/jparep/miniconda3/envs/dbt-env/lib/python3.11/site-packages/airflow/example_dags/example_short_circuit_operator.py
[2025-02-17T22:29:26.038-0700] {processor.py:839} INFO - DAG(s) dict_keys(['example_short_circuit_operator']) retrieved from /home/jparep/miniconda3/envs/dbt-env/lib/python3.11/site-packages/airflow/example_dags/example_short_circuit_operator.py
[2025-02-17T22:29:26.055-0700] {logging_mixin.py:154} INFO - [2025-02-17T22:29:26.055-0700] {dag.py:2941} INFO - Sync 1 DAGs
[2025-02-17T22:29:26.071-0700] {logging_mixin.py:154} INFO - [2025-02-17T22:29:26.071-0700] {dag.py:3722} INFO - Setting next_dagrun for example_short_circuit_operator to 2025-02-17T05:29:26.071602+00:00, run_after=2025-02-18T05:29:26.071602+00:00
[2025-02-17T22:29:26.093-0700] {processor.py:179} INFO - Processing /home/jparep/miniconda3/envs/dbt-env/lib/python3.11/site-packages/airflow/example_dags/example_short_circuit_operator.py took 0.076 seconds
[2025-02-17T22:30:08.041-0700] {processor.py:157} INFO - Started process (PID=155519) to work on /home/jparep/miniconda3/envs/dbt-env/lib/python3.11/site-packages/airflow/example_dags/example_short_circuit_operator.py
[2025-02-17T22:30:08.043-0700] {processor.py:829} INFO - Processing file /home/jparep/miniconda3/envs/dbt-env/lib/python3.11/site-packages/airflow/example_dags/example_short_circuit_operator.py for tasks to queue
[2025-02-17T22:30:08.044-0700] {logging_mixin.py:154} INFO - [2025-02-17T22:30:08.044-0700] {dagbag.py:536} INFO - Filling up the DagBag from /home/jparep/miniconda3/envs/dbt-env/lib/python3.11/site-packages/airflow/example_dags/example_short_circuit_operator.py
[2025-02-17T22:30:08.057-0700] {processor.py:839} INFO - DAG(s) dict_keys(['example_short_circuit_operator']) retrieved from /home/jparep/miniconda3/envs/dbt-env/lib/python3.11/site-packages/airflow/example_dags/example_short_circuit_operator.py
[2025-02-17T22:30:08.082-0700] {logging_mixin.py:154} INFO - [2025-02-17T22:30:08.082-0700] {dag.py:2941} INFO - Sync 1 DAGs
[2025-02-17T22:30:08.104-0700] {logging_mixin.py:154} INFO - [2025-02-17T22:30:08.104-0700] {dag.py:3722} INFO - Setting next_dagrun for example_short_circuit_operator to 2025-02-17T05:30:08.103957+00:00, run_after=2025-02-18T05:30:08.103957+00:00
[2025-02-17T22:30:08.126-0700] {processor.py:179} INFO - Processing /home/jparep/miniconda3/envs/dbt-env/lib/python3.11/site-packages/airflow/example_dags/example_short_circuit_operator.py took 0.090 seconds
[2025-02-17T22:30:45.536-0700] {processor.py:157} INFO - Started process (PID=155953) to work on /home/jparep/miniconda3/envs/dbt-env/lib/python3.11/site-packages/airflow/example_dags/example_short_circuit_operator.py
[2025-02-17T22:30:45.539-0700] {processor.py:829} INFO - Processing file /home/jparep/miniconda3/envs/dbt-env/lib/python3.11/site-packages/airflow/example_dags/example_short_circuit_operator.py for tasks to queue
[2025-02-17T22:30:45.540-0700] {logging_mixin.py:154} INFO - [2025-02-17T22:30:45.539-0700] {dagbag.py:536} INFO - Filling up the DagBag from /home/jparep/miniconda3/envs/dbt-env/lib/python3.11/site-packages/airflow/example_dags/example_short_circuit_operator.py
[2025-02-17T22:30:45.554-0700] {processor.py:839} INFO - DAG(s) dict_keys(['example_short_circuit_operator']) retrieved from /home/jparep/miniconda3/envs/dbt-env/lib/python3.11/site-packages/airflow/example_dags/example_short_circuit_operator.py
[2025-02-17T22:30:45.580-0700] {logging_mixin.py:154} INFO - [2025-02-17T22:30:45.580-0700] {dag.py:2941} INFO - Sync 1 DAGs
[2025-02-17T22:30:45.606-0700] {logging_mixin.py:154} INFO - [2025-02-17T22:30:45.605-0700] {dag.py:3722} INFO - Setting next_dagrun for example_short_circuit_operator to 2025-02-17T05:30:45.605480+00:00, run_after=2025-02-18T05:30:45.605480+00:00
[2025-02-17T22:30:45.635-0700] {processor.py:179} INFO - Processing /home/jparep/miniconda3/envs/dbt-env/lib/python3.11/site-packages/airflow/example_dags/example_short_circuit_operator.py took 0.104 seconds
[2025-02-17T22:31:40.930-0700] {processor.py:157} INFO - Started process (PID=156502) to work on /home/jparep/miniconda3/envs/dbt-env/lib/python3.11/site-packages/airflow/example_dags/example_short_circuit_operator.py
[2025-02-17T22:31:40.933-0700] {processor.py:829} INFO - Processing file /home/jparep/miniconda3/envs/dbt-env/lib/python3.11/site-packages/airflow/example_dags/example_short_circuit_operator.py for tasks to queue
[2025-02-17T22:31:40.934-0700] {logging_mixin.py:154} INFO - [2025-02-17T22:31:40.934-0700] {dagbag.py:536} INFO - Filling up the DagBag from /home/jparep/miniconda3/envs/dbt-env/lib/python3.11/site-packages/airflow/example_dags/example_short_circuit_operator.py
[2025-02-17T22:31:40.952-0700] {processor.py:839} INFO - DAG(s) dict_keys(['example_short_circuit_operator']) retrieved from /home/jparep/miniconda3/envs/dbt-env/lib/python3.11/site-packages/airflow/example_dags/example_short_circuit_operator.py
[2025-02-17T22:31:40.980-0700] {logging_mixin.py:154} INFO - [2025-02-17T22:31:40.980-0700] {dag.py:2941} INFO - Sync 1 DAGs
[2025-02-17T22:31:40.999-0700] {logging_mixin.py:154} INFO - [2025-02-17T22:31:40.998-0700] {dag.py:3722} INFO - Setting next_dagrun for example_short_circuit_operator to 2025-02-17T05:31:40.998743+00:00, run_after=2025-02-18T05:31:40.998743+00:00
[2025-02-17T22:31:41.023-0700] {processor.py:179} INFO - Processing /home/jparep/miniconda3/envs/dbt-env/lib/python3.11/site-packages/airflow/example_dags/example_short_circuit_operator.py took 0.099 seconds
[2025-02-17T22:32:18.998-0700] {processor.py:157} INFO - Started process (PID=156702) to work on /home/jparep/miniconda3/envs/dbt-env/lib/python3.11/site-packages/airflow/example_dags/example_short_circuit_operator.py
[2025-02-17T22:32:19.001-0700] {processor.py:829} INFO - Processing file /home/jparep/miniconda3/envs/dbt-env/lib/python3.11/site-packages/airflow/example_dags/example_short_circuit_operator.py for tasks to queue
[2025-02-17T22:32:19.002-0700] {logging_mixin.py:154} INFO - [2025-02-17T22:32:19.001-0700] {dagbag.py:536} INFO - Filling up the DagBag from /home/jparep/miniconda3/envs/dbt-env/lib/python3.11/site-packages/airflow/example_dags/example_short_circuit_operator.py
[2025-02-17T22:32:19.014-0700] {processor.py:839} INFO - DAG(s) dict_keys(['example_short_circuit_operator']) retrieved from /home/jparep/miniconda3/envs/dbt-env/lib/python3.11/site-packages/airflow/example_dags/example_short_circuit_operator.py
[2025-02-17T22:32:19.035-0700] {logging_mixin.py:154} INFO - [2025-02-17T22:32:19.035-0700] {dag.py:2941} INFO - Sync 1 DAGs
[2025-02-17T22:32:19.058-0700] {logging_mixin.py:154} INFO - [2025-02-17T22:32:19.058-0700] {dag.py:3722} INFO - Setting next_dagrun for example_short_circuit_operator to 2025-02-17T05:32:19.058329+00:00, run_after=2025-02-18T05:32:19.058329+00:00
[2025-02-17T22:32:19.085-0700] {processor.py:179} INFO - Processing /home/jparep/miniconda3/envs/dbt-env/lib/python3.11/site-packages/airflow/example_dags/example_short_circuit_operator.py took 0.091 seconds
[2025-02-17T22:32:56.896-0700] {processor.py:157} INFO - Started process (PID=157017) to work on /home/jparep/miniconda3/envs/dbt-env/lib/python3.11/site-packages/airflow/example_dags/example_short_circuit_operator.py
[2025-02-17T22:32:56.898-0700] {processor.py:829} INFO - Processing file /home/jparep/miniconda3/envs/dbt-env/lib/python3.11/site-packages/airflow/example_dags/example_short_circuit_operator.py for tasks to queue
[2025-02-17T22:32:56.899-0700] {logging_mixin.py:154} INFO - [2025-02-17T22:32:56.899-0700] {dagbag.py:536} INFO - Filling up the DagBag from /home/jparep/miniconda3/envs/dbt-env/lib/python3.11/site-packages/airflow/example_dags/example_short_circuit_operator.py
[2025-02-17T22:32:56.911-0700] {processor.py:839} INFO - DAG(s) dict_keys(['example_short_circuit_operator']) retrieved from /home/jparep/miniconda3/envs/dbt-env/lib/python3.11/site-packages/airflow/example_dags/example_short_circuit_operator.py
[2025-02-17T22:32:56.933-0700] {logging_mixin.py:154} INFO - [2025-02-17T22:32:56.933-0700] {dag.py:2941} INFO - Sync 1 DAGs
[2025-02-17T22:32:56.950-0700] {logging_mixin.py:154} INFO - [2025-02-17T22:32:56.950-0700] {dag.py:3722} INFO - Setting next_dagrun for example_short_circuit_operator to 2025-02-17T05:32:56.950580+00:00, run_after=2025-02-18T05:32:56.950580+00:00
[2025-02-17T22:32:56.976-0700] {processor.py:179} INFO - Processing /home/jparep/miniconda3/envs/dbt-env/lib/python3.11/site-packages/airflow/example_dags/example_short_circuit_operator.py took 0.083 seconds
[2025-02-17T22:33:37.595-0700] {processor.py:157} INFO - Started process (PID=157463) to work on /home/jparep/miniconda3/envs/dbt-env/lib/python3.11/site-packages/airflow/example_dags/example_short_circuit_operator.py
[2025-02-17T22:33:37.599-0700] {processor.py:829} INFO - Processing file /home/jparep/miniconda3/envs/dbt-env/lib/python3.11/site-packages/airflow/example_dags/example_short_circuit_operator.py for tasks to queue
[2025-02-17T22:33:37.600-0700] {logging_mixin.py:154} INFO - [2025-02-17T22:33:37.600-0700] {dagbag.py:536} INFO - Filling up the DagBag from /home/jparep/miniconda3/envs/dbt-env/lib/python3.11/site-packages/airflow/example_dags/example_short_circuit_operator.py
[2025-02-17T22:33:37.617-0700] {processor.py:839} INFO - DAG(s) dict_keys(['example_short_circuit_operator']) retrieved from /home/jparep/miniconda3/envs/dbt-env/lib/python3.11/site-packages/airflow/example_dags/example_short_circuit_operator.py
[2025-02-17T22:33:37.654-0700] {logging_mixin.py:154} INFO - [2025-02-17T22:33:37.654-0700] {dag.py:2941} INFO - Sync 1 DAGs
[2025-02-17T22:33:37.682-0700] {logging_mixin.py:154} INFO - [2025-02-17T22:33:37.682-0700] {dag.py:3722} INFO - Setting next_dagrun for example_short_circuit_operator to 2025-02-17T05:33:37.681620+00:00, run_after=2025-02-18T05:33:37.681620+00:00
[2025-02-17T22:33:37.714-0700] {processor.py:179} INFO - Processing /home/jparep/miniconda3/envs/dbt-env/lib/python3.11/site-packages/airflow/example_dags/example_short_circuit_operator.py took 0.123 seconds
[2025-02-17T22:34:30.326-0700] {processor.py:157} INFO - Started process (PID=157671) to work on /home/jparep/miniconda3/envs/dbt-env/lib/python3.11/site-packages/airflow/example_dags/example_short_circuit_operator.py
[2025-02-17T22:34:30.329-0700] {processor.py:829} INFO - Processing file /home/jparep/miniconda3/envs/dbt-env/lib/python3.11/site-packages/airflow/example_dags/example_short_circuit_operator.py for tasks to queue
[2025-02-17T22:34:30.331-0700] {logging_mixin.py:154} INFO - [2025-02-17T22:34:30.330-0700] {dagbag.py:536} INFO - Filling up the DagBag from /home/jparep/miniconda3/envs/dbt-env/lib/python3.11/site-packages/airflow/example_dags/example_short_circuit_operator.py
[2025-02-17T22:34:30.343-0700] {processor.py:839} INFO - DAG(s) dict_keys(['example_short_circuit_operator']) retrieved from /home/jparep/miniconda3/envs/dbt-env/lib/python3.11/site-packages/airflow/example_dags/example_short_circuit_operator.py
[2025-02-17T22:34:30.357-0700] {logging_mixin.py:154} INFO - [2025-02-17T22:34:30.357-0700] {dag.py:2941} INFO - Sync 1 DAGs
[2025-02-17T22:34:30.371-0700] {logging_mixin.py:154} INFO - [2025-02-17T22:34:30.371-0700] {dag.py:3722} INFO - Setting next_dagrun for example_short_circuit_operator to 2025-02-17T05:34:30.371106+00:00, run_after=2025-02-18T05:34:30.371106+00:00
[2025-02-17T22:34:30.398-0700] {processor.py:179} INFO - Processing /home/jparep/miniconda3/envs/dbt-env/lib/python3.11/site-packages/airflow/example_dags/example_short_circuit_operator.py took 0.077 seconds
[2025-02-17T22:35:22.850-0700] {processor.py:157} INFO - Started process (PID=158127) to work on /home/jparep/miniconda3/envs/dbt-env/lib/python3.11/site-packages/airflow/example_dags/example_short_circuit_operator.py
[2025-02-17T22:35:22.853-0700] {processor.py:829} INFO - Processing file /home/jparep/miniconda3/envs/dbt-env/lib/python3.11/site-packages/airflow/example_dags/example_short_circuit_operator.py for tasks to queue
[2025-02-17T22:35:22.854-0700] {logging_mixin.py:154} INFO - [2025-02-17T22:35:22.854-0700] {dagbag.py:536} INFO - Filling up the DagBag from /home/jparep/miniconda3/envs/dbt-env/lib/python3.11/site-packages/airflow/example_dags/example_short_circuit_operator.py
[2025-02-17T22:35:22.868-0700] {processor.py:839} INFO - DAG(s) dict_keys(['example_short_circuit_operator']) retrieved from /home/jparep/miniconda3/envs/dbt-env/lib/python3.11/site-packages/airflow/example_dags/example_short_circuit_operator.py
[2025-02-17T22:35:22.891-0700] {logging_mixin.py:154} INFO - [2025-02-17T22:35:22.890-0700] {dag.py:2941} INFO - Sync 1 DAGs
[2025-02-17T22:35:22.913-0700] {logging_mixin.py:154} INFO - [2025-02-17T22:35:22.913-0700] {dag.py:3722} INFO - Setting next_dagrun for example_short_circuit_operator to 2025-02-17T05:35:22.913271+00:00, run_after=2025-02-18T05:35:22.913271+00:00
[2025-02-17T22:35:22.941-0700] {processor.py:179} INFO - Processing /home/jparep/miniconda3/envs/dbt-env/lib/python3.11/site-packages/airflow/example_dags/example_short_circuit_operator.py took 0.095 seconds
[2025-02-17T22:36:02.344-0700] {processor.py:157} INFO - Started process (PID=158554) to work on /home/jparep/miniconda3/envs/dbt-env/lib/python3.11/site-packages/airflow/example_dags/example_short_circuit_operator.py
[2025-02-17T22:36:02.347-0700] {processor.py:829} INFO - Processing file /home/jparep/miniconda3/envs/dbt-env/lib/python3.11/site-packages/airflow/example_dags/example_short_circuit_operator.py for tasks to queue
[2025-02-17T22:36:02.348-0700] {logging_mixin.py:154} INFO - [2025-02-17T22:36:02.348-0700] {dagbag.py:536} INFO - Filling up the DagBag from /home/jparep/miniconda3/envs/dbt-env/lib/python3.11/site-packages/airflow/example_dags/example_short_circuit_operator.py
[2025-02-17T22:36:02.362-0700] {processor.py:839} INFO - DAG(s) dict_keys(['example_short_circuit_operator']) retrieved from /home/jparep/miniconda3/envs/dbt-env/lib/python3.11/site-packages/airflow/example_dags/example_short_circuit_operator.py
[2025-02-17T22:36:02.386-0700] {logging_mixin.py:154} INFO - [2025-02-17T22:36:02.386-0700] {dag.py:2941} INFO - Sync 1 DAGs
[2025-02-17T22:36:02.408-0700] {logging_mixin.py:154} INFO - [2025-02-17T22:36:02.408-0700] {dag.py:3722} INFO - Setting next_dagrun for example_short_circuit_operator to 2025-02-17T05:36:02.408255+00:00, run_after=2025-02-18T05:36:02.408255+00:00
[2025-02-17T22:36:02.425-0700] {processor.py:179} INFO - Processing /home/jparep/miniconda3/envs/dbt-env/lib/python3.11/site-packages/airflow/example_dags/example_short_circuit_operator.py took 0.085 seconds
[2025-02-17T22:36:42.950-0700] {processor.py:157} INFO - Started process (PID=158820) to work on /home/jparep/miniconda3/envs/dbt-env/lib/python3.11/site-packages/airflow/example_dags/example_short_circuit_operator.py
[2025-02-17T22:36:42.953-0700] {processor.py:829} INFO - Processing file /home/jparep/miniconda3/envs/dbt-env/lib/python3.11/site-packages/airflow/example_dags/example_short_circuit_operator.py for tasks to queue
[2025-02-17T22:36:42.954-0700] {logging_mixin.py:154} INFO - [2025-02-17T22:36:42.953-0700] {dagbag.py:536} INFO - Filling up the DagBag from /home/jparep/miniconda3/envs/dbt-env/lib/python3.11/site-packages/airflow/example_dags/example_short_circuit_operator.py
[2025-02-17T22:36:42.966-0700] {processor.py:839} INFO - DAG(s) dict_keys(['example_short_circuit_operator']) retrieved from /home/jparep/miniconda3/envs/dbt-env/lib/python3.11/site-packages/airflow/example_dags/example_short_circuit_operator.py
[2025-02-17T22:36:42.980-0700] {logging_mixin.py:154} INFO - [2025-02-17T22:36:42.980-0700] {dag.py:2941} INFO - Sync 1 DAGs
[2025-02-17T22:36:42.995-0700] {logging_mixin.py:154} INFO - [2025-02-17T22:36:42.995-0700] {dag.py:3722} INFO - Setting next_dagrun for example_short_circuit_operator to 2025-02-17T05:36:42.995068+00:00, run_after=2025-02-18T05:36:42.995068+00:00
[2025-02-17T22:36:43.013-0700] {processor.py:179} INFO - Processing /home/jparep/miniconda3/envs/dbt-env/lib/python3.11/site-packages/airflow/example_dags/example_short_circuit_operator.py took 0.066 seconds
[2025-02-17T22:37:25.316-0700] {processor.py:157} INFO - Started process (PID=159711) to work on /home/jparep/miniconda3/envs/dbt-env/lib/python3.11/site-packages/airflow/example_dags/example_short_circuit_operator.py
[2025-02-17T22:37:25.318-0700] {processor.py:829} INFO - Processing file /home/jparep/miniconda3/envs/dbt-env/lib/python3.11/site-packages/airflow/example_dags/example_short_circuit_operator.py for tasks to queue
[2025-02-17T22:37:25.318-0700] {logging_mixin.py:154} INFO - [2025-02-17T22:37:25.318-0700] {dagbag.py:536} INFO - Filling up the DagBag from /home/jparep/miniconda3/envs/dbt-env/lib/python3.11/site-packages/airflow/example_dags/example_short_circuit_operator.py
[2025-02-17T22:37:25.326-0700] {processor.py:839} INFO - DAG(s) dict_keys(['example_short_circuit_operator']) retrieved from /home/jparep/miniconda3/envs/dbt-env/lib/python3.11/site-packages/airflow/example_dags/example_short_circuit_operator.py
[2025-02-17T22:37:25.341-0700] {logging_mixin.py:154} INFO - [2025-02-17T22:37:25.341-0700] {dag.py:2941} INFO - Sync 1 DAGs
[2025-02-17T22:37:25.354-0700] {logging_mixin.py:154} INFO - [2025-02-17T22:37:25.354-0700] {dag.py:3722} INFO - Setting next_dagrun for example_short_circuit_operator to 2025-02-17T05:37:25.354157+00:00, run_after=2025-02-18T05:37:25.354157+00:00
[2025-02-17T22:37:25.373-0700] {processor.py:179} INFO - Processing /home/jparep/miniconda3/envs/dbt-env/lib/python3.11/site-packages/airflow/example_dags/example_short_circuit_operator.py took 0.059 seconds
[2025-02-17T22:38:15.662-0700] {processor.py:157} INFO - Started process (PID=160498) to work on /home/jparep/miniconda3/envs/dbt-env/lib/python3.11/site-packages/airflow/example_dags/example_short_circuit_operator.py
[2025-02-17T22:38:15.664-0700] {processor.py:829} INFO - Processing file /home/jparep/miniconda3/envs/dbt-env/lib/python3.11/site-packages/airflow/example_dags/example_short_circuit_operator.py for tasks to queue
[2025-02-17T22:38:15.665-0700] {logging_mixin.py:154} INFO - [2025-02-17T22:38:15.664-0700] {dagbag.py:536} INFO - Filling up the DagBag from /home/jparep/miniconda3/envs/dbt-env/lib/python3.11/site-packages/airflow/example_dags/example_short_circuit_operator.py
[2025-02-17T22:38:15.673-0700] {processor.py:839} INFO - DAG(s) dict_keys(['example_short_circuit_operator']) retrieved from /home/jparep/miniconda3/envs/dbt-env/lib/python3.11/site-packages/airflow/example_dags/example_short_circuit_operator.py
[2025-02-17T22:38:15.689-0700] {logging_mixin.py:154} INFO - [2025-02-17T22:38:15.689-0700] {dag.py:2941} INFO - Sync 1 DAGs
[2025-02-17T22:38:15.708-0700] {logging_mixin.py:154} INFO - [2025-02-17T22:38:15.708-0700] {dag.py:3722} INFO - Setting next_dagrun for example_short_circuit_operator to 2025-02-17T05:38:15.707821+00:00, run_after=2025-02-18T05:38:15.707821+00:00
[2025-02-17T22:38:15.728-0700] {processor.py:179} INFO - Processing /home/jparep/miniconda3/envs/dbt-env/lib/python3.11/site-packages/airflow/example_dags/example_short_circuit_operator.py took 0.068 seconds
[2025-02-17T22:39:10.035-0700] {processor.py:157} INFO - Started process (PID=161125) to work on /home/jparep/miniconda3/envs/dbt-env/lib/python3.11/site-packages/airflow/example_dags/example_short_circuit_operator.py
[2025-02-17T22:39:10.037-0700] {processor.py:829} INFO - Processing file /home/jparep/miniconda3/envs/dbt-env/lib/python3.11/site-packages/airflow/example_dags/example_short_circuit_operator.py for tasks to queue
[2025-02-17T22:39:10.039-0700] {logging_mixin.py:154} INFO - [2025-02-17T22:39:10.038-0700] {dagbag.py:536} INFO - Filling up the DagBag from /home/jparep/miniconda3/envs/dbt-env/lib/python3.11/site-packages/airflow/example_dags/example_short_circuit_operator.py
[2025-02-17T22:39:10.050-0700] {processor.py:839} INFO - DAG(s) dict_keys(['example_short_circuit_operator']) retrieved from /home/jparep/miniconda3/envs/dbt-env/lib/python3.11/site-packages/airflow/example_dags/example_short_circuit_operator.py
[2025-02-17T22:39:10.068-0700] {logging_mixin.py:154} INFO - [2025-02-17T22:39:10.068-0700] {dag.py:2941} INFO - Sync 1 DAGs
[2025-02-17T22:39:10.085-0700] {logging_mixin.py:154} INFO - [2025-02-17T22:39:10.085-0700] {dag.py:3722} INFO - Setting next_dagrun for example_short_circuit_operator to 2025-02-17T05:39:10.085550+00:00, run_after=2025-02-18T05:39:10.085550+00:00
[2025-02-17T22:39:10.111-0700] {processor.py:179} INFO - Processing /home/jparep/miniconda3/envs/dbt-env/lib/python3.11/site-packages/airflow/example_dags/example_short_circuit_operator.py took 0.082 seconds
[2025-02-17T22:40:04.042-0700] {processor.py:157} INFO - Started process (PID=161513) to work on /home/jparep/miniconda3/envs/dbt-env/lib/python3.11/site-packages/airflow/example_dags/example_short_circuit_operator.py
[2025-02-17T22:40:04.045-0700] {processor.py:829} INFO - Processing file /home/jparep/miniconda3/envs/dbt-env/lib/python3.11/site-packages/airflow/example_dags/example_short_circuit_operator.py for tasks to queue
[2025-02-17T22:40:04.047-0700] {logging_mixin.py:154} INFO - [2025-02-17T22:40:04.046-0700] {dagbag.py:536} INFO - Filling up the DagBag from /home/jparep/miniconda3/envs/dbt-env/lib/python3.11/site-packages/airflow/example_dags/example_short_circuit_operator.py
[2025-02-17T22:40:04.060-0700] {processor.py:839} INFO - DAG(s) dict_keys(['example_short_circuit_operator']) retrieved from /home/jparep/miniconda3/envs/dbt-env/lib/python3.11/site-packages/airflow/example_dags/example_short_circuit_operator.py
[2025-02-17T22:40:04.083-0700] {logging_mixin.py:154} INFO - [2025-02-17T22:40:04.083-0700] {dag.py:2941} INFO - Sync 1 DAGs
[2025-02-17T22:40:04.104-0700] {logging_mixin.py:154} INFO - [2025-02-17T22:40:04.104-0700] {dag.py:3722} INFO - Setting next_dagrun for example_short_circuit_operator to 2025-02-17T05:40:04.104223+00:00, run_after=2025-02-18T05:40:04.104223+00:00
[2025-02-17T22:40:04.130-0700] {processor.py:179} INFO - Processing /home/jparep/miniconda3/envs/dbt-env/lib/python3.11/site-packages/airflow/example_dags/example_short_circuit_operator.py took 0.093 seconds
[2025-02-17T22:40:42.692-0700] {processor.py:157} INFO - Started process (PID=161777) to work on /home/jparep/miniconda3/envs/dbt-env/lib/python3.11/site-packages/airflow/example_dags/example_short_circuit_operator.py
[2025-02-17T22:40:42.695-0700] {processor.py:829} INFO - Processing file /home/jparep/miniconda3/envs/dbt-env/lib/python3.11/site-packages/airflow/example_dags/example_short_circuit_operator.py for tasks to queue
[2025-02-17T22:40:42.697-0700] {logging_mixin.py:154} INFO - [2025-02-17T22:40:42.696-0700] {dagbag.py:536} INFO - Filling up the DagBag from /home/jparep/miniconda3/envs/dbt-env/lib/python3.11/site-packages/airflow/example_dags/example_short_circuit_operator.py
[2025-02-17T22:40:42.713-0700] {processor.py:839} INFO - DAG(s) dict_keys(['example_short_circuit_operator']) retrieved from /home/jparep/miniconda3/envs/dbt-env/lib/python3.11/site-packages/airflow/example_dags/example_short_circuit_operator.py
[2025-02-17T22:40:42.737-0700] {logging_mixin.py:154} INFO - [2025-02-17T22:40:42.737-0700] {dag.py:2941} INFO - Sync 1 DAGs
[2025-02-17T22:40:42.755-0700] {logging_mixin.py:154} INFO - [2025-02-17T22:40:42.755-0700] {dag.py:3722} INFO - Setting next_dagrun for example_short_circuit_operator to 2025-02-17T05:40:42.754825+00:00, run_after=2025-02-18T05:40:42.754825+00:00
[2025-02-17T22:40:42.776-0700] {processor.py:179} INFO - Processing /home/jparep/miniconda3/envs/dbt-env/lib/python3.11/site-packages/airflow/example_dags/example_short_circuit_operator.py took 0.089 seconds
[2025-02-17T22:41:19.768-0700] {processor.py:157} INFO - Started process (PID=162155) to work on /home/jparep/miniconda3/envs/dbt-env/lib/python3.11/site-packages/airflow/example_dags/example_short_circuit_operator.py
[2025-02-17T22:41:19.772-0700] {processor.py:829} INFO - Processing file /home/jparep/miniconda3/envs/dbt-env/lib/python3.11/site-packages/airflow/example_dags/example_short_circuit_operator.py for tasks to queue
[2025-02-17T22:41:19.773-0700] {logging_mixin.py:154} INFO - [2025-02-17T22:41:19.773-0700] {dagbag.py:536} INFO - Filling up the DagBag from /home/jparep/miniconda3/envs/dbt-env/lib/python3.11/site-packages/airflow/example_dags/example_short_circuit_operator.py
[2025-02-17T22:41:19.786-0700] {processor.py:839} INFO - DAG(s) dict_keys(['example_short_circuit_operator']) retrieved from /home/jparep/miniconda3/envs/dbt-env/lib/python3.11/site-packages/airflow/example_dags/example_short_circuit_operator.py
[2025-02-17T22:41:19.811-0700] {logging_mixin.py:154} INFO - [2025-02-17T22:41:19.811-0700] {dag.py:2941} INFO - Sync 1 DAGs
[2025-02-17T22:41:19.840-0700] {logging_mixin.py:154} INFO - [2025-02-17T22:41:19.840-0700] {dag.py:3722} INFO - Setting next_dagrun for example_short_circuit_operator to 2025-02-17T05:41:19.840300+00:00, run_after=2025-02-18T05:41:19.840300+00:00
[2025-02-17T22:41:19.871-0700] {processor.py:179} INFO - Processing /home/jparep/miniconda3/envs/dbt-env/lib/python3.11/site-packages/airflow/example_dags/example_short_circuit_operator.py took 0.108 seconds
[2025-02-17T22:42:02.159-0700] {processor.py:157} INFO - Started process (PID=162352) to work on /home/jparep/miniconda3/envs/dbt-env/lib/python3.11/site-packages/airflow/example_dags/example_short_circuit_operator.py
[2025-02-17T22:42:02.161-0700] {processor.py:829} INFO - Processing file /home/jparep/miniconda3/envs/dbt-env/lib/python3.11/site-packages/airflow/example_dags/example_short_circuit_operator.py for tasks to queue
[2025-02-17T22:42:02.162-0700] {logging_mixin.py:154} INFO - [2025-02-17T22:42:02.162-0700] {dagbag.py:536} INFO - Filling up the DagBag from /home/jparep/miniconda3/envs/dbt-env/lib/python3.11/site-packages/airflow/example_dags/example_short_circuit_operator.py
[2025-02-17T22:42:02.171-0700] {processor.py:839} INFO - DAG(s) dict_keys(['example_short_circuit_operator']) retrieved from /home/jparep/miniconda3/envs/dbt-env/lib/python3.11/site-packages/airflow/example_dags/example_short_circuit_operator.py
[2025-02-17T22:42:02.199-0700] {logging_mixin.py:154} INFO - [2025-02-17T22:42:02.198-0700] {dag.py:2941} INFO - Sync 1 DAGs
[2025-02-17T22:42:02.233-0700] {logging_mixin.py:154} INFO - [2025-02-17T22:42:02.233-0700] {dag.py:3722} INFO - Setting next_dagrun for example_short_circuit_operator to 2025-02-17T05:42:02.232771+00:00, run_after=2025-02-18T05:42:02.232771+00:00
[2025-02-17T22:42:02.253-0700] {processor.py:179} INFO - Processing /home/jparep/miniconda3/envs/dbt-env/lib/python3.11/site-packages/airflow/example_dags/example_short_circuit_operator.py took 0.097 seconds
