[2025-02-17T22:16:17.444-0700] {processor.py:157} INFO - Started process (PID=148539) to work on /home/jparep/miniconda3/envs/dbt-env/lib/python3.11/site-packages/airflow/example_dags/example_dynamic_task_mapping.py
[2025-02-17T22:16:17.446-0700] {processor.py:829} INFO - Processing file /home/jparep/miniconda3/envs/dbt-env/lib/python3.11/site-packages/airflow/example_dags/example_dynamic_task_mapping.py for tasks to queue
[2025-02-17T22:16:17.447-0700] {logging_mixin.py:154} INFO - [2025-02-17T22:16:17.446-0700] {dagbag.py:536} INFO - Filling up the DagBag from /home/jparep/miniconda3/envs/dbt-env/lib/python3.11/site-packages/airflow/example_dags/example_dynamic_task_mapping.py
[2025-02-17T22:16:17.457-0700] {processor.py:839} INFO - DAG(s) dict_keys(['example_dynamic_task_mapping']) retrieved from /home/jparep/miniconda3/envs/dbt-env/lib/python3.11/site-packages/airflow/example_dags/example_dynamic_task_mapping.py
[2025-02-17T22:16:17.654-0700] {logging_mixin.py:154} INFO - [2025-02-17T22:16:17.653-0700] {manager.py:499} INFO - Created Permission View: %s
[2025-02-17T22:16:17.662-0700] {logging_mixin.py:154} INFO - [2025-02-17T22:16:17.662-0700] {manager.py:499} INFO - Created Permission View: %s
[2025-02-17T22:16:17.668-0700] {logging_mixin.py:154} INFO - [2025-02-17T22:16:17.668-0700] {manager.py:499} INFO - Created Permission View: %s
[2025-02-17T22:16:17.668-0700] {logging_mixin.py:154} INFO - [2025-02-17T22:16:17.668-0700] {dag.py:2941} INFO - Sync 1 DAGs
[2025-02-17T22:16:17.674-0700] {logging_mixin.py:154} INFO - [2025-02-17T22:16:17.674-0700] {dag.py:2963} INFO - Creating ORM DAG for example_dynamic_task_mapping
[2025-02-17T22:16:17.680-0700] {logging_mixin.py:154} INFO - [2025-02-17T22:16:17.679-0700] {dag.py:3722} INFO - Setting next_dagrun for example_dynamic_task_mapping to 2022-03-04T00:00:00+00:00, run_after=2022-03-05T00:00:00+00:00
[2025-02-17T22:16:17.694-0700] {processor.py:179} INFO - Processing /home/jparep/miniconda3/envs/dbt-env/lib/python3.11/site-packages/airflow/example_dags/example_dynamic_task_mapping.py took 0.254 seconds
[2025-02-17T22:17:12.652-0700] {processor.py:157} INFO - Started process (PID=148945) to work on /home/jparep/miniconda3/envs/dbt-env/lib/python3.11/site-packages/airflow/example_dags/example_dynamic_task_mapping.py
[2025-02-17T22:17:12.653-0700] {processor.py:829} INFO - Processing file /home/jparep/miniconda3/envs/dbt-env/lib/python3.11/site-packages/airflow/example_dags/example_dynamic_task_mapping.py for tasks to queue
[2025-02-17T22:17:12.653-0700] {logging_mixin.py:154} INFO - [2025-02-17T22:17:12.653-0700] {dagbag.py:536} INFO - Filling up the DagBag from /home/jparep/miniconda3/envs/dbt-env/lib/python3.11/site-packages/airflow/example_dags/example_dynamic_task_mapping.py
[2025-02-17T22:17:12.660-0700] {processor.py:839} INFO - DAG(s) dict_keys(['example_dynamic_task_mapping']) retrieved from /home/jparep/miniconda3/envs/dbt-env/lib/python3.11/site-packages/airflow/example_dags/example_dynamic_task_mapping.py
[2025-02-17T22:17:12.674-0700] {logging_mixin.py:154} INFO - [2025-02-17T22:17:12.673-0700] {dag.py:2941} INFO - Sync 1 DAGs
[2025-02-17T22:17:12.772-0700] {logging_mixin.py:154} INFO - [2025-02-17T22:17:12.771-0700] {dag.py:3722} INFO - Setting next_dagrun for example_dynamic_task_mapping to 2022-03-04T00:00:00+00:00, run_after=2022-03-05T00:00:00+00:00
[2025-02-17T22:17:12.788-0700] {processor.py:179} INFO - Processing /home/jparep/miniconda3/envs/dbt-env/lib/python3.11/site-packages/airflow/example_dags/example_dynamic_task_mapping.py took 0.139 seconds
[2025-02-17T22:18:03.678-0700] {processor.py:157} INFO - Started process (PID=149444) to work on /home/jparep/miniconda3/envs/dbt-env/lib/python3.11/site-packages/airflow/example_dags/example_dynamic_task_mapping.py
[2025-02-17T22:18:03.680-0700] {processor.py:829} INFO - Processing file /home/jparep/miniconda3/envs/dbt-env/lib/python3.11/site-packages/airflow/example_dags/example_dynamic_task_mapping.py for tasks to queue
[2025-02-17T22:18:03.681-0700] {logging_mixin.py:154} INFO - [2025-02-17T22:18:03.681-0700] {dagbag.py:536} INFO - Filling up the DagBag from /home/jparep/miniconda3/envs/dbt-env/lib/python3.11/site-packages/airflow/example_dags/example_dynamic_task_mapping.py
[2025-02-17T22:18:03.689-0700] {processor.py:839} INFO - DAG(s) dict_keys(['example_dynamic_task_mapping']) retrieved from /home/jparep/miniconda3/envs/dbt-env/lib/python3.11/site-packages/airflow/example_dags/example_dynamic_task_mapping.py
[2025-02-17T22:18:03.702-0700] {logging_mixin.py:154} INFO - [2025-02-17T22:18:03.702-0700] {dag.py:2941} INFO - Sync 1 DAGs
[2025-02-17T22:18:03.723-0700] {logging_mixin.py:154} INFO - [2025-02-17T22:18:03.723-0700] {dag.py:3722} INFO - Setting next_dagrun for example_dynamic_task_mapping to 2022-03-04T00:00:00+00:00, run_after=2022-03-05T00:00:00+00:00
[2025-02-17T22:18:03.753-0700] {processor.py:179} INFO - Processing /home/jparep/miniconda3/envs/dbt-env/lib/python3.11/site-packages/airflow/example_dags/example_dynamic_task_mapping.py took 0.078 seconds
[2025-02-17T22:19:00.339-0700] {processor.py:157} INFO - Started process (PID=149984) to work on /home/jparep/miniconda3/envs/dbt-env/lib/python3.11/site-packages/airflow/example_dags/example_dynamic_task_mapping.py
[2025-02-17T22:19:00.340-0700] {processor.py:829} INFO - Processing file /home/jparep/miniconda3/envs/dbt-env/lib/python3.11/site-packages/airflow/example_dags/example_dynamic_task_mapping.py for tasks to queue
[2025-02-17T22:19:00.342-0700] {logging_mixin.py:154} INFO - [2025-02-17T22:19:00.341-0700] {dagbag.py:536} INFO - Filling up the DagBag from /home/jparep/miniconda3/envs/dbt-env/lib/python3.11/site-packages/airflow/example_dags/example_dynamic_task_mapping.py
[2025-02-17T22:19:00.355-0700] {processor.py:839} INFO - DAG(s) dict_keys(['example_dynamic_task_mapping']) retrieved from /home/jparep/miniconda3/envs/dbt-env/lib/python3.11/site-packages/airflow/example_dags/example_dynamic_task_mapping.py
[2025-02-17T22:19:00.378-0700] {logging_mixin.py:154} INFO - [2025-02-17T22:19:00.378-0700] {dag.py:2941} INFO - Sync 1 DAGs
[2025-02-17T22:19:00.397-0700] {logging_mixin.py:154} INFO - [2025-02-17T22:19:00.397-0700] {dag.py:3722} INFO - Setting next_dagrun for example_dynamic_task_mapping to 2022-03-04T00:00:00+00:00, run_after=2022-03-05T00:00:00+00:00
[2025-02-17T22:19:00.414-0700] {processor.py:179} INFO - Processing /home/jparep/miniconda3/envs/dbt-env/lib/python3.11/site-packages/airflow/example_dags/example_dynamic_task_mapping.py took 0.080 seconds
[2025-02-17T22:19:59.977-0700] {processor.py:157} INFO - Started process (PID=150525) to work on /home/jparep/miniconda3/envs/dbt-env/lib/python3.11/site-packages/airflow/example_dags/example_dynamic_task_mapping.py
[2025-02-17T22:19:59.980-0700] {processor.py:829} INFO - Processing file /home/jparep/miniconda3/envs/dbt-env/lib/python3.11/site-packages/airflow/example_dags/example_dynamic_task_mapping.py for tasks to queue
[2025-02-17T22:19:59.981-0700] {logging_mixin.py:154} INFO - [2025-02-17T22:19:59.980-0700] {dagbag.py:536} INFO - Filling up the DagBag from /home/jparep/miniconda3/envs/dbt-env/lib/python3.11/site-packages/airflow/example_dags/example_dynamic_task_mapping.py
[2025-02-17T22:19:59.992-0700] {processor.py:839} INFO - DAG(s) dict_keys(['example_dynamic_task_mapping']) retrieved from /home/jparep/miniconda3/envs/dbt-env/lib/python3.11/site-packages/airflow/example_dags/example_dynamic_task_mapping.py
[2025-02-17T22:20:00.011-0700] {logging_mixin.py:154} INFO - [2025-02-17T22:20:00.011-0700] {dag.py:2941} INFO - Sync 1 DAGs
[2025-02-17T22:20:00.036-0700] {logging_mixin.py:154} INFO - [2025-02-17T22:20:00.036-0700] {dag.py:3722} INFO - Setting next_dagrun for example_dynamic_task_mapping to 2022-03-04T00:00:00+00:00, run_after=2022-03-05T00:00:00+00:00
[2025-02-17T22:20:00.060-0700] {processor.py:179} INFO - Processing /home/jparep/miniconda3/envs/dbt-env/lib/python3.11/site-packages/airflow/example_dags/example_dynamic_task_mapping.py took 0.087 seconds
[2025-02-17T22:20:57.620-0700] {processor.py:157} INFO - Started process (PID=151079) to work on /home/jparep/miniconda3/envs/dbt-env/lib/python3.11/site-packages/airflow/example_dags/example_dynamic_task_mapping.py
[2025-02-17T22:20:57.624-0700] {processor.py:829} INFO - Processing file /home/jparep/miniconda3/envs/dbt-env/lib/python3.11/site-packages/airflow/example_dags/example_dynamic_task_mapping.py for tasks to queue
[2025-02-17T22:20:57.626-0700] {logging_mixin.py:154} INFO - [2025-02-17T22:20:57.625-0700] {dagbag.py:536} INFO - Filling up the DagBag from /home/jparep/miniconda3/envs/dbt-env/lib/python3.11/site-packages/airflow/example_dags/example_dynamic_task_mapping.py
[2025-02-17T22:20:57.638-0700] {processor.py:839} INFO - DAG(s) dict_keys(['example_dynamic_task_mapping']) retrieved from /home/jparep/miniconda3/envs/dbt-env/lib/python3.11/site-packages/airflow/example_dags/example_dynamic_task_mapping.py
[2025-02-17T22:20:57.659-0700] {logging_mixin.py:154} INFO - [2025-02-17T22:20:57.659-0700] {dag.py:2941} INFO - Sync 1 DAGs
[2025-02-17T22:20:57.681-0700] {logging_mixin.py:154} INFO - [2025-02-17T22:20:57.680-0700] {dag.py:3722} INFO - Setting next_dagrun for example_dynamic_task_mapping to 2022-03-04T00:00:00+00:00, run_after=2022-03-05T00:00:00+00:00
[2025-02-17T22:20:57.707-0700] {processor.py:179} INFO - Processing /home/jparep/miniconda3/envs/dbt-env/lib/python3.11/site-packages/airflow/example_dags/example_dynamic_task_mapping.py took 0.092 seconds
[2025-02-17T22:21:48.284-0700] {processor.py:157} INFO - Started process (PID=151558) to work on /home/jparep/miniconda3/envs/dbt-env/lib/python3.11/site-packages/airflow/example_dags/example_dynamic_task_mapping.py
[2025-02-17T22:21:48.287-0700] {processor.py:829} INFO - Processing file /home/jparep/miniconda3/envs/dbt-env/lib/python3.11/site-packages/airflow/example_dags/example_dynamic_task_mapping.py for tasks to queue
[2025-02-17T22:21:48.288-0700] {logging_mixin.py:154} INFO - [2025-02-17T22:21:48.288-0700] {dagbag.py:536} INFO - Filling up the DagBag from /home/jparep/miniconda3/envs/dbt-env/lib/python3.11/site-packages/airflow/example_dags/example_dynamic_task_mapping.py
[2025-02-17T22:21:48.301-0700] {processor.py:839} INFO - DAG(s) dict_keys(['example_dynamic_task_mapping']) retrieved from /home/jparep/miniconda3/envs/dbt-env/lib/python3.11/site-packages/airflow/example_dags/example_dynamic_task_mapping.py
[2025-02-17T22:21:48.321-0700] {logging_mixin.py:154} INFO - [2025-02-17T22:21:48.320-0700] {dag.py:2941} INFO - Sync 1 DAGs
[2025-02-17T22:21:48.339-0700] {logging_mixin.py:154} INFO - [2025-02-17T22:21:48.338-0700] {dag.py:3722} INFO - Setting next_dagrun for example_dynamic_task_mapping to 2022-03-04T00:00:00+00:00, run_after=2022-03-05T00:00:00+00:00
[2025-02-17T22:21:48.360-0700] {processor.py:179} INFO - Processing /home/jparep/miniconda3/envs/dbt-env/lib/python3.11/site-packages/airflow/example_dags/example_dynamic_task_mapping.py took 0.080 seconds
[2025-02-17T22:22:41.096-0700] {processor.py:157} INFO - Started process (PID=151766) to work on /home/jparep/miniconda3/envs/dbt-env/lib/python3.11/site-packages/airflow/example_dags/example_dynamic_task_mapping.py
[2025-02-17T22:22:41.099-0700] {processor.py:829} INFO - Processing file /home/jparep/miniconda3/envs/dbt-env/lib/python3.11/site-packages/airflow/example_dags/example_dynamic_task_mapping.py for tasks to queue
[2025-02-17T22:22:41.100-0700] {logging_mixin.py:154} INFO - [2025-02-17T22:22:41.099-0700] {dagbag.py:536} INFO - Filling up the DagBag from /home/jparep/miniconda3/envs/dbt-env/lib/python3.11/site-packages/airflow/example_dags/example_dynamic_task_mapping.py
[2025-02-17T22:22:41.111-0700] {processor.py:839} INFO - DAG(s) dict_keys(['example_dynamic_task_mapping']) retrieved from /home/jparep/miniconda3/envs/dbt-env/lib/python3.11/site-packages/airflow/example_dags/example_dynamic_task_mapping.py
[2025-02-17T22:22:41.131-0700] {logging_mixin.py:154} INFO - [2025-02-17T22:22:41.131-0700] {dag.py:2941} INFO - Sync 1 DAGs
[2025-02-17T22:22:41.155-0700] {logging_mixin.py:154} INFO - [2025-02-17T22:22:41.155-0700] {dag.py:3722} INFO - Setting next_dagrun for example_dynamic_task_mapping to 2022-03-04T00:00:00+00:00, run_after=2022-03-05T00:00:00+00:00
[2025-02-17T22:22:41.178-0700] {processor.py:179} INFO - Processing /home/jparep/miniconda3/envs/dbt-env/lib/python3.11/site-packages/airflow/example_dags/example_dynamic_task_mapping.py took 0.087 seconds
[2025-02-17T22:23:35.139-0700] {processor.py:157} INFO - Started process (PID=152229) to work on /home/jparep/miniconda3/envs/dbt-env/lib/python3.11/site-packages/airflow/example_dags/example_dynamic_task_mapping.py
[2025-02-17T22:23:35.147-0700] {processor.py:829} INFO - Processing file /home/jparep/miniconda3/envs/dbt-env/lib/python3.11/site-packages/airflow/example_dags/example_dynamic_task_mapping.py for tasks to queue
[2025-02-17T22:23:35.148-0700] {logging_mixin.py:154} INFO - [2025-02-17T22:23:35.148-0700] {dagbag.py:536} INFO - Filling up the DagBag from /home/jparep/miniconda3/envs/dbt-env/lib/python3.11/site-packages/airflow/example_dags/example_dynamic_task_mapping.py
[2025-02-17T22:23:35.160-0700] {processor.py:839} INFO - DAG(s) dict_keys(['example_dynamic_task_mapping']) retrieved from /home/jparep/miniconda3/envs/dbt-env/lib/python3.11/site-packages/airflow/example_dags/example_dynamic_task_mapping.py
[2025-02-17T22:23:35.174-0700] {logging_mixin.py:154} INFO - [2025-02-17T22:23:35.174-0700] {dag.py:2941} INFO - Sync 1 DAGs
[2025-02-17T22:23:35.191-0700] {logging_mixin.py:154} INFO - [2025-02-17T22:23:35.191-0700] {dag.py:3722} INFO - Setting next_dagrun for example_dynamic_task_mapping to 2022-03-04T00:00:00+00:00, run_after=2022-03-05T00:00:00+00:00
[2025-02-17T22:23:35.210-0700] {processor.py:179} INFO - Processing /home/jparep/miniconda3/envs/dbt-env/lib/python3.11/site-packages/airflow/example_dags/example_dynamic_task_mapping.py took 0.076 seconds
[2025-02-17T22:24:29.521-0700] {processor.py:157} INFO - Started process (PID=152757) to work on /home/jparep/miniconda3/envs/dbt-env/lib/python3.11/site-packages/airflow/example_dags/example_dynamic_task_mapping.py
[2025-02-17T22:24:29.524-0700] {processor.py:829} INFO - Processing file /home/jparep/miniconda3/envs/dbt-env/lib/python3.11/site-packages/airflow/example_dags/example_dynamic_task_mapping.py for tasks to queue
[2025-02-17T22:24:29.526-0700] {logging_mixin.py:154} INFO - [2025-02-17T22:24:29.526-0700] {dagbag.py:536} INFO - Filling up the DagBag from /home/jparep/miniconda3/envs/dbt-env/lib/python3.11/site-packages/airflow/example_dags/example_dynamic_task_mapping.py
[2025-02-17T22:24:29.538-0700] {processor.py:839} INFO - DAG(s) dict_keys(['example_dynamic_task_mapping']) retrieved from /home/jparep/miniconda3/envs/dbt-env/lib/python3.11/site-packages/airflow/example_dags/example_dynamic_task_mapping.py
[2025-02-17T22:24:29.559-0700] {logging_mixin.py:154} INFO - [2025-02-17T22:24:29.559-0700] {dag.py:2941} INFO - Sync 1 DAGs
[2025-02-17T22:24:29.575-0700] {logging_mixin.py:154} INFO - [2025-02-17T22:24:29.575-0700] {dag.py:3722} INFO - Setting next_dagrun for example_dynamic_task_mapping to 2022-03-04T00:00:00+00:00, run_after=2022-03-05T00:00:00+00:00
[2025-02-17T22:24:29.594-0700] {processor.py:179} INFO - Processing /home/jparep/miniconda3/envs/dbt-env/lib/python3.11/site-packages/airflow/example_dags/example_dynamic_task_mapping.py took 0.077 seconds
[2025-02-17T22:25:26.476-0700] {processor.py:157} INFO - Started process (PID=153292) to work on /home/jparep/miniconda3/envs/dbt-env/lib/python3.11/site-packages/airflow/example_dags/example_dynamic_task_mapping.py
[2025-02-17T22:25:26.479-0700] {processor.py:829} INFO - Processing file /home/jparep/miniconda3/envs/dbt-env/lib/python3.11/site-packages/airflow/example_dags/example_dynamic_task_mapping.py for tasks to queue
[2025-02-17T22:25:26.480-0700] {logging_mixin.py:154} INFO - [2025-02-17T22:25:26.480-0700] {dagbag.py:536} INFO - Filling up the DagBag from /home/jparep/miniconda3/envs/dbt-env/lib/python3.11/site-packages/airflow/example_dags/example_dynamic_task_mapping.py
[2025-02-17T22:25:26.492-0700] {processor.py:839} INFO - DAG(s) dict_keys(['example_dynamic_task_mapping']) retrieved from /home/jparep/miniconda3/envs/dbt-env/lib/python3.11/site-packages/airflow/example_dags/example_dynamic_task_mapping.py
[2025-02-17T22:25:26.514-0700] {logging_mixin.py:154} INFO - [2025-02-17T22:25:26.514-0700] {dag.py:2941} INFO - Sync 1 DAGs
[2025-02-17T22:25:26.541-0700] {logging_mixin.py:154} INFO - [2025-02-17T22:25:26.541-0700] {dag.py:3722} INFO - Setting next_dagrun for example_dynamic_task_mapping to 2022-03-04T00:00:00+00:00, run_after=2022-03-05T00:00:00+00:00
[2025-02-17T22:25:26.564-0700] {processor.py:179} INFO - Processing /home/jparep/miniconda3/envs/dbt-env/lib/python3.11/site-packages/airflow/example_dags/example_dynamic_task_mapping.py took 0.092 seconds
[2025-02-17T22:26:10.303-0700] {processor.py:157} INFO - Started process (PID=153747) to work on /home/jparep/miniconda3/envs/dbt-env/lib/python3.11/site-packages/airflow/example_dags/example_dynamic_task_mapping.py
[2025-02-17T22:26:10.306-0700] {processor.py:829} INFO - Processing file /home/jparep/miniconda3/envs/dbt-env/lib/python3.11/site-packages/airflow/example_dags/example_dynamic_task_mapping.py for tasks to queue
[2025-02-17T22:26:10.307-0700] {logging_mixin.py:154} INFO - [2025-02-17T22:26:10.306-0700] {dagbag.py:536} INFO - Filling up the DagBag from /home/jparep/miniconda3/envs/dbt-env/lib/python3.11/site-packages/airflow/example_dags/example_dynamic_task_mapping.py
[2025-02-17T22:26:10.318-0700] {processor.py:839} INFO - DAG(s) dict_keys(['example_dynamic_task_mapping']) retrieved from /home/jparep/miniconda3/envs/dbt-env/lib/python3.11/site-packages/airflow/example_dags/example_dynamic_task_mapping.py
[2025-02-17T22:26:10.338-0700] {logging_mixin.py:154} INFO - [2025-02-17T22:26:10.337-0700] {dag.py:2941} INFO - Sync 1 DAGs
[2025-02-17T22:26:10.355-0700] {logging_mixin.py:154} INFO - [2025-02-17T22:26:10.355-0700] {dag.py:3722} INFO - Setting next_dagrun for example_dynamic_task_mapping to 2022-03-04T00:00:00+00:00, run_after=2022-03-05T00:00:00+00:00
[2025-02-17T22:26:10.374-0700] {processor.py:179} INFO - Processing /home/jparep/miniconda3/envs/dbt-env/lib/python3.11/site-packages/airflow/example_dags/example_dynamic_task_mapping.py took 0.077 seconds
[2025-02-17T22:27:00.282-0700] {processor.py:157} INFO - Started process (PID=154060) to work on /home/jparep/miniconda3/envs/dbt-env/lib/python3.11/site-packages/airflow/example_dags/example_dynamic_task_mapping.py
[2025-02-17T22:27:00.285-0700] {processor.py:829} INFO - Processing file /home/jparep/miniconda3/envs/dbt-env/lib/python3.11/site-packages/airflow/example_dags/example_dynamic_task_mapping.py for tasks to queue
[2025-02-17T22:27:00.286-0700] {logging_mixin.py:154} INFO - [2025-02-17T22:27:00.285-0700] {dagbag.py:536} INFO - Filling up the DagBag from /home/jparep/miniconda3/envs/dbt-env/lib/python3.11/site-packages/airflow/example_dags/example_dynamic_task_mapping.py
[2025-02-17T22:27:00.301-0700] {processor.py:839} INFO - DAG(s) dict_keys(['example_dynamic_task_mapping']) retrieved from /home/jparep/miniconda3/envs/dbt-env/lib/python3.11/site-packages/airflow/example_dags/example_dynamic_task_mapping.py
[2025-02-17T22:27:00.319-0700] {logging_mixin.py:154} INFO - [2025-02-17T22:27:00.319-0700] {dag.py:2941} INFO - Sync 1 DAGs
[2025-02-17T22:27:00.345-0700] {logging_mixin.py:154} INFO - [2025-02-17T22:27:00.344-0700] {dag.py:3722} INFO - Setting next_dagrun for example_dynamic_task_mapping to 2022-03-04T00:00:00+00:00, run_after=2022-03-05T00:00:00+00:00
[2025-02-17T22:27:00.374-0700] {processor.py:179} INFO - Processing /home/jparep/miniconda3/envs/dbt-env/lib/python3.11/site-packages/airflow/example_dags/example_dynamic_task_mapping.py took 0.098 seconds
[2025-02-17T22:27:55.340-0700] {processor.py:157} INFO - Started process (PID=154591) to work on /home/jparep/miniconda3/envs/dbt-env/lib/python3.11/site-packages/airflow/example_dags/example_dynamic_task_mapping.py
[2025-02-17T22:27:55.343-0700] {processor.py:829} INFO - Processing file /home/jparep/miniconda3/envs/dbt-env/lib/python3.11/site-packages/airflow/example_dags/example_dynamic_task_mapping.py for tasks to queue
[2025-02-17T22:27:55.345-0700] {logging_mixin.py:154} INFO - [2025-02-17T22:27:55.345-0700] {dagbag.py:536} INFO - Filling up the DagBag from /home/jparep/miniconda3/envs/dbt-env/lib/python3.11/site-packages/airflow/example_dags/example_dynamic_task_mapping.py
[2025-02-17T22:27:55.358-0700] {processor.py:839} INFO - DAG(s) dict_keys(['example_dynamic_task_mapping']) retrieved from /home/jparep/miniconda3/envs/dbt-env/lib/python3.11/site-packages/airflow/example_dags/example_dynamic_task_mapping.py
[2025-02-17T22:27:55.374-0700] {logging_mixin.py:154} INFO - [2025-02-17T22:27:55.374-0700] {dag.py:2941} INFO - Sync 1 DAGs
[2025-02-17T22:27:55.390-0700] {logging_mixin.py:154} INFO - [2025-02-17T22:27:55.390-0700] {dag.py:3722} INFO - Setting next_dagrun for example_dynamic_task_mapping to 2022-03-04T00:00:00+00:00, run_after=2022-03-05T00:00:00+00:00
[2025-02-17T22:27:55.413-0700] {processor.py:179} INFO - Processing /home/jparep/miniconda3/envs/dbt-env/lib/python3.11/site-packages/airflow/example_dags/example_dynamic_task_mapping.py took 0.077 seconds
[2025-02-17T22:28:52.241-0700] {processor.py:157} INFO - Started process (PID=155008) to work on /home/jparep/miniconda3/envs/dbt-env/lib/python3.11/site-packages/airflow/example_dags/example_dynamic_task_mapping.py
[2025-02-17T22:28:52.244-0700] {processor.py:829} INFO - Processing file /home/jparep/miniconda3/envs/dbt-env/lib/python3.11/site-packages/airflow/example_dags/example_dynamic_task_mapping.py for tasks to queue
[2025-02-17T22:28:52.245-0700] {logging_mixin.py:154} INFO - [2025-02-17T22:28:52.245-0700] {dagbag.py:536} INFO - Filling up the DagBag from /home/jparep/miniconda3/envs/dbt-env/lib/python3.11/site-packages/airflow/example_dags/example_dynamic_task_mapping.py
[2025-02-17T22:28:52.258-0700] {processor.py:839} INFO - DAG(s) dict_keys(['example_dynamic_task_mapping']) retrieved from /home/jparep/miniconda3/envs/dbt-env/lib/python3.11/site-packages/airflow/example_dags/example_dynamic_task_mapping.py
[2025-02-17T22:28:52.279-0700] {logging_mixin.py:154} INFO - [2025-02-17T22:28:52.279-0700] {dag.py:2941} INFO - Sync 1 DAGs
[2025-02-17T22:28:52.296-0700] {logging_mixin.py:154} INFO - [2025-02-17T22:28:52.296-0700] {dag.py:3722} INFO - Setting next_dagrun for example_dynamic_task_mapping to 2022-03-04T00:00:00+00:00, run_after=2022-03-05T00:00:00+00:00
[2025-02-17T22:28:52.316-0700] {processor.py:179} INFO - Processing /home/jparep/miniconda3/envs/dbt-env/lib/python3.11/site-packages/airflow/example_dags/example_dynamic_task_mapping.py took 0.080 seconds
[2025-02-17T22:29:56.610-0700] {processor.py:157} INFO - Started process (PID=155452) to work on /home/jparep/miniconda3/envs/dbt-env/lib/python3.11/site-packages/airflow/example_dags/example_dynamic_task_mapping.py
[2025-02-17T22:29:56.612-0700] {processor.py:829} INFO - Processing file /home/jparep/miniconda3/envs/dbt-env/lib/python3.11/site-packages/airflow/example_dags/example_dynamic_task_mapping.py for tasks to queue
[2025-02-17T22:29:56.613-0700] {logging_mixin.py:154} INFO - [2025-02-17T22:29:56.613-0700] {dagbag.py:536} INFO - Filling up the DagBag from /home/jparep/miniconda3/envs/dbt-env/lib/python3.11/site-packages/airflow/example_dags/example_dynamic_task_mapping.py
[2025-02-17T22:29:56.626-0700] {processor.py:839} INFO - DAG(s) dict_keys(['example_dynamic_task_mapping']) retrieved from /home/jparep/miniconda3/envs/dbt-env/lib/python3.11/site-packages/airflow/example_dags/example_dynamic_task_mapping.py
[2025-02-17T22:29:56.647-0700] {logging_mixin.py:154} INFO - [2025-02-17T22:29:56.647-0700] {dag.py:2941} INFO - Sync 1 DAGs
[2025-02-17T22:29:56.671-0700] {logging_mixin.py:154} INFO - [2025-02-17T22:29:56.670-0700] {dag.py:3722} INFO - Setting next_dagrun for example_dynamic_task_mapping to 2022-03-04T00:00:00+00:00, run_after=2022-03-05T00:00:00+00:00
[2025-02-17T22:29:56.701-0700] {processor.py:179} INFO - Processing /home/jparep/miniconda3/envs/dbt-env/lib/python3.11/site-packages/airflow/example_dags/example_dynamic_task_mapping.py took 0.096 seconds
[2025-02-17T22:30:50.742-0700] {processor.py:157} INFO - Started process (PID=155994) to work on /home/jparep/miniconda3/envs/dbt-env/lib/python3.11/site-packages/airflow/example_dags/example_dynamic_task_mapping.py
[2025-02-17T22:30:50.744-0700] {processor.py:829} INFO - Processing file /home/jparep/miniconda3/envs/dbt-env/lib/python3.11/site-packages/airflow/example_dags/example_dynamic_task_mapping.py for tasks to queue
[2025-02-17T22:30:50.745-0700] {logging_mixin.py:154} INFO - [2025-02-17T22:30:50.745-0700] {dagbag.py:536} INFO - Filling up the DagBag from /home/jparep/miniconda3/envs/dbt-env/lib/python3.11/site-packages/airflow/example_dags/example_dynamic_task_mapping.py
[2025-02-17T22:30:50.757-0700] {processor.py:839} INFO - DAG(s) dict_keys(['example_dynamic_task_mapping']) retrieved from /home/jparep/miniconda3/envs/dbt-env/lib/python3.11/site-packages/airflow/example_dags/example_dynamic_task_mapping.py
[2025-02-17T22:30:50.777-0700] {logging_mixin.py:154} INFO - [2025-02-17T22:30:50.777-0700] {dag.py:2941} INFO - Sync 1 DAGs
[2025-02-17T22:30:50.794-0700] {logging_mixin.py:154} INFO - [2025-02-17T22:30:50.794-0700] {dag.py:3722} INFO - Setting next_dagrun for example_dynamic_task_mapping to 2022-03-04T00:00:00+00:00, run_after=2022-03-05T00:00:00+00:00
[2025-02-17T22:30:50.816-0700] {processor.py:179} INFO - Processing /home/jparep/miniconda3/envs/dbt-env/lib/python3.11/site-packages/airflow/example_dags/example_dynamic_task_mapping.py took 0.079 seconds
[2025-02-17T22:31:47.144-0700] {processor.py:157} INFO - Started process (PID=156545) to work on /home/jparep/miniconda3/envs/dbt-env/lib/python3.11/site-packages/airflow/example_dags/example_dynamic_task_mapping.py
[2025-02-17T22:31:47.147-0700] {processor.py:829} INFO - Processing file /home/jparep/miniconda3/envs/dbt-env/lib/python3.11/site-packages/airflow/example_dags/example_dynamic_task_mapping.py for tasks to queue
[2025-02-17T22:31:47.148-0700] {logging_mixin.py:154} INFO - [2025-02-17T22:31:47.148-0700] {dagbag.py:536} INFO - Filling up the DagBag from /home/jparep/miniconda3/envs/dbt-env/lib/python3.11/site-packages/airflow/example_dags/example_dynamic_task_mapping.py
[2025-02-17T22:31:47.160-0700] {processor.py:839} INFO - DAG(s) dict_keys(['example_dynamic_task_mapping']) retrieved from /home/jparep/miniconda3/envs/dbt-env/lib/python3.11/site-packages/airflow/example_dags/example_dynamic_task_mapping.py
[2025-02-17T22:31:47.181-0700] {logging_mixin.py:154} INFO - [2025-02-17T22:31:47.181-0700] {dag.py:2941} INFO - Sync 1 DAGs
[2025-02-17T22:31:47.207-0700] {logging_mixin.py:154} INFO - [2025-02-17T22:31:47.207-0700] {dag.py:3722} INFO - Setting next_dagrun for example_dynamic_task_mapping to 2022-03-04T00:00:00+00:00, run_after=2022-03-05T00:00:00+00:00
[2025-02-17T22:31:47.238-0700] {processor.py:179} INFO - Processing /home/jparep/miniconda3/envs/dbt-env/lib/python3.11/site-packages/airflow/example_dags/example_dynamic_task_mapping.py took 0.098 seconds
[2025-02-17T22:32:43.276-0700] {processor.py:157} INFO - Started process (PID=156968) to work on /home/jparep/miniconda3/envs/dbt-env/lib/python3.11/site-packages/airflow/example_dags/example_dynamic_task_mapping.py
[2025-02-17T22:32:43.279-0700] {processor.py:829} INFO - Processing file /home/jparep/miniconda3/envs/dbt-env/lib/python3.11/site-packages/airflow/example_dags/example_dynamic_task_mapping.py for tasks to queue
[2025-02-17T22:32:43.280-0700] {logging_mixin.py:154} INFO - [2025-02-17T22:32:43.280-0700] {dagbag.py:536} INFO - Filling up the DagBag from /home/jparep/miniconda3/envs/dbt-env/lib/python3.11/site-packages/airflow/example_dags/example_dynamic_task_mapping.py
[2025-02-17T22:32:43.293-0700] {processor.py:839} INFO - DAG(s) dict_keys(['example_dynamic_task_mapping']) retrieved from /home/jparep/miniconda3/envs/dbt-env/lib/python3.11/site-packages/airflow/example_dags/example_dynamic_task_mapping.py
[2025-02-17T22:32:43.316-0700] {logging_mixin.py:154} INFO - [2025-02-17T22:32:43.315-0700] {dag.py:2941} INFO - Sync 1 DAGs
[2025-02-17T22:32:43.341-0700] {logging_mixin.py:154} INFO - [2025-02-17T22:32:43.341-0700] {dag.py:3722} INFO - Setting next_dagrun for example_dynamic_task_mapping to 2022-03-04T00:00:00+00:00, run_after=2022-03-05T00:00:00+00:00
[2025-02-17T22:32:43.372-0700] {processor.py:179} INFO - Processing /home/jparep/miniconda3/envs/dbt-env/lib/python3.11/site-packages/airflow/example_dags/example_dynamic_task_mapping.py took 0.101 seconds
[2025-02-17T22:33:43.482-0700] {processor.py:157} INFO - Started process (PID=157487) to work on /home/jparep/miniconda3/envs/dbt-env/lib/python3.11/site-packages/airflow/example_dags/example_dynamic_task_mapping.py
[2025-02-17T22:33:43.483-0700] {processor.py:829} INFO - Processing file /home/jparep/miniconda3/envs/dbt-env/lib/python3.11/site-packages/airflow/example_dags/example_dynamic_task_mapping.py for tasks to queue
[2025-02-17T22:33:43.484-0700] {logging_mixin.py:154} INFO - [2025-02-17T22:33:43.483-0700] {dagbag.py:536} INFO - Filling up the DagBag from /home/jparep/miniconda3/envs/dbt-env/lib/python3.11/site-packages/airflow/example_dags/example_dynamic_task_mapping.py
[2025-02-17T22:33:43.494-0700] {processor.py:839} INFO - DAG(s) dict_keys(['example_dynamic_task_mapping']) retrieved from /home/jparep/miniconda3/envs/dbt-env/lib/python3.11/site-packages/airflow/example_dags/example_dynamic_task_mapping.py
[2025-02-17T22:33:43.507-0700] {logging_mixin.py:154} INFO - [2025-02-17T22:33:43.507-0700] {dag.py:2941} INFO - Sync 1 DAGs
[2025-02-17T22:33:43.521-0700] {logging_mixin.py:154} INFO - [2025-02-17T22:33:43.521-0700] {dag.py:3722} INFO - Setting next_dagrun for example_dynamic_task_mapping to 2022-03-04T00:00:00+00:00, run_after=2022-03-05T00:00:00+00:00
[2025-02-17T22:33:43.542-0700] {processor.py:179} INFO - Processing /home/jparep/miniconda3/envs/dbt-env/lib/python3.11/site-packages/airflow/example_dags/example_dynamic_task_mapping.py took 0.064 seconds
[2025-02-17T22:34:36.366-0700] {processor.py:157} INFO - Started process (PID=157708) to work on /home/jparep/miniconda3/envs/dbt-env/lib/python3.11/site-packages/airflow/example_dags/example_dynamic_task_mapping.py
[2025-02-17T22:34:36.368-0700] {processor.py:829} INFO - Processing file /home/jparep/miniconda3/envs/dbt-env/lib/python3.11/site-packages/airflow/example_dags/example_dynamic_task_mapping.py for tasks to queue
[2025-02-17T22:34:36.369-0700] {logging_mixin.py:154} INFO - [2025-02-17T22:34:36.369-0700] {dagbag.py:536} INFO - Filling up the DagBag from /home/jparep/miniconda3/envs/dbt-env/lib/python3.11/site-packages/airflow/example_dags/example_dynamic_task_mapping.py
[2025-02-17T22:34:36.379-0700] {processor.py:839} INFO - DAG(s) dict_keys(['example_dynamic_task_mapping']) retrieved from /home/jparep/miniconda3/envs/dbt-env/lib/python3.11/site-packages/airflow/example_dags/example_dynamic_task_mapping.py
[2025-02-17T22:34:36.394-0700] {logging_mixin.py:154} INFO - [2025-02-17T22:34:36.394-0700] {dag.py:2941} INFO - Sync 1 DAGs
[2025-02-17T22:34:36.409-0700] {logging_mixin.py:154} INFO - [2025-02-17T22:34:36.409-0700] {dag.py:3722} INFO - Setting next_dagrun for example_dynamic_task_mapping to 2022-03-04T00:00:00+00:00, run_after=2022-03-05T00:00:00+00:00
[2025-02-17T22:34:36.426-0700] {processor.py:179} INFO - Processing /home/jparep/miniconda3/envs/dbt-env/lib/python3.11/site-packages/airflow/example_dags/example_dynamic_task_mapping.py took 0.064 seconds
[2025-02-17T22:35:29.155-0700] {processor.py:157} INFO - Started process (PID=158169) to work on /home/jparep/miniconda3/envs/dbt-env/lib/python3.11/site-packages/airflow/example_dags/example_dynamic_task_mapping.py
[2025-02-17T22:35:29.159-0700] {processor.py:829} INFO - Processing file /home/jparep/miniconda3/envs/dbt-env/lib/python3.11/site-packages/airflow/example_dags/example_dynamic_task_mapping.py for tasks to queue
[2025-02-17T22:35:29.161-0700] {logging_mixin.py:154} INFO - [2025-02-17T22:35:29.160-0700] {dagbag.py:536} INFO - Filling up the DagBag from /home/jparep/miniconda3/envs/dbt-env/lib/python3.11/site-packages/airflow/example_dags/example_dynamic_task_mapping.py
[2025-02-17T22:35:29.179-0700] {processor.py:839} INFO - DAG(s) dict_keys(['example_dynamic_task_mapping']) retrieved from /home/jparep/miniconda3/envs/dbt-env/lib/python3.11/site-packages/airflow/example_dags/example_dynamic_task_mapping.py
[2025-02-17T22:35:29.201-0700] {logging_mixin.py:154} INFO - [2025-02-17T22:35:29.200-0700] {dag.py:2941} INFO - Sync 1 DAGs
[2025-02-17T22:35:29.228-0700] {logging_mixin.py:154} INFO - [2025-02-17T22:35:29.227-0700] {dag.py:3722} INFO - Setting next_dagrun for example_dynamic_task_mapping to 2022-03-04T00:00:00+00:00, run_after=2022-03-05T00:00:00+00:00
[2025-02-17T22:35:29.249-0700] {processor.py:179} INFO - Processing /home/jparep/miniconda3/envs/dbt-env/lib/python3.11/site-packages/airflow/example_dags/example_dynamic_task_mapping.py took 0.101 seconds
[2025-02-17T22:36:30.439-0700] {processor.py:157} INFO - Started process (PID=158730) to work on /home/jparep/miniconda3/envs/dbt-env/lib/python3.11/site-packages/airflow/example_dags/example_dynamic_task_mapping.py
[2025-02-17T22:36:30.441-0700] {processor.py:829} INFO - Processing file /home/jparep/miniconda3/envs/dbt-env/lib/python3.11/site-packages/airflow/example_dags/example_dynamic_task_mapping.py for tasks to queue
[2025-02-17T22:36:30.441-0700] {logging_mixin.py:154} INFO - [2025-02-17T22:36:30.441-0700] {dagbag.py:536} INFO - Filling up the DagBag from /home/jparep/miniconda3/envs/dbt-env/lib/python3.11/site-packages/airflow/example_dags/example_dynamic_task_mapping.py
[2025-02-17T22:36:30.448-0700] {processor.py:839} INFO - DAG(s) dict_keys(['example_dynamic_task_mapping']) retrieved from /home/jparep/miniconda3/envs/dbt-env/lib/python3.11/site-packages/airflow/example_dags/example_dynamic_task_mapping.py
[2025-02-17T22:36:30.460-0700] {logging_mixin.py:154} INFO - [2025-02-17T22:36:30.460-0700] {dag.py:2941} INFO - Sync 1 DAGs
[2025-02-17T22:36:30.475-0700] {logging_mixin.py:154} INFO - [2025-02-17T22:36:30.475-0700] {dag.py:3722} INFO - Setting next_dagrun for example_dynamic_task_mapping to 2022-03-04T00:00:00+00:00, run_after=2022-03-05T00:00:00+00:00
[2025-02-17T22:36:30.492-0700] {processor.py:179} INFO - Processing /home/jparep/miniconda3/envs/dbt-env/lib/python3.11/site-packages/airflow/example_dags/example_dynamic_task_mapping.py took 0.056 seconds
[2025-02-17T22:37:29.879-0700] {processor.py:157} INFO - Started process (PID=159854) to work on /home/jparep/miniconda3/envs/dbt-env/lib/python3.11/site-packages/airflow/example_dags/example_dynamic_task_mapping.py
[2025-02-17T22:37:29.882-0700] {processor.py:829} INFO - Processing file /home/jparep/miniconda3/envs/dbt-env/lib/python3.11/site-packages/airflow/example_dags/example_dynamic_task_mapping.py for tasks to queue
[2025-02-17T22:37:29.883-0700] {logging_mixin.py:154} INFO - [2025-02-17T22:37:29.882-0700] {dagbag.py:536} INFO - Filling up the DagBag from /home/jparep/miniconda3/envs/dbt-env/lib/python3.11/site-packages/airflow/example_dags/example_dynamic_task_mapping.py
[2025-02-17T22:37:29.894-0700] {processor.py:839} INFO - DAG(s) dict_keys(['example_dynamic_task_mapping']) retrieved from /home/jparep/miniconda3/envs/dbt-env/lib/python3.11/site-packages/airflow/example_dags/example_dynamic_task_mapping.py
[2025-02-17T22:37:29.907-0700] {logging_mixin.py:154} INFO - [2025-02-17T22:37:29.907-0700] {dag.py:2941} INFO - Sync 1 DAGs
[2025-02-17T22:37:29.920-0700] {logging_mixin.py:154} INFO - [2025-02-17T22:37:29.920-0700] {dag.py:3722} INFO - Setting next_dagrun for example_dynamic_task_mapping to 2022-03-04T00:00:00+00:00, run_after=2022-03-05T00:00:00+00:00
[2025-02-17T22:37:29.934-0700] {processor.py:179} INFO - Processing /home/jparep/miniconda3/envs/dbt-env/lib/python3.11/site-packages/airflow/example_dags/example_dynamic_task_mapping.py took 0.059 seconds
[2025-02-17T22:38:19.674-0700] {processor.py:157} INFO - Started process (PID=160539) to work on /home/jparep/miniconda3/envs/dbt-env/lib/python3.11/site-packages/airflow/example_dags/example_dynamic_task_mapping.py
[2025-02-17T22:38:19.676-0700] {processor.py:829} INFO - Processing file /home/jparep/miniconda3/envs/dbt-env/lib/python3.11/site-packages/airflow/example_dags/example_dynamic_task_mapping.py for tasks to queue
[2025-02-17T22:38:19.677-0700] {logging_mixin.py:154} INFO - [2025-02-17T22:38:19.677-0700] {dagbag.py:536} INFO - Filling up the DagBag from /home/jparep/miniconda3/envs/dbt-env/lib/python3.11/site-packages/airflow/example_dags/example_dynamic_task_mapping.py
[2025-02-17T22:38:19.689-0700] {processor.py:839} INFO - DAG(s) dict_keys(['example_dynamic_task_mapping']) retrieved from /home/jparep/miniconda3/envs/dbt-env/lib/python3.11/site-packages/airflow/example_dags/example_dynamic_task_mapping.py
[2025-02-17T22:38:19.709-0700] {logging_mixin.py:154} INFO - [2025-02-17T22:38:19.709-0700] {dag.py:2941} INFO - Sync 1 DAGs
[2025-02-17T22:38:19.729-0700] {logging_mixin.py:154} INFO - [2025-02-17T22:38:19.729-0700] {dag.py:3722} INFO - Setting next_dagrun for example_dynamic_task_mapping to 2022-03-04T00:00:00+00:00, run_after=2022-03-05T00:00:00+00:00
[2025-02-17T22:38:19.749-0700] {processor.py:179} INFO - Processing /home/jparep/miniconda3/envs/dbt-env/lib/python3.11/site-packages/airflow/example_dags/example_dynamic_task_mapping.py took 0.080 seconds
[2025-02-17T22:39:14.049-0700] {processor.py:157} INFO - Started process (PID=161142) to work on /home/jparep/miniconda3/envs/dbt-env/lib/python3.11/site-packages/airflow/example_dags/example_dynamic_task_mapping.py
[2025-02-17T22:39:14.052-0700] {processor.py:829} INFO - Processing file /home/jparep/miniconda3/envs/dbt-env/lib/python3.11/site-packages/airflow/example_dags/example_dynamic_task_mapping.py for tasks to queue
[2025-02-17T22:39:14.053-0700] {logging_mixin.py:154} INFO - [2025-02-17T22:39:14.052-0700] {dagbag.py:536} INFO - Filling up the DagBag from /home/jparep/miniconda3/envs/dbt-env/lib/python3.11/site-packages/airflow/example_dags/example_dynamic_task_mapping.py
[2025-02-17T22:39:14.061-0700] {processor.py:839} INFO - DAG(s) dict_keys(['example_dynamic_task_mapping']) retrieved from /home/jparep/miniconda3/envs/dbt-env/lib/python3.11/site-packages/airflow/example_dags/example_dynamic_task_mapping.py
[2025-02-17T22:39:14.076-0700] {logging_mixin.py:154} INFO - [2025-02-17T22:39:14.075-0700] {dag.py:2941} INFO - Sync 1 DAGs
[2025-02-17T22:39:14.091-0700] {logging_mixin.py:154} INFO - [2025-02-17T22:39:14.090-0700] {dag.py:3722} INFO - Setting next_dagrun for example_dynamic_task_mapping to 2022-03-04T00:00:00+00:00, run_after=2022-03-05T00:00:00+00:00
[2025-02-17T22:39:14.108-0700] {processor.py:179} INFO - Processing /home/jparep/miniconda3/envs/dbt-env/lib/python3.11/site-packages/airflow/example_dags/example_dynamic_task_mapping.py took 0.061 seconds
[2025-02-17T22:40:10.440-0700] {processor.py:157} INFO - Started process (PID=161558) to work on /home/jparep/miniconda3/envs/dbt-env/lib/python3.11/site-packages/airflow/example_dags/example_dynamic_task_mapping.py
[2025-02-17T22:40:10.442-0700] {processor.py:829} INFO - Processing file /home/jparep/miniconda3/envs/dbt-env/lib/python3.11/site-packages/airflow/example_dags/example_dynamic_task_mapping.py for tasks to queue
[2025-02-17T22:40:10.444-0700] {logging_mixin.py:154} INFO - [2025-02-17T22:40:10.443-0700] {dagbag.py:536} INFO - Filling up the DagBag from /home/jparep/miniconda3/envs/dbt-env/lib/python3.11/site-packages/airflow/example_dags/example_dynamic_task_mapping.py
[2025-02-17T22:40:10.452-0700] {processor.py:839} INFO - DAG(s) dict_keys(['example_dynamic_task_mapping']) retrieved from /home/jparep/miniconda3/envs/dbt-env/lib/python3.11/site-packages/airflow/example_dags/example_dynamic_task_mapping.py
[2025-02-17T22:40:10.469-0700] {logging_mixin.py:154} INFO - [2025-02-17T22:40:10.469-0700] {dag.py:2941} INFO - Sync 1 DAGs
[2025-02-17T22:40:10.487-0700] {logging_mixin.py:154} INFO - [2025-02-17T22:40:10.487-0700] {dag.py:3722} INFO - Setting next_dagrun for example_dynamic_task_mapping to 2022-03-04T00:00:00+00:00, run_after=2022-03-05T00:00:00+00:00
[2025-02-17T22:40:10.507-0700] {processor.py:179} INFO - Processing /home/jparep/miniconda3/envs/dbt-env/lib/python3.11/site-packages/airflow/example_dags/example_dynamic_task_mapping.py took 0.070 seconds
[2025-02-17T22:41:06.920-0700] {processor.py:157} INFO - Started process (PID=162098) to work on /home/jparep/miniconda3/envs/dbt-env/lib/python3.11/site-packages/airflow/example_dags/example_dynamic_task_mapping.py
[2025-02-17T22:41:06.922-0700] {processor.py:829} INFO - Processing file /home/jparep/miniconda3/envs/dbt-env/lib/python3.11/site-packages/airflow/example_dags/example_dynamic_task_mapping.py for tasks to queue
[2025-02-17T22:41:06.923-0700] {logging_mixin.py:154} INFO - [2025-02-17T22:41:06.922-0700] {dagbag.py:536} INFO - Filling up the DagBag from /home/jparep/miniconda3/envs/dbt-env/lib/python3.11/site-packages/airflow/example_dags/example_dynamic_task_mapping.py
[2025-02-17T22:41:06.936-0700] {processor.py:839} INFO - DAG(s) dict_keys(['example_dynamic_task_mapping']) retrieved from /home/jparep/miniconda3/envs/dbt-env/lib/python3.11/site-packages/airflow/example_dags/example_dynamic_task_mapping.py
[2025-02-17T22:41:06.955-0700] {logging_mixin.py:154} INFO - [2025-02-17T22:41:06.954-0700] {dag.py:2941} INFO - Sync 1 DAGs
[2025-02-17T22:41:06.973-0700] {logging_mixin.py:154} INFO - [2025-02-17T22:41:06.973-0700] {dag.py:3722} INFO - Setting next_dagrun for example_dynamic_task_mapping to 2022-03-04T00:00:00+00:00, run_after=2022-03-05T00:00:00+00:00
[2025-02-17T22:41:06.993-0700] {processor.py:179} INFO - Processing /home/jparep/miniconda3/envs/dbt-env/lib/python3.11/site-packages/airflow/example_dags/example_dynamic_task_mapping.py took 0.078 seconds
[2025-02-17T22:42:09.223-0700] {processor.py:157} INFO - Started process (PID=162378) to work on /home/jparep/miniconda3/envs/dbt-env/lib/python3.11/site-packages/airflow/example_dags/example_dynamic_task_mapping.py
[2025-02-17T22:42:09.226-0700] {processor.py:829} INFO - Processing file /home/jparep/miniconda3/envs/dbt-env/lib/python3.11/site-packages/airflow/example_dags/example_dynamic_task_mapping.py for tasks to queue
[2025-02-17T22:42:09.227-0700] {logging_mixin.py:154} INFO - [2025-02-17T22:42:09.227-0700] {dagbag.py:536} INFO - Filling up the DagBag from /home/jparep/miniconda3/envs/dbt-env/lib/python3.11/site-packages/airflow/example_dags/example_dynamic_task_mapping.py
[2025-02-17T22:42:09.240-0700] {processor.py:839} INFO - DAG(s) dict_keys(['example_dynamic_task_mapping']) retrieved from /home/jparep/miniconda3/envs/dbt-env/lib/python3.11/site-packages/airflow/example_dags/example_dynamic_task_mapping.py
[2025-02-17T22:42:09.260-0700] {logging_mixin.py:154} INFO - [2025-02-17T22:42:09.260-0700] {dag.py:2941} INFO - Sync 1 DAGs
[2025-02-17T22:42:09.286-0700] {logging_mixin.py:154} INFO - [2025-02-17T22:42:09.286-0700] {dag.py:3722} INFO - Setting next_dagrun for example_dynamic_task_mapping to 2022-03-04T00:00:00+00:00, run_after=2022-03-05T00:00:00+00:00
[2025-02-17T22:42:09.315-0700] {processor.py:179} INFO - Processing /home/jparep/miniconda3/envs/dbt-env/lib/python3.11/site-packages/airflow/example_dags/example_dynamic_task_mapping.py took 0.097 seconds
