[2025-02-17T22:15:40.992-0700] {processor.py:157} INFO - Started process (PID=148409) to work on /home/jparep/miniconda3/envs/dbt-env/lib/python3.11/site-packages/airflow/example_dags/example_sensor_decorator.py
[2025-02-17T22:15:40.992-0700] {processor.py:829} INFO - Processing file /home/jparep/miniconda3/envs/dbt-env/lib/python3.11/site-packages/airflow/example_dags/example_sensor_decorator.py for tasks to queue
[2025-02-17T22:15:40.993-0700] {logging_mixin.py:154} INFO - [2025-02-17T22:15:40.993-0700] {dagbag.py:536} INFO - Filling up the DagBag from /home/jparep/miniconda3/envs/dbt-env/lib/python3.11/site-packages/airflow/example_dags/example_sensor_decorator.py
[2025-02-17T22:15:41.003-0700] {processor.py:839} INFO - DAG(s) dict_keys(['example_sensor_decorator']) retrieved from /home/jparep/miniconda3/envs/dbt-env/lib/python3.11/site-packages/airflow/example_dags/example_sensor_decorator.py
[2025-02-17T22:15:41.298-0700] {logging_mixin.py:154} INFO - [2025-02-17T22:15:41.298-0700] {manager.py:499} INFO - Created Permission View: %s
[2025-02-17T22:15:41.318-0700] {logging_mixin.py:154} INFO - [2025-02-17T22:15:41.317-0700] {manager.py:499} INFO - Created Permission View: %s
[2025-02-17T22:15:41.348-0700] {logging_mixin.py:154} INFO - [2025-02-17T22:15:41.348-0700] {manager.py:499} INFO - Created Permission View: %s
[2025-02-17T22:15:41.348-0700] {logging_mixin.py:154} INFO - [2025-02-17T22:15:41.348-0700] {dag.py:2941} INFO - Sync 1 DAGs
[2025-02-17T22:15:41.363-0700] {logging_mixin.py:154} INFO - [2025-02-17T22:15:41.362-0700] {dag.py:2963} INFO - Creating ORM DAG for example_sensor_decorator
[2025-02-17T22:15:41.363-0700] {logging_mixin.py:154} INFO - [2025-02-17T22:15:41.363-0700] {dag.py:3722} INFO - Setting next_dagrun for example_sensor_decorator to None, run_after=None
[2025-02-17T22:15:41.407-0700] {processor.py:179} INFO - Processing /home/jparep/miniconda3/envs/dbt-env/lib/python3.11/site-packages/airflow/example_dags/example_sensor_decorator.py took 0.418 seconds
[2025-02-17T22:16:40.783-0700] {processor.py:157} INFO - Started process (PID=148795) to work on /home/jparep/miniconda3/envs/dbt-env/lib/python3.11/site-packages/airflow/example_dags/example_sensor_decorator.py
[2025-02-17T22:16:40.786-0700] {processor.py:829} INFO - Processing file /home/jparep/miniconda3/envs/dbt-env/lib/python3.11/site-packages/airflow/example_dags/example_sensor_decorator.py for tasks to queue
[2025-02-17T22:16:40.787-0700] {logging_mixin.py:154} INFO - [2025-02-17T22:16:40.786-0700] {dagbag.py:536} INFO - Filling up the DagBag from /home/jparep/miniconda3/envs/dbt-env/lib/python3.11/site-packages/airflow/example_dags/example_sensor_decorator.py
[2025-02-17T22:16:40.795-0700] {processor.py:839} INFO - DAG(s) dict_keys(['example_sensor_decorator']) retrieved from /home/jparep/miniconda3/envs/dbt-env/lib/python3.11/site-packages/airflow/example_dags/example_sensor_decorator.py
[2025-02-17T22:16:40.816-0700] {logging_mixin.py:154} INFO - [2025-02-17T22:16:40.815-0700] {dag.py:2941} INFO - Sync 1 DAGs
[2025-02-17T22:16:40.827-0700] {logging_mixin.py:154} INFO - [2025-02-17T22:16:40.827-0700] {dag.py:3722} INFO - Setting next_dagrun for example_sensor_decorator to None, run_after=None
[2025-02-17T22:16:40.845-0700] {processor.py:179} INFO - Processing /home/jparep/miniconda3/envs/dbt-env/lib/python3.11/site-packages/airflow/example_dags/example_sensor_decorator.py took 0.066 seconds
[2025-02-17T22:17:27.222-0700] {processor.py:157} INFO - Started process (PID=149216) to work on /home/jparep/miniconda3/envs/dbt-env/lib/python3.11/site-packages/airflow/example_dags/example_sensor_decorator.py
[2025-02-17T22:17:27.223-0700] {processor.py:829} INFO - Processing file /home/jparep/miniconda3/envs/dbt-env/lib/python3.11/site-packages/airflow/example_dags/example_sensor_decorator.py for tasks to queue
[2025-02-17T22:17:27.224-0700] {logging_mixin.py:154} INFO - [2025-02-17T22:17:27.224-0700] {dagbag.py:536} INFO - Filling up the DagBag from /home/jparep/miniconda3/envs/dbt-env/lib/python3.11/site-packages/airflow/example_dags/example_sensor_decorator.py
[2025-02-17T22:17:27.229-0700] {processor.py:839} INFO - DAG(s) dict_keys(['example_sensor_decorator']) retrieved from /home/jparep/miniconda3/envs/dbt-env/lib/python3.11/site-packages/airflow/example_dags/example_sensor_decorator.py
[2025-02-17T22:17:27.326-0700] {logging_mixin.py:154} INFO - [2025-02-17T22:17:27.326-0700] {dag.py:2941} INFO - Sync 1 DAGs
[2025-02-17T22:17:27.334-0700] {logging_mixin.py:154} INFO - [2025-02-17T22:17:27.334-0700] {dag.py:3722} INFO - Setting next_dagrun for example_sensor_decorator to None, run_after=None
[2025-02-17T22:17:27.352-0700] {processor.py:179} INFO - Processing /home/jparep/miniconda3/envs/dbt-env/lib/python3.11/site-packages/airflow/example_dags/example_sensor_decorator.py took 0.132 seconds
[2025-02-17T22:18:11.342-0700] {processor.py:157} INFO - Started process (PID=149498) to work on /home/jparep/miniconda3/envs/dbt-env/lib/python3.11/site-packages/airflow/example_dags/example_sensor_decorator.py
[2025-02-17T22:18:11.346-0700] {processor.py:829} INFO - Processing file /home/jparep/miniconda3/envs/dbt-env/lib/python3.11/site-packages/airflow/example_dags/example_sensor_decorator.py for tasks to queue
[2025-02-17T22:18:11.348-0700] {logging_mixin.py:154} INFO - [2025-02-17T22:18:11.347-0700] {dagbag.py:536} INFO - Filling up the DagBag from /home/jparep/miniconda3/envs/dbt-env/lib/python3.11/site-packages/airflow/example_dags/example_sensor_decorator.py
[2025-02-17T22:18:11.363-0700] {processor.py:839} INFO - DAG(s) dict_keys(['example_sensor_decorator']) retrieved from /home/jparep/miniconda3/envs/dbt-env/lib/python3.11/site-packages/airflow/example_dags/example_sensor_decorator.py
[2025-02-17T22:18:11.402-0700] {logging_mixin.py:154} INFO - [2025-02-17T22:18:11.401-0700] {dag.py:2941} INFO - Sync 1 DAGs
[2025-02-17T22:18:11.416-0700] {logging_mixin.py:154} INFO - [2025-02-17T22:18:11.416-0700] {dag.py:3722} INFO - Setting next_dagrun for example_sensor_decorator to None, run_after=None
[2025-02-17T22:18:11.451-0700] {processor.py:179} INFO - Processing /home/jparep/miniconda3/envs/dbt-env/lib/python3.11/site-packages/airflow/example_dags/example_sensor_decorator.py took 0.118 seconds
[2025-02-17T22:18:52.729-0700] {processor.py:157} INFO - Started process (PID=149927) to work on /home/jparep/miniconda3/envs/dbt-env/lib/python3.11/site-packages/airflow/example_dags/example_sensor_decorator.py
[2025-02-17T22:18:52.732-0700] {processor.py:829} INFO - Processing file /home/jparep/miniconda3/envs/dbt-env/lib/python3.11/site-packages/airflow/example_dags/example_sensor_decorator.py for tasks to queue
[2025-02-17T22:18:52.733-0700] {logging_mixin.py:154} INFO - [2025-02-17T22:18:52.732-0700] {dagbag.py:536} INFO - Filling up the DagBag from /home/jparep/miniconda3/envs/dbt-env/lib/python3.11/site-packages/airflow/example_dags/example_sensor_decorator.py
[2025-02-17T22:18:52.740-0700] {processor.py:839} INFO - DAG(s) dict_keys(['example_sensor_decorator']) retrieved from /home/jparep/miniconda3/envs/dbt-env/lib/python3.11/site-packages/airflow/example_dags/example_sensor_decorator.py
[2025-02-17T22:18:52.754-0700] {logging_mixin.py:154} INFO - [2025-02-17T22:18:52.754-0700] {dag.py:2941} INFO - Sync 1 DAGs
[2025-02-17T22:18:52.762-0700] {logging_mixin.py:154} INFO - [2025-02-17T22:18:52.762-0700] {dag.py:3722} INFO - Setting next_dagrun for example_sensor_decorator to None, run_after=None
[2025-02-17T22:18:52.776-0700] {processor.py:179} INFO - Processing /home/jparep/miniconda3/envs/dbt-env/lib/python3.11/site-packages/airflow/example_dags/example_sensor_decorator.py took 0.051 seconds
[2025-02-17T22:19:28.300-0700] {processor.py:157} INFO - Started process (PID=150154) to work on /home/jparep/miniconda3/envs/dbt-env/lib/python3.11/site-packages/airflow/example_dags/example_sensor_decorator.py
[2025-02-17T22:19:28.303-0700] {processor.py:829} INFO - Processing file /home/jparep/miniconda3/envs/dbt-env/lib/python3.11/site-packages/airflow/example_dags/example_sensor_decorator.py for tasks to queue
[2025-02-17T22:19:28.304-0700] {logging_mixin.py:154} INFO - [2025-02-17T22:19:28.303-0700] {dagbag.py:536} INFO - Filling up the DagBag from /home/jparep/miniconda3/envs/dbt-env/lib/python3.11/site-packages/airflow/example_dags/example_sensor_decorator.py
[2025-02-17T22:19:28.313-0700] {processor.py:839} INFO - DAG(s) dict_keys(['example_sensor_decorator']) retrieved from /home/jparep/miniconda3/envs/dbt-env/lib/python3.11/site-packages/airflow/example_dags/example_sensor_decorator.py
[2025-02-17T22:19:28.329-0700] {logging_mixin.py:154} INFO - [2025-02-17T22:19:28.329-0700] {dag.py:2941} INFO - Sync 1 DAGs
[2025-02-17T22:19:28.337-0700] {logging_mixin.py:154} INFO - [2025-02-17T22:19:28.337-0700] {dag.py:3722} INFO - Setting next_dagrun for example_sensor_decorator to None, run_after=None
[2025-02-17T22:19:28.352-0700] {processor.py:179} INFO - Processing /home/jparep/miniconda3/envs/dbt-env/lib/python3.11/site-packages/airflow/example_dags/example_sensor_decorator.py took 0.057 seconds
[2025-02-17T22:20:09.031-0700] {processor.py:157} INFO - Started process (PID=150594) to work on /home/jparep/miniconda3/envs/dbt-env/lib/python3.11/site-packages/airflow/example_dags/example_sensor_decorator.py
[2025-02-17T22:20:09.035-0700] {processor.py:829} INFO - Processing file /home/jparep/miniconda3/envs/dbt-env/lib/python3.11/site-packages/airflow/example_dags/example_sensor_decorator.py for tasks to queue
[2025-02-17T22:20:09.036-0700] {logging_mixin.py:154} INFO - [2025-02-17T22:20:09.035-0700] {dagbag.py:536} INFO - Filling up the DagBag from /home/jparep/miniconda3/envs/dbt-env/lib/python3.11/site-packages/airflow/example_dags/example_sensor_decorator.py
[2025-02-17T22:20:09.046-0700] {processor.py:839} INFO - DAG(s) dict_keys(['example_sensor_decorator']) retrieved from /home/jparep/miniconda3/envs/dbt-env/lib/python3.11/site-packages/airflow/example_dags/example_sensor_decorator.py
[2025-02-17T22:20:09.068-0700] {logging_mixin.py:154} INFO - [2025-02-17T22:20:09.067-0700] {dag.py:2941} INFO - Sync 1 DAGs
[2025-02-17T22:20:09.081-0700] {logging_mixin.py:154} INFO - [2025-02-17T22:20:09.081-0700] {dag.py:3722} INFO - Setting next_dagrun for example_sensor_decorator to None, run_after=None
[2025-02-17T22:20:09.114-0700] {processor.py:179} INFO - Processing /home/jparep/miniconda3/envs/dbt-env/lib/python3.11/site-packages/airflow/example_dags/example_sensor_decorator.py took 0.087 seconds
[2025-02-17T22:20:47.687-0700] {processor.py:157} INFO - Started process (PID=151009) to work on /home/jparep/miniconda3/envs/dbt-env/lib/python3.11/site-packages/airflow/example_dags/example_sensor_decorator.py
[2025-02-17T22:20:47.690-0700] {processor.py:829} INFO - Processing file /home/jparep/miniconda3/envs/dbt-env/lib/python3.11/site-packages/airflow/example_dags/example_sensor_decorator.py for tasks to queue
[2025-02-17T22:20:47.691-0700] {logging_mixin.py:154} INFO - [2025-02-17T22:20:47.691-0700] {dagbag.py:536} INFO - Filling up the DagBag from /home/jparep/miniconda3/envs/dbt-env/lib/python3.11/site-packages/airflow/example_dags/example_sensor_decorator.py
[2025-02-17T22:20:47.700-0700] {processor.py:839} INFO - DAG(s) dict_keys(['example_sensor_decorator']) retrieved from /home/jparep/miniconda3/envs/dbt-env/lib/python3.11/site-packages/airflow/example_dags/example_sensor_decorator.py
[2025-02-17T22:20:47.721-0700] {logging_mixin.py:154} INFO - [2025-02-17T22:20:47.721-0700] {dag.py:2941} INFO - Sync 1 DAGs
[2025-02-17T22:20:47.734-0700] {logging_mixin.py:154} INFO - [2025-02-17T22:20:47.733-0700] {dag.py:3722} INFO - Setting next_dagrun for example_sensor_decorator to None, run_after=None
[2025-02-17T22:20:47.762-0700] {processor.py:179} INFO - Processing /home/jparep/miniconda3/envs/dbt-env/lib/python3.11/site-packages/airflow/example_dags/example_sensor_decorator.py took 0.079 seconds
[2025-02-17T22:21:24.470-0700] {processor.py:157} INFO - Started process (PID=151248) to work on /home/jparep/miniconda3/envs/dbt-env/lib/python3.11/site-packages/airflow/example_dags/example_sensor_decorator.py
[2025-02-17T22:21:24.473-0700] {processor.py:829} INFO - Processing file /home/jparep/miniconda3/envs/dbt-env/lib/python3.11/site-packages/airflow/example_dags/example_sensor_decorator.py for tasks to queue
[2025-02-17T22:21:24.474-0700] {logging_mixin.py:154} INFO - [2025-02-17T22:21:24.474-0700] {dagbag.py:536} INFO - Filling up the DagBag from /home/jparep/miniconda3/envs/dbt-env/lib/python3.11/site-packages/airflow/example_dags/example_sensor_decorator.py
[2025-02-17T22:21:24.483-0700] {processor.py:839} INFO - DAG(s) dict_keys(['example_sensor_decorator']) retrieved from /home/jparep/miniconda3/envs/dbt-env/lib/python3.11/site-packages/airflow/example_dags/example_sensor_decorator.py
[2025-02-17T22:21:24.505-0700] {logging_mixin.py:154} INFO - [2025-02-17T22:21:24.505-0700] {dag.py:2941} INFO - Sync 1 DAGs
[2025-02-17T22:21:24.520-0700] {logging_mixin.py:154} INFO - [2025-02-17T22:21:24.519-0700] {dag.py:3722} INFO - Setting next_dagrun for example_sensor_decorator to None, run_after=None
[2025-02-17T22:21:24.551-0700] {processor.py:179} INFO - Processing /home/jparep/miniconda3/envs/dbt-env/lib/python3.11/site-packages/airflow/example_dags/example_sensor_decorator.py took 0.086 seconds
[2025-02-17T22:21:57.574-0700] {processor.py:157} INFO - Started process (PID=151597) to work on /home/jparep/miniconda3/envs/dbt-env/lib/python3.11/site-packages/airflow/example_dags/example_sensor_decorator.py
[2025-02-17T22:21:57.576-0700] {processor.py:829} INFO - Processing file /home/jparep/miniconda3/envs/dbt-env/lib/python3.11/site-packages/airflow/example_dags/example_sensor_decorator.py for tasks to queue
[2025-02-17T22:21:57.578-0700] {logging_mixin.py:154} INFO - [2025-02-17T22:21:57.577-0700] {dagbag.py:536} INFO - Filling up the DagBag from /home/jparep/miniconda3/envs/dbt-env/lib/python3.11/site-packages/airflow/example_dags/example_sensor_decorator.py
[2025-02-17T22:21:57.587-0700] {processor.py:839} INFO - DAG(s) dict_keys(['example_sensor_decorator']) retrieved from /home/jparep/miniconda3/envs/dbt-env/lib/python3.11/site-packages/airflow/example_dags/example_sensor_decorator.py
[2025-02-17T22:21:57.609-0700] {logging_mixin.py:154} INFO - [2025-02-17T22:21:57.609-0700] {dag.py:2941} INFO - Sync 1 DAGs
[2025-02-17T22:21:57.619-0700] {logging_mixin.py:154} INFO - [2025-02-17T22:21:57.619-0700] {dag.py:3722} INFO - Setting next_dagrun for example_sensor_decorator to None, run_after=None
[2025-02-17T22:21:57.639-0700] {processor.py:179} INFO - Processing /home/jparep/miniconda3/envs/dbt-env/lib/python3.11/site-packages/airflow/example_dags/example_sensor_decorator.py took 0.069 seconds
[2025-02-17T22:22:33.361-0700] {processor.py:157} INFO - Started process (PID=151734) to work on /home/jparep/miniconda3/envs/dbt-env/lib/python3.11/site-packages/airflow/example_dags/example_sensor_decorator.py
[2025-02-17T22:22:33.364-0700] {processor.py:829} INFO - Processing file /home/jparep/miniconda3/envs/dbt-env/lib/python3.11/site-packages/airflow/example_dags/example_sensor_decorator.py for tasks to queue
[2025-02-17T22:22:33.365-0700] {logging_mixin.py:154} INFO - [2025-02-17T22:22:33.364-0700] {dagbag.py:536} INFO - Filling up the DagBag from /home/jparep/miniconda3/envs/dbt-env/lib/python3.11/site-packages/airflow/example_dags/example_sensor_decorator.py
[2025-02-17T22:22:33.375-0700] {processor.py:839} INFO - DAG(s) dict_keys(['example_sensor_decorator']) retrieved from /home/jparep/miniconda3/envs/dbt-env/lib/python3.11/site-packages/airflow/example_dags/example_sensor_decorator.py
[2025-02-17T22:22:33.400-0700] {logging_mixin.py:154} INFO - [2025-02-17T22:22:33.400-0700] {dag.py:2941} INFO - Sync 1 DAGs
[2025-02-17T22:22:33.414-0700] {logging_mixin.py:154} INFO - [2025-02-17T22:22:33.414-0700] {dag.py:3722} INFO - Setting next_dagrun for example_sensor_decorator to None, run_after=None
[2025-02-17T22:22:33.447-0700] {processor.py:179} INFO - Processing /home/jparep/miniconda3/envs/dbt-env/lib/python3.11/site-packages/airflow/example_dags/example_sensor_decorator.py took 0.090 seconds
[2025-02-17T22:23:07.836-0700] {processor.py:157} INFO - Started process (PID=152059) to work on /home/jparep/miniconda3/envs/dbt-env/lib/python3.11/site-packages/airflow/example_dags/example_sensor_decorator.py
[2025-02-17T22:23:07.839-0700] {processor.py:829} INFO - Processing file /home/jparep/miniconda3/envs/dbt-env/lib/python3.11/site-packages/airflow/example_dags/example_sensor_decorator.py for tasks to queue
[2025-02-17T22:23:07.840-0700] {logging_mixin.py:154} INFO - [2025-02-17T22:23:07.840-0700] {dagbag.py:536} INFO - Filling up the DagBag from /home/jparep/miniconda3/envs/dbt-env/lib/python3.11/site-packages/airflow/example_dags/example_sensor_decorator.py
[2025-02-17T22:23:07.850-0700] {processor.py:839} INFO - DAG(s) dict_keys(['example_sensor_decorator']) retrieved from /home/jparep/miniconda3/envs/dbt-env/lib/python3.11/site-packages/airflow/example_dags/example_sensor_decorator.py
[2025-02-17T22:23:07.873-0700] {logging_mixin.py:154} INFO - [2025-02-17T22:23:07.872-0700] {dag.py:2941} INFO - Sync 1 DAGs
[2025-02-17T22:23:07.887-0700] {logging_mixin.py:154} INFO - [2025-02-17T22:23:07.886-0700] {dag.py:3722} INFO - Setting next_dagrun for example_sensor_decorator to None, run_after=None
[2025-02-17T22:23:07.918-0700] {processor.py:179} INFO - Processing /home/jparep/miniconda3/envs/dbt-env/lib/python3.11/site-packages/airflow/example_dags/example_sensor_decorator.py took 0.086 seconds
[2025-02-17T22:23:44.064-0700] {processor.py:157} INFO - Started process (PID=152286) to work on /home/jparep/miniconda3/envs/dbt-env/lib/python3.11/site-packages/airflow/example_dags/example_sensor_decorator.py
[2025-02-17T22:23:44.067-0700] {processor.py:829} INFO - Processing file /home/jparep/miniconda3/envs/dbt-env/lib/python3.11/site-packages/airflow/example_dags/example_sensor_decorator.py for tasks to queue
[2025-02-17T22:23:44.068-0700] {logging_mixin.py:154} INFO - [2025-02-17T22:23:44.067-0700] {dagbag.py:536} INFO - Filling up the DagBag from /home/jparep/miniconda3/envs/dbt-env/lib/python3.11/site-packages/airflow/example_dags/example_sensor_decorator.py
[2025-02-17T22:23:44.077-0700] {processor.py:839} INFO - DAG(s) dict_keys(['example_sensor_decorator']) retrieved from /home/jparep/miniconda3/envs/dbt-env/lib/python3.11/site-packages/airflow/example_dags/example_sensor_decorator.py
[2025-02-17T22:23:44.101-0700] {logging_mixin.py:154} INFO - [2025-02-17T22:23:44.101-0700] {dag.py:2941} INFO - Sync 1 DAGs
[2025-02-17T22:23:44.117-0700] {logging_mixin.py:154} INFO - [2025-02-17T22:23:44.117-0700] {dag.py:3722} INFO - Setting next_dagrun for example_sensor_decorator to None, run_after=None
[2025-02-17T22:23:44.147-0700] {processor.py:179} INFO - Processing /home/jparep/miniconda3/envs/dbt-env/lib/python3.11/site-packages/airflow/example_dags/example_sensor_decorator.py took 0.087 seconds
[2025-02-17T22:24:21.668-0700] {processor.py:157} INFO - Started process (PID=152704) to work on /home/jparep/miniconda3/envs/dbt-env/lib/python3.11/site-packages/airflow/example_dags/example_sensor_decorator.py
[2025-02-17T22:24:21.671-0700] {processor.py:829} INFO - Processing file /home/jparep/miniconda3/envs/dbt-env/lib/python3.11/site-packages/airflow/example_dags/example_sensor_decorator.py for tasks to queue
[2025-02-17T22:24:21.672-0700] {logging_mixin.py:154} INFO - [2025-02-17T22:24:21.671-0700] {dagbag.py:536} INFO - Filling up the DagBag from /home/jparep/miniconda3/envs/dbt-env/lib/python3.11/site-packages/airflow/example_dags/example_sensor_decorator.py
[2025-02-17T22:24:21.680-0700] {processor.py:839} INFO - DAG(s) dict_keys(['example_sensor_decorator']) retrieved from /home/jparep/miniconda3/envs/dbt-env/lib/python3.11/site-packages/airflow/example_dags/example_sensor_decorator.py
[2025-02-17T22:24:21.698-0700] {logging_mixin.py:154} INFO - [2025-02-17T22:24:21.698-0700] {dag.py:2941} INFO - Sync 1 DAGs
[2025-02-17T22:24:21.708-0700] {logging_mixin.py:154} INFO - [2025-02-17T22:24:21.708-0700] {dag.py:3722} INFO - Setting next_dagrun for example_sensor_decorator to None, run_after=None
[2025-02-17T22:24:21.726-0700] {processor.py:179} INFO - Processing /home/jparep/miniconda3/envs/dbt-env/lib/python3.11/site-packages/airflow/example_dags/example_sensor_decorator.py took 0.065 seconds
[2025-02-17T22:24:56.595-0700] {processor.py:157} INFO - Started process (PID=153098) to work on /home/jparep/miniconda3/envs/dbt-env/lib/python3.11/site-packages/airflow/example_dags/example_sensor_decorator.py
[2025-02-17T22:24:56.597-0700] {processor.py:829} INFO - Processing file /home/jparep/miniconda3/envs/dbt-env/lib/python3.11/site-packages/airflow/example_dags/example_sensor_decorator.py for tasks to queue
[2025-02-17T22:24:56.598-0700] {logging_mixin.py:154} INFO - [2025-02-17T22:24:56.597-0700] {dagbag.py:536} INFO - Filling up the DagBag from /home/jparep/miniconda3/envs/dbt-env/lib/python3.11/site-packages/airflow/example_dags/example_sensor_decorator.py
[2025-02-17T22:24:56.606-0700] {processor.py:839} INFO - DAG(s) dict_keys(['example_sensor_decorator']) retrieved from /home/jparep/miniconda3/envs/dbt-env/lib/python3.11/site-packages/airflow/example_dags/example_sensor_decorator.py
[2025-02-17T22:24:56.628-0700] {logging_mixin.py:154} INFO - [2025-02-17T22:24:56.627-0700] {dag.py:2941} INFO - Sync 1 DAGs
[2025-02-17T22:24:56.641-0700] {logging_mixin.py:154} INFO - [2025-02-17T22:24:56.641-0700] {dag.py:3722} INFO - Setting next_dagrun for example_sensor_decorator to None, run_after=None
[2025-02-17T22:24:56.668-0700] {processor.py:179} INFO - Processing /home/jparep/miniconda3/envs/dbt-env/lib/python3.11/site-packages/airflow/example_dags/example_sensor_decorator.py took 0.078 seconds
[2025-02-17T22:25:35.727-0700] {processor.py:157} INFO - Started process (PID=153355) to work on /home/jparep/miniconda3/envs/dbt-env/lib/python3.11/site-packages/airflow/example_dags/example_sensor_decorator.py
[2025-02-17T22:25:35.730-0700] {processor.py:829} INFO - Processing file /home/jparep/miniconda3/envs/dbt-env/lib/python3.11/site-packages/airflow/example_dags/example_sensor_decorator.py for tasks to queue
[2025-02-17T22:25:35.731-0700] {logging_mixin.py:154} INFO - [2025-02-17T22:25:35.731-0700] {dagbag.py:536} INFO - Filling up the DagBag from /home/jparep/miniconda3/envs/dbt-env/lib/python3.11/site-packages/airflow/example_dags/example_sensor_decorator.py
[2025-02-17T22:25:35.742-0700] {processor.py:839} INFO - DAG(s) dict_keys(['example_sensor_decorator']) retrieved from /home/jparep/miniconda3/envs/dbt-env/lib/python3.11/site-packages/airflow/example_dags/example_sensor_decorator.py
[2025-02-17T22:25:35.766-0700] {logging_mixin.py:154} INFO - [2025-02-17T22:25:35.766-0700] {dag.py:2941} INFO - Sync 1 DAGs
[2025-02-17T22:25:35.781-0700] {logging_mixin.py:154} INFO - [2025-02-17T22:25:35.781-0700] {dag.py:3722} INFO - Setting next_dagrun for example_sensor_decorator to None, run_after=None
[2025-02-17T22:25:35.814-0700] {processor.py:179} INFO - Processing /home/jparep/miniconda3/envs/dbt-env/lib/python3.11/site-packages/airflow/example_dags/example_sensor_decorator.py took 0.092 seconds
[2025-02-17T22:26:17.443-0700] {processor.py:157} INFO - Started process (PID=153797) to work on /home/jparep/miniconda3/envs/dbt-env/lib/python3.11/site-packages/airflow/example_dags/example_sensor_decorator.py
[2025-02-17T22:26:17.446-0700] {processor.py:829} INFO - Processing file /home/jparep/miniconda3/envs/dbt-env/lib/python3.11/site-packages/airflow/example_dags/example_sensor_decorator.py for tasks to queue
[2025-02-17T22:26:17.448-0700] {logging_mixin.py:154} INFO - [2025-02-17T22:26:17.447-0700] {dagbag.py:536} INFO - Filling up the DagBag from /home/jparep/miniconda3/envs/dbt-env/lib/python3.11/site-packages/airflow/example_dags/example_sensor_decorator.py
[2025-02-17T22:26:17.457-0700] {processor.py:839} INFO - DAG(s) dict_keys(['example_sensor_decorator']) retrieved from /home/jparep/miniconda3/envs/dbt-env/lib/python3.11/site-packages/airflow/example_dags/example_sensor_decorator.py
[2025-02-17T22:26:17.479-0700] {logging_mixin.py:154} INFO - [2025-02-17T22:26:17.479-0700] {dag.py:2941} INFO - Sync 1 DAGs
[2025-02-17T22:26:17.494-0700] {logging_mixin.py:154} INFO - [2025-02-17T22:26:17.493-0700] {dag.py:3722} INFO - Setting next_dagrun for example_sensor_decorator to None, run_after=None
[2025-02-17T22:26:17.519-0700] {processor.py:179} INFO - Processing /home/jparep/miniconda3/envs/dbt-env/lib/python3.11/site-packages/airflow/example_dags/example_sensor_decorator.py took 0.080 seconds
[2025-02-17T22:26:50.038-0700] {processor.py:157} INFO - Started process (PID=154006) to work on /home/jparep/miniconda3/envs/dbt-env/lib/python3.11/site-packages/airflow/example_dags/example_sensor_decorator.py
[2025-02-17T22:26:50.040-0700] {processor.py:829} INFO - Processing file /home/jparep/miniconda3/envs/dbt-env/lib/python3.11/site-packages/airflow/example_dags/example_sensor_decorator.py for tasks to queue
[2025-02-17T22:26:50.041-0700] {logging_mixin.py:154} INFO - [2025-02-17T22:26:50.040-0700] {dagbag.py:536} INFO - Filling up the DagBag from /home/jparep/miniconda3/envs/dbt-env/lib/python3.11/site-packages/airflow/example_dags/example_sensor_decorator.py
[2025-02-17T22:26:50.047-0700] {processor.py:839} INFO - DAG(s) dict_keys(['example_sensor_decorator']) retrieved from /home/jparep/miniconda3/envs/dbt-env/lib/python3.11/site-packages/airflow/example_dags/example_sensor_decorator.py
[2025-02-17T22:26:50.066-0700] {logging_mixin.py:154} INFO - [2025-02-17T22:26:50.066-0700] {dag.py:2941} INFO - Sync 1 DAGs
[2025-02-17T22:26:50.078-0700] {logging_mixin.py:154} INFO - [2025-02-17T22:26:50.078-0700] {dag.py:3722} INFO - Setting next_dagrun for example_sensor_decorator to None, run_after=None
[2025-02-17T22:26:50.102-0700] {processor.py:179} INFO - Processing /home/jparep/miniconda3/envs/dbt-env/lib/python3.11/site-packages/airflow/example_dags/example_sensor_decorator.py took 0.068 seconds
[2025-02-17T22:27:25.178-0700] {processor.py:157} INFO - Started process (PID=154401) to work on /home/jparep/miniconda3/envs/dbt-env/lib/python3.11/site-packages/airflow/example_dags/example_sensor_decorator.py
[2025-02-17T22:27:25.180-0700] {processor.py:829} INFO - Processing file /home/jparep/miniconda3/envs/dbt-env/lib/python3.11/site-packages/airflow/example_dags/example_sensor_decorator.py for tasks to queue
[2025-02-17T22:27:25.181-0700] {logging_mixin.py:154} INFO - [2025-02-17T22:27:25.181-0700] {dagbag.py:536} INFO - Filling up the DagBag from /home/jparep/miniconda3/envs/dbt-env/lib/python3.11/site-packages/airflow/example_dags/example_sensor_decorator.py
[2025-02-17T22:27:25.192-0700] {processor.py:839} INFO - DAG(s) dict_keys(['example_sensor_decorator']) retrieved from /home/jparep/miniconda3/envs/dbt-env/lib/python3.11/site-packages/airflow/example_dags/example_sensor_decorator.py
[2025-02-17T22:27:25.220-0700] {logging_mixin.py:154} INFO - [2025-02-17T22:27:25.220-0700] {dag.py:2941} INFO - Sync 1 DAGs
[2025-02-17T22:27:25.234-0700] {logging_mixin.py:154} INFO - [2025-02-17T22:27:25.234-0700] {dag.py:3722} INFO - Setting next_dagrun for example_sensor_decorator to None, run_after=None
[2025-02-17T22:27:25.255-0700] {processor.py:179} INFO - Processing /home/jparep/miniconda3/envs/dbt-env/lib/python3.11/site-packages/airflow/example_dags/example_sensor_decorator.py took 0.081 seconds
[2025-02-17T22:28:05.787-0700] {processor.py:157} INFO - Started process (PID=154647) to work on /home/jparep/miniconda3/envs/dbt-env/lib/python3.11/site-packages/airflow/example_dags/example_sensor_decorator.py
[2025-02-17T22:28:05.790-0700] {processor.py:829} INFO - Processing file /home/jparep/miniconda3/envs/dbt-env/lib/python3.11/site-packages/airflow/example_dags/example_sensor_decorator.py for tasks to queue
[2025-02-17T22:28:05.792-0700] {logging_mixin.py:154} INFO - [2025-02-17T22:28:05.791-0700] {dagbag.py:536} INFO - Filling up the DagBag from /home/jparep/miniconda3/envs/dbt-env/lib/python3.11/site-packages/airflow/example_dags/example_sensor_decorator.py
[2025-02-17T22:28:05.801-0700] {processor.py:839} INFO - DAG(s) dict_keys(['example_sensor_decorator']) retrieved from /home/jparep/miniconda3/envs/dbt-env/lib/python3.11/site-packages/airflow/example_dags/example_sensor_decorator.py
[2025-02-17T22:28:05.825-0700] {logging_mixin.py:154} INFO - [2025-02-17T22:28:05.825-0700] {dag.py:2941} INFO - Sync 1 DAGs
[2025-02-17T22:28:05.839-0700] {logging_mixin.py:154} INFO - [2025-02-17T22:28:05.839-0700] {dag.py:3722} INFO - Setting next_dagrun for example_sensor_decorator to None, run_after=None
[2025-02-17T22:28:05.868-0700] {processor.py:179} INFO - Processing /home/jparep/miniconda3/envs/dbt-env/lib/python3.11/site-packages/airflow/example_dags/example_sensor_decorator.py took 0.085 seconds
[2025-02-17T22:28:42.005-0700] {processor.py:157} INFO - Started process (PID=154968) to work on /home/jparep/miniconda3/envs/dbt-env/lib/python3.11/site-packages/airflow/example_dags/example_sensor_decorator.py
[2025-02-17T22:28:42.008-0700] {processor.py:829} INFO - Processing file /home/jparep/miniconda3/envs/dbt-env/lib/python3.11/site-packages/airflow/example_dags/example_sensor_decorator.py for tasks to queue
[2025-02-17T22:28:42.009-0700] {logging_mixin.py:154} INFO - [2025-02-17T22:28:42.008-0700] {dagbag.py:536} INFO - Filling up the DagBag from /home/jparep/miniconda3/envs/dbt-env/lib/python3.11/site-packages/airflow/example_dags/example_sensor_decorator.py
[2025-02-17T22:28:42.018-0700] {processor.py:839} INFO - DAG(s) dict_keys(['example_sensor_decorator']) retrieved from /home/jparep/miniconda3/envs/dbt-env/lib/python3.11/site-packages/airflow/example_dags/example_sensor_decorator.py
[2025-02-17T22:28:42.042-0700] {logging_mixin.py:154} INFO - [2025-02-17T22:28:42.042-0700] {dag.py:2941} INFO - Sync 1 DAGs
[2025-02-17T22:28:42.054-0700] {logging_mixin.py:154} INFO - [2025-02-17T22:28:42.054-0700] {dag.py:3722} INFO - Setting next_dagrun for example_sensor_decorator to None, run_after=None
[2025-02-17T22:28:42.075-0700] {processor.py:179} INFO - Processing /home/jparep/miniconda3/envs/dbt-env/lib/python3.11/site-packages/airflow/example_dags/example_sensor_decorator.py took 0.074 seconds
[2025-02-17T22:29:23.434-0700] {processor.py:157} INFO - Started process (PID=155314) to work on /home/jparep/miniconda3/envs/dbt-env/lib/python3.11/site-packages/airflow/example_dags/example_sensor_decorator.py
[2025-02-17T22:29:23.437-0700] {processor.py:829} INFO - Processing file /home/jparep/miniconda3/envs/dbt-env/lib/python3.11/site-packages/airflow/example_dags/example_sensor_decorator.py for tasks to queue
[2025-02-17T22:29:23.439-0700] {logging_mixin.py:154} INFO - [2025-02-17T22:29:23.438-0700] {dagbag.py:536} INFO - Filling up the DagBag from /home/jparep/miniconda3/envs/dbt-env/lib/python3.11/site-packages/airflow/example_dags/example_sensor_decorator.py
[2025-02-17T22:29:23.452-0700] {processor.py:839} INFO - DAG(s) dict_keys(['example_sensor_decorator']) retrieved from /home/jparep/miniconda3/envs/dbt-env/lib/python3.11/site-packages/airflow/example_dags/example_sensor_decorator.py
[2025-02-17T22:29:23.477-0700] {logging_mixin.py:154} INFO - [2025-02-17T22:29:23.477-0700] {dag.py:2941} INFO - Sync 1 DAGs
[2025-02-17T22:29:23.488-0700] {logging_mixin.py:154} INFO - [2025-02-17T22:29:23.487-0700] {dag.py:3722} INFO - Setting next_dagrun for example_sensor_decorator to None, run_after=None
[2025-02-17T22:29:23.507-0700] {processor.py:179} INFO - Processing /home/jparep/miniconda3/envs/dbt-env/lib/python3.11/site-packages/airflow/example_dags/example_sensor_decorator.py took 0.080 seconds
[2025-02-17T22:30:05.381-0700] {processor.py:157} INFO - Started process (PID=155504) to work on /home/jparep/miniconda3/envs/dbt-env/lib/python3.11/site-packages/airflow/example_dags/example_sensor_decorator.py
[2025-02-17T22:30:05.384-0700] {processor.py:829} INFO - Processing file /home/jparep/miniconda3/envs/dbt-env/lib/python3.11/site-packages/airflow/example_dags/example_sensor_decorator.py for tasks to queue
[2025-02-17T22:30:05.384-0700] {logging_mixin.py:154} INFO - [2025-02-17T22:30:05.384-0700] {dagbag.py:536} INFO - Filling up the DagBag from /home/jparep/miniconda3/envs/dbt-env/lib/python3.11/site-packages/airflow/example_dags/example_sensor_decorator.py
[2025-02-17T22:30:05.391-0700] {processor.py:839} INFO - DAG(s) dict_keys(['example_sensor_decorator']) retrieved from /home/jparep/miniconda3/envs/dbt-env/lib/python3.11/site-packages/airflow/example_dags/example_sensor_decorator.py
[2025-02-17T22:30:05.407-0700] {logging_mixin.py:154} INFO - [2025-02-17T22:30:05.406-0700] {dag.py:2941} INFO - Sync 1 DAGs
[2025-02-17T22:30:05.416-0700] {logging_mixin.py:154} INFO - [2025-02-17T22:30:05.416-0700] {dag.py:3722} INFO - Setting next_dagrun for example_sensor_decorator to None, run_after=None
[2025-02-17T22:30:05.435-0700] {processor.py:179} INFO - Processing /home/jparep/miniconda3/envs/dbt-env/lib/python3.11/site-packages/airflow/example_dags/example_sensor_decorator.py took 0.058 seconds
[2025-02-17T22:30:43.818-0700] {processor.py:157} INFO - Started process (PID=155944) to work on /home/jparep/miniconda3/envs/dbt-env/lib/python3.11/site-packages/airflow/example_dags/example_sensor_decorator.py
[2025-02-17T22:30:43.821-0700] {processor.py:829} INFO - Processing file /home/jparep/miniconda3/envs/dbt-env/lib/python3.11/site-packages/airflow/example_dags/example_sensor_decorator.py for tasks to queue
[2025-02-17T22:30:43.822-0700] {logging_mixin.py:154} INFO - [2025-02-17T22:30:43.822-0700] {dagbag.py:536} INFO - Filling up the DagBag from /home/jparep/miniconda3/envs/dbt-env/lib/python3.11/site-packages/airflow/example_dags/example_sensor_decorator.py
[2025-02-17T22:30:43.832-0700] {processor.py:839} INFO - DAG(s) dict_keys(['example_sensor_decorator']) retrieved from /home/jparep/miniconda3/envs/dbt-env/lib/python3.11/site-packages/airflow/example_dags/example_sensor_decorator.py
[2025-02-17T22:30:43.856-0700] {logging_mixin.py:154} INFO - [2025-02-17T22:30:43.856-0700] {dag.py:2941} INFO - Sync 1 DAGs
[2025-02-17T22:30:43.873-0700] {logging_mixin.py:154} INFO - [2025-02-17T22:30:43.873-0700] {dag.py:3722} INFO - Setting next_dagrun for example_sensor_decorator to None, run_after=None
[2025-02-17T22:30:43.904-0700] {processor.py:179} INFO - Processing /home/jparep/miniconda3/envs/dbt-env/lib/python3.11/site-packages/airflow/example_dags/example_sensor_decorator.py took 0.092 seconds
[2025-02-17T22:31:17.156-0700] {processor.py:157} INFO - Started process (PID=156159) to work on /home/jparep/miniconda3/envs/dbt-env/lib/python3.11/site-packages/airflow/example_dags/example_sensor_decorator.py
[2025-02-17T22:31:17.159-0700] {processor.py:829} INFO - Processing file /home/jparep/miniconda3/envs/dbt-env/lib/python3.11/site-packages/airflow/example_dags/example_sensor_decorator.py for tasks to queue
[2025-02-17T22:31:17.160-0700] {logging_mixin.py:154} INFO - [2025-02-17T22:31:17.160-0700] {dagbag.py:536} INFO - Filling up the DagBag from /home/jparep/miniconda3/envs/dbt-env/lib/python3.11/site-packages/airflow/example_dags/example_sensor_decorator.py
[2025-02-17T22:31:17.169-0700] {processor.py:839} INFO - DAG(s) dict_keys(['example_sensor_decorator']) retrieved from /home/jparep/miniconda3/envs/dbt-env/lib/python3.11/site-packages/airflow/example_dags/example_sensor_decorator.py
[2025-02-17T22:31:17.191-0700] {logging_mixin.py:154} INFO - [2025-02-17T22:31:17.191-0700] {dag.py:2941} INFO - Sync 1 DAGs
[2025-02-17T22:31:17.205-0700] {logging_mixin.py:154} INFO - [2025-02-17T22:31:17.205-0700] {dag.py:3722} INFO - Setting next_dagrun for example_sensor_decorator to None, run_after=None
[2025-02-17T22:31:17.234-0700] {processor.py:179} INFO - Processing /home/jparep/miniconda3/envs/dbt-env/lib/python3.11/site-packages/airflow/example_dags/example_sensor_decorator.py took 0.083 seconds
[2025-02-17T22:31:55.253-0700] {processor.py:157} INFO - Started process (PID=156602) to work on /home/jparep/miniconda3/envs/dbt-env/lib/python3.11/site-packages/airflow/example_dags/example_sensor_decorator.py
[2025-02-17T22:31:55.255-0700] {processor.py:829} INFO - Processing file /home/jparep/miniconda3/envs/dbt-env/lib/python3.11/site-packages/airflow/example_dags/example_sensor_decorator.py for tasks to queue
[2025-02-17T22:31:55.256-0700] {logging_mixin.py:154} INFO - [2025-02-17T22:31:55.255-0700] {dagbag.py:536} INFO - Filling up the DagBag from /home/jparep/miniconda3/envs/dbt-env/lib/python3.11/site-packages/airflow/example_dags/example_sensor_decorator.py
[2025-02-17T22:31:55.263-0700] {processor.py:839} INFO - DAG(s) dict_keys(['example_sensor_decorator']) retrieved from /home/jparep/miniconda3/envs/dbt-env/lib/python3.11/site-packages/airflow/example_dags/example_sensor_decorator.py
[2025-02-17T22:31:55.281-0700] {logging_mixin.py:154} INFO - [2025-02-17T22:31:55.281-0700] {dag.py:2941} INFO - Sync 1 DAGs
[2025-02-17T22:31:55.293-0700] {logging_mixin.py:154} INFO - [2025-02-17T22:31:55.293-0700] {dag.py:3722} INFO - Setting next_dagrun for example_sensor_decorator to None, run_after=None
[2025-02-17T22:31:55.314-0700] {processor.py:179} INFO - Processing /home/jparep/miniconda3/envs/dbt-env/lib/python3.11/site-packages/airflow/example_dags/example_sensor_decorator.py took 0.064 seconds
[2025-02-17T22:32:33.017-0700] {processor.py:157} INFO - Started process (PID=156935) to work on /home/jparep/miniconda3/envs/dbt-env/lib/python3.11/site-packages/airflow/example_dags/example_sensor_decorator.py
[2025-02-17T22:32:33.020-0700] {processor.py:829} INFO - Processing file /home/jparep/miniconda3/envs/dbt-env/lib/python3.11/site-packages/airflow/example_dags/example_sensor_decorator.py for tasks to queue
[2025-02-17T22:32:33.021-0700] {logging_mixin.py:154} INFO - [2025-02-17T22:32:33.021-0700] {dagbag.py:536} INFO - Filling up the DagBag from /home/jparep/miniconda3/envs/dbt-env/lib/python3.11/site-packages/airflow/example_dags/example_sensor_decorator.py
[2025-02-17T22:32:33.031-0700] {processor.py:839} INFO - DAG(s) dict_keys(['example_sensor_decorator']) retrieved from /home/jparep/miniconda3/envs/dbt-env/lib/python3.11/site-packages/airflow/example_dags/example_sensor_decorator.py
[2025-02-17T22:32:33.052-0700] {logging_mixin.py:154} INFO - [2025-02-17T22:32:33.051-0700] {dag.py:2941} INFO - Sync 1 DAGs
[2025-02-17T22:32:33.063-0700] {logging_mixin.py:154} INFO - [2025-02-17T22:32:33.063-0700] {dag.py:3722} INFO - Setting next_dagrun for example_sensor_decorator to None, run_after=None
[2025-02-17T22:32:33.081-0700] {processor.py:179} INFO - Processing /home/jparep/miniconda3/envs/dbt-env/lib/python3.11/site-packages/airflow/example_dags/example_sensor_decorator.py took 0.068 seconds
[2025-02-17T22:33:10.405-0700] {processor.py:157} INFO - Started process (PID=157108) to work on /home/jparep/miniconda3/envs/dbt-env/lib/python3.11/site-packages/airflow/example_dags/example_sensor_decorator.py
[2025-02-17T22:33:10.409-0700] {processor.py:829} INFO - Processing file /home/jparep/miniconda3/envs/dbt-env/lib/python3.11/site-packages/airflow/example_dags/example_sensor_decorator.py for tasks to queue
[2025-02-17T22:33:10.411-0700] {logging_mixin.py:154} INFO - [2025-02-17T22:33:10.410-0700] {dagbag.py:536} INFO - Filling up the DagBag from /home/jparep/miniconda3/envs/dbt-env/lib/python3.11/site-packages/airflow/example_dags/example_sensor_decorator.py
[2025-02-17T22:33:10.425-0700] {processor.py:839} INFO - DAG(s) dict_keys(['example_sensor_decorator']) retrieved from /home/jparep/miniconda3/envs/dbt-env/lib/python3.11/site-packages/airflow/example_dags/example_sensor_decorator.py
[2025-02-17T22:33:10.463-0700] {logging_mixin.py:154} INFO - [2025-02-17T22:33:10.463-0700] {dag.py:2941} INFO - Sync 1 DAGs
[2025-02-17T22:33:10.482-0700] {logging_mixin.py:154} INFO - [2025-02-17T22:33:10.482-0700] {dag.py:3722} INFO - Setting next_dagrun for example_sensor_decorator to None, run_after=None
[2025-02-17T22:33:10.511-0700] {processor.py:179} INFO - Processing /home/jparep/miniconda3/envs/dbt-env/lib/python3.11/site-packages/airflow/example_dags/example_sensor_decorator.py took 0.115 seconds
[2025-02-17T22:33:53.287-0700] {processor.py:157} INFO - Started process (PID=157513) to work on /home/jparep/miniconda3/envs/dbt-env/lib/python3.11/site-packages/airflow/example_dags/example_sensor_decorator.py
[2025-02-17T22:33:53.289-0700] {processor.py:829} INFO - Processing file /home/jparep/miniconda3/envs/dbt-env/lib/python3.11/site-packages/airflow/example_dags/example_sensor_decorator.py for tasks to queue
[2025-02-17T22:33:53.290-0700] {logging_mixin.py:154} INFO - [2025-02-17T22:33:53.289-0700] {dagbag.py:536} INFO - Filling up the DagBag from /home/jparep/miniconda3/envs/dbt-env/lib/python3.11/site-packages/airflow/example_dags/example_sensor_decorator.py
[2025-02-17T22:33:53.295-0700] {processor.py:839} INFO - DAG(s) dict_keys(['example_sensor_decorator']) retrieved from /home/jparep/miniconda3/envs/dbt-env/lib/python3.11/site-packages/airflow/example_dags/example_sensor_decorator.py
[2025-02-17T22:33:53.309-0700] {logging_mixin.py:154} INFO - [2025-02-17T22:33:53.309-0700] {dag.py:2941} INFO - Sync 1 DAGs
[2025-02-17T22:33:53.318-0700] {logging_mixin.py:154} INFO - [2025-02-17T22:33:53.318-0700] {dag.py:3722} INFO - Setting next_dagrun for example_sensor_decorator to None, run_after=None
[2025-02-17T22:33:53.336-0700] {processor.py:179} INFO - Processing /home/jparep/miniconda3/envs/dbt-env/lib/python3.11/site-packages/airflow/example_dags/example_sensor_decorator.py took 0.052 seconds
[2025-02-17T22:34:28.600-0700] {processor.py:157} INFO - Started process (PID=157662) to work on /home/jparep/miniconda3/envs/dbt-env/lib/python3.11/site-packages/airflow/example_dags/example_sensor_decorator.py
[2025-02-17T22:34:28.603-0700] {processor.py:829} INFO - Processing file /home/jparep/miniconda3/envs/dbt-env/lib/python3.11/site-packages/airflow/example_dags/example_sensor_decorator.py for tasks to queue
[2025-02-17T22:34:28.605-0700] {logging_mixin.py:154} INFO - [2025-02-17T22:34:28.604-0700] {dagbag.py:536} INFO - Filling up the DagBag from /home/jparep/miniconda3/envs/dbt-env/lib/python3.11/site-packages/airflow/example_dags/example_sensor_decorator.py
[2025-02-17T22:34:28.614-0700] {processor.py:839} INFO - DAG(s) dict_keys(['example_sensor_decorator']) retrieved from /home/jparep/miniconda3/envs/dbt-env/lib/python3.11/site-packages/airflow/example_dags/example_sensor_decorator.py
[2025-02-17T22:34:28.638-0700] {logging_mixin.py:154} INFO - [2025-02-17T22:34:28.638-0700] {dag.py:2941} INFO - Sync 1 DAGs
[2025-02-17T22:34:28.653-0700] {logging_mixin.py:154} INFO - [2025-02-17T22:34:28.652-0700] {dag.py:3722} INFO - Setting next_dagrun for example_sensor_decorator to None, run_after=None
[2025-02-17T22:34:28.678-0700] {processor.py:179} INFO - Processing /home/jparep/miniconda3/envs/dbt-env/lib/python3.11/site-packages/airflow/example_dags/example_sensor_decorator.py took 0.083 seconds
[2025-02-17T22:35:04.417-0700] {processor.py:157} INFO - Started process (PID=157996) to work on /home/jparep/miniconda3/envs/dbt-env/lib/python3.11/site-packages/airflow/example_dags/example_sensor_decorator.py
[2025-02-17T22:35:04.420-0700] {processor.py:829} INFO - Processing file /home/jparep/miniconda3/envs/dbt-env/lib/python3.11/site-packages/airflow/example_dags/example_sensor_decorator.py for tasks to queue
[2025-02-17T22:35:04.421-0700] {logging_mixin.py:154} INFO - [2025-02-17T22:35:04.420-0700] {dagbag.py:536} INFO - Filling up the DagBag from /home/jparep/miniconda3/envs/dbt-env/lib/python3.11/site-packages/airflow/example_dags/example_sensor_decorator.py
[2025-02-17T22:35:04.430-0700] {processor.py:839} INFO - DAG(s) dict_keys(['example_sensor_decorator']) retrieved from /home/jparep/miniconda3/envs/dbt-env/lib/python3.11/site-packages/airflow/example_dags/example_sensor_decorator.py
[2025-02-17T22:35:04.457-0700] {logging_mixin.py:154} INFO - [2025-02-17T22:35:04.457-0700] {dag.py:2941} INFO - Sync 1 DAGs
[2025-02-17T22:35:04.472-0700] {logging_mixin.py:154} INFO - [2025-02-17T22:35:04.472-0700] {dag.py:3722} INFO - Setting next_dagrun for example_sensor_decorator to None, run_after=None
[2025-02-17T22:35:04.505-0700] {processor.py:179} INFO - Processing /home/jparep/miniconda3/envs/dbt-env/lib/python3.11/site-packages/airflow/example_dags/example_sensor_decorator.py took 0.093 seconds
[2025-02-17T22:35:40.079-0700] {processor.py:157} INFO - Started process (PID=158231) to work on /home/jparep/miniconda3/envs/dbt-env/lib/python3.11/site-packages/airflow/example_dags/example_sensor_decorator.py
[2025-02-17T22:35:40.082-0700] {processor.py:829} INFO - Processing file /home/jparep/miniconda3/envs/dbt-env/lib/python3.11/site-packages/airflow/example_dags/example_sensor_decorator.py for tasks to queue
[2025-02-17T22:35:40.083-0700] {logging_mixin.py:154} INFO - [2025-02-17T22:35:40.082-0700] {dagbag.py:536} INFO - Filling up the DagBag from /home/jparep/miniconda3/envs/dbt-env/lib/python3.11/site-packages/airflow/example_dags/example_sensor_decorator.py
[2025-02-17T22:35:40.090-0700] {processor.py:839} INFO - DAG(s) dict_keys(['example_sensor_decorator']) retrieved from /home/jparep/miniconda3/envs/dbt-env/lib/python3.11/site-packages/airflow/example_dags/example_sensor_decorator.py
[2025-02-17T22:35:40.104-0700] {logging_mixin.py:154} INFO - [2025-02-17T22:35:40.104-0700] {dag.py:2941} INFO - Sync 1 DAGs
[2025-02-17T22:35:40.113-0700] {logging_mixin.py:154} INFO - [2025-02-17T22:35:40.113-0700] {dag.py:3722} INFO - Setting next_dagrun for example_sensor_decorator to None, run_after=None
[2025-02-17T22:35:40.131-0700] {processor.py:179} INFO - Processing /home/jparep/miniconda3/envs/dbt-env/lib/python3.11/site-packages/airflow/example_dags/example_sensor_decorator.py took 0.056 seconds
[2025-02-17T22:36:20.177-0700] {processor.py:157} INFO - Started process (PID=158659) to work on /home/jparep/miniconda3/envs/dbt-env/lib/python3.11/site-packages/airflow/example_dags/example_sensor_decorator.py
[2025-02-17T22:36:20.178-0700] {processor.py:829} INFO - Processing file /home/jparep/miniconda3/envs/dbt-env/lib/python3.11/site-packages/airflow/example_dags/example_sensor_decorator.py for tasks to queue
[2025-02-17T22:36:20.179-0700] {logging_mixin.py:154} INFO - [2025-02-17T22:36:20.179-0700] {dagbag.py:536} INFO - Filling up the DagBag from /home/jparep/miniconda3/envs/dbt-env/lib/python3.11/site-packages/airflow/example_dags/example_sensor_decorator.py
[2025-02-17T22:36:20.186-0700] {processor.py:839} INFO - DAG(s) dict_keys(['example_sensor_decorator']) retrieved from /home/jparep/miniconda3/envs/dbt-env/lib/python3.11/site-packages/airflow/example_dags/example_sensor_decorator.py
[2025-02-17T22:36:20.204-0700] {logging_mixin.py:154} INFO - [2025-02-17T22:36:20.204-0700] {dag.py:2941} INFO - Sync 1 DAGs
[2025-02-17T22:36:20.216-0700] {logging_mixin.py:154} INFO - [2025-02-17T22:36:20.215-0700] {dag.py:3722} INFO - Setting next_dagrun for example_sensor_decorator to None, run_after=None
[2025-02-17T22:36:20.235-0700] {processor.py:179} INFO - Processing /home/jparep/miniconda3/envs/dbt-env/lib/python3.11/site-packages/airflow/example_dags/example_sensor_decorator.py took 0.061 seconds
[2025-02-17T22:37:00.385-0700] {processor.py:157} INFO - Started process (PID=159092) to work on /home/jparep/miniconda3/envs/dbt-env/lib/python3.11/site-packages/airflow/example_dags/example_sensor_decorator.py
[2025-02-17T22:37:00.389-0700] {processor.py:829} INFO - Processing file /home/jparep/miniconda3/envs/dbt-env/lib/python3.11/site-packages/airflow/example_dags/example_sensor_decorator.py for tasks to queue
[2025-02-17T22:37:00.391-0700] {logging_mixin.py:154} INFO - [2025-02-17T22:37:00.391-0700] {dagbag.py:536} INFO - Filling up the DagBag from /home/jparep/miniconda3/envs/dbt-env/lib/python3.11/site-packages/airflow/example_dags/example_sensor_decorator.py
[2025-02-17T22:37:00.402-0700] {processor.py:839} INFO - DAG(s) dict_keys(['example_sensor_decorator']) retrieved from /home/jparep/miniconda3/envs/dbt-env/lib/python3.11/site-packages/airflow/example_dags/example_sensor_decorator.py
[2025-02-17T22:37:00.428-0700] {logging_mixin.py:154} INFO - [2025-02-17T22:37:00.427-0700] {dag.py:2941} INFO - Sync 1 DAGs
[2025-02-17T22:37:00.443-0700] {logging_mixin.py:154} INFO - [2025-02-17T22:37:00.443-0700] {dag.py:3722} INFO - Setting next_dagrun for example_sensor_decorator to None, run_after=None
[2025-02-17T22:37:00.466-0700] {processor.py:179} INFO - Processing /home/jparep/miniconda3/envs/dbt-env/lib/python3.11/site-packages/airflow/example_dags/example_sensor_decorator.py took 0.086 seconds
[2025-02-17T22:37:36.734-0700] {processor.py:157} INFO - Started process (PID=159918) to work on /home/jparep/miniconda3/envs/dbt-env/lib/python3.11/site-packages/airflow/example_dags/example_sensor_decorator.py
[2025-02-17T22:37:36.736-0700] {processor.py:829} INFO - Processing file /home/jparep/miniconda3/envs/dbt-env/lib/python3.11/site-packages/airflow/example_dags/example_sensor_decorator.py for tasks to queue
[2025-02-17T22:37:36.737-0700] {logging_mixin.py:154} INFO - [2025-02-17T22:37:36.737-0700] {dagbag.py:536} INFO - Filling up the DagBag from /home/jparep/miniconda3/envs/dbt-env/lib/python3.11/site-packages/airflow/example_dags/example_sensor_decorator.py
[2025-02-17T22:37:36.745-0700] {processor.py:839} INFO - DAG(s) dict_keys(['example_sensor_decorator']) retrieved from /home/jparep/miniconda3/envs/dbt-env/lib/python3.11/site-packages/airflow/example_dags/example_sensor_decorator.py
[2025-02-17T22:37:36.760-0700] {logging_mixin.py:154} INFO - [2025-02-17T22:37:36.760-0700] {dag.py:2941} INFO - Sync 1 DAGs
[2025-02-17T22:37:36.771-0700] {logging_mixin.py:154} INFO - [2025-02-17T22:37:36.771-0700] {dag.py:3722} INFO - Setting next_dagrun for example_sensor_decorator to None, run_after=None
[2025-02-17T22:37:36.795-0700] {processor.py:179} INFO - Processing /home/jparep/miniconda3/envs/dbt-env/lib/python3.11/site-packages/airflow/example_dags/example_sensor_decorator.py took 0.065 seconds
[2025-02-17T22:38:10.405-0700] {processor.py:157} INFO - Started process (PID=160437) to work on /home/jparep/miniconda3/envs/dbt-env/lib/python3.11/site-packages/airflow/example_dags/example_sensor_decorator.py
[2025-02-17T22:38:10.406-0700] {processor.py:829} INFO - Processing file /home/jparep/miniconda3/envs/dbt-env/lib/python3.11/site-packages/airflow/example_dags/example_sensor_decorator.py for tasks to queue
[2025-02-17T22:38:10.407-0700] {logging_mixin.py:154} INFO - [2025-02-17T22:38:10.407-0700] {dagbag.py:536} INFO - Filling up the DagBag from /home/jparep/miniconda3/envs/dbt-env/lib/python3.11/site-packages/airflow/example_dags/example_sensor_decorator.py
[2025-02-17T22:38:10.416-0700] {processor.py:839} INFO - DAG(s) dict_keys(['example_sensor_decorator']) retrieved from /home/jparep/miniconda3/envs/dbt-env/lib/python3.11/site-packages/airflow/example_dags/example_sensor_decorator.py
[2025-02-17T22:38:10.430-0700] {logging_mixin.py:154} INFO - [2025-02-17T22:38:10.430-0700] {dag.py:2941} INFO - Sync 1 DAGs
[2025-02-17T22:38:10.439-0700] {logging_mixin.py:154} INFO - [2025-02-17T22:38:10.439-0700] {dag.py:3722} INFO - Setting next_dagrun for example_sensor_decorator to None, run_after=None
[2025-02-17T22:38:10.455-0700] {processor.py:179} INFO - Processing /home/jparep/miniconda3/envs/dbt-env/lib/python3.11/site-packages/airflow/example_dags/example_sensor_decorator.py took 0.055 seconds
[2025-02-17T22:38:47.057-0700] {processor.py:157} INFO - Started process (PID=160714) to work on /home/jparep/miniconda3/envs/dbt-env/lib/python3.11/site-packages/airflow/example_dags/example_sensor_decorator.py
[2025-02-17T22:38:47.059-0700] {processor.py:829} INFO - Processing file /home/jparep/miniconda3/envs/dbt-env/lib/python3.11/site-packages/airflow/example_dags/example_sensor_decorator.py for tasks to queue
[2025-02-17T22:38:47.061-0700] {logging_mixin.py:154} INFO - [2025-02-17T22:38:47.060-0700] {dagbag.py:536} INFO - Filling up the DagBag from /home/jparep/miniconda3/envs/dbt-env/lib/python3.11/site-packages/airflow/example_dags/example_sensor_decorator.py
[2025-02-17T22:38:47.072-0700] {processor.py:839} INFO - DAG(s) dict_keys(['example_sensor_decorator']) retrieved from /home/jparep/miniconda3/envs/dbt-env/lib/python3.11/site-packages/airflow/example_dags/example_sensor_decorator.py
[2025-02-17T22:38:47.095-0700] {logging_mixin.py:154} INFO - [2025-02-17T22:38:47.095-0700] {dag.py:2941} INFO - Sync 1 DAGs
[2025-02-17T22:38:47.107-0700] {logging_mixin.py:154} INFO - [2025-02-17T22:38:47.107-0700] {dag.py:3722} INFO - Setting next_dagrun for example_sensor_decorator to None, run_after=None
[2025-02-17T22:38:47.133-0700] {processor.py:179} INFO - Processing /home/jparep/miniconda3/envs/dbt-env/lib/python3.11/site-packages/airflow/example_dags/example_sensor_decorator.py took 0.082 seconds
[2025-02-17T22:39:21.893-0700] {processor.py:157} INFO - Started process (PID=161168) to work on /home/jparep/miniconda3/envs/dbt-env/lib/python3.11/site-packages/airflow/example_dags/example_sensor_decorator.py
[2025-02-17T22:39:21.895-0700] {processor.py:829} INFO - Processing file /home/jparep/miniconda3/envs/dbt-env/lib/python3.11/site-packages/airflow/example_dags/example_sensor_decorator.py for tasks to queue
[2025-02-17T22:39:21.896-0700] {logging_mixin.py:154} INFO - [2025-02-17T22:39:21.896-0700] {dagbag.py:536} INFO - Filling up the DagBag from /home/jparep/miniconda3/envs/dbt-env/lib/python3.11/site-packages/airflow/example_dags/example_sensor_decorator.py
[2025-02-17T22:39:21.901-0700] {processor.py:839} INFO - DAG(s) dict_keys(['example_sensor_decorator']) retrieved from /home/jparep/miniconda3/envs/dbt-env/lib/python3.11/site-packages/airflow/example_dags/example_sensor_decorator.py
[2025-02-17T22:39:21.915-0700] {logging_mixin.py:154} INFO - [2025-02-17T22:39:21.915-0700] {dag.py:2941} INFO - Sync 1 DAGs
[2025-02-17T22:39:21.923-0700] {logging_mixin.py:154} INFO - [2025-02-17T22:39:21.923-0700] {dag.py:3722} INFO - Setting next_dagrun for example_sensor_decorator to None, run_after=None
[2025-02-17T22:39:21.946-0700] {processor.py:179} INFO - Processing /home/jparep/miniconda3/envs/dbt-env/lib/python3.11/site-packages/airflow/example_dags/example_sensor_decorator.py took 0.055 seconds
[2025-02-17T22:39:58.885-0700] {processor.py:157} INFO - Started process (PID=161306) to work on /home/jparep/miniconda3/envs/dbt-env/lib/python3.11/site-packages/airflow/example_dags/example_sensor_decorator.py
[2025-02-17T22:39:58.886-0700] {processor.py:829} INFO - Processing file /home/jparep/miniconda3/envs/dbt-env/lib/python3.11/site-packages/airflow/example_dags/example_sensor_decorator.py for tasks to queue
[2025-02-17T22:39:58.887-0700] {logging_mixin.py:154} INFO - [2025-02-17T22:39:58.886-0700] {dagbag.py:536} INFO - Filling up the DagBag from /home/jparep/miniconda3/envs/dbt-env/lib/python3.11/site-packages/airflow/example_dags/example_sensor_decorator.py
[2025-02-17T22:39:58.897-0700] {processor.py:839} INFO - DAG(s) dict_keys(['example_sensor_decorator']) retrieved from /home/jparep/miniconda3/envs/dbt-env/lib/python3.11/site-packages/airflow/example_dags/example_sensor_decorator.py
[2025-02-17T22:39:58.918-0700] {logging_mixin.py:154} INFO - [2025-02-17T22:39:58.917-0700] {dag.py:2941} INFO - Sync 1 DAGs
[2025-02-17T22:39:58.929-0700] {logging_mixin.py:154} INFO - [2025-02-17T22:39:58.929-0700] {dag.py:3722} INFO - Setting next_dagrun for example_sensor_decorator to None, run_after=None
[2025-02-17T22:39:58.954-0700] {processor.py:179} INFO - Processing /home/jparep/miniconda3/envs/dbt-env/lib/python3.11/site-packages/airflow/example_dags/example_sensor_decorator.py took 0.073 seconds
[2025-02-17T22:40:37.543-0700] {processor.py:157} INFO - Started process (PID=161742) to work on /home/jparep/miniconda3/envs/dbt-env/lib/python3.11/site-packages/airflow/example_dags/example_sensor_decorator.py
[2025-02-17T22:40:37.547-0700] {processor.py:829} INFO - Processing file /home/jparep/miniconda3/envs/dbt-env/lib/python3.11/site-packages/airflow/example_dags/example_sensor_decorator.py for tasks to queue
[2025-02-17T22:40:37.548-0700] {logging_mixin.py:154} INFO - [2025-02-17T22:40:37.547-0700] {dagbag.py:536} INFO - Filling up the DagBag from /home/jparep/miniconda3/envs/dbt-env/lib/python3.11/site-packages/airflow/example_dags/example_sensor_decorator.py
[2025-02-17T22:40:37.559-0700] {processor.py:839} INFO - DAG(s) dict_keys(['example_sensor_decorator']) retrieved from /home/jparep/miniconda3/envs/dbt-env/lib/python3.11/site-packages/airflow/example_dags/example_sensor_decorator.py
[2025-02-17T22:40:37.585-0700] {logging_mixin.py:154} INFO - [2025-02-17T22:40:37.585-0700] {dag.py:2941} INFO - Sync 1 DAGs
[2025-02-17T22:40:37.596-0700] {logging_mixin.py:154} INFO - [2025-02-17T22:40:37.596-0700] {dag.py:3722} INFO - Setting next_dagrun for example_sensor_decorator to None, run_after=None
[2025-02-17T22:40:37.618-0700] {processor.py:179} INFO - Processing /home/jparep/miniconda3/envs/dbt-env/lib/python3.11/site-packages/airflow/example_dags/example_sensor_decorator.py took 0.081 seconds
[2025-02-17T22:41:15.593-0700] {processor.py:157} INFO - Started process (PID=162138) to work on /home/jparep/miniconda3/envs/dbt-env/lib/python3.11/site-packages/airflow/example_dags/example_sensor_decorator.py
[2025-02-17T22:41:15.595-0700] {processor.py:829} INFO - Processing file /home/jparep/miniconda3/envs/dbt-env/lib/python3.11/site-packages/airflow/example_dags/example_sensor_decorator.py for tasks to queue
[2025-02-17T22:41:15.596-0700] {logging_mixin.py:154} INFO - [2025-02-17T22:41:15.596-0700] {dagbag.py:536} INFO - Filling up the DagBag from /home/jparep/miniconda3/envs/dbt-env/lib/python3.11/site-packages/airflow/example_dags/example_sensor_decorator.py
[2025-02-17T22:41:15.602-0700] {processor.py:839} INFO - DAG(s) dict_keys(['example_sensor_decorator']) retrieved from /home/jparep/miniconda3/envs/dbt-env/lib/python3.11/site-packages/airflow/example_dags/example_sensor_decorator.py
[2025-02-17T22:41:15.620-0700] {logging_mixin.py:154} INFO - [2025-02-17T22:41:15.620-0700] {dag.py:2941} INFO - Sync 1 DAGs
[2025-02-17T22:41:15.631-0700] {logging_mixin.py:154} INFO - [2025-02-17T22:41:15.631-0700] {dag.py:3722} INFO - Setting next_dagrun for example_sensor_decorator to None, run_after=None
[2025-02-17T22:41:15.650-0700] {processor.py:179} INFO - Processing /home/jparep/miniconda3/envs/dbt-env/lib/python3.11/site-packages/airflow/example_dags/example_sensor_decorator.py took 0.060 seconds
