[2025-02-17T22:16:18.783-0700] {processor.py:157} INFO - Started process (PID=148546) to work on /home/jparep/miniconda3/envs/dbt-env/lib/python3.11/site-packages/airflow/example_dags/example_short_circuit_decorator.py
[2025-02-17T22:16:18.784-0700] {processor.py:829} INFO - Processing file /home/jparep/miniconda3/envs/dbt-env/lib/python3.11/site-packages/airflow/example_dags/example_short_circuit_decorator.py for tasks to queue
[2025-02-17T22:16:18.785-0700] {logging_mixin.py:154} INFO - [2025-02-17T22:16:18.784-0700] {dagbag.py:536} INFO - Filling up the DagBag from /home/jparep/miniconda3/envs/dbt-env/lib/python3.11/site-packages/airflow/example_dags/example_short_circuit_decorator.py
[2025-02-17T22:16:18.794-0700] {processor.py:839} INFO - DAG(s) dict_keys(['example_short_circuit_decorator']) retrieved from /home/jparep/miniconda3/envs/dbt-env/lib/python3.11/site-packages/airflow/example_dags/example_short_circuit_decorator.py
[2025-02-17T22:16:18.944-0700] {logging_mixin.py:154} INFO - [2025-02-17T22:16:18.943-0700] {manager.py:499} INFO - Created Permission View: %s
[2025-02-17T22:16:18.952-0700] {logging_mixin.py:154} INFO - [2025-02-17T22:16:18.952-0700] {manager.py:499} INFO - Created Permission View: %s
[2025-02-17T22:16:18.958-0700] {logging_mixin.py:154} INFO - [2025-02-17T22:16:18.958-0700] {manager.py:499} INFO - Created Permission View: %s
[2025-02-17T22:16:18.958-0700] {logging_mixin.py:154} INFO - [2025-02-17T22:16:18.958-0700] {dag.py:2941} INFO - Sync 1 DAGs
[2025-02-17T22:16:18.964-0700] {logging_mixin.py:154} INFO - [2025-02-17T22:16:18.964-0700] {dag.py:2963} INFO - Creating ORM DAG for example_short_circuit_decorator
[2025-02-17T22:16:18.970-0700] {logging_mixin.py:154} INFO - [2025-02-17T22:16:18.970-0700] {dag.py:3722} INFO - Setting next_dagrun for example_short_circuit_decorator to 2025-02-17T05:16:18.970120+00:00, run_after=2025-02-18T05:16:18.970120+00:00
[2025-02-17T22:16:18.986-0700] {processor.py:179} INFO - Processing /home/jparep/miniconda3/envs/dbt-env/lib/python3.11/site-packages/airflow/example_dags/example_short_circuit_decorator.py took 0.205 seconds
[2025-02-17T22:17:13.894-0700] {processor.py:157} INFO - Started process (PID=148946) to work on /home/jparep/miniconda3/envs/dbt-env/lib/python3.11/site-packages/airflow/example_dags/example_short_circuit_decorator.py
[2025-02-17T22:17:13.896-0700] {processor.py:829} INFO - Processing file /home/jparep/miniconda3/envs/dbt-env/lib/python3.11/site-packages/airflow/example_dags/example_short_circuit_decorator.py for tasks to queue
[2025-02-17T22:17:13.897-0700] {logging_mixin.py:154} INFO - [2025-02-17T22:17:13.897-0700] {dagbag.py:536} INFO - Filling up the DagBag from /home/jparep/miniconda3/envs/dbt-env/lib/python3.11/site-packages/airflow/example_dags/example_short_circuit_decorator.py
[2025-02-17T22:17:13.910-0700] {processor.py:839} INFO - DAG(s) dict_keys(['example_short_circuit_decorator']) retrieved from /home/jparep/miniconda3/envs/dbt-env/lib/python3.11/site-packages/airflow/example_dags/example_short_circuit_decorator.py
[2025-02-17T22:17:13.943-0700] {logging_mixin.py:154} INFO - [2025-02-17T22:17:13.943-0700] {dag.py:2941} INFO - Sync 1 DAGs
[2025-02-17T22:17:14.037-0700] {logging_mixin.py:154} INFO - [2025-02-17T22:17:14.037-0700] {dag.py:3722} INFO - Setting next_dagrun for example_short_circuit_decorator to 2025-02-17T05:17:14.036878+00:00, run_after=2025-02-18T05:17:14.036878+00:00
[2025-02-17T22:17:14.051-0700] {processor.py:179} INFO - Processing /home/jparep/miniconda3/envs/dbt-env/lib/python3.11/site-packages/airflow/example_dags/example_short_circuit_decorator.py took 0.163 seconds
[2025-02-17T22:18:04.317-0700] {processor.py:157} INFO - Started process (PID=149454) to work on /home/jparep/miniconda3/envs/dbt-env/lib/python3.11/site-packages/airflow/example_dags/example_short_circuit_decorator.py
[2025-02-17T22:18:04.321-0700] {processor.py:829} INFO - Processing file /home/jparep/miniconda3/envs/dbt-env/lib/python3.11/site-packages/airflow/example_dags/example_short_circuit_decorator.py for tasks to queue
[2025-02-17T22:18:04.322-0700] {logging_mixin.py:154} INFO - [2025-02-17T22:18:04.322-0700] {dagbag.py:536} INFO - Filling up the DagBag from /home/jparep/miniconda3/envs/dbt-env/lib/python3.11/site-packages/airflow/example_dags/example_short_circuit_decorator.py
[2025-02-17T22:18:04.341-0700] {processor.py:839} INFO - DAG(s) dict_keys(['example_short_circuit_decorator']) retrieved from /home/jparep/miniconda3/envs/dbt-env/lib/python3.11/site-packages/airflow/example_dags/example_short_circuit_decorator.py
[2025-02-17T22:18:04.359-0700] {logging_mixin.py:154} INFO - [2025-02-17T22:18:04.359-0700] {dag.py:2941} INFO - Sync 1 DAGs
[2025-02-17T22:18:04.374-0700] {logging_mixin.py:154} INFO - [2025-02-17T22:18:04.374-0700] {dag.py:3722} INFO - Setting next_dagrun for example_short_circuit_decorator to 2025-02-17T05:18:04.374459+00:00, run_after=2025-02-18T05:18:04.374459+00:00
[2025-02-17T22:18:04.396-0700] {processor.py:179} INFO - Processing /home/jparep/miniconda3/envs/dbt-env/lib/python3.11/site-packages/airflow/example_dags/example_short_circuit_decorator.py took 0.086 seconds
[2025-02-17T22:19:01.486-0700] {processor.py:157} INFO - Started process (PID=149985) to work on /home/jparep/miniconda3/envs/dbt-env/lib/python3.11/site-packages/airflow/example_dags/example_short_circuit_decorator.py
[2025-02-17T22:19:01.488-0700] {processor.py:829} INFO - Processing file /home/jparep/miniconda3/envs/dbt-env/lib/python3.11/site-packages/airflow/example_dags/example_short_circuit_decorator.py for tasks to queue
[2025-02-17T22:19:01.489-0700] {logging_mixin.py:154} INFO - [2025-02-17T22:19:01.488-0700] {dagbag.py:536} INFO - Filling up the DagBag from /home/jparep/miniconda3/envs/dbt-env/lib/python3.11/site-packages/airflow/example_dags/example_short_circuit_decorator.py
[2025-02-17T22:19:01.505-0700] {processor.py:839} INFO - DAG(s) dict_keys(['example_short_circuit_decorator']) retrieved from /home/jparep/miniconda3/envs/dbt-env/lib/python3.11/site-packages/airflow/example_dags/example_short_circuit_decorator.py
[2025-02-17T22:19:01.529-0700] {logging_mixin.py:154} INFO - [2025-02-17T22:19:01.529-0700] {dag.py:2941} INFO - Sync 1 DAGs
[2025-02-17T22:19:01.547-0700] {logging_mixin.py:154} INFO - [2025-02-17T22:19:01.547-0700] {dag.py:3722} INFO - Setting next_dagrun for example_short_circuit_decorator to 2025-02-17T05:19:01.547295+00:00, run_after=2025-02-18T05:19:01.547295+00:00
[2025-02-17T22:19:01.571-0700] {processor.py:179} INFO - Processing /home/jparep/miniconda3/envs/dbt-env/lib/python3.11/site-packages/airflow/example_dags/example_short_circuit_decorator.py took 0.089 seconds
[2025-02-17T22:20:01.124-0700] {processor.py:157} INFO - Started process (PID=150538) to work on /home/jparep/miniconda3/envs/dbt-env/lib/python3.11/site-packages/airflow/example_dags/example_short_circuit_decorator.py
[2025-02-17T22:20:01.127-0700] {processor.py:829} INFO - Processing file /home/jparep/miniconda3/envs/dbt-env/lib/python3.11/site-packages/airflow/example_dags/example_short_circuit_decorator.py for tasks to queue
[2025-02-17T22:20:01.128-0700] {logging_mixin.py:154} INFO - [2025-02-17T22:20:01.128-0700] {dagbag.py:536} INFO - Filling up the DagBag from /home/jparep/miniconda3/envs/dbt-env/lib/python3.11/site-packages/airflow/example_dags/example_short_circuit_decorator.py
[2025-02-17T22:20:01.144-0700] {processor.py:839} INFO - DAG(s) dict_keys(['example_short_circuit_decorator']) retrieved from /home/jparep/miniconda3/envs/dbt-env/lib/python3.11/site-packages/airflow/example_dags/example_short_circuit_decorator.py
[2025-02-17T22:20:01.176-0700] {logging_mixin.py:154} INFO - [2025-02-17T22:20:01.176-0700] {dag.py:2941} INFO - Sync 1 DAGs
[2025-02-17T22:20:01.195-0700] {logging_mixin.py:154} INFO - [2025-02-17T22:20:01.195-0700] {dag.py:3722} INFO - Setting next_dagrun for example_short_circuit_decorator to 2025-02-17T05:20:01.195188+00:00, run_after=2025-02-18T05:20:01.195188+00:00
[2025-02-17T22:20:01.218-0700] {processor.py:179} INFO - Processing /home/jparep/miniconda3/envs/dbt-env/lib/python3.11/site-packages/airflow/example_dags/example_short_circuit_decorator.py took 0.098 seconds
[2025-02-17T22:20:58.205-0700] {processor.py:157} INFO - Started process (PID=151084) to work on /home/jparep/miniconda3/envs/dbt-env/lib/python3.11/site-packages/airflow/example_dags/example_short_circuit_decorator.py
[2025-02-17T22:20:58.208-0700] {processor.py:829} INFO - Processing file /home/jparep/miniconda3/envs/dbt-env/lib/python3.11/site-packages/airflow/example_dags/example_short_circuit_decorator.py for tasks to queue
[2025-02-17T22:20:58.209-0700] {logging_mixin.py:154} INFO - [2025-02-17T22:20:58.208-0700] {dagbag.py:536} INFO - Filling up the DagBag from /home/jparep/miniconda3/envs/dbt-env/lib/python3.11/site-packages/airflow/example_dags/example_short_circuit_decorator.py
[2025-02-17T22:20:58.226-0700] {processor.py:839} INFO - DAG(s) dict_keys(['example_short_circuit_decorator']) retrieved from /home/jparep/miniconda3/envs/dbt-env/lib/python3.11/site-packages/airflow/example_dags/example_short_circuit_decorator.py
[2025-02-17T22:20:58.250-0700] {logging_mixin.py:154} INFO - [2025-02-17T22:20:58.249-0700] {dag.py:2941} INFO - Sync 1 DAGs
[2025-02-17T22:20:58.272-0700] {logging_mixin.py:154} INFO - [2025-02-17T22:20:58.271-0700] {dag.py:3722} INFO - Setting next_dagrun for example_short_circuit_decorator to 2025-02-17T05:20:58.271615+00:00, run_after=2025-02-18T05:20:58.271615+00:00
[2025-02-17T22:20:58.290-0700] {processor.py:179} INFO - Processing /home/jparep/miniconda3/envs/dbt-env/lib/python3.11/site-packages/airflow/example_dags/example_short_circuit_decorator.py took 0.089 seconds
[2025-02-17T22:21:49.423-0700] {processor.py:157} INFO - Started process (PID=151565) to work on /home/jparep/miniconda3/envs/dbt-env/lib/python3.11/site-packages/airflow/example_dags/example_short_circuit_decorator.py
[2025-02-17T22:21:49.425-0700] {processor.py:829} INFO - Processing file /home/jparep/miniconda3/envs/dbt-env/lib/python3.11/site-packages/airflow/example_dags/example_short_circuit_decorator.py for tasks to queue
[2025-02-17T22:21:49.426-0700] {logging_mixin.py:154} INFO - [2025-02-17T22:21:49.426-0700] {dagbag.py:536} INFO - Filling up the DagBag from /home/jparep/miniconda3/envs/dbt-env/lib/python3.11/site-packages/airflow/example_dags/example_short_circuit_decorator.py
[2025-02-17T22:21:49.441-0700] {processor.py:839} INFO - DAG(s) dict_keys(['example_short_circuit_decorator']) retrieved from /home/jparep/miniconda3/envs/dbt-env/lib/python3.11/site-packages/airflow/example_dags/example_short_circuit_decorator.py
[2025-02-17T22:21:49.465-0700] {logging_mixin.py:154} INFO - [2025-02-17T22:21:49.464-0700] {dag.py:2941} INFO - Sync 1 DAGs
[2025-02-17T22:21:49.489-0700] {logging_mixin.py:154} INFO - [2025-02-17T22:21:49.488-0700] {dag.py:3722} INFO - Setting next_dagrun for example_short_circuit_decorator to 2025-02-17T05:21:49.488511+00:00, run_after=2025-02-18T05:21:49.488511+00:00
[2025-02-17T22:21:49.519-0700] {processor.py:179} INFO - Processing /home/jparep/miniconda3/envs/dbt-env/lib/python3.11/site-packages/airflow/example_dags/example_short_circuit_decorator.py took 0.101 seconds
[2025-02-17T22:22:42.244-0700] {processor.py:157} INFO - Started process (PID=151767) to work on /home/jparep/miniconda3/envs/dbt-env/lib/python3.11/site-packages/airflow/example_dags/example_short_circuit_decorator.py
[2025-02-17T22:22:42.246-0700] {processor.py:829} INFO - Processing file /home/jparep/miniconda3/envs/dbt-env/lib/python3.11/site-packages/airflow/example_dags/example_short_circuit_decorator.py for tasks to queue
[2025-02-17T22:22:42.247-0700] {logging_mixin.py:154} INFO - [2025-02-17T22:22:42.246-0700] {dagbag.py:536} INFO - Filling up the DagBag from /home/jparep/miniconda3/envs/dbt-env/lib/python3.11/site-packages/airflow/example_dags/example_short_circuit_decorator.py
[2025-02-17T22:22:42.261-0700] {processor.py:839} INFO - DAG(s) dict_keys(['example_short_circuit_decorator']) retrieved from /home/jparep/miniconda3/envs/dbt-env/lib/python3.11/site-packages/airflow/example_dags/example_short_circuit_decorator.py
[2025-02-17T22:22:42.281-0700] {logging_mixin.py:154} INFO - [2025-02-17T22:22:42.281-0700] {dag.py:2941} INFO - Sync 1 DAGs
[2025-02-17T22:22:42.299-0700] {logging_mixin.py:154} INFO - [2025-02-17T22:22:42.298-0700] {dag.py:3722} INFO - Setting next_dagrun for example_short_circuit_decorator to 2025-02-17T05:22:42.298611+00:00, run_after=2025-02-18T05:22:42.298611+00:00
[2025-02-17T22:22:42.320-0700] {processor.py:179} INFO - Processing /home/jparep/miniconda3/envs/dbt-env/lib/python3.11/site-packages/airflow/example_dags/example_short_circuit_decorator.py took 0.080 seconds
[2025-02-17T22:23:35.699-0700] {processor.py:157} INFO - Started process (PID=152230) to work on /home/jparep/miniconda3/envs/dbt-env/lib/python3.11/site-packages/airflow/example_dags/example_short_circuit_decorator.py
[2025-02-17T22:23:35.701-0700] {processor.py:829} INFO - Processing file /home/jparep/miniconda3/envs/dbt-env/lib/python3.11/site-packages/airflow/example_dags/example_short_circuit_decorator.py for tasks to queue
[2025-02-17T22:23:35.702-0700] {logging_mixin.py:154} INFO - [2025-02-17T22:23:35.702-0700] {dagbag.py:536} INFO - Filling up the DagBag from /home/jparep/miniconda3/envs/dbt-env/lib/python3.11/site-packages/airflow/example_dags/example_short_circuit_decorator.py
[2025-02-17T22:23:35.716-0700] {processor.py:839} INFO - DAG(s) dict_keys(['example_short_circuit_decorator']) retrieved from /home/jparep/miniconda3/envs/dbt-env/lib/python3.11/site-packages/airflow/example_dags/example_short_circuit_decorator.py
[2025-02-17T22:23:35.736-0700] {logging_mixin.py:154} INFO - [2025-02-17T22:23:35.736-0700] {dag.py:2941} INFO - Sync 1 DAGs
[2025-02-17T22:23:35.754-0700] {logging_mixin.py:154} INFO - [2025-02-17T22:23:35.754-0700] {dag.py:3722} INFO - Setting next_dagrun for example_short_circuit_decorator to 2025-02-17T05:23:35.754315+00:00, run_after=2025-02-18T05:23:35.754315+00:00
[2025-02-17T22:23:35.778-0700] {processor.py:179} INFO - Processing /home/jparep/miniconda3/envs/dbt-env/lib/python3.11/site-packages/airflow/example_dags/example_short_circuit_decorator.py took 0.083 seconds
[2025-02-17T22:24:30.663-0700] {processor.py:157} INFO - Started process (PID=152770) to work on /home/jparep/miniconda3/envs/dbt-env/lib/python3.11/site-packages/airflow/example_dags/example_short_circuit_decorator.py
[2025-02-17T22:24:30.666-0700] {processor.py:829} INFO - Processing file /home/jparep/miniconda3/envs/dbt-env/lib/python3.11/site-packages/airflow/example_dags/example_short_circuit_decorator.py for tasks to queue
[2025-02-17T22:24:30.667-0700] {logging_mixin.py:154} INFO - [2025-02-17T22:24:30.666-0700] {dagbag.py:536} INFO - Filling up the DagBag from /home/jparep/miniconda3/envs/dbt-env/lib/python3.11/site-packages/airflow/example_dags/example_short_circuit_decorator.py
[2025-02-17T22:24:30.682-0700] {processor.py:839} INFO - DAG(s) dict_keys(['example_short_circuit_decorator']) retrieved from /home/jparep/miniconda3/envs/dbt-env/lib/python3.11/site-packages/airflow/example_dags/example_short_circuit_decorator.py
[2025-02-17T22:24:30.708-0700] {logging_mixin.py:154} INFO - [2025-02-17T22:24:30.708-0700] {dag.py:2941} INFO - Sync 1 DAGs
[2025-02-17T22:24:30.732-0700] {logging_mixin.py:154} INFO - [2025-02-17T22:24:30.731-0700] {dag.py:3722} INFO - Setting next_dagrun for example_short_circuit_decorator to 2025-02-17T05:24:30.731526+00:00, run_after=2025-02-18T05:24:30.731526+00:00
[2025-02-17T22:24:30.764-0700] {processor.py:179} INFO - Processing /home/jparep/miniconda3/envs/dbt-env/lib/python3.11/site-packages/airflow/example_dags/example_short_circuit_decorator.py took 0.105 seconds
[2025-02-17T22:25:27.608-0700] {processor.py:157} INFO - Started process (PID=153299) to work on /home/jparep/miniconda3/envs/dbt-env/lib/python3.11/site-packages/airflow/example_dags/example_short_circuit_decorator.py
[2025-02-17T22:25:27.610-0700] {processor.py:829} INFO - Processing file /home/jparep/miniconda3/envs/dbt-env/lib/python3.11/site-packages/airflow/example_dags/example_short_circuit_decorator.py for tasks to queue
[2025-02-17T22:25:27.612-0700] {logging_mixin.py:154} INFO - [2025-02-17T22:25:27.610-0700] {dagbag.py:536} INFO - Filling up the DagBag from /home/jparep/miniconda3/envs/dbt-env/lib/python3.11/site-packages/airflow/example_dags/example_short_circuit_decorator.py
[2025-02-17T22:25:27.627-0700] {processor.py:839} INFO - DAG(s) dict_keys(['example_short_circuit_decorator']) retrieved from /home/jparep/miniconda3/envs/dbt-env/lib/python3.11/site-packages/airflow/example_dags/example_short_circuit_decorator.py
[2025-02-17T22:25:27.647-0700] {logging_mixin.py:154} INFO - [2025-02-17T22:25:27.647-0700] {dag.py:2941} INFO - Sync 1 DAGs
[2025-02-17T22:25:27.663-0700] {logging_mixin.py:154} INFO - [2025-02-17T22:25:27.663-0700] {dag.py:3722} INFO - Setting next_dagrun for example_short_circuit_decorator to 2025-02-17T05:25:27.663077+00:00, run_after=2025-02-18T05:25:27.663077+00:00
[2025-02-17T22:25:27.682-0700] {processor.py:179} INFO - Processing /home/jparep/miniconda3/envs/dbt-env/lib/python3.11/site-packages/airflow/example_dags/example_short_circuit_decorator.py took 0.078 seconds
[2025-02-17T22:26:26.525-0700] {processor.py:157} INFO - Started process (PID=153847) to work on /home/jparep/miniconda3/envs/dbt-env/lib/python3.11/site-packages/airflow/example_dags/example_short_circuit_decorator.py
[2025-02-17T22:26:26.528-0700] {processor.py:829} INFO - Processing file /home/jparep/miniconda3/envs/dbt-env/lib/python3.11/site-packages/airflow/example_dags/example_short_circuit_decorator.py for tasks to queue
[2025-02-17T22:26:26.529-0700] {logging_mixin.py:154} INFO - [2025-02-17T22:26:26.529-0700] {dagbag.py:536} INFO - Filling up the DagBag from /home/jparep/miniconda3/envs/dbt-env/lib/python3.11/site-packages/airflow/example_dags/example_short_circuit_decorator.py
[2025-02-17T22:26:26.545-0700] {processor.py:839} INFO - DAG(s) dict_keys(['example_short_circuit_decorator']) retrieved from /home/jparep/miniconda3/envs/dbt-env/lib/python3.11/site-packages/airflow/example_dags/example_short_circuit_decorator.py
[2025-02-17T22:26:26.571-0700] {logging_mixin.py:154} INFO - [2025-02-17T22:26:26.570-0700] {dag.py:2941} INFO - Sync 1 DAGs
[2025-02-17T22:26:26.596-0700] {logging_mixin.py:154} INFO - [2025-02-17T22:26:26.596-0700] {dag.py:3722} INFO - Setting next_dagrun for example_short_circuit_decorator to 2025-02-17T05:26:26.596387+00:00, run_after=2025-02-18T05:26:26.596387+00:00
[2025-02-17T22:26:26.626-0700] {processor.py:179} INFO - Processing /home/jparep/miniconda3/envs/dbt-env/lib/python3.11/site-packages/airflow/example_dags/example_short_circuit_decorator.py took 0.105 seconds
[2025-02-17T22:27:16.961-0700] {processor.py:157} INFO - Started process (PID=154345) to work on /home/jparep/miniconda3/envs/dbt-env/lib/python3.11/site-packages/airflow/example_dags/example_short_circuit_decorator.py
[2025-02-17T22:27:16.963-0700] {processor.py:829} INFO - Processing file /home/jparep/miniconda3/envs/dbt-env/lib/python3.11/site-packages/airflow/example_dags/example_short_circuit_decorator.py for tasks to queue
[2025-02-17T22:27:16.964-0700] {logging_mixin.py:154} INFO - [2025-02-17T22:27:16.964-0700] {dagbag.py:536} INFO - Filling up the DagBag from /home/jparep/miniconda3/envs/dbt-env/lib/python3.11/site-packages/airflow/example_dags/example_short_circuit_decorator.py
[2025-02-17T22:27:16.979-0700] {processor.py:839} INFO - DAG(s) dict_keys(['example_short_circuit_decorator']) retrieved from /home/jparep/miniconda3/envs/dbt-env/lib/python3.11/site-packages/airflow/example_dags/example_short_circuit_decorator.py
[2025-02-17T22:27:17.003-0700] {logging_mixin.py:154} INFO - [2025-02-17T22:27:17.003-0700] {dag.py:2941} INFO - Sync 1 DAGs
[2025-02-17T22:27:17.026-0700] {logging_mixin.py:154} INFO - [2025-02-17T22:27:17.026-0700] {dag.py:3722} INFO - Setting next_dagrun for example_short_circuit_decorator to 2025-02-17T05:27:17.026306+00:00, run_after=2025-02-18T05:27:17.026306+00:00
[2025-02-17T22:27:17.055-0700] {processor.py:179} INFO - Processing /home/jparep/miniconda3/envs/dbt-env/lib/python3.11/site-packages/airflow/example_dags/example_short_circuit_decorator.py took 0.098 seconds
[2025-02-17T22:28:14.049-0700] {processor.py:157} INFO - Started process (PID=154869) to work on /home/jparep/miniconda3/envs/dbt-env/lib/python3.11/site-packages/airflow/example_dags/example_short_circuit_decorator.py
[2025-02-17T22:28:14.052-0700] {processor.py:829} INFO - Processing file /home/jparep/miniconda3/envs/dbt-env/lib/python3.11/site-packages/airflow/example_dags/example_short_circuit_decorator.py for tasks to queue
[2025-02-17T22:28:14.054-0700] {logging_mixin.py:154} INFO - [2025-02-17T22:28:14.053-0700] {dagbag.py:536} INFO - Filling up the DagBag from /home/jparep/miniconda3/envs/dbt-env/lib/python3.11/site-packages/airflow/example_dags/example_short_circuit_decorator.py
[2025-02-17T22:28:14.078-0700] {processor.py:839} INFO - DAG(s) dict_keys(['example_short_circuit_decorator']) retrieved from /home/jparep/miniconda3/envs/dbt-env/lib/python3.11/site-packages/airflow/example_dags/example_short_circuit_decorator.py
[2025-02-17T22:28:14.102-0700] {logging_mixin.py:154} INFO - [2025-02-17T22:28:14.102-0700] {dag.py:2941} INFO - Sync 1 DAGs
[2025-02-17T22:28:14.127-0700] {logging_mixin.py:154} INFO - [2025-02-17T22:28:14.126-0700] {dag.py:3722} INFO - Setting next_dagrun for example_short_circuit_decorator to 2025-02-17T05:28:14.126657+00:00, run_after=2025-02-18T05:28:14.126657+00:00
[2025-02-17T22:28:14.147-0700] {processor.py:179} INFO - Processing /home/jparep/miniconda3/envs/dbt-env/lib/python3.11/site-packages/airflow/example_dags/example_short_circuit_decorator.py took 0.105 seconds
[2025-02-17T22:29:14.740-0700] {processor.py:157} INFO - Started process (PID=155094) to work on /home/jparep/miniconda3/envs/dbt-env/lib/python3.11/site-packages/airflow/example_dags/example_short_circuit_decorator.py
[2025-02-17T22:29:14.743-0700] {processor.py:829} INFO - Processing file /home/jparep/miniconda3/envs/dbt-env/lib/python3.11/site-packages/airflow/example_dags/example_short_circuit_decorator.py for tasks to queue
[2025-02-17T22:29:14.744-0700] {logging_mixin.py:154} INFO - [2025-02-17T22:29:14.743-0700] {dagbag.py:536} INFO - Filling up the DagBag from /home/jparep/miniconda3/envs/dbt-env/lib/python3.11/site-packages/airflow/example_dags/example_short_circuit_decorator.py
[2025-02-17T22:29:14.758-0700] {processor.py:839} INFO - DAG(s) dict_keys(['example_short_circuit_decorator']) retrieved from /home/jparep/miniconda3/envs/dbt-env/lib/python3.11/site-packages/airflow/example_dags/example_short_circuit_decorator.py
[2025-02-17T22:29:14.787-0700] {logging_mixin.py:154} INFO - [2025-02-17T22:29:14.787-0700] {dag.py:2941} INFO - Sync 1 DAGs
[2025-02-17T22:29:14.820-0700] {logging_mixin.py:154} INFO - [2025-02-17T22:29:14.819-0700] {dag.py:3722} INFO - Setting next_dagrun for example_short_circuit_decorator to 2025-02-17T05:29:14.819083+00:00, run_after=2025-02-18T05:29:14.819083+00:00
[2025-02-17T22:29:14.851-0700] {processor.py:179} INFO - Processing /home/jparep/miniconda3/envs/dbt-env/lib/python3.11/site-packages/airflow/example_dags/example_short_circuit_decorator.py took 0.115 seconds
[2025-02-17T22:30:16.307-0700] {processor.py:157} INFO - Started process (PID=155575) to work on /home/jparep/miniconda3/envs/dbt-env/lib/python3.11/site-packages/airflow/example_dags/example_short_circuit_decorator.py
[2025-02-17T22:30:16.309-0700] {processor.py:829} INFO - Processing file /home/jparep/miniconda3/envs/dbt-env/lib/python3.11/site-packages/airflow/example_dags/example_short_circuit_decorator.py for tasks to queue
[2025-02-17T22:30:16.311-0700] {logging_mixin.py:154} INFO - [2025-02-17T22:30:16.310-0700] {dagbag.py:536} INFO - Filling up the DagBag from /home/jparep/miniconda3/envs/dbt-env/lib/python3.11/site-packages/airflow/example_dags/example_short_circuit_decorator.py
[2025-02-17T22:30:16.324-0700] {processor.py:839} INFO - DAG(s) dict_keys(['example_short_circuit_decorator']) retrieved from /home/jparep/miniconda3/envs/dbt-env/lib/python3.11/site-packages/airflow/example_dags/example_short_circuit_decorator.py
[2025-02-17T22:30:16.337-0700] {logging_mixin.py:154} INFO - [2025-02-17T22:30:16.337-0700] {dag.py:2941} INFO - Sync 1 DAGs
[2025-02-17T22:30:16.353-0700] {logging_mixin.py:154} INFO - [2025-02-17T22:30:16.352-0700] {dag.py:3722} INFO - Setting next_dagrun for example_short_circuit_decorator to 2025-02-17T05:30:16.352684+00:00, run_after=2025-02-18T05:30:16.352684+00:00
[2025-02-17T22:30:16.374-0700] {processor.py:179} INFO - Processing /home/jparep/miniconda3/envs/dbt-env/lib/python3.11/site-packages/airflow/example_dags/example_short_circuit_decorator.py took 0.073 seconds
[2025-02-17T22:31:08.474-0700] {processor.py:157} INFO - Started process (PID=156097) to work on /home/jparep/miniconda3/envs/dbt-env/lib/python3.11/site-packages/airflow/example_dags/example_short_circuit_decorator.py
[2025-02-17T22:31:08.477-0700] {processor.py:829} INFO - Processing file /home/jparep/miniconda3/envs/dbt-env/lib/python3.11/site-packages/airflow/example_dags/example_short_circuit_decorator.py for tasks to queue
[2025-02-17T22:31:08.478-0700] {logging_mixin.py:154} INFO - [2025-02-17T22:31:08.478-0700] {dagbag.py:536} INFO - Filling up the DagBag from /home/jparep/miniconda3/envs/dbt-env/lib/python3.11/site-packages/airflow/example_dags/example_short_circuit_decorator.py
[2025-02-17T22:31:08.493-0700] {processor.py:839} INFO - DAG(s) dict_keys(['example_short_circuit_decorator']) retrieved from /home/jparep/miniconda3/envs/dbt-env/lib/python3.11/site-packages/airflow/example_dags/example_short_circuit_decorator.py
[2025-02-17T22:31:08.516-0700] {logging_mixin.py:154} INFO - [2025-02-17T22:31:08.516-0700] {dag.py:2941} INFO - Sync 1 DAGs
[2025-02-17T22:31:08.535-0700] {logging_mixin.py:154} INFO - [2025-02-17T22:31:08.535-0700] {dag.py:3722} INFO - Setting next_dagrun for example_short_circuit_decorator to 2025-02-17T05:31:08.535322+00:00, run_after=2025-02-18T05:31:08.535322+00:00
[2025-02-17T22:31:08.563-0700] {processor.py:179} INFO - Processing /home/jparep/miniconda3/envs/dbt-env/lib/python3.11/site-packages/airflow/example_dags/example_short_circuit_decorator.py took 0.093 seconds
[2025-02-17T22:32:05.068-0700] {processor.py:157} INFO - Started process (PID=156659) to work on /home/jparep/miniconda3/envs/dbt-env/lib/python3.11/site-packages/airflow/example_dags/example_short_circuit_decorator.py
[2025-02-17T22:32:05.071-0700] {processor.py:829} INFO - Processing file /home/jparep/miniconda3/envs/dbt-env/lib/python3.11/site-packages/airflow/example_dags/example_short_circuit_decorator.py for tasks to queue
[2025-02-17T22:32:05.072-0700] {logging_mixin.py:154} INFO - [2025-02-17T22:32:05.072-0700] {dagbag.py:536} INFO - Filling up the DagBag from /home/jparep/miniconda3/envs/dbt-env/lib/python3.11/site-packages/airflow/example_dags/example_short_circuit_decorator.py
[2025-02-17T22:32:05.087-0700] {processor.py:839} INFO - DAG(s) dict_keys(['example_short_circuit_decorator']) retrieved from /home/jparep/miniconda3/envs/dbt-env/lib/python3.11/site-packages/airflow/example_dags/example_short_circuit_decorator.py
[2025-02-17T22:32:05.107-0700] {logging_mixin.py:154} INFO - [2025-02-17T22:32:05.107-0700] {dag.py:2941} INFO - Sync 1 DAGs
[2025-02-17T22:32:05.125-0700] {logging_mixin.py:154} INFO - [2025-02-17T22:32:05.125-0700] {dag.py:3722} INFO - Setting next_dagrun for example_short_circuit_decorator to 2025-02-17T05:32:05.124983+00:00, run_after=2025-02-18T05:32:05.124983+00:00
[2025-02-17T22:32:05.146-0700] {processor.py:179} INFO - Processing /home/jparep/miniconda3/envs/dbt-env/lib/python3.11/site-packages/airflow/example_dags/example_short_circuit_decorator.py took 0.082 seconds
[2025-02-17T22:33:01.935-0700] {processor.py:157} INFO - Started process (PID=157046) to work on /home/jparep/miniconda3/envs/dbt-env/lib/python3.11/site-packages/airflow/example_dags/example_short_circuit_decorator.py
[2025-02-17T22:33:01.937-0700] {processor.py:829} INFO - Processing file /home/jparep/miniconda3/envs/dbt-env/lib/python3.11/site-packages/airflow/example_dags/example_short_circuit_decorator.py for tasks to queue
[2025-02-17T22:33:01.939-0700] {logging_mixin.py:154} INFO - [2025-02-17T22:33:01.938-0700] {dagbag.py:536} INFO - Filling up the DagBag from /home/jparep/miniconda3/envs/dbt-env/lib/python3.11/site-packages/airflow/example_dags/example_short_circuit_decorator.py
[2025-02-17T22:33:01.953-0700] {processor.py:839} INFO - DAG(s) dict_keys(['example_short_circuit_decorator']) retrieved from /home/jparep/miniconda3/envs/dbt-env/lib/python3.11/site-packages/airflow/example_dags/example_short_circuit_decorator.py
[2025-02-17T22:33:01.970-0700] {logging_mixin.py:154} INFO - [2025-02-17T22:33:01.970-0700] {dag.py:2941} INFO - Sync 1 DAGs
[2025-02-17T22:33:01.983-0700] {logging_mixin.py:154} INFO - [2025-02-17T22:33:01.983-0700] {dag.py:3722} INFO - Setting next_dagrun for example_short_circuit_decorator to 2025-02-17T05:33:01.983499+00:00, run_after=2025-02-18T05:33:01.983499+00:00
[2025-02-17T22:33:02.000-0700] {processor.py:179} INFO - Processing /home/jparep/miniconda3/envs/dbt-env/lib/python3.11/site-packages/airflow/example_dags/example_short_circuit_decorator.py took 0.070 seconds
[2025-02-17T22:34:00.680-0700] {processor.py:157} INFO - Started process (PID=157544) to work on /home/jparep/miniconda3/envs/dbt-env/lib/python3.11/site-packages/airflow/example_dags/example_short_circuit_decorator.py
[2025-02-17T22:34:00.682-0700] {processor.py:829} INFO - Processing file /home/jparep/miniconda3/envs/dbt-env/lib/python3.11/site-packages/airflow/example_dags/example_short_circuit_decorator.py for tasks to queue
[2025-02-17T22:34:00.683-0700] {logging_mixin.py:154} INFO - [2025-02-17T22:34:00.683-0700] {dagbag.py:536} INFO - Filling up the DagBag from /home/jparep/miniconda3/envs/dbt-env/lib/python3.11/site-packages/airflow/example_dags/example_short_circuit_decorator.py
[2025-02-17T22:34:00.692-0700] {processor.py:839} INFO - DAG(s) dict_keys(['example_short_circuit_decorator']) retrieved from /home/jparep/miniconda3/envs/dbt-env/lib/python3.11/site-packages/airflow/example_dags/example_short_circuit_decorator.py
[2025-02-17T22:34:00.706-0700] {logging_mixin.py:154} INFO - [2025-02-17T22:34:00.706-0700] {dag.py:2941} INFO - Sync 1 DAGs
[2025-02-17T22:34:00.720-0700] {logging_mixin.py:154} INFO - [2025-02-17T22:34:00.719-0700] {dag.py:3722} INFO - Setting next_dagrun for example_short_circuit_decorator to 2025-02-17T05:34:00.719719+00:00, run_after=2025-02-18T05:34:00.719719+00:00
[2025-02-17T22:34:00.745-0700] {processor.py:179} INFO - Processing /home/jparep/miniconda3/envs/dbt-env/lib/python3.11/site-packages/airflow/example_dags/example_short_circuit_decorator.py took 0.068 seconds
[2025-02-17T22:34:53.486-0700] {processor.py:157} INFO - Started process (PID=157952) to work on /home/jparep/miniconda3/envs/dbt-env/lib/python3.11/site-packages/airflow/example_dags/example_short_circuit_decorator.py
[2025-02-17T22:34:53.489-0700] {processor.py:829} INFO - Processing file /home/jparep/miniconda3/envs/dbt-env/lib/python3.11/site-packages/airflow/example_dags/example_short_circuit_decorator.py for tasks to queue
[2025-02-17T22:34:53.490-0700] {logging_mixin.py:154} INFO - [2025-02-17T22:34:53.489-0700] {dagbag.py:536} INFO - Filling up the DagBag from /home/jparep/miniconda3/envs/dbt-env/lib/python3.11/site-packages/airflow/example_dags/example_short_circuit_decorator.py
[2025-02-17T22:34:53.504-0700] {processor.py:839} INFO - DAG(s) dict_keys(['example_short_circuit_decorator']) retrieved from /home/jparep/miniconda3/envs/dbt-env/lib/python3.11/site-packages/airflow/example_dags/example_short_circuit_decorator.py
[2025-02-17T22:34:53.520-0700] {logging_mixin.py:154} INFO - [2025-02-17T22:34:53.520-0700] {dag.py:2941} INFO - Sync 1 DAGs
[2025-02-17T22:34:53.534-0700] {logging_mixin.py:154} INFO - [2025-02-17T22:34:53.534-0700] {dag.py:3722} INFO - Setting next_dagrun for example_short_circuit_decorator to 2025-02-17T05:34:53.534049+00:00, run_after=2025-02-18T05:34:53.534049+00:00
[2025-02-17T22:34:53.550-0700] {processor.py:179} INFO - Processing /home/jparep/miniconda3/envs/dbt-env/lib/python3.11/site-packages/airflow/example_dags/example_short_circuit_decorator.py took 0.069 seconds
[2025-02-17T22:35:50.323-0700] {processor.py:157} INFO - Started process (PID=158474) to work on /home/jparep/miniconda3/envs/dbt-env/lib/python3.11/site-packages/airflow/example_dags/example_short_circuit_decorator.py
[2025-02-17T22:35:50.325-0700] {processor.py:829} INFO - Processing file /home/jparep/miniconda3/envs/dbt-env/lib/python3.11/site-packages/airflow/example_dags/example_short_circuit_decorator.py for tasks to queue
[2025-02-17T22:35:50.325-0700] {logging_mixin.py:154} INFO - [2025-02-17T22:35:50.325-0700] {dagbag.py:536} INFO - Filling up the DagBag from /home/jparep/miniconda3/envs/dbt-env/lib/python3.11/site-packages/airflow/example_dags/example_short_circuit_decorator.py
[2025-02-17T22:35:50.335-0700] {processor.py:839} INFO - DAG(s) dict_keys(['example_short_circuit_decorator']) retrieved from /home/jparep/miniconda3/envs/dbt-env/lib/python3.11/site-packages/airflow/example_dags/example_short_circuit_decorator.py
[2025-02-17T22:35:50.348-0700] {logging_mixin.py:154} INFO - [2025-02-17T22:35:50.348-0700] {dag.py:2941} INFO - Sync 1 DAGs
[2025-02-17T22:35:50.362-0700] {logging_mixin.py:154} INFO - [2025-02-17T22:35:50.362-0700] {dag.py:3722} INFO - Setting next_dagrun for example_short_circuit_decorator to 2025-02-17T05:35:50.362048+00:00, run_after=2025-02-18T05:35:50.362048+00:00
[2025-02-17T22:35:50.377-0700] {processor.py:179} INFO - Processing /home/jparep/miniconda3/envs/dbt-env/lib/python3.11/site-packages/airflow/example_dags/example_short_circuit_decorator.py took 0.057 seconds
[2025-02-17T22:36:52.176-0700] {processor.py:157} INFO - Started process (PID=159036) to work on /home/jparep/miniconda3/envs/dbt-env/lib/python3.11/site-packages/airflow/example_dags/example_short_circuit_decorator.py
[2025-02-17T22:36:52.178-0700] {processor.py:829} INFO - Processing file /home/jparep/miniconda3/envs/dbt-env/lib/python3.11/site-packages/airflow/example_dags/example_short_circuit_decorator.py for tasks to queue
[2025-02-17T22:36:52.179-0700] {logging_mixin.py:154} INFO - [2025-02-17T22:36:52.179-0700] {dagbag.py:536} INFO - Filling up the DagBag from /home/jparep/miniconda3/envs/dbt-env/lib/python3.11/site-packages/airflow/example_dags/example_short_circuit_decorator.py
[2025-02-17T22:36:52.190-0700] {processor.py:839} INFO - DAG(s) dict_keys(['example_short_circuit_decorator']) retrieved from /home/jparep/miniconda3/envs/dbt-env/lib/python3.11/site-packages/airflow/example_dags/example_short_circuit_decorator.py
[2025-02-17T22:36:52.205-0700] {logging_mixin.py:154} INFO - [2025-02-17T22:36:52.205-0700] {dag.py:2941} INFO - Sync 1 DAGs
[2025-02-17T22:36:52.223-0700] {logging_mixin.py:154} INFO - [2025-02-17T22:36:52.223-0700] {dag.py:3722} INFO - Setting next_dagrun for example_short_circuit_decorator to 2025-02-17T05:36:52.222804+00:00, run_after=2025-02-18T05:36:52.222804+00:00
[2025-02-17T22:36:52.253-0700] {processor.py:179} INFO - Processing /home/jparep/miniconda3/envs/dbt-env/lib/python3.11/site-packages/airflow/example_dags/example_short_circuit_decorator.py took 0.081 seconds
[2025-02-17T22:37:45.879-0700] {processor.py:157} INFO - Started process (PID=160004) to work on /home/jparep/miniconda3/envs/dbt-env/lib/python3.11/site-packages/airflow/example_dags/example_short_circuit_decorator.py
[2025-02-17T22:37:45.880-0700] {processor.py:829} INFO - Processing file /home/jparep/miniconda3/envs/dbt-env/lib/python3.11/site-packages/airflow/example_dags/example_short_circuit_decorator.py for tasks to queue
[2025-02-17T22:37:45.881-0700] {logging_mixin.py:154} INFO - [2025-02-17T22:37:45.881-0700] {dagbag.py:536} INFO - Filling up the DagBag from /home/jparep/miniconda3/envs/dbt-env/lib/python3.11/site-packages/airflow/example_dags/example_short_circuit_decorator.py
[2025-02-17T22:37:45.891-0700] {processor.py:839} INFO - DAG(s) dict_keys(['example_short_circuit_decorator']) retrieved from /home/jparep/miniconda3/envs/dbt-env/lib/python3.11/site-packages/airflow/example_dags/example_short_circuit_decorator.py
[2025-02-17T22:37:45.905-0700] {logging_mixin.py:154} INFO - [2025-02-17T22:37:45.904-0700] {dag.py:2941} INFO - Sync 1 DAGs
[2025-02-17T22:37:45.918-0700] {logging_mixin.py:154} INFO - [2025-02-17T22:37:45.918-0700] {dag.py:3722} INFO - Setting next_dagrun for example_short_circuit_decorator to 2025-02-17T05:37:45.918114+00:00, run_after=2025-02-18T05:37:45.918114+00:00
[2025-02-17T22:37:45.936-0700] {processor.py:179} INFO - Processing /home/jparep/miniconda3/envs/dbt-env/lib/python3.11/site-packages/airflow/example_dags/example_short_circuit_decorator.py took 0.061 seconds
[2025-02-17T22:38:38.660-0700] {processor.py:157} INFO - Started process (PID=160658) to work on /home/jparep/miniconda3/envs/dbt-env/lib/python3.11/site-packages/airflow/example_dags/example_short_circuit_decorator.py
[2025-02-17T22:38:38.663-0700] {processor.py:829} INFO - Processing file /home/jparep/miniconda3/envs/dbt-env/lib/python3.11/site-packages/airflow/example_dags/example_short_circuit_decorator.py for tasks to queue
[2025-02-17T22:38:38.664-0700] {logging_mixin.py:154} INFO - [2025-02-17T22:38:38.664-0700] {dagbag.py:536} INFO - Filling up the DagBag from /home/jparep/miniconda3/envs/dbt-env/lib/python3.11/site-packages/airflow/example_dags/example_short_circuit_decorator.py
[2025-02-17T22:38:38.679-0700] {processor.py:839} INFO - DAG(s) dict_keys(['example_short_circuit_decorator']) retrieved from /home/jparep/miniconda3/envs/dbt-env/lib/python3.11/site-packages/airflow/example_dags/example_short_circuit_decorator.py
[2025-02-17T22:38:38.698-0700] {logging_mixin.py:154} INFO - [2025-02-17T22:38:38.697-0700] {dag.py:2941} INFO - Sync 1 DAGs
[2025-02-17T22:38:38.713-0700] {logging_mixin.py:154} INFO - [2025-02-17T22:38:38.713-0700] {dag.py:3722} INFO - Setting next_dagrun for example_short_circuit_decorator to 2025-02-17T05:38:38.712853+00:00, run_after=2025-02-18T05:38:38.712853+00:00
[2025-02-17T22:38:38.737-0700] {processor.py:179} INFO - Processing /home/jparep/miniconda3/envs/dbt-env/lib/python3.11/site-packages/airflow/example_dags/example_short_circuit_decorator.py took 0.082 seconds
[2025-02-17T22:39:32.039-0700] {processor.py:157} INFO - Started process (PID=161208) to work on /home/jparep/miniconda3/envs/dbt-env/lib/python3.11/site-packages/airflow/example_dags/example_short_circuit_decorator.py
[2025-02-17T22:39:32.041-0700] {processor.py:829} INFO - Processing file /home/jparep/miniconda3/envs/dbt-env/lib/python3.11/site-packages/airflow/example_dags/example_short_circuit_decorator.py for tasks to queue
[2025-02-17T22:39:32.042-0700] {logging_mixin.py:154} INFO - [2025-02-17T22:39:32.041-0700] {dagbag.py:536} INFO - Filling up the DagBag from /home/jparep/miniconda3/envs/dbt-env/lib/python3.11/site-packages/airflow/example_dags/example_short_circuit_decorator.py
[2025-02-17T22:39:32.052-0700] {processor.py:839} INFO - DAG(s) dict_keys(['example_short_circuit_decorator']) retrieved from /home/jparep/miniconda3/envs/dbt-env/lib/python3.11/site-packages/airflow/example_dags/example_short_circuit_decorator.py
[2025-02-17T22:39:32.069-0700] {logging_mixin.py:154} INFO - [2025-02-17T22:39:32.069-0700] {dag.py:2941} INFO - Sync 1 DAGs
[2025-02-17T22:39:32.083-0700] {logging_mixin.py:154} INFO - [2025-02-17T22:39:32.083-0700] {dag.py:3722} INFO - Setting next_dagrun for example_short_circuit_decorator to 2025-02-17T05:39:32.083563+00:00, run_after=2025-02-18T05:39:32.083563+00:00
[2025-02-17T22:39:32.101-0700] {processor.py:179} INFO - Processing /home/jparep/miniconda3/envs/dbt-env/lib/python3.11/site-packages/airflow/example_dags/example_short_circuit_decorator.py took 0.065 seconds
[2025-02-17T22:40:29.819-0700] {processor.py:157} INFO - Started process (PID=161683) to work on /home/jparep/miniconda3/envs/dbt-env/lib/python3.11/site-packages/airflow/example_dags/example_short_circuit_decorator.py
[2025-02-17T22:40:29.821-0700] {processor.py:829} INFO - Processing file /home/jparep/miniconda3/envs/dbt-env/lib/python3.11/site-packages/airflow/example_dags/example_short_circuit_decorator.py for tasks to queue
[2025-02-17T22:40:29.823-0700] {logging_mixin.py:154} INFO - [2025-02-17T22:40:29.822-0700] {dagbag.py:536} INFO - Filling up the DagBag from /home/jparep/miniconda3/envs/dbt-env/lib/python3.11/site-packages/airflow/example_dags/example_short_circuit_decorator.py
[2025-02-17T22:40:29.840-0700] {processor.py:839} INFO - DAG(s) dict_keys(['example_short_circuit_decorator']) retrieved from /home/jparep/miniconda3/envs/dbt-env/lib/python3.11/site-packages/airflow/example_dags/example_short_circuit_decorator.py
[2025-02-17T22:40:29.857-0700] {logging_mixin.py:154} INFO - [2025-02-17T22:40:29.857-0700] {dag.py:2941} INFO - Sync 1 DAGs
[2025-02-17T22:40:29.872-0700] {logging_mixin.py:154} INFO - [2025-02-17T22:40:29.871-0700] {dag.py:3722} INFO - Setting next_dagrun for example_short_circuit_decorator to 2025-02-17T05:40:29.871757+00:00, run_after=2025-02-18T05:40:29.871757+00:00
[2025-02-17T22:40:29.890-0700] {processor.py:179} INFO - Processing /home/jparep/miniconda3/envs/dbt-env/lib/python3.11/site-packages/airflow/example_dags/example_short_circuit_decorator.py took 0.077 seconds
[2025-02-17T22:41:28.277-0700] {processor.py:157} INFO - Started process (PID=162186) to work on /home/jparep/miniconda3/envs/dbt-env/lib/python3.11/site-packages/airflow/example_dags/example_short_circuit_decorator.py
[2025-02-17T22:41:28.280-0700] {processor.py:829} INFO - Processing file /home/jparep/miniconda3/envs/dbt-env/lib/python3.11/site-packages/airflow/example_dags/example_short_circuit_decorator.py for tasks to queue
[2025-02-17T22:41:28.281-0700] {logging_mixin.py:154} INFO - [2025-02-17T22:41:28.280-0700] {dagbag.py:536} INFO - Filling up the DagBag from /home/jparep/miniconda3/envs/dbt-env/lib/python3.11/site-packages/airflow/example_dags/example_short_circuit_decorator.py
[2025-02-17T22:41:28.292-0700] {processor.py:839} INFO - DAG(s) dict_keys(['example_short_circuit_decorator']) retrieved from /home/jparep/miniconda3/envs/dbt-env/lib/python3.11/site-packages/airflow/example_dags/example_short_circuit_decorator.py
[2025-02-17T22:41:28.309-0700] {logging_mixin.py:154} INFO - [2025-02-17T22:41:28.309-0700] {dag.py:2941} INFO - Sync 1 DAGs
[2025-02-17T22:41:28.327-0700] {logging_mixin.py:154} INFO - [2025-02-17T22:41:28.326-0700] {dag.py:3722} INFO - Setting next_dagrun for example_short_circuit_decorator to 2025-02-17T05:41:28.326574+00:00, run_after=2025-02-18T05:41:28.326574+00:00
[2025-02-17T22:41:28.346-0700] {processor.py:179} INFO - Processing /home/jparep/miniconda3/envs/dbt-env/lib/python3.11/site-packages/airflow/example_dags/example_short_circuit_decorator.py took 0.074 seconds
