[2025-02-17T22:16:16.202-0700] {processor.py:157} INFO - Started process (PID=148538) to work on /home/jparep/miniconda3/envs/dbt-env/lib/python3.11/site-packages/airflow/example_dags/example_dynamic_task_mapping_with_no_taskflow_operators.py
[2025-02-17T22:16:16.202-0700] {processor.py:829} INFO - Processing file /home/jparep/miniconda3/envs/dbt-env/lib/python3.11/site-packages/airflow/example_dags/example_dynamic_task_mapping_with_no_taskflow_operators.py for tasks to queue
[2025-02-17T22:16:16.203-0700] {logging_mixin.py:154} INFO - [2025-02-17T22:16:16.203-0700] {dagbag.py:536} INFO - Filling up the DagBag from /home/jparep/miniconda3/envs/dbt-env/lib/python3.11/site-packages/airflow/example_dags/example_dynamic_task_mapping_with_no_taskflow_operators.py
[2025-02-17T22:16:16.208-0700] {processor.py:839} INFO - DAG(s) dict_keys(['example_dynamic_task_mapping_with_no_taskflow_operators']) retrieved from /home/jparep/miniconda3/envs/dbt-env/lib/python3.11/site-packages/airflow/example_dags/example_dynamic_task_mapping_with_no_taskflow_operators.py
[2025-02-17T22:16:16.343-0700] {logging_mixin.py:154} INFO - [2025-02-17T22:16:16.343-0700] {manager.py:499} INFO - Created Permission View: %s
[2025-02-17T22:16:16.351-0700] {logging_mixin.py:154} INFO - [2025-02-17T22:16:16.351-0700] {manager.py:499} INFO - Created Permission View: %s
[2025-02-17T22:16:16.357-0700] {logging_mixin.py:154} INFO - [2025-02-17T22:16:16.357-0700] {manager.py:499} INFO - Created Permission View: %s
[2025-02-17T22:16:16.357-0700] {logging_mixin.py:154} INFO - [2025-02-17T22:16:16.357-0700] {dag.py:2941} INFO - Sync 1 DAGs
[2025-02-17T22:16:16.363-0700] {logging_mixin.py:154} INFO - [2025-02-17T22:16:16.362-0700] {dag.py:2963} INFO - Creating ORM DAG for example_dynamic_task_mapping_with_no_taskflow_operators
[2025-02-17T22:16:16.368-0700] {logging_mixin.py:154} INFO - [2025-02-17T22:16:16.367-0700] {dag.py:3722} INFO - Setting next_dagrun for example_dynamic_task_mapping_with_no_taskflow_operators to 2025-02-17T05:16:16.367622+00:00, run_after=2025-02-18T05:16:16.367622+00:00
[2025-02-17T22:16:16.382-0700] {processor.py:179} INFO - Processing /home/jparep/miniconda3/envs/dbt-env/lib/python3.11/site-packages/airflow/example_dags/example_dynamic_task_mapping_with_no_taskflow_operators.py took 0.182 seconds
[2025-02-17T22:17:11.424-0700] {processor.py:157} INFO - Started process (PID=148932) to work on /home/jparep/miniconda3/envs/dbt-env/lib/python3.11/site-packages/airflow/example_dags/example_dynamic_task_mapping_with_no_taskflow_operators.py
[2025-02-17T22:17:11.425-0700] {processor.py:829} INFO - Processing file /home/jparep/miniconda3/envs/dbt-env/lib/python3.11/site-packages/airflow/example_dags/example_dynamic_task_mapping_with_no_taskflow_operators.py for tasks to queue
[2025-02-17T22:17:11.427-0700] {logging_mixin.py:154} INFO - [2025-02-17T22:17:11.426-0700] {dagbag.py:536} INFO - Filling up the DagBag from /home/jparep/miniconda3/envs/dbt-env/lib/python3.11/site-packages/airflow/example_dags/example_dynamic_task_mapping_with_no_taskflow_operators.py
[2025-02-17T22:17:11.442-0700] {processor.py:839} INFO - DAG(s) dict_keys(['example_dynamic_task_mapping_with_no_taskflow_operators']) retrieved from /home/jparep/miniconda3/envs/dbt-env/lib/python3.11/site-packages/airflow/example_dags/example_dynamic_task_mapping_with_no_taskflow_operators.py
[2025-02-17T22:17:11.463-0700] {logging_mixin.py:154} INFO - [2025-02-17T22:17:11.463-0700] {dag.py:2941} INFO - Sync 1 DAGs
[2025-02-17T22:17:11.575-0700] {logging_mixin.py:154} INFO - [2025-02-17T22:17:11.575-0700] {dag.py:3722} INFO - Setting next_dagrun for example_dynamic_task_mapping_with_no_taskflow_operators to 2025-02-17T05:17:11.575430+00:00, run_after=2025-02-18T05:17:11.575430+00:00
[2025-02-17T22:17:11.590-0700] {processor.py:179} INFO - Processing /home/jparep/miniconda3/envs/dbt-env/lib/python3.11/site-packages/airflow/example_dags/example_dynamic_task_mapping_with_no_taskflow_operators.py took 0.171 seconds
[2025-02-17T22:18:02.434-0700] {processor.py:157} INFO - Started process (PID=149440) to work on /home/jparep/miniconda3/envs/dbt-env/lib/python3.11/site-packages/airflow/example_dags/example_dynamic_task_mapping_with_no_taskflow_operators.py
[2025-02-17T22:18:02.437-0700] {processor.py:829} INFO - Processing file /home/jparep/miniconda3/envs/dbt-env/lib/python3.11/site-packages/airflow/example_dags/example_dynamic_task_mapping_with_no_taskflow_operators.py for tasks to queue
[2025-02-17T22:18:02.439-0700] {logging_mixin.py:154} INFO - [2025-02-17T22:18:02.438-0700] {dagbag.py:536} INFO - Filling up the DagBag from /home/jparep/miniconda3/envs/dbt-env/lib/python3.11/site-packages/airflow/example_dags/example_dynamic_task_mapping_with_no_taskflow_operators.py
[2025-02-17T22:18:02.455-0700] {processor.py:839} INFO - DAG(s) dict_keys(['example_dynamic_task_mapping_with_no_taskflow_operators']) retrieved from /home/jparep/miniconda3/envs/dbt-env/lib/python3.11/site-packages/airflow/example_dags/example_dynamic_task_mapping_with_no_taskflow_operators.py
[2025-02-17T22:18:02.491-0700] {logging_mixin.py:154} INFO - [2025-02-17T22:18:02.490-0700] {dag.py:2941} INFO - Sync 1 DAGs
[2025-02-17T22:18:02.522-0700] {logging_mixin.py:154} INFO - [2025-02-17T22:18:02.522-0700] {dag.py:3722} INFO - Setting next_dagrun for example_dynamic_task_mapping_with_no_taskflow_operators to 2025-02-17T05:18:02.521964+00:00, run_after=2025-02-18T05:18:02.521964+00:00
[2025-02-17T22:18:02.569-0700] {processor.py:179} INFO - Processing /home/jparep/miniconda3/envs/dbt-env/lib/python3.11/site-packages/airflow/example_dags/example_dynamic_task_mapping_with_no_taskflow_operators.py took 0.141 seconds
[2025-02-17T22:18:59.767-0700] {processor.py:157} INFO - Started process (PID=149971) to work on /home/jparep/miniconda3/envs/dbt-env/lib/python3.11/site-packages/airflow/example_dags/example_dynamic_task_mapping_with_no_taskflow_operators.py
[2025-02-17T22:18:59.772-0700] {processor.py:829} INFO - Processing file /home/jparep/miniconda3/envs/dbt-env/lib/python3.11/site-packages/airflow/example_dags/example_dynamic_task_mapping_with_no_taskflow_operators.py for tasks to queue
[2025-02-17T22:18:59.774-0700] {logging_mixin.py:154} INFO - [2025-02-17T22:18:59.773-0700] {dagbag.py:536} INFO - Filling up the DagBag from /home/jparep/miniconda3/envs/dbt-env/lib/python3.11/site-packages/airflow/example_dags/example_dynamic_task_mapping_with_no_taskflow_operators.py
[2025-02-17T22:18:59.786-0700] {processor.py:839} INFO - DAG(s) dict_keys(['example_dynamic_task_mapping_with_no_taskflow_operators']) retrieved from /home/jparep/miniconda3/envs/dbt-env/lib/python3.11/site-packages/airflow/example_dags/example_dynamic_task_mapping_with_no_taskflow_operators.py
[2025-02-17T22:18:59.799-0700] {logging_mixin.py:154} INFO - [2025-02-17T22:18:59.799-0700] {dag.py:2941} INFO - Sync 1 DAGs
[2025-02-17T22:18:59.813-0700] {logging_mixin.py:154} INFO - [2025-02-17T22:18:59.813-0700] {dag.py:3722} INFO - Setting next_dagrun for example_dynamic_task_mapping_with_no_taskflow_operators to 2025-02-17T05:18:59.812935+00:00, run_after=2025-02-18T05:18:59.812935+00:00
[2025-02-17T22:18:59.829-0700] {processor.py:179} INFO - Processing /home/jparep/miniconda3/envs/dbt-env/lib/python3.11/site-packages/airflow/example_dags/example_dynamic_task_mapping_with_no_taskflow_operators.py took 0.066 seconds
[2025-02-17T22:19:56.775-0700] {processor.py:157} INFO - Started process (PID=150524) to work on /home/jparep/miniconda3/envs/dbt-env/lib/python3.11/site-packages/airflow/example_dags/example_dynamic_task_mapping_with_no_taskflow_operators.py
[2025-02-17T22:19:56.778-0700] {processor.py:829} INFO - Processing file /home/jparep/miniconda3/envs/dbt-env/lib/python3.11/site-packages/airflow/example_dags/example_dynamic_task_mapping_with_no_taskflow_operators.py for tasks to queue
[2025-02-17T22:19:56.779-0700] {logging_mixin.py:154} INFO - [2025-02-17T22:19:56.779-0700] {dagbag.py:536} INFO - Filling up the DagBag from /home/jparep/miniconda3/envs/dbt-env/lib/python3.11/site-packages/airflow/example_dags/example_dynamic_task_mapping_with_no_taskflow_operators.py
[2025-02-17T22:19:56.790-0700] {processor.py:839} INFO - DAG(s) dict_keys(['example_dynamic_task_mapping_with_no_taskflow_operators']) retrieved from /home/jparep/miniconda3/envs/dbt-env/lib/python3.11/site-packages/airflow/example_dags/example_dynamic_task_mapping_with_no_taskflow_operators.py
[2025-02-17T22:19:56.811-0700] {logging_mixin.py:154} INFO - [2025-02-17T22:19:56.810-0700] {dag.py:2941} INFO - Sync 1 DAGs
[2025-02-17T22:19:56.835-0700] {logging_mixin.py:154} INFO - [2025-02-17T22:19:56.835-0700] {dag.py:3722} INFO - Setting next_dagrun for example_dynamic_task_mapping_with_no_taskflow_operators to 2025-02-17T05:19:56.835141+00:00, run_after=2025-02-18T05:19:56.835141+00:00
[2025-02-17T22:19:56.864-0700] {processor.py:179} INFO - Processing /home/jparep/miniconda3/envs/dbt-env/lib/python3.11/site-packages/airflow/example_dags/example_dynamic_task_mapping_with_no_taskflow_operators.py took 0.093 seconds
[2025-02-17T22:20:56.477-0700] {processor.py:157} INFO - Started process (PID=151078) to work on /home/jparep/miniconda3/envs/dbt-env/lib/python3.11/site-packages/airflow/example_dags/example_dynamic_task_mapping_with_no_taskflow_operators.py
[2025-02-17T22:20:56.480-0700] {processor.py:829} INFO - Processing file /home/jparep/miniconda3/envs/dbt-env/lib/python3.11/site-packages/airflow/example_dags/example_dynamic_task_mapping_with_no_taskflow_operators.py for tasks to queue
[2025-02-17T22:20:56.482-0700] {logging_mixin.py:154} INFO - [2025-02-17T22:20:56.481-0700] {dagbag.py:536} INFO - Filling up the DagBag from /home/jparep/miniconda3/envs/dbt-env/lib/python3.11/site-packages/airflow/example_dags/example_dynamic_task_mapping_with_no_taskflow_operators.py
[2025-02-17T22:20:56.492-0700] {processor.py:839} INFO - DAG(s) dict_keys(['example_dynamic_task_mapping_with_no_taskflow_operators']) retrieved from /home/jparep/miniconda3/envs/dbt-env/lib/python3.11/site-packages/airflow/example_dags/example_dynamic_task_mapping_with_no_taskflow_operators.py
[2025-02-17T22:20:56.514-0700] {logging_mixin.py:154} INFO - [2025-02-17T22:20:56.514-0700] {dag.py:2941} INFO - Sync 1 DAGs
[2025-02-17T22:20:56.537-0700] {logging_mixin.py:154} INFO - [2025-02-17T22:20:56.537-0700] {dag.py:3722} INFO - Setting next_dagrun for example_dynamic_task_mapping_with_no_taskflow_operators to 2025-02-17T05:20:56.537003+00:00, run_after=2025-02-18T05:20:56.537003+00:00
[2025-02-17T22:20:56.557-0700] {processor.py:179} INFO - Processing /home/jparep/miniconda3/envs/dbt-env/lib/python3.11/site-packages/airflow/example_dags/example_dynamic_task_mapping_with_no_taskflow_operators.py took 0.084 seconds
[2025-02-17T22:21:47.180-0700] {processor.py:157} INFO - Started process (PID=151556) to work on /home/jparep/miniconda3/envs/dbt-env/lib/python3.11/site-packages/airflow/example_dags/example_dynamic_task_mapping_with_no_taskflow_operators.py
[2025-02-17T22:21:47.183-0700] {processor.py:829} INFO - Processing file /home/jparep/miniconda3/envs/dbt-env/lib/python3.11/site-packages/airflow/example_dags/example_dynamic_task_mapping_with_no_taskflow_operators.py for tasks to queue
[2025-02-17T22:21:47.184-0700] {logging_mixin.py:154} INFO - [2025-02-17T22:21:47.184-0700] {dagbag.py:536} INFO - Filling up the DagBag from /home/jparep/miniconda3/envs/dbt-env/lib/python3.11/site-packages/airflow/example_dags/example_dynamic_task_mapping_with_no_taskflow_operators.py
[2025-02-17T22:21:47.196-0700] {processor.py:839} INFO - DAG(s) dict_keys(['example_dynamic_task_mapping_with_no_taskflow_operators']) retrieved from /home/jparep/miniconda3/envs/dbt-env/lib/python3.11/site-packages/airflow/example_dags/example_dynamic_task_mapping_with_no_taskflow_operators.py
[2025-02-17T22:21:47.216-0700] {logging_mixin.py:154} INFO - [2025-02-17T22:21:47.215-0700] {dag.py:2941} INFO - Sync 1 DAGs
[2025-02-17T22:21:47.233-0700] {logging_mixin.py:154} INFO - [2025-02-17T22:21:47.233-0700] {dag.py:3722} INFO - Setting next_dagrun for example_dynamic_task_mapping_with_no_taskflow_operators to 2025-02-17T05:21:47.233192+00:00, run_after=2025-02-18T05:21:47.233192+00:00
[2025-02-17T22:21:47.253-0700] {processor.py:179} INFO - Processing /home/jparep/miniconda3/envs/dbt-env/lib/python3.11/site-packages/airflow/example_dags/example_dynamic_task_mapping_with_no_taskflow_operators.py took 0.078 seconds
[2025-02-17T22:22:39.934-0700] {processor.py:157} INFO - Started process (PID=151759) to work on /home/jparep/miniconda3/envs/dbt-env/lib/python3.11/site-packages/airflow/example_dags/example_dynamic_task_mapping_with_no_taskflow_operators.py
[2025-02-17T22:22:39.937-0700] {processor.py:829} INFO - Processing file /home/jparep/miniconda3/envs/dbt-env/lib/python3.11/site-packages/airflow/example_dags/example_dynamic_task_mapping_with_no_taskflow_operators.py for tasks to queue
[2025-02-17T22:22:39.938-0700] {logging_mixin.py:154} INFO - [2025-02-17T22:22:39.938-0700] {dagbag.py:536} INFO - Filling up the DagBag from /home/jparep/miniconda3/envs/dbt-env/lib/python3.11/site-packages/airflow/example_dags/example_dynamic_task_mapping_with_no_taskflow_operators.py
[2025-02-17T22:22:39.949-0700] {processor.py:839} INFO - DAG(s) dict_keys(['example_dynamic_task_mapping_with_no_taskflow_operators']) retrieved from /home/jparep/miniconda3/envs/dbt-env/lib/python3.11/site-packages/airflow/example_dags/example_dynamic_task_mapping_with_no_taskflow_operators.py
[2025-02-17T22:22:39.969-0700] {logging_mixin.py:154} INFO - [2025-02-17T22:22:39.968-0700] {dag.py:2941} INFO - Sync 1 DAGs
[2025-02-17T22:22:39.988-0700] {logging_mixin.py:154} INFO - [2025-02-17T22:22:39.988-0700] {dag.py:3722} INFO - Setting next_dagrun for example_dynamic_task_mapping_with_no_taskflow_operators to 2025-02-17T05:22:39.988420+00:00, run_after=2025-02-18T05:22:39.988420+00:00
[2025-02-17T22:22:40.011-0700] {processor.py:179} INFO - Processing /home/jparep/miniconda3/envs/dbt-env/lib/python3.11/site-packages/airflow/example_dags/example_dynamic_task_mapping_with_no_taskflow_operators.py took 0.081 seconds
[2025-02-17T22:23:33.988-0700] {processor.py:157} INFO - Started process (PID=152222) to work on /home/jparep/miniconda3/envs/dbt-env/lib/python3.11/site-packages/airflow/example_dags/example_dynamic_task_mapping_with_no_taskflow_operators.py
[2025-02-17T22:23:33.992-0700] {processor.py:829} INFO - Processing file /home/jparep/miniconda3/envs/dbt-env/lib/python3.11/site-packages/airflow/example_dags/example_dynamic_task_mapping_with_no_taskflow_operators.py for tasks to queue
[2025-02-17T22:23:33.993-0700] {logging_mixin.py:154} INFO - [2025-02-17T22:23:33.992-0700] {dagbag.py:536} INFO - Filling up the DagBag from /home/jparep/miniconda3/envs/dbt-env/lib/python3.11/site-packages/airflow/example_dags/example_dynamic_task_mapping_with_no_taskflow_operators.py
[2025-02-17T22:23:34.005-0700] {processor.py:839} INFO - DAG(s) dict_keys(['example_dynamic_task_mapping_with_no_taskflow_operators']) retrieved from /home/jparep/miniconda3/envs/dbt-env/lib/python3.11/site-packages/airflow/example_dags/example_dynamic_task_mapping_with_no_taskflow_operators.py
[2025-02-17T22:23:34.027-0700] {logging_mixin.py:154} INFO - [2025-02-17T22:23:34.027-0700] {dag.py:2941} INFO - Sync 1 DAGs
[2025-02-17T22:23:34.052-0700] {logging_mixin.py:154} INFO - [2025-02-17T22:23:34.052-0700] {dag.py:3722} INFO - Setting next_dagrun for example_dynamic_task_mapping_with_no_taskflow_operators to 2025-02-17T05:23:34.051858+00:00, run_after=2025-02-18T05:23:34.051858+00:00
[2025-02-17T22:23:34.075-0700] {processor.py:179} INFO - Processing /home/jparep/miniconda3/envs/dbt-env/lib/python3.11/site-packages/airflow/example_dags/example_dynamic_task_mapping_with_no_taskflow_operators.py took 0.090 seconds
[2025-02-17T22:24:29.207-0700] {processor.py:157} INFO - Started process (PID=152756) to work on /home/jparep/miniconda3/envs/dbt-env/lib/python3.11/site-packages/airflow/example_dags/example_dynamic_task_mapping_with_no_taskflow_operators.py
[2025-02-17T22:24:29.209-0700] {processor.py:829} INFO - Processing file /home/jparep/miniconda3/envs/dbt-env/lib/python3.11/site-packages/airflow/example_dags/example_dynamic_task_mapping_with_no_taskflow_operators.py for tasks to queue
[2025-02-17T22:24:29.210-0700] {logging_mixin.py:154} INFO - [2025-02-17T22:24:29.210-0700] {dagbag.py:536} INFO - Filling up the DagBag from /home/jparep/miniconda3/envs/dbt-env/lib/python3.11/site-packages/airflow/example_dags/example_dynamic_task_mapping_with_no_taskflow_operators.py
[2025-02-17T22:24:29.218-0700] {processor.py:839} INFO - DAG(s) dict_keys(['example_dynamic_task_mapping_with_no_taskflow_operators']) retrieved from /home/jparep/miniconda3/envs/dbt-env/lib/python3.11/site-packages/airflow/example_dags/example_dynamic_task_mapping_with_no_taskflow_operators.py
[2025-02-17T22:24:29.235-0700] {logging_mixin.py:154} INFO - [2025-02-17T22:24:29.235-0700] {dag.py:2941} INFO - Sync 1 DAGs
[2025-02-17T22:24:29.251-0700] {logging_mixin.py:154} INFO - [2025-02-17T22:24:29.251-0700] {dag.py:3722} INFO - Setting next_dagrun for example_dynamic_task_mapping_with_no_taskflow_operators to 2025-02-17T05:24:29.251524+00:00, run_after=2025-02-18T05:24:29.251524+00:00
[2025-02-17T22:24:29.268-0700] {processor.py:179} INFO - Processing /home/jparep/miniconda3/envs/dbt-env/lib/python3.11/site-packages/airflow/example_dags/example_dynamic_task_mapping_with_no_taskflow_operators.py took 0.065 seconds
[2025-02-17T22:25:25.332-0700] {processor.py:157} INFO - Started process (PID=153285) to work on /home/jparep/miniconda3/envs/dbt-env/lib/python3.11/site-packages/airflow/example_dags/example_dynamic_task_mapping_with_no_taskflow_operators.py
[2025-02-17T22:25:25.334-0700] {processor.py:829} INFO - Processing file /home/jparep/miniconda3/envs/dbt-env/lib/python3.11/site-packages/airflow/example_dags/example_dynamic_task_mapping_with_no_taskflow_operators.py for tasks to queue
[2025-02-17T22:25:25.335-0700] {logging_mixin.py:154} INFO - [2025-02-17T22:25:25.334-0700] {dagbag.py:536} INFO - Filling up the DagBag from /home/jparep/miniconda3/envs/dbt-env/lib/python3.11/site-packages/airflow/example_dags/example_dynamic_task_mapping_with_no_taskflow_operators.py
[2025-02-17T22:25:25.345-0700] {processor.py:839} INFO - DAG(s) dict_keys(['example_dynamic_task_mapping_with_no_taskflow_operators']) retrieved from /home/jparep/miniconda3/envs/dbt-env/lib/python3.11/site-packages/airflow/example_dags/example_dynamic_task_mapping_with_no_taskflow_operators.py
[2025-02-17T22:25:25.364-0700] {logging_mixin.py:154} INFO - [2025-02-17T22:25:25.364-0700] {dag.py:2941} INFO - Sync 1 DAGs
[2025-02-17T22:25:25.385-0700] {logging_mixin.py:154} INFO - [2025-02-17T22:25:25.385-0700] {dag.py:3722} INFO - Setting next_dagrun for example_dynamic_task_mapping_with_no_taskflow_operators to 2025-02-17T05:25:25.384754+00:00, run_after=2025-02-18T05:25:25.384754+00:00
[2025-02-17T22:25:25.408-0700] {processor.py:179} INFO - Processing /home/jparep/miniconda3/envs/dbt-env/lib/python3.11/site-packages/airflow/example_dags/example_dynamic_task_mapping_with_no_taskflow_operators.py took 0.081 seconds
[2025-02-17T22:26:09.151-0700] {processor.py:157} INFO - Started process (PID=153740) to work on /home/jparep/miniconda3/envs/dbt-env/lib/python3.11/site-packages/airflow/example_dags/example_dynamic_task_mapping_with_no_taskflow_operators.py
[2025-02-17T22:26:09.154-0700] {processor.py:829} INFO - Processing file /home/jparep/miniconda3/envs/dbt-env/lib/python3.11/site-packages/airflow/example_dags/example_dynamic_task_mapping_with_no_taskflow_operators.py for tasks to queue
[2025-02-17T22:26:09.155-0700] {logging_mixin.py:154} INFO - [2025-02-17T22:26:09.154-0700] {dagbag.py:536} INFO - Filling up the DagBag from /home/jparep/miniconda3/envs/dbt-env/lib/python3.11/site-packages/airflow/example_dags/example_dynamic_task_mapping_with_no_taskflow_operators.py
[2025-02-17T22:26:09.166-0700] {processor.py:839} INFO - DAG(s) dict_keys(['example_dynamic_task_mapping_with_no_taskflow_operators']) retrieved from /home/jparep/miniconda3/envs/dbt-env/lib/python3.11/site-packages/airflow/example_dags/example_dynamic_task_mapping_with_no_taskflow_operators.py
[2025-02-17T22:26:09.187-0700] {logging_mixin.py:154} INFO - [2025-02-17T22:26:09.186-0700] {dag.py:2941} INFO - Sync 1 DAGs
[2025-02-17T22:26:09.213-0700] {logging_mixin.py:154} INFO - [2025-02-17T22:26:09.213-0700] {dag.py:3722} INFO - Setting next_dagrun for example_dynamic_task_mapping_with_no_taskflow_operators to 2025-02-17T05:26:09.213303+00:00, run_after=2025-02-18T05:26:09.213303+00:00
[2025-02-17T22:26:09.234-0700] {processor.py:179} INFO - Processing /home/jparep/miniconda3/envs/dbt-env/lib/python3.11/site-packages/airflow/example_dags/example_dynamic_task_mapping_with_no_taskflow_operators.py took 0.087 seconds
[2025-02-17T22:26:59.158-0700] {processor.py:157} INFO - Started process (PID=154053) to work on /home/jparep/miniconda3/envs/dbt-env/lib/python3.11/site-packages/airflow/example_dags/example_dynamic_task_mapping_with_no_taskflow_operators.py
[2025-02-17T22:26:59.161-0700] {processor.py:829} INFO - Processing file /home/jparep/miniconda3/envs/dbt-env/lib/python3.11/site-packages/airflow/example_dags/example_dynamic_task_mapping_with_no_taskflow_operators.py for tasks to queue
[2025-02-17T22:26:59.162-0700] {logging_mixin.py:154} INFO - [2025-02-17T22:26:59.162-0700] {dagbag.py:536} INFO - Filling up the DagBag from /home/jparep/miniconda3/envs/dbt-env/lib/python3.11/site-packages/airflow/example_dags/example_dynamic_task_mapping_with_no_taskflow_operators.py
[2025-02-17T22:26:59.174-0700] {processor.py:839} INFO - DAG(s) dict_keys(['example_dynamic_task_mapping_with_no_taskflow_operators']) retrieved from /home/jparep/miniconda3/envs/dbt-env/lib/python3.11/site-packages/airflow/example_dags/example_dynamic_task_mapping_with_no_taskflow_operators.py
[2025-02-17T22:26:59.194-0700] {logging_mixin.py:154} INFO - [2025-02-17T22:26:59.194-0700] {dag.py:2941} INFO - Sync 1 DAGs
[2025-02-17T22:26:59.218-0700] {logging_mixin.py:154} INFO - [2025-02-17T22:26:59.218-0700] {dag.py:3722} INFO - Setting next_dagrun for example_dynamic_task_mapping_with_no_taskflow_operators to 2025-02-17T05:26:59.217748+00:00, run_after=2025-02-18T05:26:59.217748+00:00
[2025-02-17T22:26:59.250-0700] {processor.py:179} INFO - Processing /home/jparep/miniconda3/envs/dbt-env/lib/python3.11/site-packages/airflow/example_dags/example_dynamic_task_mapping_with_no_taskflow_operators.py took 0.098 seconds
[2025-02-17T22:27:54.184-0700] {processor.py:157} INFO - Started process (PID=154584) to work on /home/jparep/miniconda3/envs/dbt-env/lib/python3.11/site-packages/airflow/example_dags/example_dynamic_task_mapping_with_no_taskflow_operators.py
[2025-02-17T22:27:54.187-0700] {processor.py:829} INFO - Processing file /home/jparep/miniconda3/envs/dbt-env/lib/python3.11/site-packages/airflow/example_dags/example_dynamic_task_mapping_with_no_taskflow_operators.py for tasks to queue
[2025-02-17T22:27:54.189-0700] {logging_mixin.py:154} INFO - [2025-02-17T22:27:54.188-0700] {dagbag.py:536} INFO - Filling up the DagBag from /home/jparep/miniconda3/envs/dbt-env/lib/python3.11/site-packages/airflow/example_dags/example_dynamic_task_mapping_with_no_taskflow_operators.py
[2025-02-17T22:27:54.200-0700] {processor.py:839} INFO - DAG(s) dict_keys(['example_dynamic_task_mapping_with_no_taskflow_operators']) retrieved from /home/jparep/miniconda3/envs/dbt-env/lib/python3.11/site-packages/airflow/example_dags/example_dynamic_task_mapping_with_no_taskflow_operators.py
[2025-02-17T22:27:54.220-0700] {logging_mixin.py:154} INFO - [2025-02-17T22:27:54.219-0700] {dag.py:2941} INFO - Sync 1 DAGs
[2025-02-17T22:27:54.245-0700] {logging_mixin.py:154} INFO - [2025-02-17T22:27:54.245-0700] {dag.py:3722} INFO - Setting next_dagrun for example_dynamic_task_mapping_with_no_taskflow_operators to 2025-02-17T05:27:54.244680+00:00, run_after=2025-02-18T05:27:54.244680+00:00
[2025-02-17T22:27:54.273-0700] {processor.py:179} INFO - Processing /home/jparep/miniconda3/envs/dbt-env/lib/python3.11/site-packages/airflow/example_dags/example_dynamic_task_mapping_with_no_taskflow_operators.py took 0.093 seconds
[2025-02-17T22:28:51.003-0700] {processor.py:157} INFO - Started process (PID=155001) to work on /home/jparep/miniconda3/envs/dbt-env/lib/python3.11/site-packages/airflow/example_dags/example_dynamic_task_mapping_with_no_taskflow_operators.py
[2025-02-17T22:28:51.006-0700] {processor.py:829} INFO - Processing file /home/jparep/miniconda3/envs/dbt-env/lib/python3.11/site-packages/airflow/example_dags/example_dynamic_task_mapping_with_no_taskflow_operators.py for tasks to queue
[2025-02-17T22:28:51.007-0700] {logging_mixin.py:154} INFO - [2025-02-17T22:28:51.006-0700] {dagbag.py:536} INFO - Filling up the DagBag from /home/jparep/miniconda3/envs/dbt-env/lib/python3.11/site-packages/airflow/example_dags/example_dynamic_task_mapping_with_no_taskflow_operators.py
[2025-02-17T22:28:51.022-0700] {processor.py:839} INFO - DAG(s) dict_keys(['example_dynamic_task_mapping_with_no_taskflow_operators']) retrieved from /home/jparep/miniconda3/envs/dbt-env/lib/python3.11/site-packages/airflow/example_dags/example_dynamic_task_mapping_with_no_taskflow_operators.py
[2025-02-17T22:28:51.054-0700] {logging_mixin.py:154} INFO - [2025-02-17T22:28:51.054-0700] {dag.py:2941} INFO - Sync 1 DAGs
[2025-02-17T22:28:51.077-0700] {logging_mixin.py:154} INFO - [2025-02-17T22:28:51.077-0700] {dag.py:3722} INFO - Setting next_dagrun for example_dynamic_task_mapping_with_no_taskflow_operators to 2025-02-17T05:28:51.076770+00:00, run_after=2025-02-18T05:28:51.076770+00:00
[2025-02-17T22:28:51.110-0700] {processor.py:179} INFO - Processing /home/jparep/miniconda3/envs/dbt-env/lib/python3.11/site-packages/airflow/example_dags/example_dynamic_task_mapping_with_no_taskflow_operators.py took 0.112 seconds
[2025-02-17T22:29:34.982-0700] {processor.py:157} INFO - Started process (PID=155379) to work on /home/jparep/miniconda3/envs/dbt-env/lib/python3.11/site-packages/airflow/example_dags/example_dynamic_task_mapping_with_no_taskflow_operators.py
[2025-02-17T22:29:34.985-0700] {processor.py:829} INFO - Processing file /home/jparep/miniconda3/envs/dbt-env/lib/python3.11/site-packages/airflow/example_dags/example_dynamic_task_mapping_with_no_taskflow_operators.py for tasks to queue
[2025-02-17T22:29:34.986-0700] {logging_mixin.py:154} INFO - [2025-02-17T22:29:34.985-0700] {dagbag.py:536} INFO - Filling up the DagBag from /home/jparep/miniconda3/envs/dbt-env/lib/python3.11/site-packages/airflow/example_dags/example_dynamic_task_mapping_with_no_taskflow_operators.py
[2025-02-17T22:29:34.998-0700] {processor.py:839} INFO - DAG(s) dict_keys(['example_dynamic_task_mapping_with_no_taskflow_operators']) retrieved from /home/jparep/miniconda3/envs/dbt-env/lib/python3.11/site-packages/airflow/example_dags/example_dynamic_task_mapping_with_no_taskflow_operators.py
[2025-02-17T22:29:35.028-0700] {logging_mixin.py:154} INFO - [2025-02-17T22:29:35.028-0700] {dag.py:2941} INFO - Sync 1 DAGs
[2025-02-17T22:29:35.057-0700] {logging_mixin.py:154} INFO - [2025-02-17T22:29:35.056-0700] {dag.py:3722} INFO - Setting next_dagrun for example_dynamic_task_mapping_with_no_taskflow_operators to 2025-02-17T05:29:35.056663+00:00, run_after=2025-02-18T05:29:35.056663+00:00
[2025-02-17T22:29:35.081-0700] {processor.py:179} INFO - Processing /home/jparep/miniconda3/envs/dbt-env/lib/python3.11/site-packages/airflow/example_dags/example_dynamic_task_mapping_with_no_taskflow_operators.py took 0.104 seconds
[2025-02-17T22:30:35.937-0700] {processor.py:157} INFO - Started process (PID=155887) to work on /home/jparep/miniconda3/envs/dbt-env/lib/python3.11/site-packages/airflow/example_dags/example_dynamic_task_mapping_with_no_taskflow_operators.py
[2025-02-17T22:30:35.939-0700] {processor.py:829} INFO - Processing file /home/jparep/miniconda3/envs/dbt-env/lib/python3.11/site-packages/airflow/example_dags/example_dynamic_task_mapping_with_no_taskflow_operators.py for tasks to queue
[2025-02-17T22:30:35.940-0700] {logging_mixin.py:154} INFO - [2025-02-17T22:30:35.940-0700] {dagbag.py:536} INFO - Filling up the DagBag from /home/jparep/miniconda3/envs/dbt-env/lib/python3.11/site-packages/airflow/example_dags/example_dynamic_task_mapping_with_no_taskflow_operators.py
[2025-02-17T22:30:35.950-0700] {processor.py:839} INFO - DAG(s) dict_keys(['example_dynamic_task_mapping_with_no_taskflow_operators']) retrieved from /home/jparep/miniconda3/envs/dbt-env/lib/python3.11/site-packages/airflow/example_dags/example_dynamic_task_mapping_with_no_taskflow_operators.py
[2025-02-17T22:30:35.965-0700] {logging_mixin.py:154} INFO - [2025-02-17T22:30:35.965-0700] {dag.py:2941} INFO - Sync 1 DAGs
[2025-02-17T22:30:35.983-0700] {logging_mixin.py:154} INFO - [2025-02-17T22:30:35.983-0700] {dag.py:3722} INFO - Setting next_dagrun for example_dynamic_task_mapping_with_no_taskflow_operators to 2025-02-17T05:30:35.982801+00:00, run_after=2025-02-18T05:30:35.982801+00:00
[2025-02-17T22:30:36.008-0700] {processor.py:179} INFO - Processing /home/jparep/miniconda3/envs/dbt-env/lib/python3.11/site-packages/airflow/example_dags/example_dynamic_task_mapping_with_no_taskflow_operators.py took 0.075 seconds
[2025-02-17T22:31:26.510-0700] {processor.py:157} INFO - Started process (PID=156395) to work on /home/jparep/miniconda3/envs/dbt-env/lib/python3.11/site-packages/airflow/example_dags/example_dynamic_task_mapping_with_no_taskflow_operators.py
[2025-02-17T22:31:26.513-0700] {processor.py:829} INFO - Processing file /home/jparep/miniconda3/envs/dbt-env/lib/python3.11/site-packages/airflow/example_dags/example_dynamic_task_mapping_with_no_taskflow_operators.py for tasks to queue
[2025-02-17T22:31:26.515-0700] {logging_mixin.py:154} INFO - [2025-02-17T22:31:26.514-0700] {dagbag.py:536} INFO - Filling up the DagBag from /home/jparep/miniconda3/envs/dbt-env/lib/python3.11/site-packages/airflow/example_dags/example_dynamic_task_mapping_with_no_taskflow_operators.py
[2025-02-17T22:31:26.527-0700] {processor.py:839} INFO - DAG(s) dict_keys(['example_dynamic_task_mapping_with_no_taskflow_operators']) retrieved from /home/jparep/miniconda3/envs/dbt-env/lib/python3.11/site-packages/airflow/example_dags/example_dynamic_task_mapping_with_no_taskflow_operators.py
[2025-02-17T22:31:26.550-0700] {logging_mixin.py:154} INFO - [2025-02-17T22:31:26.549-0700] {dag.py:2941} INFO - Sync 1 DAGs
[2025-02-17T22:31:26.573-0700] {logging_mixin.py:154} INFO - [2025-02-17T22:31:26.573-0700] {dag.py:3722} INFO - Setting next_dagrun for example_dynamic_task_mapping_with_no_taskflow_operators to 2025-02-17T05:31:26.573338+00:00, run_after=2025-02-18T05:31:26.573338+00:00
[2025-02-17T22:31:26.598-0700] {processor.py:179} INFO - Processing /home/jparep/miniconda3/envs/dbt-env/lib/python3.11/site-packages/airflow/example_dags/example_dynamic_task_mapping_with_no_taskflow_operators.py took 0.094 seconds
[2025-02-17T22:32:24.346-0700] {processor.py:157} INFO - Started process (PID=156726) to work on /home/jparep/miniconda3/envs/dbt-env/lib/python3.11/site-packages/airflow/example_dags/example_dynamic_task_mapping_with_no_taskflow_operators.py
[2025-02-17T22:32:24.349-0700] {processor.py:829} INFO - Processing file /home/jparep/miniconda3/envs/dbt-env/lib/python3.11/site-packages/airflow/example_dags/example_dynamic_task_mapping_with_no_taskflow_operators.py for tasks to queue
[2025-02-17T22:32:24.350-0700] {logging_mixin.py:154} INFO - [2025-02-17T22:32:24.350-0700] {dagbag.py:536} INFO - Filling up the DagBag from /home/jparep/miniconda3/envs/dbt-env/lib/python3.11/site-packages/airflow/example_dags/example_dynamic_task_mapping_with_no_taskflow_operators.py
[2025-02-17T22:32:24.365-0700] {processor.py:839} INFO - DAG(s) dict_keys(['example_dynamic_task_mapping_with_no_taskflow_operators']) retrieved from /home/jparep/miniconda3/envs/dbt-env/lib/python3.11/site-packages/airflow/example_dags/example_dynamic_task_mapping_with_no_taskflow_operators.py
[2025-02-17T22:32:24.392-0700] {logging_mixin.py:154} INFO - [2025-02-17T22:32:24.392-0700] {dag.py:2941} INFO - Sync 1 DAGs
[2025-02-17T22:32:24.413-0700] {logging_mixin.py:154} INFO - [2025-02-17T22:32:24.412-0700] {dag.py:3722} INFO - Setting next_dagrun for example_dynamic_task_mapping_with_no_taskflow_operators to 2025-02-17T05:32:24.412445+00:00, run_after=2025-02-18T05:32:24.412445+00:00
[2025-02-17T22:32:24.436-0700] {processor.py:179} INFO - Processing /home/jparep/miniconda3/envs/dbt-env/lib/python3.11/site-packages/airflow/example_dags/example_dynamic_task_mapping_with_no_taskflow_operators.py took 0.095 seconds
[2025-02-17T22:33:24.591-0700] {processor.py:157} INFO - Started process (PID=157209) to work on /home/jparep/miniconda3/envs/dbt-env/lib/python3.11/site-packages/airflow/example_dags/example_dynamic_task_mapping_with_no_taskflow_operators.py
[2025-02-17T22:33:24.594-0700] {processor.py:829} INFO - Processing file /home/jparep/miniconda3/envs/dbt-env/lib/python3.11/site-packages/airflow/example_dags/example_dynamic_task_mapping_with_no_taskflow_operators.py for tasks to queue
[2025-02-17T22:33:24.595-0700] {logging_mixin.py:154} INFO - [2025-02-17T22:33:24.594-0700] {dagbag.py:536} INFO - Filling up the DagBag from /home/jparep/miniconda3/envs/dbt-env/lib/python3.11/site-packages/airflow/example_dags/example_dynamic_task_mapping_with_no_taskflow_operators.py
[2025-02-17T22:33:24.606-0700] {processor.py:839} INFO - DAG(s) dict_keys(['example_dynamic_task_mapping_with_no_taskflow_operators']) retrieved from /home/jparep/miniconda3/envs/dbt-env/lib/python3.11/site-packages/airflow/example_dags/example_dynamic_task_mapping_with_no_taskflow_operators.py
[2025-02-17T22:33:24.624-0700] {logging_mixin.py:154} INFO - [2025-02-17T22:33:24.624-0700] {dag.py:2941} INFO - Sync 1 DAGs
[2025-02-17T22:33:24.641-0700] {logging_mixin.py:154} INFO - [2025-02-17T22:33:24.641-0700] {dag.py:3722} INFO - Setting next_dagrun for example_dynamic_task_mapping_with_no_taskflow_operators to 2025-02-17T05:33:24.640750+00:00, run_after=2025-02-18T05:33:24.640750+00:00
[2025-02-17T22:33:24.660-0700] {processor.py:179} INFO - Processing /home/jparep/miniconda3/envs/dbt-env/lib/python3.11/site-packages/airflow/example_dags/example_dynamic_task_mapping_with_no_taskflow_operators.py took 0.073 seconds
[2025-02-17T22:34:16.599-0700] {processor.py:157} INFO - Started process (PID=157615) to work on /home/jparep/miniconda3/envs/dbt-env/lib/python3.11/site-packages/airflow/example_dags/example_dynamic_task_mapping_with_no_taskflow_operators.py
[2025-02-17T22:34:16.601-0700] {processor.py:829} INFO - Processing file /home/jparep/miniconda3/envs/dbt-env/lib/python3.11/site-packages/airflow/example_dags/example_dynamic_task_mapping_with_no_taskflow_operators.py for tasks to queue
[2025-02-17T22:34:16.603-0700] {logging_mixin.py:154} INFO - [2025-02-17T22:34:16.602-0700] {dagbag.py:536} INFO - Filling up the DagBag from /home/jparep/miniconda3/envs/dbt-env/lib/python3.11/site-packages/airflow/example_dags/example_dynamic_task_mapping_with_no_taskflow_operators.py
[2025-02-17T22:34:16.614-0700] {processor.py:839} INFO - DAG(s) dict_keys(['example_dynamic_task_mapping_with_no_taskflow_operators']) retrieved from /home/jparep/miniconda3/envs/dbt-env/lib/python3.11/site-packages/airflow/example_dags/example_dynamic_task_mapping_with_no_taskflow_operators.py
[2025-02-17T22:34:16.633-0700] {logging_mixin.py:154} INFO - [2025-02-17T22:34:16.633-0700] {dag.py:2941} INFO - Sync 1 DAGs
[2025-02-17T22:34:16.653-0700] {logging_mixin.py:154} INFO - [2025-02-17T22:34:16.653-0700] {dag.py:3722} INFO - Setting next_dagrun for example_dynamic_task_mapping_with_no_taskflow_operators to 2025-02-17T05:34:16.653344+00:00, run_after=2025-02-18T05:34:16.653344+00:00
[2025-02-17T22:34:16.683-0700] {processor.py:179} INFO - Processing /home/jparep/miniconda3/envs/dbt-env/lib/python3.11/site-packages/airflow/example_dags/example_dynamic_task_mapping_with_no_taskflow_operators.py took 0.088 seconds
[2025-02-17T22:35:12.266-0700] {processor.py:157} INFO - Started process (PID=158055) to work on /home/jparep/miniconda3/envs/dbt-env/lib/python3.11/site-packages/airflow/example_dags/example_dynamic_task_mapping_with_no_taskflow_operators.py
[2025-02-17T22:35:12.268-0700] {processor.py:829} INFO - Processing file /home/jparep/miniconda3/envs/dbt-env/lib/python3.11/site-packages/airflow/example_dags/example_dynamic_task_mapping_with_no_taskflow_operators.py for tasks to queue
[2025-02-17T22:35:12.269-0700] {logging_mixin.py:154} INFO - [2025-02-17T22:35:12.268-0700] {dagbag.py:536} INFO - Filling up the DagBag from /home/jparep/miniconda3/envs/dbt-env/lib/python3.11/site-packages/airflow/example_dags/example_dynamic_task_mapping_with_no_taskflow_operators.py
[2025-02-17T22:35:12.277-0700] {processor.py:839} INFO - DAG(s) dict_keys(['example_dynamic_task_mapping_with_no_taskflow_operators']) retrieved from /home/jparep/miniconda3/envs/dbt-env/lib/python3.11/site-packages/airflow/example_dags/example_dynamic_task_mapping_with_no_taskflow_operators.py
[2025-02-17T22:35:12.295-0700] {logging_mixin.py:154} INFO - [2025-02-17T22:35:12.295-0700] {dag.py:2941} INFO - Sync 1 DAGs
[2025-02-17T22:35:12.318-0700] {logging_mixin.py:154} INFO - [2025-02-17T22:35:12.318-0700] {dag.py:3722} INFO - Setting next_dagrun for example_dynamic_task_mapping_with_no_taskflow_operators to 2025-02-17T05:35:12.317721+00:00, run_after=2025-02-18T05:35:12.317721+00:00
[2025-02-17T22:35:12.350-0700] {processor.py:179} INFO - Processing /home/jparep/miniconda3/envs/dbt-env/lib/python3.11/site-packages/airflow/example_dags/example_dynamic_task_mapping_with_no_taskflow_operators.py took 0.087 seconds
[2025-02-17T22:36:09.202-0700] {processor.py:157} INFO - Started process (PID=158603) to work on /home/jparep/miniconda3/envs/dbt-env/lib/python3.11/site-packages/airflow/example_dags/example_dynamic_task_mapping_with_no_taskflow_operators.py
[2025-02-17T22:36:09.205-0700] {processor.py:829} INFO - Processing file /home/jparep/miniconda3/envs/dbt-env/lib/python3.11/site-packages/airflow/example_dags/example_dynamic_task_mapping_with_no_taskflow_operators.py for tasks to queue
[2025-02-17T22:36:09.206-0700] {logging_mixin.py:154} INFO - [2025-02-17T22:36:09.205-0700] {dagbag.py:536} INFO - Filling up the DagBag from /home/jparep/miniconda3/envs/dbt-env/lib/python3.11/site-packages/airflow/example_dags/example_dynamic_task_mapping_with_no_taskflow_operators.py
[2025-02-17T22:36:09.220-0700] {processor.py:839} INFO - DAG(s) dict_keys(['example_dynamic_task_mapping_with_no_taskflow_operators']) retrieved from /home/jparep/miniconda3/envs/dbt-env/lib/python3.11/site-packages/airflow/example_dags/example_dynamic_task_mapping_with_no_taskflow_operators.py
[2025-02-17T22:36:09.235-0700] {logging_mixin.py:154} INFO - [2025-02-17T22:36:09.235-0700] {dag.py:2941} INFO - Sync 1 DAGs
[2025-02-17T22:36:09.249-0700] {logging_mixin.py:154} INFO - [2025-02-17T22:36:09.249-0700] {dag.py:3722} INFO - Setting next_dagrun for example_dynamic_task_mapping_with_no_taskflow_operators to 2025-02-17T05:36:09.249053+00:00, run_after=2025-02-18T05:36:09.249053+00:00
[2025-02-17T22:36:09.266-0700] {processor.py:179} INFO - Processing /home/jparep/miniconda3/envs/dbt-env/lib/python3.11/site-packages/airflow/example_dags/example_dynamic_task_mapping_with_no_taskflow_operators.py took 0.069 seconds
[2025-02-17T22:37:10.673-0700] {processor.py:157} INFO - Started process (PID=159171) to work on /home/jparep/miniconda3/envs/dbt-env/lib/python3.11/site-packages/airflow/example_dags/example_dynamic_task_mapping_with_no_taskflow_operators.py
[2025-02-17T22:37:10.675-0700] {processor.py:829} INFO - Processing file /home/jparep/miniconda3/envs/dbt-env/lib/python3.11/site-packages/airflow/example_dags/example_dynamic_task_mapping_with_no_taskflow_operators.py for tasks to queue
[2025-02-17T22:37:10.676-0700] {logging_mixin.py:154} INFO - [2025-02-17T22:37:10.675-0700] {dagbag.py:536} INFO - Filling up the DagBag from /home/jparep/miniconda3/envs/dbt-env/lib/python3.11/site-packages/airflow/example_dags/example_dynamic_task_mapping_with_no_taskflow_operators.py
[2025-02-17T22:37:10.689-0700] {processor.py:839} INFO - DAG(s) dict_keys(['example_dynamic_task_mapping_with_no_taskflow_operators']) retrieved from /home/jparep/miniconda3/envs/dbt-env/lib/python3.11/site-packages/airflow/example_dags/example_dynamic_task_mapping_with_no_taskflow_operators.py
[2025-02-17T22:37:10.708-0700] {logging_mixin.py:154} INFO - [2025-02-17T22:37:10.708-0700] {dag.py:2941} INFO - Sync 1 DAGs
[2025-02-17T22:37:10.723-0700] {logging_mixin.py:154} INFO - [2025-02-17T22:37:10.723-0700] {dag.py:3722} INFO - Setting next_dagrun for example_dynamic_task_mapping_with_no_taskflow_operators to 2025-02-17T05:37:10.723541+00:00, run_after=2025-02-18T05:37:10.723541+00:00
[2025-02-17T22:37:10.742-0700] {processor.py:179} INFO - Processing /home/jparep/miniconda3/envs/dbt-env/lib/python3.11/site-packages/airflow/example_dags/example_dynamic_task_mapping_with_no_taskflow_operators.py took 0.074 seconds
[2025-02-17T22:38:03.541-0700] {processor.py:157} INFO - Started process (PID=160349) to work on /home/jparep/miniconda3/envs/dbt-env/lib/python3.11/site-packages/airflow/example_dags/example_dynamic_task_mapping_with_no_taskflow_operators.py
[2025-02-17T22:38:03.543-0700] {processor.py:829} INFO - Processing file /home/jparep/miniconda3/envs/dbt-env/lib/python3.11/site-packages/airflow/example_dags/example_dynamic_task_mapping_with_no_taskflow_operators.py for tasks to queue
[2025-02-17T22:38:03.544-0700] {logging_mixin.py:154} INFO - [2025-02-17T22:38:03.544-0700] {dagbag.py:536} INFO - Filling up the DagBag from /home/jparep/miniconda3/envs/dbt-env/lib/python3.11/site-packages/airflow/example_dags/example_dynamic_task_mapping_with_no_taskflow_operators.py
[2025-02-17T22:38:03.558-0700] {processor.py:839} INFO - DAG(s) dict_keys(['example_dynamic_task_mapping_with_no_taskflow_operators']) retrieved from /home/jparep/miniconda3/envs/dbt-env/lib/python3.11/site-packages/airflow/example_dags/example_dynamic_task_mapping_with_no_taskflow_operators.py
[2025-02-17T22:38:03.574-0700] {logging_mixin.py:154} INFO - [2025-02-17T22:38:03.574-0700] {dag.py:2941} INFO - Sync 1 DAGs
[2025-02-17T22:38:03.589-0700] {logging_mixin.py:154} INFO - [2025-02-17T22:38:03.589-0700] {dag.py:3722} INFO - Setting next_dagrun for example_dynamic_task_mapping_with_no_taskflow_operators to 2025-02-17T05:38:03.589044+00:00, run_after=2025-02-18T05:38:03.589044+00:00
[2025-02-17T22:38:03.605-0700] {processor.py:179} INFO - Processing /home/jparep/miniconda3/envs/dbt-env/lib/python3.11/site-packages/airflow/example_dags/example_dynamic_task_mapping_with_no_taskflow_operators.py took 0.068 seconds
[2025-02-17T22:38:57.825-0700] {processor.py:157} INFO - Started process (PID=161040) to work on /home/jparep/miniconda3/envs/dbt-env/lib/python3.11/site-packages/airflow/example_dags/example_dynamic_task_mapping_with_no_taskflow_operators.py
[2025-02-17T22:38:57.828-0700] {processor.py:829} INFO - Processing file /home/jparep/miniconda3/envs/dbt-env/lib/python3.11/site-packages/airflow/example_dags/example_dynamic_task_mapping_with_no_taskflow_operators.py for tasks to queue
[2025-02-17T22:38:57.830-0700] {logging_mixin.py:154} INFO - [2025-02-17T22:38:57.829-0700] {dagbag.py:536} INFO - Filling up the DagBag from /home/jparep/miniconda3/envs/dbt-env/lib/python3.11/site-packages/airflow/example_dags/example_dynamic_task_mapping_with_no_taskflow_operators.py
[2025-02-17T22:38:57.844-0700] {processor.py:839} INFO - DAG(s) dict_keys(['example_dynamic_task_mapping_with_no_taskflow_operators']) retrieved from /home/jparep/miniconda3/envs/dbt-env/lib/python3.11/site-packages/airflow/example_dags/example_dynamic_task_mapping_with_no_taskflow_operators.py
[2025-02-17T22:38:57.866-0700] {logging_mixin.py:154} INFO - [2025-02-17T22:38:57.865-0700] {dag.py:2941} INFO - Sync 1 DAGs
[2025-02-17T22:38:57.893-0700] {logging_mixin.py:154} INFO - [2025-02-17T22:38:57.893-0700] {dag.py:3722} INFO - Setting next_dagrun for example_dynamic_task_mapping_with_no_taskflow_operators to 2025-02-17T05:38:57.892672+00:00, run_after=2025-02-18T05:38:57.892672+00:00
[2025-02-17T22:38:57.924-0700] {processor.py:179} INFO - Processing /home/jparep/miniconda3/envs/dbt-env/lib/python3.11/site-packages/airflow/example_dags/example_dynamic_task_mapping_with_no_taskflow_operators.py took 0.106 seconds
[2025-02-17T22:39:51.011-0700] {processor.py:157} INFO - Started process (PID=161272) to work on /home/jparep/miniconda3/envs/dbt-env/lib/python3.11/site-packages/airflow/example_dags/example_dynamic_task_mapping_with_no_taskflow_operators.py
[2025-02-17T22:39:51.014-0700] {processor.py:829} INFO - Processing file /home/jparep/miniconda3/envs/dbt-env/lib/python3.11/site-packages/airflow/example_dags/example_dynamic_task_mapping_with_no_taskflow_operators.py for tasks to queue
[2025-02-17T22:39:51.015-0700] {logging_mixin.py:154} INFO - [2025-02-17T22:39:51.015-0700] {dagbag.py:536} INFO - Filling up the DagBag from /home/jparep/miniconda3/envs/dbt-env/lib/python3.11/site-packages/airflow/example_dags/example_dynamic_task_mapping_with_no_taskflow_operators.py
[2025-02-17T22:39:51.028-0700] {processor.py:839} INFO - DAG(s) dict_keys(['example_dynamic_task_mapping_with_no_taskflow_operators']) retrieved from /home/jparep/miniconda3/envs/dbt-env/lib/python3.11/site-packages/airflow/example_dags/example_dynamic_task_mapping_with_no_taskflow_operators.py
[2025-02-17T22:39:51.051-0700] {logging_mixin.py:154} INFO - [2025-02-17T22:39:51.050-0700] {dag.py:2941} INFO - Sync 1 DAGs
[2025-02-17T22:39:51.066-0700] {logging_mixin.py:154} INFO - [2025-02-17T22:39:51.066-0700] {dag.py:3722} INFO - Setting next_dagrun for example_dynamic_task_mapping_with_no_taskflow_operators to 2025-02-17T05:39:51.066409+00:00, run_after=2025-02-18T05:39:51.066409+00:00
[2025-02-17T22:39:51.085-0700] {processor.py:179} INFO - Processing /home/jparep/miniconda3/envs/dbt-env/lib/python3.11/site-packages/airflow/example_dags/example_dynamic_task_mapping_with_no_taskflow_operators.py took 0.078 seconds
[2025-02-17T22:40:47.666-0700] {processor.py:157} INFO - Started process (PID=161812) to work on /home/jparep/miniconda3/envs/dbt-env/lib/python3.11/site-packages/airflow/example_dags/example_dynamic_task_mapping_with_no_taskflow_operators.py
[2025-02-17T22:40:47.669-0700] {processor.py:829} INFO - Processing file /home/jparep/miniconda3/envs/dbt-env/lib/python3.11/site-packages/airflow/example_dags/example_dynamic_task_mapping_with_no_taskflow_operators.py for tasks to queue
[2025-02-17T22:40:47.671-0700] {logging_mixin.py:154} INFO - [2025-02-17T22:40:47.670-0700] {dagbag.py:536} INFO - Filling up the DagBag from /home/jparep/miniconda3/envs/dbt-env/lib/python3.11/site-packages/airflow/example_dags/example_dynamic_task_mapping_with_no_taskflow_operators.py
[2025-02-17T22:40:47.685-0700] {processor.py:839} INFO - DAG(s) dict_keys(['example_dynamic_task_mapping_with_no_taskflow_operators']) retrieved from /home/jparep/miniconda3/envs/dbt-env/lib/python3.11/site-packages/airflow/example_dags/example_dynamic_task_mapping_with_no_taskflow_operators.py
[2025-02-17T22:40:47.706-0700] {logging_mixin.py:154} INFO - [2025-02-17T22:40:47.706-0700] {dag.py:2941} INFO - Sync 1 DAGs
[2025-02-17T22:40:47.724-0700] {logging_mixin.py:154} INFO - [2025-02-17T22:40:47.724-0700] {dag.py:3722} INFO - Setting next_dagrun for example_dynamic_task_mapping_with_no_taskflow_operators to 2025-02-17T05:40:47.724142+00:00, run_after=2025-02-18T05:40:47.724142+00:00
[2025-02-17T22:40:47.745-0700] {processor.py:179} INFO - Processing /home/jparep/miniconda3/envs/dbt-env/lib/python3.11/site-packages/airflow/example_dags/example_dynamic_task_mapping_with_no_taskflow_operators.py took 0.085 seconds
[2025-02-17T22:41:46.824-0700] {processor.py:157} INFO - Started process (PID=162263) to work on /home/jparep/miniconda3/envs/dbt-env/lib/python3.11/site-packages/airflow/example_dags/example_dynamic_task_mapping_with_no_taskflow_operators.py
[2025-02-17T22:41:46.826-0700] {processor.py:829} INFO - Processing file /home/jparep/miniconda3/envs/dbt-env/lib/python3.11/site-packages/airflow/example_dags/example_dynamic_task_mapping_with_no_taskflow_operators.py for tasks to queue
[2025-02-17T22:41:46.827-0700] {logging_mixin.py:154} INFO - [2025-02-17T22:41:46.827-0700] {dagbag.py:536} INFO - Filling up the DagBag from /home/jparep/miniconda3/envs/dbt-env/lib/python3.11/site-packages/airflow/example_dags/example_dynamic_task_mapping_with_no_taskflow_operators.py
[2025-02-17T22:41:46.835-0700] {processor.py:839} INFO - DAG(s) dict_keys(['example_dynamic_task_mapping_with_no_taskflow_operators']) retrieved from /home/jparep/miniconda3/envs/dbt-env/lib/python3.11/site-packages/airflow/example_dags/example_dynamic_task_mapping_with_no_taskflow_operators.py
[2025-02-17T22:41:46.850-0700] {logging_mixin.py:154} INFO - [2025-02-17T22:41:46.849-0700] {dag.py:2941} INFO - Sync 1 DAGs
[2025-02-17T22:41:46.866-0700] {logging_mixin.py:154} INFO - [2025-02-17T22:41:46.866-0700] {dag.py:3722} INFO - Setting next_dagrun for example_dynamic_task_mapping_with_no_taskflow_operators to 2025-02-17T05:41:46.866469+00:00, run_after=2025-02-18T05:41:46.866469+00:00
[2025-02-17T22:41:46.885-0700] {processor.py:179} INFO - Processing /home/jparep/miniconda3/envs/dbt-env/lib/python3.11/site-packages/airflow/example_dags/example_dynamic_task_mapping_with_no_taskflow_operators.py took 0.064 seconds
