[2025-02-17T22:15:50.971-0700] {processor.py:157} INFO - Started process (PID=148447) to work on /home/jparep/miniconda3/envs/dbt-env/lib/python3.11/site-packages/airflow/example_dags/tutorial.py
[2025-02-17T22:15:50.972-0700] {processor.py:829} INFO - Processing file /home/jparep/miniconda3/envs/dbt-env/lib/python3.11/site-packages/airflow/example_dags/tutorial.py for tasks to queue
[2025-02-17T22:15:50.973-0700] {logging_mixin.py:154} INFO - [2025-02-17T22:15:50.973-0700] {dagbag.py:536} INFO - Filling up the DagBag from /home/jparep/miniconda3/envs/dbt-env/lib/python3.11/site-packages/airflow/example_dags/tutorial.py
[2025-02-17T22:15:50.991-0700] {processor.py:839} INFO - DAG(s) dict_keys(['tutorial']) retrieved from /home/jparep/miniconda3/envs/dbt-env/lib/python3.11/site-packages/airflow/example_dags/tutorial.py
[2025-02-17T22:15:51.192-0700] {logging_mixin.py:154} INFO - [2025-02-17T22:15:51.192-0700] {manager.py:499} INFO - Created Permission View: %s
[2025-02-17T22:15:51.206-0700] {logging_mixin.py:154} INFO - [2025-02-17T22:15:51.206-0700] {manager.py:499} INFO - Created Permission View: %s
[2025-02-17T22:15:51.217-0700] {logging_mixin.py:154} INFO - [2025-02-17T22:15:51.217-0700] {manager.py:499} INFO - Created Permission View: %s
[2025-02-17T22:15:51.217-0700] {logging_mixin.py:154} INFO - [2025-02-17T22:15:51.217-0700] {dag.py:2941} INFO - Sync 1 DAGs
[2025-02-17T22:15:51.228-0700] {logging_mixin.py:154} INFO - [2025-02-17T22:15:51.228-0700] {dag.py:2963} INFO - Creating ORM DAG for tutorial
[2025-02-17T22:15:51.235-0700] {logging_mixin.py:154} INFO - [2025-02-17T22:15:51.235-0700] {dag.py:3722} INFO - Setting next_dagrun for tutorial to 2025-02-17T05:15:51.235560+00:00, run_after=2025-02-18T05:15:51.235560+00:00
[2025-02-17T22:15:51.257-0700] {processor.py:179} INFO - Processing /home/jparep/miniconda3/envs/dbt-env/lib/python3.11/site-packages/airflow/example_dags/tutorial.py took 0.291 seconds
[2025-02-17T22:16:47.720-0700] {processor.py:157} INFO - Started process (PID=148820) to work on /home/jparep/miniconda3/envs/dbt-env/lib/python3.11/site-packages/airflow/example_dags/tutorial.py
[2025-02-17T22:16:47.723-0700] {processor.py:829} INFO - Processing file /home/jparep/miniconda3/envs/dbt-env/lib/python3.11/site-packages/airflow/example_dags/tutorial.py for tasks to queue
[2025-02-17T22:16:47.724-0700] {logging_mixin.py:154} INFO - [2025-02-17T22:16:47.724-0700] {dagbag.py:536} INFO - Filling up the DagBag from /home/jparep/miniconda3/envs/dbt-env/lib/python3.11/site-packages/airflow/example_dags/tutorial.py
[2025-02-17T22:16:47.735-0700] {processor.py:839} INFO - DAG(s) dict_keys(['tutorial']) retrieved from /home/jparep/miniconda3/envs/dbt-env/lib/python3.11/site-packages/airflow/example_dags/tutorial.py
[2025-02-17T22:16:47.755-0700] {logging_mixin.py:154} INFO - [2025-02-17T22:16:47.755-0700] {dag.py:2941} INFO - Sync 1 DAGs
[2025-02-17T22:16:47.893-0700] {logging_mixin.py:154} INFO - [2025-02-17T22:16:47.893-0700] {dag.py:3722} INFO - Setting next_dagrun for tutorial to 2025-02-17T05:16:47.893198+00:00, run_after=2025-02-18T05:16:47.893198+00:00
[2025-02-17T22:16:47.923-0700] {processor.py:179} INFO - Processing /home/jparep/miniconda3/envs/dbt-env/lib/python3.11/site-packages/airflow/example_dags/tutorial.py took 0.206 seconds
[2025-02-17T22:17:35.464-0700] {processor.py:157} INFO - Started process (PID=149272) to work on /home/jparep/miniconda3/envs/dbt-env/lib/python3.11/site-packages/airflow/example_dags/tutorial.py
[2025-02-17T22:17:35.467-0700] {processor.py:829} INFO - Processing file /home/jparep/miniconda3/envs/dbt-env/lib/python3.11/site-packages/airflow/example_dags/tutorial.py for tasks to queue
[2025-02-17T22:17:35.467-0700] {logging_mixin.py:154} INFO - [2025-02-17T22:17:35.467-0700] {dagbag.py:536} INFO - Filling up the DagBag from /home/jparep/miniconda3/envs/dbt-env/lib/python3.11/site-packages/airflow/example_dags/tutorial.py
[2025-02-17T22:17:35.475-0700] {processor.py:839} INFO - DAG(s) dict_keys(['tutorial']) retrieved from /home/jparep/miniconda3/envs/dbt-env/lib/python3.11/site-packages/airflow/example_dags/tutorial.py
[2025-02-17T22:17:35.564-0700] {logging_mixin.py:154} INFO - [2025-02-17T22:17:35.564-0700] {dag.py:2941} INFO - Sync 1 DAGs
[2025-02-17T22:17:35.575-0700] {logging_mixin.py:154} INFO - [2025-02-17T22:17:35.575-0700] {dag.py:3722} INFO - Setting next_dagrun for tutorial to 2025-02-17T05:17:35.574935+00:00, run_after=2025-02-18T05:17:35.574935+00:00
[2025-02-17T22:17:35.590-0700] {processor.py:179} INFO - Processing /home/jparep/miniconda3/envs/dbt-env/lib/python3.11/site-packages/airflow/example_dags/tutorial.py took 0.127 seconds
[2025-02-17T22:18:21.577-0700] {processor.py:157} INFO - Started process (PID=149553) to work on /home/jparep/miniconda3/envs/dbt-env/lib/python3.11/site-packages/airflow/example_dags/tutorial.py
[2025-02-17T22:18:21.579-0700] {processor.py:829} INFO - Processing file /home/jparep/miniconda3/envs/dbt-env/lib/python3.11/site-packages/airflow/example_dags/tutorial.py for tasks to queue
[2025-02-17T22:18:21.580-0700] {logging_mixin.py:154} INFO - [2025-02-17T22:18:21.580-0700] {dagbag.py:536} INFO - Filling up the DagBag from /home/jparep/miniconda3/envs/dbt-env/lib/python3.11/site-packages/airflow/example_dags/tutorial.py
[2025-02-17T22:18:21.590-0700] {processor.py:839} INFO - DAG(s) dict_keys(['tutorial']) retrieved from /home/jparep/miniconda3/envs/dbt-env/lib/python3.11/site-packages/airflow/example_dags/tutorial.py
[2025-02-17T22:18:21.611-0700] {logging_mixin.py:154} INFO - [2025-02-17T22:18:21.611-0700] {dag.py:2941} INFO - Sync 1 DAGs
[2025-02-17T22:18:21.627-0700] {logging_mixin.py:154} INFO - [2025-02-17T22:18:21.626-0700] {dag.py:3722} INFO - Setting next_dagrun for tutorial to 2025-02-17T05:18:21.626740+00:00, run_after=2025-02-18T05:18:21.626740+00:00
[2025-02-17T22:18:21.650-0700] {processor.py:179} INFO - Processing /home/jparep/miniconda3/envs/dbt-env/lib/python3.11/site-packages/airflow/example_dags/tutorial.py took 0.079 seconds
[2025-02-17T22:19:07.860-0700] {processor.py:157} INFO - Started process (PID=150027) to work on /home/jparep/miniconda3/envs/dbt-env/lib/python3.11/site-packages/airflow/example_dags/tutorial.py
[2025-02-17T22:19:07.861-0700] {processor.py:829} INFO - Processing file /home/jparep/miniconda3/envs/dbt-env/lib/python3.11/site-packages/airflow/example_dags/tutorial.py for tasks to queue
[2025-02-17T22:19:07.862-0700] {logging_mixin.py:154} INFO - [2025-02-17T22:19:07.862-0700] {dagbag.py:536} INFO - Filling up the DagBag from /home/jparep/miniconda3/envs/dbt-env/lib/python3.11/site-packages/airflow/example_dags/tutorial.py
[2025-02-17T22:19:07.870-0700] {processor.py:839} INFO - DAG(s) dict_keys(['tutorial']) retrieved from /home/jparep/miniconda3/envs/dbt-env/lib/python3.11/site-packages/airflow/example_dags/tutorial.py
[2025-02-17T22:19:07.886-0700] {logging_mixin.py:154} INFO - [2025-02-17T22:19:07.885-0700] {dag.py:2941} INFO - Sync 1 DAGs
[2025-02-17T22:19:07.900-0700] {logging_mixin.py:154} INFO - [2025-02-17T22:19:07.899-0700] {dag.py:3722} INFO - Setting next_dagrun for tutorial to 2025-02-17T05:19:07.899767+00:00, run_after=2025-02-18T05:19:07.899767+00:00
[2025-02-17T22:19:07.915-0700] {processor.py:179} INFO - Processing /home/jparep/miniconda3/envs/dbt-env/lib/python3.11/site-packages/airflow/example_dags/tutorial.py took 0.058 seconds
[2025-02-17T22:19:47.273-0700] {processor.py:157} INFO - Started process (PID=150453) to work on /home/jparep/miniconda3/envs/dbt-env/lib/python3.11/site-packages/airflow/example_dags/tutorial.py
[2025-02-17T22:19:47.276-0700] {processor.py:829} INFO - Processing file /home/jparep/miniconda3/envs/dbt-env/lib/python3.11/site-packages/airflow/example_dags/tutorial.py for tasks to queue
[2025-02-17T22:19:47.277-0700] {logging_mixin.py:154} INFO - [2025-02-17T22:19:47.277-0700] {dagbag.py:536} INFO - Filling up the DagBag from /home/jparep/miniconda3/envs/dbt-env/lib/python3.11/site-packages/airflow/example_dags/tutorial.py
[2025-02-17T22:19:47.288-0700] {processor.py:839} INFO - DAG(s) dict_keys(['tutorial']) retrieved from /home/jparep/miniconda3/envs/dbt-env/lib/python3.11/site-packages/airflow/example_dags/tutorial.py
[2025-02-17T22:19:47.309-0700] {logging_mixin.py:154} INFO - [2025-02-17T22:19:47.309-0700] {dag.py:2941} INFO - Sync 1 DAGs
[2025-02-17T22:19:47.329-0700] {logging_mixin.py:154} INFO - [2025-02-17T22:19:47.329-0700] {dag.py:3722} INFO - Setting next_dagrun for tutorial to 2025-02-17T05:19:47.329550+00:00, run_after=2025-02-18T05:19:47.329550+00:00
[2025-02-17T22:19:47.350-0700] {processor.py:179} INFO - Processing /home/jparep/miniconda3/envs/dbt-env/lib/python3.11/site-packages/airflow/example_dags/tutorial.py took 0.081 seconds
[2025-02-17T22:20:26.020-0700] {processor.py:157} INFO - Started process (PID=150706) to work on /home/jparep/miniconda3/envs/dbt-env/lib/python3.11/site-packages/airflow/example_dags/tutorial.py
[2025-02-17T22:20:26.023-0700] {processor.py:829} INFO - Processing file /home/jparep/miniconda3/envs/dbt-env/lib/python3.11/site-packages/airflow/example_dags/tutorial.py for tasks to queue
[2025-02-17T22:20:26.024-0700] {logging_mixin.py:154} INFO - [2025-02-17T22:20:26.024-0700] {dagbag.py:536} INFO - Filling up the DagBag from /home/jparep/miniconda3/envs/dbt-env/lib/python3.11/site-packages/airflow/example_dags/tutorial.py
[2025-02-17T22:20:26.035-0700] {processor.py:839} INFO - DAG(s) dict_keys(['tutorial']) retrieved from /home/jparep/miniconda3/envs/dbt-env/lib/python3.11/site-packages/airflow/example_dags/tutorial.py
[2025-02-17T22:20:26.055-0700] {logging_mixin.py:154} INFO - [2025-02-17T22:20:26.055-0700] {dag.py:2941} INFO - Sync 1 DAGs
[2025-02-17T22:20:26.072-0700] {logging_mixin.py:154} INFO - [2025-02-17T22:20:26.072-0700] {dag.py:3722} INFO - Setting next_dagrun for tutorial to 2025-02-17T05:20:26.072377+00:00, run_after=2025-02-18T05:20:26.072377+00:00
[2025-02-17T22:20:26.092-0700] {processor.py:179} INFO - Processing /home/jparep/miniconda3/envs/dbt-env/lib/python3.11/site-packages/airflow/example_dags/tutorial.py took 0.076 seconds
[2025-02-17T22:21:05.575-0700] {processor.py:157} INFO - Started process (PID=151135) to work on /home/jparep/miniconda3/envs/dbt-env/lib/python3.11/site-packages/airflow/example_dags/tutorial.py
[2025-02-17T22:21:05.577-0700] {processor.py:829} INFO - Processing file /home/jparep/miniconda3/envs/dbt-env/lib/python3.11/site-packages/airflow/example_dags/tutorial.py for tasks to queue
[2025-02-17T22:21:05.578-0700] {logging_mixin.py:154} INFO - [2025-02-17T22:21:05.577-0700] {dagbag.py:536} INFO - Filling up the DagBag from /home/jparep/miniconda3/envs/dbt-env/lib/python3.11/site-packages/airflow/example_dags/tutorial.py
[2025-02-17T22:21:05.588-0700] {processor.py:839} INFO - DAG(s) dict_keys(['tutorial']) retrieved from /home/jparep/miniconda3/envs/dbt-env/lib/python3.11/site-packages/airflow/example_dags/tutorial.py
[2025-02-17T22:21:05.610-0700] {logging_mixin.py:154} INFO - [2025-02-17T22:21:05.610-0700] {dag.py:2941} INFO - Sync 1 DAGs
[2025-02-17T22:21:05.626-0700] {logging_mixin.py:154} INFO - [2025-02-17T22:21:05.626-0700] {dag.py:3722} INFO - Setting next_dagrun for tutorial to 2025-02-17T05:21:05.625845+00:00, run_after=2025-02-18T05:21:05.625845+00:00
[2025-02-17T22:21:05.646-0700] {processor.py:179} INFO - Processing /home/jparep/miniconda3/envs/dbt-env/lib/python3.11/site-packages/airflow/example_dags/tutorial.py took 0.075 seconds
[2025-02-17T22:21:41.068-0700] {processor.py:157} INFO - Started process (PID=151362) to work on /home/jparep/miniconda3/envs/dbt-env/lib/python3.11/site-packages/airflow/example_dags/tutorial.py
[2025-02-17T22:21:41.071-0700] {processor.py:829} INFO - Processing file /home/jparep/miniconda3/envs/dbt-env/lib/python3.11/site-packages/airflow/example_dags/tutorial.py for tasks to queue
[2025-02-17T22:21:41.072-0700] {logging_mixin.py:154} INFO - [2025-02-17T22:21:41.072-0700] {dagbag.py:536} INFO - Filling up the DagBag from /home/jparep/miniconda3/envs/dbt-env/lib/python3.11/site-packages/airflow/example_dags/tutorial.py
[2025-02-17T22:21:41.088-0700] {processor.py:839} INFO - DAG(s) dict_keys(['tutorial']) retrieved from /home/jparep/miniconda3/envs/dbt-env/lib/python3.11/site-packages/airflow/example_dags/tutorial.py
[2025-02-17T22:21:41.107-0700] {logging_mixin.py:154} INFO - [2025-02-17T22:21:41.107-0700] {dag.py:2941} INFO - Sync 1 DAGs
[2025-02-17T22:21:41.126-0700] {logging_mixin.py:154} INFO - [2025-02-17T22:21:41.126-0700] {dag.py:3722} INFO - Setting next_dagrun for tutorial to 2025-02-17T05:21:41.125778+00:00, run_after=2025-02-18T05:21:41.125778+00:00
[2025-02-17T22:21:41.147-0700] {processor.py:179} INFO - Processing /home/jparep/miniconda3/envs/dbt-env/lib/python3.11/site-packages/airflow/example_dags/tutorial.py took 0.085 seconds
[2025-02-17T22:22:20.294-0700] {processor.py:157} INFO - Started process (PID=151684) to work on /home/jparep/miniconda3/envs/dbt-env/lib/python3.11/site-packages/airflow/example_dags/tutorial.py
[2025-02-17T22:22:20.297-0700] {processor.py:829} INFO - Processing file /home/jparep/miniconda3/envs/dbt-env/lib/python3.11/site-packages/airflow/example_dags/tutorial.py for tasks to queue
[2025-02-17T22:22:20.298-0700] {logging_mixin.py:154} INFO - [2025-02-17T22:22:20.297-0700] {dagbag.py:536} INFO - Filling up the DagBag from /home/jparep/miniconda3/envs/dbt-env/lib/python3.11/site-packages/airflow/example_dags/tutorial.py
[2025-02-17T22:22:20.309-0700] {processor.py:839} INFO - DAG(s) dict_keys(['tutorial']) retrieved from /home/jparep/miniconda3/envs/dbt-env/lib/python3.11/site-packages/airflow/example_dags/tutorial.py
[2025-02-17T22:22:20.330-0700] {logging_mixin.py:154} INFO - [2025-02-17T22:22:20.330-0700] {dag.py:2941} INFO - Sync 1 DAGs
[2025-02-17T22:22:20.348-0700] {logging_mixin.py:154} INFO - [2025-02-17T22:22:20.348-0700] {dag.py:3722} INFO - Setting next_dagrun for tutorial to 2025-02-17T05:22:20.348197+00:00, run_after=2025-02-18T05:22:20.348197+00:00
[2025-02-17T22:22:20.368-0700] {processor.py:179} INFO - Processing /home/jparep/miniconda3/envs/dbt-env/lib/python3.11/site-packages/airflow/example_dags/tutorial.py took 0.078 seconds
[2025-02-17T22:23:11.263-0700] {processor.py:157} INFO - Started process (PID=152080) to work on /home/jparep/miniconda3/envs/dbt-env/lib/python3.11/site-packages/airflow/example_dags/tutorial.py
[2025-02-17T22:23:11.265-0700] {processor.py:829} INFO - Processing file /home/jparep/miniconda3/envs/dbt-env/lib/python3.11/site-packages/airflow/example_dags/tutorial.py for tasks to queue
[2025-02-17T22:23:11.267-0700] {logging_mixin.py:154} INFO - [2025-02-17T22:23:11.266-0700] {dagbag.py:536} INFO - Filling up the DagBag from /home/jparep/miniconda3/envs/dbt-env/lib/python3.11/site-packages/airflow/example_dags/tutorial.py
[2025-02-17T22:23:11.278-0700] {processor.py:839} INFO - DAG(s) dict_keys(['tutorial']) retrieved from /home/jparep/miniconda3/envs/dbt-env/lib/python3.11/site-packages/airflow/example_dags/tutorial.py
[2025-02-17T22:23:11.298-0700] {logging_mixin.py:154} INFO - [2025-02-17T22:23:11.297-0700] {dag.py:2941} INFO - Sync 1 DAGs
[2025-02-17T22:23:11.319-0700] {logging_mixin.py:154} INFO - [2025-02-17T22:23:11.319-0700] {dag.py:3722} INFO - Setting next_dagrun for tutorial to 2025-02-17T05:23:11.318827+00:00, run_after=2025-02-18T05:23:11.318827+00:00
[2025-02-17T22:23:11.341-0700] {processor.py:179} INFO - Processing /home/jparep/miniconda3/envs/dbt-env/lib/python3.11/site-packages/airflow/example_dags/tutorial.py took 0.083 seconds
[2025-02-17T22:23:46.507-0700] {processor.py:157} INFO - Started process (PID=152307) to work on /home/jparep/miniconda3/envs/dbt-env/lib/python3.11/site-packages/airflow/example_dags/tutorial.py
[2025-02-17T22:23:46.510-0700] {processor.py:829} INFO - Processing file /home/jparep/miniconda3/envs/dbt-env/lib/python3.11/site-packages/airflow/example_dags/tutorial.py for tasks to queue
[2025-02-17T22:23:46.511-0700] {logging_mixin.py:154} INFO - [2025-02-17T22:23:46.511-0700] {dagbag.py:536} INFO - Filling up the DagBag from /home/jparep/miniconda3/envs/dbt-env/lib/python3.11/site-packages/airflow/example_dags/tutorial.py
[2025-02-17T22:23:46.523-0700] {processor.py:839} INFO - DAG(s) dict_keys(['tutorial']) retrieved from /home/jparep/miniconda3/envs/dbt-env/lib/python3.11/site-packages/airflow/example_dags/tutorial.py
[2025-02-17T22:23:46.547-0700] {logging_mixin.py:154} INFO - [2025-02-17T22:23:46.547-0700] {dag.py:2941} INFO - Sync 1 DAGs
[2025-02-17T22:23:46.576-0700] {logging_mixin.py:154} INFO - [2025-02-17T22:23:46.576-0700] {dag.py:3722} INFO - Setting next_dagrun for tutorial to 2025-02-17T05:23:46.575595+00:00, run_after=2025-02-18T05:23:46.575595+00:00
[2025-02-17T22:23:46.606-0700] {processor.py:179} INFO - Processing /home/jparep/miniconda3/envs/dbt-env/lib/python3.11/site-packages/airflow/example_dags/tutorial.py took 0.103 seconds
[2025-02-17T22:24:25.210-0700] {processor.py:157} INFO - Started process (PID=152728) to work on /home/jparep/miniconda3/envs/dbt-env/lib/python3.11/site-packages/airflow/example_dags/tutorial.py
[2025-02-17T22:24:25.212-0700] {processor.py:829} INFO - Processing file /home/jparep/miniconda3/envs/dbt-env/lib/python3.11/site-packages/airflow/example_dags/tutorial.py for tasks to queue
[2025-02-17T22:24:25.213-0700] {logging_mixin.py:154} INFO - [2025-02-17T22:24:25.213-0700] {dagbag.py:536} INFO - Filling up the DagBag from /home/jparep/miniconda3/envs/dbt-env/lib/python3.11/site-packages/airflow/example_dags/tutorial.py
[2025-02-17T22:24:25.226-0700] {processor.py:839} INFO - DAG(s) dict_keys(['tutorial']) retrieved from /home/jparep/miniconda3/envs/dbt-env/lib/python3.11/site-packages/airflow/example_dags/tutorial.py
[2025-02-17T22:24:25.247-0700] {logging_mixin.py:154} INFO - [2025-02-17T22:24:25.247-0700] {dag.py:2941} INFO - Sync 1 DAGs
[2025-02-17T22:24:25.269-0700] {logging_mixin.py:154} INFO - [2025-02-17T22:24:25.269-0700] {dag.py:3722} INFO - Setting next_dagrun for tutorial to 2025-02-17T05:24:25.269199+00:00, run_after=2025-02-18T05:24:25.269199+00:00
[2025-02-17T22:24:25.288-0700] {processor.py:179} INFO - Processing /home/jparep/miniconda3/envs/dbt-env/lib/python3.11/site-packages/airflow/example_dags/tutorial.py took 0.083 seconds
[2025-02-17T22:25:18.154-0700] {processor.py:157} INFO - Started process (PID=153236) to work on /home/jparep/miniconda3/envs/dbt-env/lib/python3.11/site-packages/airflow/example_dags/tutorial.py
[2025-02-17T22:25:18.157-0700] {processor.py:829} INFO - Processing file /home/jparep/miniconda3/envs/dbt-env/lib/python3.11/site-packages/airflow/example_dags/tutorial.py for tasks to queue
[2025-02-17T22:25:18.158-0700] {logging_mixin.py:154} INFO - [2025-02-17T22:25:18.157-0700] {dagbag.py:536} INFO - Filling up the DagBag from /home/jparep/miniconda3/envs/dbt-env/lib/python3.11/site-packages/airflow/example_dags/tutorial.py
[2025-02-17T22:25:18.168-0700] {processor.py:839} INFO - DAG(s) dict_keys(['tutorial']) retrieved from /home/jparep/miniconda3/envs/dbt-env/lib/python3.11/site-packages/airflow/example_dags/tutorial.py
[2025-02-17T22:25:18.188-0700] {logging_mixin.py:154} INFO - [2025-02-17T22:25:18.188-0700] {dag.py:2941} INFO - Sync 1 DAGs
[2025-02-17T22:25:18.210-0700] {logging_mixin.py:154} INFO - [2025-02-17T22:25:18.210-0700] {dag.py:3722} INFO - Setting next_dagrun for tutorial to 2025-02-17T05:25:18.210192+00:00, run_after=2025-02-18T05:25:18.210192+00:00
[2025-02-17T22:25:18.235-0700] {processor.py:179} INFO - Processing /home/jparep/miniconda3/envs/dbt-env/lib/python3.11/site-packages/airflow/example_dags/tutorial.py took 0.086 seconds
[2025-02-17T22:26:01.090-0700] {processor.py:157} INFO - Started process (PID=153680) to work on /home/jparep/miniconda3/envs/dbt-env/lib/python3.11/site-packages/airflow/example_dags/tutorial.py
[2025-02-17T22:26:01.095-0700] {processor.py:829} INFO - Processing file /home/jparep/miniconda3/envs/dbt-env/lib/python3.11/site-packages/airflow/example_dags/tutorial.py for tasks to queue
[2025-02-17T22:26:01.097-0700] {logging_mixin.py:154} INFO - [2025-02-17T22:26:01.096-0700] {dagbag.py:536} INFO - Filling up the DagBag from /home/jparep/miniconda3/envs/dbt-env/lib/python3.11/site-packages/airflow/example_dags/tutorial.py
[2025-02-17T22:26:01.108-0700] {processor.py:839} INFO - DAG(s) dict_keys(['tutorial']) retrieved from /home/jparep/miniconda3/envs/dbt-env/lib/python3.11/site-packages/airflow/example_dags/tutorial.py
[2025-02-17T22:26:01.122-0700] {logging_mixin.py:154} INFO - [2025-02-17T22:26:01.122-0700] {dag.py:2941} INFO - Sync 1 DAGs
[2025-02-17T22:26:01.140-0700] {logging_mixin.py:154} INFO - [2025-02-17T22:26:01.140-0700] {dag.py:3722} INFO - Setting next_dagrun for tutorial to 2025-02-17T05:26:01.139849+00:00, run_after=2025-02-18T05:26:01.139849+00:00
[2025-02-17T22:26:01.170-0700] {processor.py:179} INFO - Processing /home/jparep/miniconda3/envs/dbt-env/lib/python3.11/site-packages/airflow/example_dags/tutorial.py took 0.084 seconds
[2025-02-17T22:26:36.751-0700] {processor.py:157} INFO - Started process (PID=153911) to work on /home/jparep/miniconda3/envs/dbt-env/lib/python3.11/site-packages/airflow/example_dags/tutorial.py
[2025-02-17T22:26:36.754-0700] {processor.py:829} INFO - Processing file /home/jparep/miniconda3/envs/dbt-env/lib/python3.11/site-packages/airflow/example_dags/tutorial.py for tasks to queue
[2025-02-17T22:26:36.755-0700] {logging_mixin.py:154} INFO - [2025-02-17T22:26:36.754-0700] {dagbag.py:536} INFO - Filling up the DagBag from /home/jparep/miniconda3/envs/dbt-env/lib/python3.11/site-packages/airflow/example_dags/tutorial.py
[2025-02-17T22:26:36.765-0700] {processor.py:839} INFO - DAG(s) dict_keys(['tutorial']) retrieved from /home/jparep/miniconda3/envs/dbt-env/lib/python3.11/site-packages/airflow/example_dags/tutorial.py
[2025-02-17T22:26:36.787-0700] {logging_mixin.py:154} INFO - [2025-02-17T22:26:36.787-0700] {dag.py:2941} INFO - Sync 1 DAGs
[2025-02-17T22:26:36.808-0700] {logging_mixin.py:154} INFO - [2025-02-17T22:26:36.808-0700] {dag.py:3722} INFO - Setting next_dagrun for tutorial to 2025-02-17T05:26:36.808396+00:00, run_after=2025-02-18T05:26:36.808396+00:00
[2025-02-17T22:26:36.827-0700] {processor.py:179} INFO - Processing /home/jparep/miniconda3/envs/dbt-env/lib/python3.11/site-packages/airflow/example_dags/tutorial.py took 0.080 seconds
[2025-02-17T22:27:26.111-0700] {processor.py:157} INFO - Started process (PID=154408) to work on /home/jparep/miniconda3/envs/dbt-env/lib/python3.11/site-packages/airflow/example_dags/tutorial.py
[2025-02-17T22:27:26.115-0700] {processor.py:829} INFO - Processing file /home/jparep/miniconda3/envs/dbt-env/lib/python3.11/site-packages/airflow/example_dags/tutorial.py for tasks to queue
[2025-02-17T22:27:26.116-0700] {logging_mixin.py:154} INFO - [2025-02-17T22:27:26.115-0700] {dagbag.py:536} INFO - Filling up the DagBag from /home/jparep/miniconda3/envs/dbt-env/lib/python3.11/site-packages/airflow/example_dags/tutorial.py
[2025-02-17T22:27:26.128-0700] {processor.py:839} INFO - DAG(s) dict_keys(['tutorial']) retrieved from /home/jparep/miniconda3/envs/dbt-env/lib/python3.11/site-packages/airflow/example_dags/tutorial.py
[2025-02-17T22:27:26.148-0700] {logging_mixin.py:154} INFO - [2025-02-17T22:27:26.147-0700] {dag.py:2941} INFO - Sync 1 DAGs
[2025-02-17T22:27:26.172-0700] {logging_mixin.py:154} INFO - [2025-02-17T22:27:26.172-0700] {dag.py:3722} INFO - Setting next_dagrun for tutorial to 2025-02-17T05:27:26.171993+00:00, run_after=2025-02-18T05:27:26.171993+00:00
[2025-02-17T22:27:26.196-0700] {processor.py:179} INFO - Processing /home/jparep/miniconda3/envs/dbt-env/lib/python3.11/site-packages/airflow/example_dags/tutorial.py took 0.090 seconds
[2025-02-17T22:28:06.574-0700] {processor.py:157} INFO - Started process (PID=154654) to work on /home/jparep/miniconda3/envs/dbt-env/lib/python3.11/site-packages/airflow/example_dags/tutorial.py
[2025-02-17T22:28:06.576-0700] {processor.py:829} INFO - Processing file /home/jparep/miniconda3/envs/dbt-env/lib/python3.11/site-packages/airflow/example_dags/tutorial.py for tasks to queue
[2025-02-17T22:28:06.578-0700] {logging_mixin.py:154} INFO - [2025-02-17T22:28:06.577-0700] {dagbag.py:536} INFO - Filling up the DagBag from /home/jparep/miniconda3/envs/dbt-env/lib/python3.11/site-packages/airflow/example_dags/tutorial.py
[2025-02-17T22:28:06.588-0700] {processor.py:839} INFO - DAG(s) dict_keys(['tutorial']) retrieved from /home/jparep/miniconda3/envs/dbt-env/lib/python3.11/site-packages/airflow/example_dags/tutorial.py
[2025-02-17T22:28:06.608-0700] {logging_mixin.py:154} INFO - [2025-02-17T22:28:06.608-0700] {dag.py:2941} INFO - Sync 1 DAGs
[2025-02-17T22:28:06.628-0700] {logging_mixin.py:154} INFO - [2025-02-17T22:28:06.628-0700] {dag.py:3722} INFO - Setting next_dagrun for tutorial to 2025-02-17T05:28:06.627929+00:00, run_after=2025-02-18T05:28:06.627929+00:00
[2025-02-17T22:28:06.648-0700] {processor.py:179} INFO - Processing /home/jparep/miniconda3/envs/dbt-env/lib/python3.11/site-packages/airflow/example_dags/tutorial.py took 0.079 seconds
[2025-02-17T22:28:43.151-0700] {processor.py:157} INFO - Started process (PID=154975) to work on /home/jparep/miniconda3/envs/dbt-env/lib/python3.11/site-packages/airflow/example_dags/tutorial.py
[2025-02-17T22:28:43.155-0700] {processor.py:829} INFO - Processing file /home/jparep/miniconda3/envs/dbt-env/lib/python3.11/site-packages/airflow/example_dags/tutorial.py for tasks to queue
[2025-02-17T22:28:43.156-0700] {logging_mixin.py:154} INFO - [2025-02-17T22:28:43.156-0700] {dagbag.py:536} INFO - Filling up the DagBag from /home/jparep/miniconda3/envs/dbt-env/lib/python3.11/site-packages/airflow/example_dags/tutorial.py
[2025-02-17T22:28:43.171-0700] {processor.py:839} INFO - DAG(s) dict_keys(['tutorial']) retrieved from /home/jparep/miniconda3/envs/dbt-env/lib/python3.11/site-packages/airflow/example_dags/tutorial.py
[2025-02-17T22:28:43.198-0700] {logging_mixin.py:154} INFO - [2025-02-17T22:28:43.198-0700] {dag.py:2941} INFO - Sync 1 DAGs
[2025-02-17T22:28:43.229-0700] {logging_mixin.py:154} INFO - [2025-02-17T22:28:43.229-0700] {dag.py:3722} INFO - Setting next_dagrun for tutorial to 2025-02-17T05:28:43.229233+00:00, run_after=2025-02-18T05:28:43.229233+00:00
[2025-02-17T22:28:43.264-0700] {processor.py:179} INFO - Processing /home/jparep/miniconda3/envs/dbt-env/lib/python3.11/site-packages/airflow/example_dags/tutorial.py took 0.118 seconds
[2025-02-17T22:29:23.742-0700] {processor.py:157} INFO - Started process (PID=155315) to work on /home/jparep/miniconda3/envs/dbt-env/lib/python3.11/site-packages/airflow/example_dags/tutorial.py
[2025-02-17T22:29:23.745-0700] {processor.py:829} INFO - Processing file /home/jparep/miniconda3/envs/dbt-env/lib/python3.11/site-packages/airflow/example_dags/tutorial.py for tasks to queue
[2025-02-17T22:29:23.746-0700] {logging_mixin.py:154} INFO - [2025-02-17T22:29:23.745-0700] {dagbag.py:536} INFO - Filling up the DagBag from /home/jparep/miniconda3/envs/dbt-env/lib/python3.11/site-packages/airflow/example_dags/tutorial.py
[2025-02-17T22:29:23.757-0700] {processor.py:839} INFO - DAG(s) dict_keys(['tutorial']) retrieved from /home/jparep/miniconda3/envs/dbt-env/lib/python3.11/site-packages/airflow/example_dags/tutorial.py
[2025-02-17T22:29:23.778-0700] {logging_mixin.py:154} INFO - [2025-02-17T22:29:23.777-0700] {dag.py:2941} INFO - Sync 1 DAGs
[2025-02-17T22:29:23.799-0700] {logging_mixin.py:154} INFO - [2025-02-17T22:29:23.799-0700] {dag.py:3722} INFO - Setting next_dagrun for tutorial to 2025-02-17T05:29:23.799529+00:00, run_after=2025-02-18T05:29:23.799529+00:00
[2025-02-17T22:29:23.822-0700] {processor.py:179} INFO - Processing /home/jparep/miniconda3/envs/dbt-env/lib/python3.11/site-packages/airflow/example_dags/tutorial.py took 0.085 seconds
[2025-02-17T22:30:06.500-0700] {processor.py:157} INFO - Started process (PID=155511) to work on /home/jparep/miniconda3/envs/dbt-env/lib/python3.11/site-packages/airflow/example_dags/tutorial.py
[2025-02-17T22:30:06.503-0700] {processor.py:829} INFO - Processing file /home/jparep/miniconda3/envs/dbt-env/lib/python3.11/site-packages/airflow/example_dags/tutorial.py for tasks to queue
[2025-02-17T22:30:06.504-0700] {logging_mixin.py:154} INFO - [2025-02-17T22:30:06.504-0700] {dagbag.py:536} INFO - Filling up the DagBag from /home/jparep/miniconda3/envs/dbt-env/lib/python3.11/site-packages/airflow/example_dags/tutorial.py
[2025-02-17T22:30:06.517-0700] {processor.py:839} INFO - DAG(s) dict_keys(['tutorial']) retrieved from /home/jparep/miniconda3/envs/dbt-env/lib/python3.11/site-packages/airflow/example_dags/tutorial.py
[2025-02-17T22:30:06.540-0700] {logging_mixin.py:154} INFO - [2025-02-17T22:30:06.540-0700] {dag.py:2941} INFO - Sync 1 DAGs
[2025-02-17T22:30:06.568-0700] {logging_mixin.py:154} INFO - [2025-02-17T22:30:06.568-0700] {dag.py:3722} INFO - Setting next_dagrun for tutorial to 2025-02-17T05:30:06.567837+00:00, run_after=2025-02-18T05:30:06.567837+00:00
[2025-02-17T22:30:06.594-0700] {processor.py:179} INFO - Processing /home/jparep/miniconda3/envs/dbt-env/lib/python3.11/site-packages/airflow/example_dags/tutorial.py took 0.099 seconds
[2025-02-17T22:30:44.941-0700] {processor.py:157} INFO - Started process (PID=155951) to work on /home/jparep/miniconda3/envs/dbt-env/lib/python3.11/site-packages/airflow/example_dags/tutorial.py
[2025-02-17T22:30:44.942-0700] {processor.py:829} INFO - Processing file /home/jparep/miniconda3/envs/dbt-env/lib/python3.11/site-packages/airflow/example_dags/tutorial.py for tasks to queue
[2025-02-17T22:30:44.943-0700] {logging_mixin.py:154} INFO - [2025-02-17T22:30:44.943-0700] {dagbag.py:536} INFO - Filling up the DagBag from /home/jparep/miniconda3/envs/dbt-env/lib/python3.11/site-packages/airflow/example_dags/tutorial.py
[2025-02-17T22:30:44.949-0700] {processor.py:839} INFO - DAG(s) dict_keys(['tutorial']) retrieved from /home/jparep/miniconda3/envs/dbt-env/lib/python3.11/site-packages/airflow/example_dags/tutorial.py
[2025-02-17T22:30:44.966-0700] {logging_mixin.py:154} INFO - [2025-02-17T22:30:44.966-0700] {dag.py:2941} INFO - Sync 1 DAGs
[2025-02-17T22:30:44.984-0700] {logging_mixin.py:154} INFO - [2025-02-17T22:30:44.984-0700] {dag.py:3722} INFO - Setting next_dagrun for tutorial to 2025-02-17T05:30:44.983883+00:00, run_after=2025-02-18T05:30:44.983883+00:00
[2025-02-17T22:30:45.005-0700] {processor.py:179} INFO - Processing /home/jparep/miniconda3/envs/dbt-env/lib/python3.11/site-packages/airflow/example_dags/tutorial.py took 0.067 seconds
[2025-02-17T22:31:39.255-0700] {processor.py:157} INFO - Started process (PID=156468) to work on /home/jparep/miniconda3/envs/dbt-env/lib/python3.11/site-packages/airflow/example_dags/tutorial.py
[2025-02-17T22:31:39.259-0700] {processor.py:829} INFO - Processing file /home/jparep/miniconda3/envs/dbt-env/lib/python3.11/site-packages/airflow/example_dags/tutorial.py for tasks to queue
[2025-02-17T22:31:39.261-0700] {logging_mixin.py:154} INFO - [2025-02-17T22:31:39.260-0700] {dagbag.py:536} INFO - Filling up the DagBag from /home/jparep/miniconda3/envs/dbt-env/lib/python3.11/site-packages/airflow/example_dags/tutorial.py
[2025-02-17T22:31:39.284-0700] {processor.py:839} INFO - DAG(s) dict_keys(['tutorial']) retrieved from /home/jparep/miniconda3/envs/dbt-env/lib/python3.11/site-packages/airflow/example_dags/tutorial.py
[2025-02-17T22:31:39.309-0700] {logging_mixin.py:154} INFO - [2025-02-17T22:31:39.309-0700] {dag.py:2941} INFO - Sync 1 DAGs
[2025-02-17T22:31:39.332-0700] {logging_mixin.py:154} INFO - [2025-02-17T22:31:39.332-0700] {dag.py:3722} INFO - Setting next_dagrun for tutorial to 2025-02-17T05:31:39.331804+00:00, run_after=2025-02-18T05:31:39.331804+00:00
[2025-02-17T22:31:39.475-0700] {processor.py:179} INFO - Processing /home/jparep/miniconda3/envs/dbt-env/lib/python3.11/site-packages/airflow/example_dags/tutorial.py took 0.226 seconds
[2025-02-17T22:32:17.568-0700] {processor.py:157} INFO - Started process (PID=156697) to work on /home/jparep/miniconda3/envs/dbt-env/lib/python3.11/site-packages/airflow/example_dags/tutorial.py
[2025-02-17T22:32:17.569-0700] {processor.py:829} INFO - Processing file /home/jparep/miniconda3/envs/dbt-env/lib/python3.11/site-packages/airflow/example_dags/tutorial.py for tasks to queue
[2025-02-17T22:32:17.570-0700] {logging_mixin.py:154} INFO - [2025-02-17T22:32:17.570-0700] {dagbag.py:536} INFO - Filling up the DagBag from /home/jparep/miniconda3/envs/dbt-env/lib/python3.11/site-packages/airflow/example_dags/tutorial.py
[2025-02-17T22:32:17.577-0700] {processor.py:839} INFO - DAG(s) dict_keys(['tutorial']) retrieved from /home/jparep/miniconda3/envs/dbt-env/lib/python3.11/site-packages/airflow/example_dags/tutorial.py
[2025-02-17T22:32:17.591-0700] {logging_mixin.py:154} INFO - [2025-02-17T22:32:17.591-0700] {dag.py:2941} INFO - Sync 1 DAGs
[2025-02-17T22:32:17.611-0700] {logging_mixin.py:154} INFO - [2025-02-17T22:32:17.610-0700] {dag.py:3722} INFO - Setting next_dagrun for tutorial to 2025-02-17T05:32:17.610619+00:00, run_after=2025-02-18T05:32:17.610619+00:00
[2025-02-17T22:32:17.640-0700] {processor.py:179} INFO - Processing /home/jparep/miniconda3/envs/dbt-env/lib/python3.11/site-packages/airflow/example_dags/tutorial.py took 0.075 seconds
[2025-02-17T22:32:54.819-0700] {processor.py:157} INFO - Started process (PID=157009) to work on /home/jparep/miniconda3/envs/dbt-env/lib/python3.11/site-packages/airflow/example_dags/tutorial.py
[2025-02-17T22:32:54.822-0700] {processor.py:829} INFO - Processing file /home/jparep/miniconda3/envs/dbt-env/lib/python3.11/site-packages/airflow/example_dags/tutorial.py for tasks to queue
[2025-02-17T22:32:54.823-0700] {logging_mixin.py:154} INFO - [2025-02-17T22:32:54.822-0700] {dagbag.py:536} INFO - Filling up the DagBag from /home/jparep/miniconda3/envs/dbt-env/lib/python3.11/site-packages/airflow/example_dags/tutorial.py
[2025-02-17T22:32:54.834-0700] {processor.py:839} INFO - DAG(s) dict_keys(['tutorial']) retrieved from /home/jparep/miniconda3/envs/dbt-env/lib/python3.11/site-packages/airflow/example_dags/tutorial.py
[2025-02-17T22:32:54.854-0700] {logging_mixin.py:154} INFO - [2025-02-17T22:32:54.854-0700] {dag.py:2941} INFO - Sync 1 DAGs
[2025-02-17T22:32:54.873-0700] {logging_mixin.py:154} INFO - [2025-02-17T22:32:54.873-0700] {dag.py:3722} INFO - Setting next_dagrun for tutorial to 2025-02-17T05:32:54.873233+00:00, run_after=2025-02-18T05:32:54.873233+00:00
[2025-02-17T22:32:54.893-0700] {processor.py:179} INFO - Processing /home/jparep/miniconda3/envs/dbt-env/lib/python3.11/site-packages/airflow/example_dags/tutorial.py took 0.078 seconds
[2025-02-17T22:33:35.879-0700] {processor.py:157} INFO - Started process (PID=157455) to work on /home/jparep/miniconda3/envs/dbt-env/lib/python3.11/site-packages/airflow/example_dags/tutorial.py
[2025-02-17T22:33:35.881-0700] {processor.py:829} INFO - Processing file /home/jparep/miniconda3/envs/dbt-env/lib/python3.11/site-packages/airflow/example_dags/tutorial.py for tasks to queue
[2025-02-17T22:33:35.883-0700] {logging_mixin.py:154} INFO - [2025-02-17T22:33:35.882-0700] {dagbag.py:536} INFO - Filling up the DagBag from /home/jparep/miniconda3/envs/dbt-env/lib/python3.11/site-packages/airflow/example_dags/tutorial.py
[2025-02-17T22:33:35.893-0700] {processor.py:839} INFO - DAG(s) dict_keys(['tutorial']) retrieved from /home/jparep/miniconda3/envs/dbt-env/lib/python3.11/site-packages/airflow/example_dags/tutorial.py
[2025-02-17T22:33:35.916-0700] {logging_mixin.py:154} INFO - [2025-02-17T22:33:35.915-0700] {dag.py:2941} INFO - Sync 1 DAGs
[2025-02-17T22:33:35.935-0700] {logging_mixin.py:154} INFO - [2025-02-17T22:33:35.934-0700] {dag.py:3722} INFO - Setting next_dagrun for tutorial to 2025-02-17T05:33:35.934658+00:00, run_after=2025-02-18T05:33:35.934658+00:00
[2025-02-17T22:33:35.954-0700] {processor.py:179} INFO - Processing /home/jparep/miniconda3/envs/dbt-env/lib/python3.11/site-packages/airflow/example_dags/tutorial.py took 0.080 seconds
[2025-02-17T22:34:28.833-0700] {processor.py:157} INFO - Started process (PID=157663) to work on /home/jparep/miniconda3/envs/dbt-env/lib/python3.11/site-packages/airflow/example_dags/tutorial.py
[2025-02-17T22:34:28.835-0700] {processor.py:829} INFO - Processing file /home/jparep/miniconda3/envs/dbt-env/lib/python3.11/site-packages/airflow/example_dags/tutorial.py for tasks to queue
[2025-02-17T22:34:28.837-0700] {logging_mixin.py:154} INFO - [2025-02-17T22:34:28.836-0700] {dagbag.py:536} INFO - Filling up the DagBag from /home/jparep/miniconda3/envs/dbt-env/lib/python3.11/site-packages/airflow/example_dags/tutorial.py
[2025-02-17T22:34:28.848-0700] {processor.py:839} INFO - DAG(s) dict_keys(['tutorial']) retrieved from /home/jparep/miniconda3/envs/dbt-env/lib/python3.11/site-packages/airflow/example_dags/tutorial.py
[2025-02-17T22:34:28.869-0700] {logging_mixin.py:154} INFO - [2025-02-17T22:34:28.869-0700] {dag.py:2941} INFO - Sync 1 DAGs
[2025-02-17T22:34:28.894-0700] {logging_mixin.py:154} INFO - [2025-02-17T22:34:28.893-0700] {dag.py:3722} INFO - Setting next_dagrun for tutorial to 2025-02-17T05:34:28.893620+00:00, run_after=2025-02-18T05:34:28.893620+00:00
[2025-02-17T22:34:28.921-0700] {processor.py:179} INFO - Processing /home/jparep/miniconda3/envs/dbt-env/lib/python3.11/site-packages/airflow/example_dags/tutorial.py took 0.092 seconds
[2025-02-17T22:35:05.557-0700] {processor.py:157} INFO - Started process (PID=158009) to work on /home/jparep/miniconda3/envs/dbt-env/lib/python3.11/site-packages/airflow/example_dags/tutorial.py
[2025-02-17T22:35:05.558-0700] {processor.py:829} INFO - Processing file /home/jparep/miniconda3/envs/dbt-env/lib/python3.11/site-packages/airflow/example_dags/tutorial.py for tasks to queue
[2025-02-17T22:35:05.559-0700] {logging_mixin.py:154} INFO - [2025-02-17T22:35:05.559-0700] {dagbag.py:536} INFO - Filling up the DagBag from /home/jparep/miniconda3/envs/dbt-env/lib/python3.11/site-packages/airflow/example_dags/tutorial.py
[2025-02-17T22:35:05.569-0700] {processor.py:839} INFO - DAG(s) dict_keys(['tutorial']) retrieved from /home/jparep/miniconda3/envs/dbt-env/lib/python3.11/site-packages/airflow/example_dags/tutorial.py
[2025-02-17T22:35:05.582-0700] {logging_mixin.py:154} INFO - [2025-02-17T22:35:05.582-0700] {dag.py:2941} INFO - Sync 1 DAGs
[2025-02-17T22:35:05.596-0700] {logging_mixin.py:154} INFO - [2025-02-17T22:35:05.596-0700] {dag.py:3722} INFO - Setting next_dagrun for tutorial to 2025-02-17T05:35:05.596425+00:00, run_after=2025-02-18T05:35:05.596425+00:00
[2025-02-17T22:35:05.612-0700] {processor.py:179} INFO - Processing /home/jparep/miniconda3/envs/dbt-env/lib/python3.11/site-packages/airflow/example_dags/tutorial.py took 0.058 seconds
[2025-02-17T22:35:40.631-0700] {processor.py:157} INFO - Started process (PID=158232) to work on /home/jparep/miniconda3/envs/dbt-env/lib/python3.11/site-packages/airflow/example_dags/tutorial.py
[2025-02-17T22:35:40.634-0700] {processor.py:829} INFO - Processing file /home/jparep/miniconda3/envs/dbt-env/lib/python3.11/site-packages/airflow/example_dags/tutorial.py for tasks to queue
[2025-02-17T22:35:40.635-0700] {logging_mixin.py:154} INFO - [2025-02-17T22:35:40.635-0700] {dagbag.py:536} INFO - Filling up the DagBag from /home/jparep/miniconda3/envs/dbt-env/lib/python3.11/site-packages/airflow/example_dags/tutorial.py
[2025-02-17T22:35:40.646-0700] {processor.py:839} INFO - DAG(s) dict_keys(['tutorial']) retrieved from /home/jparep/miniconda3/envs/dbt-env/lib/python3.11/site-packages/airflow/example_dags/tutorial.py
[2025-02-17T22:35:40.661-0700] {logging_mixin.py:154} INFO - [2025-02-17T22:35:40.661-0700] {dag.py:2941} INFO - Sync 1 DAGs
[2025-02-17T22:35:40.675-0700] {logging_mixin.py:154} INFO - [2025-02-17T22:35:40.675-0700] {dag.py:3722} INFO - Setting next_dagrun for tutorial to 2025-02-17T05:35:40.675271+00:00, run_after=2025-02-18T05:35:40.675271+00:00
[2025-02-17T22:35:40.692-0700] {processor.py:179} INFO - Processing /home/jparep/miniconda3/envs/dbt-env/lib/python3.11/site-packages/airflow/example_dags/tutorial.py took 0.065 seconds
[2025-02-17T22:36:21.306-0700] {processor.py:157} INFO - Started process (PID=158666) to work on /home/jparep/miniconda3/envs/dbt-env/lib/python3.11/site-packages/airflow/example_dags/tutorial.py
[2025-02-17T22:36:21.308-0700] {processor.py:829} INFO - Processing file /home/jparep/miniconda3/envs/dbt-env/lib/python3.11/site-packages/airflow/example_dags/tutorial.py for tasks to queue
[2025-02-17T22:36:21.308-0700] {logging_mixin.py:154} INFO - [2025-02-17T22:36:21.308-0700] {dagbag.py:536} INFO - Filling up the DagBag from /home/jparep/miniconda3/envs/dbt-env/lib/python3.11/site-packages/airflow/example_dags/tutorial.py
[2025-02-17T22:36:21.315-0700] {processor.py:839} INFO - DAG(s) dict_keys(['tutorial']) retrieved from /home/jparep/miniconda3/envs/dbt-env/lib/python3.11/site-packages/airflow/example_dags/tutorial.py
[2025-02-17T22:36:21.330-0700] {logging_mixin.py:154} INFO - [2025-02-17T22:36:21.330-0700] {dag.py:2941} INFO - Sync 1 DAGs
[2025-02-17T22:36:21.345-0700] {logging_mixin.py:154} INFO - [2025-02-17T22:36:21.345-0700] {dag.py:3722} INFO - Setting next_dagrun for tutorial to 2025-02-17T05:36:21.345432+00:00, run_after=2025-02-18T05:36:21.345432+00:00
[2025-02-17T22:36:21.366-0700] {processor.py:179} INFO - Processing /home/jparep/miniconda3/envs/dbt-env/lib/python3.11/site-packages/airflow/example_dags/tutorial.py took 0.063 seconds
[2025-02-17T22:37:00.524-0700] {processor.py:157} INFO - Started process (PID=159093) to work on /home/jparep/miniconda3/envs/dbt-env/lib/python3.11/site-packages/airflow/example_dags/tutorial.py
[2025-02-17T22:37:00.525-0700] {processor.py:829} INFO - Processing file /home/jparep/miniconda3/envs/dbt-env/lib/python3.11/site-packages/airflow/example_dags/tutorial.py for tasks to queue
[2025-02-17T22:37:00.529-0700] {logging_mixin.py:154} INFO - [2025-02-17T22:37:00.526-0700] {dagbag.py:536} INFO - Filling up the DagBag from /home/jparep/miniconda3/envs/dbt-env/lib/python3.11/site-packages/airflow/example_dags/tutorial.py
[2025-02-17T22:37:00.537-0700] {processor.py:839} INFO - DAG(s) dict_keys(['tutorial']) retrieved from /home/jparep/miniconda3/envs/dbt-env/lib/python3.11/site-packages/airflow/example_dags/tutorial.py
[2025-02-17T22:37:00.553-0700] {logging_mixin.py:154} INFO - [2025-02-17T22:37:00.553-0700] {dag.py:2941} INFO - Sync 1 DAGs
[2025-02-17T22:37:00.571-0700] {logging_mixin.py:154} INFO - [2025-02-17T22:37:00.570-0700] {dag.py:3722} INFO - Setting next_dagrun for tutorial to 2025-02-17T05:37:00.570711+00:00, run_after=2025-02-18T05:37:00.570711+00:00
[2025-02-17T22:37:00.591-0700] {processor.py:179} INFO - Processing /home/jparep/miniconda3/envs/dbt-env/lib/python3.11/site-packages/airflow/example_dags/tutorial.py took 0.071 seconds
[2025-02-17T22:37:37.872-0700] {processor.py:157} INFO - Started process (PID=159931) to work on /home/jparep/miniconda3/envs/dbt-env/lib/python3.11/site-packages/airflow/example_dags/tutorial.py
[2025-02-17T22:37:37.875-0700] {processor.py:829} INFO - Processing file /home/jparep/miniconda3/envs/dbt-env/lib/python3.11/site-packages/airflow/example_dags/tutorial.py for tasks to queue
[2025-02-17T22:37:37.877-0700] {logging_mixin.py:154} INFO - [2025-02-17T22:37:37.876-0700] {dagbag.py:536} INFO - Filling up the DagBag from /home/jparep/miniconda3/envs/dbt-env/lib/python3.11/site-packages/airflow/example_dags/tutorial.py
[2025-02-17T22:37:37.888-0700] {processor.py:839} INFO - DAG(s) dict_keys(['tutorial']) retrieved from /home/jparep/miniconda3/envs/dbt-env/lib/python3.11/site-packages/airflow/example_dags/tutorial.py
[2025-02-17T22:37:37.907-0700] {logging_mixin.py:154} INFO - [2025-02-17T22:37:37.907-0700] {dag.py:2941} INFO - Sync 1 DAGs
[2025-02-17T22:37:37.924-0700] {logging_mixin.py:154} INFO - [2025-02-17T22:37:37.923-0700] {dag.py:3722} INFO - Setting next_dagrun for tutorial to 2025-02-17T05:37:37.923598+00:00, run_after=2025-02-18T05:37:37.923598+00:00
[2025-02-17T22:37:37.947-0700] {processor.py:179} INFO - Processing /home/jparep/miniconda3/envs/dbt-env/lib/python3.11/site-packages/airflow/example_dags/tutorial.py took 0.079 seconds
[2025-02-17T22:38:14.411-0700] {processor.py:157} INFO - Started process (PID=160488) to work on /home/jparep/miniconda3/envs/dbt-env/lib/python3.11/site-packages/airflow/example_dags/tutorial.py
[2025-02-17T22:38:14.414-0700] {processor.py:829} INFO - Processing file /home/jparep/miniconda3/envs/dbt-env/lib/python3.11/site-packages/airflow/example_dags/tutorial.py for tasks to queue
[2025-02-17T22:38:14.416-0700] {logging_mixin.py:154} INFO - [2025-02-17T22:38:14.415-0700] {dagbag.py:536} INFO - Filling up the DagBag from /home/jparep/miniconda3/envs/dbt-env/lib/python3.11/site-packages/airflow/example_dags/tutorial.py
[2025-02-17T22:38:14.428-0700] {processor.py:839} INFO - DAG(s) dict_keys(['tutorial']) retrieved from /home/jparep/miniconda3/envs/dbt-env/lib/python3.11/site-packages/airflow/example_dags/tutorial.py
[2025-02-17T22:38:14.446-0700] {logging_mixin.py:154} INFO - [2025-02-17T22:38:14.446-0700] {dag.py:2941} INFO - Sync 1 DAGs
[2025-02-17T22:38:14.478-0700] {logging_mixin.py:154} INFO - [2025-02-17T22:38:14.477-0700] {dag.py:3722} INFO - Setting next_dagrun for tutorial to 2025-02-17T05:38:14.477423+00:00, run_after=2025-02-18T05:38:14.477423+00:00
[2025-02-17T22:38:14.516-0700] {processor.py:179} INFO - Processing /home/jparep/miniconda3/envs/dbt-env/lib/python3.11/site-packages/airflow/example_dags/tutorial.py took 0.111 seconds
[2025-02-17T22:38:50.358-0700] {processor.py:157} INFO - Started process (PID=160746) to work on /home/jparep/miniconda3/envs/dbt-env/lib/python3.11/site-packages/airflow/example_dags/tutorial.py
[2025-02-17T22:38:50.360-0700] {processor.py:829} INFO - Processing file /home/jparep/miniconda3/envs/dbt-env/lib/python3.11/site-packages/airflow/example_dags/tutorial.py for tasks to queue
[2025-02-17T22:38:50.363-0700] {logging_mixin.py:154} INFO - [2025-02-17T22:38:50.363-0700] {dagbag.py:536} INFO - Filling up the DagBag from /home/jparep/miniconda3/envs/dbt-env/lib/python3.11/site-packages/airflow/example_dags/tutorial.py
[2025-02-17T22:38:50.371-0700] {processor.py:839} INFO - DAG(s) dict_keys(['tutorial']) retrieved from /home/jparep/miniconda3/envs/dbt-env/lib/python3.11/site-packages/airflow/example_dags/tutorial.py
[2025-02-17T22:38:50.426-0700] {logging_mixin.py:154} INFO - [2025-02-17T22:38:50.426-0700] {dag.py:2941} INFO - Sync 1 DAGs
[2025-02-17T22:38:50.523-0700] {logging_mixin.py:154} INFO - [2025-02-17T22:38:50.523-0700] {dag.py:3722} INFO - Setting next_dagrun for tutorial to 2025-02-17T05:38:50.523208+00:00, run_after=2025-02-18T05:38:50.523208+00:00
[2025-02-17T22:38:50.547-0700] {processor.py:179} INFO - Processing /home/jparep/miniconda3/envs/dbt-env/lib/python3.11/site-packages/airflow/example_dags/tutorial.py took 0.192 seconds
[2025-02-17T22:39:43.604-0700] {processor.py:157} INFO - Started process (PID=161247) to work on /home/jparep/miniconda3/envs/dbt-env/lib/python3.11/site-packages/airflow/example_dags/tutorial.py
[2025-02-17T22:39:43.607-0700] {processor.py:829} INFO - Processing file /home/jparep/miniconda3/envs/dbt-env/lib/python3.11/site-packages/airflow/example_dags/tutorial.py for tasks to queue
[2025-02-17T22:39:43.608-0700] {logging_mixin.py:154} INFO - [2025-02-17T22:39:43.607-0700] {dagbag.py:536} INFO - Filling up the DagBag from /home/jparep/miniconda3/envs/dbt-env/lib/python3.11/site-packages/airflow/example_dags/tutorial.py
[2025-02-17T22:39:43.623-0700] {processor.py:839} INFO - DAG(s) dict_keys(['tutorial']) retrieved from /home/jparep/miniconda3/envs/dbt-env/lib/python3.11/site-packages/airflow/example_dags/tutorial.py
[2025-02-17T22:39:43.643-0700] {logging_mixin.py:154} INFO - [2025-02-17T22:39:43.642-0700] {dag.py:2941} INFO - Sync 1 DAGs
[2025-02-17T22:39:43.660-0700] {logging_mixin.py:154} INFO - [2025-02-17T22:39:43.660-0700] {dag.py:3722} INFO - Setting next_dagrun for tutorial to 2025-02-17T05:39:43.660597+00:00, run_after=2025-02-18T05:39:43.660597+00:00
[2025-02-17T22:39:43.680-0700] {processor.py:179} INFO - Processing /home/jparep/miniconda3/envs/dbt-env/lib/python3.11/site-packages/airflow/example_dags/tutorial.py took 0.080 seconds
[2025-02-17T22:40:21.255-0700] {processor.py:157} INFO - Started process (PID=161618) to work on /home/jparep/miniconda3/envs/dbt-env/lib/python3.11/site-packages/airflow/example_dags/tutorial.py
[2025-02-17T22:40:21.257-0700] {processor.py:829} INFO - Processing file /home/jparep/miniconda3/envs/dbt-env/lib/python3.11/site-packages/airflow/example_dags/tutorial.py for tasks to queue
[2025-02-17T22:40:21.258-0700] {logging_mixin.py:154} INFO - [2025-02-17T22:40:21.257-0700] {dagbag.py:536} INFO - Filling up the DagBag from /home/jparep/miniconda3/envs/dbt-env/lib/python3.11/site-packages/airflow/example_dags/tutorial.py
[2025-02-17T22:40:21.267-0700] {processor.py:839} INFO - DAG(s) dict_keys(['tutorial']) retrieved from /home/jparep/miniconda3/envs/dbt-env/lib/python3.11/site-packages/airflow/example_dags/tutorial.py
[2025-02-17T22:40:21.283-0700] {logging_mixin.py:154} INFO - [2025-02-17T22:40:21.283-0700] {dag.py:2941} INFO - Sync 1 DAGs
[2025-02-17T22:40:21.301-0700] {logging_mixin.py:154} INFO - [2025-02-17T22:40:21.301-0700] {dag.py:3722} INFO - Setting next_dagrun for tutorial to 2025-02-17T05:40:21.301436+00:00, run_after=2025-02-18T05:40:21.301436+00:00
[2025-02-17T22:40:21.321-0700] {processor.py:179} INFO - Processing /home/jparep/miniconda3/envs/dbt-env/lib/python3.11/site-packages/airflow/example_dags/tutorial.py took 0.070 seconds
[2025-02-17T22:40:58.811-0700] {processor.py:157} INFO - Started process (PID=161876) to work on /home/jparep/miniconda3/envs/dbt-env/lib/python3.11/site-packages/airflow/example_dags/tutorial.py
[2025-02-17T22:40:58.814-0700] {processor.py:829} INFO - Processing file /home/jparep/miniconda3/envs/dbt-env/lib/python3.11/site-packages/airflow/example_dags/tutorial.py for tasks to queue
[2025-02-17T22:40:58.815-0700] {logging_mixin.py:154} INFO - [2025-02-17T22:40:58.814-0700] {dagbag.py:536} INFO - Filling up the DagBag from /home/jparep/miniconda3/envs/dbt-env/lib/python3.11/site-packages/airflow/example_dags/tutorial.py
[2025-02-17T22:40:58.823-0700] {processor.py:839} INFO - DAG(s) dict_keys(['tutorial']) retrieved from /home/jparep/miniconda3/envs/dbt-env/lib/python3.11/site-packages/airflow/example_dags/tutorial.py
[2025-02-17T22:40:58.844-0700] {logging_mixin.py:154} INFO - [2025-02-17T22:40:58.844-0700] {dag.py:2941} INFO - Sync 1 DAGs
[2025-02-17T22:40:58.862-0700] {logging_mixin.py:154} INFO - [2025-02-17T22:40:58.862-0700] {dag.py:3722} INFO - Setting next_dagrun for tutorial to 2025-02-17T05:40:58.862178+00:00, run_after=2025-02-18T05:40:58.862178+00:00
[2025-02-17T22:40:58.884-0700] {processor.py:179} INFO - Processing /home/jparep/miniconda3/envs/dbt-env/lib/python3.11/site-packages/airflow/example_dags/tutorial.py took 0.076 seconds
[2025-02-17T22:41:36.643-0700] {processor.py:157} INFO - Started process (PID=162224) to work on /home/jparep/miniconda3/envs/dbt-env/lib/python3.11/site-packages/airflow/example_dags/tutorial.py
[2025-02-17T22:41:36.646-0700] {processor.py:829} INFO - Processing file /home/jparep/miniconda3/envs/dbt-env/lib/python3.11/site-packages/airflow/example_dags/tutorial.py for tasks to queue
[2025-02-17T22:41:36.647-0700] {logging_mixin.py:154} INFO - [2025-02-17T22:41:36.646-0700] {dagbag.py:536} INFO - Filling up the DagBag from /home/jparep/miniconda3/envs/dbt-env/lib/python3.11/site-packages/airflow/example_dags/tutorial.py
[2025-02-17T22:41:36.659-0700] {processor.py:839} INFO - DAG(s) dict_keys(['tutorial']) retrieved from /home/jparep/miniconda3/envs/dbt-env/lib/python3.11/site-packages/airflow/example_dags/tutorial.py
[2025-02-17T22:41:36.684-0700] {logging_mixin.py:154} INFO - [2025-02-17T22:41:36.684-0700] {dag.py:2941} INFO - Sync 1 DAGs
[2025-02-17T22:41:36.710-0700] {logging_mixin.py:154} INFO - [2025-02-17T22:41:36.710-0700] {dag.py:3722} INFO - Setting next_dagrun for tutorial to 2025-02-17T05:41:36.710146+00:00, run_after=2025-02-18T05:41:36.710146+00:00
[2025-02-17T22:41:36.746-0700] {processor.py:179} INFO - Processing /home/jparep/miniconda3/envs/dbt-env/lib/python3.11/site-packages/airflow/example_dags/tutorial.py took 0.108 seconds
[2025-02-17T22:42:18.852-0700] {processor.py:157} INFO - Started process (PID=162591) to work on /home/jparep/miniconda3/envs/dbt-env/lib/python3.11/site-packages/airflow/example_dags/tutorial.py
[2025-02-17T22:42:18.855-0700] {processor.py:829} INFO - Processing file /home/jparep/miniconda3/envs/dbt-env/lib/python3.11/site-packages/airflow/example_dags/tutorial.py for tasks to queue
[2025-02-17T22:42:18.856-0700] {logging_mixin.py:154} INFO - [2025-02-17T22:42:18.855-0700] {dagbag.py:536} INFO - Filling up the DagBag from /home/jparep/miniconda3/envs/dbt-env/lib/python3.11/site-packages/airflow/example_dags/tutorial.py
[2025-02-17T22:42:18.866-0700] {processor.py:839} INFO - DAG(s) dict_keys(['tutorial']) retrieved from /home/jparep/miniconda3/envs/dbt-env/lib/python3.11/site-packages/airflow/example_dags/tutorial.py
[2025-02-17T22:42:18.887-0700] {logging_mixin.py:154} INFO - [2025-02-17T22:42:18.887-0700] {dag.py:2941} INFO - Sync 1 DAGs
[2025-02-17T22:42:18.904-0700] {logging_mixin.py:154} INFO - [2025-02-17T22:42:18.904-0700] {dag.py:3722} INFO - Setting next_dagrun for tutorial to 2025-02-17T05:42:18.904151+00:00, run_after=2025-02-18T05:42:18.904151+00:00
[2025-02-17T22:42:18.924-0700] {processor.py:179} INFO - Processing /home/jparep/miniconda3/envs/dbt-env/lib/python3.11/site-packages/airflow/example_dags/tutorial.py took 0.077 seconds
