[2025-02-17T22:16:08.395-0700] {processor.py:157} INFO - Started process (PID=148508) to work on /home/jparep/miniconda3/envs/dbt-env/lib/python3.11/site-packages/airflow/example_dags/tutorial_dag.py
[2025-02-17T22:16:08.397-0700] {processor.py:829} INFO - Processing file /home/jparep/miniconda3/envs/dbt-env/lib/python3.11/site-packages/airflow/example_dags/tutorial_dag.py for tasks to queue
[2025-02-17T22:16:08.398-0700] {logging_mixin.py:154} INFO - [2025-02-17T22:16:08.397-0700] {dagbag.py:536} INFO - Filling up the DagBag from /home/jparep/miniconda3/envs/dbt-env/lib/python3.11/site-packages/airflow/example_dags/tutorial_dag.py
[2025-02-17T22:16:08.406-0700] {processor.py:839} INFO - DAG(s) dict_keys(['tutorial_dag']) retrieved from /home/jparep/miniconda3/envs/dbt-env/lib/python3.11/site-packages/airflow/example_dags/tutorial_dag.py
[2025-02-17T22:16:08.616-0700] {logging_mixin.py:154} INFO - [2025-02-17T22:16:08.616-0700] {manager.py:499} INFO - Created Permission View: %s
[2025-02-17T22:16:08.627-0700] {logging_mixin.py:154} INFO - [2025-02-17T22:16:08.626-0700] {manager.py:499} INFO - Created Permission View: %s
[2025-02-17T22:16:08.633-0700] {logging_mixin.py:154} INFO - [2025-02-17T22:16:08.633-0700] {manager.py:499} INFO - Created Permission View: %s
[2025-02-17T22:16:08.633-0700] {logging_mixin.py:154} INFO - [2025-02-17T22:16:08.633-0700] {dag.py:2941} INFO - Sync 1 DAGs
[2025-02-17T22:16:08.641-0700] {logging_mixin.py:154} INFO - [2025-02-17T22:16:08.641-0700] {dag.py:2963} INFO - Creating ORM DAG for tutorial_dag
[2025-02-17T22:16:08.641-0700] {logging_mixin.py:154} INFO - [2025-02-17T22:16:08.641-0700] {dag.py:3722} INFO - Setting next_dagrun for tutorial_dag to None, run_after=None
[2025-02-17T22:16:08.658-0700] {processor.py:179} INFO - Processing /home/jparep/miniconda3/envs/dbt-env/lib/python3.11/site-packages/airflow/example_dags/tutorial_dag.py took 0.265 seconds
[2025-02-17T22:17:02.383-0700] {processor.py:157} INFO - Started process (PID=148887) to work on /home/jparep/miniconda3/envs/dbt-env/lib/python3.11/site-packages/airflow/example_dags/tutorial_dag.py
[2025-02-17T22:17:02.385-0700] {processor.py:829} INFO - Processing file /home/jparep/miniconda3/envs/dbt-env/lib/python3.11/site-packages/airflow/example_dags/tutorial_dag.py for tasks to queue
[2025-02-17T22:17:02.387-0700] {logging_mixin.py:154} INFO - [2025-02-17T22:17:02.386-0700] {dagbag.py:536} INFO - Filling up the DagBag from /home/jparep/miniconda3/envs/dbt-env/lib/python3.11/site-packages/airflow/example_dags/tutorial_dag.py
[2025-02-17T22:17:02.395-0700] {processor.py:839} INFO - DAG(s) dict_keys(['tutorial_dag']) retrieved from /home/jparep/miniconda3/envs/dbt-env/lib/python3.11/site-packages/airflow/example_dags/tutorial_dag.py
[2025-02-17T22:17:02.423-0700] {logging_mixin.py:154} INFO - [2025-02-17T22:17:02.423-0700] {dag.py:2941} INFO - Sync 1 DAGs
[2025-02-17T22:17:02.535-0700] {logging_mixin.py:154} INFO - [2025-02-17T22:17:02.535-0700] {dag.py:3722} INFO - Setting next_dagrun for tutorial_dag to None, run_after=None
[2025-02-17T22:17:02.560-0700] {processor.py:179} INFO - Processing /home/jparep/miniconda3/envs/dbt-env/lib/python3.11/site-packages/airflow/example_dags/tutorial_dag.py took 0.182 seconds
[2025-02-17T22:17:56.608-0700] {processor.py:157} INFO - Started process (PID=149398) to work on /home/jparep/miniconda3/envs/dbt-env/lib/python3.11/site-packages/airflow/example_dags/tutorial_dag.py
[2025-02-17T22:17:56.611-0700] {processor.py:829} INFO - Processing file /home/jparep/miniconda3/envs/dbt-env/lib/python3.11/site-packages/airflow/example_dags/tutorial_dag.py for tasks to queue
[2025-02-17T22:17:56.612-0700] {logging_mixin.py:154} INFO - [2025-02-17T22:17:56.611-0700] {dagbag.py:536} INFO - Filling up the DagBag from /home/jparep/miniconda3/envs/dbt-env/lib/python3.11/site-packages/airflow/example_dags/tutorial_dag.py
[2025-02-17T22:17:56.618-0700] {processor.py:839} INFO - DAG(s) dict_keys(['tutorial_dag']) retrieved from /home/jparep/miniconda3/envs/dbt-env/lib/python3.11/site-packages/airflow/example_dags/tutorial_dag.py
[2025-02-17T22:17:56.632-0700] {logging_mixin.py:154} INFO - [2025-02-17T22:17:56.632-0700] {dag.py:2941} INFO - Sync 1 DAGs
[2025-02-17T22:17:56.641-0700] {logging_mixin.py:154} INFO - [2025-02-17T22:17:56.641-0700] {dag.py:3722} INFO - Setting next_dagrun for tutorial_dag to None, run_after=None
[2025-02-17T22:17:56.656-0700] {processor.py:179} INFO - Processing /home/jparep/miniconda3/envs/dbt-env/lib/python3.11/site-packages/airflow/example_dags/tutorial_dag.py took 0.053 seconds
[2025-02-17T22:18:40.058-0700] {processor.py:157} INFO - Started process (PID=149855) to work on /home/jparep/miniconda3/envs/dbt-env/lib/python3.11/site-packages/airflow/example_dags/tutorial_dag.py
[2025-02-17T22:18:40.060-0700] {processor.py:829} INFO - Processing file /home/jparep/miniconda3/envs/dbt-env/lib/python3.11/site-packages/airflow/example_dags/tutorial_dag.py for tasks to queue
[2025-02-17T22:18:40.061-0700] {logging_mixin.py:154} INFO - [2025-02-17T22:18:40.061-0700] {dagbag.py:536} INFO - Filling up the DagBag from /home/jparep/miniconda3/envs/dbt-env/lib/python3.11/site-packages/airflow/example_dags/tutorial_dag.py
[2025-02-17T22:18:40.068-0700] {processor.py:839} INFO - DAG(s) dict_keys(['tutorial_dag']) retrieved from /home/jparep/miniconda3/envs/dbt-env/lib/python3.11/site-packages/airflow/example_dags/tutorial_dag.py
[2025-02-17T22:18:40.084-0700] {logging_mixin.py:154} INFO - [2025-02-17T22:18:40.084-0700] {dag.py:2941} INFO - Sync 1 DAGs
[2025-02-17T22:18:40.093-0700] {logging_mixin.py:154} INFO - [2025-02-17T22:18:40.093-0700] {dag.py:3722} INFO - Setting next_dagrun for tutorial_dag to None, run_after=None
[2025-02-17T22:18:40.111-0700] {processor.py:179} INFO - Processing /home/jparep/miniconda3/envs/dbt-env/lib/python3.11/site-packages/airflow/example_dags/tutorial_dag.py took 0.058 seconds
[2025-02-17T22:19:35.741-0700] {processor.py:157} INFO - Started process (PID=150381) to work on /home/jparep/miniconda3/envs/dbt-env/lib/python3.11/site-packages/airflow/example_dags/tutorial_dag.py
[2025-02-17T22:19:35.744-0700] {processor.py:829} INFO - Processing file /home/jparep/miniconda3/envs/dbt-env/lib/python3.11/site-packages/airflow/example_dags/tutorial_dag.py for tasks to queue
[2025-02-17T22:19:35.745-0700] {logging_mixin.py:154} INFO - [2025-02-17T22:19:35.745-0700] {dagbag.py:536} INFO - Filling up the DagBag from /home/jparep/miniconda3/envs/dbt-env/lib/python3.11/site-packages/airflow/example_dags/tutorial_dag.py
[2025-02-17T22:19:35.754-0700] {processor.py:839} INFO - DAG(s) dict_keys(['tutorial_dag']) retrieved from /home/jparep/miniconda3/envs/dbt-env/lib/python3.11/site-packages/airflow/example_dags/tutorial_dag.py
[2025-02-17T22:19:35.778-0700] {logging_mixin.py:154} INFO - [2025-02-17T22:19:35.778-0700] {dag.py:2941} INFO - Sync 1 DAGs
[2025-02-17T22:19:35.793-0700] {logging_mixin.py:154} INFO - [2025-02-17T22:19:35.793-0700] {dag.py:3722} INFO - Setting next_dagrun for tutorial_dag to None, run_after=None
[2025-02-17T22:19:35.819-0700] {processor.py:179} INFO - Processing /home/jparep/miniconda3/envs/dbt-env/lib/python3.11/site-packages/airflow/example_dags/tutorial_dag.py took 0.082 seconds
[2025-02-17T22:20:18.388-0700] {processor.py:157} INFO - Started process (PID=150651) to work on /home/jparep/miniconda3/envs/dbt-env/lib/python3.11/site-packages/airflow/example_dags/tutorial_dag.py
[2025-02-17T22:20:18.391-0700] {processor.py:829} INFO - Processing file /home/jparep/miniconda3/envs/dbt-env/lib/python3.11/site-packages/airflow/example_dags/tutorial_dag.py for tasks to queue
[2025-02-17T22:20:18.392-0700] {logging_mixin.py:154} INFO - [2025-02-17T22:20:18.391-0700] {dagbag.py:536} INFO - Filling up the DagBag from /home/jparep/miniconda3/envs/dbt-env/lib/python3.11/site-packages/airflow/example_dags/tutorial_dag.py
[2025-02-17T22:20:18.399-0700] {processor.py:839} INFO - DAG(s) dict_keys(['tutorial_dag']) retrieved from /home/jparep/miniconda3/envs/dbt-env/lib/python3.11/site-packages/airflow/example_dags/tutorial_dag.py
[2025-02-17T22:20:18.422-0700] {logging_mixin.py:154} INFO - [2025-02-17T22:20:18.421-0700] {dag.py:2941} INFO - Sync 1 DAGs
[2025-02-17T22:20:18.436-0700] {logging_mixin.py:154} INFO - [2025-02-17T22:20:18.435-0700] {dag.py:3722} INFO - Setting next_dagrun for tutorial_dag to None, run_after=None
[2025-02-17T22:20:18.460-0700] {processor.py:179} INFO - Processing /home/jparep/miniconda3/envs/dbt-env/lib/python3.11/site-packages/airflow/example_dags/tutorial_dag.py took 0.077 seconds
[2025-02-17T22:21:16.784-0700] {processor.py:157} INFO - Started process (PID=151192) to work on /home/jparep/miniconda3/envs/dbt-env/lib/python3.11/site-packages/airflow/example_dags/tutorial_dag.py
[2025-02-17T22:21:16.787-0700] {processor.py:829} INFO - Processing file /home/jparep/miniconda3/envs/dbt-env/lib/python3.11/site-packages/airflow/example_dags/tutorial_dag.py for tasks to queue
[2025-02-17T22:21:16.788-0700] {logging_mixin.py:154} INFO - [2025-02-17T22:21:16.787-0700] {dagbag.py:536} INFO - Filling up the DagBag from /home/jparep/miniconda3/envs/dbt-env/lib/python3.11/site-packages/airflow/example_dags/tutorial_dag.py
[2025-02-17T22:21:16.795-0700] {processor.py:839} INFO - DAG(s) dict_keys(['tutorial_dag']) retrieved from /home/jparep/miniconda3/envs/dbt-env/lib/python3.11/site-packages/airflow/example_dags/tutorial_dag.py
[2025-02-17T22:21:16.819-0700] {logging_mixin.py:154} INFO - [2025-02-17T22:21:16.819-0700] {dag.py:2941} INFO - Sync 1 DAGs
[2025-02-17T22:21:16.831-0700] {logging_mixin.py:154} INFO - [2025-02-17T22:21:16.831-0700] {dag.py:3722} INFO - Setting next_dagrun for tutorial_dag to None, run_after=None
[2025-02-17T22:21:16.860-0700] {processor.py:179} INFO - Processing /home/jparep/miniconda3/envs/dbt-env/lib/python3.11/site-packages/airflow/example_dags/tutorial_dag.py took 0.082 seconds
[2025-02-17T22:22:06.194-0700] {processor.py:157} INFO - Started process (PID=151636) to work on /home/jparep/miniconda3/envs/dbt-env/lib/python3.11/site-packages/airflow/example_dags/tutorial_dag.py
[2025-02-17T22:22:06.196-0700] {processor.py:829} INFO - Processing file /home/jparep/miniconda3/envs/dbt-env/lib/python3.11/site-packages/airflow/example_dags/tutorial_dag.py for tasks to queue
[2025-02-17T22:22:06.198-0700] {logging_mixin.py:154} INFO - [2025-02-17T22:22:06.197-0700] {dagbag.py:536} INFO - Filling up the DagBag from /home/jparep/miniconda3/envs/dbt-env/lib/python3.11/site-packages/airflow/example_dags/tutorial_dag.py
[2025-02-17T22:22:06.205-0700] {processor.py:839} INFO - DAG(s) dict_keys(['tutorial_dag']) retrieved from /home/jparep/miniconda3/envs/dbt-env/lib/python3.11/site-packages/airflow/example_dags/tutorial_dag.py
[2025-02-17T22:22:06.229-0700] {logging_mixin.py:154} INFO - [2025-02-17T22:22:06.229-0700] {dag.py:2941} INFO - Sync 1 DAGs
[2025-02-17T22:22:06.243-0700] {logging_mixin.py:154} INFO - [2025-02-17T22:22:06.243-0700] {dag.py:3722} INFO - Setting next_dagrun for tutorial_dag to None, run_after=None
[2025-02-17T22:22:06.273-0700] {processor.py:179} INFO - Processing /home/jparep/miniconda3/envs/dbt-env/lib/python3.11/site-packages/airflow/example_dags/tutorial_dag.py took 0.084 seconds
[2025-02-17T22:22:59.942-0700] {processor.py:157} INFO - Started process (PID=152003) to work on /home/jparep/miniconda3/envs/dbt-env/lib/python3.11/site-packages/airflow/example_dags/tutorial_dag.py
[2025-02-17T22:22:59.945-0700] {processor.py:829} INFO - Processing file /home/jparep/miniconda3/envs/dbt-env/lib/python3.11/site-packages/airflow/example_dags/tutorial_dag.py for tasks to queue
[2025-02-17T22:22:59.946-0700] {logging_mixin.py:154} INFO - [2025-02-17T22:22:59.946-0700] {dagbag.py:536} INFO - Filling up the DagBag from /home/jparep/miniconda3/envs/dbt-env/lib/python3.11/site-packages/airflow/example_dags/tutorial_dag.py
[2025-02-17T22:22:59.954-0700] {processor.py:839} INFO - DAG(s) dict_keys(['tutorial_dag']) retrieved from /home/jparep/miniconda3/envs/dbt-env/lib/python3.11/site-packages/airflow/example_dags/tutorial_dag.py
[2025-02-17T22:22:59.985-0700] {logging_mixin.py:154} INFO - [2025-02-17T22:22:59.985-0700] {dag.py:2941} INFO - Sync 1 DAGs
[2025-02-17T22:22:59.995-0700] {logging_mixin.py:154} INFO - [2025-02-17T22:22:59.995-0700] {dag.py:3722} INFO - Setting next_dagrun for tutorial_dag to None, run_after=None
[2025-02-17T22:23:00.017-0700] {processor.py:179} INFO - Processing /home/jparep/miniconda3/envs/dbt-env/lib/python3.11/site-packages/airflow/example_dags/tutorial_dag.py took 0.080 seconds
[2025-02-17T22:23:54.660-0700] {processor.py:157} INFO - Started process (PID=152533) to work on /home/jparep/miniconda3/envs/dbt-env/lib/python3.11/site-packages/airflow/example_dags/tutorial_dag.py
[2025-02-17T22:23:54.662-0700] {processor.py:829} INFO - Processing file /home/jparep/miniconda3/envs/dbt-env/lib/python3.11/site-packages/airflow/example_dags/tutorial_dag.py for tasks to queue
[2025-02-17T22:23:54.663-0700] {logging_mixin.py:154} INFO - [2025-02-17T22:23:54.663-0700] {dagbag.py:536} INFO - Filling up the DagBag from /home/jparep/miniconda3/envs/dbt-env/lib/python3.11/site-packages/airflow/example_dags/tutorial_dag.py
[2025-02-17T22:23:54.668-0700] {processor.py:839} INFO - DAG(s) dict_keys(['tutorial_dag']) retrieved from /home/jparep/miniconda3/envs/dbt-env/lib/python3.11/site-packages/airflow/example_dags/tutorial_dag.py
[2025-02-17T22:23:54.684-0700] {logging_mixin.py:154} INFO - [2025-02-17T22:23:54.684-0700] {dag.py:2941} INFO - Sync 1 DAGs
[2025-02-17T22:23:54.695-0700] {logging_mixin.py:154} INFO - [2025-02-17T22:23:54.695-0700] {dag.py:3722} INFO - Setting next_dagrun for tutorial_dag to None, run_after=None
[2025-02-17T22:23:54.716-0700] {processor.py:179} INFO - Processing /home/jparep/miniconda3/envs/dbt-env/lib/python3.11/site-packages/airflow/example_dags/tutorial_dag.py took 0.060 seconds
[2025-02-17T22:24:48.009-0700] {processor.py:157} INFO - Started process (PID=152870) to work on /home/jparep/miniconda3/envs/dbt-env/lib/python3.11/site-packages/airflow/example_dags/tutorial_dag.py
[2025-02-17T22:24:48.011-0700] {processor.py:829} INFO - Processing file /home/jparep/miniconda3/envs/dbt-env/lib/python3.11/site-packages/airflow/example_dags/tutorial_dag.py for tasks to queue
[2025-02-17T22:24:48.012-0700] {logging_mixin.py:154} INFO - [2025-02-17T22:24:48.012-0700] {dagbag.py:536} INFO - Filling up the DagBag from /home/jparep/miniconda3/envs/dbt-env/lib/python3.11/site-packages/airflow/example_dags/tutorial_dag.py
[2025-02-17T22:24:48.017-0700] {processor.py:839} INFO - DAG(s) dict_keys(['tutorial_dag']) retrieved from /home/jparep/miniconda3/envs/dbt-env/lib/python3.11/site-packages/airflow/example_dags/tutorial_dag.py
[2025-02-17T22:24:48.041-0700] {logging_mixin.py:154} INFO - [2025-02-17T22:24:48.041-0700] {dag.py:2941} INFO - Sync 1 DAGs
[2025-02-17T22:24:48.055-0700] {logging_mixin.py:154} INFO - [2025-02-17T22:24:48.055-0700] {dag.py:3722} INFO - Setting next_dagrun for tutorial_dag to None, run_after=None
[2025-02-17T22:24:48.074-0700] {processor.py:179} INFO - Processing /home/jparep/miniconda3/envs/dbt-env/lib/python3.11/site-packages/airflow/example_dags/tutorial_dag.py took 0.067 seconds
[2025-02-17T22:25:48.410-0700] {processor.py:157} INFO - Started process (PID=153425) to work on /home/jparep/miniconda3/envs/dbt-env/lib/python3.11/site-packages/airflow/example_dags/tutorial_dag.py
[2025-02-17T22:25:48.413-0700] {processor.py:829} INFO - Processing file /home/jparep/miniconda3/envs/dbt-env/lib/python3.11/site-packages/airflow/example_dags/tutorial_dag.py for tasks to queue
[2025-02-17T22:25:48.414-0700] {logging_mixin.py:154} INFO - [2025-02-17T22:25:48.414-0700] {dagbag.py:536} INFO - Filling up the DagBag from /home/jparep/miniconda3/envs/dbt-env/lib/python3.11/site-packages/airflow/example_dags/tutorial_dag.py
[2025-02-17T22:25:48.423-0700] {processor.py:839} INFO - DAG(s) dict_keys(['tutorial_dag']) retrieved from /home/jparep/miniconda3/envs/dbt-env/lib/python3.11/site-packages/airflow/example_dags/tutorial_dag.py
[2025-02-17T22:25:48.447-0700] {logging_mixin.py:154} INFO - [2025-02-17T22:25:48.446-0700] {dag.py:2941} INFO - Sync 1 DAGs
[2025-02-17T22:25:48.461-0700] {logging_mixin.py:154} INFO - [2025-02-17T22:25:48.461-0700] {dag.py:3722} INFO - Setting next_dagrun for tutorial_dag to None, run_after=None
[2025-02-17T22:25:48.491-0700] {processor.py:179} INFO - Processing /home/jparep/miniconda3/envs/dbt-env/lib/python3.11/site-packages/airflow/example_dags/tutorial_dag.py took 0.085 seconds
[2025-02-17T22:26:39.716-0700] {processor.py:157} INFO - Started process (PID=153937) to work on /home/jparep/miniconda3/envs/dbt-env/lib/python3.11/site-packages/airflow/example_dags/tutorial_dag.py
[2025-02-17T22:26:39.718-0700] {processor.py:829} INFO - Processing file /home/jparep/miniconda3/envs/dbt-env/lib/python3.11/site-packages/airflow/example_dags/tutorial_dag.py for tasks to queue
[2025-02-17T22:26:39.719-0700] {logging_mixin.py:154} INFO - [2025-02-17T22:26:39.719-0700] {dagbag.py:536} INFO - Filling up the DagBag from /home/jparep/miniconda3/envs/dbt-env/lib/python3.11/site-packages/airflow/example_dags/tutorial_dag.py
[2025-02-17T22:26:39.724-0700] {processor.py:839} INFO - DAG(s) dict_keys(['tutorial_dag']) retrieved from /home/jparep/miniconda3/envs/dbt-env/lib/python3.11/site-packages/airflow/example_dags/tutorial_dag.py
[2025-02-17T22:26:39.741-0700] {logging_mixin.py:154} INFO - [2025-02-17T22:26:39.741-0700] {dag.py:2941} INFO - Sync 1 DAGs
[2025-02-17T22:26:39.752-0700] {logging_mixin.py:154} INFO - [2025-02-17T22:26:39.752-0700] {dag.py:3722} INFO - Setting next_dagrun for tutorial_dag to None, run_after=None
[2025-02-17T22:26:39.773-0700] {processor.py:179} INFO - Processing /home/jparep/miniconda3/envs/dbt-env/lib/python3.11/site-packages/airflow/example_dags/tutorial_dag.py took 0.059 seconds
[2025-02-17T22:27:34.740-0700] {processor.py:157} INFO - Started process (PID=154450) to work on /home/jparep/miniconda3/envs/dbt-env/lib/python3.11/site-packages/airflow/example_dags/tutorial_dag.py
[2025-02-17T22:27:34.743-0700] {processor.py:829} INFO - Processing file /home/jparep/miniconda3/envs/dbt-env/lib/python3.11/site-packages/airflow/example_dags/tutorial_dag.py for tasks to queue
[2025-02-17T22:27:34.745-0700] {logging_mixin.py:154} INFO - [2025-02-17T22:27:34.744-0700] {dagbag.py:536} INFO - Filling up the DagBag from /home/jparep/miniconda3/envs/dbt-env/lib/python3.11/site-packages/airflow/example_dags/tutorial_dag.py
[2025-02-17T22:27:34.752-0700] {processor.py:839} INFO - DAG(s) dict_keys(['tutorial_dag']) retrieved from /home/jparep/miniconda3/envs/dbt-env/lib/python3.11/site-packages/airflow/example_dags/tutorial_dag.py
[2025-02-17T22:27:34.777-0700] {logging_mixin.py:154} INFO - [2025-02-17T22:27:34.776-0700] {dag.py:2941} INFO - Sync 1 DAGs
[2025-02-17T22:27:34.790-0700] {logging_mixin.py:154} INFO - [2025-02-17T22:27:34.790-0700] {dag.py:3722} INFO - Setting next_dagrun for tutorial_dag to None, run_after=None
[2025-02-17T22:27:34.822-0700] {processor.py:179} INFO - Processing /home/jparep/miniconda3/envs/dbt-env/lib/python3.11/site-packages/airflow/example_dags/tutorial_dag.py took 0.086 seconds
[2025-02-17T22:28:28.416-0700] {processor.py:157} INFO - Started process (PID=154927) to work on /home/jparep/miniconda3/envs/dbt-env/lib/python3.11/site-packages/airflow/example_dags/tutorial_dag.py
[2025-02-17T22:28:28.418-0700] {processor.py:829} INFO - Processing file /home/jparep/miniconda3/envs/dbt-env/lib/python3.11/site-packages/airflow/example_dags/tutorial_dag.py for tasks to queue
[2025-02-17T22:28:28.420-0700] {logging_mixin.py:154} INFO - [2025-02-17T22:28:28.419-0700] {dagbag.py:536} INFO - Filling up the DagBag from /home/jparep/miniconda3/envs/dbt-env/lib/python3.11/site-packages/airflow/example_dags/tutorial_dag.py
[2025-02-17T22:28:28.429-0700] {processor.py:839} INFO - DAG(s) dict_keys(['tutorial_dag']) retrieved from /home/jparep/miniconda3/envs/dbt-env/lib/python3.11/site-packages/airflow/example_dags/tutorial_dag.py
[2025-02-17T22:28:28.462-0700] {logging_mixin.py:154} INFO - [2025-02-17T22:28:28.462-0700] {dag.py:2941} INFO - Sync 1 DAGs
[2025-02-17T22:28:28.481-0700] {logging_mixin.py:154} INFO - [2025-02-17T22:28:28.481-0700] {dag.py:3722} INFO - Setting next_dagrun for tutorial_dag to None, run_after=None
[2025-02-17T22:28:28.511-0700] {processor.py:179} INFO - Processing /home/jparep/miniconda3/envs/dbt-env/lib/python3.11/site-packages/airflow/example_dags/tutorial_dag.py took 0.101 seconds
[2025-02-17T22:29:11.374-0700] {processor.py:157} INFO - Started process (PID=155087) to work on /home/jparep/miniconda3/envs/dbt-env/lib/python3.11/site-packages/airflow/example_dags/tutorial_dag.py
[2025-02-17T22:29:11.376-0700] {processor.py:829} INFO - Processing file /home/jparep/miniconda3/envs/dbt-env/lib/python3.11/site-packages/airflow/example_dags/tutorial_dag.py for tasks to queue
[2025-02-17T22:29:11.376-0700] {logging_mixin.py:154} INFO - [2025-02-17T22:29:11.376-0700] {dagbag.py:536} INFO - Filling up the DagBag from /home/jparep/miniconda3/envs/dbt-env/lib/python3.11/site-packages/airflow/example_dags/tutorial_dag.py
[2025-02-17T22:29:11.381-0700] {processor.py:839} INFO - DAG(s) dict_keys(['tutorial_dag']) retrieved from /home/jparep/miniconda3/envs/dbt-env/lib/python3.11/site-packages/airflow/example_dags/tutorial_dag.py
[2025-02-17T22:29:11.396-0700] {logging_mixin.py:154} INFO - [2025-02-17T22:29:11.396-0700] {dag.py:2941} INFO - Sync 1 DAGs
[2025-02-17T22:29:11.405-0700] {logging_mixin.py:154} INFO - [2025-02-17T22:29:11.405-0700] {dag.py:3722} INFO - Setting next_dagrun for tutorial_dag to None, run_after=None
[2025-02-17T22:29:11.425-0700] {processor.py:179} INFO - Processing /home/jparep/miniconda3/envs/dbt-env/lib/python3.11/site-packages/airflow/example_dags/tutorial_dag.py took 0.054 seconds
[2025-02-17T22:30:12.050-0700] {processor.py:157} INFO - Started process (PID=155547) to work on /home/jparep/miniconda3/envs/dbt-env/lib/python3.11/site-packages/airflow/example_dags/tutorial_dag.py
[2025-02-17T22:30:12.054-0700] {processor.py:829} INFO - Processing file /home/jparep/miniconda3/envs/dbt-env/lib/python3.11/site-packages/airflow/example_dags/tutorial_dag.py for tasks to queue
[2025-02-17T22:30:12.056-0700] {logging_mixin.py:154} INFO - [2025-02-17T22:30:12.055-0700] {dagbag.py:536} INFO - Filling up the DagBag from /home/jparep/miniconda3/envs/dbt-env/lib/python3.11/site-packages/airflow/example_dags/tutorial_dag.py
[2025-02-17T22:30:12.072-0700] {processor.py:839} INFO - DAG(s) dict_keys(['tutorial_dag']) retrieved from /home/jparep/miniconda3/envs/dbt-env/lib/python3.11/site-packages/airflow/example_dags/tutorial_dag.py
[2025-02-17T22:30:12.098-0700] {logging_mixin.py:154} INFO - [2025-02-17T22:30:12.097-0700] {dag.py:2941} INFO - Sync 1 DAGs
[2025-02-17T22:30:12.113-0700] {logging_mixin.py:154} INFO - [2025-02-17T22:30:12.112-0700] {dag.py:3722} INFO - Setting next_dagrun for tutorial_dag to None, run_after=None
[2025-02-17T22:30:12.150-0700] {processor.py:179} INFO - Processing /home/jparep/miniconda3/envs/dbt-env/lib/python3.11/site-packages/airflow/example_dags/tutorial_dag.py took 0.107 seconds
[2025-02-17T22:31:04.475-0700] {processor.py:157} INFO - Started process (PID=156068) to work on /home/jparep/miniconda3/envs/dbt-env/lib/python3.11/site-packages/airflow/example_dags/tutorial_dag.py
[2025-02-17T22:31:04.477-0700] {processor.py:829} INFO - Processing file /home/jparep/miniconda3/envs/dbt-env/lib/python3.11/site-packages/airflow/example_dags/tutorial_dag.py for tasks to queue
[2025-02-17T22:31:04.478-0700] {logging_mixin.py:154} INFO - [2025-02-17T22:31:04.478-0700] {dagbag.py:536} INFO - Filling up the DagBag from /home/jparep/miniconda3/envs/dbt-env/lib/python3.11/site-packages/airflow/example_dags/tutorial_dag.py
[2025-02-17T22:31:04.487-0700] {processor.py:839} INFO - DAG(s) dict_keys(['tutorial_dag']) retrieved from /home/jparep/miniconda3/envs/dbt-env/lib/python3.11/site-packages/airflow/example_dags/tutorial_dag.py
[2025-02-17T22:31:04.511-0700] {logging_mixin.py:154} INFO - [2025-02-17T22:31:04.511-0700] {dag.py:2941} INFO - Sync 1 DAGs
[2025-02-17T22:31:04.521-0700] {logging_mixin.py:154} INFO - [2025-02-17T22:31:04.521-0700] {dag.py:3722} INFO - Setting next_dagrun for tutorial_dag to None, run_after=None
[2025-02-17T22:31:04.539-0700] {processor.py:179} INFO - Processing /home/jparep/miniconda3/envs/dbt-env/lib/python3.11/site-packages/airflow/example_dags/tutorial_dag.py took 0.069 seconds
[2025-02-17T22:31:46.265-0700] {processor.py:157} INFO - Started process (PID=156535) to work on /home/jparep/miniconda3/envs/dbt-env/lib/python3.11/site-packages/airflow/example_dags/tutorial_dag.py
[2025-02-17T22:31:46.267-0700] {processor.py:829} INFO - Processing file /home/jparep/miniconda3/envs/dbt-env/lib/python3.11/site-packages/airflow/example_dags/tutorial_dag.py for tasks to queue
[2025-02-17T22:31:46.268-0700] {logging_mixin.py:154} INFO - [2025-02-17T22:31:46.268-0700] {dagbag.py:536} INFO - Filling up the DagBag from /home/jparep/miniconda3/envs/dbt-env/lib/python3.11/site-packages/airflow/example_dags/tutorial_dag.py
[2025-02-17T22:31:46.275-0700] {processor.py:839} INFO - DAG(s) dict_keys(['tutorial_dag']) retrieved from /home/jparep/miniconda3/envs/dbt-env/lib/python3.11/site-packages/airflow/example_dags/tutorial_dag.py
[2025-02-17T22:31:46.293-0700] {logging_mixin.py:154} INFO - [2025-02-17T22:31:46.293-0700] {dag.py:2941} INFO - Sync 1 DAGs
[2025-02-17T22:31:46.308-0700] {logging_mixin.py:154} INFO - [2025-02-17T22:31:46.308-0700] {dag.py:3722} INFO - Setting next_dagrun for tutorial_dag to None, run_after=None
[2025-02-17T22:31:46.345-0700] {processor.py:179} INFO - Processing /home/jparep/miniconda3/envs/dbt-env/lib/python3.11/site-packages/airflow/example_dags/tutorial_dag.py took 0.084 seconds
[2025-02-17T22:32:42.999-0700] {processor.py:157} INFO - Started process (PID=156967) to work on /home/jparep/miniconda3/envs/dbt-env/lib/python3.11/site-packages/airflow/example_dags/tutorial_dag.py
[2025-02-17T22:32:43.002-0700] {processor.py:829} INFO - Processing file /home/jparep/miniconda3/envs/dbt-env/lib/python3.11/site-packages/airflow/example_dags/tutorial_dag.py for tasks to queue
[2025-02-17T22:32:43.003-0700] {logging_mixin.py:154} INFO - [2025-02-17T22:32:43.002-0700] {dagbag.py:536} INFO - Filling up the DagBag from /home/jparep/miniconda3/envs/dbt-env/lib/python3.11/site-packages/airflow/example_dags/tutorial_dag.py
[2025-02-17T22:32:43.011-0700] {processor.py:839} INFO - DAG(s) dict_keys(['tutorial_dag']) retrieved from /home/jparep/miniconda3/envs/dbt-env/lib/python3.11/site-packages/airflow/example_dags/tutorial_dag.py
[2025-02-17T22:32:43.036-0700] {logging_mixin.py:154} INFO - [2025-02-17T22:32:43.036-0700] {dag.py:2941} INFO - Sync 1 DAGs
[2025-02-17T22:32:43.051-0700] {logging_mixin.py:154} INFO - [2025-02-17T22:32:43.051-0700] {dag.py:3722} INFO - Setting next_dagrun for tutorial_dag to None, run_after=None
[2025-02-17T22:32:43.082-0700] {processor.py:179} INFO - Processing /home/jparep/miniconda3/envs/dbt-env/lib/python3.11/site-packages/airflow/example_dags/tutorial_dag.py took 0.088 seconds
[2025-02-17T22:33:41.139-0700] {processor.py:157} INFO - Started process (PID=157472) to work on /home/jparep/miniconda3/envs/dbt-env/lib/python3.11/site-packages/airflow/example_dags/tutorial_dag.py
[2025-02-17T22:33:41.141-0700] {processor.py:829} INFO - Processing file /home/jparep/miniconda3/envs/dbt-env/lib/python3.11/site-packages/airflow/example_dags/tutorial_dag.py for tasks to queue
[2025-02-17T22:33:41.143-0700] {logging_mixin.py:154} INFO - [2025-02-17T22:33:41.142-0700] {dagbag.py:536} INFO - Filling up the DagBag from /home/jparep/miniconda3/envs/dbt-env/lib/python3.11/site-packages/airflow/example_dags/tutorial_dag.py
[2025-02-17T22:33:41.153-0700] {processor.py:839} INFO - DAG(s) dict_keys(['tutorial_dag']) retrieved from /home/jparep/miniconda3/envs/dbt-env/lib/python3.11/site-packages/airflow/example_dags/tutorial_dag.py
[2025-02-17T22:33:41.185-0700] {logging_mixin.py:154} INFO - [2025-02-17T22:33:41.184-0700] {dag.py:2941} INFO - Sync 1 DAGs
[2025-02-17T22:33:41.202-0700] {logging_mixin.py:154} INFO - [2025-02-17T22:33:41.202-0700] {dag.py:3722} INFO - Setting next_dagrun for tutorial_dag to None, run_after=None
[2025-02-17T22:33:41.226-0700] {processor.py:179} INFO - Processing /home/jparep/miniconda3/envs/dbt-env/lib/python3.11/site-packages/airflow/example_dags/tutorial_dag.py took 0.092 seconds
[2025-02-17T22:34:33.564-0700] {processor.py:157} INFO - Started process (PID=157699) to work on /home/jparep/miniconda3/envs/dbt-env/lib/python3.11/site-packages/airflow/example_dags/tutorial_dag.py
[2025-02-17T22:34:33.564-0700] {processor.py:829} INFO - Processing file /home/jparep/miniconda3/envs/dbt-env/lib/python3.11/site-packages/airflow/example_dags/tutorial_dag.py for tasks to queue
[2025-02-17T22:34:33.565-0700] {logging_mixin.py:154} INFO - [2025-02-17T22:34:33.565-0700] {dagbag.py:536} INFO - Filling up the DagBag from /home/jparep/miniconda3/envs/dbt-env/lib/python3.11/site-packages/airflow/example_dags/tutorial_dag.py
[2025-02-17T22:34:33.568-0700] {processor.py:839} INFO - DAG(s) dict_keys(['tutorial_dag']) retrieved from /home/jparep/miniconda3/envs/dbt-env/lib/python3.11/site-packages/airflow/example_dags/tutorial_dag.py
[2025-02-17T22:34:33.577-0700] {logging_mixin.py:154} INFO - [2025-02-17T22:34:33.577-0700] {dag.py:2941} INFO - Sync 1 DAGs
[2025-02-17T22:34:33.583-0700] {logging_mixin.py:154} INFO - [2025-02-17T22:34:33.583-0700] {dag.py:3722} INFO - Setting next_dagrun for tutorial_dag to None, run_after=None
[2025-02-17T22:34:33.594-0700] {processor.py:179} INFO - Processing /home/jparep/miniconda3/envs/dbt-env/lib/python3.11/site-packages/airflow/example_dags/tutorial_dag.py took 0.032 seconds
[2025-02-17T22:35:26.381-0700] {processor.py:157} INFO - Started process (PID=158154) to work on /home/jparep/miniconda3/envs/dbt-env/lib/python3.11/site-packages/airflow/example_dags/tutorial_dag.py
[2025-02-17T22:35:26.383-0700] {processor.py:829} INFO - Processing file /home/jparep/miniconda3/envs/dbt-env/lib/python3.11/site-packages/airflow/example_dags/tutorial_dag.py for tasks to queue
[2025-02-17T22:35:26.384-0700] {logging_mixin.py:154} INFO - [2025-02-17T22:35:26.384-0700] {dagbag.py:536} INFO - Filling up the DagBag from /home/jparep/miniconda3/envs/dbt-env/lib/python3.11/site-packages/airflow/example_dags/tutorial_dag.py
[2025-02-17T22:35:26.392-0700] {processor.py:839} INFO - DAG(s) dict_keys(['tutorial_dag']) retrieved from /home/jparep/miniconda3/envs/dbt-env/lib/python3.11/site-packages/airflow/example_dags/tutorial_dag.py
[2025-02-17T22:35:26.412-0700] {logging_mixin.py:154} INFO - [2025-02-17T22:35:26.412-0700] {dag.py:2941} INFO - Sync 1 DAGs
[2025-02-17T22:35:26.420-0700] {logging_mixin.py:154} INFO - [2025-02-17T22:35:26.420-0700] {dag.py:3722} INFO - Setting next_dagrun for tutorial_dag to None, run_after=None
[2025-02-17T22:35:26.442-0700] {processor.py:179} INFO - Processing /home/jparep/miniconda3/envs/dbt-env/lib/python3.11/site-packages/airflow/example_dags/tutorial_dag.py took 0.065 seconds
[2025-02-17T22:36:27.795-0700] {processor.py:157} INFO - Started process (PID=158715) to work on /home/jparep/miniconda3/envs/dbt-env/lib/python3.11/site-packages/airflow/example_dags/tutorial_dag.py
[2025-02-17T22:36:27.797-0700] {processor.py:829} INFO - Processing file /home/jparep/miniconda3/envs/dbt-env/lib/python3.11/site-packages/airflow/example_dags/tutorial_dag.py for tasks to queue
[2025-02-17T22:36:27.797-0700] {logging_mixin.py:154} INFO - [2025-02-17T22:36:27.797-0700] {dagbag.py:536} INFO - Filling up the DagBag from /home/jparep/miniconda3/envs/dbt-env/lib/python3.11/site-packages/airflow/example_dags/tutorial_dag.py
[2025-02-17T22:36:27.803-0700] {processor.py:839} INFO - DAG(s) dict_keys(['tutorial_dag']) retrieved from /home/jparep/miniconda3/envs/dbt-env/lib/python3.11/site-packages/airflow/example_dags/tutorial_dag.py
[2025-02-17T22:36:27.816-0700] {logging_mixin.py:154} INFO - [2025-02-17T22:36:27.816-0700] {dag.py:2941} INFO - Sync 1 DAGs
[2025-02-17T22:36:27.824-0700] {logging_mixin.py:154} INFO - [2025-02-17T22:36:27.824-0700] {dag.py:3722} INFO - Setting next_dagrun for tutorial_dag to None, run_after=None
[2025-02-17T22:36:27.840-0700] {processor.py:179} INFO - Processing /home/jparep/miniconda3/envs/dbt-env/lib/python3.11/site-packages/airflow/example_dags/tutorial_dag.py took 0.049 seconds
[2025-02-17T22:37:07.722-0700] {processor.py:157} INFO - Started process (PID=159146) to work on /home/jparep/miniconda3/envs/dbt-env/lib/python3.11/site-packages/airflow/example_dags/tutorial_dag.py
[2025-02-17T22:37:07.725-0700] {processor.py:829} INFO - Processing file /home/jparep/miniconda3/envs/dbt-env/lib/python3.11/site-packages/airflow/example_dags/tutorial_dag.py for tasks to queue
[2025-02-17T22:37:07.727-0700] {logging_mixin.py:154} INFO - [2025-02-17T22:37:07.726-0700] {dagbag.py:536} INFO - Filling up the DagBag from /home/jparep/miniconda3/envs/dbt-env/lib/python3.11/site-packages/airflow/example_dags/tutorial_dag.py
[2025-02-17T22:37:07.735-0700] {processor.py:839} INFO - DAG(s) dict_keys(['tutorial_dag']) retrieved from /home/jparep/miniconda3/envs/dbt-env/lib/python3.11/site-packages/airflow/example_dags/tutorial_dag.py
[2025-02-17T22:37:07.760-0700] {logging_mixin.py:154} INFO - [2025-02-17T22:37:07.760-0700] {dag.py:2941} INFO - Sync 1 DAGs
[2025-02-17T22:37:07.775-0700] {logging_mixin.py:154} INFO - [2025-02-17T22:37:07.775-0700] {dag.py:3722} INFO - Setting next_dagrun for tutorial_dag to None, run_after=None
[2025-02-17T22:37:07.806-0700] {processor.py:179} INFO - Processing /home/jparep/miniconda3/envs/dbt-env/lib/python3.11/site-packages/airflow/example_dags/tutorial_dag.py took 0.089 seconds
[2025-02-17T22:38:00.112-0700] {processor.py:157} INFO - Started process (PID=160302) to work on /home/jparep/miniconda3/envs/dbt-env/lib/python3.11/site-packages/airflow/example_dags/tutorial_dag.py
[2025-02-17T22:38:00.115-0700] {processor.py:829} INFO - Processing file /home/jparep/miniconda3/envs/dbt-env/lib/python3.11/site-packages/airflow/example_dags/tutorial_dag.py for tasks to queue
[2025-02-17T22:38:00.116-0700] {logging_mixin.py:154} INFO - [2025-02-17T22:38:00.116-0700] {dagbag.py:536} INFO - Filling up the DagBag from /home/jparep/miniconda3/envs/dbt-env/lib/python3.11/site-packages/airflow/example_dags/tutorial_dag.py
[2025-02-17T22:38:00.125-0700] {processor.py:839} INFO - DAG(s) dict_keys(['tutorial_dag']) retrieved from /home/jparep/miniconda3/envs/dbt-env/lib/python3.11/site-packages/airflow/example_dags/tutorial_dag.py
[2025-02-17T22:38:00.139-0700] {logging_mixin.py:154} INFO - [2025-02-17T22:38:00.139-0700] {dag.py:2941} INFO - Sync 1 DAGs
[2025-02-17T22:38:00.147-0700] {logging_mixin.py:154} INFO - [2025-02-17T22:38:00.147-0700] {dag.py:3722} INFO - Setting next_dagrun for tutorial_dag to None, run_after=None
[2025-02-17T22:38:00.164-0700] {processor.py:179} INFO - Processing /home/jparep/miniconda3/envs/dbt-env/lib/python3.11/site-packages/airflow/example_dags/tutorial_dag.py took 0.057 seconds
[2025-02-17T22:38:54.963-0700] {processor.py:157} INFO - Started process (PID=160839) to work on /home/jparep/miniconda3/envs/dbt-env/lib/python3.11/site-packages/airflow/example_dags/tutorial_dag.py
[2025-02-17T22:38:54.966-0700] {processor.py:829} INFO - Processing file /home/jparep/miniconda3/envs/dbt-env/lib/python3.11/site-packages/airflow/example_dags/tutorial_dag.py for tasks to queue
[2025-02-17T22:38:54.967-0700] {logging_mixin.py:154} INFO - [2025-02-17T22:38:54.967-0700] {dagbag.py:536} INFO - Filling up the DagBag from /home/jparep/miniconda3/envs/dbt-env/lib/python3.11/site-packages/airflow/example_dags/tutorial_dag.py
[2025-02-17T22:38:54.978-0700] {processor.py:839} INFO - DAG(s) dict_keys(['tutorial_dag']) retrieved from /home/jparep/miniconda3/envs/dbt-env/lib/python3.11/site-packages/airflow/example_dags/tutorial_dag.py
[2025-02-17T22:38:55.016-0700] {logging_mixin.py:154} INFO - [2025-02-17T22:38:55.016-0700] {dag.py:2941} INFO - Sync 1 DAGs
[2025-02-17T22:38:55.036-0700] {logging_mixin.py:154} INFO - [2025-02-17T22:38:55.036-0700] {dag.py:3722} INFO - Setting next_dagrun for tutorial_dag to None, run_after=None
[2025-02-17T22:38:55.065-0700] {processor.py:179} INFO - Processing /home/jparep/miniconda3/envs/dbt-env/lib/python3.11/site-packages/airflow/example_dags/tutorial_dag.py took 0.106 seconds
[2025-02-17T22:39:47.874-0700] {processor.py:157} INFO - Started process (PID=161263) to work on /home/jparep/miniconda3/envs/dbt-env/lib/python3.11/site-packages/airflow/example_dags/tutorial_dag.py
[2025-02-17T22:39:47.876-0700] {processor.py:829} INFO - Processing file /home/jparep/miniconda3/envs/dbt-env/lib/python3.11/site-packages/airflow/example_dags/tutorial_dag.py for tasks to queue
[2025-02-17T22:39:47.877-0700] {logging_mixin.py:154} INFO - [2025-02-17T22:39:47.876-0700] {dagbag.py:536} INFO - Filling up the DagBag from /home/jparep/miniconda3/envs/dbt-env/lib/python3.11/site-packages/airflow/example_dags/tutorial_dag.py
[2025-02-17T22:39:47.883-0700] {processor.py:839} INFO - DAG(s) dict_keys(['tutorial_dag']) retrieved from /home/jparep/miniconda3/envs/dbt-env/lib/python3.11/site-packages/airflow/example_dags/tutorial_dag.py
[2025-02-17T22:39:47.898-0700] {logging_mixin.py:154} INFO - [2025-02-17T22:39:47.898-0700] {dag.py:2941} INFO - Sync 1 DAGs
[2025-02-17T22:39:47.906-0700] {logging_mixin.py:154} INFO - [2025-02-17T22:39:47.906-0700] {dag.py:3722} INFO - Setting next_dagrun for tutorial_dag to None, run_after=None
[2025-02-17T22:39:47.924-0700] {processor.py:179} INFO - Processing /home/jparep/miniconda3/envs/dbt-env/lib/python3.11/site-packages/airflow/example_dags/tutorial_dag.py took 0.054 seconds
[2025-02-17T22:40:45.074-0700] {processor.py:157} INFO - Started process (PID=161791) to work on /home/jparep/miniconda3/envs/dbt-env/lib/python3.11/site-packages/airflow/example_dags/tutorial_dag.py
[2025-02-17T22:40:45.076-0700] {processor.py:829} INFO - Processing file /home/jparep/miniconda3/envs/dbt-env/lib/python3.11/site-packages/airflow/example_dags/tutorial_dag.py for tasks to queue
[2025-02-17T22:40:45.077-0700] {logging_mixin.py:154} INFO - [2025-02-17T22:40:45.076-0700] {dagbag.py:536} INFO - Filling up the DagBag from /home/jparep/miniconda3/envs/dbt-env/lib/python3.11/site-packages/airflow/example_dags/tutorial_dag.py
[2025-02-17T22:40:45.081-0700] {processor.py:839} INFO - DAG(s) dict_keys(['tutorial_dag']) retrieved from /home/jparep/miniconda3/envs/dbt-env/lib/python3.11/site-packages/airflow/example_dags/tutorial_dag.py
[2025-02-17T22:40:45.098-0700] {logging_mixin.py:154} INFO - [2025-02-17T22:40:45.098-0700] {dag.py:2941} INFO - Sync 1 DAGs
[2025-02-17T22:40:45.107-0700] {logging_mixin.py:154} INFO - [2025-02-17T22:40:45.106-0700] {dag.py:3722} INFO - Setting next_dagrun for tutorial_dag to None, run_after=None
[2025-02-17T22:40:45.124-0700] {processor.py:179} INFO - Processing /home/jparep/miniconda3/envs/dbt-env/lib/python3.11/site-packages/airflow/example_dags/tutorial_dag.py took 0.053 seconds
[2025-02-17T22:41:43.902-0700] {processor.py:157} INFO - Started process (PID=162248) to work on /home/jparep/miniconda3/envs/dbt-env/lib/python3.11/site-packages/airflow/example_dags/tutorial_dag.py
[2025-02-17T22:41:43.905-0700] {processor.py:829} INFO - Processing file /home/jparep/miniconda3/envs/dbt-env/lib/python3.11/site-packages/airflow/example_dags/tutorial_dag.py for tasks to queue
[2025-02-17T22:41:43.906-0700] {logging_mixin.py:154} INFO - [2025-02-17T22:41:43.905-0700] {dagbag.py:536} INFO - Filling up the DagBag from /home/jparep/miniconda3/envs/dbt-env/lib/python3.11/site-packages/airflow/example_dags/tutorial_dag.py
[2025-02-17T22:41:43.914-0700] {processor.py:839} INFO - DAG(s) dict_keys(['tutorial_dag']) retrieved from /home/jparep/miniconda3/envs/dbt-env/lib/python3.11/site-packages/airflow/example_dags/tutorial_dag.py
[2025-02-17T22:41:43.938-0700] {logging_mixin.py:154} INFO - [2025-02-17T22:41:43.938-0700] {dag.py:2941} INFO - Sync 1 DAGs
[2025-02-17T22:41:43.952-0700] {logging_mixin.py:154} INFO - [2025-02-17T22:41:43.952-0700] {dag.py:3722} INFO - Setting next_dagrun for tutorial_dag to None, run_after=None
[2025-02-17T22:41:43.972-0700] {processor.py:179} INFO - Processing /home/jparep/miniconda3/envs/dbt-env/lib/python3.11/site-packages/airflow/example_dags/tutorial_dag.py took 0.074 seconds
