[2025-02-17T22:15:49.522-0700] {processor.py:157} INFO - Started process (PID=148440) to work on /home/jparep/miniconda3/envs/dbt-env/lib/python3.11/site-packages/airflow/example_dags/tutorial_taskflow_api.py
[2025-02-17T22:15:49.523-0700] {processor.py:829} INFO - Processing file /home/jparep/miniconda3/envs/dbt-env/lib/python3.11/site-packages/airflow/example_dags/tutorial_taskflow_api.py for tasks to queue
[2025-02-17T22:15:49.524-0700] {logging_mixin.py:154} INFO - [2025-02-17T22:15:49.524-0700] {dagbag.py:536} INFO - Filling up the DagBag from /home/jparep/miniconda3/envs/dbt-env/lib/python3.11/site-packages/airflow/example_dags/tutorial_taskflow_api.py
[2025-02-17T22:15:49.534-0700] {processor.py:839} INFO - DAG(s) dict_keys(['tutorial_taskflow_api']) retrieved from /home/jparep/miniconda3/envs/dbt-env/lib/python3.11/site-packages/airflow/example_dags/tutorial_taskflow_api.py
[2025-02-17T22:15:49.790-0700] {logging_mixin.py:154} INFO - [2025-02-17T22:15:49.790-0700] {manager.py:499} INFO - Created Permission View: %s
[2025-02-17T22:15:49.806-0700] {logging_mixin.py:154} INFO - [2025-02-17T22:15:49.806-0700] {manager.py:499} INFO - Created Permission View: %s
[2025-02-17T22:15:49.822-0700] {logging_mixin.py:154} INFO - [2025-02-17T22:15:49.821-0700] {manager.py:499} INFO - Created Permission View: %s
[2025-02-17T22:15:49.822-0700] {logging_mixin.py:154} INFO - [2025-02-17T22:15:49.822-0700] {dag.py:2941} INFO - Sync 1 DAGs
[2025-02-17T22:15:49.842-0700] {logging_mixin.py:154} INFO - [2025-02-17T22:15:49.842-0700] {dag.py:2963} INFO - Creating ORM DAG for tutorial_taskflow_api
[2025-02-17T22:15:49.844-0700] {logging_mixin.py:154} INFO - [2025-02-17T22:15:49.843-0700] {dag.py:3722} INFO - Setting next_dagrun for tutorial_taskflow_api to None, run_after=None
[2025-02-17T22:15:49.884-0700] {processor.py:179} INFO - Processing /home/jparep/miniconda3/envs/dbt-env/lib/python3.11/site-packages/airflow/example_dags/tutorial_taskflow_api.py took 0.369 seconds
[2025-02-17T22:16:46.374-0700] {processor.py:157} INFO - Started process (PID=148813) to work on /home/jparep/miniconda3/envs/dbt-env/lib/python3.11/site-packages/airflow/example_dags/tutorial_taskflow_api.py
[2025-02-17T22:16:46.377-0700] {processor.py:829} INFO - Processing file /home/jparep/miniconda3/envs/dbt-env/lib/python3.11/site-packages/airflow/example_dags/tutorial_taskflow_api.py for tasks to queue
[2025-02-17T22:16:46.378-0700] {logging_mixin.py:154} INFO - [2025-02-17T22:16:46.378-0700] {dagbag.py:536} INFO - Filling up the DagBag from /home/jparep/miniconda3/envs/dbt-env/lib/python3.11/site-packages/airflow/example_dags/tutorial_taskflow_api.py
[2025-02-17T22:16:46.388-0700] {processor.py:839} INFO - DAG(s) dict_keys(['tutorial_taskflow_api']) retrieved from /home/jparep/miniconda3/envs/dbt-env/lib/python3.11/site-packages/airflow/example_dags/tutorial_taskflow_api.py
[2025-02-17T22:16:46.410-0700] {logging_mixin.py:154} INFO - [2025-02-17T22:16:46.410-0700] {dag.py:2941} INFO - Sync 1 DAGs
[2025-02-17T22:16:46.423-0700] {logging_mixin.py:154} INFO - [2025-02-17T22:16:46.422-0700] {dag.py:3722} INFO - Setting next_dagrun for tutorial_taskflow_api to None, run_after=None
[2025-02-17T22:16:46.576-0700] {processor.py:179} INFO - Processing /home/jparep/miniconda3/envs/dbt-env/lib/python3.11/site-packages/airflow/example_dags/tutorial_taskflow_api.py took 0.205 seconds
[2025-02-17T22:17:34.240-0700] {processor.py:157} INFO - Started process (PID=149259) to work on /home/jparep/miniconda3/envs/dbt-env/lib/python3.11/site-packages/airflow/example_dags/tutorial_taskflow_api.py
[2025-02-17T22:17:34.242-0700] {processor.py:829} INFO - Processing file /home/jparep/miniconda3/envs/dbt-env/lib/python3.11/site-packages/airflow/example_dags/tutorial_taskflow_api.py for tasks to queue
[2025-02-17T22:17:34.243-0700] {logging_mixin.py:154} INFO - [2025-02-17T22:17:34.243-0700] {dagbag.py:536} INFO - Filling up the DagBag from /home/jparep/miniconda3/envs/dbt-env/lib/python3.11/site-packages/airflow/example_dags/tutorial_taskflow_api.py
[2025-02-17T22:17:34.249-0700] {processor.py:839} INFO - DAG(s) dict_keys(['tutorial_taskflow_api']) retrieved from /home/jparep/miniconda3/envs/dbt-env/lib/python3.11/site-packages/airflow/example_dags/tutorial_taskflow_api.py
[2025-02-17T22:17:34.346-0700] {logging_mixin.py:154} INFO - [2025-02-17T22:17:34.346-0700] {dag.py:2941} INFO - Sync 1 DAGs
[2025-02-17T22:17:34.354-0700] {logging_mixin.py:154} INFO - [2025-02-17T22:17:34.354-0700] {dag.py:3722} INFO - Setting next_dagrun for tutorial_taskflow_api to None, run_after=None
[2025-02-17T22:17:34.374-0700] {processor.py:179} INFO - Processing /home/jparep/miniconda3/envs/dbt-env/lib/python3.11/site-packages/airflow/example_dags/tutorial_taskflow_api.py took 0.139 seconds
[2025-02-17T22:18:20.629-0700] {processor.py:157} INFO - Started process (PID=149548) to work on /home/jparep/miniconda3/envs/dbt-env/lib/python3.11/site-packages/airflow/example_dags/tutorial_taskflow_api.py
[2025-02-17T22:18:20.631-0700] {processor.py:829} INFO - Processing file /home/jparep/miniconda3/envs/dbt-env/lib/python3.11/site-packages/airflow/example_dags/tutorial_taskflow_api.py for tasks to queue
[2025-02-17T22:18:20.632-0700] {logging_mixin.py:154} INFO - [2025-02-17T22:18:20.631-0700] {dagbag.py:536} INFO - Filling up the DagBag from /home/jparep/miniconda3/envs/dbt-env/lib/python3.11/site-packages/airflow/example_dags/tutorial_taskflow_api.py
[2025-02-17T22:18:20.638-0700] {processor.py:839} INFO - DAG(s) dict_keys(['tutorial_taskflow_api']) retrieved from /home/jparep/miniconda3/envs/dbt-env/lib/python3.11/site-packages/airflow/example_dags/tutorial_taskflow_api.py
[2025-02-17T22:18:20.654-0700] {logging_mixin.py:154} INFO - [2025-02-17T22:18:20.654-0700] {dag.py:2941} INFO - Sync 1 DAGs
[2025-02-17T22:18:20.664-0700] {logging_mixin.py:154} INFO - [2025-02-17T22:18:20.664-0700] {dag.py:3722} INFO - Setting next_dagrun for tutorial_taskflow_api to None, run_after=None
[2025-02-17T22:18:20.691-0700] {processor.py:179} INFO - Processing /home/jparep/miniconda3/envs/dbt-env/lib/python3.11/site-packages/airflow/example_dags/tutorial_taskflow_api.py took 0.066 seconds
[2025-02-17T22:18:57.484-0700] {processor.py:157} INFO - Started process (PID=149957) to work on /home/jparep/miniconda3/envs/dbt-env/lib/python3.11/site-packages/airflow/example_dags/tutorial_taskflow_api.py
[2025-02-17T22:18:57.489-0700] {processor.py:829} INFO - Processing file /home/jparep/miniconda3/envs/dbt-env/lib/python3.11/site-packages/airflow/example_dags/tutorial_taskflow_api.py for tasks to queue
[2025-02-17T22:18:57.490-0700] {logging_mixin.py:154} INFO - [2025-02-17T22:18:57.489-0700] {dagbag.py:536} INFO - Filling up the DagBag from /home/jparep/miniconda3/envs/dbt-env/lib/python3.11/site-packages/airflow/example_dags/tutorial_taskflow_api.py
[2025-02-17T22:18:57.504-0700] {processor.py:839} INFO - DAG(s) dict_keys(['tutorial_taskflow_api']) retrieved from /home/jparep/miniconda3/envs/dbt-env/lib/python3.11/site-packages/airflow/example_dags/tutorial_taskflow_api.py
[2025-02-17T22:18:57.528-0700] {logging_mixin.py:154} INFO - [2025-02-17T22:18:57.528-0700] {dag.py:2941} INFO - Sync 1 DAGs
[2025-02-17T22:18:57.541-0700] {logging_mixin.py:154} INFO - [2025-02-17T22:18:57.541-0700] {dag.py:3722} INFO - Setting next_dagrun for tutorial_taskflow_api to None, run_after=None
[2025-02-17T22:18:57.567-0700] {processor.py:179} INFO - Processing /home/jparep/miniconda3/envs/dbt-env/lib/python3.11/site-packages/airflow/example_dags/tutorial_taskflow_api.py took 0.090 seconds
[2025-02-17T22:19:46.130-0700] {processor.py:157} INFO - Started process (PID=150452) to work on /home/jparep/miniconda3/envs/dbt-env/lib/python3.11/site-packages/airflow/example_dags/tutorial_taskflow_api.py
[2025-02-17T22:19:46.133-0700] {processor.py:829} INFO - Processing file /home/jparep/miniconda3/envs/dbt-env/lib/python3.11/site-packages/airflow/example_dags/tutorial_taskflow_api.py for tasks to queue
[2025-02-17T22:19:46.134-0700] {logging_mixin.py:154} INFO - [2025-02-17T22:19:46.134-0700] {dagbag.py:536} INFO - Filling up the DagBag from /home/jparep/miniconda3/envs/dbt-env/lib/python3.11/site-packages/airflow/example_dags/tutorial_taskflow_api.py
[2025-02-17T22:19:46.144-0700] {processor.py:839} INFO - DAG(s) dict_keys(['tutorial_taskflow_api']) retrieved from /home/jparep/miniconda3/envs/dbt-env/lib/python3.11/site-packages/airflow/example_dags/tutorial_taskflow_api.py
[2025-02-17T22:19:46.166-0700] {logging_mixin.py:154} INFO - [2025-02-17T22:19:46.166-0700] {dag.py:2941} INFO - Sync 1 DAGs
[2025-02-17T22:19:46.180-0700] {logging_mixin.py:154} INFO - [2025-02-17T22:19:46.180-0700] {dag.py:3722} INFO - Setting next_dagrun for tutorial_taskflow_api to None, run_after=None
[2025-02-17T22:19:46.208-0700] {processor.py:179} INFO - Processing /home/jparep/miniconda3/envs/dbt-env/lib/python3.11/site-packages/airflow/example_dags/tutorial_taskflow_api.py took 0.082 seconds
[2025-02-17T22:20:24.886-0700] {processor.py:157} INFO - Started process (PID=150693) to work on /home/jparep/miniconda3/envs/dbt-env/lib/python3.11/site-packages/airflow/example_dags/tutorial_taskflow_api.py
[2025-02-17T22:20:24.889-0700] {processor.py:829} INFO - Processing file /home/jparep/miniconda3/envs/dbt-env/lib/python3.11/site-packages/airflow/example_dags/tutorial_taskflow_api.py for tasks to queue
[2025-02-17T22:20:24.890-0700] {logging_mixin.py:154} INFO - [2025-02-17T22:20:24.890-0700] {dagbag.py:536} INFO - Filling up the DagBag from /home/jparep/miniconda3/envs/dbt-env/lib/python3.11/site-packages/airflow/example_dags/tutorial_taskflow_api.py
[2025-02-17T22:20:24.900-0700] {processor.py:839} INFO - DAG(s) dict_keys(['tutorial_taskflow_api']) retrieved from /home/jparep/miniconda3/envs/dbt-env/lib/python3.11/site-packages/airflow/example_dags/tutorial_taskflow_api.py
[2025-02-17T22:20:24.923-0700] {logging_mixin.py:154} INFO - [2025-02-17T22:20:24.923-0700] {dag.py:2941} INFO - Sync 1 DAGs
[2025-02-17T22:20:24.935-0700] {logging_mixin.py:154} INFO - [2025-02-17T22:20:24.935-0700] {dag.py:3722} INFO - Setting next_dagrun for tutorial_taskflow_api to None, run_after=None
[2025-02-17T22:20:24.958-0700] {processor.py:179} INFO - Processing /home/jparep/miniconda3/envs/dbt-env/lib/python3.11/site-packages/airflow/example_dags/tutorial_taskflow_api.py took 0.076 seconds
[2025-02-17T22:21:04.432-0700] {processor.py:157} INFO - Started process (PID=151125) to work on /home/jparep/miniconda3/envs/dbt-env/lib/python3.11/site-packages/airflow/example_dags/tutorial_taskflow_api.py
[2025-02-17T22:21:04.434-0700] {processor.py:829} INFO - Processing file /home/jparep/miniconda3/envs/dbt-env/lib/python3.11/site-packages/airflow/example_dags/tutorial_taskflow_api.py for tasks to queue
[2025-02-17T22:21:04.435-0700] {logging_mixin.py:154} INFO - [2025-02-17T22:21:04.435-0700] {dagbag.py:536} INFO - Filling up the DagBag from /home/jparep/miniconda3/envs/dbt-env/lib/python3.11/site-packages/airflow/example_dags/tutorial_taskflow_api.py
[2025-02-17T22:21:04.444-0700] {processor.py:839} INFO - DAG(s) dict_keys(['tutorial_taskflow_api']) retrieved from /home/jparep/miniconda3/envs/dbt-env/lib/python3.11/site-packages/airflow/example_dags/tutorial_taskflow_api.py
[2025-02-17T22:21:04.460-0700] {logging_mixin.py:154} INFO - [2025-02-17T22:21:04.460-0700] {dag.py:2941} INFO - Sync 1 DAGs
[2025-02-17T22:21:04.472-0700] {logging_mixin.py:154} INFO - [2025-02-17T22:21:04.472-0700] {dag.py:3722} INFO - Setting next_dagrun for tutorial_taskflow_api to None, run_after=None
[2025-02-17T22:21:04.501-0700] {processor.py:179} INFO - Processing /home/jparep/miniconda3/envs/dbt-env/lib/python3.11/site-packages/airflow/example_dags/tutorial_taskflow_api.py took 0.074 seconds
[2025-02-17T22:21:39.922-0700] {processor.py:157} INFO - Started process (PID=151355) to work on /home/jparep/miniconda3/envs/dbt-env/lib/python3.11/site-packages/airflow/example_dags/tutorial_taskflow_api.py
[2025-02-17T22:21:39.925-0700] {processor.py:829} INFO - Processing file /home/jparep/miniconda3/envs/dbt-env/lib/python3.11/site-packages/airflow/example_dags/tutorial_taskflow_api.py for tasks to queue
[2025-02-17T22:21:39.926-0700] {logging_mixin.py:154} INFO - [2025-02-17T22:21:39.925-0700] {dagbag.py:536} INFO - Filling up the DagBag from /home/jparep/miniconda3/envs/dbt-env/lib/python3.11/site-packages/airflow/example_dags/tutorial_taskflow_api.py
[2025-02-17T22:21:39.936-0700] {processor.py:839} INFO - DAG(s) dict_keys(['tutorial_taskflow_api']) retrieved from /home/jparep/miniconda3/envs/dbt-env/lib/python3.11/site-packages/airflow/example_dags/tutorial_taskflow_api.py
[2025-02-17T22:21:39.958-0700] {logging_mixin.py:154} INFO - [2025-02-17T22:21:39.958-0700] {dag.py:2941} INFO - Sync 1 DAGs
[2025-02-17T22:21:39.969-0700] {logging_mixin.py:154} INFO - [2025-02-17T22:21:39.969-0700] {dag.py:3722} INFO - Setting next_dagrun for tutorial_taskflow_api to None, run_after=None
[2025-02-17T22:21:39.994-0700] {processor.py:179} INFO - Processing /home/jparep/miniconda3/envs/dbt-env/lib/python3.11/site-packages/airflow/example_dags/tutorial_taskflow_api.py took 0.077 seconds
[2025-02-17T22:22:19.150-0700] {processor.py:157} INFO - Started process (PID=151677) to work on /home/jparep/miniconda3/envs/dbt-env/lib/python3.11/site-packages/airflow/example_dags/tutorial_taskflow_api.py
[2025-02-17T22:22:19.153-0700] {processor.py:829} INFO - Processing file /home/jparep/miniconda3/envs/dbt-env/lib/python3.11/site-packages/airflow/example_dags/tutorial_taskflow_api.py for tasks to queue
[2025-02-17T22:22:19.154-0700] {logging_mixin.py:154} INFO - [2025-02-17T22:22:19.153-0700] {dagbag.py:536} INFO - Filling up the DagBag from /home/jparep/miniconda3/envs/dbt-env/lib/python3.11/site-packages/airflow/example_dags/tutorial_taskflow_api.py
[2025-02-17T22:22:19.163-0700] {processor.py:839} INFO - DAG(s) dict_keys(['tutorial_taskflow_api']) retrieved from /home/jparep/miniconda3/envs/dbt-env/lib/python3.11/site-packages/airflow/example_dags/tutorial_taskflow_api.py
[2025-02-17T22:22:19.185-0700] {logging_mixin.py:154} INFO - [2025-02-17T22:22:19.185-0700] {dag.py:2941} INFO - Sync 1 DAGs
[2025-02-17T22:22:19.199-0700] {logging_mixin.py:154} INFO - [2025-02-17T22:22:19.199-0700] {dag.py:3722} INFO - Setting next_dagrun for tutorial_taskflow_api to None, run_after=None
[2025-02-17T22:22:19.227-0700] {processor.py:179} INFO - Processing /home/jparep/miniconda3/envs/dbt-env/lib/python3.11/site-packages/airflow/example_dags/tutorial_taskflow_api.py took 0.082 seconds
[2025-02-17T22:23:10.120-0700] {processor.py:157} INFO - Started process (PID=152073) to work on /home/jparep/miniconda3/envs/dbt-env/lib/python3.11/site-packages/airflow/example_dags/tutorial_taskflow_api.py
[2025-02-17T22:23:10.123-0700] {processor.py:829} INFO - Processing file /home/jparep/miniconda3/envs/dbt-env/lib/python3.11/site-packages/airflow/example_dags/tutorial_taskflow_api.py for tasks to queue
[2025-02-17T22:23:10.124-0700] {logging_mixin.py:154} INFO - [2025-02-17T22:23:10.124-0700] {dagbag.py:536} INFO - Filling up the DagBag from /home/jparep/miniconda3/envs/dbt-env/lib/python3.11/site-packages/airflow/example_dags/tutorial_taskflow_api.py
[2025-02-17T22:23:10.133-0700] {processor.py:839} INFO - DAG(s) dict_keys(['tutorial_taskflow_api']) retrieved from /home/jparep/miniconda3/envs/dbt-env/lib/python3.11/site-packages/airflow/example_dags/tutorial_taskflow_api.py
[2025-02-17T22:23:10.154-0700] {logging_mixin.py:154} INFO - [2025-02-17T22:23:10.154-0700] {dag.py:2941} INFO - Sync 1 DAGs
[2025-02-17T22:23:10.166-0700] {logging_mixin.py:154} INFO - [2025-02-17T22:23:10.166-0700] {dag.py:3722} INFO - Setting next_dagrun for tutorial_taskflow_api to None, run_after=None
[2025-02-17T22:23:10.186-0700] {processor.py:179} INFO - Processing /home/jparep/miniconda3/envs/dbt-env/lib/python3.11/site-packages/airflow/example_dags/tutorial_taskflow_api.py took 0.069 seconds
[2025-02-17T22:23:45.982-0700] {processor.py:157} INFO - Started process (PID=152300) to work on /home/jparep/miniconda3/envs/dbt-env/lib/python3.11/site-packages/airflow/example_dags/tutorial_taskflow_api.py
[2025-02-17T22:23:45.985-0700] {processor.py:829} INFO - Processing file /home/jparep/miniconda3/envs/dbt-env/lib/python3.11/site-packages/airflow/example_dags/tutorial_taskflow_api.py for tasks to queue
[2025-02-17T22:23:45.986-0700] {logging_mixin.py:154} INFO - [2025-02-17T22:23:45.986-0700] {dagbag.py:536} INFO - Filling up the DagBag from /home/jparep/miniconda3/envs/dbt-env/lib/python3.11/site-packages/airflow/example_dags/tutorial_taskflow_api.py
[2025-02-17T22:23:45.997-0700] {processor.py:839} INFO - DAG(s) dict_keys(['tutorial_taskflow_api']) retrieved from /home/jparep/miniconda3/envs/dbt-env/lib/python3.11/site-packages/airflow/example_dags/tutorial_taskflow_api.py
[2025-02-17T22:23:46.021-0700] {logging_mixin.py:154} INFO - [2025-02-17T22:23:46.020-0700] {dag.py:2941} INFO - Sync 1 DAGs
[2025-02-17T22:23:46.038-0700] {logging_mixin.py:154} INFO - [2025-02-17T22:23:46.038-0700] {dag.py:3722} INFO - Setting next_dagrun for tutorial_taskflow_api to None, run_after=None
[2025-02-17T22:23:46.070-0700] {processor.py:179} INFO - Processing /home/jparep/miniconda3/envs/dbt-env/lib/python3.11/site-packages/airflow/example_dags/tutorial_taskflow_api.py took 0.093 seconds
[2025-02-17T22:24:24.051-0700] {processor.py:157} INFO - Started process (PID=152721) to work on /home/jparep/miniconda3/envs/dbt-env/lib/python3.11/site-packages/airflow/example_dags/tutorial_taskflow_api.py
[2025-02-17T22:24:24.054-0700] {processor.py:829} INFO - Processing file /home/jparep/miniconda3/envs/dbt-env/lib/python3.11/site-packages/airflow/example_dags/tutorial_taskflow_api.py for tasks to queue
[2025-02-17T22:24:24.056-0700] {logging_mixin.py:154} INFO - [2025-02-17T22:24:24.055-0700] {dagbag.py:536} INFO - Filling up the DagBag from /home/jparep/miniconda3/envs/dbt-env/lib/python3.11/site-packages/airflow/example_dags/tutorial_taskflow_api.py
[2025-02-17T22:24:24.068-0700] {processor.py:839} INFO - DAG(s) dict_keys(['tutorial_taskflow_api']) retrieved from /home/jparep/miniconda3/envs/dbt-env/lib/python3.11/site-packages/airflow/example_dags/tutorial_taskflow_api.py
[2025-02-17T22:24:24.098-0700] {logging_mixin.py:154} INFO - [2025-02-17T22:24:24.097-0700] {dag.py:2941} INFO - Sync 1 DAGs
[2025-02-17T22:24:24.114-0700] {logging_mixin.py:154} INFO - [2025-02-17T22:24:24.114-0700] {dag.py:3722} INFO - Setting next_dagrun for tutorial_taskflow_api to None, run_after=None
[2025-02-17T22:24:24.140-0700] {processor.py:179} INFO - Processing /home/jparep/miniconda3/envs/dbt-env/lib/python3.11/site-packages/airflow/example_dags/tutorial_taskflow_api.py took 0.093 seconds
[2025-02-17T22:24:58.431-0700] {processor.py:157} INFO - Started process (PID=153113) to work on /home/jparep/miniconda3/envs/dbt-env/lib/python3.11/site-packages/airflow/example_dags/tutorial_taskflow_api.py
[2025-02-17T22:24:58.434-0700] {processor.py:829} INFO - Processing file /home/jparep/miniconda3/envs/dbt-env/lib/python3.11/site-packages/airflow/example_dags/tutorial_taskflow_api.py for tasks to queue
[2025-02-17T22:24:58.435-0700] {logging_mixin.py:154} INFO - [2025-02-17T22:24:58.434-0700] {dagbag.py:536} INFO - Filling up the DagBag from /home/jparep/miniconda3/envs/dbt-env/lib/python3.11/site-packages/airflow/example_dags/tutorial_taskflow_api.py
[2025-02-17T22:24:58.444-0700] {processor.py:839} INFO - DAG(s) dict_keys(['tutorial_taskflow_api']) retrieved from /home/jparep/miniconda3/envs/dbt-env/lib/python3.11/site-packages/airflow/example_dags/tutorial_taskflow_api.py
[2025-02-17T22:24:58.467-0700] {logging_mixin.py:154} INFO - [2025-02-17T22:24:58.467-0700] {dag.py:2941} INFO - Sync 1 DAGs
[2025-02-17T22:24:58.481-0700] {logging_mixin.py:154} INFO - [2025-02-17T22:24:58.480-0700] {dag.py:3722} INFO - Setting next_dagrun for tutorial_taskflow_api to None, run_after=None
[2025-02-17T22:24:58.507-0700] {processor.py:179} INFO - Processing /home/jparep/miniconda3/envs/dbt-env/lib/python3.11/site-packages/airflow/example_dags/tutorial_taskflow_api.py took 0.080 seconds
[2025-02-17T22:25:37.732-0700] {processor.py:157} INFO - Started process (PID=153369) to work on /home/jparep/miniconda3/envs/dbt-env/lib/python3.11/site-packages/airflow/example_dags/tutorial_taskflow_api.py
[2025-02-17T22:25:37.736-0700] {processor.py:829} INFO - Processing file /home/jparep/miniconda3/envs/dbt-env/lib/python3.11/site-packages/airflow/example_dags/tutorial_taskflow_api.py for tasks to queue
[2025-02-17T22:25:37.737-0700] {logging_mixin.py:154} INFO - [2025-02-17T22:25:37.737-0700] {dagbag.py:536} INFO - Filling up the DagBag from /home/jparep/miniconda3/envs/dbt-env/lib/python3.11/site-packages/airflow/example_dags/tutorial_taskflow_api.py
[2025-02-17T22:25:37.750-0700] {processor.py:839} INFO - DAG(s) dict_keys(['tutorial_taskflow_api']) retrieved from /home/jparep/miniconda3/envs/dbt-env/lib/python3.11/site-packages/airflow/example_dags/tutorial_taskflow_api.py
[2025-02-17T22:25:37.771-0700] {logging_mixin.py:154} INFO - [2025-02-17T22:25:37.771-0700] {dag.py:2941} INFO - Sync 1 DAGs
[2025-02-17T22:25:37.782-0700] {logging_mixin.py:154} INFO - [2025-02-17T22:25:37.782-0700] {dag.py:3722} INFO - Setting next_dagrun for tutorial_taskflow_api to None, run_after=None
[2025-02-17T22:25:37.801-0700] {processor.py:179} INFO - Processing /home/jparep/miniconda3/envs/dbt-env/lib/python3.11/site-packages/airflow/example_dags/tutorial_taskflow_api.py took 0.075 seconds
[2025-02-17T22:26:18.276-0700] {processor.py:157} INFO - Started process (PID=153805) to work on /home/jparep/miniconda3/envs/dbt-env/lib/python3.11/site-packages/airflow/example_dags/tutorial_taskflow_api.py
[2025-02-17T22:26:18.279-0700] {processor.py:829} INFO - Processing file /home/jparep/miniconda3/envs/dbt-env/lib/python3.11/site-packages/airflow/example_dags/tutorial_taskflow_api.py for tasks to queue
[2025-02-17T22:26:18.280-0700] {logging_mixin.py:154} INFO - [2025-02-17T22:26:18.280-0700] {dagbag.py:536} INFO - Filling up the DagBag from /home/jparep/miniconda3/envs/dbt-env/lib/python3.11/site-packages/airflow/example_dags/tutorial_taskflow_api.py
[2025-02-17T22:26:18.290-0700] {processor.py:839} INFO - DAG(s) dict_keys(['tutorial_taskflow_api']) retrieved from /home/jparep/miniconda3/envs/dbt-env/lib/python3.11/site-packages/airflow/example_dags/tutorial_taskflow_api.py
[2025-02-17T22:26:18.316-0700] {logging_mixin.py:154} INFO - [2025-02-17T22:26:18.316-0700] {dag.py:2941} INFO - Sync 1 DAGs
[2025-02-17T22:26:18.332-0700] {logging_mixin.py:154} INFO - [2025-02-17T22:26:18.332-0700] {dag.py:3722} INFO - Setting next_dagrun for tutorial_taskflow_api to None, run_after=None
[2025-02-17T22:26:18.362-0700] {processor.py:179} INFO - Processing /home/jparep/miniconda3/envs/dbt-env/lib/python3.11/site-packages/airflow/example_dags/tutorial_taskflow_api.py took 0.090 seconds
[2025-02-17T22:27:11.814-0700] {processor.py:157} INFO - Started process (PID=154309) to work on /home/jparep/miniconda3/envs/dbt-env/lib/python3.11/site-packages/airflow/example_dags/tutorial_taskflow_api.py
[2025-02-17T22:27:11.817-0700] {processor.py:829} INFO - Processing file /home/jparep/miniconda3/envs/dbt-env/lib/python3.11/site-packages/airflow/example_dags/tutorial_taskflow_api.py for tasks to queue
[2025-02-17T22:27:11.819-0700] {logging_mixin.py:154} INFO - [2025-02-17T22:27:11.818-0700] {dagbag.py:536} INFO - Filling up the DagBag from /home/jparep/miniconda3/envs/dbt-env/lib/python3.11/site-packages/airflow/example_dags/tutorial_taskflow_api.py
[2025-02-17T22:27:11.829-0700] {processor.py:839} INFO - DAG(s) dict_keys(['tutorial_taskflow_api']) retrieved from /home/jparep/miniconda3/envs/dbt-env/lib/python3.11/site-packages/airflow/example_dags/tutorial_taskflow_api.py
[2025-02-17T22:27:11.850-0700] {logging_mixin.py:154} INFO - [2025-02-17T22:27:11.850-0700] {dag.py:2941} INFO - Sync 1 DAGs
[2025-02-17T22:27:11.861-0700] {logging_mixin.py:154} INFO - [2025-02-17T22:27:11.860-0700] {dag.py:3722} INFO - Setting next_dagrun for tutorial_taskflow_api to None, run_after=None
[2025-02-17T22:27:11.879-0700] {processor.py:179} INFO - Processing /home/jparep/miniconda3/envs/dbt-env/lib/python3.11/site-packages/airflow/example_dags/tutorial_taskflow_api.py took 0.069 seconds
[2025-02-17T22:27:48.407-0700] {processor.py:157} INFO - Started process (PID=154542) to work on /home/jparep/miniconda3/envs/dbt-env/lib/python3.11/site-packages/airflow/example_dags/tutorial_taskflow_api.py
[2025-02-17T22:27:48.410-0700] {processor.py:829} INFO - Processing file /home/jparep/miniconda3/envs/dbt-env/lib/python3.11/site-packages/airflow/example_dags/tutorial_taskflow_api.py for tasks to queue
[2025-02-17T22:27:48.412-0700] {logging_mixin.py:154} INFO - [2025-02-17T22:27:48.411-0700] {dagbag.py:536} INFO - Filling up the DagBag from /home/jparep/miniconda3/envs/dbt-env/lib/python3.11/site-packages/airflow/example_dags/tutorial_taskflow_api.py
[2025-02-17T22:27:48.422-0700] {processor.py:839} INFO - DAG(s) dict_keys(['tutorial_taskflow_api']) retrieved from /home/jparep/miniconda3/envs/dbt-env/lib/python3.11/site-packages/airflow/example_dags/tutorial_taskflow_api.py
[2025-02-17T22:27:48.445-0700] {logging_mixin.py:154} INFO - [2025-02-17T22:27:48.445-0700] {dag.py:2941} INFO - Sync 1 DAGs
[2025-02-17T22:27:48.457-0700] {logging_mixin.py:154} INFO - [2025-02-17T22:27:48.456-0700] {dag.py:3722} INFO - Setting next_dagrun for tutorial_taskflow_api to None, run_after=None
[2025-02-17T22:27:48.479-0700] {processor.py:179} INFO - Processing /home/jparep/miniconda3/envs/dbt-env/lib/python3.11/site-packages/airflow/example_dags/tutorial_taskflow_api.py took 0.075 seconds
[2025-02-17T22:28:24.370-0700] {processor.py:157} INFO - Started process (PID=154910) to work on /home/jparep/miniconda3/envs/dbt-env/lib/python3.11/site-packages/airflow/example_dags/tutorial_taskflow_api.py
[2025-02-17T22:28:24.373-0700] {processor.py:829} INFO - Processing file /home/jparep/miniconda3/envs/dbt-env/lib/python3.11/site-packages/airflow/example_dags/tutorial_taskflow_api.py for tasks to queue
[2025-02-17T22:28:24.375-0700] {logging_mixin.py:154} INFO - [2025-02-17T22:28:24.374-0700] {dagbag.py:536} INFO - Filling up the DagBag from /home/jparep/miniconda3/envs/dbt-env/lib/python3.11/site-packages/airflow/example_dags/tutorial_taskflow_api.py
[2025-02-17T22:28:24.387-0700] {processor.py:839} INFO - DAG(s) dict_keys(['tutorial_taskflow_api']) retrieved from /home/jparep/miniconda3/envs/dbt-env/lib/python3.11/site-packages/airflow/example_dags/tutorial_taskflow_api.py
[2025-02-17T22:28:24.411-0700] {logging_mixin.py:154} INFO - [2025-02-17T22:28:24.410-0700] {dag.py:2941} INFO - Sync 1 DAGs
[2025-02-17T22:28:24.427-0700] {logging_mixin.py:154} INFO - [2025-02-17T22:28:24.427-0700] {dag.py:3722} INFO - Setting next_dagrun for tutorial_taskflow_api to None, run_after=None
[2025-02-17T22:28:24.459-0700] {processor.py:179} INFO - Processing /home/jparep/miniconda3/envs/dbt-env/lib/python3.11/site-packages/airflow/example_dags/tutorial_taskflow_api.py took 0.096 seconds
[2025-02-17T22:29:03.509-0700] {processor.py:157} INFO - Started process (PID=155055) to work on /home/jparep/miniconda3/envs/dbt-env/lib/python3.11/site-packages/airflow/example_dags/tutorial_taskflow_api.py
[2025-02-17T22:29:03.511-0700] {processor.py:829} INFO - Processing file /home/jparep/miniconda3/envs/dbt-env/lib/python3.11/site-packages/airflow/example_dags/tutorial_taskflow_api.py for tasks to queue
[2025-02-17T22:29:03.512-0700] {logging_mixin.py:154} INFO - [2025-02-17T22:29:03.512-0700] {dagbag.py:536} INFO - Filling up the DagBag from /home/jparep/miniconda3/envs/dbt-env/lib/python3.11/site-packages/airflow/example_dags/tutorial_taskflow_api.py
[2025-02-17T22:29:03.517-0700] {processor.py:839} INFO - DAG(s) dict_keys(['tutorial_taskflow_api']) retrieved from /home/jparep/miniconda3/envs/dbt-env/lib/python3.11/site-packages/airflow/example_dags/tutorial_taskflow_api.py
[2025-02-17T22:29:03.532-0700] {logging_mixin.py:154} INFO - [2025-02-17T22:29:03.532-0700] {dag.py:2941} INFO - Sync 1 DAGs
[2025-02-17T22:29:03.542-0700] {logging_mixin.py:154} INFO - [2025-02-17T22:29:03.542-0700] {dag.py:3722} INFO - Setting next_dagrun for tutorial_taskflow_api to None, run_after=None
[2025-02-17T22:29:03.566-0700] {processor.py:179} INFO - Processing /home/jparep/miniconda3/envs/dbt-env/lib/python3.11/site-packages/airflow/example_dags/tutorial_taskflow_api.py took 0.059 seconds
[2025-02-17T22:29:46.370-0700] {processor.py:157} INFO - Started process (PID=155420) to work on /home/jparep/miniconda3/envs/dbt-env/lib/python3.11/site-packages/airflow/example_dags/tutorial_taskflow_api.py
[2025-02-17T22:29:46.373-0700] {processor.py:829} INFO - Processing file /home/jparep/miniconda3/envs/dbt-env/lib/python3.11/site-packages/airflow/example_dags/tutorial_taskflow_api.py for tasks to queue
[2025-02-17T22:29:46.374-0700] {logging_mixin.py:154} INFO - [2025-02-17T22:29:46.374-0700] {dagbag.py:536} INFO - Filling up the DagBag from /home/jparep/miniconda3/envs/dbt-env/lib/python3.11/site-packages/airflow/example_dags/tutorial_taskflow_api.py
[2025-02-17T22:29:46.384-0700] {processor.py:839} INFO - DAG(s) dict_keys(['tutorial_taskflow_api']) retrieved from /home/jparep/miniconda3/envs/dbt-env/lib/python3.11/site-packages/airflow/example_dags/tutorial_taskflow_api.py
[2025-02-17T22:29:46.407-0700] {logging_mixin.py:154} INFO - [2025-02-17T22:29:46.407-0700] {dag.py:2941} INFO - Sync 1 DAGs
[2025-02-17T22:29:46.419-0700] {logging_mixin.py:154} INFO - [2025-02-17T22:29:46.419-0700] {dag.py:3722} INFO - Setting next_dagrun for tutorial_taskflow_api to None, run_after=None
[2025-02-17T22:29:46.439-0700] {processor.py:179} INFO - Processing /home/jparep/miniconda3/envs/dbt-env/lib/python3.11/site-packages/airflow/example_dags/tutorial_taskflow_api.py took 0.075 seconds
[2025-02-17T22:30:29.210-0700] {processor.py:157} INFO - Started process (PID=155826) to work on /home/jparep/miniconda3/envs/dbt-env/lib/python3.11/site-packages/airflow/example_dags/tutorial_taskflow_api.py
[2025-02-17T22:30:29.212-0700] {processor.py:829} INFO - Processing file /home/jparep/miniconda3/envs/dbt-env/lib/python3.11/site-packages/airflow/example_dags/tutorial_taskflow_api.py for tasks to queue
[2025-02-17T22:30:29.212-0700] {logging_mixin.py:154} INFO - [2025-02-17T22:30:29.212-0700] {dagbag.py:536} INFO - Filling up the DagBag from /home/jparep/miniconda3/envs/dbt-env/lib/python3.11/site-packages/airflow/example_dags/tutorial_taskflow_api.py
[2025-02-17T22:30:29.219-0700] {processor.py:839} INFO - DAG(s) dict_keys(['tutorial_taskflow_api']) retrieved from /home/jparep/miniconda3/envs/dbt-env/lib/python3.11/site-packages/airflow/example_dags/tutorial_taskflow_api.py
[2025-02-17T22:30:29.233-0700] {logging_mixin.py:154} INFO - [2025-02-17T22:30:29.232-0700] {dag.py:2941} INFO - Sync 1 DAGs
[2025-02-17T22:30:29.242-0700] {logging_mixin.py:154} INFO - [2025-02-17T22:30:29.242-0700] {dag.py:3722} INFO - Setting next_dagrun for tutorial_taskflow_api to None, run_after=None
[2025-02-17T22:30:29.259-0700] {processor.py:179} INFO - Processing /home/jparep/miniconda3/envs/dbt-env/lib/python3.11/site-packages/airflow/example_dags/tutorial_taskflow_api.py took 0.052 seconds
[2025-02-17T22:31:18.029-0700] {processor.py:157} INFO - Started process (PID=156166) to work on /home/jparep/miniconda3/envs/dbt-env/lib/python3.11/site-packages/airflow/example_dags/tutorial_taskflow_api.py
[2025-02-17T22:31:18.032-0700] {processor.py:829} INFO - Processing file /home/jparep/miniconda3/envs/dbt-env/lib/python3.11/site-packages/airflow/example_dags/tutorial_taskflow_api.py for tasks to queue
[2025-02-17T22:31:18.034-0700] {logging_mixin.py:154} INFO - [2025-02-17T22:31:18.033-0700] {dagbag.py:536} INFO - Filling up the DagBag from /home/jparep/miniconda3/envs/dbt-env/lib/python3.11/site-packages/airflow/example_dags/tutorial_taskflow_api.py
[2025-02-17T22:31:18.047-0700] {processor.py:839} INFO - DAG(s) dict_keys(['tutorial_taskflow_api']) retrieved from /home/jparep/miniconda3/envs/dbt-env/lib/python3.11/site-packages/airflow/example_dags/tutorial_taskflow_api.py
[2025-02-17T22:31:18.078-0700] {logging_mixin.py:154} INFO - [2025-02-17T22:31:18.078-0700] {dag.py:2941} INFO - Sync 1 DAGs
[2025-02-17T22:31:18.090-0700] {logging_mixin.py:154} INFO - [2025-02-17T22:31:18.090-0700] {dag.py:3722} INFO - Setting next_dagrun for tutorial_taskflow_api to None, run_after=None
[2025-02-17T22:31:18.113-0700] {processor.py:179} INFO - Processing /home/jparep/miniconda3/envs/dbt-env/lib/python3.11/site-packages/airflow/example_dags/tutorial_taskflow_api.py took 0.090 seconds
[2025-02-17T22:31:56.393-0700] {processor.py:157} INFO - Started process (PID=156604) to work on /home/jparep/miniconda3/envs/dbt-env/lib/python3.11/site-packages/airflow/example_dags/tutorial_taskflow_api.py
[2025-02-17T22:31:56.396-0700] {processor.py:829} INFO - Processing file /home/jparep/miniconda3/envs/dbt-env/lib/python3.11/site-packages/airflow/example_dags/tutorial_taskflow_api.py for tasks to queue
[2025-02-17T22:31:56.397-0700] {logging_mixin.py:154} INFO - [2025-02-17T22:31:56.397-0700] {dagbag.py:536} INFO - Filling up the DagBag from /home/jparep/miniconda3/envs/dbt-env/lib/python3.11/site-packages/airflow/example_dags/tutorial_taskflow_api.py
[2025-02-17T22:31:56.405-0700] {processor.py:839} INFO - DAG(s) dict_keys(['tutorial_taskflow_api']) retrieved from /home/jparep/miniconda3/envs/dbt-env/lib/python3.11/site-packages/airflow/example_dags/tutorial_taskflow_api.py
[2025-02-17T22:31:56.426-0700] {logging_mixin.py:154} INFO - [2025-02-17T22:31:56.426-0700] {dag.py:2941} INFO - Sync 1 DAGs
[2025-02-17T22:31:56.439-0700] {logging_mixin.py:154} INFO - [2025-02-17T22:31:56.439-0700] {dag.py:3722} INFO - Setting next_dagrun for tutorial_taskflow_api to None, run_after=None
[2025-02-17T22:31:56.462-0700] {processor.py:179} INFO - Processing /home/jparep/miniconda3/envs/dbt-env/lib/python3.11/site-packages/airflow/example_dags/tutorial_taskflow_api.py took 0.076 seconds
[2025-02-17T22:32:34.159-0700] {processor.py:157} INFO - Started process (PID=156937) to work on /home/jparep/miniconda3/envs/dbt-env/lib/python3.11/site-packages/airflow/example_dags/tutorial_taskflow_api.py
[2025-02-17T22:32:34.162-0700] {processor.py:829} INFO - Processing file /home/jparep/miniconda3/envs/dbt-env/lib/python3.11/site-packages/airflow/example_dags/tutorial_taskflow_api.py for tasks to queue
[2025-02-17T22:32:34.164-0700] {logging_mixin.py:154} INFO - [2025-02-17T22:32:34.163-0700] {dagbag.py:536} INFO - Filling up the DagBag from /home/jparep/miniconda3/envs/dbt-env/lib/python3.11/site-packages/airflow/example_dags/tutorial_taskflow_api.py
[2025-02-17T22:32:34.175-0700] {processor.py:839} INFO - DAG(s) dict_keys(['tutorial_taskflow_api']) retrieved from /home/jparep/miniconda3/envs/dbt-env/lib/python3.11/site-packages/airflow/example_dags/tutorial_taskflow_api.py
[2025-02-17T22:32:34.198-0700] {logging_mixin.py:154} INFO - [2025-02-17T22:32:34.198-0700] {dag.py:2941} INFO - Sync 1 DAGs
[2025-02-17T22:32:34.209-0700] {logging_mixin.py:154} INFO - [2025-02-17T22:32:34.209-0700] {dag.py:3722} INFO - Setting next_dagrun for tutorial_taskflow_api to None, run_after=None
[2025-02-17T22:32:34.228-0700] {processor.py:179} INFO - Processing /home/jparep/miniconda3/envs/dbt-env/lib/python3.11/site-packages/airflow/example_dags/tutorial_taskflow_api.py took 0.074 seconds
[2025-02-17T22:33:10.906-0700] {processor.py:157} INFO - Started process (PID=157109) to work on /home/jparep/miniconda3/envs/dbt-env/lib/python3.11/site-packages/airflow/example_dags/tutorial_taskflow_api.py
[2025-02-17T22:33:10.909-0700] {processor.py:829} INFO - Processing file /home/jparep/miniconda3/envs/dbt-env/lib/python3.11/site-packages/airflow/example_dags/tutorial_taskflow_api.py for tasks to queue
[2025-02-17T22:33:10.911-0700] {logging_mixin.py:154} INFO - [2025-02-17T22:33:10.910-0700] {dagbag.py:536} INFO - Filling up the DagBag from /home/jparep/miniconda3/envs/dbt-env/lib/python3.11/site-packages/airflow/example_dags/tutorial_taskflow_api.py
[2025-02-17T22:33:10.923-0700] {processor.py:839} INFO - DAG(s) dict_keys(['tutorial_taskflow_api']) retrieved from /home/jparep/miniconda3/envs/dbt-env/lib/python3.11/site-packages/airflow/example_dags/tutorial_taskflow_api.py
[2025-02-17T22:33:10.951-0700] {logging_mixin.py:154} INFO - [2025-02-17T22:33:10.951-0700] {dag.py:2941} INFO - Sync 1 DAGs
[2025-02-17T22:33:10.963-0700] {logging_mixin.py:154} INFO - [2025-02-17T22:33:10.962-0700] {dag.py:3722} INFO - Setting next_dagrun for tutorial_taskflow_api to None, run_after=None
[2025-02-17T22:33:10.998-0700] {processor.py:179} INFO - Processing /home/jparep/miniconda3/envs/dbt-env/lib/python3.11/site-packages/airflow/example_dags/tutorial_taskflow_api.py took 0.099 seconds
[2025-02-17T22:33:54.428-0700] {processor.py:157} INFO - Started process (PID=157520) to work on /home/jparep/miniconda3/envs/dbt-env/lib/python3.11/site-packages/airflow/example_dags/tutorial_taskflow_api.py
[2025-02-17T22:33:54.431-0700] {processor.py:829} INFO - Processing file /home/jparep/miniconda3/envs/dbt-env/lib/python3.11/site-packages/airflow/example_dags/tutorial_taskflow_api.py for tasks to queue
[2025-02-17T22:33:54.432-0700] {logging_mixin.py:154} INFO - [2025-02-17T22:33:54.431-0700] {dagbag.py:536} INFO - Filling up the DagBag from /home/jparep/miniconda3/envs/dbt-env/lib/python3.11/site-packages/airflow/example_dags/tutorial_taskflow_api.py
[2025-02-17T22:33:54.440-0700] {processor.py:839} INFO - DAG(s) dict_keys(['tutorial_taskflow_api']) retrieved from /home/jparep/miniconda3/envs/dbt-env/lib/python3.11/site-packages/airflow/example_dags/tutorial_taskflow_api.py
[2025-02-17T22:33:54.455-0700] {logging_mixin.py:154} INFO - [2025-02-17T22:33:54.455-0700] {dag.py:2941} INFO - Sync 1 DAGs
[2025-02-17T22:33:54.463-0700] {logging_mixin.py:154} INFO - [2025-02-17T22:33:54.463-0700] {dag.py:3722} INFO - Setting next_dagrun for tutorial_taskflow_api to None, run_after=None
[2025-02-17T22:33:54.478-0700] {processor.py:179} INFO - Processing /home/jparep/miniconda3/envs/dbt-env/lib/python3.11/site-packages/airflow/example_dags/tutorial_taskflow_api.py took 0.054 seconds
[2025-02-17T22:34:46.554-0700] {processor.py:157} INFO - Started process (PID=157927) to work on /home/jparep/miniconda3/envs/dbt-env/lib/python3.11/site-packages/airflow/example_dags/tutorial_taskflow_api.py
[2025-02-17T22:34:46.557-0700] {processor.py:829} INFO - Processing file /home/jparep/miniconda3/envs/dbt-env/lib/python3.11/site-packages/airflow/example_dags/tutorial_taskflow_api.py for tasks to queue
[2025-02-17T22:34:46.559-0700] {logging_mixin.py:154} INFO - [2025-02-17T22:34:46.558-0700] {dagbag.py:536} INFO - Filling up the DagBag from /home/jparep/miniconda3/envs/dbt-env/lib/python3.11/site-packages/airflow/example_dags/tutorial_taskflow_api.py
[2025-02-17T22:34:46.574-0700] {processor.py:839} INFO - DAG(s) dict_keys(['tutorial_taskflow_api']) retrieved from /home/jparep/miniconda3/envs/dbt-env/lib/python3.11/site-packages/airflow/example_dags/tutorial_taskflow_api.py
[2025-02-17T22:34:46.608-0700] {logging_mixin.py:154} INFO - [2025-02-17T22:34:46.607-0700] {dag.py:2941} INFO - Sync 1 DAGs
[2025-02-17T22:34:46.630-0700] {logging_mixin.py:154} INFO - [2025-02-17T22:34:46.629-0700] {dag.py:3722} INFO - Setting next_dagrun for tutorial_taskflow_api to None, run_after=None
[2025-02-17T22:34:46.661-0700] {processor.py:179} INFO - Processing /home/jparep/miniconda3/envs/dbt-env/lib/python3.11/site-packages/airflow/example_dags/tutorial_taskflow_api.py took 0.113 seconds
[2025-02-17T22:35:22.423-0700] {processor.py:157} INFO - Started process (PID=158126) to work on /home/jparep/miniconda3/envs/dbt-env/lib/python3.11/site-packages/airflow/example_dags/tutorial_taskflow_api.py
[2025-02-17T22:35:22.426-0700] {processor.py:829} INFO - Processing file /home/jparep/miniconda3/envs/dbt-env/lib/python3.11/site-packages/airflow/example_dags/tutorial_taskflow_api.py for tasks to queue
[2025-02-17T22:35:22.428-0700] {logging_mixin.py:154} INFO - [2025-02-17T22:35:22.427-0700] {dagbag.py:536} INFO - Filling up the DagBag from /home/jparep/miniconda3/envs/dbt-env/lib/python3.11/site-packages/airflow/example_dags/tutorial_taskflow_api.py
[2025-02-17T22:35:22.440-0700] {processor.py:839} INFO - DAG(s) dict_keys(['tutorial_taskflow_api']) retrieved from /home/jparep/miniconda3/envs/dbt-env/lib/python3.11/site-packages/airflow/example_dags/tutorial_taskflow_api.py
[2025-02-17T22:35:22.462-0700] {logging_mixin.py:154} INFO - [2025-02-17T22:35:22.462-0700] {dag.py:2941} INFO - Sync 1 DAGs
[2025-02-17T22:35:22.472-0700] {logging_mixin.py:154} INFO - [2025-02-17T22:35:22.472-0700] {dag.py:3722} INFO - Setting next_dagrun for tutorial_taskflow_api to None, run_after=None
[2025-02-17T22:35:22.488-0700] {processor.py:179} INFO - Processing /home/jparep/miniconda3/envs/dbt-env/lib/python3.11/site-packages/airflow/example_dags/tutorial_taskflow_api.py took 0.072 seconds
[2025-02-17T22:36:01.196-0700] {processor.py:157} INFO - Started process (PID=158547) to work on /home/jparep/miniconda3/envs/dbt-env/lib/python3.11/site-packages/airflow/example_dags/tutorial_taskflow_api.py
[2025-02-17T22:36:01.199-0700] {processor.py:829} INFO - Processing file /home/jparep/miniconda3/envs/dbt-env/lib/python3.11/site-packages/airflow/example_dags/tutorial_taskflow_api.py for tasks to queue
[2025-02-17T22:36:01.200-0700] {logging_mixin.py:154} INFO - [2025-02-17T22:36:01.200-0700] {dagbag.py:536} INFO - Filling up the DagBag from /home/jparep/miniconda3/envs/dbt-env/lib/python3.11/site-packages/airflow/example_dags/tutorial_taskflow_api.py
[2025-02-17T22:36:01.211-0700] {processor.py:839} INFO - DAG(s) dict_keys(['tutorial_taskflow_api']) retrieved from /home/jparep/miniconda3/envs/dbt-env/lib/python3.11/site-packages/airflow/example_dags/tutorial_taskflow_api.py
[2025-02-17T22:36:01.227-0700] {logging_mixin.py:154} INFO - [2025-02-17T22:36:01.227-0700] {dag.py:2941} INFO - Sync 1 DAGs
[2025-02-17T22:36:01.240-0700] {logging_mixin.py:154} INFO - [2025-02-17T22:36:01.240-0700] {dag.py:3722} INFO - Setting next_dagrun for tutorial_taskflow_api to None, run_after=None
[2025-02-17T22:36:01.259-0700] {processor.py:179} INFO - Processing /home/jparep/miniconda3/envs/dbt-env/lib/python3.11/site-packages/airflow/example_dags/tutorial_taskflow_api.py took 0.067 seconds
[2025-02-17T22:36:41.815-0700] {processor.py:157} INFO - Started process (PID=158807) to work on /home/jparep/miniconda3/envs/dbt-env/lib/python3.11/site-packages/airflow/example_dags/tutorial_taskflow_api.py
[2025-02-17T22:36:41.817-0700] {processor.py:829} INFO - Processing file /home/jparep/miniconda3/envs/dbt-env/lib/python3.11/site-packages/airflow/example_dags/tutorial_taskflow_api.py for tasks to queue
[2025-02-17T22:36:41.818-0700] {logging_mixin.py:154} INFO - [2025-02-17T22:36:41.817-0700] {dagbag.py:536} INFO - Filling up the DagBag from /home/jparep/miniconda3/envs/dbt-env/lib/python3.11/site-packages/airflow/example_dags/tutorial_taskflow_api.py
[2025-02-17T22:36:41.828-0700] {processor.py:839} INFO - DAG(s) dict_keys(['tutorial_taskflow_api']) retrieved from /home/jparep/miniconda3/envs/dbt-env/lib/python3.11/site-packages/airflow/example_dags/tutorial_taskflow_api.py
[2025-02-17T22:36:41.846-0700] {logging_mixin.py:154} INFO - [2025-02-17T22:36:41.845-0700] {dag.py:2941} INFO - Sync 1 DAGs
[2025-02-17T22:36:41.854-0700] {logging_mixin.py:154} INFO - [2025-02-17T22:36:41.854-0700] {dag.py:3722} INFO - Setting next_dagrun for tutorial_taskflow_api to None, run_after=None
[2025-02-17T22:36:41.871-0700] {processor.py:179} INFO - Processing /home/jparep/miniconda3/envs/dbt-env/lib/python3.11/site-packages/airflow/example_dags/tutorial_taskflow_api.py took 0.061 seconds
[2025-02-17T22:37:24.191-0700] {processor.py:157} INFO - Started process (PID=159629) to work on /home/jparep/miniconda3/envs/dbt-env/lib/python3.11/site-packages/airflow/example_dags/tutorial_taskflow_api.py
[2025-02-17T22:37:24.193-0700] {processor.py:829} INFO - Processing file /home/jparep/miniconda3/envs/dbt-env/lib/python3.11/site-packages/airflow/example_dags/tutorial_taskflow_api.py for tasks to queue
[2025-02-17T22:37:24.194-0700] {logging_mixin.py:154} INFO - [2025-02-17T22:37:24.193-0700] {dagbag.py:536} INFO - Filling up the DagBag from /home/jparep/miniconda3/envs/dbt-env/lib/python3.11/site-packages/airflow/example_dags/tutorial_taskflow_api.py
[2025-02-17T22:37:24.201-0700] {processor.py:839} INFO - DAG(s) dict_keys(['tutorial_taskflow_api']) retrieved from /home/jparep/miniconda3/envs/dbt-env/lib/python3.11/site-packages/airflow/example_dags/tutorial_taskflow_api.py
[2025-02-17T22:37:24.214-0700] {logging_mixin.py:154} INFO - [2025-02-17T22:37:24.214-0700] {dag.py:2941} INFO - Sync 1 DAGs
[2025-02-17T22:37:24.222-0700] {logging_mixin.py:154} INFO - [2025-02-17T22:37:24.222-0700] {dag.py:3722} INFO - Setting next_dagrun for tutorial_taskflow_api to None, run_after=None
[2025-02-17T22:37:24.246-0700] {processor.py:179} INFO - Processing /home/jparep/miniconda3/envs/dbt-env/lib/python3.11/site-packages/airflow/example_dags/tutorial_taskflow_api.py took 0.059 seconds
[2025-02-17T22:38:13.935-0700] {processor.py:157} INFO - Started process (PID=160486) to work on /home/jparep/miniconda3/envs/dbt-env/lib/python3.11/site-packages/airflow/example_dags/tutorial_taskflow_api.py
[2025-02-17T22:38:13.937-0700] {processor.py:829} INFO - Processing file /home/jparep/miniconda3/envs/dbt-env/lib/python3.11/site-packages/airflow/example_dags/tutorial_taskflow_api.py for tasks to queue
[2025-02-17T22:38:13.938-0700] {logging_mixin.py:154} INFO - [2025-02-17T22:38:13.937-0700] {dagbag.py:536} INFO - Filling up the DagBag from /home/jparep/miniconda3/envs/dbt-env/lib/python3.11/site-packages/airflow/example_dags/tutorial_taskflow_api.py
[2025-02-17T22:38:13.947-0700] {processor.py:839} INFO - DAG(s) dict_keys(['tutorial_taskflow_api']) retrieved from /home/jparep/miniconda3/envs/dbt-env/lib/python3.11/site-packages/airflow/example_dags/tutorial_taskflow_api.py
[2025-02-17T22:38:13.973-0700] {logging_mixin.py:154} INFO - [2025-02-17T22:38:13.973-0700] {dag.py:2941} INFO - Sync 1 DAGs
[2025-02-17T22:38:13.987-0700] {logging_mixin.py:154} INFO - [2025-02-17T22:38:13.987-0700] {dag.py:3722} INFO - Setting next_dagrun for tutorial_taskflow_api to None, run_after=None
[2025-02-17T22:38:14.014-0700] {processor.py:179} INFO - Processing /home/jparep/miniconda3/envs/dbt-env/lib/python3.11/site-packages/airflow/example_dags/tutorial_taskflow_api.py took 0.085 seconds
[2025-02-17T22:38:49.223-0700] {processor.py:157} INFO - Started process (PID=160735) to work on /home/jparep/miniconda3/envs/dbt-env/lib/python3.11/site-packages/airflow/example_dags/tutorial_taskflow_api.py
[2025-02-17T22:38:49.225-0700] {processor.py:829} INFO - Processing file /home/jparep/miniconda3/envs/dbt-env/lib/python3.11/site-packages/airflow/example_dags/tutorial_taskflow_api.py for tasks to queue
[2025-02-17T22:38:49.226-0700] {logging_mixin.py:154} INFO - [2025-02-17T22:38:49.226-0700] {dagbag.py:536} INFO - Filling up the DagBag from /home/jparep/miniconda3/envs/dbt-env/lib/python3.11/site-packages/airflow/example_dags/tutorial_taskflow_api.py
[2025-02-17T22:38:49.233-0700] {processor.py:839} INFO - DAG(s) dict_keys(['tutorial_taskflow_api']) retrieved from /home/jparep/miniconda3/envs/dbt-env/lib/python3.11/site-packages/airflow/example_dags/tutorial_taskflow_api.py
[2025-02-17T22:38:49.249-0700] {logging_mixin.py:154} INFO - [2025-02-17T22:38:49.249-0700] {dag.py:2941} INFO - Sync 1 DAGs
[2025-02-17T22:38:49.260-0700] {logging_mixin.py:154} INFO - [2025-02-17T22:38:49.260-0700] {dag.py:3722} INFO - Setting next_dagrun for tutorial_taskflow_api to None, run_after=None
[2025-02-17T22:38:49.280-0700] {processor.py:179} INFO - Processing /home/jparep/miniconda3/envs/dbt-env/lib/python3.11/site-packages/airflow/example_dags/tutorial_taskflow_api.py took 0.060 seconds
[2025-02-17T22:39:25.178-0700] {processor.py:157} INFO - Started process (PID=161183) to work on /home/jparep/miniconda3/envs/dbt-env/lib/python3.11/site-packages/airflow/example_dags/tutorial_taskflow_api.py
[2025-02-17T22:39:25.180-0700] {processor.py:829} INFO - Processing file /home/jparep/miniconda3/envs/dbt-env/lib/python3.11/site-packages/airflow/example_dags/tutorial_taskflow_api.py for tasks to queue
[2025-02-17T22:39:25.181-0700] {logging_mixin.py:154} INFO - [2025-02-17T22:39:25.181-0700] {dagbag.py:536} INFO - Filling up the DagBag from /home/jparep/miniconda3/envs/dbt-env/lib/python3.11/site-packages/airflow/example_dags/tutorial_taskflow_api.py
[2025-02-17T22:39:25.189-0700] {processor.py:839} INFO - DAG(s) dict_keys(['tutorial_taskflow_api']) retrieved from /home/jparep/miniconda3/envs/dbt-env/lib/python3.11/site-packages/airflow/example_dags/tutorial_taskflow_api.py
[2025-02-17T22:39:25.207-0700] {logging_mixin.py:154} INFO - [2025-02-17T22:39:25.207-0700] {dag.py:2941} INFO - Sync 1 DAGs
[2025-02-17T22:39:25.216-0700] {logging_mixin.py:154} INFO - [2025-02-17T22:39:25.216-0700] {dag.py:3722} INFO - Setting next_dagrun for tutorial_taskflow_api to None, run_after=None
[2025-02-17T22:39:25.233-0700] {processor.py:179} INFO - Processing /home/jparep/miniconda3/envs/dbt-env/lib/python3.11/site-packages/airflow/example_dags/tutorial_taskflow_api.py took 0.059 seconds
[2025-02-17T22:40:02.415-0700] {processor.py:157} INFO - Started process (PID=161505) to work on /home/jparep/miniconda3/envs/dbt-env/lib/python3.11/site-packages/airflow/example_dags/tutorial_taskflow_api.py
[2025-02-17T22:40:02.419-0700] {processor.py:829} INFO - Processing file /home/jparep/miniconda3/envs/dbt-env/lib/python3.11/site-packages/airflow/example_dags/tutorial_taskflow_api.py for tasks to queue
[2025-02-17T22:40:02.420-0700] {logging_mixin.py:154} INFO - [2025-02-17T22:40:02.419-0700] {dagbag.py:536} INFO - Filling up the DagBag from /home/jparep/miniconda3/envs/dbt-env/lib/python3.11/site-packages/airflow/example_dags/tutorial_taskflow_api.py
[2025-02-17T22:40:02.430-0700] {processor.py:839} INFO - DAG(s) dict_keys(['tutorial_taskflow_api']) retrieved from /home/jparep/miniconda3/envs/dbt-env/lib/python3.11/site-packages/airflow/example_dags/tutorial_taskflow_api.py
[2025-02-17T22:40:02.448-0700] {logging_mixin.py:154} INFO - [2025-02-17T22:40:02.448-0700] {dag.py:2941} INFO - Sync 1 DAGs
[2025-02-17T22:40:02.459-0700] {logging_mixin.py:154} INFO - [2025-02-17T22:40:02.459-0700] {dag.py:3722} INFO - Setting next_dagrun for tutorial_taskflow_api to None, run_after=None
[2025-02-17T22:40:02.479-0700] {processor.py:179} INFO - Processing /home/jparep/miniconda3/envs/dbt-env/lib/python3.11/site-packages/airflow/example_dags/tutorial_taskflow_api.py took 0.069 seconds
[2025-02-17T22:40:40.971-0700] {processor.py:157} INFO - Started process (PID=161763) to work on /home/jparep/miniconda3/envs/dbt-env/lib/python3.11/site-packages/airflow/example_dags/tutorial_taskflow_api.py
[2025-02-17T22:40:40.973-0700] {processor.py:829} INFO - Processing file /home/jparep/miniconda3/envs/dbt-env/lib/python3.11/site-packages/airflow/example_dags/tutorial_taskflow_api.py for tasks to queue
[2025-02-17T22:40:40.974-0700] {logging_mixin.py:154} INFO - [2025-02-17T22:40:40.973-0700] {dagbag.py:536} INFO - Filling up the DagBag from /home/jparep/miniconda3/envs/dbt-env/lib/python3.11/site-packages/airflow/example_dags/tutorial_taskflow_api.py
[2025-02-17T22:40:40.980-0700] {processor.py:839} INFO - DAG(s) dict_keys(['tutorial_taskflow_api']) retrieved from /home/jparep/miniconda3/envs/dbt-env/lib/python3.11/site-packages/airflow/example_dags/tutorial_taskflow_api.py
[2025-02-17T22:40:41.002-0700] {logging_mixin.py:154} INFO - [2025-02-17T22:40:41.002-0700] {dag.py:2941} INFO - Sync 1 DAGs
[2025-02-17T22:40:41.013-0700] {logging_mixin.py:154} INFO - [2025-02-17T22:40:41.013-0700] {dag.py:3722} INFO - Setting next_dagrun for tutorial_taskflow_api to None, run_after=None
[2025-02-17T22:40:41.034-0700] {processor.py:179} INFO - Processing /home/jparep/miniconda3/envs/dbt-env/lib/python3.11/site-packages/airflow/example_dags/tutorial_taskflow_api.py took 0.066 seconds
[2025-02-17T22:41:17.965-0700] {processor.py:157} INFO - Started process (PID=162147) to work on /home/jparep/miniconda3/envs/dbt-env/lib/python3.11/site-packages/airflow/example_dags/tutorial_taskflow_api.py
[2025-02-17T22:41:17.967-0700] {processor.py:829} INFO - Processing file /home/jparep/miniconda3/envs/dbt-env/lib/python3.11/site-packages/airflow/example_dags/tutorial_taskflow_api.py for tasks to queue
[2025-02-17T22:41:17.969-0700] {logging_mixin.py:154} INFO - [2025-02-17T22:41:17.968-0700] {dagbag.py:536} INFO - Filling up the DagBag from /home/jparep/miniconda3/envs/dbt-env/lib/python3.11/site-packages/airflow/example_dags/tutorial_taskflow_api.py
[2025-02-17T22:41:17.978-0700] {processor.py:839} INFO - DAG(s) dict_keys(['tutorial_taskflow_api']) retrieved from /home/jparep/miniconda3/envs/dbt-env/lib/python3.11/site-packages/airflow/example_dags/tutorial_taskflow_api.py
[2025-02-17T22:41:18.001-0700] {logging_mixin.py:154} INFO - [2025-02-17T22:41:18.001-0700] {dag.py:2941} INFO - Sync 1 DAGs
[2025-02-17T22:41:18.012-0700] {logging_mixin.py:154} INFO - [2025-02-17T22:41:18.012-0700] {dag.py:3722} INFO - Setting next_dagrun for tutorial_taskflow_api to None, run_after=None
[2025-02-17T22:41:18.040-0700] {processor.py:179} INFO - Processing /home/jparep/miniconda3/envs/dbt-env/lib/python3.11/site-packages/airflow/example_dags/tutorial_taskflow_api.py took 0.080 seconds
