[2025-02-17T22:16:34.577-0700] {processor.py:157} INFO - Started process (PID=148771) to work on /home/jparep/miniconda3/envs/dbt-env/lib/python3.11/site-packages/airflow/example_dags/subdags/subdag.py
[2025-02-17T22:16:34.578-0700] {processor.py:829} INFO - Processing file /home/jparep/miniconda3/envs/dbt-env/lib/python3.11/site-packages/airflow/example_dags/subdags/subdag.py for tasks to queue
[2025-02-17T22:16:34.579-0700] {logging_mixin.py:154} INFO - [2025-02-17T22:16:34.579-0700] {dagbag.py:536} INFO - Filling up the DagBag from /home/jparep/miniconda3/envs/dbt-env/lib/python3.11/site-packages/airflow/example_dags/subdags/subdag.py
[2025-02-17T22:16:34.582-0700] {processor.py:841} WARNING - No viable dags retrieved from /home/jparep/miniconda3/envs/dbt-env/lib/python3.11/site-packages/airflow/example_dags/subdags/subdag.py
[2025-02-17T22:16:34.596-0700] {processor.py:179} INFO - Processing /home/jparep/miniconda3/envs/dbt-env/lib/python3.11/site-packages/airflow/example_dags/subdags/subdag.py took 0.024 seconds
[2025-02-17T22:17:47.168-0700] {processor.py:157} INFO - Started process (PID=149337) to work on /home/jparep/miniconda3/envs/dbt-env/lib/python3.11/site-packages/airflow/example_dags/subdags/subdag.py
[2025-02-17T22:17:47.171-0700] {processor.py:829} INFO - Processing file /home/jparep/miniconda3/envs/dbt-env/lib/python3.11/site-packages/airflow/example_dags/subdags/subdag.py for tasks to queue
[2025-02-17T22:17:47.172-0700] {logging_mixin.py:154} INFO - [2025-02-17T22:17:47.172-0700] {dagbag.py:536} INFO - Filling up the DagBag from /home/jparep/miniconda3/envs/dbt-env/lib/python3.11/site-packages/airflow/example_dags/subdags/subdag.py
[2025-02-17T22:17:47.175-0700] {processor.py:841} WARNING - No viable dags retrieved from /home/jparep/miniconda3/envs/dbt-env/lib/python3.11/site-packages/airflow/example_dags/subdags/subdag.py
[2025-02-17T22:17:47.186-0700] {processor.py:179} INFO - Processing /home/jparep/miniconda3/envs/dbt-env/lib/python3.11/site-packages/airflow/example_dags/subdags/subdag.py took 0.021 seconds
[2025-02-17T22:18:45.066-0700] {processor.py:157} INFO - Started process (PID=149885) to work on /home/jparep/miniconda3/envs/dbt-env/lib/python3.11/site-packages/airflow/example_dags/subdags/subdag.py
[2025-02-17T22:18:45.069-0700] {processor.py:829} INFO - Processing file /home/jparep/miniconda3/envs/dbt-env/lib/python3.11/site-packages/airflow/example_dags/subdags/subdag.py for tasks to queue
[2025-02-17T22:18:45.070-0700] {logging_mixin.py:154} INFO - [2025-02-17T22:18:45.070-0700] {dagbag.py:536} INFO - Filling up the DagBag from /home/jparep/miniconda3/envs/dbt-env/lib/python3.11/site-packages/airflow/example_dags/subdags/subdag.py
[2025-02-17T22:18:45.073-0700] {processor.py:841} WARNING - No viable dags retrieved from /home/jparep/miniconda3/envs/dbt-env/lib/python3.11/site-packages/airflow/example_dags/subdags/subdag.py
[2025-02-17T22:18:45.088-0700] {processor.py:179} INFO - Processing /home/jparep/miniconda3/envs/dbt-env/lib/python3.11/site-packages/airflow/example_dags/subdags/subdag.py took 0.026 seconds
[2025-02-17T22:19:41.629-0700] {processor.py:157} INFO - Started process (PID=150424) to work on /home/jparep/miniconda3/envs/dbt-env/lib/python3.11/site-packages/airflow/example_dags/subdags/subdag.py
[2025-02-17T22:19:41.632-0700] {processor.py:829} INFO - Processing file /home/jparep/miniconda3/envs/dbt-env/lib/python3.11/site-packages/airflow/example_dags/subdags/subdag.py for tasks to queue
[2025-02-17T22:19:41.633-0700] {logging_mixin.py:154} INFO - [2025-02-17T22:19:41.632-0700] {dagbag.py:536} INFO - Filling up the DagBag from /home/jparep/miniconda3/envs/dbt-env/lib/python3.11/site-packages/airflow/example_dags/subdags/subdag.py
[2025-02-17T22:19:41.636-0700] {processor.py:841} WARNING - No viable dags retrieved from /home/jparep/miniconda3/envs/dbt-env/lib/python3.11/site-packages/airflow/example_dags/subdags/subdag.py
[2025-02-17T22:19:41.651-0700] {processor.py:179} INFO - Processing /home/jparep/miniconda3/envs/dbt-env/lib/python3.11/site-packages/airflow/example_dags/subdags/subdag.py took 0.027 seconds
[2025-02-17T22:20:42.366-0700] {processor.py:157} INFO - Started process (PID=150977) to work on /home/jparep/miniconda3/envs/dbt-env/lib/python3.11/site-packages/airflow/example_dags/subdags/subdag.py
[2025-02-17T22:20:42.369-0700] {processor.py:829} INFO - Processing file /home/jparep/miniconda3/envs/dbt-env/lib/python3.11/site-packages/airflow/example_dags/subdags/subdag.py for tasks to queue
[2025-02-17T22:20:42.370-0700] {logging_mixin.py:154} INFO - [2025-02-17T22:20:42.369-0700] {dagbag.py:536} INFO - Filling up the DagBag from /home/jparep/miniconda3/envs/dbt-env/lib/python3.11/site-packages/airflow/example_dags/subdags/subdag.py
[2025-02-17T22:20:42.373-0700] {processor.py:841} WARNING - No viable dags retrieved from /home/jparep/miniconda3/envs/dbt-env/lib/python3.11/site-packages/airflow/example_dags/subdags/subdag.py
[2025-02-17T22:20:42.389-0700] {processor.py:179} INFO - Processing /home/jparep/miniconda3/envs/dbt-env/lib/python3.11/site-packages/airflow/example_dags/subdags/subdag.py took 0.027 seconds
[2025-02-17T22:21:35.374-0700] {processor.py:157} INFO - Started process (PID=151320) to work on /home/jparep/miniconda3/envs/dbt-env/lib/python3.11/site-packages/airflow/example_dags/subdags/subdag.py
[2025-02-17T22:21:35.377-0700] {processor.py:829} INFO - Processing file /home/jparep/miniconda3/envs/dbt-env/lib/python3.11/site-packages/airflow/example_dags/subdags/subdag.py for tasks to queue
[2025-02-17T22:21:35.378-0700] {logging_mixin.py:154} INFO - [2025-02-17T22:21:35.378-0700] {dagbag.py:536} INFO - Filling up the DagBag from /home/jparep/miniconda3/envs/dbt-env/lib/python3.11/site-packages/airflow/example_dags/subdags/subdag.py
[2025-02-17T22:21:35.382-0700] {processor.py:841} WARNING - No viable dags retrieved from /home/jparep/miniconda3/envs/dbt-env/lib/python3.11/site-packages/airflow/example_dags/subdags/subdag.py
[2025-02-17T22:21:35.398-0700] {processor.py:179} INFO - Processing /home/jparep/miniconda3/envs/dbt-env/lib/python3.11/site-packages/airflow/example_dags/subdags/subdag.py took 0.029 seconds
[2025-02-17T22:22:27.928-0700] {processor.py:157} INFO - Started process (PID=151716) to work on /home/jparep/miniconda3/envs/dbt-env/lib/python3.11/site-packages/airflow/example_dags/subdags/subdag.py
[2025-02-17T22:22:27.931-0700] {processor.py:829} INFO - Processing file /home/jparep/miniconda3/envs/dbt-env/lib/python3.11/site-packages/airflow/example_dags/subdags/subdag.py for tasks to queue
[2025-02-17T22:22:27.933-0700] {logging_mixin.py:154} INFO - [2025-02-17T22:22:27.932-0700] {dagbag.py:536} INFO - Filling up the DagBag from /home/jparep/miniconda3/envs/dbt-env/lib/python3.11/site-packages/airflow/example_dags/subdags/subdag.py
[2025-02-17T22:22:27.936-0700] {processor.py:841} WARNING - No viable dags retrieved from /home/jparep/miniconda3/envs/dbt-env/lib/python3.11/site-packages/airflow/example_dags/subdags/subdag.py
[2025-02-17T22:22:27.951-0700] {processor.py:179} INFO - Processing /home/jparep/miniconda3/envs/dbt-env/lib/python3.11/site-packages/airflow/example_dags/subdags/subdag.py took 0.026 seconds
[2025-02-17T22:23:20.530-0700] {processor.py:157} INFO - Started process (PID=152144) to work on /home/jparep/miniconda3/envs/dbt-env/lib/python3.11/site-packages/airflow/example_dags/subdags/subdag.py
[2025-02-17T22:23:20.533-0700] {processor.py:829} INFO - Processing file /home/jparep/miniconda3/envs/dbt-env/lib/python3.11/site-packages/airflow/example_dags/subdags/subdag.py for tasks to queue
[2025-02-17T22:23:20.534-0700] {logging_mixin.py:154} INFO - [2025-02-17T22:23:20.534-0700] {dagbag.py:536} INFO - Filling up the DagBag from /home/jparep/miniconda3/envs/dbt-env/lib/python3.11/site-packages/airflow/example_dags/subdags/subdag.py
[2025-02-17T22:23:20.537-0700] {processor.py:841} WARNING - No viable dags retrieved from /home/jparep/miniconda3/envs/dbt-env/lib/python3.11/site-packages/airflow/example_dags/subdags/subdag.py
[2025-02-17T22:23:20.552-0700] {processor.py:179} INFO - Processing /home/jparep/miniconda3/envs/dbt-env/lib/python3.11/site-packages/airflow/example_dags/subdags/subdag.py took 0.027 seconds
[2025-02-17T22:24:16.520-0700] {processor.py:157} INFO - Started process (PID=152671) to work on /home/jparep/miniconda3/envs/dbt-env/lib/python3.11/site-packages/airflow/example_dags/subdags/subdag.py
[2025-02-17T22:24:16.526-0700] {processor.py:829} INFO - Processing file /home/jparep/miniconda3/envs/dbt-env/lib/python3.11/site-packages/airflow/example_dags/subdags/subdag.py for tasks to queue
[2025-02-17T22:24:16.527-0700] {logging_mixin.py:154} INFO - [2025-02-17T22:24:16.527-0700] {dagbag.py:536} INFO - Filling up the DagBag from /home/jparep/miniconda3/envs/dbt-env/lib/python3.11/site-packages/airflow/example_dags/subdags/subdag.py
[2025-02-17T22:24:16.531-0700] {processor.py:841} WARNING - No viable dags retrieved from /home/jparep/miniconda3/envs/dbt-env/lib/python3.11/site-packages/airflow/example_dags/subdags/subdag.py
[2025-02-17T22:24:16.553-0700] {processor.py:179} INFO - Processing /home/jparep/miniconda3/envs/dbt-env/lib/python3.11/site-packages/airflow/example_dags/subdags/subdag.py took 0.038 seconds
[2025-02-17T22:25:07.593-0700] {processor.py:157} INFO - Started process (PID=153180) to work on /home/jparep/miniconda3/envs/dbt-env/lib/python3.11/site-packages/airflow/example_dags/subdags/subdag.py
[2025-02-17T22:25:07.596-0700] {processor.py:829} INFO - Processing file /home/jparep/miniconda3/envs/dbt-env/lib/python3.11/site-packages/airflow/example_dags/subdags/subdag.py for tasks to queue
[2025-02-17T22:25:07.597-0700] {logging_mixin.py:154} INFO - [2025-02-17T22:25:07.597-0700] {dagbag.py:536} INFO - Filling up the DagBag from /home/jparep/miniconda3/envs/dbt-env/lib/python3.11/site-packages/airflow/example_dags/subdags/subdag.py
[2025-02-17T22:25:07.600-0700] {processor.py:841} WARNING - No viable dags retrieved from /home/jparep/miniconda3/envs/dbt-env/lib/python3.11/site-packages/airflow/example_dags/subdags/subdag.py
[2025-02-17T22:25:07.617-0700] {processor.py:179} INFO - Processing /home/jparep/miniconda3/envs/dbt-env/lib/python3.11/site-packages/airflow/example_dags/subdags/subdag.py took 0.028 seconds
[2025-02-17T22:26:12.583-0700] {processor.py:157} INFO - Started process (PID=153767) to work on /home/jparep/miniconda3/envs/dbt-env/lib/python3.11/site-packages/airflow/example_dags/subdags/subdag.py
[2025-02-17T22:26:12.585-0700] {processor.py:829} INFO - Processing file /home/jparep/miniconda3/envs/dbt-env/lib/python3.11/site-packages/airflow/example_dags/subdags/subdag.py for tasks to queue
[2025-02-17T22:26:12.586-0700] {logging_mixin.py:154} INFO - [2025-02-17T22:26:12.586-0700] {dagbag.py:536} INFO - Filling up the DagBag from /home/jparep/miniconda3/envs/dbt-env/lib/python3.11/site-packages/airflow/example_dags/subdags/subdag.py
[2025-02-17T22:26:12.590-0700] {processor.py:841} WARNING - No viable dags retrieved from /home/jparep/miniconda3/envs/dbt-env/lib/python3.11/site-packages/airflow/example_dags/subdags/subdag.py
[2025-02-17T22:26:12.604-0700] {processor.py:179} INFO - Processing /home/jparep/miniconda3/envs/dbt-env/lib/python3.11/site-packages/airflow/example_dags/subdags/subdag.py took 0.025 seconds
[2025-02-17T22:27:02.590-0700] {processor.py:157} INFO - Started process (PID=154074) to work on /home/jparep/miniconda3/envs/dbt-env/lib/python3.11/site-packages/airflow/example_dags/subdags/subdag.py
[2025-02-17T22:27:02.592-0700] {processor.py:829} INFO - Processing file /home/jparep/miniconda3/envs/dbt-env/lib/python3.11/site-packages/airflow/example_dags/subdags/subdag.py for tasks to queue
[2025-02-17T22:27:02.594-0700] {logging_mixin.py:154} INFO - [2025-02-17T22:27:02.593-0700] {dagbag.py:536} INFO - Filling up the DagBag from /home/jparep/miniconda3/envs/dbt-env/lib/python3.11/site-packages/airflow/example_dags/subdags/subdag.py
[2025-02-17T22:27:02.597-0700] {processor.py:841} WARNING - No viable dags retrieved from /home/jparep/miniconda3/envs/dbt-env/lib/python3.11/site-packages/airflow/example_dags/subdags/subdag.py
[2025-02-17T22:27:02.617-0700] {processor.py:179} INFO - Processing /home/jparep/miniconda3/envs/dbt-env/lib/python3.11/site-packages/airflow/example_dags/subdags/subdag.py took 0.032 seconds
[2025-02-17T22:27:56.893-0700] {processor.py:157} INFO - Started process (PID=154605) to work on /home/jparep/miniconda3/envs/dbt-env/lib/python3.11/site-packages/airflow/example_dags/subdags/subdag.py
[2025-02-17T22:27:56.896-0700] {processor.py:829} INFO - Processing file /home/jparep/miniconda3/envs/dbt-env/lib/python3.11/site-packages/airflow/example_dags/subdags/subdag.py for tasks to queue
[2025-02-17T22:27:56.897-0700] {logging_mixin.py:154} INFO - [2025-02-17T22:27:56.896-0700] {dagbag.py:536} INFO - Filling up the DagBag from /home/jparep/miniconda3/envs/dbt-env/lib/python3.11/site-packages/airflow/example_dags/subdags/subdag.py
[2025-02-17T22:27:56.900-0700] {processor.py:841} WARNING - No viable dags retrieved from /home/jparep/miniconda3/envs/dbt-env/lib/python3.11/site-packages/airflow/example_dags/subdags/subdag.py
[2025-02-17T22:27:56.916-0700] {processor.py:179} INFO - Processing /home/jparep/miniconda3/envs/dbt-env/lib/python3.11/site-packages/airflow/example_dags/subdags/subdag.py took 0.027 seconds
[2025-02-17T22:28:54.630-0700] {processor.py:157} INFO - Started process (PID=155016) to work on /home/jparep/miniconda3/envs/dbt-env/lib/python3.11/site-packages/airflow/example_dags/subdags/subdag.py
[2025-02-17T22:28:54.632-0700] {processor.py:829} INFO - Processing file /home/jparep/miniconda3/envs/dbt-env/lib/python3.11/site-packages/airflow/example_dags/subdags/subdag.py for tasks to queue
[2025-02-17T22:28:54.633-0700] {logging_mixin.py:154} INFO - [2025-02-17T22:28:54.633-0700] {dagbag.py:536} INFO - Filling up the DagBag from /home/jparep/miniconda3/envs/dbt-env/lib/python3.11/site-packages/airflow/example_dags/subdags/subdag.py
[2025-02-17T22:28:54.635-0700] {processor.py:841} WARNING - No viable dags retrieved from /home/jparep/miniconda3/envs/dbt-env/lib/python3.11/site-packages/airflow/example_dags/subdags/subdag.py
[2025-02-17T22:28:54.646-0700] {processor.py:179} INFO - Processing /home/jparep/miniconda3/envs/dbt-env/lib/python3.11/site-packages/airflow/example_dags/subdags/subdag.py took 0.019 seconds
[2025-02-17T22:29:58.757-0700] {processor.py:157} INFO - Started process (PID=155460) to work on /home/jparep/miniconda3/envs/dbt-env/lib/python3.11/site-packages/airflow/example_dags/subdags/subdag.py
[2025-02-17T22:29:58.759-0700] {processor.py:829} INFO - Processing file /home/jparep/miniconda3/envs/dbt-env/lib/python3.11/site-packages/airflow/example_dags/subdags/subdag.py for tasks to queue
[2025-02-17T22:29:58.761-0700] {logging_mixin.py:154} INFO - [2025-02-17T22:29:58.760-0700] {dagbag.py:536} INFO - Filling up the DagBag from /home/jparep/miniconda3/envs/dbt-env/lib/python3.11/site-packages/airflow/example_dags/subdags/subdag.py
[2025-02-17T22:29:58.764-0700] {processor.py:841} WARNING - No viable dags retrieved from /home/jparep/miniconda3/envs/dbt-env/lib/python3.11/site-packages/airflow/example_dags/subdags/subdag.py
[2025-02-17T22:29:58.780-0700] {processor.py:179} INFO - Processing /home/jparep/miniconda3/envs/dbt-env/lib/python3.11/site-packages/airflow/example_dags/subdags/subdag.py took 0.028 seconds
[2025-02-17T22:30:53.048-0700] {processor.py:157} INFO - Started process (PID=156008) to work on /home/jparep/miniconda3/envs/dbt-env/lib/python3.11/site-packages/airflow/example_dags/subdags/subdag.py
[2025-02-17T22:30:53.054-0700] {processor.py:829} INFO - Processing file /home/jparep/miniconda3/envs/dbt-env/lib/python3.11/site-packages/airflow/example_dags/subdags/subdag.py for tasks to queue
[2025-02-17T22:30:53.056-0700] {logging_mixin.py:154} INFO - [2025-02-17T22:30:53.055-0700] {dagbag.py:536} INFO - Filling up the DagBag from /home/jparep/miniconda3/envs/dbt-env/lib/python3.11/site-packages/airflow/example_dags/subdags/subdag.py
[2025-02-17T22:30:53.058-0700] {processor.py:841} WARNING - No viable dags retrieved from /home/jparep/miniconda3/envs/dbt-env/lib/python3.11/site-packages/airflow/example_dags/subdags/subdag.py
[2025-02-17T22:30:53.070-0700] {processor.py:179} INFO - Processing /home/jparep/miniconda3/envs/dbt-env/lib/python3.11/site-packages/airflow/example_dags/subdags/subdag.py took 0.026 seconds
[2025-02-17T22:31:49.534-0700] {processor.py:157} INFO - Started process (PID=156559) to work on /home/jparep/miniconda3/envs/dbt-env/lib/python3.11/site-packages/airflow/example_dags/subdags/subdag.py
[2025-02-17T22:31:49.536-0700] {processor.py:829} INFO - Processing file /home/jparep/miniconda3/envs/dbt-env/lib/python3.11/site-packages/airflow/example_dags/subdags/subdag.py for tasks to queue
[2025-02-17T22:31:49.537-0700] {logging_mixin.py:154} INFO - [2025-02-17T22:31:49.537-0700] {dagbag.py:536} INFO - Filling up the DagBag from /home/jparep/miniconda3/envs/dbt-env/lib/python3.11/site-packages/airflow/example_dags/subdags/subdag.py
[2025-02-17T22:31:49.540-0700] {processor.py:841} WARNING - No viable dags retrieved from /home/jparep/miniconda3/envs/dbt-env/lib/python3.11/site-packages/airflow/example_dags/subdags/subdag.py
[2025-02-17T22:31:49.555-0700] {processor.py:179} INFO - Processing /home/jparep/miniconda3/envs/dbt-env/lib/python3.11/site-packages/airflow/example_dags/subdags/subdag.py took 0.026 seconds
[2025-02-17T22:32:45.169-0700] {processor.py:157} INFO - Started process (PID=156976) to work on /home/jparep/miniconda3/envs/dbt-env/lib/python3.11/site-packages/airflow/example_dags/subdags/subdag.py
[2025-02-17T22:32:45.172-0700] {processor.py:829} INFO - Processing file /home/jparep/miniconda3/envs/dbt-env/lib/python3.11/site-packages/airflow/example_dags/subdags/subdag.py for tasks to queue
[2025-02-17T22:32:45.174-0700] {logging_mixin.py:154} INFO - [2025-02-17T22:32:45.173-0700] {dagbag.py:536} INFO - Filling up the DagBag from /home/jparep/miniconda3/envs/dbt-env/lib/python3.11/site-packages/airflow/example_dags/subdags/subdag.py
[2025-02-17T22:32:45.177-0700] {processor.py:841} WARNING - No viable dags retrieved from /home/jparep/miniconda3/envs/dbt-env/lib/python3.11/site-packages/airflow/example_dags/subdags/subdag.py
[2025-02-17T22:32:45.191-0700] {processor.py:179} INFO - Processing /home/jparep/miniconda3/envs/dbt-env/lib/python3.11/site-packages/airflow/example_dags/subdags/subdag.py took 0.027 seconds
[2025-02-17T22:33:45.007-0700] {processor.py:157} INFO - Started process (PID=157489) to work on /home/jparep/miniconda3/envs/dbt-env/lib/python3.11/site-packages/airflow/example_dags/subdags/subdag.py
[2025-02-17T22:33:45.010-0700] {processor.py:829} INFO - Processing file /home/jparep/miniconda3/envs/dbt-env/lib/python3.11/site-packages/airflow/example_dags/subdags/subdag.py for tasks to queue
[2025-02-17T22:33:45.012-0700] {logging_mixin.py:154} INFO - [2025-02-17T22:33:45.011-0700] {dagbag.py:536} INFO - Filling up the DagBag from /home/jparep/miniconda3/envs/dbt-env/lib/python3.11/site-packages/airflow/example_dags/subdags/subdag.py
[2025-02-17T22:33:45.015-0700] {processor.py:841} WARNING - No viable dags retrieved from /home/jparep/miniconda3/envs/dbt-env/lib/python3.11/site-packages/airflow/example_dags/subdags/subdag.py
[2025-02-17T22:33:45.032-0700] {processor.py:179} INFO - Processing /home/jparep/miniconda3/envs/dbt-env/lib/python3.11/site-packages/airflow/example_dags/subdags/subdag.py took 0.032 seconds
[2025-02-17T22:34:38.641-0700] {processor.py:157} INFO - Started process (PID=157888) to work on /home/jparep/miniconda3/envs/dbt-env/lib/python3.11/site-packages/airflow/example_dags/subdags/subdag.py
[2025-02-17T22:34:38.643-0700] {processor.py:829} INFO - Processing file /home/jparep/miniconda3/envs/dbt-env/lib/python3.11/site-packages/airflow/example_dags/subdags/subdag.py for tasks to queue
[2025-02-17T22:34:38.645-0700] {logging_mixin.py:154} INFO - [2025-02-17T22:34:38.644-0700] {dagbag.py:536} INFO - Filling up the DagBag from /home/jparep/miniconda3/envs/dbt-env/lib/python3.11/site-packages/airflow/example_dags/subdags/subdag.py
[2025-02-17T22:34:38.651-0700] {processor.py:841} WARNING - No viable dags retrieved from /home/jparep/miniconda3/envs/dbt-env/lib/python3.11/site-packages/airflow/example_dags/subdags/subdag.py
[2025-02-17T22:34:38.674-0700] {processor.py:179} INFO - Processing /home/jparep/miniconda3/envs/dbt-env/lib/python3.11/site-packages/airflow/example_dags/subdags/subdag.py took 0.040 seconds
[2025-02-17T22:35:31.528-0700] {processor.py:157} INFO - Started process (PID=158189) to work on /home/jparep/miniconda3/envs/dbt-env/lib/python3.11/site-packages/airflow/example_dags/subdags/subdag.py
[2025-02-17T22:35:31.531-0700] {processor.py:829} INFO - Processing file /home/jparep/miniconda3/envs/dbt-env/lib/python3.11/site-packages/airflow/example_dags/subdags/subdag.py for tasks to queue
[2025-02-17T22:35:31.533-0700] {logging_mixin.py:154} INFO - [2025-02-17T22:35:31.532-0700] {dagbag.py:536} INFO - Filling up the DagBag from /home/jparep/miniconda3/envs/dbt-env/lib/python3.11/site-packages/airflow/example_dags/subdags/subdag.py
[2025-02-17T22:35:31.537-0700] {processor.py:841} WARNING - No viable dags retrieved from /home/jparep/miniconda3/envs/dbt-env/lib/python3.11/site-packages/airflow/example_dags/subdags/subdag.py
[2025-02-17T22:35:31.554-0700] {processor.py:179} INFO - Processing /home/jparep/miniconda3/envs/dbt-env/lib/python3.11/site-packages/airflow/example_dags/subdags/subdag.py took 0.031 seconds
[2025-02-17T22:36:32.701-0700] {processor.py:157} INFO - Started process (PID=158750) to work on /home/jparep/miniconda3/envs/dbt-env/lib/python3.11/site-packages/airflow/example_dags/subdags/subdag.py
[2025-02-17T22:36:32.702-0700] {processor.py:829} INFO - Processing file /home/jparep/miniconda3/envs/dbt-env/lib/python3.11/site-packages/airflow/example_dags/subdags/subdag.py for tasks to queue
[2025-02-17T22:36:32.703-0700] {logging_mixin.py:154} INFO - [2025-02-17T22:36:32.702-0700] {dagbag.py:536} INFO - Filling up the DagBag from /home/jparep/miniconda3/envs/dbt-env/lib/python3.11/site-packages/airflow/example_dags/subdags/subdag.py
[2025-02-17T22:36:32.704-0700] {processor.py:841} WARNING - No viable dags retrieved from /home/jparep/miniconda3/envs/dbt-env/lib/python3.11/site-packages/airflow/example_dags/subdags/subdag.py
[2025-02-17T22:36:32.715-0700] {processor.py:179} INFO - Processing /home/jparep/miniconda3/envs/dbt-env/lib/python3.11/site-packages/airflow/example_dags/subdags/subdag.py took 0.016 seconds
[2025-02-17T22:37:31.600-0700] {processor.py:157} INFO - Started process (PID=159881) to work on /home/jparep/miniconda3/envs/dbt-env/lib/python3.11/site-packages/airflow/example_dags/subdags/subdag.py
[2025-02-17T22:37:31.603-0700] {processor.py:829} INFO - Processing file /home/jparep/miniconda3/envs/dbt-env/lib/python3.11/site-packages/airflow/example_dags/subdags/subdag.py for tasks to queue
[2025-02-17T22:37:31.605-0700] {logging_mixin.py:154} INFO - [2025-02-17T22:37:31.605-0700] {dagbag.py:536} INFO - Filling up the DagBag from /home/jparep/miniconda3/envs/dbt-env/lib/python3.11/site-packages/airflow/example_dags/subdags/subdag.py
[2025-02-17T22:37:31.608-0700] {processor.py:841} WARNING - No viable dags retrieved from /home/jparep/miniconda3/envs/dbt-env/lib/python3.11/site-packages/airflow/example_dags/subdags/subdag.py
[2025-02-17T22:37:31.623-0700] {processor.py:179} INFO - Processing /home/jparep/miniconda3/envs/dbt-env/lib/python3.11/site-packages/airflow/example_dags/subdags/subdag.py took 0.026 seconds
[2025-02-17T22:38:21.267-0700] {processor.py:157} INFO - Started process (PID=160547) to work on /home/jparep/miniconda3/envs/dbt-env/lib/python3.11/site-packages/airflow/example_dags/subdags/subdag.py
[2025-02-17T22:38:21.271-0700] {processor.py:829} INFO - Processing file /home/jparep/miniconda3/envs/dbt-env/lib/python3.11/site-packages/airflow/example_dags/subdags/subdag.py for tasks to queue
[2025-02-17T22:38:21.273-0700] {logging_mixin.py:154} INFO - [2025-02-17T22:38:21.272-0700] {dagbag.py:536} INFO - Filling up the DagBag from /home/jparep/miniconda3/envs/dbt-env/lib/python3.11/site-packages/airflow/example_dags/subdags/subdag.py
[2025-02-17T22:38:21.278-0700] {processor.py:841} WARNING - No viable dags retrieved from /home/jparep/miniconda3/envs/dbt-env/lib/python3.11/site-packages/airflow/example_dags/subdags/subdag.py
[2025-02-17T22:38:21.303-0700] {processor.py:179} INFO - Processing /home/jparep/miniconda3/envs/dbt-env/lib/python3.11/site-packages/airflow/example_dags/subdags/subdag.py took 0.044 seconds
[2025-02-17T22:39:15.634-0700] {processor.py:157} INFO - Started process (PID=161144) to work on /home/jparep/miniconda3/envs/dbt-env/lib/python3.11/site-packages/airflow/example_dags/subdags/subdag.py
[2025-02-17T22:39:15.637-0700] {processor.py:829} INFO - Processing file /home/jparep/miniconda3/envs/dbt-env/lib/python3.11/site-packages/airflow/example_dags/subdags/subdag.py for tasks to queue
[2025-02-17T22:39:15.638-0700] {logging_mixin.py:154} INFO - [2025-02-17T22:39:15.637-0700] {dagbag.py:536} INFO - Filling up the DagBag from /home/jparep/miniconda3/envs/dbt-env/lib/python3.11/site-packages/airflow/example_dags/subdags/subdag.py
[2025-02-17T22:39:15.640-0700] {processor.py:841} WARNING - No viable dags retrieved from /home/jparep/miniconda3/envs/dbt-env/lib/python3.11/site-packages/airflow/example_dags/subdags/subdag.py
[2025-02-17T22:39:15.655-0700] {processor.py:179} INFO - Processing /home/jparep/miniconda3/envs/dbt-env/lib/python3.11/site-packages/airflow/example_dags/subdags/subdag.py took 0.026 seconds
[2025-02-17T22:40:12.834-0700] {processor.py:157} INFO - Started process (PID=161575) to work on /home/jparep/miniconda3/envs/dbt-env/lib/python3.11/site-packages/airflow/example_dags/subdags/subdag.py
[2025-02-17T22:40:12.837-0700] {processor.py:829} INFO - Processing file /home/jparep/miniconda3/envs/dbt-env/lib/python3.11/site-packages/airflow/example_dags/subdags/subdag.py for tasks to queue
[2025-02-17T22:40:12.839-0700] {logging_mixin.py:154} INFO - [2025-02-17T22:40:12.838-0700] {dagbag.py:536} INFO - Filling up the DagBag from /home/jparep/miniconda3/envs/dbt-env/lib/python3.11/site-packages/airflow/example_dags/subdags/subdag.py
[2025-02-17T22:40:12.842-0700] {processor.py:841} WARNING - No viable dags retrieved from /home/jparep/miniconda3/envs/dbt-env/lib/python3.11/site-packages/airflow/example_dags/subdags/subdag.py
[2025-02-17T22:40:12.865-0700] {processor.py:179} INFO - Processing /home/jparep/miniconda3/envs/dbt-env/lib/python3.11/site-packages/airflow/example_dags/subdags/subdag.py took 0.039 seconds
[2025-02-17T22:41:09.202-0700] {processor.py:157} INFO - Started process (PID=162114) to work on /home/jparep/miniconda3/envs/dbt-env/lib/python3.11/site-packages/airflow/example_dags/subdags/subdag.py
[2025-02-17T22:41:09.205-0700] {processor.py:829} INFO - Processing file /home/jparep/miniconda3/envs/dbt-env/lib/python3.11/site-packages/airflow/example_dags/subdags/subdag.py for tasks to queue
[2025-02-17T22:41:09.206-0700] {logging_mixin.py:154} INFO - [2025-02-17T22:41:09.205-0700] {dagbag.py:536} INFO - Filling up the DagBag from /home/jparep/miniconda3/envs/dbt-env/lib/python3.11/site-packages/airflow/example_dags/subdags/subdag.py
[2025-02-17T22:41:09.209-0700] {processor.py:841} WARNING - No viable dags retrieved from /home/jparep/miniconda3/envs/dbt-env/lib/python3.11/site-packages/airflow/example_dags/subdags/subdag.py
[2025-02-17T22:41:09.223-0700] {processor.py:179} INFO - Processing /home/jparep/miniconda3/envs/dbt-env/lib/python3.11/site-packages/airflow/example_dags/subdags/subdag.py took 0.025 seconds
[2025-02-17T22:42:11.706-0700] {processor.py:157} INFO - Started process (PID=162506) to work on /home/jparep/miniconda3/envs/dbt-env/lib/python3.11/site-packages/airflow/example_dags/subdags/subdag.py
[2025-02-17T22:42:11.708-0700] {processor.py:829} INFO - Processing file /home/jparep/miniconda3/envs/dbt-env/lib/python3.11/site-packages/airflow/example_dags/subdags/subdag.py for tasks to queue
[2025-02-17T22:42:11.710-0700] {logging_mixin.py:154} INFO - [2025-02-17T22:42:11.709-0700] {dagbag.py:536} INFO - Filling up the DagBag from /home/jparep/miniconda3/envs/dbt-env/lib/python3.11/site-packages/airflow/example_dags/subdags/subdag.py
[2025-02-17T22:42:11.713-0700] {processor.py:841} WARNING - No viable dags retrieved from /home/jparep/miniconda3/envs/dbt-env/lib/python3.11/site-packages/airflow/example_dags/subdags/subdag.py
[2025-02-17T22:42:11.727-0700] {processor.py:179} INFO - Processing /home/jparep/miniconda3/envs/dbt-env/lib/python3.11/site-packages/airflow/example_dags/subdags/subdag.py took 0.026 seconds
