[2025-02-17T22:16:35.720-0700] {processor.py:157} INFO - Started process (PID=148772) to work on /home/jparep/miniconda3/envs/dbt-env/lib/python3.11/site-packages/airflow/example_dags/plugins/event_listener.py
[2025-02-17T22:16:35.721-0700] {processor.py:829} INFO - Processing file /home/jparep/miniconda3/envs/dbt-env/lib/python3.11/site-packages/airflow/example_dags/plugins/event_listener.py for tasks to queue
[2025-02-17T22:16:35.722-0700] {logging_mixin.py:154} INFO - [2025-02-17T22:16:35.721-0700] {dagbag.py:536} INFO - Filling up the DagBag from /home/jparep/miniconda3/envs/dbt-env/lib/python3.11/site-packages/airflow/example_dags/plugins/event_listener.py
[2025-02-17T22:16:35.724-0700] {processor.py:841} WARNING - No viable dags retrieved from /home/jparep/miniconda3/envs/dbt-env/lib/python3.11/site-packages/airflow/example_dags/plugins/event_listener.py
[2025-02-17T22:16:35.737-0700] {processor.py:179} INFO - Processing /home/jparep/miniconda3/envs/dbt-env/lib/python3.11/site-packages/airflow/example_dags/plugins/event_listener.py took 0.021 seconds
[2025-02-17T22:17:48.428-0700] {processor.py:157} INFO - Started process (PID=149341) to work on /home/jparep/miniconda3/envs/dbt-env/lib/python3.11/site-packages/airflow/example_dags/plugins/event_listener.py
[2025-02-17T22:17:48.431-0700] {processor.py:829} INFO - Processing file /home/jparep/miniconda3/envs/dbt-env/lib/python3.11/site-packages/airflow/example_dags/plugins/event_listener.py for tasks to queue
[2025-02-17T22:17:48.433-0700] {logging_mixin.py:154} INFO - [2025-02-17T22:17:48.432-0700] {dagbag.py:536} INFO - Filling up the DagBag from /home/jparep/miniconda3/envs/dbt-env/lib/python3.11/site-packages/airflow/example_dags/plugins/event_listener.py
[2025-02-17T22:17:48.437-0700] {processor.py:841} WARNING - No viable dags retrieved from /home/jparep/miniconda3/envs/dbt-env/lib/python3.11/site-packages/airflow/example_dags/plugins/event_listener.py
[2025-02-17T22:17:48.453-0700] {processor.py:179} INFO - Processing /home/jparep/miniconda3/envs/dbt-env/lib/python3.11/site-packages/airflow/example_dags/plugins/event_listener.py took 0.032 seconds
[2025-02-17T22:18:46.202-0700] {processor.py:157} INFO - Started process (PID=149898) to work on /home/jparep/miniconda3/envs/dbt-env/lib/python3.11/site-packages/airflow/example_dags/plugins/event_listener.py
[2025-02-17T22:18:46.205-0700] {processor.py:829} INFO - Processing file /home/jparep/miniconda3/envs/dbt-env/lib/python3.11/site-packages/airflow/example_dags/plugins/event_listener.py for tasks to queue
[2025-02-17T22:18:46.206-0700] {logging_mixin.py:154} INFO - [2025-02-17T22:18:46.205-0700] {dagbag.py:536} INFO - Filling up the DagBag from /home/jparep/miniconda3/envs/dbt-env/lib/python3.11/site-packages/airflow/example_dags/plugins/event_listener.py
[2025-02-17T22:18:46.209-0700] {processor.py:841} WARNING - No viable dags retrieved from /home/jparep/miniconda3/envs/dbt-env/lib/python3.11/site-packages/airflow/example_dags/plugins/event_listener.py
[2025-02-17T22:18:46.221-0700] {processor.py:179} INFO - Processing /home/jparep/miniconda3/envs/dbt-env/lib/python3.11/site-packages/airflow/example_dags/plugins/event_listener.py took 0.023 seconds
[2025-02-17T22:19:42.780-0700] {processor.py:157} INFO - Started process (PID=150425) to work on /home/jparep/miniconda3/envs/dbt-env/lib/python3.11/site-packages/airflow/example_dags/plugins/event_listener.py
[2025-02-17T22:19:42.783-0700] {processor.py:829} INFO - Processing file /home/jparep/miniconda3/envs/dbt-env/lib/python3.11/site-packages/airflow/example_dags/plugins/event_listener.py for tasks to queue
[2025-02-17T22:19:42.784-0700] {logging_mixin.py:154} INFO - [2025-02-17T22:19:42.783-0700] {dagbag.py:536} INFO - Filling up the DagBag from /home/jparep/miniconda3/envs/dbt-env/lib/python3.11/site-packages/airflow/example_dags/plugins/event_listener.py
[2025-02-17T22:19:42.787-0700] {processor.py:841} WARNING - No viable dags retrieved from /home/jparep/miniconda3/envs/dbt-env/lib/python3.11/site-packages/airflow/example_dags/plugins/event_listener.py
[2025-02-17T22:19:42.801-0700] {processor.py:179} INFO - Processing /home/jparep/miniconda3/envs/dbt-env/lib/python3.11/site-packages/airflow/example_dags/plugins/event_listener.py took 0.026 seconds
[2025-02-17T22:20:42.790-0700] {processor.py:157} INFO - Started process (PID=150978) to work on /home/jparep/miniconda3/envs/dbt-env/lib/python3.11/site-packages/airflow/example_dags/plugins/event_listener.py
[2025-02-17T22:20:42.792-0700] {processor.py:829} INFO - Processing file /home/jparep/miniconda3/envs/dbt-env/lib/python3.11/site-packages/airflow/example_dags/plugins/event_listener.py for tasks to queue
[2025-02-17T22:20:42.793-0700] {logging_mixin.py:154} INFO - [2025-02-17T22:20:42.793-0700] {dagbag.py:536} INFO - Filling up the DagBag from /home/jparep/miniconda3/envs/dbt-env/lib/python3.11/site-packages/airflow/example_dags/plugins/event_listener.py
[2025-02-17T22:20:42.796-0700] {processor.py:841} WARNING - No viable dags retrieved from /home/jparep/miniconda3/envs/dbt-env/lib/python3.11/site-packages/airflow/example_dags/plugins/event_listener.py
[2025-02-17T22:20:42.811-0700] {processor.py:179} INFO - Processing /home/jparep/miniconda3/envs/dbt-env/lib/python3.11/site-packages/airflow/example_dags/plugins/event_listener.py took 0.026 seconds
[2025-02-17T22:21:36.027-0700] {processor.py:157} INFO - Started process (PID=151333) to work on /home/jparep/miniconda3/envs/dbt-env/lib/python3.11/site-packages/airflow/example_dags/plugins/event_listener.py
[2025-02-17T22:21:36.030-0700] {processor.py:829} INFO - Processing file /home/jparep/miniconda3/envs/dbt-env/lib/python3.11/site-packages/airflow/example_dags/plugins/event_listener.py for tasks to queue
[2025-02-17T22:21:36.031-0700] {logging_mixin.py:154} INFO - [2025-02-17T22:21:36.031-0700] {dagbag.py:536} INFO - Filling up the DagBag from /home/jparep/miniconda3/envs/dbt-env/lib/python3.11/site-packages/airflow/example_dags/plugins/event_listener.py
[2025-02-17T22:21:36.035-0700] {processor.py:841} WARNING - No viable dags retrieved from /home/jparep/miniconda3/envs/dbt-env/lib/python3.11/site-packages/airflow/example_dags/plugins/event_listener.py
[2025-02-17T22:21:36.049-0700] {processor.py:179} INFO - Processing /home/jparep/miniconda3/envs/dbt-env/lib/python3.11/site-packages/airflow/example_dags/plugins/event_listener.py took 0.026 seconds
[2025-02-17T22:22:29.074-0700] {processor.py:157} INFO - Started process (PID=151717) to work on /home/jparep/miniconda3/envs/dbt-env/lib/python3.11/site-packages/airflow/example_dags/plugins/event_listener.py
[2025-02-17T22:22:29.076-0700] {processor.py:829} INFO - Processing file /home/jparep/miniconda3/envs/dbt-env/lib/python3.11/site-packages/airflow/example_dags/plugins/event_listener.py for tasks to queue
[2025-02-17T22:22:29.078-0700] {logging_mixin.py:154} INFO - [2025-02-17T22:22:29.077-0700] {dagbag.py:536} INFO - Filling up the DagBag from /home/jparep/miniconda3/envs/dbt-env/lib/python3.11/site-packages/airflow/example_dags/plugins/event_listener.py
[2025-02-17T22:22:29.081-0700] {processor.py:841} WARNING - No viable dags retrieved from /home/jparep/miniconda3/envs/dbt-env/lib/python3.11/site-packages/airflow/example_dags/plugins/event_listener.py
[2025-02-17T22:22:29.095-0700] {processor.py:179} INFO - Processing /home/jparep/miniconda3/envs/dbt-env/lib/python3.11/site-packages/airflow/example_dags/plugins/event_listener.py took 0.026 seconds
[2025-02-17T22:23:21.685-0700] {processor.py:157} INFO - Started process (PID=152151) to work on /home/jparep/miniconda3/envs/dbt-env/lib/python3.11/site-packages/airflow/example_dags/plugins/event_listener.py
[2025-02-17T22:23:21.688-0700] {processor.py:829} INFO - Processing file /home/jparep/miniconda3/envs/dbt-env/lib/python3.11/site-packages/airflow/example_dags/plugins/event_listener.py for tasks to queue
[2025-02-17T22:23:21.689-0700] {logging_mixin.py:154} INFO - [2025-02-17T22:23:21.688-0700] {dagbag.py:536} INFO - Filling up the DagBag from /home/jparep/miniconda3/envs/dbt-env/lib/python3.11/site-packages/airflow/example_dags/plugins/event_listener.py
[2025-02-17T22:23:21.693-0700] {processor.py:841} WARNING - No viable dags retrieved from /home/jparep/miniconda3/envs/dbt-env/lib/python3.11/site-packages/airflow/example_dags/plugins/event_listener.py
[2025-02-17T22:23:21.706-0700] {processor.py:179} INFO - Processing /home/jparep/miniconda3/envs/dbt-env/lib/python3.11/site-packages/airflow/example_dags/plugins/event_listener.py took 0.026 seconds
[2025-02-17T22:24:17.684-0700] {processor.py:157} INFO - Started process (PID=152678) to work on /home/jparep/miniconda3/envs/dbt-env/lib/python3.11/site-packages/airflow/example_dags/plugins/event_listener.py
[2025-02-17T22:24:17.687-0700] {processor.py:829} INFO - Processing file /home/jparep/miniconda3/envs/dbt-env/lib/python3.11/site-packages/airflow/example_dags/plugins/event_listener.py for tasks to queue
[2025-02-17T22:24:17.688-0700] {logging_mixin.py:154} INFO - [2025-02-17T22:24:17.687-0700] {dagbag.py:536} INFO - Filling up the DagBag from /home/jparep/miniconda3/envs/dbt-env/lib/python3.11/site-packages/airflow/example_dags/plugins/event_listener.py
[2025-02-17T22:24:17.692-0700] {processor.py:841} WARNING - No viable dags retrieved from /home/jparep/miniconda3/envs/dbt-env/lib/python3.11/site-packages/airflow/example_dags/plugins/event_listener.py
[2025-02-17T22:24:17.706-0700] {processor.py:179} INFO - Processing /home/jparep/miniconda3/envs/dbt-env/lib/python3.11/site-packages/airflow/example_dags/plugins/event_listener.py took 0.027 seconds
[2025-02-17T22:25:08.753-0700] {processor.py:157} INFO - Started process (PID=153187) to work on /home/jparep/miniconda3/envs/dbt-env/lib/python3.11/site-packages/airflow/example_dags/plugins/event_listener.py
[2025-02-17T22:25:08.755-0700] {processor.py:829} INFO - Processing file /home/jparep/miniconda3/envs/dbt-env/lib/python3.11/site-packages/airflow/example_dags/plugins/event_listener.py for tasks to queue
[2025-02-17T22:25:08.757-0700] {logging_mixin.py:154} INFO - [2025-02-17T22:25:08.756-0700] {dagbag.py:536} INFO - Filling up the DagBag from /home/jparep/miniconda3/envs/dbt-env/lib/python3.11/site-packages/airflow/example_dags/plugins/event_listener.py
[2025-02-17T22:25:08.760-0700] {processor.py:841} WARNING - No viable dags retrieved from /home/jparep/miniconda3/envs/dbt-env/lib/python3.11/site-packages/airflow/example_dags/plugins/event_listener.py
[2025-02-17T22:25:08.774-0700] {processor.py:179} INFO - Processing /home/jparep/miniconda3/envs/dbt-env/lib/python3.11/site-packages/airflow/example_dags/plugins/event_listener.py took 0.026 seconds
[2025-02-17T22:26:13.732-0700] {processor.py:157} INFO - Started process (PID=153768) to work on /home/jparep/miniconda3/envs/dbt-env/lib/python3.11/site-packages/airflow/example_dags/plugins/event_listener.py
[2025-02-17T22:26:13.734-0700] {processor.py:829} INFO - Processing file /home/jparep/miniconda3/envs/dbt-env/lib/python3.11/site-packages/airflow/example_dags/plugins/event_listener.py for tasks to queue
[2025-02-17T22:26:13.735-0700] {logging_mixin.py:154} INFO - [2025-02-17T22:26:13.734-0700] {dagbag.py:536} INFO - Filling up the DagBag from /home/jparep/miniconda3/envs/dbt-env/lib/python3.11/site-packages/airflow/example_dags/plugins/event_listener.py
[2025-02-17T22:26:13.738-0700] {processor.py:841} WARNING - No viable dags retrieved from /home/jparep/miniconda3/envs/dbt-env/lib/python3.11/site-packages/airflow/example_dags/plugins/event_listener.py
[2025-02-17T22:26:13.752-0700] {processor.py:179} INFO - Processing /home/jparep/miniconda3/envs/dbt-env/lib/python3.11/site-packages/airflow/example_dags/plugins/event_listener.py took 0.024 seconds
[2025-02-17T22:27:03.738-0700] {processor.py:157} INFO - Started process (PID=154081) to work on /home/jparep/miniconda3/envs/dbt-env/lib/python3.11/site-packages/airflow/example_dags/plugins/event_listener.py
[2025-02-17T22:27:03.741-0700] {processor.py:829} INFO - Processing file /home/jparep/miniconda3/envs/dbt-env/lib/python3.11/site-packages/airflow/example_dags/plugins/event_listener.py for tasks to queue
[2025-02-17T22:27:03.743-0700] {logging_mixin.py:154} INFO - [2025-02-17T22:27:03.742-0700] {dagbag.py:536} INFO - Filling up the DagBag from /home/jparep/miniconda3/envs/dbt-env/lib/python3.11/site-packages/airflow/example_dags/plugins/event_listener.py
[2025-02-17T22:27:03.746-0700] {processor.py:841} WARNING - No viable dags retrieved from /home/jparep/miniconda3/envs/dbt-env/lib/python3.11/site-packages/airflow/example_dags/plugins/event_listener.py
[2025-02-17T22:27:03.761-0700] {processor.py:179} INFO - Processing /home/jparep/miniconda3/envs/dbt-env/lib/python3.11/site-packages/airflow/example_dags/plugins/event_listener.py took 0.027 seconds
[2025-02-17T22:27:58.043-0700] {processor.py:157} INFO - Started process (PID=154612) to work on /home/jparep/miniconda3/envs/dbt-env/lib/python3.11/site-packages/airflow/example_dags/plugins/event_listener.py
[2025-02-17T22:27:58.046-0700] {processor.py:829} INFO - Processing file /home/jparep/miniconda3/envs/dbt-env/lib/python3.11/site-packages/airflow/example_dags/plugins/event_listener.py for tasks to queue
[2025-02-17T22:27:58.048-0700] {logging_mixin.py:154} INFO - [2025-02-17T22:27:58.047-0700] {dagbag.py:536} INFO - Filling up the DagBag from /home/jparep/miniconda3/envs/dbt-env/lib/python3.11/site-packages/airflow/example_dags/plugins/event_listener.py
[2025-02-17T22:27:58.055-0700] {processor.py:841} WARNING - No viable dags retrieved from /home/jparep/miniconda3/envs/dbt-env/lib/python3.11/site-packages/airflow/example_dags/plugins/event_listener.py
[2025-02-17T22:27:58.077-0700] {processor.py:179} INFO - Processing /home/jparep/miniconda3/envs/dbt-env/lib/python3.11/site-packages/airflow/example_dags/plugins/event_listener.py took 0.043 seconds
[2025-02-17T22:28:55.426-0700] {processor.py:157} INFO - Started process (PID=155020) to work on /home/jparep/miniconda3/envs/dbt-env/lib/python3.11/site-packages/airflow/example_dags/plugins/event_listener.py
[2025-02-17T22:28:55.429-0700] {processor.py:829} INFO - Processing file /home/jparep/miniconda3/envs/dbt-env/lib/python3.11/site-packages/airflow/example_dags/plugins/event_listener.py for tasks to queue
[2025-02-17T22:28:55.430-0700] {logging_mixin.py:154} INFO - [2025-02-17T22:28:55.429-0700] {dagbag.py:536} INFO - Filling up the DagBag from /home/jparep/miniconda3/envs/dbt-env/lib/python3.11/site-packages/airflow/example_dags/plugins/event_listener.py
[2025-02-17T22:28:55.433-0700] {processor.py:841} WARNING - No viable dags retrieved from /home/jparep/miniconda3/envs/dbt-env/lib/python3.11/site-packages/airflow/example_dags/plugins/event_listener.py
[2025-02-17T22:28:55.448-0700] {processor.py:179} INFO - Processing /home/jparep/miniconda3/envs/dbt-env/lib/python3.11/site-packages/airflow/example_dags/plugins/event_listener.py took 0.026 seconds
[2025-02-17T22:29:59.900-0700] {processor.py:157} INFO - Started process (PID=155464) to work on /home/jparep/miniconda3/envs/dbt-env/lib/python3.11/site-packages/airflow/example_dags/plugins/event_listener.py
[2025-02-17T22:29:59.902-0700] {processor.py:829} INFO - Processing file /home/jparep/miniconda3/envs/dbt-env/lib/python3.11/site-packages/airflow/example_dags/plugins/event_listener.py for tasks to queue
[2025-02-17T22:29:59.903-0700] {logging_mixin.py:154} INFO - [2025-02-17T22:29:59.902-0700] {dagbag.py:536} INFO - Filling up the DagBag from /home/jparep/miniconda3/envs/dbt-env/lib/python3.11/site-packages/airflow/example_dags/plugins/event_listener.py
[2025-02-17T22:29:59.905-0700] {processor.py:841} WARNING - No viable dags retrieved from /home/jparep/miniconda3/envs/dbt-env/lib/python3.11/site-packages/airflow/example_dags/plugins/event_listener.py
[2025-02-17T22:29:59.915-0700] {processor.py:179} INFO - Processing /home/jparep/miniconda3/envs/dbt-env/lib/python3.11/site-packages/airflow/example_dags/plugins/event_listener.py took 0.019 seconds
[2025-02-17T22:30:54.194-0700] {processor.py:157} INFO - Started process (PID=156017) to work on /home/jparep/miniconda3/envs/dbt-env/lib/python3.11/site-packages/airflow/example_dags/plugins/event_listener.py
[2025-02-17T22:30:54.198-0700] {processor.py:829} INFO - Processing file /home/jparep/miniconda3/envs/dbt-env/lib/python3.11/site-packages/airflow/example_dags/plugins/event_listener.py for tasks to queue
[2025-02-17T22:30:54.199-0700] {logging_mixin.py:154} INFO - [2025-02-17T22:30:54.198-0700] {dagbag.py:536} INFO - Filling up the DagBag from /home/jparep/miniconda3/envs/dbt-env/lib/python3.11/site-packages/airflow/example_dags/plugins/event_listener.py
[2025-02-17T22:30:54.202-0700] {processor.py:841} WARNING - No viable dags retrieved from /home/jparep/miniconda3/envs/dbt-env/lib/python3.11/site-packages/airflow/example_dags/plugins/event_listener.py
[2025-02-17T22:30:54.216-0700] {processor.py:179} INFO - Processing /home/jparep/miniconda3/envs/dbt-env/lib/python3.11/site-packages/airflow/example_dags/plugins/event_listener.py took 0.026 seconds
[2025-02-17T22:31:50.674-0700] {processor.py:157} INFO - Started process (PID=156566) to work on /home/jparep/miniconda3/envs/dbt-env/lib/python3.11/site-packages/airflow/example_dags/plugins/event_listener.py
[2025-02-17T22:31:50.676-0700] {processor.py:829} INFO - Processing file /home/jparep/miniconda3/envs/dbt-env/lib/python3.11/site-packages/airflow/example_dags/plugins/event_listener.py for tasks to queue
[2025-02-17T22:31:50.677-0700] {logging_mixin.py:154} INFO - [2025-02-17T22:31:50.677-0700] {dagbag.py:536} INFO - Filling up the DagBag from /home/jparep/miniconda3/envs/dbt-env/lib/python3.11/site-packages/airflow/example_dags/plugins/event_listener.py
[2025-02-17T22:31:50.680-0700] {processor.py:841} WARNING - No viable dags retrieved from /home/jparep/miniconda3/envs/dbt-env/lib/python3.11/site-packages/airflow/example_dags/plugins/event_listener.py
[2025-02-17T22:31:50.693-0700] {processor.py:179} INFO - Processing /home/jparep/miniconda3/envs/dbt-env/lib/python3.11/site-packages/airflow/example_dags/plugins/event_listener.py took 0.023 seconds
[2025-02-17T22:32:46.241-0700] {processor.py:157} INFO - Started process (PID=156977) to work on /home/jparep/miniconda3/envs/dbt-env/lib/python3.11/site-packages/airflow/example_dags/plugins/event_listener.py
[2025-02-17T22:32:46.244-0700] {processor.py:829} INFO - Processing file /home/jparep/miniconda3/envs/dbt-env/lib/python3.11/site-packages/airflow/example_dags/plugins/event_listener.py for tasks to queue
[2025-02-17T22:32:46.246-0700] {logging_mixin.py:154} INFO - [2025-02-17T22:32:46.245-0700] {dagbag.py:536} INFO - Filling up the DagBag from /home/jparep/miniconda3/envs/dbt-env/lib/python3.11/site-packages/airflow/example_dags/plugins/event_listener.py
[2025-02-17T22:32:46.250-0700] {processor.py:841} WARNING - No viable dags retrieved from /home/jparep/miniconda3/envs/dbt-env/lib/python3.11/site-packages/airflow/example_dags/plugins/event_listener.py
[2025-02-17T22:32:46.266-0700] {processor.py:179} INFO - Processing /home/jparep/miniconda3/envs/dbt-env/lib/python3.11/site-packages/airflow/example_dags/plugins/event_listener.py took 0.030 seconds
[2025-02-17T22:33:46.144-0700] {processor.py:157} INFO - Started process (PID=157496) to work on /home/jparep/miniconda3/envs/dbt-env/lib/python3.11/site-packages/airflow/example_dags/plugins/event_listener.py
[2025-02-17T22:33:46.147-0700] {processor.py:829} INFO - Processing file /home/jparep/miniconda3/envs/dbt-env/lib/python3.11/site-packages/airflow/example_dags/plugins/event_listener.py for tasks to queue
[2025-02-17T22:33:46.147-0700] {logging_mixin.py:154} INFO - [2025-02-17T22:33:46.147-0700] {dagbag.py:536} INFO - Filling up the DagBag from /home/jparep/miniconda3/envs/dbt-env/lib/python3.11/site-packages/airflow/example_dags/plugins/event_listener.py
[2025-02-17T22:33:46.149-0700] {processor.py:841} WARNING - No viable dags retrieved from /home/jparep/miniconda3/envs/dbt-env/lib/python3.11/site-packages/airflow/example_dags/plugins/event_listener.py
[2025-02-17T22:33:46.159-0700] {processor.py:179} INFO - Processing /home/jparep/miniconda3/envs/dbt-env/lib/python3.11/site-packages/airflow/example_dags/plugins/event_listener.py took 0.017 seconds
[2025-02-17T22:34:39.120-0700] {processor.py:157} INFO - Started process (PID=157891) to work on /home/jparep/miniconda3/envs/dbt-env/lib/python3.11/site-packages/airflow/example_dags/plugins/event_listener.py
[2025-02-17T22:34:39.122-0700] {processor.py:829} INFO - Processing file /home/jparep/miniconda3/envs/dbt-env/lib/python3.11/site-packages/airflow/example_dags/plugins/event_listener.py for tasks to queue
[2025-02-17T22:34:39.123-0700] {logging_mixin.py:154} INFO - [2025-02-17T22:34:39.123-0700] {dagbag.py:536} INFO - Filling up the DagBag from /home/jparep/miniconda3/envs/dbt-env/lib/python3.11/site-packages/airflow/example_dags/plugins/event_listener.py
[2025-02-17T22:34:39.127-0700] {processor.py:841} WARNING - No viable dags retrieved from /home/jparep/miniconda3/envs/dbt-env/lib/python3.11/site-packages/airflow/example_dags/plugins/event_listener.py
[2025-02-17T22:34:39.143-0700] {processor.py:179} INFO - Processing /home/jparep/miniconda3/envs/dbt-env/lib/python3.11/site-packages/airflow/example_dags/plugins/event_listener.py took 0.029 seconds
[2025-02-17T22:35:32.572-0700] {processor.py:157} INFO - Started process (PID=158196) to work on /home/jparep/miniconda3/envs/dbt-env/lib/python3.11/site-packages/airflow/example_dags/plugins/event_listener.py
[2025-02-17T22:35:32.574-0700] {processor.py:829} INFO - Processing file /home/jparep/miniconda3/envs/dbt-env/lib/python3.11/site-packages/airflow/example_dags/plugins/event_listener.py for tasks to queue
[2025-02-17T22:35:32.575-0700] {logging_mixin.py:154} INFO - [2025-02-17T22:35:32.575-0700] {dagbag.py:536} INFO - Filling up the DagBag from /home/jparep/miniconda3/envs/dbt-env/lib/python3.11/site-packages/airflow/example_dags/plugins/event_listener.py
[2025-02-17T22:35:32.579-0700] {processor.py:841} WARNING - No viable dags retrieved from /home/jparep/miniconda3/envs/dbt-env/lib/python3.11/site-packages/airflow/example_dags/plugins/event_listener.py
[2025-02-17T22:35:32.592-0700] {processor.py:179} INFO - Processing /home/jparep/miniconda3/envs/dbt-env/lib/python3.11/site-packages/airflow/example_dags/plugins/event_listener.py took 0.026 seconds
[2025-02-17T22:36:33.829-0700] {processor.py:157} INFO - Started process (PID=158751) to work on /home/jparep/miniconda3/envs/dbt-env/lib/python3.11/site-packages/airflow/example_dags/plugins/event_listener.py
[2025-02-17T22:36:33.831-0700] {processor.py:829} INFO - Processing file /home/jparep/miniconda3/envs/dbt-env/lib/python3.11/site-packages/airflow/example_dags/plugins/event_listener.py for tasks to queue
[2025-02-17T22:36:33.832-0700] {logging_mixin.py:154} INFO - [2025-02-17T22:36:33.831-0700] {dagbag.py:536} INFO - Filling up the DagBag from /home/jparep/miniconda3/envs/dbt-env/lib/python3.11/site-packages/airflow/example_dags/plugins/event_listener.py
[2025-02-17T22:36:33.833-0700] {processor.py:841} WARNING - No viable dags retrieved from /home/jparep/miniconda3/envs/dbt-env/lib/python3.11/site-packages/airflow/example_dags/plugins/event_listener.py
[2025-02-17T22:36:33.842-0700] {processor.py:179} INFO - Processing /home/jparep/miniconda3/envs/dbt-env/lib/python3.11/site-packages/airflow/example_dags/plugins/event_listener.py took 0.016 seconds
[2025-02-17T22:37:31.871-0700] {processor.py:157} INFO - Started process (PID=159882) to work on /home/jparep/miniconda3/envs/dbt-env/lib/python3.11/site-packages/airflow/example_dags/plugins/event_listener.py
[2025-02-17T22:37:31.874-0700] {processor.py:829} INFO - Processing file /home/jparep/miniconda3/envs/dbt-env/lib/python3.11/site-packages/airflow/example_dags/plugins/event_listener.py for tasks to queue
[2025-02-17T22:37:31.875-0700] {logging_mixin.py:154} INFO - [2025-02-17T22:37:31.875-0700] {dagbag.py:536} INFO - Filling up the DagBag from /home/jparep/miniconda3/envs/dbt-env/lib/python3.11/site-packages/airflow/example_dags/plugins/event_listener.py
[2025-02-17T22:37:31.878-0700] {processor.py:841} WARNING - No viable dags retrieved from /home/jparep/miniconda3/envs/dbt-env/lib/python3.11/site-packages/airflow/example_dags/plugins/event_listener.py
[2025-02-17T22:37:31.894-0700] {processor.py:179} INFO - Processing /home/jparep/miniconda3/envs/dbt-env/lib/python3.11/site-packages/airflow/example_dags/plugins/event_listener.py took 0.027 seconds
[2025-02-17T22:38:22.397-0700] {processor.py:157} INFO - Started process (PID=160560) to work on /home/jparep/miniconda3/envs/dbt-env/lib/python3.11/site-packages/airflow/example_dags/plugins/event_listener.py
[2025-02-17T22:38:22.399-0700] {processor.py:829} INFO - Processing file /home/jparep/miniconda3/envs/dbt-env/lib/python3.11/site-packages/airflow/example_dags/plugins/event_listener.py for tasks to queue
[2025-02-17T22:38:22.400-0700] {logging_mixin.py:154} INFO - [2025-02-17T22:38:22.400-0700] {dagbag.py:536} INFO - Filling up the DagBag from /home/jparep/miniconda3/envs/dbt-env/lib/python3.11/site-packages/airflow/example_dags/plugins/event_listener.py
[2025-02-17T22:38:22.402-0700] {processor.py:841} WARNING - No viable dags retrieved from /home/jparep/miniconda3/envs/dbt-env/lib/python3.11/site-packages/airflow/example_dags/plugins/event_listener.py
[2025-02-17T22:38:22.412-0700] {processor.py:179} INFO - Processing /home/jparep/miniconda3/envs/dbt-env/lib/python3.11/site-packages/airflow/example_dags/plugins/event_listener.py took 0.017 seconds
[2025-02-17T22:39:16.764-0700] {processor.py:157} INFO - Started process (PID=161151) to work on /home/jparep/miniconda3/envs/dbt-env/lib/python3.11/site-packages/airflow/example_dags/plugins/event_listener.py
[2025-02-17T22:39:16.766-0700] {processor.py:829} INFO - Processing file /home/jparep/miniconda3/envs/dbt-env/lib/python3.11/site-packages/airflow/example_dags/plugins/event_listener.py for tasks to queue
[2025-02-17T22:39:16.767-0700] {logging_mixin.py:154} INFO - [2025-02-17T22:39:16.766-0700] {dagbag.py:536} INFO - Filling up the DagBag from /home/jparep/miniconda3/envs/dbt-env/lib/python3.11/site-packages/airflow/example_dags/plugins/event_listener.py
[2025-02-17T22:39:16.768-0700] {processor.py:841} WARNING - No viable dags retrieved from /home/jparep/miniconda3/envs/dbt-env/lib/python3.11/site-packages/airflow/example_dags/plugins/event_listener.py
[2025-02-17T22:39:16.778-0700] {processor.py:179} INFO - Processing /home/jparep/miniconda3/envs/dbt-env/lib/python3.11/site-packages/airflow/example_dags/plugins/event_listener.py took 0.017 seconds
[2025-02-17T22:40:16.255-0700] {processor.py:157} INFO - Started process (PID=161576) to work on /home/jparep/miniconda3/envs/dbt-env/lib/python3.11/site-packages/airflow/example_dags/plugins/event_listener.py
[2025-02-17T22:40:16.257-0700] {processor.py:829} INFO - Processing file /home/jparep/miniconda3/envs/dbt-env/lib/python3.11/site-packages/airflow/example_dags/plugins/event_listener.py for tasks to queue
[2025-02-17T22:40:16.259-0700] {logging_mixin.py:154} INFO - [2025-02-17T22:40:16.258-0700] {dagbag.py:536} INFO - Filling up the DagBag from /home/jparep/miniconda3/envs/dbt-env/lib/python3.11/site-packages/airflow/example_dags/plugins/event_listener.py
[2025-02-17T22:40:16.262-0700] {processor.py:841} WARNING - No viable dags retrieved from /home/jparep/miniconda3/envs/dbt-env/lib/python3.11/site-packages/airflow/example_dags/plugins/event_listener.py
[2025-02-17T22:40:16.281-0700] {processor.py:179} INFO - Processing /home/jparep/miniconda3/envs/dbt-env/lib/python3.11/site-packages/airflow/example_dags/plugins/event_listener.py took 0.031 seconds
[2025-02-17T22:41:10.121-0700] {processor.py:157} INFO - Started process (PID=162115) to work on /home/jparep/miniconda3/envs/dbt-env/lib/python3.11/site-packages/airflow/example_dags/plugins/event_listener.py
[2025-02-17T22:41:10.124-0700] {processor.py:829} INFO - Processing file /home/jparep/miniconda3/envs/dbt-env/lib/python3.11/site-packages/airflow/example_dags/plugins/event_listener.py for tasks to queue
[2025-02-17T22:41:10.125-0700] {logging_mixin.py:154} INFO - [2025-02-17T22:41:10.125-0700] {dagbag.py:536} INFO - Filling up the DagBag from /home/jparep/miniconda3/envs/dbt-env/lib/python3.11/site-packages/airflow/example_dags/plugins/event_listener.py
[2025-02-17T22:41:10.129-0700] {processor.py:841} WARNING - No viable dags retrieved from /home/jparep/miniconda3/envs/dbt-env/lib/python3.11/site-packages/airflow/example_dags/plugins/event_listener.py
[2025-02-17T22:41:10.143-0700] {processor.py:179} INFO - Processing /home/jparep/miniconda3/envs/dbt-env/lib/python3.11/site-packages/airflow/example_dags/plugins/event_listener.py took 0.027 seconds
[2025-02-17T22:42:12.552-0700] {processor.py:157} INFO - Started process (PID=162567) to work on /home/jparep/miniconda3/envs/dbt-env/lib/python3.11/site-packages/airflow/example_dags/plugins/event_listener.py
[2025-02-17T22:42:12.556-0700] {processor.py:829} INFO - Processing file /home/jparep/miniconda3/envs/dbt-env/lib/python3.11/site-packages/airflow/example_dags/plugins/event_listener.py for tasks to queue
[2025-02-17T22:42:12.558-0700] {logging_mixin.py:154} INFO - [2025-02-17T22:42:12.557-0700] {dagbag.py:536} INFO - Filling up the DagBag from /home/jparep/miniconda3/envs/dbt-env/lib/python3.11/site-packages/airflow/example_dags/plugins/event_listener.py
[2025-02-17T22:42:12.561-0700] {processor.py:841} WARNING - No viable dags retrieved from /home/jparep/miniconda3/envs/dbt-env/lib/python3.11/site-packages/airflow/example_dags/plugins/event_listener.py
[2025-02-17T22:42:12.577-0700] {processor.py:179} INFO - Processing /home/jparep/miniconda3/envs/dbt-env/lib/python3.11/site-packages/airflow/example_dags/plugins/event_listener.py took 0.030 seconds
