[2025-02-17T22:16:37.030-0700] {processor.py:157} INFO - Started process (PID=148780) to work on /home/jparep/miniconda3/envs/dbt-env/lib/python3.11/site-packages/airflow/example_dags/plugins/listener_plugin.py
[2025-02-17T22:16:37.031-0700] {processor.py:829} INFO - Processing file /home/jparep/miniconda3/envs/dbt-env/lib/python3.11/site-packages/airflow/example_dags/plugins/listener_plugin.py for tasks to queue
[2025-02-17T22:16:37.032-0700] {logging_mixin.py:154} INFO - [2025-02-17T22:16:37.031-0700] {dagbag.py:536} INFO - Filling up the DagBag from /home/jparep/miniconda3/envs/dbt-env/lib/python3.11/site-packages/airflow/example_dags/plugins/listener_plugin.py
[2025-02-17T22:16:37.035-0700] {processor.py:841} WARNING - No viable dags retrieved from /home/jparep/miniconda3/envs/dbt-env/lib/python3.11/site-packages/airflow/example_dags/plugins/listener_plugin.py
[2025-02-17T22:16:37.047-0700] {processor.py:179} INFO - Processing /home/jparep/miniconda3/envs/dbt-env/lib/python3.11/site-packages/airflow/example_dags/plugins/listener_plugin.py took 0.021 seconds
[2025-02-17T22:17:49.167-0700] {processor.py:157} INFO - Started process (PID=149349) to work on /home/jparep/miniconda3/envs/dbt-env/lib/python3.11/site-packages/airflow/example_dags/plugins/listener_plugin.py
[2025-02-17T22:17:49.169-0700] {processor.py:829} INFO - Processing file /home/jparep/miniconda3/envs/dbt-env/lib/python3.11/site-packages/airflow/example_dags/plugins/listener_plugin.py for tasks to queue
[2025-02-17T22:17:49.170-0700] {logging_mixin.py:154} INFO - [2025-02-17T22:17:49.170-0700] {dagbag.py:536} INFO - Filling up the DagBag from /home/jparep/miniconda3/envs/dbt-env/lib/python3.11/site-packages/airflow/example_dags/plugins/listener_plugin.py
[2025-02-17T22:17:49.173-0700] {processor.py:841} WARNING - No viable dags retrieved from /home/jparep/miniconda3/envs/dbt-env/lib/python3.11/site-packages/airflow/example_dags/plugins/listener_plugin.py
[2025-02-17T22:17:49.182-0700] {processor.py:179} INFO - Processing /home/jparep/miniconda3/envs/dbt-env/lib/python3.11/site-packages/airflow/example_dags/plugins/listener_plugin.py took 0.017 seconds
[2025-02-17T22:18:47.929-0700] {processor.py:157} INFO - Started process (PID=149912) to work on /home/jparep/miniconda3/envs/dbt-env/lib/python3.11/site-packages/airflow/example_dags/plugins/listener_plugin.py
[2025-02-17T22:18:47.931-0700] {processor.py:829} INFO - Processing file /home/jparep/miniconda3/envs/dbt-env/lib/python3.11/site-packages/airflow/example_dags/plugins/listener_plugin.py for tasks to queue
[2025-02-17T22:18:47.932-0700] {logging_mixin.py:154} INFO - [2025-02-17T22:18:47.931-0700] {dagbag.py:536} INFO - Filling up the DagBag from /home/jparep/miniconda3/envs/dbt-env/lib/python3.11/site-packages/airflow/example_dags/plugins/listener_plugin.py
[2025-02-17T22:18:47.935-0700] {processor.py:841} WARNING - No viable dags retrieved from /home/jparep/miniconda3/envs/dbt-env/lib/python3.11/site-packages/airflow/example_dags/plugins/listener_plugin.py
[2025-02-17T22:18:47.946-0700] {processor.py:179} INFO - Processing /home/jparep/miniconda3/envs/dbt-env/lib/python3.11/site-packages/airflow/example_dags/plugins/listener_plugin.py took 0.021 seconds
[2025-02-17T22:19:44.989-0700] {processor.py:157} INFO - Started process (PID=150439) to work on /home/jparep/miniconda3/envs/dbt-env/lib/python3.11/site-packages/airflow/example_dags/plugins/listener_plugin.py
[2025-02-17T22:19:44.992-0700] {processor.py:829} INFO - Processing file /home/jparep/miniconda3/envs/dbt-env/lib/python3.11/site-packages/airflow/example_dags/plugins/listener_plugin.py for tasks to queue
[2025-02-17T22:19:44.993-0700] {logging_mixin.py:154} INFO - [2025-02-17T22:19:44.992-0700] {dagbag.py:536} INFO - Filling up the DagBag from /home/jparep/miniconda3/envs/dbt-env/lib/python3.11/site-packages/airflow/example_dags/plugins/listener_plugin.py
[2025-02-17T22:19:44.997-0700] {processor.py:841} WARNING - No viable dags retrieved from /home/jparep/miniconda3/envs/dbt-env/lib/python3.11/site-packages/airflow/example_dags/plugins/listener_plugin.py
[2025-02-17T22:19:45.011-0700] {processor.py:179} INFO - Processing /home/jparep/miniconda3/envs/dbt-env/lib/python3.11/site-packages/airflow/example_dags/plugins/listener_plugin.py took 0.027 seconds
[2025-02-17T22:20:45.075-0700] {processor.py:157} INFO - Started process (PID=150993) to work on /home/jparep/miniconda3/envs/dbt-env/lib/python3.11/site-packages/airflow/example_dags/plugins/listener_plugin.py
[2025-02-17T22:20:45.076-0700] {processor.py:829} INFO - Processing file /home/jparep/miniconda3/envs/dbt-env/lib/python3.11/site-packages/airflow/example_dags/plugins/listener_plugin.py for tasks to queue
[2025-02-17T22:20:45.078-0700] {logging_mixin.py:154} INFO - [2025-02-17T22:20:45.077-0700] {dagbag.py:536} INFO - Filling up the DagBag from /home/jparep/miniconda3/envs/dbt-env/lib/python3.11/site-packages/airflow/example_dags/plugins/listener_plugin.py
[2025-02-17T22:20:45.081-0700] {processor.py:841} WARNING - No viable dags retrieved from /home/jparep/miniconda3/envs/dbt-env/lib/python3.11/site-packages/airflow/example_dags/plugins/listener_plugin.py
[2025-02-17T22:20:45.095-0700] {processor.py:179} INFO - Processing /home/jparep/miniconda3/envs/dbt-env/lib/python3.11/site-packages/airflow/example_dags/plugins/listener_plugin.py took 0.025 seconds
[2025-02-17T22:21:38.320-0700] {processor.py:157} INFO - Started process (PID=151347) to work on /home/jparep/miniconda3/envs/dbt-env/lib/python3.11/site-packages/airflow/example_dags/plugins/listener_plugin.py
[2025-02-17T22:21:38.322-0700] {processor.py:829} INFO - Processing file /home/jparep/miniconda3/envs/dbt-env/lib/python3.11/site-packages/airflow/example_dags/plugins/listener_plugin.py for tasks to queue
[2025-02-17T22:21:38.324-0700] {logging_mixin.py:154} INFO - [2025-02-17T22:21:38.323-0700] {dagbag.py:536} INFO - Filling up the DagBag from /home/jparep/miniconda3/envs/dbt-env/lib/python3.11/site-packages/airflow/example_dags/plugins/listener_plugin.py
[2025-02-17T22:21:38.327-0700] {processor.py:841} WARNING - No viable dags retrieved from /home/jparep/miniconda3/envs/dbt-env/lib/python3.11/site-packages/airflow/example_dags/plugins/listener_plugin.py
[2025-02-17T22:21:38.341-0700] {processor.py:179} INFO - Processing /home/jparep/miniconda3/envs/dbt-env/lib/python3.11/site-packages/airflow/example_dags/plugins/listener_plugin.py took 0.026 seconds
[2025-02-17T22:22:30.691-0700] {processor.py:157} INFO - Started process (PID=151725) to work on /home/jparep/miniconda3/envs/dbt-env/lib/python3.11/site-packages/airflow/example_dags/plugins/listener_plugin.py
[2025-02-17T22:22:30.694-0700] {processor.py:829} INFO - Processing file /home/jparep/miniconda3/envs/dbt-env/lib/python3.11/site-packages/airflow/example_dags/plugins/listener_plugin.py for tasks to queue
[2025-02-17T22:22:30.696-0700] {logging_mixin.py:154} INFO - [2025-02-17T22:22:30.695-0700] {dagbag.py:536} INFO - Filling up the DagBag from /home/jparep/miniconda3/envs/dbt-env/lib/python3.11/site-packages/airflow/example_dags/plugins/listener_plugin.py
[2025-02-17T22:22:30.700-0700] {processor.py:841} WARNING - No viable dags retrieved from /home/jparep/miniconda3/envs/dbt-env/lib/python3.11/site-packages/airflow/example_dags/plugins/listener_plugin.py
[2025-02-17T22:22:30.715-0700] {processor.py:179} INFO - Processing /home/jparep/miniconda3/envs/dbt-env/lib/python3.11/site-packages/airflow/example_dags/plugins/listener_plugin.py took 0.028 seconds
[2025-02-17T22:23:23.283-0700] {processor.py:157} INFO - Started process (PID=152159) to work on /home/jparep/miniconda3/envs/dbt-env/lib/python3.11/site-packages/airflow/example_dags/plugins/listener_plugin.py
[2025-02-17T22:23:23.284-0700] {processor.py:829} INFO - Processing file /home/jparep/miniconda3/envs/dbt-env/lib/python3.11/site-packages/airflow/example_dags/plugins/listener_plugin.py for tasks to queue
[2025-02-17T22:23:23.286-0700] {logging_mixin.py:154} INFO - [2025-02-17T22:23:23.285-0700] {dagbag.py:536} INFO - Filling up the DagBag from /home/jparep/miniconda3/envs/dbt-env/lib/python3.11/site-packages/airflow/example_dags/plugins/listener_plugin.py
[2025-02-17T22:23:23.290-0700] {processor.py:841} WARNING - No viable dags retrieved from /home/jparep/miniconda3/envs/dbt-env/lib/python3.11/site-packages/airflow/example_dags/plugins/listener_plugin.py
[2025-02-17T22:23:23.304-0700] {processor.py:179} INFO - Processing /home/jparep/miniconda3/envs/dbt-env/lib/python3.11/site-packages/airflow/example_dags/plugins/listener_plugin.py took 0.026 seconds
[2025-02-17T22:24:18.991-0700] {processor.py:157} INFO - Started process (PID=152686) to work on /home/jparep/miniconda3/envs/dbt-env/lib/python3.11/site-packages/airflow/example_dags/plugins/listener_plugin.py
[2025-02-17T22:24:18.995-0700] {processor.py:829} INFO - Processing file /home/jparep/miniconda3/envs/dbt-env/lib/python3.11/site-packages/airflow/example_dags/plugins/listener_plugin.py for tasks to queue
[2025-02-17T22:24:18.996-0700] {logging_mixin.py:154} INFO - [2025-02-17T22:24:18.996-0700] {dagbag.py:536} INFO - Filling up the DagBag from /home/jparep/miniconda3/envs/dbt-env/lib/python3.11/site-packages/airflow/example_dags/plugins/listener_plugin.py
[2025-02-17T22:24:19.000-0700] {processor.py:841} WARNING - No viable dags retrieved from /home/jparep/miniconda3/envs/dbt-env/lib/python3.11/site-packages/airflow/example_dags/plugins/listener_plugin.py
[2025-02-17T22:24:19.014-0700] {processor.py:179} INFO - Processing /home/jparep/miniconda3/envs/dbt-env/lib/python3.11/site-packages/airflow/example_dags/plugins/listener_plugin.py took 0.029 seconds
[2025-02-17T22:25:13.223-0700] {processor.py:157} INFO - Started process (PID=153201) to work on /home/jparep/miniconda3/envs/dbt-env/lib/python3.11/site-packages/airflow/example_dags/plugins/listener_plugin.py
[2025-02-17T22:25:13.226-0700] {processor.py:829} INFO - Processing file /home/jparep/miniconda3/envs/dbt-env/lib/python3.11/site-packages/airflow/example_dags/plugins/listener_plugin.py for tasks to queue
[2025-02-17T22:25:13.227-0700] {logging_mixin.py:154} INFO - [2025-02-17T22:25:13.226-0700] {dagbag.py:536} INFO - Filling up the DagBag from /home/jparep/miniconda3/envs/dbt-env/lib/python3.11/site-packages/airflow/example_dags/plugins/listener_plugin.py
[2025-02-17T22:25:13.231-0700] {processor.py:841} WARNING - No viable dags retrieved from /home/jparep/miniconda3/envs/dbt-env/lib/python3.11/site-packages/airflow/example_dags/plugins/listener_plugin.py
[2025-02-17T22:25:13.245-0700] {processor.py:179} INFO - Processing /home/jparep/miniconda3/envs/dbt-env/lib/python3.11/site-packages/airflow/example_dags/plugins/listener_plugin.py took 0.026 seconds
[2025-02-17T22:26:15.449-0700] {processor.py:157} INFO - Started process (PID=153782) to work on /home/jparep/miniconda3/envs/dbt-env/lib/python3.11/site-packages/airflow/example_dags/plugins/listener_plugin.py
[2025-02-17T22:26:15.452-0700] {processor.py:829} INFO - Processing file /home/jparep/miniconda3/envs/dbt-env/lib/python3.11/site-packages/airflow/example_dags/plugins/listener_plugin.py for tasks to queue
[2025-02-17T22:26:15.454-0700] {logging_mixin.py:154} INFO - [2025-02-17T22:26:15.453-0700] {dagbag.py:536} INFO - Filling up the DagBag from /home/jparep/miniconda3/envs/dbt-env/lib/python3.11/site-packages/airflow/example_dags/plugins/listener_plugin.py
[2025-02-17T22:26:15.457-0700] {processor.py:841} WARNING - No viable dags retrieved from /home/jparep/miniconda3/envs/dbt-env/lib/python3.11/site-packages/airflow/example_dags/plugins/listener_plugin.py
[2025-02-17T22:26:15.471-0700] {processor.py:179} INFO - Processing /home/jparep/miniconda3/envs/dbt-env/lib/python3.11/site-packages/airflow/example_dags/plugins/listener_plugin.py took 0.026 seconds
[2025-02-17T22:27:05.528-0700] {processor.py:157} INFO - Started process (PID=154200) to work on /home/jparep/miniconda3/envs/dbt-env/lib/python3.11/site-packages/airflow/example_dags/plugins/listener_plugin.py
[2025-02-17T22:27:05.530-0700] {processor.py:829} INFO - Processing file /home/jparep/miniconda3/envs/dbt-env/lib/python3.11/site-packages/airflow/example_dags/plugins/listener_plugin.py for tasks to queue
[2025-02-17T22:27:05.531-0700] {logging_mixin.py:154} INFO - [2025-02-17T22:27:05.530-0700] {dagbag.py:536} INFO - Filling up the DagBag from /home/jparep/miniconda3/envs/dbt-env/lib/python3.11/site-packages/airflow/example_dags/plugins/listener_plugin.py
[2025-02-17T22:27:05.535-0700] {processor.py:841} WARNING - No viable dags retrieved from /home/jparep/miniconda3/envs/dbt-env/lib/python3.11/site-packages/airflow/example_dags/plugins/listener_plugin.py
[2025-02-17T22:27:05.548-0700] {processor.py:179} INFO - Processing /home/jparep/miniconda3/envs/dbt-env/lib/python3.11/site-packages/airflow/example_dags/plugins/listener_plugin.py took 0.026 seconds
[2025-02-17T22:28:00.345-0700] {processor.py:157} INFO - Started process (PID=154626) to work on /home/jparep/miniconda3/envs/dbt-env/lib/python3.11/site-packages/airflow/example_dags/plugins/listener_plugin.py
[2025-02-17T22:28:00.348-0700] {processor.py:829} INFO - Processing file /home/jparep/miniconda3/envs/dbt-env/lib/python3.11/site-packages/airflow/example_dags/plugins/listener_plugin.py for tasks to queue
[2025-02-17T22:28:00.349-0700] {logging_mixin.py:154} INFO - [2025-02-17T22:28:00.349-0700] {dagbag.py:536} INFO - Filling up the DagBag from /home/jparep/miniconda3/envs/dbt-env/lib/python3.11/site-packages/airflow/example_dags/plugins/listener_plugin.py
[2025-02-17T22:28:00.353-0700] {processor.py:841} WARNING - No viable dags retrieved from /home/jparep/miniconda3/envs/dbt-env/lib/python3.11/site-packages/airflow/example_dags/plugins/listener_plugin.py
[2025-02-17T22:28:00.367-0700] {processor.py:179} INFO - Processing /home/jparep/miniconda3/envs/dbt-env/lib/python3.11/site-packages/airflow/example_dags/plugins/listener_plugin.py took 0.027 seconds
[2025-02-17T22:28:57.718-0700] {processor.py:157} INFO - Started process (PID=155031) to work on /home/jparep/miniconda3/envs/dbt-env/lib/python3.11/site-packages/airflow/example_dags/plugins/listener_plugin.py
[2025-02-17T22:28:57.721-0700] {processor.py:829} INFO - Processing file /home/jparep/miniconda3/envs/dbt-env/lib/python3.11/site-packages/airflow/example_dags/plugins/listener_plugin.py for tasks to queue
[2025-02-17T22:28:57.722-0700] {logging_mixin.py:154} INFO - [2025-02-17T22:28:57.721-0700] {dagbag.py:536} INFO - Filling up the DagBag from /home/jparep/miniconda3/envs/dbt-env/lib/python3.11/site-packages/airflow/example_dags/plugins/listener_plugin.py
[2025-02-17T22:28:57.726-0700] {processor.py:841} WARNING - No viable dags retrieved from /home/jparep/miniconda3/envs/dbt-env/lib/python3.11/site-packages/airflow/example_dags/plugins/listener_plugin.py
[2025-02-17T22:28:57.742-0700] {processor.py:179} INFO - Processing /home/jparep/miniconda3/envs/dbt-env/lib/python3.11/site-packages/airflow/example_dags/plugins/listener_plugin.py took 0.030 seconds
[2025-02-17T22:30:01.750-0700] {processor.py:157} INFO - Started process (PID=155475) to work on /home/jparep/miniconda3/envs/dbt-env/lib/python3.11/site-packages/airflow/example_dags/plugins/listener_plugin.py
[2025-02-17T22:30:01.753-0700] {processor.py:829} INFO - Processing file /home/jparep/miniconda3/envs/dbt-env/lib/python3.11/site-packages/airflow/example_dags/plugins/listener_plugin.py for tasks to queue
[2025-02-17T22:30:01.753-0700] {logging_mixin.py:154} INFO - [2025-02-17T22:30:01.753-0700] {dagbag.py:536} INFO - Filling up the DagBag from /home/jparep/miniconda3/envs/dbt-env/lib/python3.11/site-packages/airflow/example_dags/plugins/listener_plugin.py
[2025-02-17T22:30:01.756-0700] {processor.py:841} WARNING - No viable dags retrieved from /home/jparep/miniconda3/envs/dbt-env/lib/python3.11/site-packages/airflow/example_dags/plugins/listener_plugin.py
[2025-02-17T22:30:01.771-0700] {processor.py:179} INFO - Processing /home/jparep/miniconda3/envs/dbt-env/lib/python3.11/site-packages/airflow/example_dags/plugins/listener_plugin.py took 0.024 seconds
[2025-02-17T22:30:55.900-0700] {processor.py:157} INFO - Started process (PID=156025) to work on /home/jparep/miniconda3/envs/dbt-env/lib/python3.11/site-packages/airflow/example_dags/plugins/listener_plugin.py
[2025-02-17T22:30:55.903-0700] {processor.py:829} INFO - Processing file /home/jparep/miniconda3/envs/dbt-env/lib/python3.11/site-packages/airflow/example_dags/plugins/listener_plugin.py for tasks to queue
[2025-02-17T22:30:55.905-0700] {logging_mixin.py:154} INFO - [2025-02-17T22:30:55.904-0700] {dagbag.py:536} INFO - Filling up the DagBag from /home/jparep/miniconda3/envs/dbt-env/lib/python3.11/site-packages/airflow/example_dags/plugins/listener_plugin.py
[2025-02-17T22:30:55.909-0700] {processor.py:841} WARNING - No viable dags retrieved from /home/jparep/miniconda3/envs/dbt-env/lib/python3.11/site-packages/airflow/example_dags/plugins/listener_plugin.py
[2025-02-17T22:30:55.925-0700] {processor.py:179} INFO - Processing /home/jparep/miniconda3/envs/dbt-env/lib/python3.11/site-packages/airflow/example_dags/plugins/listener_plugin.py took 0.029 seconds
[2025-02-17T22:31:52.391-0700] {processor.py:157} INFO - Started process (PID=156574) to work on /home/jparep/miniconda3/envs/dbt-env/lib/python3.11/site-packages/airflow/example_dags/plugins/listener_plugin.py
[2025-02-17T22:31:52.394-0700] {processor.py:829} INFO - Processing file /home/jparep/miniconda3/envs/dbt-env/lib/python3.11/site-packages/airflow/example_dags/plugins/listener_plugin.py for tasks to queue
[2025-02-17T22:31:52.395-0700] {logging_mixin.py:154} INFO - [2025-02-17T22:31:52.395-0700] {dagbag.py:536} INFO - Filling up the DagBag from /home/jparep/miniconda3/envs/dbt-env/lib/python3.11/site-packages/airflow/example_dags/plugins/listener_plugin.py
[2025-02-17T22:31:52.399-0700] {processor.py:841} WARNING - No viable dags retrieved from /home/jparep/miniconda3/envs/dbt-env/lib/python3.11/site-packages/airflow/example_dags/plugins/listener_plugin.py
[2025-02-17T22:31:52.416-0700] {processor.py:179} INFO - Processing /home/jparep/miniconda3/envs/dbt-env/lib/python3.11/site-packages/airflow/example_dags/plugins/listener_plugin.py took 0.029 seconds
[2025-02-17T22:32:48.522-0700] {processor.py:157} INFO - Started process (PID=156985) to work on /home/jparep/miniconda3/envs/dbt-env/lib/python3.11/site-packages/airflow/example_dags/plugins/listener_plugin.py
[2025-02-17T22:32:48.524-0700] {processor.py:829} INFO - Processing file /home/jparep/miniconda3/envs/dbt-env/lib/python3.11/site-packages/airflow/example_dags/plugins/listener_plugin.py for tasks to queue
[2025-02-17T22:32:48.525-0700] {logging_mixin.py:154} INFO - [2025-02-17T22:32:48.525-0700] {dagbag.py:536} INFO - Filling up the DagBag from /home/jparep/miniconda3/envs/dbt-env/lib/python3.11/site-packages/airflow/example_dags/plugins/listener_plugin.py
[2025-02-17T22:32:48.530-0700] {processor.py:841} WARNING - No viable dags retrieved from /home/jparep/miniconda3/envs/dbt-env/lib/python3.11/site-packages/airflow/example_dags/plugins/listener_plugin.py
[2025-02-17T22:32:48.545-0700] {processor.py:179} INFO - Processing /home/jparep/miniconda3/envs/dbt-env/lib/python3.11/site-packages/airflow/example_dags/plugins/listener_plugin.py took 0.028 seconds
[2025-02-17T22:33:47.980-0700] {processor.py:157} INFO - Started process (PID=157504) to work on /home/jparep/miniconda3/envs/dbt-env/lib/python3.11/site-packages/airflow/example_dags/plugins/listener_plugin.py
[2025-02-17T22:33:47.982-0700] {processor.py:829} INFO - Processing file /home/jparep/miniconda3/envs/dbt-env/lib/python3.11/site-packages/airflow/example_dags/plugins/listener_plugin.py for tasks to queue
[2025-02-17T22:33:47.983-0700] {logging_mixin.py:154} INFO - [2025-02-17T22:33:47.982-0700] {dagbag.py:536} INFO - Filling up the DagBag from /home/jparep/miniconda3/envs/dbt-env/lib/python3.11/site-packages/airflow/example_dags/plugins/listener_plugin.py
[2025-02-17T22:33:47.985-0700] {processor.py:841} WARNING - No viable dags retrieved from /home/jparep/miniconda3/envs/dbt-env/lib/python3.11/site-packages/airflow/example_dags/plugins/listener_plugin.py
[2025-02-17T22:33:47.996-0700] {processor.py:179} INFO - Processing /home/jparep/miniconda3/envs/dbt-env/lib/python3.11/site-packages/airflow/example_dags/plugins/listener_plugin.py took 0.019 seconds
[2025-02-17T22:34:40.475-0700] {processor.py:157} INFO - Started process (PID=157899) to work on /home/jparep/miniconda3/envs/dbt-env/lib/python3.11/site-packages/airflow/example_dags/plugins/listener_plugin.py
[2025-02-17T22:34:40.477-0700] {processor.py:829} INFO - Processing file /home/jparep/miniconda3/envs/dbt-env/lib/python3.11/site-packages/airflow/example_dags/plugins/listener_plugin.py for tasks to queue
[2025-02-17T22:34:40.479-0700] {logging_mixin.py:154} INFO - [2025-02-17T22:34:40.478-0700] {dagbag.py:536} INFO - Filling up the DagBag from /home/jparep/miniconda3/envs/dbt-env/lib/python3.11/site-packages/airflow/example_dags/plugins/listener_plugin.py
[2025-02-17T22:34:40.483-0700] {processor.py:841} WARNING - No viable dags retrieved from /home/jparep/miniconda3/envs/dbt-env/lib/python3.11/site-packages/airflow/example_dags/plugins/listener_plugin.py
[2025-02-17T22:34:40.497-0700] {processor.py:179} INFO - Processing /home/jparep/miniconda3/envs/dbt-env/lib/python3.11/site-packages/airflow/example_dags/plugins/listener_plugin.py took 0.027 seconds
[2025-02-17T22:35:34.306-0700] {processor.py:157} INFO - Started process (PID=158207) to work on /home/jparep/miniconda3/envs/dbt-env/lib/python3.11/site-packages/airflow/example_dags/plugins/listener_plugin.py
[2025-02-17T22:35:34.308-0700] {processor.py:829} INFO - Processing file /home/jparep/miniconda3/envs/dbt-env/lib/python3.11/site-packages/airflow/example_dags/plugins/listener_plugin.py for tasks to queue
[2025-02-17T22:35:34.309-0700] {logging_mixin.py:154} INFO - [2025-02-17T22:35:34.308-0700] {dagbag.py:536} INFO - Filling up the DagBag from /home/jparep/miniconda3/envs/dbt-env/lib/python3.11/site-packages/airflow/example_dags/plugins/listener_plugin.py
[2025-02-17T22:35:34.311-0700] {processor.py:841} WARNING - No viable dags retrieved from /home/jparep/miniconda3/envs/dbt-env/lib/python3.11/site-packages/airflow/example_dags/plugins/listener_plugin.py
[2025-02-17T22:35:34.320-0700] {processor.py:179} INFO - Processing /home/jparep/miniconda3/envs/dbt-env/lib/python3.11/site-packages/airflow/example_dags/plugins/listener_plugin.py took 0.017 seconds
[2025-02-17T22:36:35.582-0700] {processor.py:157} INFO - Started process (PID=158765) to work on /home/jparep/miniconda3/envs/dbt-env/lib/python3.11/site-packages/airflow/example_dags/plugins/listener_plugin.py
[2025-02-17T22:36:35.585-0700] {processor.py:829} INFO - Processing file /home/jparep/miniconda3/envs/dbt-env/lib/python3.11/site-packages/airflow/example_dags/plugins/listener_plugin.py for tasks to queue
[2025-02-17T22:36:35.585-0700] {logging_mixin.py:154} INFO - [2025-02-17T22:36:35.585-0700] {dagbag.py:536} INFO - Filling up the DagBag from /home/jparep/miniconda3/envs/dbt-env/lib/python3.11/site-packages/airflow/example_dags/plugins/listener_plugin.py
[2025-02-17T22:36:35.587-0700] {processor.py:841} WARNING - No viable dags retrieved from /home/jparep/miniconda3/envs/dbt-env/lib/python3.11/site-packages/airflow/example_dags/plugins/listener_plugin.py
[2025-02-17T22:36:35.595-0700] {processor.py:179} INFO - Processing /home/jparep/miniconda3/envs/dbt-env/lib/python3.11/site-packages/airflow/example_dags/plugins/listener_plugin.py took 0.016 seconds
[2025-02-17T22:37:33.198-0700] {processor.py:157} INFO - Started process (PID=159890) to work on /home/jparep/miniconda3/envs/dbt-env/lib/python3.11/site-packages/airflow/example_dags/plugins/listener_plugin.py
[2025-02-17T22:37:33.200-0700] {processor.py:829} INFO - Processing file /home/jparep/miniconda3/envs/dbt-env/lib/python3.11/site-packages/airflow/example_dags/plugins/listener_plugin.py for tasks to queue
[2025-02-17T22:37:33.201-0700] {logging_mixin.py:154} INFO - [2025-02-17T22:37:33.200-0700] {dagbag.py:536} INFO - Filling up the DagBag from /home/jparep/miniconda3/envs/dbt-env/lib/python3.11/site-packages/airflow/example_dags/plugins/listener_plugin.py
[2025-02-17T22:37:33.203-0700] {processor.py:841} WARNING - No viable dags retrieved from /home/jparep/miniconda3/envs/dbt-env/lib/python3.11/site-packages/airflow/example_dags/plugins/listener_plugin.py
[2025-02-17T22:37:33.211-0700] {processor.py:179} INFO - Processing /home/jparep/miniconda3/envs/dbt-env/lib/python3.11/site-packages/airflow/example_dags/plugins/listener_plugin.py took 0.019 seconds
[2025-02-17T22:38:24.696-0700] {processor.py:157} INFO - Started process (PID=160574) to work on /home/jparep/miniconda3/envs/dbt-env/lib/python3.11/site-packages/airflow/example_dags/plugins/listener_plugin.py
[2025-02-17T22:38:24.699-0700] {processor.py:829} INFO - Processing file /home/jparep/miniconda3/envs/dbt-env/lib/python3.11/site-packages/airflow/example_dags/plugins/listener_plugin.py for tasks to queue
[2025-02-17T22:38:24.701-0700] {logging_mixin.py:154} INFO - [2025-02-17T22:38:24.700-0700] {dagbag.py:536} INFO - Filling up the DagBag from /home/jparep/miniconda3/envs/dbt-env/lib/python3.11/site-packages/airflow/example_dags/plugins/listener_plugin.py
[2025-02-17T22:38:24.705-0700] {processor.py:841} WARNING - No viable dags retrieved from /home/jparep/miniconda3/envs/dbt-env/lib/python3.11/site-packages/airflow/example_dags/plugins/listener_plugin.py
[2025-02-17T22:38:24.719-0700] {processor.py:179} INFO - Processing /home/jparep/miniconda3/envs/dbt-env/lib/python3.11/site-packages/airflow/example_dags/plugins/listener_plugin.py took 0.029 seconds
[2025-02-17T22:39:19.028-0700] {processor.py:157} INFO - Started process (PID=161159) to work on /home/jparep/miniconda3/envs/dbt-env/lib/python3.11/site-packages/airflow/example_dags/plugins/listener_plugin.py
[2025-02-17T22:39:19.032-0700] {processor.py:829} INFO - Processing file /home/jparep/miniconda3/envs/dbt-env/lib/python3.11/site-packages/airflow/example_dags/plugins/listener_plugin.py for tasks to queue
[2025-02-17T22:39:19.033-0700] {logging_mixin.py:154} INFO - [2025-02-17T22:39:19.033-0700] {dagbag.py:536} INFO - Filling up the DagBag from /home/jparep/miniconda3/envs/dbt-env/lib/python3.11/site-packages/airflow/example_dags/plugins/listener_plugin.py
[2025-02-17T22:39:19.036-0700] {processor.py:841} WARNING - No viable dags retrieved from /home/jparep/miniconda3/envs/dbt-env/lib/python3.11/site-packages/airflow/example_dags/plugins/listener_plugin.py
[2025-02-17T22:39:19.048-0700] {processor.py:179} INFO - Processing /home/jparep/miniconda3/envs/dbt-env/lib/python3.11/site-packages/airflow/example_dags/plugins/listener_plugin.py took 0.023 seconds
[2025-02-17T22:40:17.277-0700] {processor.py:157} INFO - Started process (PID=161590) to work on /home/jparep/miniconda3/envs/dbt-env/lib/python3.11/site-packages/airflow/example_dags/plugins/listener_plugin.py
[2025-02-17T22:40:17.280-0700] {processor.py:829} INFO - Processing file /home/jparep/miniconda3/envs/dbt-env/lib/python3.11/site-packages/airflow/example_dags/plugins/listener_plugin.py for tasks to queue
[2025-02-17T22:40:17.282-0700] {logging_mixin.py:154} INFO - [2025-02-17T22:40:17.281-0700] {dagbag.py:536} INFO - Filling up the DagBag from /home/jparep/miniconda3/envs/dbt-env/lib/python3.11/site-packages/airflow/example_dags/plugins/listener_plugin.py
[2025-02-17T22:40:17.286-0700] {processor.py:841} WARNING - No viable dags retrieved from /home/jparep/miniconda3/envs/dbt-env/lib/python3.11/site-packages/airflow/example_dags/plugins/listener_plugin.py
[2025-02-17T22:40:17.302-0700] {processor.py:179} INFO - Processing /home/jparep/miniconda3/envs/dbt-env/lib/python3.11/site-packages/airflow/example_dags/plugins/listener_plugin.py took 0.031 seconds
[2025-02-17T22:41:12.066-0700] {processor.py:157} INFO - Started process (PID=162123) to work on /home/jparep/miniconda3/envs/dbt-env/lib/python3.11/site-packages/airflow/example_dags/plugins/listener_plugin.py
[2025-02-17T22:41:12.068-0700] {processor.py:829} INFO - Processing file /home/jparep/miniconda3/envs/dbt-env/lib/python3.11/site-packages/airflow/example_dags/plugins/listener_plugin.py for tasks to queue
[2025-02-17T22:41:12.070-0700] {logging_mixin.py:154} INFO - [2025-02-17T22:41:12.069-0700] {dagbag.py:536} INFO - Filling up the DagBag from /home/jparep/miniconda3/envs/dbt-env/lib/python3.11/site-packages/airflow/example_dags/plugins/listener_plugin.py
[2025-02-17T22:41:12.074-0700] {processor.py:841} WARNING - No viable dags retrieved from /home/jparep/miniconda3/envs/dbt-env/lib/python3.11/site-packages/airflow/example_dags/plugins/listener_plugin.py
[2025-02-17T22:41:12.089-0700] {processor.py:179} INFO - Processing /home/jparep/miniconda3/envs/dbt-env/lib/python3.11/site-packages/airflow/example_dags/plugins/listener_plugin.py took 0.027 seconds
