[2025-02-17T22:16:35.887-0700] {processor.py:157} INFO - Started process (PID=148773) to work on /home/jparep/miniconda3/envs/dbt-env/lib/python3.11/site-packages/airflow/example_dags/plugins/workday.py
[2025-02-17T22:16:35.888-0700] {processor.py:829} INFO - Processing file /home/jparep/miniconda3/envs/dbt-env/lib/python3.11/site-packages/airflow/example_dags/plugins/workday.py for tasks to queue
[2025-02-17T22:16:35.889-0700] {logging_mixin.py:154} INFO - [2025-02-17T22:16:35.889-0700] {dagbag.py:536} INFO - Filling up the DagBag from /home/jparep/miniconda3/envs/dbt-env/lib/python3.11/site-packages/airflow/example_dags/plugins/workday.py
[2025-02-17T22:16:35.895-0700] {logging_mixin.py:154} INFO - [2025-02-17T22:16:35.894-0700] {workday.py:36} WARNING - Could not import pandas. Holidays will not be considered.
[2025-02-17T22:16:35.895-0700] {processor.py:841} WARNING - No viable dags retrieved from /home/jparep/miniconda3/envs/dbt-env/lib/python3.11/site-packages/airflow/example_dags/plugins/workday.py
[2025-02-17T22:16:35.913-0700] {processor.py:179} INFO - Processing /home/jparep/miniconda3/envs/dbt-env/lib/python3.11/site-packages/airflow/example_dags/plugins/workday.py took 0.031 seconds
[2025-02-17T22:17:48.937-0700] {processor.py:157} INFO - Started process (PID=149342) to work on /home/jparep/miniconda3/envs/dbt-env/lib/python3.11/site-packages/airflow/example_dags/plugins/workday.py
[2025-02-17T22:17:48.940-0700] {processor.py:829} INFO - Processing file /home/jparep/miniconda3/envs/dbt-env/lib/python3.11/site-packages/airflow/example_dags/plugins/workday.py for tasks to queue
[2025-02-17T22:17:48.942-0700] {logging_mixin.py:154} INFO - [2025-02-17T22:17:48.941-0700] {dagbag.py:536} INFO - Filling up the DagBag from /home/jparep/miniconda3/envs/dbt-env/lib/python3.11/site-packages/airflow/example_dags/plugins/workday.py
[2025-02-17T22:17:48.949-0700] {logging_mixin.py:154} INFO - [2025-02-17T22:17:48.948-0700] {workday.py:36} WARNING - Could not import pandas. Holidays will not be considered.
[2025-02-17T22:17:48.950-0700] {processor.py:841} WARNING - No viable dags retrieved from /home/jparep/miniconda3/envs/dbt-env/lib/python3.11/site-packages/airflow/example_dags/plugins/workday.py
[2025-02-17T22:17:48.967-0700] {processor.py:179} INFO - Processing /home/jparep/miniconda3/envs/dbt-env/lib/python3.11/site-packages/airflow/example_dags/plugins/workday.py took 0.038 seconds
[2025-02-17T22:18:47.347-0700] {processor.py:157} INFO - Started process (PID=149899) to work on /home/jparep/miniconda3/envs/dbt-env/lib/python3.11/site-packages/airflow/example_dags/plugins/workday.py
[2025-02-17T22:18:47.350-0700] {processor.py:829} INFO - Processing file /home/jparep/miniconda3/envs/dbt-env/lib/python3.11/site-packages/airflow/example_dags/plugins/workday.py for tasks to queue
[2025-02-17T22:18:47.351-0700] {logging_mixin.py:154} INFO - [2025-02-17T22:18:47.351-0700] {dagbag.py:536} INFO - Filling up the DagBag from /home/jparep/miniconda3/envs/dbt-env/lib/python3.11/site-packages/airflow/example_dags/plugins/workday.py
[2025-02-17T22:18:47.355-0700] {logging_mixin.py:154} INFO - [2025-02-17T22:18:47.355-0700] {workday.py:36} WARNING - Could not import pandas. Holidays will not be considered.
[2025-02-17T22:18:47.356-0700] {processor.py:841} WARNING - No viable dags retrieved from /home/jparep/miniconda3/envs/dbt-env/lib/python3.11/site-packages/airflow/example_dags/plugins/workday.py
[2025-02-17T22:18:47.367-0700] {processor.py:179} INFO - Processing /home/jparep/miniconda3/envs/dbt-env/lib/python3.11/site-packages/airflow/example_dags/plugins/workday.py took 0.025 seconds
[2025-02-17T22:19:43.842-0700] {processor.py:157} INFO - Started process (PID=150438) to work on /home/jparep/miniconda3/envs/dbt-env/lib/python3.11/site-packages/airflow/example_dags/plugins/workday.py
[2025-02-17T22:19:43.845-0700] {processor.py:829} INFO - Processing file /home/jparep/miniconda3/envs/dbt-env/lib/python3.11/site-packages/airflow/example_dags/plugins/workday.py for tasks to queue
[2025-02-17T22:19:43.846-0700] {logging_mixin.py:154} INFO - [2025-02-17T22:19:43.845-0700] {dagbag.py:536} INFO - Filling up the DagBag from /home/jparep/miniconda3/envs/dbt-env/lib/python3.11/site-packages/airflow/example_dags/plugins/workday.py
[2025-02-17T22:19:43.850-0700] {logging_mixin.py:154} INFO - [2025-02-17T22:19:43.850-0700] {workday.py:36} WARNING - Could not import pandas. Holidays will not be considered.
[2025-02-17T22:19:43.851-0700] {processor.py:841} WARNING - No viable dags retrieved from /home/jparep/miniconda3/envs/dbt-env/lib/python3.11/site-packages/airflow/example_dags/plugins/workday.py
[2025-02-17T22:19:43.865-0700] {processor.py:179} INFO - Processing /home/jparep/miniconda3/envs/dbt-env/lib/python3.11/site-packages/airflow/example_dags/plugins/workday.py took 0.028 seconds
[2025-02-17T22:20:43.936-0700] {processor.py:157} INFO - Started process (PID=150987) to work on /home/jparep/miniconda3/envs/dbt-env/lib/python3.11/site-packages/airflow/example_dags/plugins/workday.py
[2025-02-17T22:20:43.939-0700] {processor.py:829} INFO - Processing file /home/jparep/miniconda3/envs/dbt-env/lib/python3.11/site-packages/airflow/example_dags/plugins/workday.py for tasks to queue
[2025-02-17T22:20:43.941-0700] {logging_mixin.py:154} INFO - [2025-02-17T22:20:43.940-0700] {dagbag.py:536} INFO - Filling up the DagBag from /home/jparep/miniconda3/envs/dbt-env/lib/python3.11/site-packages/airflow/example_dags/plugins/workday.py
[2025-02-17T22:20:43.947-0700] {logging_mixin.py:154} INFO - [2025-02-17T22:20:43.947-0700] {workday.py:36} WARNING - Could not import pandas. Holidays will not be considered.
[2025-02-17T22:20:43.948-0700] {processor.py:841} WARNING - No viable dags retrieved from /home/jparep/miniconda3/envs/dbt-env/lib/python3.11/site-packages/airflow/example_dags/plugins/workday.py
[2025-02-17T22:20:43.967-0700] {processor.py:179} INFO - Processing /home/jparep/miniconda3/envs/dbt-env/lib/python3.11/site-packages/airflow/example_dags/plugins/workday.py took 0.036 seconds
[2025-02-17T22:21:37.178-0700] {processor.py:157} INFO - Started process (PID=151334) to work on /home/jparep/miniconda3/envs/dbt-env/lib/python3.11/site-packages/airflow/example_dags/plugins/workday.py
[2025-02-17T22:21:37.181-0700] {processor.py:829} INFO - Processing file /home/jparep/miniconda3/envs/dbt-env/lib/python3.11/site-packages/airflow/example_dags/plugins/workday.py for tasks to queue
[2025-02-17T22:21:37.182-0700] {logging_mixin.py:154} INFO - [2025-02-17T22:21:37.181-0700] {dagbag.py:536} INFO - Filling up the DagBag from /home/jparep/miniconda3/envs/dbt-env/lib/python3.11/site-packages/airflow/example_dags/plugins/workday.py
[2025-02-17T22:21:37.185-0700] {logging_mixin.py:154} INFO - [2025-02-17T22:21:37.185-0700] {workday.py:36} WARNING - Could not import pandas. Holidays will not be considered.
[2025-02-17T22:21:37.186-0700] {processor.py:841} WARNING - No viable dags retrieved from /home/jparep/miniconda3/envs/dbt-env/lib/python3.11/site-packages/airflow/example_dags/plugins/workday.py
[2025-02-17T22:21:37.200-0700] {processor.py:179} INFO - Processing /home/jparep/miniconda3/envs/dbt-env/lib/python3.11/site-packages/airflow/example_dags/plugins/workday.py took 0.026 seconds
[2025-02-17T22:22:29.541-0700] {processor.py:157} INFO - Started process (PID=151718) to work on /home/jparep/miniconda3/envs/dbt-env/lib/python3.11/site-packages/airflow/example_dags/plugins/workday.py
[2025-02-17T22:22:29.544-0700] {processor.py:829} INFO - Processing file /home/jparep/miniconda3/envs/dbt-env/lib/python3.11/site-packages/airflow/example_dags/plugins/workday.py for tasks to queue
[2025-02-17T22:22:29.546-0700] {logging_mixin.py:154} INFO - [2025-02-17T22:22:29.545-0700] {dagbag.py:536} INFO - Filling up the DagBag from /home/jparep/miniconda3/envs/dbt-env/lib/python3.11/site-packages/airflow/example_dags/plugins/workday.py
[2025-02-17T22:22:29.550-0700] {logging_mixin.py:154} INFO - [2025-02-17T22:22:29.549-0700] {workday.py:36} WARNING - Could not import pandas. Holidays will not be considered.
[2025-02-17T22:22:29.550-0700] {processor.py:841} WARNING - No viable dags retrieved from /home/jparep/miniconda3/envs/dbt-env/lib/python3.11/site-packages/airflow/example_dags/plugins/workday.py
[2025-02-17T22:22:29.564-0700] {processor.py:179} INFO - Processing /home/jparep/miniconda3/envs/dbt-env/lib/python3.11/site-packages/airflow/example_dags/plugins/workday.py took 0.027 seconds
[2025-02-17T22:23:22.831-0700] {processor.py:157} INFO - Started process (PID=152158) to work on /home/jparep/miniconda3/envs/dbt-env/lib/python3.11/site-packages/airflow/example_dags/plugins/workday.py
[2025-02-17T22:23:22.834-0700] {processor.py:829} INFO - Processing file /home/jparep/miniconda3/envs/dbt-env/lib/python3.11/site-packages/airflow/example_dags/plugins/workday.py for tasks to queue
[2025-02-17T22:23:22.835-0700] {logging_mixin.py:154} INFO - [2025-02-17T22:23:22.834-0700] {dagbag.py:536} INFO - Filling up the DagBag from /home/jparep/miniconda3/envs/dbt-env/lib/python3.11/site-packages/airflow/example_dags/plugins/workday.py
[2025-02-17T22:23:22.840-0700] {logging_mixin.py:154} INFO - [2025-02-17T22:23:22.840-0700] {workday.py:36} WARNING - Could not import pandas. Holidays will not be considered.
[2025-02-17T22:23:22.841-0700] {processor.py:841} WARNING - No viable dags retrieved from /home/jparep/miniconda3/envs/dbt-env/lib/python3.11/site-packages/airflow/example_dags/plugins/workday.py
[2025-02-17T22:23:22.856-0700] {processor.py:179} INFO - Processing /home/jparep/miniconda3/envs/dbt-env/lib/python3.11/site-packages/airflow/example_dags/plugins/workday.py took 0.029 seconds
[2025-02-17T22:24:18.828-0700] {processor.py:157} INFO - Started process (PID=152685) to work on /home/jparep/miniconda3/envs/dbt-env/lib/python3.11/site-packages/airflow/example_dags/plugins/workday.py
[2025-02-17T22:24:18.831-0700] {processor.py:829} INFO - Processing file /home/jparep/miniconda3/envs/dbt-env/lib/python3.11/site-packages/airflow/example_dags/plugins/workday.py for tasks to queue
[2025-02-17T22:24:18.832-0700] {logging_mixin.py:154} INFO - [2025-02-17T22:24:18.832-0700] {dagbag.py:536} INFO - Filling up the DagBag from /home/jparep/miniconda3/envs/dbt-env/lib/python3.11/site-packages/airflow/example_dags/plugins/workday.py
[2025-02-17T22:24:18.836-0700] {logging_mixin.py:154} INFO - [2025-02-17T22:24:18.836-0700] {workday.py:36} WARNING - Could not import pandas. Holidays will not be considered.
[2025-02-17T22:24:18.837-0700] {processor.py:841} WARNING - No viable dags retrieved from /home/jparep/miniconda3/envs/dbt-env/lib/python3.11/site-packages/airflow/example_dags/plugins/workday.py
[2025-02-17T22:24:18.853-0700] {processor.py:179} INFO - Processing /home/jparep/miniconda3/envs/dbt-env/lib/python3.11/site-packages/airflow/example_dags/plugins/workday.py took 0.029 seconds
[2025-02-17T22:25:12.086-0700] {processor.py:157} INFO - Started process (PID=153194) to work on /home/jparep/miniconda3/envs/dbt-env/lib/python3.11/site-packages/airflow/example_dags/plugins/workday.py
[2025-02-17T22:25:12.090-0700] {processor.py:829} INFO - Processing file /home/jparep/miniconda3/envs/dbt-env/lib/python3.11/site-packages/airflow/example_dags/plugins/workday.py for tasks to queue
[2025-02-17T22:25:12.091-0700] {logging_mixin.py:154} INFO - [2025-02-17T22:25:12.090-0700] {dagbag.py:536} INFO - Filling up the DagBag from /home/jparep/miniconda3/envs/dbt-env/lib/python3.11/site-packages/airflow/example_dags/plugins/workday.py
[2025-02-17T22:25:12.095-0700] {logging_mixin.py:154} INFO - [2025-02-17T22:25:12.095-0700] {workday.py:36} WARNING - Could not import pandas. Holidays will not be considered.
[2025-02-17T22:25:12.095-0700] {processor.py:841} WARNING - No viable dags retrieved from /home/jparep/miniconda3/envs/dbt-env/lib/python3.11/site-packages/airflow/example_dags/plugins/workday.py
[2025-02-17T22:25:12.110-0700] {processor.py:179} INFO - Processing /home/jparep/miniconda3/envs/dbt-env/lib/python3.11/site-packages/airflow/example_dags/plugins/workday.py took 0.028 seconds
[2025-02-17T22:26:14.304-0700] {processor.py:157} INFO - Started process (PID=153775) to work on /home/jparep/miniconda3/envs/dbt-env/lib/python3.11/site-packages/airflow/example_dags/plugins/workday.py
[2025-02-17T22:26:14.307-0700] {processor.py:829} INFO - Processing file /home/jparep/miniconda3/envs/dbt-env/lib/python3.11/site-packages/airflow/example_dags/plugins/workday.py for tasks to queue
[2025-02-17T22:26:14.309-0700] {logging_mixin.py:154} INFO - [2025-02-17T22:26:14.308-0700] {dagbag.py:536} INFO - Filling up the DagBag from /home/jparep/miniconda3/envs/dbt-env/lib/python3.11/site-packages/airflow/example_dags/plugins/workday.py
[2025-02-17T22:26:14.313-0700] {logging_mixin.py:154} INFO - [2025-02-17T22:26:14.312-0700] {workday.py:36} WARNING - Could not import pandas. Holidays will not be considered.
[2025-02-17T22:26:14.313-0700] {processor.py:841} WARNING - No viable dags retrieved from /home/jparep/miniconda3/envs/dbt-env/lib/python3.11/site-packages/airflow/example_dags/plugins/workday.py
[2025-02-17T22:26:14.328-0700] {processor.py:179} INFO - Processing /home/jparep/miniconda3/envs/dbt-env/lib/python3.11/site-packages/airflow/example_dags/plugins/workday.py took 0.029 seconds
[2025-02-17T22:27:04.897-0700] {processor.py:157} INFO - Started process (PID=154094) to work on /home/jparep/miniconda3/envs/dbt-env/lib/python3.11/site-packages/airflow/example_dags/plugins/workday.py
[2025-02-17T22:27:04.900-0700] {processor.py:829} INFO - Processing file /home/jparep/miniconda3/envs/dbt-env/lib/python3.11/site-packages/airflow/example_dags/plugins/workday.py for tasks to queue
[2025-02-17T22:27:04.901-0700] {logging_mixin.py:154} INFO - [2025-02-17T22:27:04.900-0700] {dagbag.py:536} INFO - Filling up the DagBag from /home/jparep/miniconda3/envs/dbt-env/lib/python3.11/site-packages/airflow/example_dags/plugins/workday.py
[2025-02-17T22:27:04.905-0700] {logging_mixin.py:154} INFO - [2025-02-17T22:27:04.905-0700] {workday.py:36} WARNING - Could not import pandas. Holidays will not be considered.
[2025-02-17T22:27:04.906-0700] {processor.py:841} WARNING - No viable dags retrieved from /home/jparep/miniconda3/envs/dbt-env/lib/python3.11/site-packages/airflow/example_dags/plugins/workday.py
[2025-02-17T22:27:04.922-0700] {processor.py:179} INFO - Processing /home/jparep/miniconda3/envs/dbt-env/lib/python3.11/site-packages/airflow/example_dags/plugins/workday.py took 0.030 seconds
[2025-02-17T22:27:59.179-0700] {processor.py:157} INFO - Started process (PID=154619) to work on /home/jparep/miniconda3/envs/dbt-env/lib/python3.11/site-packages/airflow/example_dags/plugins/workday.py
[2025-02-17T22:27:59.181-0700] {processor.py:829} INFO - Processing file /home/jparep/miniconda3/envs/dbt-env/lib/python3.11/site-packages/airflow/example_dags/plugins/workday.py for tasks to queue
[2025-02-17T22:27:59.182-0700] {logging_mixin.py:154} INFO - [2025-02-17T22:27:59.182-0700] {dagbag.py:536} INFO - Filling up the DagBag from /home/jparep/miniconda3/envs/dbt-env/lib/python3.11/site-packages/airflow/example_dags/plugins/workday.py
[2025-02-17T22:27:59.185-0700] {logging_mixin.py:154} INFO - [2025-02-17T22:27:59.185-0700] {workday.py:36} WARNING - Could not import pandas. Holidays will not be considered.
[2025-02-17T22:27:59.185-0700] {processor.py:841} WARNING - No viable dags retrieved from /home/jparep/miniconda3/envs/dbt-env/lib/python3.11/site-packages/airflow/example_dags/plugins/workday.py
[2025-02-17T22:27:59.198-0700] {processor.py:179} INFO - Processing /home/jparep/miniconda3/envs/dbt-env/lib/python3.11/site-packages/airflow/example_dags/plugins/workday.py took 0.021 seconds
[2025-02-17T22:28:56.577-0700] {processor.py:157} INFO - Started process (PID=155024) to work on /home/jparep/miniconda3/envs/dbt-env/lib/python3.11/site-packages/airflow/example_dags/plugins/workday.py
[2025-02-17T22:28:56.579-0700] {processor.py:829} INFO - Processing file /home/jparep/miniconda3/envs/dbt-env/lib/python3.11/site-packages/airflow/example_dags/plugins/workday.py for tasks to queue
[2025-02-17T22:28:56.580-0700] {logging_mixin.py:154} INFO - [2025-02-17T22:28:56.579-0700] {dagbag.py:536} INFO - Filling up the DagBag from /home/jparep/miniconda3/envs/dbt-env/lib/python3.11/site-packages/airflow/example_dags/plugins/workday.py
[2025-02-17T22:28:56.582-0700] {logging_mixin.py:154} INFO - [2025-02-17T22:28:56.582-0700] {workday.py:36} WARNING - Could not import pandas. Holidays will not be considered.
[2025-02-17T22:28:56.582-0700] {processor.py:841} WARNING - No viable dags retrieved from /home/jparep/miniconda3/envs/dbt-env/lib/python3.11/site-packages/airflow/example_dags/plugins/workday.py
[2025-02-17T22:28:56.591-0700] {processor.py:179} INFO - Processing /home/jparep/miniconda3/envs/dbt-env/lib/python3.11/site-packages/airflow/example_dags/plugins/workday.py took 0.017 seconds
[2025-02-17T22:30:01.052-0700] {processor.py:157} INFO - Started process (PID=155474) to work on /home/jparep/miniconda3/envs/dbt-env/lib/python3.11/site-packages/airflow/example_dags/plugins/workday.py
[2025-02-17T22:30:01.056-0700] {processor.py:829} INFO - Processing file /home/jparep/miniconda3/envs/dbt-env/lib/python3.11/site-packages/airflow/example_dags/plugins/workday.py for tasks to queue
[2025-02-17T22:30:01.057-0700] {logging_mixin.py:154} INFO - [2025-02-17T22:30:01.056-0700] {dagbag.py:536} INFO - Filling up the DagBag from /home/jparep/miniconda3/envs/dbt-env/lib/python3.11/site-packages/airflow/example_dags/plugins/workday.py
[2025-02-17T22:30:01.063-0700] {logging_mixin.py:154} INFO - [2025-02-17T22:30:01.063-0700] {workday.py:36} WARNING - Could not import pandas. Holidays will not be considered.
[2025-02-17T22:30:01.064-0700] {processor.py:841} WARNING - No viable dags retrieved from /home/jparep/miniconda3/envs/dbt-env/lib/python3.11/site-packages/airflow/example_dags/plugins/workday.py
[2025-02-17T22:30:01.078-0700] {processor.py:179} INFO - Processing /home/jparep/miniconda3/envs/dbt-env/lib/python3.11/site-packages/airflow/example_dags/plugins/workday.py took 0.034 seconds
[2025-02-17T22:30:55.347-0700] {processor.py:157} INFO - Started process (PID=156024) to work on /home/jparep/miniconda3/envs/dbt-env/lib/python3.11/site-packages/airflow/example_dags/plugins/workday.py
[2025-02-17T22:30:55.350-0700] {processor.py:829} INFO - Processing file /home/jparep/miniconda3/envs/dbt-env/lib/python3.11/site-packages/airflow/example_dags/plugins/workday.py for tasks to queue
[2025-02-17T22:30:55.351-0700] {logging_mixin.py:154} INFO - [2025-02-17T22:30:55.350-0700] {dagbag.py:536} INFO - Filling up the DagBag from /home/jparep/miniconda3/envs/dbt-env/lib/python3.11/site-packages/airflow/example_dags/plugins/workday.py
[2025-02-17T22:30:55.358-0700] {logging_mixin.py:154} INFO - [2025-02-17T22:30:55.358-0700] {workday.py:36} WARNING - Could not import pandas. Holidays will not be considered.
[2025-02-17T22:30:55.359-0700] {processor.py:841} WARNING - No viable dags retrieved from /home/jparep/miniconda3/envs/dbt-env/lib/python3.11/site-packages/airflow/example_dags/plugins/workday.py
[2025-02-17T22:30:55.379-0700] {processor.py:179} INFO - Processing /home/jparep/miniconda3/envs/dbt-env/lib/python3.11/site-packages/airflow/example_dags/plugins/workday.py took 0.038 seconds
[2025-02-17T22:31:51.824-0700] {processor.py:157} INFO - Started process (PID=156573) to work on /home/jparep/miniconda3/envs/dbt-env/lib/python3.11/site-packages/airflow/example_dags/plugins/workday.py
[2025-02-17T22:31:51.827-0700] {processor.py:829} INFO - Processing file /home/jparep/miniconda3/envs/dbt-env/lib/python3.11/site-packages/airflow/example_dags/plugins/workday.py for tasks to queue
[2025-02-17T22:31:51.828-0700] {logging_mixin.py:154} INFO - [2025-02-17T22:31:51.828-0700] {dagbag.py:536} INFO - Filling up the DagBag from /home/jparep/miniconda3/envs/dbt-env/lib/python3.11/site-packages/airflow/example_dags/plugins/workday.py
[2025-02-17T22:31:51.833-0700] {logging_mixin.py:154} INFO - [2025-02-17T22:31:51.833-0700] {workday.py:36} WARNING - Could not import pandas. Holidays will not be considered.
[2025-02-17T22:31:51.834-0700] {processor.py:841} WARNING - No viable dags retrieved from /home/jparep/miniconda3/envs/dbt-env/lib/python3.11/site-packages/airflow/example_dags/plugins/workday.py
[2025-02-17T22:31:51.849-0700] {processor.py:179} INFO - Processing /home/jparep/miniconda3/envs/dbt-env/lib/python3.11/site-packages/airflow/example_dags/plugins/workday.py took 0.029 seconds
[2025-02-17T22:32:47.399-0700] {processor.py:157} INFO - Started process (PID=156984) to work on /home/jparep/miniconda3/envs/dbt-env/lib/python3.11/site-packages/airflow/example_dags/plugins/workday.py
[2025-02-17T22:32:47.402-0700] {processor.py:829} INFO - Processing file /home/jparep/miniconda3/envs/dbt-env/lib/python3.11/site-packages/airflow/example_dags/plugins/workday.py for tasks to queue
[2025-02-17T22:32:47.403-0700] {logging_mixin.py:154} INFO - [2025-02-17T22:32:47.402-0700] {dagbag.py:536} INFO - Filling up the DagBag from /home/jparep/miniconda3/envs/dbt-env/lib/python3.11/site-packages/airflow/example_dags/plugins/workday.py
[2025-02-17T22:32:47.409-0700] {logging_mixin.py:154} INFO - [2025-02-17T22:32:47.409-0700] {workday.py:36} WARNING - Could not import pandas. Holidays will not be considered.
[2025-02-17T22:32:47.410-0700] {processor.py:841} WARNING - No viable dags retrieved from /home/jparep/miniconda3/envs/dbt-env/lib/python3.11/site-packages/airflow/example_dags/plugins/workday.py
[2025-02-17T22:32:47.425-0700] {processor.py:179} INFO - Processing /home/jparep/miniconda3/envs/dbt-env/lib/python3.11/site-packages/airflow/example_dags/plugins/workday.py took 0.031 seconds
[2025-02-17T22:33:47.276-0700] {processor.py:157} INFO - Started process (PID=157497) to work on /home/jparep/miniconda3/envs/dbt-env/lib/python3.11/site-packages/airflow/example_dags/plugins/workday.py
[2025-02-17T22:33:47.278-0700] {processor.py:829} INFO - Processing file /home/jparep/miniconda3/envs/dbt-env/lib/python3.11/site-packages/airflow/example_dags/plugins/workday.py for tasks to queue
[2025-02-17T22:33:47.279-0700] {logging_mixin.py:154} INFO - [2025-02-17T22:33:47.278-0700] {dagbag.py:536} INFO - Filling up the DagBag from /home/jparep/miniconda3/envs/dbt-env/lib/python3.11/site-packages/airflow/example_dags/plugins/workday.py
[2025-02-17T22:33:47.281-0700] {logging_mixin.py:154} INFO - [2025-02-17T22:33:47.281-0700] {workday.py:36} WARNING - Could not import pandas. Holidays will not be considered.
[2025-02-17T22:33:47.282-0700] {processor.py:841} WARNING - No viable dags retrieved from /home/jparep/miniconda3/envs/dbt-env/lib/python3.11/site-packages/airflow/example_dags/plugins/workday.py
[2025-02-17T22:33:47.291-0700] {processor.py:179} INFO - Processing /home/jparep/miniconda3/envs/dbt-env/lib/python3.11/site-packages/airflow/example_dags/plugins/workday.py took 0.017 seconds
[2025-02-17T22:34:39.331-0700] {processor.py:157} INFO - Started process (PID=157892) to work on /home/jparep/miniconda3/envs/dbt-env/lib/python3.11/site-packages/airflow/example_dags/plugins/workday.py
[2025-02-17T22:34:39.333-0700] {processor.py:829} INFO - Processing file /home/jparep/miniconda3/envs/dbt-env/lib/python3.11/site-packages/airflow/example_dags/plugins/workday.py for tasks to queue
[2025-02-17T22:34:39.334-0700] {logging_mixin.py:154} INFO - [2025-02-17T22:34:39.333-0700] {dagbag.py:536} INFO - Filling up the DagBag from /home/jparep/miniconda3/envs/dbt-env/lib/python3.11/site-packages/airflow/example_dags/plugins/workday.py
[2025-02-17T22:34:39.342-0700] {logging_mixin.py:154} INFO - [2025-02-17T22:34:39.341-0700] {workday.py:36} WARNING - Could not import pandas. Holidays will not be considered.
[2025-02-17T22:34:39.343-0700] {processor.py:841} WARNING - No viable dags retrieved from /home/jparep/miniconda3/envs/dbt-env/lib/python3.11/site-packages/airflow/example_dags/plugins/workday.py
[2025-02-17T22:34:39.358-0700] {processor.py:179} INFO - Processing /home/jparep/miniconda3/envs/dbt-env/lib/python3.11/site-packages/airflow/example_dags/plugins/workday.py took 0.034 seconds
[2025-02-17T22:35:33.152-0700] {processor.py:157} INFO - Started process (PID=158197) to work on /home/jparep/miniconda3/envs/dbt-env/lib/python3.11/site-packages/airflow/example_dags/plugins/workday.py
[2025-02-17T22:35:33.155-0700] {processor.py:829} INFO - Processing file /home/jparep/miniconda3/envs/dbt-env/lib/python3.11/site-packages/airflow/example_dags/plugins/workday.py for tasks to queue
[2025-02-17T22:35:33.157-0700] {logging_mixin.py:154} INFO - [2025-02-17T22:35:33.156-0700] {dagbag.py:536} INFO - Filling up the DagBag from /home/jparep/miniconda3/envs/dbt-env/lib/python3.11/site-packages/airflow/example_dags/plugins/workday.py
[2025-02-17T22:35:33.162-0700] {logging_mixin.py:154} INFO - [2025-02-17T22:35:33.162-0700] {workday.py:36} WARNING - Could not import pandas. Holidays will not be considered.
[2025-02-17T22:35:33.163-0700] {processor.py:841} WARNING - No viable dags retrieved from /home/jparep/miniconda3/envs/dbt-env/lib/python3.11/site-packages/airflow/example_dags/plugins/workday.py
[2025-02-17T22:35:33.178-0700] {processor.py:179} INFO - Processing /home/jparep/miniconda3/envs/dbt-env/lib/python3.11/site-packages/airflow/example_dags/plugins/workday.py took 0.031 seconds
[2025-02-17T22:36:34.437-0700] {processor.py:157} INFO - Started process (PID=158758) to work on /home/jparep/miniconda3/envs/dbt-env/lib/python3.11/site-packages/airflow/example_dags/plugins/workday.py
[2025-02-17T22:36:34.439-0700] {processor.py:829} INFO - Processing file /home/jparep/miniconda3/envs/dbt-env/lib/python3.11/site-packages/airflow/example_dags/plugins/workday.py for tasks to queue
[2025-02-17T22:36:34.440-0700] {logging_mixin.py:154} INFO - [2025-02-17T22:36:34.440-0700] {dagbag.py:536} INFO - Filling up the DagBag from /home/jparep/miniconda3/envs/dbt-env/lib/python3.11/site-packages/airflow/example_dags/plugins/workday.py
[2025-02-17T22:36:34.443-0700] {logging_mixin.py:154} INFO - [2025-02-17T22:36:34.442-0700] {workday.py:36} WARNING - Could not import pandas. Holidays will not be considered.
[2025-02-17T22:36:34.443-0700] {processor.py:841} WARNING - No viable dags retrieved from /home/jparep/miniconda3/envs/dbt-env/lib/python3.11/site-packages/airflow/example_dags/plugins/workday.py
[2025-02-17T22:36:34.456-0700] {processor.py:179} INFO - Processing /home/jparep/miniconda3/envs/dbt-env/lib/python3.11/site-packages/airflow/example_dags/plugins/workday.py took 0.022 seconds
[2025-02-17T22:37:33.020-0700] {processor.py:157} INFO - Started process (PID=159886) to work on /home/jparep/miniconda3/envs/dbt-env/lib/python3.11/site-packages/airflow/example_dags/plugins/workday.py
[2025-02-17T22:37:33.023-0700] {processor.py:829} INFO - Processing file /home/jparep/miniconda3/envs/dbt-env/lib/python3.11/site-packages/airflow/example_dags/plugins/workday.py for tasks to queue
[2025-02-17T22:37:33.024-0700] {logging_mixin.py:154} INFO - [2025-02-17T22:37:33.024-0700] {dagbag.py:536} INFO - Filling up the DagBag from /home/jparep/miniconda3/envs/dbt-env/lib/python3.11/site-packages/airflow/example_dags/plugins/workday.py
[2025-02-17T22:37:33.029-0700] {logging_mixin.py:154} INFO - [2025-02-17T22:37:33.028-0700] {workday.py:36} WARNING - Could not import pandas. Holidays will not be considered.
[2025-02-17T22:37:33.029-0700] {processor.py:841} WARNING - No viable dags retrieved from /home/jparep/miniconda3/envs/dbt-env/lib/python3.11/site-packages/airflow/example_dags/plugins/workday.py
[2025-02-17T22:37:33.043-0700] {processor.py:179} INFO - Processing /home/jparep/miniconda3/envs/dbt-env/lib/python3.11/site-packages/airflow/example_dags/plugins/workday.py took 0.028 seconds
[2025-02-17T22:38:23.544-0700] {processor.py:157} INFO - Started process (PID=160561) to work on /home/jparep/miniconda3/envs/dbt-env/lib/python3.11/site-packages/airflow/example_dags/plugins/workday.py
[2025-02-17T22:38:23.546-0700] {processor.py:829} INFO - Processing file /home/jparep/miniconda3/envs/dbt-env/lib/python3.11/site-packages/airflow/example_dags/plugins/workday.py for tasks to queue
[2025-02-17T22:38:23.548-0700] {logging_mixin.py:154} INFO - [2025-02-17T22:38:23.547-0700] {dagbag.py:536} INFO - Filling up the DagBag from /home/jparep/miniconda3/envs/dbt-env/lib/python3.11/site-packages/airflow/example_dags/plugins/workday.py
[2025-02-17T22:38:23.552-0700] {logging_mixin.py:154} INFO - [2025-02-17T22:38:23.552-0700] {workday.py:36} WARNING - Could not import pandas. Holidays will not be considered.
[2025-02-17T22:38:23.552-0700] {processor.py:841} WARNING - No viable dags retrieved from /home/jparep/miniconda3/envs/dbt-env/lib/python3.11/site-packages/airflow/example_dags/plugins/workday.py
[2025-02-17T22:38:23.564-0700] {processor.py:179} INFO - Processing /home/jparep/miniconda3/envs/dbt-env/lib/python3.11/site-packages/airflow/example_dags/plugins/workday.py took 0.025 seconds
[2025-02-17T22:39:17.892-0700] {processor.py:157} INFO - Started process (PID=161152) to work on /home/jparep/miniconda3/envs/dbt-env/lib/python3.11/site-packages/airflow/example_dags/plugins/workday.py
[2025-02-17T22:39:17.895-0700] {processor.py:829} INFO - Processing file /home/jparep/miniconda3/envs/dbt-env/lib/python3.11/site-packages/airflow/example_dags/plugins/workday.py for tasks to queue
[2025-02-17T22:39:17.895-0700] {logging_mixin.py:154} INFO - [2025-02-17T22:39:17.895-0700] {dagbag.py:536} INFO - Filling up the DagBag from /home/jparep/miniconda3/envs/dbt-env/lib/python3.11/site-packages/airflow/example_dags/plugins/workday.py
[2025-02-17T22:39:17.898-0700] {logging_mixin.py:154} INFO - [2025-02-17T22:39:17.898-0700] {workday.py:36} WARNING - Could not import pandas. Holidays will not be considered.
[2025-02-17T22:39:17.898-0700] {processor.py:841} WARNING - No viable dags retrieved from /home/jparep/miniconda3/envs/dbt-env/lib/python3.11/site-packages/airflow/example_dags/plugins/workday.py
[2025-02-17T22:39:17.907-0700] {processor.py:179} INFO - Processing /home/jparep/miniconda3/envs/dbt-env/lib/python3.11/site-packages/airflow/example_dags/plugins/workday.py took 0.017 seconds
[2025-02-17T22:40:16.732-0700] {processor.py:157} INFO - Started process (PID=161583) to work on /home/jparep/miniconda3/envs/dbt-env/lib/python3.11/site-packages/airflow/example_dags/plugins/workday.py
[2025-02-17T22:40:16.734-0700] {processor.py:829} INFO - Processing file /home/jparep/miniconda3/envs/dbt-env/lib/python3.11/site-packages/airflow/example_dags/plugins/workday.py for tasks to queue
[2025-02-17T22:40:16.735-0700] {logging_mixin.py:154} INFO - [2025-02-17T22:40:16.735-0700] {dagbag.py:536} INFO - Filling up the DagBag from /home/jparep/miniconda3/envs/dbt-env/lib/python3.11/site-packages/airflow/example_dags/plugins/workday.py
[2025-02-17T22:40:16.739-0700] {logging_mixin.py:154} INFO - [2025-02-17T22:40:16.739-0700] {workday.py:36} WARNING - Could not import pandas. Holidays will not be considered.
[2025-02-17T22:40:16.739-0700] {processor.py:841} WARNING - No viable dags retrieved from /home/jparep/miniconda3/envs/dbt-env/lib/python3.11/site-packages/airflow/example_dags/plugins/workday.py
[2025-02-17T22:40:16.750-0700] {processor.py:179} INFO - Processing /home/jparep/miniconda3/envs/dbt-env/lib/python3.11/site-packages/airflow/example_dags/plugins/workday.py took 0.023 seconds
[2025-02-17T22:41:10.919-0700] {processor.py:157} INFO - Started process (PID=162122) to work on /home/jparep/miniconda3/envs/dbt-env/lib/python3.11/site-packages/airflow/example_dags/plugins/workday.py
[2025-02-17T22:41:10.923-0700] {processor.py:829} INFO - Processing file /home/jparep/miniconda3/envs/dbt-env/lib/python3.11/site-packages/airflow/example_dags/plugins/workday.py for tasks to queue
[2025-02-17T22:41:10.925-0700] {logging_mixin.py:154} INFO - [2025-02-17T22:41:10.924-0700] {dagbag.py:536} INFO - Filling up the DagBag from /home/jparep/miniconda3/envs/dbt-env/lib/python3.11/site-packages/airflow/example_dags/plugins/workday.py
[2025-02-17T22:41:10.930-0700] {logging_mixin.py:154} INFO - [2025-02-17T22:41:10.930-0700] {workday.py:36} WARNING - Could not import pandas. Holidays will not be considered.
[2025-02-17T22:41:10.931-0700] {processor.py:841} WARNING - No viable dags retrieved from /home/jparep/miniconda3/envs/dbt-env/lib/python3.11/site-packages/airflow/example_dags/plugins/workday.py
[2025-02-17T22:41:10.946-0700] {processor.py:179} INFO - Processing /home/jparep/miniconda3/envs/dbt-env/lib/python3.11/site-packages/airflow/example_dags/plugins/workday.py took 0.032 seconds
